output file:
processed_visionconvert_image_dtype337.json
function:
convert_image_dtype
Error Cases:

Pass or Failed: 0

Related Failed Test Cases:
{'../publishablew/vision/vision/test/test_transforms_tensor.py::test_convert_image_dtype[out_dtype1-in_dtype3-cuda] FAILED', 'FAILED ../publishablew/vision/vision/test/test_transforms_tensor.py::test_convert_image_dtype[out_dtype6-in_dtype5-cuda]', '../publishablew/vision/vision/test/test_transforms_tensor.py::test_convert_image_dtype[out_dtype0-in_dtype3-cpu] FAILED', '../publishablew/vision/vision/test/test_transforms_tensor.py::test_convert_image_dtype[out_dtype1-in_dtype2-cpu] FAILED', '../publishablew/vision/vision/test/test_transforms_tensor.py::test_convert_image_dtype[out_dtype2-in_dtype6-cuda] FAILED', 'FAILED ../publishablew/vision/vision/test/test_transforms_tensor.py::test_convert_image_dtype[out_dtype2-in_dtype2-cpu]', 'FAILED ../publishablew/vision/vision/test/test_transforms_tensor.py::test_convert_image_dtype[out_dtype5-in_dtype2-cpu]', 'FAILED ../publishablew/vision/vision/test/test_transforms_tensor.py::test_convert_image_dtype[out_dtype0-in_dtype4-cuda]', 'FAILED ../publishablew/vision/vision/test/test_transforms_tensor.py::test_convert_image_dtype[out_dtype4-in_dtype3-cuda]', '../publishablew/vision/vision/test/test_transforms_tensor.py::test_convert_image_dtype[out_dtype6-in_dtype1-cuda] FAILED', 'FAILED ../publishablew/vision/vision/test/test_transforms_tensor.py::test_convert_image_dtype[out_dtype6-in_dtype5-cpu]', '../publishablew/vision/vision/test/test_transforms_tensor.py::test_convert_image_dtype[out_dtype5-in_dtype0-cuda] FAILED', '../publishablew/vision/vision/test/test_transforms_tensor.py::test_convert_image_dtype[out_dtype3-in_dtype4-cpu] FAILED', 'FAILED ../publishablew/vision/vision/test/test_transforms_tensor.py::test_convert_image_dtype[out_dtype0-in_dtype4-cpu]', 'FAILED ../publishablew/vision/vision/test/test_transforms_tensor.py::test_convert_image_dtype[out_dtype4-in_dtype0-cpu]', 'FAILED ../publishablew/vision/vision/test/test_transforms_tensor.py::test_convert_image_dtype[out_dtype4-in_dtype0-cuda]', '../publishablew/vision/vision/test/test_transforms_tensor.py::test_convert_image_dtype[out_dtype4-in_dtype2-cuda] FAILED', '../publishablew/vision/vision/test/test_transforms_tensor.py::test_convert_image_dtype[out_dtype3-in_dtype6-cuda] FAILED', '../publishablew/vision/vision/test/test_transforms_tensor.py::test_convert_image_dtype[out_dtype0-in_dtype5-cpu] FAILED', '../publishablew/vision/vision/test/test_transforms_tensor.py::test_convert_image_dtype[out_dtype4-in_dtype1-cuda] FAILED', '../publishablew/vision/vision/test/test_transforms_tensor.py::test_convert_image_dtype[out_dtype5-in_dtype4-cuda] FAILED', '../publishablew/vision/vision/test/test_transforms_tensor.py::test_convert_image_dtype[out_dtype0-in_dtype5-cuda] FAILED', 'FAILED ../publishablew/vision/vision/test/test_transforms_tensor.py::test_convert_image_dtype[out_dtype5-in_dtype4-cuda]', 'FAILED ../publishablew/vision/vision/test/test_transforms_tensor.py::test_convert_image_dtype[out_dtype1-in_dtype0-cuda]', '../publishablew/vision/vision/test/test_transforms_tensor.py::test_convert_image_dtype[out_dtype3-in_dtype3-cpu] FAILED', '../publishablew/vision/vision/test/test_transforms_tensor.py::test_convert_image_dtype[out_dtype6-in_dtype3-cuda] FAILED', 'FAILED ../publishablew/vision/vision/test/test_transforms_tensor.py::test_convert_image_dtype[out_dtype6-in_dtype6-cpu]', '../publishablew/vision/vision/test/test_transforms_tensor.py::test_convert_image_dtype[out_dtype1-in_dtype0-cpu] FAILED', '../publishablew/vision/vision/test/test_transforms_tensor.py::test_convert_image_dtype[out_dtype4-in_dtype5-cuda] FAILED', '../publishablew/vision/vision/test/test_transforms_tensor.py::test_convert_image_dtype[out_dtype3-in_dtype1-cuda] FAILED', 'FAILED ../publishablew/vision/vision/test/test_transforms_tensor.py::test_convert_image_dtype[out_dtype6-in_dtype2-cpu]', 'FAILED ../publishablew/vision/vision/test/test_transforms_tensor.py::test_convert_image_dtype[out_dtype4-in_dtype2-cpu]', '../publishablew/vision/vision/test/test_transforms_tensor.py::test_convert_image_dtype[out_dtype2-in_dtype6-cpu] FAILED', 'FAILED ../publishablew/vision/vision/test/test_transforms_tensor.py::test_convert_image_dtype[out_dtype1-in_dtype1-cpu]', 'FAILED ../publishablew/vision/vision/test/test_transforms_tensor.py::test_convert_image_dtype[out_dtype5-in_dtype1-cpu]', '../publishablew/vision/vision/test/test_transforms_tensor.py::test_convert_image_dtype[out_dtype1-in_dtype5-cpu] FAILED', '../publishablew/vision/vision/test/test_transforms_tensor.py::test_convert_image_dtype[out_dtype2-in_dtype0-cuda] FAILED', 'FAILED ../publishablew/vision/vision/test/test_transforms_tensor.py::test_convert_image_dtype[out_dtype5-in_dtype6-cpu]', 'FAILED ../publishablew/vision/vision/test/test_transforms_tensor.py::test_convert_image_dtype[out_dtype2-in_dtype5-cuda]', '../publishablew/vision/vision/test/test_transforms_tensor.py::test_convert_image_dtype[out_dtype6-in_dtype3-cpu] FAILED', '../publishablew/vision/vision/test/test_transforms_tensor.py::test_convert_image_dtype[out_dtype4-in_dtype0-cpu] FAILED', '../publishablew/vision/vision/test/test_transforms_tensor.py::test_convert_image_dtype[out_dtype1-in_dtype4-cpu] FAILED', 'FAILED ../publishablew/vision/vision/test/test_transforms_tensor.py::test_convert_image_dtype[out_dtype2-in_dtype0-cuda]', 'FAILED ../publishablew/vision/vision/test/test_transforms_tensor.py::test_convert_image_dtype[out_dtype5-in_dtype3-cuda]', 'FAILED ../publishablew/vision/vision/test/test_transforms_tensor.py::test_convert_image_dtype[out_dtype4-in_dtype5-cuda]', 'FAILED ../publishablew/vision/vision/test/test_transforms_tensor.py::test_convert_image_dtype[out_dtype6-in_dtype1-cuda]', 'FAILED ../publishablew/vision/vision/test/test_transforms_tensor.py::test_convert_image_dtype[out_dtype3-in_dtype3-cuda]', '../publishablew/vision/vision/test/test_transforms_tensor.py::test_convert_image_dtype[out_dtype2-in_dtype5-cpu] FAILED', 'FAILED ../publishablew/vision/vision/test/test_transforms_tensor.py::test_convert_image_dtype[out_dtype4-in_dtype6-cuda]', 'FAILED ../publishablew/vision/vision/test/test_transforms_tensor.py::test_convert_image_dtype[out_dtype4-in_dtype5-cpu]', '../publishablew/vision/vision/test/test_transforms_tensor.py::test_convert_image_dtype[out_dtype4-in_dtype4-cuda] FAILED', 'FAILED ../publishablew/vision/vision/test/test_transforms_tensor.py::test_convert_image_dtype[out_dtype1-in_dtype4-cuda]', '../publishablew/vision/vision/test/test_transforms_tensor.py::test_convert_image_dtype[out_dtype1-in_dtype1-cuda] FAILED', '../publishablew/vision/vision/test/test_transforms_tensor.py::test_convert_image_dtype[out_dtype5-in_dtype3-cuda] FAILED', '../publishablew/vision/vision/test/test_transforms_tensor.py::test_convert_image_dtype[out_dtype2-in_dtype5-cuda] FAILED', 'FAILED ../publishablew/vision/vision/test/test_transforms_tensor.py::test_convert_image_dtype[out_dtype6-in_dtype3-cpu]', 'FAILED ../publishablew/vision/vision/test/test_transforms_tensor.py::test_convert_image_dtype[out_dtype5-in_dtype0-cuda]', '../publishablew/vision/vision/test/test_transforms_tensor.py::test_convert_image_dtype[out_dtype4-in_dtype6-cuda] FAILED', '../publishablew/vision/vision/test/test_transforms_tensor.py::test_convert_image_dtype[out_dtype0-in_dtype1-cpu] FAILED', 'FAILED ../publishablew/vision/vision/test/test_transforms_tensor.py::test_convert_image_dtype[out_dtype3-in_dtype5-cpu]', '../publishablew/vision/vision/test/test_transforms_tensor.py::test_convert_image_dtype[out_dtype6-in_dtype2-cuda] FAILED', '../publishablew/vision/vision/test/test_transforms_tensor.py::test_convert_image_dtype[out_dtype5-in_dtype5-cpu] FAILED', '../publishablew/vision/vision/test/test_transforms_tensor.py::test_convert_image_dtype[out_dtype2-in_dtype3-cuda] FAILED', '../publishablew/vision/vision/test/test_transforms_tensor.py::test_convert_image_dtype[out_dtype3-in_dtype2-cuda] FAILED', 'FAILED ../publishablew/vision/vision/test/test_transforms_tensor.py::test_convert_image_dtype[out_dtype0-in_dtype3-cuda]', '../publishablew/vision/vision/test/test_transforms_tensor.py::test_convert_image_dtype[out_dtype0-in_dtype1-cuda] FAILED', '../publishablew/vision/vision/test/test_transforms_tensor.py::test_convert_image_dtype[out_dtype1-in_dtype6-cpu] FAILED', 'FAILED ../publishablew/vision/vision/test/test_transforms_tensor.py::test_convert_image_dtype[out_dtype2-in_dtype1-cuda]', '../publishablew/vision/vision/test/test_transforms_tensor.py::test_convert_image_dtype[out_dtype2-in_dtype4-cuda] FAILED', 'FAILED ../publishablew/vision/vision/test/test_transforms_tensor.py::test_convert_image_dtype[out_dtype2-in_dtype6-cpu]', 'FAILED ../publishablew/vision/vision/test/test_transforms_tensor.py::test_convert_image_dtype[out_dtype3-in_dtype4-cuda]', '../publishablew/vision/vision/test/test_transforms_tensor.py::test_convert_image_dtype[out_dtype6-in_dtype0-cpu] FAILED', '../publishablew/vision/vision/test/test_transforms_tensor.py::test_convert_image_dtype[out_dtype5-in_dtype6-cuda] FAILED', 'FAILED ../publishablew/vision/vision/test/test_transforms_tensor.py::test_convert_image_dtype[out_dtype0-in_dtype5-cuda]', 'FAILED ../publishablew/vision/vision/test/test_transforms_tensor.py::test_convert_image_dtype[out_dtype4-in_dtype1-cpu]', '../publishablew/vision/vision/test/test_transforms_tensor.py::test_convert_image_dtype[out_dtype3-in_dtype2-cpu] FAILED', 'FAILED ../publishablew/vision/vision/test/test_transforms_tensor.py::test_convert_image_dtype[out_dtype0-in_dtype0-cpu]', '../publishablew/vision/vision/test/test_transforms_tensor.py::test_convert_image_dtype[out_dtype3-in_dtype5-cpu] FAILED', 'FAILED ../publishablew/vision/vision/test/test_transforms_tensor.py::test_convert_image_dtype[out_dtype5-in_dtype5-cuda]', '../publishablew/vision/vision/test/test_transforms_tensor.py::test_convert_image_dtype[out_dtype5-in_dtype0-cpu] FAILED', 'FAILED ../publishablew/vision/vision/test/test_transforms_tensor.py::test_convert_image_dtype[out_dtype0-in_dtype3-cpu]', 'FAILED ../publishablew/vision/vision/test/test_transforms_tensor.py::test_convert_image_dtype[out_dtype0-in_dtype1-cpu]', 'FAILED ../publishablew/vision/vision/test/test_transforms_tensor.py::test_convert_image_dtype[out_dtype1-in_dtype0-cpu]', '../publishablew/vision/vision/test/test_transforms_tensor.py::test_convert_image_dtype[out_dtype0-in_dtype6-cuda] FAILED', '../publishablew/vision/vision/test/test_transforms_tensor.py::test_convert_image_dtype[out_dtype4-in_dtype3-cpu] FAILED', 'FAILED ../publishablew/vision/vision/test/test_transforms_tensor.py::test_convert_image_dtype[out_dtype0-in_dtype2-cuda]', '../publishablew/vision/vision/test/test_transforms_tensor.py::test_convert_image_dtype[out_dtype3-in_dtype4-cuda] FAILED', 'FAILED ../publishablew/vision/vision/test/test_transforms_tensor.py::test_convert_image_dtype[out_dtype0-in_dtype1-cuda]', '../publishablew/vision/vision/test/test_transforms_tensor.py::test_convert_image_dtype[out_dtype1-in_dtype4-cuda] FAILED', 'FAILED ../publishablew/vision/vision/test/test_transforms_tensor.py::test_convert_image_dtype[out_dtype3-in_dtype5-cuda]', 'FAILED ../publishablew/vision/vision/test/test_transforms_tensor.py::test_convert_image_dtype[out_dtype3-in_dtype1-cuda]', 'FAILED ../publishablew/vision/vision/test/test_transforms_tensor.py::test_convert_image_dtype[out_dtype2-in_dtype5-cpu]', '../publishablew/vision/vision/test/test_transforms_tensor.py::test_convert_image_dtype[out_dtype0-in_dtype4-cpu] FAILED', '../publishablew/vision/vision/test/test_transforms_tensor.py::test_convert_image_dtype[out_dtype4-in_dtype1-cpu] FAILED', '../publishablew/vision/vision/test/test_transforms_tensor.py::test_convert_image_dtype[out_dtype1-in_dtype0-cuda] FAILED', 'FAILED ../publishablew/vision/vision/test/test_transforms_tensor.py::test_convert_image_dtype[out_dtype6-in_dtype6-cuda]', '../publishablew/vision/vision/test/test_transforms_tensor.py::test_convert_image_dtype[out_dtype0-in_dtype0-cpu] FAILED', '../publishablew/vision/vision/test/test_transforms_tensor.py::test_convert_image_dtype[out_dtype6-in_dtype0-cuda] FAILED', 'FAILED ../publishablew/vision/vision/test/test_transforms_tensor.py::test_convert_image_dtype[out_dtype2-in_dtype0-cpu]', 'FAILED ../publishablew/vision/vision/test/test_transforms_tensor.py::test_convert_image_dtype[out_dtype4-in_dtype3-cpu]', '../publishablew/vision/vision/test/test_transforms_tensor.py::test_convert_image_dtype[out_dtype5-in_dtype2-cuda] FAILED', '../publishablew/vision/vision/test/test_transforms_tensor.py::test_convert_image_dtype[out_dtype0-in_dtype2-cuda] FAILED', '../publishablew/vision/vision/test/test_transforms_tensor.py::test_convert_image_dtype[out_dtype1-in_dtype3-cpu] FAILED', '../publishablew/vision/vision/test/test_transforms_tensor.py::test_convert_image_dtype[out_dtype5-in_dtype6-cpu] FAILED', '../publishablew/vision/vision/test/test_transforms_tensor.py::test_convert_image_dtype[out_dtype1-in_dtype2-cuda] FAILED', 'FAILED ../publishablew/vision/vision/test/test_transforms_tensor.py::test_convert_image_dtype[out_dtype2-in_dtype4-cuda]', '../publishablew/vision/vision/test/test_transforms_tensor.py::test_convert_image_dtype[out_dtype4-in_dtype6-cpu] FAILED', '../publishablew/vision/vision/test/test_transforms_tensor.py::test_convert_image_dtype[out_dtype2-in_dtype2-cpu] FAILED', '../publishablew/vision/vision/test/test_transforms_tensor.py::test_convert_image_dtype[out_dtype2-in_dtype2-cuda] FAILED', '../publishablew/vision/vision/test/test_transforms_tensor.py::test_convert_image_dtype[out_dtype6-in_dtype4-cuda] FAILED', 'FAILED ../publishablew/vision/vision/test/test_transforms_tensor.py::test_convert_image_dtype[out_dtype1-in_dtype4-cpu]', 'FAILED ../publishablew/vision/vision/test/test_transforms_tensor.py::test_convert_image_dtype[out_dtype0-in_dtype6-cpu]', '../publishablew/vision/vision/test/test_transforms_tensor.py::test_convert_image_dtype[out_dtype4-in_dtype5-cpu] FAILED', 'FAILED ../publishablew/vision/vision/test/test_transforms_tensor.py::test_convert_image_dtype[out_dtype2-in_dtype2-cuda]', 'FAILED ../publishablew/vision/vision/test/test_transforms_tensor.py::test_convert_image_dtype[out_dtype3-in_dtype6-cpu]', 'FAILED ../publishablew/vision/vision/test/test_transforms_tensor.py::test_convert_image_dtype[out_dtype6-in_dtype0-cuda]', '../publishablew/vision/vision/test/test_transforms_tensor.py::test_convert_image_dtype[out_dtype4-in_dtype3-cuda] FAILED', 'FAILED ../publishablew/vision/vision/test/test_transforms_tensor.py::test_convert_image_dtype[out_dtype3-in_dtype4-cpu]', 'FAILED ../publishablew/vision/vision/test/test_transforms_tensor.py::test_convert_image_dtype[out_dtype3-in_dtype2-cpu]', '../publishablew/vision/vision/test/test_transforms_tensor.py::test_convert_image_dtype[out_dtype0-in_dtype0-cuda] FAILED', 'FAILED ../publishablew/vision/vision/test/test_transforms_tensor.py::test_convert_image_dtype[out_dtype3-in_dtype1-cpu]', 'FAILED ../publishablew/vision/vision/test/test_transforms_tensor.py::test_convert_image_dtype[out_dtype6-in_dtype0-cpu]', '../publishablew/vision/vision/test/test_transforms_tensor.py::test_convert_image_dtype[out_dtype1-in_dtype5-cuda] FAILED', '../publishablew/vision/vision/test/test_transforms_tensor.py::test_convert_image_dtype[out_dtype6-in_dtype6-cuda] FAILED', 'FAILED ../publishablew/vision/vision/test/test_transforms_tensor.py::test_convert_image_dtype[out_dtype1-in_dtype5-cuda]', '../publishablew/vision/vision/test/test_transforms_tensor.py::test_convert_image_dtype[out_dtype0-in_dtype2-cpu] FAILED', '../publishablew/vision/vision/test/test_transforms_tensor.py::test_convert_image_dtype[out_dtype5-in_dtype4-cpu] FAILED', 'FAILED ../publishablew/vision/vision/test/test_transforms_tensor.py::test_convert_image_dtype[out_dtype1-in_dtype2-cpu]', 'FAILED ../publishablew/vision/vision/test/test_transforms_tensor.py::test_convert_image_dtype[out_dtype2-in_dtype6-cuda]', 'FAILED ../publishablew/vision/vision/test/test_transforms_tensor.py::test_convert_image_dtype[out_dtype6-in_dtype1-cpu]', '../publishablew/vision/vision/test/test_transforms_tensor.py::test_convert_image_dtype[out_dtype6-in_dtype2-cpu] FAILED', '../publishablew/vision/vision/test/test_transforms_tensor.py::test_convert_image_dtype[out_dtype3-in_dtype3-cuda] FAILED', '../publishablew/vision/vision/test/test_transforms_tensor.py::test_convert_image_dtype[out_dtype4-in_dtype4-cpu] FAILED', 'FAILED ../publishablew/vision/vision/test/test_transforms_tensor.py::test_convert_image_dtype[out_dtype4-in_dtype2-cuda]', 'FAILED ../publishablew/vision/vision/test/test_transforms_tensor.py::test_convert_image_dtype[out_dtype1-in_dtype6-cuda]', 'FAILED ../publishablew/vision/vision/test/test_transforms_tensor.py::test_convert_image_dtype[out_dtype1-in_dtype3-cpu]', 'FAILED ../publishablew/vision/vision/test/test_transforms_tensor.py::test_convert_image_dtype[out_dtype0-in_dtype0-cuda]', '../publishablew/vision/vision/test/test_transforms_tensor.py::test_convert_image_dtype[out_dtype3-in_dtype0-cuda] FAILED', 'FAILED ../publishablew/vision/vision/test/test_transforms_tensor.py::test_convert_image_dtype[out_dtype1-in_dtype3-cuda]', 'FAILED ../publishablew/vision/vision/test/test_transforms_tensor.py::test_convert_image_dtype[out_dtype1-in_dtype1-cuda]', 'FAILED ../publishablew/vision/vision/test/test_transforms_tensor.py::test_convert_image_dtype[out_dtype3-in_dtype3-cpu]', 'FAILED ../publishablew/vision/vision/test/test_transforms_tensor.py::test_convert_image_dtype[out_dtype5-in_dtype4-cpu]', '../publishablew/vision/vision/test/test_transforms_tensor.py::test_convert_image_dtype[out_dtype2-in_dtype0-cpu] FAILED', 'FAILED ../publishablew/vision/vision/test/test_transforms_tensor.py::test_convert_image_dtype[out_dtype6-in_dtype2-cuda]', '../publishablew/vision/vision/test/test_transforms_tensor.py::test_convert_image_dtype[out_dtype4-in_dtype2-cpu] FAILED', 'FAILED ../publishablew/vision/vision/test/test_transforms_tensor.py::test_convert_image_dtype[out_dtype2-in_dtype3-cpu]', '../publishablew/vision/vision/test/test_transforms_tensor.py::test_convert_image_dtype[out_dtype2-in_dtype1-cuda] FAILED', '../publishablew/vision/vision/test/test_transforms_tensor.py::test_convert_image_dtype[out_dtype3-in_dtype6-cpu] FAILED', 'FAILED ../publishablew/vision/vision/test/test_transforms_tensor.py::test_convert_image_dtype[out_dtype2-in_dtype4-cpu]', '../publishablew/vision/vision/test/test_transforms_tensor.py::test_convert_image_dtype[out_dtype6-in_dtype4-cpu] FAILED', 'FAILED ../publishablew/vision/vision/test/test_transforms_tensor.py::test_convert_image_dtype[out_dtype2-in_dtype1-cpu]', 'FAILED ../publishablew/vision/vision/test/test_transforms_tensor.py::test_convert_image_dtype[out_dtype3-in_dtype0-cuda]', 'FAILED ../publishablew/vision/vision/test/test_transforms_tensor.py::test_convert_image_dtype[out_dtype6-in_dtype4-cuda]', 'FAILED ../publishablew/vision/vision/test/test_transforms_tensor.py::test_convert_image_dtype[out_dtype0-in_dtype2-cpu]', 'FAILED ../publishablew/vision/vision/test/test_transforms_tensor.py::test_convert_image_dtype[out_dtype5-in_dtype6-cuda]', 'FAILED ../publishablew/vision/vision/test/test_transforms_tensor.py::test_convert_image_dtype[out_dtype3-in_dtype6-cuda]', 'FAILED ../publishablew/vision/vision/test/test_transforms_tensor.py::test_convert_image_dtype[out_dtype1-in_dtype5-cpu]', '../publishablew/vision/vision/test/test_transforms_tensor.py::test_convert_image_dtype[out_dtype5-in_dtype2-cpu] FAILED', '../publishablew/vision/vision/test/test_transforms_tensor.py::test_convert_image_dtype[out_dtype5-in_dtype3-cpu] FAILED', '../publishablew/vision/vision/test/test_transforms_tensor.py::test_convert_image_dtype[out_dtype6-in_dtype5-cpu] FAILED', 'FAILED ../publishablew/vision/vision/test/test_transforms_tensor.py::test_convert_image_dtype[out_dtype5-in_dtype0-cpu]', '../publishablew/vision/vision/test/test_transforms_tensor.py::test_convert_image_dtype[out_dtype1-in_dtype6-cuda] FAILED', '../publishablew/vision/vision/test/test_transforms_tensor.py::test_convert_image_dtype[out_dtype3-in_dtype5-cuda] FAILED', '../publishablew/vision/vision/test/test_transforms_tensor.py::test_convert_image_dtype[out_dtype5-in_dtype1-cuda] FAILED', '../publishablew/vision/vision/test/test_transforms_tensor.py::test_convert_image_dtype[out_dtype6-in_dtype6-cpu] FAILED', '../publishablew/vision/vision/test/test_transforms_tensor.py::test_convert_image_dtype[out_dtype1-in_dtype1-cpu] FAILED', 'FAILED ../publishablew/vision/vision/test/test_transforms_tensor.py::test_convert_image_dtype[out_dtype4-in_dtype4-cpu]', 'FAILED ../publishablew/vision/vision/test/test_transforms_tensor.py::test_convert_image_dtype[out_dtype6-in_dtype4-cpu]', 'FAILED ../publishablew/vision/vision/test/test_transforms_tensor.py::test_convert_image_dtype[out_dtype5-in_dtype5-cpu]', 'FAILED ../publishablew/vision/vision/test/test_transforms_tensor.py::test_convert_image_dtype[out_dtype3-in_dtype0-cpu]', 'FAILED ../publishablew/vision/vision/test/test_transforms_tensor.py::test_convert_image_dtype[out_dtype4-in_dtype1-cuda]', 'FAILED ../publishablew/vision/vision/test/test_transforms_tensor.py::test_convert_image_dtype[out_dtype5-in_dtype2-cuda]', '../publishablew/vision/vision/test/test_transforms_tensor.py::test_convert_image_dtype[out_dtype2-in_dtype3-cpu] FAILED', '../publishablew/vision/vision/test/test_transforms_tensor.py::test_convert_image_dtype[out_dtype2-in_dtype4-cpu] FAILED', 'FAILED ../publishablew/vision/vision/test/test_transforms_tensor.py::test_convert_image_dtype[out_dtype4-in_dtype4-cuda]', '../publishablew/vision/vision/test/test_transforms_tensor.py::test_convert_image_dtype[out_dtype6-in_dtype1-cpu] FAILED', 'FAILED ../publishablew/vision/vision/test/test_transforms_tensor.py::test_convert_image_dtype[out_dtype3-in_dtype2-cuda]', '../publishablew/vision/vision/test/test_transforms_tensor.py::test_convert_image_dtype[out_dtype4-in_dtype0-cuda] FAILED', 'FAILED ../publishablew/vision/vision/test/test_transforms_tensor.py::test_convert_image_dtype[out_dtype1-in_dtype2-cuda]', '../publishablew/vision/vision/test/test_transforms_tensor.py::test_convert_image_dtype[out_dtype0-in_dtype4-cuda] FAILED', '../publishablew/vision/vision/test/test_transforms_tensor.py::test_convert_image_dtype[out_dtype3-in_dtype1-cpu] FAILED', '../publishablew/vision/vision/test/test_transforms_tensor.py::test_convert_image_dtype[out_dtype6-in_dtype5-cuda] FAILED', 'FAILED ../publishablew/vision/vision/test/test_transforms_tensor.py::test_convert_image_dtype[out_dtype1-in_dtype6-cpu]', '../publishablew/vision/vision/test/test_transforms_tensor.py::test_convert_image_dtype[out_dtype0-in_dtype6-cpu] FAILED', '../publishablew/vision/vision/test/test_transforms_tensor.py::test_convert_image_dtype[out_dtype2-in_dtype1-cpu] FAILED', '../publishablew/vision/vision/test/test_transforms_tensor.py::test_convert_image_dtype[out_dtype3-in_dtype0-cpu] FAILED', 'FAILED ../publishablew/vision/vision/test/test_transforms_tensor.py::test_convert_image_dtype[out_dtype0-in_dtype6-cuda]', '../publishablew/vision/vision/test/test_transforms_tensor.py::test_convert_image_dtype[out_dtype0-in_dtype3-cuda] FAILED', '../publishablew/vision/vision/test/test_transforms_tensor.py::test_convert_image_dtype[out_dtype5-in_dtype5-cuda] FAILED', 'FAILED ../publishablew/vision/vision/test/test_transforms_tensor.py::test_convert_image_dtype[out_dtype4-in_dtype6-cpu]', 'FAILED ../publishablew/vision/vision/test/test_transforms_tensor.py::test_convert_image_dtype[out_dtype5-in_dtype3-cpu]', 'FAILED ../publishablew/vision/vision/test/test_transforms_tensor.py::test_convert_image_dtype[out_dtype0-in_dtype5-cpu]', 'FAILED ../publishablew/vision/vision/test/test_transforms_tensor.py::test_convert_image_dtype[out_dtype5-in_dtype1-cuda]', '../publishablew/vision/vision/test/test_transforms_tensor.py::test_convert_image_dtype[out_dtype5-in_dtype1-cpu] FAILED', 'FAILED ../publishablew/vision/vision/test/test_transforms_tensor.py::test_convert_image_dtype[out_dtype6-in_dtype3-cuda]', 'FAILED ../publishablew/vision/vision/test/test_transforms_tensor.py::test_convert_image_dtype[out_dtype2-in_dtype3-cuda]'}

All Test Cases On Generated code:
============================= test session starts ==============================
platform linux -- Python 3.11.10, pytest-8.3.4, pluggy-1.5.0 -- /local/data0/moved_data/publishablew/vision/vision/venv/bin/python
cachedir: .pytest_cache
rootdir: /local/data0/moved_data/publishablew/vision/vision
configfile: pytest.ini
plugins: mock-3.14.0
collecting ... collected 98 items

../publishablew/vision/vision/test/test_transforms_tensor.py::test_convert_image_dtype[out_dtype0-in_dtype0-cpu] FAILED
../publishablew/vision/vision/test/test_transforms_tensor.py::test_convert_image_dtype[out_dtype0-in_dtype0-cuda] FAILED
../publishablew/vision/vision/test/test_transforms_tensor.py::test_convert_image_dtype[out_dtype0-in_dtype1-cpu] FAILED
../publishablew/vision/vision/test/test_transforms_tensor.py::test_convert_image_dtype[out_dtype0-in_dtype1-cuda] FAILED
../publishablew/vision/vision/test/test_transforms_tensor.py::test_convert_image_dtype[out_dtype0-in_dtype2-cpu] FAILED
../publishablew/vision/vision/test/test_transforms_tensor.py::test_convert_image_dtype[out_dtype0-in_dtype2-cuda] FAILED
../publishablew/vision/vision/test/test_transforms_tensor.py::test_convert_image_dtype[out_dtype0-in_dtype3-cpu] FAILED
../publishablew/vision/vision/test/test_transforms_tensor.py::test_convert_image_dtype[out_dtype0-in_dtype3-cuda] FAILED
../publishablew/vision/vision/test/test_transforms_tensor.py::test_convert_image_dtype[out_dtype0-in_dtype4-cpu] FAILED
../publishablew/vision/vision/test/test_transforms_tensor.py::test_convert_image_dtype[out_dtype0-in_dtype4-cuda] FAILED
../publishablew/vision/vision/test/test_transforms_tensor.py::test_convert_image_dtype[out_dtype0-in_dtype5-cpu] FAILED
../publishablew/vision/vision/test/test_transforms_tensor.py::test_convert_image_dtype[out_dtype0-in_dtype5-cuda] FAILED
../publishablew/vision/vision/test/test_transforms_tensor.py::test_convert_image_dtype[out_dtype0-in_dtype6-cpu] FAILED
../publishablew/vision/vision/test/test_transforms_tensor.py::test_convert_image_dtype[out_dtype0-in_dtype6-cuda] FAILED
../publishablew/vision/vision/test/test_transforms_tensor.py::test_convert_image_dtype[out_dtype1-in_dtype0-cpu] FAILED
../publishablew/vision/vision/test/test_transforms_tensor.py::test_convert_image_dtype[out_dtype1-in_dtype0-cuda] FAILED
../publishablew/vision/vision/test/test_transforms_tensor.py::test_convert_image_dtype[out_dtype1-in_dtype1-cpu] FAILED
../publishablew/vision/vision/test/test_transforms_tensor.py::test_convert_image_dtype[out_dtype1-in_dtype1-cuda] FAILED
../publishablew/vision/vision/test/test_transforms_tensor.py::test_convert_image_dtype[out_dtype1-in_dtype2-cpu] FAILED
../publishablew/vision/vision/test/test_transforms_tensor.py::test_convert_image_dtype[out_dtype1-in_dtype2-cuda] FAILED
../publishablew/vision/vision/test/test_transforms_tensor.py::test_convert_image_dtype[out_dtype1-in_dtype3-cpu] FAILED
../publishablew/vision/vision/test/test_transforms_tensor.py::test_convert_image_dtype[out_dtype1-in_dtype3-cuda] FAILED
../publishablew/vision/vision/test/test_transforms_tensor.py::test_convert_image_dtype[out_dtype1-in_dtype4-cpu] FAILED
../publishablew/vision/vision/test/test_transforms_tensor.py::test_convert_image_dtype[out_dtype1-in_dtype4-cuda] FAILED
../publishablew/vision/vision/test/test_transforms_tensor.py::test_convert_image_dtype[out_dtype1-in_dtype5-cpu] FAILED
../publishablew/vision/vision/test/test_transforms_tensor.py::test_convert_image_dtype[out_dtype1-in_dtype5-cuda] FAILED
../publishablew/vision/vision/test/test_transforms_tensor.py::test_convert_image_dtype[out_dtype1-in_dtype6-cpu] FAILED
../publishablew/vision/vision/test/test_transforms_tensor.py::test_convert_image_dtype[out_dtype1-in_dtype6-cuda] FAILED
../publishablew/vision/vision/test/test_transforms_tensor.py::test_convert_image_dtype[out_dtype2-in_dtype0-cpu] FAILED
../publishablew/vision/vision/test/test_transforms_tensor.py::test_convert_image_dtype[out_dtype2-in_dtype0-cuda] FAILED
../publishablew/vision/vision/test/test_transforms_tensor.py::test_convert_image_dtype[out_dtype2-in_dtype1-cpu] FAILED
../publishablew/vision/vision/test/test_transforms_tensor.py::test_convert_image_dtype[out_dtype2-in_dtype1-cuda] FAILED
../publishablew/vision/vision/test/test_transforms_tensor.py::test_convert_image_dtype[out_dtype2-in_dtype2-cpu] FAILED
../publishablew/vision/vision/test/test_transforms_tensor.py::test_convert_image_dtype[out_dtype2-in_dtype2-cuda] FAILED
../publishablew/vision/vision/test/test_transforms_tensor.py::test_convert_image_dtype[out_dtype2-in_dtype3-cpu] FAILED
../publishablew/vision/vision/test/test_transforms_tensor.py::test_convert_image_dtype[out_dtype2-in_dtype3-cuda] FAILED
../publishablew/vision/vision/test/test_transforms_tensor.py::test_convert_image_dtype[out_dtype2-in_dtype4-cpu] FAILED
../publishablew/vision/vision/test/test_transforms_tensor.py::test_convert_image_dtype[out_dtype2-in_dtype4-cuda] FAILED
../publishablew/vision/vision/test/test_transforms_tensor.py::test_convert_image_dtype[out_dtype2-in_dtype5-cpu] FAILED
../publishablew/vision/vision/test/test_transforms_tensor.py::test_convert_image_dtype[out_dtype2-in_dtype5-cuda] FAILED
../publishablew/vision/vision/test/test_transforms_tensor.py::test_convert_image_dtype[out_dtype2-in_dtype6-cpu] FAILED
../publishablew/vision/vision/test/test_transforms_tensor.py::test_convert_image_dtype[out_dtype2-in_dtype6-cuda] FAILED
../publishablew/vision/vision/test/test_transforms_tensor.py::test_convert_image_dtype[out_dtype3-in_dtype0-cpu] FAILED
../publishablew/vision/vision/test/test_transforms_tensor.py::test_convert_image_dtype[out_dtype3-in_dtype0-cuda] FAILED
../publishablew/vision/vision/test/test_transforms_tensor.py::test_convert_image_dtype[out_dtype3-in_dtype1-cpu] FAILED
../publishablew/vision/vision/test/test_transforms_tensor.py::test_convert_image_dtype[out_dtype3-in_dtype1-cuda] FAILED
../publishablew/vision/vision/test/test_transforms_tensor.py::test_convert_image_dtype[out_dtype3-in_dtype2-cpu] FAILED
../publishablew/vision/vision/test/test_transforms_tensor.py::test_convert_image_dtype[out_dtype3-in_dtype2-cuda] FAILED
../publishablew/vision/vision/test/test_transforms_tensor.py::test_convert_image_dtype[out_dtype3-in_dtype3-cpu] FAILED
../publishablew/vision/vision/test/test_transforms_tensor.py::test_convert_image_dtype[out_dtype3-in_dtype3-cuda] FAILED
../publishablew/vision/vision/test/test_transforms_tensor.py::test_convert_image_dtype[out_dtype3-in_dtype4-cpu] FAILED
../publishablew/vision/vision/test/test_transforms_tensor.py::test_convert_image_dtype[out_dtype3-in_dtype4-cuda] FAILED
../publishablew/vision/vision/test/test_transforms_tensor.py::test_convert_image_dtype[out_dtype3-in_dtype5-cpu] FAILED
../publishablew/vision/vision/test/test_transforms_tensor.py::test_convert_image_dtype[out_dtype3-in_dtype5-cuda] FAILED
../publishablew/vision/vision/test/test_transforms_tensor.py::test_convert_image_dtype[out_dtype3-in_dtype6-cpu] FAILED
../publishablew/vision/vision/test/test_transforms_tensor.py::test_convert_image_dtype[out_dtype3-in_dtype6-cuda] FAILED
../publishablew/vision/vision/test/test_transforms_tensor.py::test_convert_image_dtype[out_dtype4-in_dtype0-cpu] FAILED
../publishablew/vision/vision/test/test_transforms_tensor.py::test_convert_image_dtype[out_dtype4-in_dtype0-cuda] FAILED
../publishablew/vision/vision/test/test_transforms_tensor.py::test_convert_image_dtype[out_dtype4-in_dtype1-cpu] FAILED
../publishablew/vision/vision/test/test_transforms_tensor.py::test_convert_image_dtype[out_dtype4-in_dtype1-cuda] FAILED
../publishablew/vision/vision/test/test_transforms_tensor.py::test_convert_image_dtype[out_dtype4-in_dtype2-cpu] FAILED
../publishablew/vision/vision/test/test_transforms_tensor.py::test_convert_image_dtype[out_dtype4-in_dtype2-cuda] FAILED
../publishablew/vision/vision/test/test_transforms_tensor.py::test_convert_image_dtype[out_dtype4-in_dtype3-cpu] FAILED
../publishablew/vision/vision/test/test_transforms_tensor.py::test_convert_image_dtype[out_dtype4-in_dtype3-cuda] FAILED
../publishablew/vision/vision/test/test_transforms_tensor.py::test_convert_image_dtype[out_dtype4-in_dtype4-cpu] FAILED
../publishablew/vision/vision/test/test_transforms_tensor.py::test_convert_image_dtype[out_dtype4-in_dtype4-cuda] FAILED
../publishablew/vision/vision/test/test_transforms_tensor.py::test_convert_image_dtype[out_dtype4-in_dtype5-cpu] FAILED
../publishablew/vision/vision/test/test_transforms_tensor.py::test_convert_image_dtype[out_dtype4-in_dtype5-cuda] FAILED
../publishablew/vision/vision/test/test_transforms_tensor.py::test_convert_image_dtype[out_dtype4-in_dtype6-cpu] FAILED
../publishablew/vision/vision/test/test_transforms_tensor.py::test_convert_image_dtype[out_dtype4-in_dtype6-cuda] FAILED
../publishablew/vision/vision/test/test_transforms_tensor.py::test_convert_image_dtype[out_dtype5-in_dtype0-cpu] FAILED
../publishablew/vision/vision/test/test_transforms_tensor.py::test_convert_image_dtype[out_dtype5-in_dtype0-cuda] FAILED
../publishablew/vision/vision/test/test_transforms_tensor.py::test_convert_image_dtype[out_dtype5-in_dtype1-cpu] FAILED
../publishablew/vision/vision/test/test_transforms_tensor.py::test_convert_image_dtype[out_dtype5-in_dtype1-cuda] FAILED
../publishablew/vision/vision/test/test_transforms_tensor.py::test_convert_image_dtype[out_dtype5-in_dtype2-cpu] FAILED
../publishablew/vision/vision/test/test_transforms_tensor.py::test_convert_image_dtype[out_dtype5-in_dtype2-cuda] FAILED
../publishablew/vision/vision/test/test_transforms_tensor.py::test_convert_image_dtype[out_dtype5-in_dtype3-cpu] FAILED
../publishablew/vision/vision/test/test_transforms_tensor.py::test_convert_image_dtype[out_dtype5-in_dtype3-cuda] FAILED
../publishablew/vision/vision/test/test_transforms_tensor.py::test_convert_image_dtype[out_dtype5-in_dtype4-cpu] FAILED
../publishablew/vision/vision/test/test_transforms_tensor.py::test_convert_image_dtype[out_dtype5-in_dtype4-cuda] FAILED
../publishablew/vision/vision/test/test_transforms_tensor.py::test_convert_image_dtype[out_dtype5-in_dtype5-cpu] FAILED
../publishablew/vision/vision/test/test_transforms_tensor.py::test_convert_image_dtype[out_dtype5-in_dtype5-cuda] FAILED
../publishablew/vision/vision/test/test_transforms_tensor.py::test_convert_image_dtype[out_dtype5-in_dtype6-cpu] FAILED
../publishablew/vision/vision/test/test_transforms_tensor.py::test_convert_image_dtype[out_dtype5-in_dtype6-cuda] FAILED
../publishablew/vision/vision/test/test_transforms_tensor.py::test_convert_image_dtype[out_dtype6-in_dtype0-cpu] FAILED
../publishablew/vision/vision/test/test_transforms_tensor.py::test_convert_image_dtype[out_dtype6-in_dtype0-cuda] FAILED
../publishablew/vision/vision/test/test_transforms_tensor.py::test_convert_image_dtype[out_dtype6-in_dtype1-cpu] FAILED
../publishablew/vision/vision/test/test_transforms_tensor.py::test_convert_image_dtype[out_dtype6-in_dtype1-cuda] FAILED
../publishablew/vision/vision/test/test_transforms_tensor.py::test_convert_image_dtype[out_dtype6-in_dtype2-cpu] FAILED
../publishablew/vision/vision/test/test_transforms_tensor.py::test_convert_image_dtype[out_dtype6-in_dtype2-cuda] FAILED
../publishablew/vision/vision/test/test_transforms_tensor.py::test_convert_image_dtype[out_dtype6-in_dtype3-cpu] FAILED
../publishablew/vision/vision/test/test_transforms_tensor.py::test_convert_image_dtype[out_dtype6-in_dtype3-cuda] FAILED
../publishablew/vision/vision/test/test_transforms_tensor.py::test_convert_image_dtype[out_dtype6-in_dtype4-cpu] FAILED
../publishablew/vision/vision/test/test_transforms_tensor.py::test_convert_image_dtype[out_dtype6-in_dtype4-cuda] FAILED
../publishablew/vision/vision/test/test_transforms_tensor.py::test_convert_image_dtype[out_dtype6-in_dtype5-cpu] FAILED
../publishablew/vision/vision/test/test_transforms_tensor.py::test_convert_image_dtype[out_dtype6-in_dtype5-cuda] FAILED
../publishablew/vision/vision/test/test_transforms_tensor.py::test_convert_image_dtype[out_dtype6-in_dtype6-cpu] FAILED
../publishablew/vision/vision/test/test_transforms_tensor.py::test_convert_image_dtype[out_dtype6-in_dtype6-cuda] FAILED

=================================== FAILURES ===================================
______________ test_convert_image_dtype[out_dtype0-in_dtype0-cpu] ______________
../publishablew/vision/vision/test/test_transforms_tensor.py:544: in test_convert_image_dtype
    scripted_fn = torch.jit.script(fn)
../publishablew/vision/vision/venv/lib/python3.11/site-packages/torch/jit/_script.py:1429: in script
    ret = _script_impl(
../publishablew/vision/vision/venv/lib/python3.11/site-packages/torch/jit/_script.py:1147: in _script_impl
    return torch.jit._recursive.create_script_module(
../publishablew/vision/vision/venv/lib/python3.11/site-packages/torch/jit/_recursive.py:557: in create_script_module
    return create_script_module_impl(nn_module, concrete_type, stubs_fn)
../publishablew/vision/vision/venv/lib/python3.11/site-packages/torch/jit/_recursive.py:634: in create_script_module_impl
    create_methods_and_properties_from_stubs(
../publishablew/vision/vision/venv/lib/python3.11/site-packages/torch/jit/_recursive.py:466: in create_methods_and_properties_from_stubs
    concrete_type._create_methods_and_properties(
../publishablew/vision/vision/venv/lib/python3.11/site-packages/torch/jit/_recursive.py:1002: in try_compile_fn
    return torch.jit.script(fn, _rcb=rcb)
../publishablew/vision/vision/venv/lib/python3.11/site-packages/torch/jit/_script.py:1429: in script
    ret = _script_impl(
../publishablew/vision/vision/venv/lib/python3.11/site-packages/torch/jit/_script.py:1202: in _script_impl
    ast = get_jit_def(obj, obj.__name__)
../publishablew/vision/vision/venv/lib/python3.11/site-packages/torch/jit/frontend.py:383: in get_jit_def
    return build_def(
../publishablew/vision/vision/venv/lib/python3.11/site-packages/torch/jit/frontend.py:444: in build_def
    return Def(Ident(r, def_name), decl, build_stmts(ctx, body))
../publishablew/vision/vision/venv/lib/python3.11/site-packages/torch/jit/frontend.py:197: in build_stmts
    stmts = [build_stmt(ctx, s) for s in stmts]
../publishablew/vision/vision/venv/lib/python3.11/site-packages/torch/jit/frontend.py:197: in <listcomp>
    stmts = [build_stmt(ctx, s) for s in stmts]
../publishablew/vision/vision/venv/lib/python3.11/site-packages/torch/jit/frontend.py:416: in __call__
    raise UnsupportedNodeError(ctx, node)
E   torch.jit.frontend.UnsupportedNodeError: import statements aren't supported:
E     File "/local/data0/moved_data/publishablew/vision/vision/torchvision/transforms/functional.py", line 163
E   def convert_image_dtype(image: torch.Tensor, dtype: torch.dtype=torch.float) -> torch.Tensor:
E       from .temp import convert_image_dtype
E       ~~~~ <--- HERE
E       return convert_image_dtype(image, dtype)
_____________ test_convert_image_dtype[out_dtype0-in_dtype0-cuda] ______________
../publishablew/vision/vision/test/test_transforms_tensor.py:544: in test_convert_image_dtype
    scripted_fn = torch.jit.script(fn)
../publishablew/vision/vision/venv/lib/python3.11/site-packages/torch/jit/_script.py:1429: in script
    ret = _script_impl(
../publishablew/vision/vision/venv/lib/python3.11/site-packages/torch/jit/_script.py:1147: in _script_impl
    return torch.jit._recursive.create_script_module(
../publishablew/vision/vision/venv/lib/python3.11/site-packages/torch/jit/_recursive.py:557: in create_script_module
    return create_script_module_impl(nn_module, concrete_type, stubs_fn)
../publishablew/vision/vision/venv/lib/python3.11/site-packages/torch/jit/_recursive.py:634: in create_script_module_impl
    create_methods_and_properties_from_stubs(
../publishablew/vision/vision/venv/lib/python3.11/site-packages/torch/jit/_recursive.py:466: in create_methods_and_properties_from_stubs
    concrete_type._create_methods_and_properties(
E   RuntimeError: Can't redefine method: forward on class: __torch__.torchvision.transforms.transforms.ConvertImageDtype (of Python compilation unit at: 0x6f85ae0)
______________ test_convert_image_dtype[out_dtype0-in_dtype1-cpu] ______________
../publishablew/vision/vision/test/test_transforms_tensor.py:544: in test_convert_image_dtype
    scripted_fn = torch.jit.script(fn)
../publishablew/vision/vision/venv/lib/python3.11/site-packages/torch/jit/_script.py:1429: in script
    ret = _script_impl(
../publishablew/vision/vision/venv/lib/python3.11/site-packages/torch/jit/_script.py:1147: in _script_impl
    return torch.jit._recursive.create_script_module(
../publishablew/vision/vision/venv/lib/python3.11/site-packages/torch/jit/_recursive.py:557: in create_script_module
    return create_script_module_impl(nn_module, concrete_type, stubs_fn)
../publishablew/vision/vision/venv/lib/python3.11/site-packages/torch/jit/_recursive.py:634: in create_script_module_impl
    create_methods_and_properties_from_stubs(
../publishablew/vision/vision/venv/lib/python3.11/site-packages/torch/jit/_recursive.py:466: in create_methods_and_properties_from_stubs
    concrete_type._create_methods_and_properties(
E   RuntimeError: Can't redefine method: forward on class: __torch__.torchvision.transforms.transforms.ConvertImageDtype (of Python compilation unit at: 0x6f85ae0)
_____________ test_convert_image_dtype[out_dtype0-in_dtype1-cuda] ______________
../publishablew/vision/vision/test/test_transforms_tensor.py:544: in test_convert_image_dtype
    scripted_fn = torch.jit.script(fn)
../publishablew/vision/vision/venv/lib/python3.11/site-packages/torch/jit/_script.py:1429: in script
    ret = _script_impl(
../publishablew/vision/vision/venv/lib/python3.11/site-packages/torch/jit/_script.py:1147: in _script_impl
    return torch.jit._recursive.create_script_module(
../publishablew/vision/vision/venv/lib/python3.11/site-packages/torch/jit/_recursive.py:557: in create_script_module
    return create_script_module_impl(nn_module, concrete_type, stubs_fn)
../publishablew/vision/vision/venv/lib/python3.11/site-packages/torch/jit/_recursive.py:634: in create_script_module_impl
    create_methods_and_properties_from_stubs(
../publishablew/vision/vision/venv/lib/python3.11/site-packages/torch/jit/_recursive.py:466: in create_methods_and_properties_from_stubs
    concrete_type._create_methods_and_properties(
E   RuntimeError: Can't redefine method: forward on class: __torch__.torchvision.transforms.transforms.ConvertImageDtype (of Python compilation unit at: 0x6f85ae0)
______________ test_convert_image_dtype[out_dtype0-in_dtype2-cpu] ______________
../publishablew/vision/vision/test/test_transforms_tensor.py:544: in test_convert_image_dtype
    scripted_fn = torch.jit.script(fn)
../publishablew/vision/vision/venv/lib/python3.11/site-packages/torch/jit/_script.py:1429: in script
    ret = _script_impl(
../publishablew/vision/vision/venv/lib/python3.11/site-packages/torch/jit/_script.py:1147: in _script_impl
    return torch.jit._recursive.create_script_module(
../publishablew/vision/vision/venv/lib/python3.11/site-packages/torch/jit/_recursive.py:557: in create_script_module
    return create_script_module_impl(nn_module, concrete_type, stubs_fn)
../publishablew/vision/vision/venv/lib/python3.11/site-packages/torch/jit/_recursive.py:634: in create_script_module_impl
    create_methods_and_properties_from_stubs(
../publishablew/vision/vision/venv/lib/python3.11/site-packages/torch/jit/_recursive.py:466: in create_methods_and_properties_from_stubs
    concrete_type._create_methods_and_properties(
E   RuntimeError: Can't redefine method: forward on class: __torch__.torchvision.transforms.transforms.ConvertImageDtype (of Python compilation unit at: 0x6f85ae0)
_____________ test_convert_image_dtype[out_dtype0-in_dtype2-cuda] ______________
../publishablew/vision/vision/test/test_transforms_tensor.py:544: in test_convert_image_dtype
    scripted_fn = torch.jit.script(fn)
../publishablew/vision/vision/venv/lib/python3.11/site-packages/torch/jit/_script.py:1429: in script
    ret = _script_impl(
../publishablew/vision/vision/venv/lib/python3.11/site-packages/torch/jit/_script.py:1147: in _script_impl
    return torch.jit._recursive.create_script_module(
../publishablew/vision/vision/venv/lib/python3.11/site-packages/torch/jit/_recursive.py:557: in create_script_module
    return create_script_module_impl(nn_module, concrete_type, stubs_fn)
../publishablew/vision/vision/venv/lib/python3.11/site-packages/torch/jit/_recursive.py:634: in create_script_module_impl
    create_methods_and_properties_from_stubs(
../publishablew/vision/vision/venv/lib/python3.11/site-packages/torch/jit/_recursive.py:466: in create_methods_and_properties_from_stubs
    concrete_type._create_methods_and_properties(
E   RuntimeError: Can't redefine method: forward on class: __torch__.torchvision.transforms.transforms.ConvertImageDtype (of Python compilation unit at: 0x6f85ae0)
______________ test_convert_image_dtype[out_dtype0-in_dtype3-cpu] ______________
../publishablew/vision/vision/test/test_transforms_tensor.py:544: in test_convert_image_dtype
    scripted_fn = torch.jit.script(fn)
../publishablew/vision/vision/venv/lib/python3.11/site-packages/torch/jit/_script.py:1429: in script
    ret = _script_impl(
../publishablew/vision/vision/venv/lib/python3.11/site-packages/torch/jit/_script.py:1147: in _script_impl
    return torch.jit._recursive.create_script_module(
../publishablew/vision/vision/venv/lib/python3.11/site-packages/torch/jit/_recursive.py:557: in create_script_module
    return create_script_module_impl(nn_module, concrete_type, stubs_fn)
../publishablew/vision/vision/venv/lib/python3.11/site-packages/torch/jit/_recursive.py:634: in create_script_module_impl
    create_methods_and_properties_from_stubs(
../publishablew/vision/vision/venv/lib/python3.11/site-packages/torch/jit/_recursive.py:466: in create_methods_and_properties_from_stubs
    concrete_type._create_methods_and_properties(
E   RuntimeError: Can't redefine method: forward on class: __torch__.torchvision.transforms.transforms.ConvertImageDtype (of Python compilation unit at: 0x6f85ae0)
_____________ test_convert_image_dtype[out_dtype0-in_dtype3-cuda] ______________
../publishablew/vision/vision/test/test_transforms_tensor.py:544: in test_convert_image_dtype
    scripted_fn = torch.jit.script(fn)
../publishablew/vision/vision/venv/lib/python3.11/site-packages/torch/jit/_script.py:1429: in script
    ret = _script_impl(
../publishablew/vision/vision/venv/lib/python3.11/site-packages/torch/jit/_script.py:1147: in _script_impl
    return torch.jit._recursive.create_script_module(
../publishablew/vision/vision/venv/lib/python3.11/site-packages/torch/jit/_recursive.py:557: in create_script_module
    return create_script_module_impl(nn_module, concrete_type, stubs_fn)
../publishablew/vision/vision/venv/lib/python3.11/site-packages/torch/jit/_recursive.py:634: in create_script_module_impl
    create_methods_and_properties_from_stubs(
../publishablew/vision/vision/venv/lib/python3.11/site-packages/torch/jit/_recursive.py:466: in create_methods_and_properties_from_stubs
    concrete_type._create_methods_and_properties(
E   RuntimeError: Can't redefine method: forward on class: __torch__.torchvision.transforms.transforms.ConvertImageDtype (of Python compilation unit at: 0x6f85ae0)
______________ test_convert_image_dtype[out_dtype0-in_dtype4-cpu] ______________
../publishablew/vision/vision/test/test_transforms_tensor.py:544: in test_convert_image_dtype
    scripted_fn = torch.jit.script(fn)
../publishablew/vision/vision/venv/lib/python3.11/site-packages/torch/jit/_script.py:1429: in script
    ret = _script_impl(
../publishablew/vision/vision/venv/lib/python3.11/site-packages/torch/jit/_script.py:1147: in _script_impl
    return torch.jit._recursive.create_script_module(
../publishablew/vision/vision/venv/lib/python3.11/site-packages/torch/jit/_recursive.py:557: in create_script_module
    return create_script_module_impl(nn_module, concrete_type, stubs_fn)
../publishablew/vision/vision/venv/lib/python3.11/site-packages/torch/jit/_recursive.py:634: in create_script_module_impl
    create_methods_and_properties_from_stubs(
../publishablew/vision/vision/venv/lib/python3.11/site-packages/torch/jit/_recursive.py:466: in create_methods_and_properties_from_stubs
    concrete_type._create_methods_and_properties(
E   RuntimeError: Can't redefine method: forward on class: __torch__.torchvision.transforms.transforms.ConvertImageDtype (of Python compilation unit at: 0x6f85ae0)
_____________ test_convert_image_dtype[out_dtype0-in_dtype4-cuda] ______________
../publishablew/vision/vision/test/test_transforms_tensor.py:544: in test_convert_image_dtype
    scripted_fn = torch.jit.script(fn)
../publishablew/vision/vision/venv/lib/python3.11/site-packages/torch/jit/_script.py:1429: in script
    ret = _script_impl(
../publishablew/vision/vision/venv/lib/python3.11/site-packages/torch/jit/_script.py:1147: in _script_impl
    return torch.jit._recursive.create_script_module(
../publishablew/vision/vision/venv/lib/python3.11/site-packages/torch/jit/_recursive.py:557: in create_script_module
    return create_script_module_impl(nn_module, concrete_type, stubs_fn)
../publishablew/vision/vision/venv/lib/python3.11/site-packages/torch/jit/_recursive.py:634: in create_script_module_impl
    create_methods_and_properties_from_stubs(
../publishablew/vision/vision/venv/lib/python3.11/site-packages/torch/jit/_recursive.py:466: in create_methods_and_properties_from_stubs
    concrete_type._create_methods_and_properties(
E   RuntimeError: Can't redefine method: forward on class: __torch__.torchvision.transforms.transforms.ConvertImageDtype (of Python compilation unit at: 0x6f85ae0)
______________ test_convert_image_dtype[out_dtype0-in_dtype5-cpu] ______________
../publishablew/vision/vision/test/test_transforms_tensor.py:544: in test_convert_image_dtype
    scripted_fn = torch.jit.script(fn)
../publishablew/vision/vision/venv/lib/python3.11/site-packages/torch/jit/_script.py:1429: in script
    ret = _script_impl(
../publishablew/vision/vision/venv/lib/python3.11/site-packages/torch/jit/_script.py:1147: in _script_impl
    return torch.jit._recursive.create_script_module(
../publishablew/vision/vision/venv/lib/python3.11/site-packages/torch/jit/_recursive.py:557: in create_script_module
    return create_script_module_impl(nn_module, concrete_type, stubs_fn)
../publishablew/vision/vision/venv/lib/python3.11/site-packages/torch/jit/_recursive.py:634: in create_script_module_impl
    create_methods_and_properties_from_stubs(
../publishablew/vision/vision/venv/lib/python3.11/site-packages/torch/jit/_recursive.py:466: in create_methods_and_properties_from_stubs
    concrete_type._create_methods_and_properties(
E   RuntimeError: Can't redefine method: forward on class: __torch__.torchvision.transforms.transforms.ConvertImageDtype (of Python compilation unit at: 0x6f85ae0)
_____________ test_convert_image_dtype[out_dtype0-in_dtype5-cuda] ______________
../publishablew/vision/vision/test/test_transforms_tensor.py:544: in test_convert_image_dtype
    scripted_fn = torch.jit.script(fn)
../publishablew/vision/vision/venv/lib/python3.11/site-packages/torch/jit/_script.py:1429: in script
    ret = _script_impl(
../publishablew/vision/vision/venv/lib/python3.11/site-packages/torch/jit/_script.py:1147: in _script_impl
    return torch.jit._recursive.create_script_module(
../publishablew/vision/vision/venv/lib/python3.11/site-packages/torch/jit/_recursive.py:557: in create_script_module
    return create_script_module_impl(nn_module, concrete_type, stubs_fn)
../publishablew/vision/vision/venv/lib/python3.11/site-packages/torch/jit/_recursive.py:634: in create_script_module_impl
    create_methods_and_properties_from_stubs(
../publishablew/vision/vision/venv/lib/python3.11/site-packages/torch/jit/_recursive.py:466: in create_methods_and_properties_from_stubs
    concrete_type._create_methods_and_properties(
E   RuntimeError: Can't redefine method: forward on class: __torch__.torchvision.transforms.transforms.ConvertImageDtype (of Python compilation unit at: 0x6f85ae0)
______________ test_convert_image_dtype[out_dtype0-in_dtype6-cpu] ______________
../publishablew/vision/vision/test/test_transforms_tensor.py:544: in test_convert_image_dtype
    scripted_fn = torch.jit.script(fn)
../publishablew/vision/vision/venv/lib/python3.11/site-packages/torch/jit/_script.py:1429: in script
    ret = _script_impl(
../publishablew/vision/vision/venv/lib/python3.11/site-packages/torch/jit/_script.py:1147: in _script_impl
    return torch.jit._recursive.create_script_module(
../publishablew/vision/vision/venv/lib/python3.11/site-packages/torch/jit/_recursive.py:557: in create_script_module
    return create_script_module_impl(nn_module, concrete_type, stubs_fn)
../publishablew/vision/vision/venv/lib/python3.11/site-packages/torch/jit/_recursive.py:634: in create_script_module_impl
    create_methods_and_properties_from_stubs(
../publishablew/vision/vision/venv/lib/python3.11/site-packages/torch/jit/_recursive.py:466: in create_methods_and_properties_from_stubs
    concrete_type._create_methods_and_properties(
E   RuntimeError: Can't redefine method: forward on class: __torch__.torchvision.transforms.transforms.ConvertImageDtype (of Python compilation unit at: 0x6f85ae0)
_____________ test_convert_image_dtype[out_dtype0-in_dtype6-cuda] ______________
../publishablew/vision/vision/test/test_transforms_tensor.py:544: in test_convert_image_dtype
    scripted_fn = torch.jit.script(fn)
../publishablew/vision/vision/venv/lib/python3.11/site-packages/torch/jit/_script.py:1429: in script
    ret = _script_impl(
../publishablew/vision/vision/venv/lib/python3.11/site-packages/torch/jit/_script.py:1147: in _script_impl
    return torch.jit._recursive.create_script_module(
../publishablew/vision/vision/venv/lib/python3.11/site-packages/torch/jit/_recursive.py:557: in create_script_module
    return create_script_module_impl(nn_module, concrete_type, stubs_fn)
../publishablew/vision/vision/venv/lib/python3.11/site-packages/torch/jit/_recursive.py:634: in create_script_module_impl
    create_methods_and_properties_from_stubs(
../publishablew/vision/vision/venv/lib/python3.11/site-packages/torch/jit/_recursive.py:466: in create_methods_and_properties_from_stubs
    concrete_type._create_methods_and_properties(
E   RuntimeError: Can't redefine method: forward on class: __torch__.torchvision.transforms.transforms.ConvertImageDtype (of Python compilation unit at: 0x6f85ae0)
______________ test_convert_image_dtype[out_dtype1-in_dtype0-cpu] ______________
../publishablew/vision/vision/test/test_transforms_tensor.py:544: in test_convert_image_dtype
    scripted_fn = torch.jit.script(fn)
../publishablew/vision/vision/venv/lib/python3.11/site-packages/torch/jit/_script.py:1429: in script
    ret = _script_impl(
../publishablew/vision/vision/venv/lib/python3.11/site-packages/torch/jit/_script.py:1147: in _script_impl
    return torch.jit._recursive.create_script_module(
../publishablew/vision/vision/venv/lib/python3.11/site-packages/torch/jit/_recursive.py:557: in create_script_module
    return create_script_module_impl(nn_module, concrete_type, stubs_fn)
../publishablew/vision/vision/venv/lib/python3.11/site-packages/torch/jit/_recursive.py:634: in create_script_module_impl
    create_methods_and_properties_from_stubs(
../publishablew/vision/vision/venv/lib/python3.11/site-packages/torch/jit/_recursive.py:466: in create_methods_and_properties_from_stubs
    concrete_type._create_methods_and_properties(
E   RuntimeError: Can't redefine method: forward on class: __torch__.torchvision.transforms.transforms.ConvertImageDtype (of Python compilation unit at: 0x6f85ae0)
_____________ test_convert_image_dtype[out_dtype1-in_dtype0-cuda] ______________
../publishablew/vision/vision/test/test_transforms_tensor.py:544: in test_convert_image_dtype
    scripted_fn = torch.jit.script(fn)
../publishablew/vision/vision/venv/lib/python3.11/site-packages/torch/jit/_script.py:1429: in script
    ret = _script_impl(
../publishablew/vision/vision/venv/lib/python3.11/site-packages/torch/jit/_script.py:1147: in _script_impl
    return torch.jit._recursive.create_script_module(
../publishablew/vision/vision/venv/lib/python3.11/site-packages/torch/jit/_recursive.py:557: in create_script_module
    return create_script_module_impl(nn_module, concrete_type, stubs_fn)
../publishablew/vision/vision/venv/lib/python3.11/site-packages/torch/jit/_recursive.py:634: in create_script_module_impl
    create_methods_and_properties_from_stubs(
../publishablew/vision/vision/venv/lib/python3.11/site-packages/torch/jit/_recursive.py:466: in create_methods_and_properties_from_stubs
    concrete_type._create_methods_and_properties(
E   RuntimeError: Can't redefine method: forward on class: __torch__.torchvision.transforms.transforms.ConvertImageDtype (of Python compilation unit at: 0x6f85ae0)
______________ test_convert_image_dtype[out_dtype1-in_dtype1-cpu] ______________
../publishablew/vision/vision/test/test_transforms_tensor.py:544: in test_convert_image_dtype
    scripted_fn = torch.jit.script(fn)
../publishablew/vision/vision/venv/lib/python3.11/site-packages/torch/jit/_script.py:1429: in script
    ret = _script_impl(
../publishablew/vision/vision/venv/lib/python3.11/site-packages/torch/jit/_script.py:1147: in _script_impl
    return torch.jit._recursive.create_script_module(
../publishablew/vision/vision/venv/lib/python3.11/site-packages/torch/jit/_recursive.py:557: in create_script_module
    return create_script_module_impl(nn_module, concrete_type, stubs_fn)
../publishablew/vision/vision/venv/lib/python3.11/site-packages/torch/jit/_recursive.py:634: in create_script_module_impl
    create_methods_and_properties_from_stubs(
../publishablew/vision/vision/venv/lib/python3.11/site-packages/torch/jit/_recursive.py:466: in create_methods_and_properties_from_stubs
    concrete_type._create_methods_and_properties(
E   RuntimeError: Can't redefine method: forward on class: __torch__.torchvision.transforms.transforms.ConvertImageDtype (of Python compilation unit at: 0x6f85ae0)
_____________ test_convert_image_dtype[out_dtype1-in_dtype1-cuda] ______________
../publishablew/vision/vision/test/test_transforms_tensor.py:544: in test_convert_image_dtype
    scripted_fn = torch.jit.script(fn)
../publishablew/vision/vision/venv/lib/python3.11/site-packages/torch/jit/_script.py:1429: in script
    ret = _script_impl(
../publishablew/vision/vision/venv/lib/python3.11/site-packages/torch/jit/_script.py:1147: in _script_impl
    return torch.jit._recursive.create_script_module(
../publishablew/vision/vision/venv/lib/python3.11/site-packages/torch/jit/_recursive.py:557: in create_script_module
    return create_script_module_impl(nn_module, concrete_type, stubs_fn)
../publishablew/vision/vision/venv/lib/python3.11/site-packages/torch/jit/_recursive.py:634: in create_script_module_impl
    create_methods_and_properties_from_stubs(
../publishablew/vision/vision/venv/lib/python3.11/site-packages/torch/jit/_recursive.py:466: in create_methods_and_properties_from_stubs
    concrete_type._create_methods_and_properties(
E   RuntimeError: Can't redefine method: forward on class: __torch__.torchvision.transforms.transforms.ConvertImageDtype (of Python compilation unit at: 0x6f85ae0)
______________ test_convert_image_dtype[out_dtype1-in_dtype2-cpu] ______________
../publishablew/vision/vision/test/test_transforms_tensor.py:544: in test_convert_image_dtype
    scripted_fn = torch.jit.script(fn)
../publishablew/vision/vision/venv/lib/python3.11/site-packages/torch/jit/_script.py:1429: in script
    ret = _script_impl(
../publishablew/vision/vision/venv/lib/python3.11/site-packages/torch/jit/_script.py:1147: in _script_impl
    return torch.jit._recursive.create_script_module(
../publishablew/vision/vision/venv/lib/python3.11/site-packages/torch/jit/_recursive.py:557: in create_script_module
    return create_script_module_impl(nn_module, concrete_type, stubs_fn)
../publishablew/vision/vision/venv/lib/python3.11/site-packages/torch/jit/_recursive.py:634: in create_script_module_impl
    create_methods_and_properties_from_stubs(
../publishablew/vision/vision/venv/lib/python3.11/site-packages/torch/jit/_recursive.py:466: in create_methods_and_properties_from_stubs
    concrete_type._create_methods_and_properties(
E   RuntimeError: Can't redefine method: forward on class: __torch__.torchvision.transforms.transforms.ConvertImageDtype (of Python compilation unit at: 0x6f85ae0)
_____________ test_convert_image_dtype[out_dtype1-in_dtype2-cuda] ______________
../publishablew/vision/vision/test/test_transforms_tensor.py:544: in test_convert_image_dtype
    scripted_fn = torch.jit.script(fn)
../publishablew/vision/vision/venv/lib/python3.11/site-packages/torch/jit/_script.py:1429: in script
    ret = _script_impl(
../publishablew/vision/vision/venv/lib/python3.11/site-packages/torch/jit/_script.py:1147: in _script_impl
    return torch.jit._recursive.create_script_module(
../publishablew/vision/vision/venv/lib/python3.11/site-packages/torch/jit/_recursive.py:557: in create_script_module
    return create_script_module_impl(nn_module, concrete_type, stubs_fn)
../publishablew/vision/vision/venv/lib/python3.11/site-packages/torch/jit/_recursive.py:634: in create_script_module_impl
    create_methods_and_properties_from_stubs(
../publishablew/vision/vision/venv/lib/python3.11/site-packages/torch/jit/_recursive.py:466: in create_methods_and_properties_from_stubs
    concrete_type._create_methods_and_properties(
E   RuntimeError: Can't redefine method: forward on class: __torch__.torchvision.transforms.transforms.ConvertImageDtype (of Python compilation unit at: 0x6f85ae0)
______________ test_convert_image_dtype[out_dtype1-in_dtype3-cpu] ______________
../publishablew/vision/vision/test/test_transforms_tensor.py:544: in test_convert_image_dtype
    scripted_fn = torch.jit.script(fn)
../publishablew/vision/vision/venv/lib/python3.11/site-packages/torch/jit/_script.py:1429: in script
    ret = _script_impl(
../publishablew/vision/vision/venv/lib/python3.11/site-packages/torch/jit/_script.py:1147: in _script_impl
    return torch.jit._recursive.create_script_module(
../publishablew/vision/vision/venv/lib/python3.11/site-packages/torch/jit/_recursive.py:557: in create_script_module
    return create_script_module_impl(nn_module, concrete_type, stubs_fn)
../publishablew/vision/vision/venv/lib/python3.11/site-packages/torch/jit/_recursive.py:634: in create_script_module_impl
    create_methods_and_properties_from_stubs(
../publishablew/vision/vision/venv/lib/python3.11/site-packages/torch/jit/_recursive.py:466: in create_methods_and_properties_from_stubs
    concrete_type._create_methods_and_properties(
E   RuntimeError: Can't redefine method: forward on class: __torch__.torchvision.transforms.transforms.ConvertImageDtype (of Python compilation unit at: 0x6f85ae0)
_____________ test_convert_image_dtype[out_dtype1-in_dtype3-cuda] ______________
../publishablew/vision/vision/test/test_transforms_tensor.py:544: in test_convert_image_dtype
    scripted_fn = torch.jit.script(fn)
../publishablew/vision/vision/venv/lib/python3.11/site-packages/torch/jit/_script.py:1429: in script
    ret = _script_impl(
../publishablew/vision/vision/venv/lib/python3.11/site-packages/torch/jit/_script.py:1147: in _script_impl
    return torch.jit._recursive.create_script_module(
../publishablew/vision/vision/venv/lib/python3.11/site-packages/torch/jit/_recursive.py:557: in create_script_module
    return create_script_module_impl(nn_module, concrete_type, stubs_fn)
../publishablew/vision/vision/venv/lib/python3.11/site-packages/torch/jit/_recursive.py:634: in create_script_module_impl
    create_methods_and_properties_from_stubs(
../publishablew/vision/vision/venv/lib/python3.11/site-packages/torch/jit/_recursive.py:466: in create_methods_and_properties_from_stubs
    concrete_type._create_methods_and_properties(
E   RuntimeError: Can't redefine method: forward on class: __torch__.torchvision.transforms.transforms.ConvertImageDtype (of Python compilation unit at: 0x6f85ae0)
______________ test_convert_image_dtype[out_dtype1-in_dtype4-cpu] ______________
../publishablew/vision/vision/test/test_transforms_tensor.py:544: in test_convert_image_dtype
    scripted_fn = torch.jit.script(fn)
../publishablew/vision/vision/venv/lib/python3.11/site-packages/torch/jit/_script.py:1429: in script
    ret = _script_impl(
../publishablew/vision/vision/venv/lib/python3.11/site-packages/torch/jit/_script.py:1147: in _script_impl
    return torch.jit._recursive.create_script_module(
../publishablew/vision/vision/venv/lib/python3.11/site-packages/torch/jit/_recursive.py:557: in create_script_module
    return create_script_module_impl(nn_module, concrete_type, stubs_fn)
../publishablew/vision/vision/venv/lib/python3.11/site-packages/torch/jit/_recursive.py:634: in create_script_module_impl
    create_methods_and_properties_from_stubs(
../publishablew/vision/vision/venv/lib/python3.11/site-packages/torch/jit/_recursive.py:466: in create_methods_and_properties_from_stubs
    concrete_type._create_methods_and_properties(
E   RuntimeError: Can't redefine method: forward on class: __torch__.torchvision.transforms.transforms.ConvertImageDtype (of Python compilation unit at: 0x6f85ae0)
_____________ test_convert_image_dtype[out_dtype1-in_dtype4-cuda] ______________
../publishablew/vision/vision/test/test_transforms_tensor.py:544: in test_convert_image_dtype
    scripted_fn = torch.jit.script(fn)
../publishablew/vision/vision/venv/lib/python3.11/site-packages/torch/jit/_script.py:1429: in script
    ret = _script_impl(
../publishablew/vision/vision/venv/lib/python3.11/site-packages/torch/jit/_script.py:1147: in _script_impl
    return torch.jit._recursive.create_script_module(
../publishablew/vision/vision/venv/lib/python3.11/site-packages/torch/jit/_recursive.py:557: in create_script_module
    return create_script_module_impl(nn_module, concrete_type, stubs_fn)
../publishablew/vision/vision/venv/lib/python3.11/site-packages/torch/jit/_recursive.py:634: in create_script_module_impl
    create_methods_and_properties_from_stubs(
../publishablew/vision/vision/venv/lib/python3.11/site-packages/torch/jit/_recursive.py:466: in create_methods_and_properties_from_stubs
    concrete_type._create_methods_and_properties(
E   RuntimeError: Can't redefine method: forward on class: __torch__.torchvision.transforms.transforms.ConvertImageDtype (of Python compilation unit at: 0x6f85ae0)
______________ test_convert_image_dtype[out_dtype1-in_dtype5-cpu] ______________
../publishablew/vision/vision/test/test_transforms_tensor.py:544: in test_convert_image_dtype
    scripted_fn = torch.jit.script(fn)
../publishablew/vision/vision/venv/lib/python3.11/site-packages/torch/jit/_script.py:1429: in script
    ret = _script_impl(
../publishablew/vision/vision/venv/lib/python3.11/site-packages/torch/jit/_script.py:1147: in _script_impl
    return torch.jit._recursive.create_script_module(
../publishablew/vision/vision/venv/lib/python3.11/site-packages/torch/jit/_recursive.py:557: in create_script_module
    return create_script_module_impl(nn_module, concrete_type, stubs_fn)
../publishablew/vision/vision/venv/lib/python3.11/site-packages/torch/jit/_recursive.py:634: in create_script_module_impl
    create_methods_and_properties_from_stubs(
../publishablew/vision/vision/venv/lib/python3.11/site-packages/torch/jit/_recursive.py:466: in create_methods_and_properties_from_stubs
    concrete_type._create_methods_and_properties(
E   RuntimeError: Can't redefine method: forward on class: __torch__.torchvision.transforms.transforms.ConvertImageDtype (of Python compilation unit at: 0x6f85ae0)
_____________ test_convert_image_dtype[out_dtype1-in_dtype5-cuda] ______________
../publishablew/vision/vision/test/test_transforms_tensor.py:544: in test_convert_image_dtype
    scripted_fn = torch.jit.script(fn)
../publishablew/vision/vision/venv/lib/python3.11/site-packages/torch/jit/_script.py:1429: in script
    ret = _script_impl(
../publishablew/vision/vision/venv/lib/python3.11/site-packages/torch/jit/_script.py:1147: in _script_impl
    return torch.jit._recursive.create_script_module(
../publishablew/vision/vision/venv/lib/python3.11/site-packages/torch/jit/_recursive.py:557: in create_script_module
    return create_script_module_impl(nn_module, concrete_type, stubs_fn)
../publishablew/vision/vision/venv/lib/python3.11/site-packages/torch/jit/_recursive.py:634: in create_script_module_impl
    create_methods_and_properties_from_stubs(
../publishablew/vision/vision/venv/lib/python3.11/site-packages/torch/jit/_recursive.py:466: in create_methods_and_properties_from_stubs
    concrete_type._create_methods_and_properties(
E   RuntimeError: Can't redefine method: forward on class: __torch__.torchvision.transforms.transforms.ConvertImageDtype (of Python compilation unit at: 0x6f85ae0)
______________ test_convert_image_dtype[out_dtype1-in_dtype6-cpu] ______________
../publishablew/vision/vision/test/test_transforms_tensor.py:544: in test_convert_image_dtype
    scripted_fn = torch.jit.script(fn)
../publishablew/vision/vision/venv/lib/python3.11/site-packages/torch/jit/_script.py:1429: in script
    ret = _script_impl(
../publishablew/vision/vision/venv/lib/python3.11/site-packages/torch/jit/_script.py:1147: in _script_impl
    return torch.jit._recursive.create_script_module(
../publishablew/vision/vision/venv/lib/python3.11/site-packages/torch/jit/_recursive.py:557: in create_script_module
    return create_script_module_impl(nn_module, concrete_type, stubs_fn)
../publishablew/vision/vision/venv/lib/python3.11/site-packages/torch/jit/_recursive.py:634: in create_script_module_impl
    create_methods_and_properties_from_stubs(
../publishablew/vision/vision/venv/lib/python3.11/site-packages/torch/jit/_recursive.py:466: in create_methods_and_properties_from_stubs
    concrete_type._create_methods_and_properties(
E   RuntimeError: Can't redefine method: forward on class: __torch__.torchvision.transforms.transforms.ConvertImageDtype (of Python compilation unit at: 0x6f85ae0)
_____________ test_convert_image_dtype[out_dtype1-in_dtype6-cuda] ______________
../publishablew/vision/vision/test/test_transforms_tensor.py:544: in test_convert_image_dtype
    scripted_fn = torch.jit.script(fn)
../publishablew/vision/vision/venv/lib/python3.11/site-packages/torch/jit/_script.py:1429: in script
    ret = _script_impl(
../publishablew/vision/vision/venv/lib/python3.11/site-packages/torch/jit/_script.py:1147: in _script_impl
    return torch.jit._recursive.create_script_module(
../publishablew/vision/vision/venv/lib/python3.11/site-packages/torch/jit/_recursive.py:557: in create_script_module
    return create_script_module_impl(nn_module, concrete_type, stubs_fn)
../publishablew/vision/vision/venv/lib/python3.11/site-packages/torch/jit/_recursive.py:634: in create_script_module_impl
    create_methods_and_properties_from_stubs(
../publishablew/vision/vision/venv/lib/python3.11/site-packages/torch/jit/_recursive.py:466: in create_methods_and_properties_from_stubs
    concrete_type._create_methods_and_properties(
E   RuntimeError: Can't redefine method: forward on class: __torch__.torchvision.transforms.transforms.ConvertImageDtype (of Python compilation unit at: 0x6f85ae0)
______________ test_convert_image_dtype[out_dtype2-in_dtype0-cpu] ______________
../publishablew/vision/vision/test/test_transforms_tensor.py:544: in test_convert_image_dtype
    scripted_fn = torch.jit.script(fn)
../publishablew/vision/vision/venv/lib/python3.11/site-packages/torch/jit/_script.py:1429: in script
    ret = _script_impl(
../publishablew/vision/vision/venv/lib/python3.11/site-packages/torch/jit/_script.py:1147: in _script_impl
    return torch.jit._recursive.create_script_module(
../publishablew/vision/vision/venv/lib/python3.11/site-packages/torch/jit/_recursive.py:557: in create_script_module
    return create_script_module_impl(nn_module, concrete_type, stubs_fn)
../publishablew/vision/vision/venv/lib/python3.11/site-packages/torch/jit/_recursive.py:634: in create_script_module_impl
    create_methods_and_properties_from_stubs(
../publishablew/vision/vision/venv/lib/python3.11/site-packages/torch/jit/_recursive.py:466: in create_methods_and_properties_from_stubs
    concrete_type._create_methods_and_properties(
E   RuntimeError: Can't redefine method: forward on class: __torch__.torchvision.transforms.transforms.ConvertImageDtype (of Python compilation unit at: 0x6f85ae0)
_____________ test_convert_image_dtype[out_dtype2-in_dtype0-cuda] ______________
../publishablew/vision/vision/test/test_transforms_tensor.py:544: in test_convert_image_dtype
    scripted_fn = torch.jit.script(fn)
../publishablew/vision/vision/venv/lib/python3.11/site-packages/torch/jit/_script.py:1429: in script
    ret = _script_impl(
../publishablew/vision/vision/venv/lib/python3.11/site-packages/torch/jit/_script.py:1147: in _script_impl
    return torch.jit._recursive.create_script_module(
../publishablew/vision/vision/venv/lib/python3.11/site-packages/torch/jit/_recursive.py:557: in create_script_module
    return create_script_module_impl(nn_module, concrete_type, stubs_fn)
../publishablew/vision/vision/venv/lib/python3.11/site-packages/torch/jit/_recursive.py:634: in create_script_module_impl
    create_methods_and_properties_from_stubs(
../publishablew/vision/vision/venv/lib/python3.11/site-packages/torch/jit/_recursive.py:466: in create_methods_and_properties_from_stubs
    concrete_type._create_methods_and_properties(
E   RuntimeError: Can't redefine method: forward on class: __torch__.torchvision.transforms.transforms.ConvertImageDtype (of Python compilation unit at: 0x6f85ae0)
______________ test_convert_image_dtype[out_dtype2-in_dtype1-cpu] ______________
../publishablew/vision/vision/test/test_transforms_tensor.py:544: in test_convert_image_dtype
    scripted_fn = torch.jit.script(fn)
../publishablew/vision/vision/venv/lib/python3.11/site-packages/torch/jit/_script.py:1429: in script
    ret = _script_impl(
../publishablew/vision/vision/venv/lib/python3.11/site-packages/torch/jit/_script.py:1147: in _script_impl
    return torch.jit._recursive.create_script_module(
../publishablew/vision/vision/venv/lib/python3.11/site-packages/torch/jit/_recursive.py:557: in create_script_module
    return create_script_module_impl(nn_module, concrete_type, stubs_fn)
../publishablew/vision/vision/venv/lib/python3.11/site-packages/torch/jit/_recursive.py:634: in create_script_module_impl
    create_methods_and_properties_from_stubs(
../publishablew/vision/vision/venv/lib/python3.11/site-packages/torch/jit/_recursive.py:466: in create_methods_and_properties_from_stubs
    concrete_type._create_methods_and_properties(
E   RuntimeError: Can't redefine method: forward on class: __torch__.torchvision.transforms.transforms.ConvertImageDtype (of Python compilation unit at: 0x6f85ae0)
_____________ test_convert_image_dtype[out_dtype2-in_dtype1-cuda] ______________
../publishablew/vision/vision/test/test_transforms_tensor.py:544: in test_convert_image_dtype
    scripted_fn = torch.jit.script(fn)
../publishablew/vision/vision/venv/lib/python3.11/site-packages/torch/jit/_script.py:1429: in script
    ret = _script_impl(
../publishablew/vision/vision/venv/lib/python3.11/site-packages/torch/jit/_script.py:1147: in _script_impl
    return torch.jit._recursive.create_script_module(
../publishablew/vision/vision/venv/lib/python3.11/site-packages/torch/jit/_recursive.py:557: in create_script_module
    return create_script_module_impl(nn_module, concrete_type, stubs_fn)
../publishablew/vision/vision/venv/lib/python3.11/site-packages/torch/jit/_recursive.py:634: in create_script_module_impl
    create_methods_and_properties_from_stubs(
../publishablew/vision/vision/venv/lib/python3.11/site-packages/torch/jit/_recursive.py:466: in create_methods_and_properties_from_stubs
    concrete_type._create_methods_and_properties(
E   RuntimeError: Can't redefine method: forward on class: __torch__.torchvision.transforms.transforms.ConvertImageDtype (of Python compilation unit at: 0x6f85ae0)
______________ test_convert_image_dtype[out_dtype2-in_dtype2-cpu] ______________
../publishablew/vision/vision/test/test_transforms_tensor.py:544: in test_convert_image_dtype
    scripted_fn = torch.jit.script(fn)
../publishablew/vision/vision/venv/lib/python3.11/site-packages/torch/jit/_script.py:1429: in script
    ret = _script_impl(
../publishablew/vision/vision/venv/lib/python3.11/site-packages/torch/jit/_script.py:1147: in _script_impl
    return torch.jit._recursive.create_script_module(
../publishablew/vision/vision/venv/lib/python3.11/site-packages/torch/jit/_recursive.py:557: in create_script_module
    return create_script_module_impl(nn_module, concrete_type, stubs_fn)
../publishablew/vision/vision/venv/lib/python3.11/site-packages/torch/jit/_recursive.py:634: in create_script_module_impl
    create_methods_and_properties_from_stubs(
../publishablew/vision/vision/venv/lib/python3.11/site-packages/torch/jit/_recursive.py:466: in create_methods_and_properties_from_stubs
    concrete_type._create_methods_and_properties(
E   RuntimeError: Can't redefine method: forward on class: __torch__.torchvision.transforms.transforms.ConvertImageDtype (of Python compilation unit at: 0x6f85ae0)
_____________ test_convert_image_dtype[out_dtype2-in_dtype2-cuda] ______________
../publishablew/vision/vision/test/test_transforms_tensor.py:544: in test_convert_image_dtype
    scripted_fn = torch.jit.script(fn)
../publishablew/vision/vision/venv/lib/python3.11/site-packages/torch/jit/_script.py:1429: in script
    ret = _script_impl(
../publishablew/vision/vision/venv/lib/python3.11/site-packages/torch/jit/_script.py:1147: in _script_impl
    return torch.jit._recursive.create_script_module(
../publishablew/vision/vision/venv/lib/python3.11/site-packages/torch/jit/_recursive.py:557: in create_script_module
    return create_script_module_impl(nn_module, concrete_type, stubs_fn)
../publishablew/vision/vision/venv/lib/python3.11/site-packages/torch/jit/_recursive.py:634: in create_script_module_impl
    create_methods_and_properties_from_stubs(
../publishablew/vision/vision/venv/lib/python3.11/site-packages/torch/jit/_recursive.py:466: in create_methods_and_properties_from_stubs
    concrete_type._create_methods_and_properties(
E   RuntimeError: Can't redefine method: forward on class: __torch__.torchvision.transforms.transforms.ConvertImageDtype (of Python compilation unit at: 0x6f85ae0)
______________ test_convert_image_dtype[out_dtype2-in_dtype3-cpu] ______________
../publishablew/vision/vision/test/test_transforms_tensor.py:544: in test_convert_image_dtype
    scripted_fn = torch.jit.script(fn)
../publishablew/vision/vision/venv/lib/python3.11/site-packages/torch/jit/_script.py:1429: in script
    ret = _script_impl(
../publishablew/vision/vision/venv/lib/python3.11/site-packages/torch/jit/_script.py:1147: in _script_impl
    return torch.jit._recursive.create_script_module(
../publishablew/vision/vision/venv/lib/python3.11/site-packages/torch/jit/_recursive.py:557: in create_script_module
    return create_script_module_impl(nn_module, concrete_type, stubs_fn)
../publishablew/vision/vision/venv/lib/python3.11/site-packages/torch/jit/_recursive.py:634: in create_script_module_impl
    create_methods_and_properties_from_stubs(
../publishablew/vision/vision/venv/lib/python3.11/site-packages/torch/jit/_recursive.py:466: in create_methods_and_properties_from_stubs
    concrete_type._create_methods_and_properties(
E   RuntimeError: Can't redefine method: forward on class: __torch__.torchvision.transforms.transforms.ConvertImageDtype (of Python compilation unit at: 0x6f85ae0)
_____________ test_convert_image_dtype[out_dtype2-in_dtype3-cuda] ______________
../publishablew/vision/vision/test/test_transforms_tensor.py:544: in test_convert_image_dtype
    scripted_fn = torch.jit.script(fn)
../publishablew/vision/vision/venv/lib/python3.11/site-packages/torch/jit/_script.py:1429: in script
    ret = _script_impl(
../publishablew/vision/vision/venv/lib/python3.11/site-packages/torch/jit/_script.py:1147: in _script_impl
    return torch.jit._recursive.create_script_module(
../publishablew/vision/vision/venv/lib/python3.11/site-packages/torch/jit/_recursive.py:557: in create_script_module
    return create_script_module_impl(nn_module, concrete_type, stubs_fn)
../publishablew/vision/vision/venv/lib/python3.11/site-packages/torch/jit/_recursive.py:634: in create_script_module_impl
    create_methods_and_properties_from_stubs(
../publishablew/vision/vision/venv/lib/python3.11/site-packages/torch/jit/_recursive.py:466: in create_methods_and_properties_from_stubs
    concrete_type._create_methods_and_properties(
E   RuntimeError: Can't redefine method: forward on class: __torch__.torchvision.transforms.transforms.ConvertImageDtype (of Python compilation unit at: 0x6f85ae0)
______________ test_convert_image_dtype[out_dtype2-in_dtype4-cpu] ______________
../publishablew/vision/vision/test/test_transforms_tensor.py:544: in test_convert_image_dtype
    scripted_fn = torch.jit.script(fn)
../publishablew/vision/vision/venv/lib/python3.11/site-packages/torch/jit/_script.py:1429: in script
    ret = _script_impl(
../publishablew/vision/vision/venv/lib/python3.11/site-packages/torch/jit/_script.py:1147: in _script_impl
    return torch.jit._recursive.create_script_module(
../publishablew/vision/vision/venv/lib/python3.11/site-packages/torch/jit/_recursive.py:557: in create_script_module
    return create_script_module_impl(nn_module, concrete_type, stubs_fn)
../publishablew/vision/vision/venv/lib/python3.11/site-packages/torch/jit/_recursive.py:634: in create_script_module_impl
    create_methods_and_properties_from_stubs(
../publishablew/vision/vision/venv/lib/python3.11/site-packages/torch/jit/_recursive.py:466: in create_methods_and_properties_from_stubs
    concrete_type._create_methods_and_properties(
E   RuntimeError: Can't redefine method: forward on class: __torch__.torchvision.transforms.transforms.ConvertImageDtype (of Python compilation unit at: 0x6f85ae0)
_____________ test_convert_image_dtype[out_dtype2-in_dtype4-cuda] ______________
../publishablew/vision/vision/test/test_transforms_tensor.py:544: in test_convert_image_dtype
    scripted_fn = torch.jit.script(fn)
../publishablew/vision/vision/venv/lib/python3.11/site-packages/torch/jit/_script.py:1429: in script
    ret = _script_impl(
../publishablew/vision/vision/venv/lib/python3.11/site-packages/torch/jit/_script.py:1147: in _script_impl
    return torch.jit._recursive.create_script_module(
../publishablew/vision/vision/venv/lib/python3.11/site-packages/torch/jit/_recursive.py:557: in create_script_module
    return create_script_module_impl(nn_module, concrete_type, stubs_fn)
../publishablew/vision/vision/venv/lib/python3.11/site-packages/torch/jit/_recursive.py:634: in create_script_module_impl
    create_methods_and_properties_from_stubs(
../publishablew/vision/vision/venv/lib/python3.11/site-packages/torch/jit/_recursive.py:466: in create_methods_and_properties_from_stubs
    concrete_type._create_methods_and_properties(
E   RuntimeError: Can't redefine method: forward on class: __torch__.torchvision.transforms.transforms.ConvertImageDtype (of Python compilation unit at: 0x6f85ae0)
______________ test_convert_image_dtype[out_dtype2-in_dtype5-cpu] ______________
../publishablew/vision/vision/test/test_transforms_tensor.py:544: in test_convert_image_dtype
    scripted_fn = torch.jit.script(fn)
../publishablew/vision/vision/venv/lib/python3.11/site-packages/torch/jit/_script.py:1429: in script
    ret = _script_impl(
../publishablew/vision/vision/venv/lib/python3.11/site-packages/torch/jit/_script.py:1147: in _script_impl
    return torch.jit._recursive.create_script_module(
../publishablew/vision/vision/venv/lib/python3.11/site-packages/torch/jit/_recursive.py:557: in create_script_module
    return create_script_module_impl(nn_module, concrete_type, stubs_fn)
../publishablew/vision/vision/venv/lib/python3.11/site-packages/torch/jit/_recursive.py:634: in create_script_module_impl
    create_methods_and_properties_from_stubs(
../publishablew/vision/vision/venv/lib/python3.11/site-packages/torch/jit/_recursive.py:466: in create_methods_and_properties_from_stubs
    concrete_type._create_methods_and_properties(
E   RuntimeError: Can't redefine method: forward on class: __torch__.torchvision.transforms.transforms.ConvertImageDtype (of Python compilation unit at: 0x6f85ae0)
_____________ test_convert_image_dtype[out_dtype2-in_dtype5-cuda] ______________
../publishablew/vision/vision/test/test_transforms_tensor.py:544: in test_convert_image_dtype
    scripted_fn = torch.jit.script(fn)
../publishablew/vision/vision/venv/lib/python3.11/site-packages/torch/jit/_script.py:1429: in script
    ret = _script_impl(
../publishablew/vision/vision/venv/lib/python3.11/site-packages/torch/jit/_script.py:1147: in _script_impl
    return torch.jit._recursive.create_script_module(
../publishablew/vision/vision/venv/lib/python3.11/site-packages/torch/jit/_recursive.py:557: in create_script_module
    return create_script_module_impl(nn_module, concrete_type, stubs_fn)
../publishablew/vision/vision/venv/lib/python3.11/site-packages/torch/jit/_recursive.py:634: in create_script_module_impl
    create_methods_and_properties_from_stubs(
../publishablew/vision/vision/venv/lib/python3.11/site-packages/torch/jit/_recursive.py:466: in create_methods_and_properties_from_stubs
    concrete_type._create_methods_and_properties(
E   RuntimeError: Can't redefine method: forward on class: __torch__.torchvision.transforms.transforms.ConvertImageDtype (of Python compilation unit at: 0x6f85ae0)
______________ test_convert_image_dtype[out_dtype2-in_dtype6-cpu] ______________
../publishablew/vision/vision/test/test_transforms_tensor.py:544: in test_convert_image_dtype
    scripted_fn = torch.jit.script(fn)
../publishablew/vision/vision/venv/lib/python3.11/site-packages/torch/jit/_script.py:1429: in script
    ret = _script_impl(
../publishablew/vision/vision/venv/lib/python3.11/site-packages/torch/jit/_script.py:1147: in _script_impl
    return torch.jit._recursive.create_script_module(
../publishablew/vision/vision/venv/lib/python3.11/site-packages/torch/jit/_recursive.py:557: in create_script_module
    return create_script_module_impl(nn_module, concrete_type, stubs_fn)
../publishablew/vision/vision/venv/lib/python3.11/site-packages/torch/jit/_recursive.py:634: in create_script_module_impl
    create_methods_and_properties_from_stubs(
../publishablew/vision/vision/venv/lib/python3.11/site-packages/torch/jit/_recursive.py:466: in create_methods_and_properties_from_stubs
    concrete_type._create_methods_and_properties(
E   RuntimeError: Can't redefine method: forward on class: __torch__.torchvision.transforms.transforms.ConvertImageDtype (of Python compilation unit at: 0x6f85ae0)
_____________ test_convert_image_dtype[out_dtype2-in_dtype6-cuda] ______________
../publishablew/vision/vision/test/test_transforms_tensor.py:544: in test_convert_image_dtype
    scripted_fn = torch.jit.script(fn)
../publishablew/vision/vision/venv/lib/python3.11/site-packages/torch/jit/_script.py:1429: in script
    ret = _script_impl(
../publishablew/vision/vision/venv/lib/python3.11/site-packages/torch/jit/_script.py:1147: in _script_impl
    return torch.jit._recursive.create_script_module(
../publishablew/vision/vision/venv/lib/python3.11/site-packages/torch/jit/_recursive.py:557: in create_script_module
    return create_script_module_impl(nn_module, concrete_type, stubs_fn)
../publishablew/vision/vision/venv/lib/python3.11/site-packages/torch/jit/_recursive.py:634: in create_script_module_impl
    create_methods_and_properties_from_stubs(
../publishablew/vision/vision/venv/lib/python3.11/site-packages/torch/jit/_recursive.py:466: in create_methods_and_properties_from_stubs
    concrete_type._create_methods_and_properties(
E   RuntimeError: Can't redefine method: forward on class: __torch__.torchvision.transforms.transforms.ConvertImageDtype (of Python compilation unit at: 0x6f85ae0)
______________ test_convert_image_dtype[out_dtype3-in_dtype0-cpu] ______________
../publishablew/vision/vision/test/test_transforms_tensor.py:544: in test_convert_image_dtype
    scripted_fn = torch.jit.script(fn)
../publishablew/vision/vision/venv/lib/python3.11/site-packages/torch/jit/_script.py:1429: in script
    ret = _script_impl(
../publishablew/vision/vision/venv/lib/python3.11/site-packages/torch/jit/_script.py:1147: in _script_impl
    return torch.jit._recursive.create_script_module(
../publishablew/vision/vision/venv/lib/python3.11/site-packages/torch/jit/_recursive.py:557: in create_script_module
    return create_script_module_impl(nn_module, concrete_type, stubs_fn)
../publishablew/vision/vision/venv/lib/python3.11/site-packages/torch/jit/_recursive.py:634: in create_script_module_impl
    create_methods_and_properties_from_stubs(
../publishablew/vision/vision/venv/lib/python3.11/site-packages/torch/jit/_recursive.py:466: in create_methods_and_properties_from_stubs
    concrete_type._create_methods_and_properties(
E   RuntimeError: Can't redefine method: forward on class: __torch__.torchvision.transforms.transforms.ConvertImageDtype (of Python compilation unit at: 0x6f85ae0)
_____________ test_convert_image_dtype[out_dtype3-in_dtype0-cuda] ______________
../publishablew/vision/vision/test/test_transforms_tensor.py:544: in test_convert_image_dtype
    scripted_fn = torch.jit.script(fn)
../publishablew/vision/vision/venv/lib/python3.11/site-packages/torch/jit/_script.py:1429: in script
    ret = _script_impl(
../publishablew/vision/vision/venv/lib/python3.11/site-packages/torch/jit/_script.py:1147: in _script_impl
    return torch.jit._recursive.create_script_module(
../publishablew/vision/vision/venv/lib/python3.11/site-packages/torch/jit/_recursive.py:557: in create_script_module
    return create_script_module_impl(nn_module, concrete_type, stubs_fn)
../publishablew/vision/vision/venv/lib/python3.11/site-packages/torch/jit/_recursive.py:634: in create_script_module_impl
    create_methods_and_properties_from_stubs(
../publishablew/vision/vision/venv/lib/python3.11/site-packages/torch/jit/_recursive.py:466: in create_methods_and_properties_from_stubs
    concrete_type._create_methods_and_properties(
E   RuntimeError: Can't redefine method: forward on class: __torch__.torchvision.transforms.transforms.ConvertImageDtype (of Python compilation unit at: 0x6f85ae0)
______________ test_convert_image_dtype[out_dtype3-in_dtype1-cpu] ______________
../publishablew/vision/vision/test/test_transforms_tensor.py:544: in test_convert_image_dtype
    scripted_fn = torch.jit.script(fn)
../publishablew/vision/vision/venv/lib/python3.11/site-packages/torch/jit/_script.py:1429: in script
    ret = _script_impl(
../publishablew/vision/vision/venv/lib/python3.11/site-packages/torch/jit/_script.py:1147: in _script_impl
    return torch.jit._recursive.create_script_module(
../publishablew/vision/vision/venv/lib/python3.11/site-packages/torch/jit/_recursive.py:557: in create_script_module
    return create_script_module_impl(nn_module, concrete_type, stubs_fn)
../publishablew/vision/vision/venv/lib/python3.11/site-packages/torch/jit/_recursive.py:634: in create_script_module_impl
    create_methods_and_properties_from_stubs(
../publishablew/vision/vision/venv/lib/python3.11/site-packages/torch/jit/_recursive.py:466: in create_methods_and_properties_from_stubs
    concrete_type._create_methods_and_properties(
E   RuntimeError: Can't redefine method: forward on class: __torch__.torchvision.transforms.transforms.ConvertImageDtype (of Python compilation unit at: 0x6f85ae0)
_____________ test_convert_image_dtype[out_dtype3-in_dtype1-cuda] ______________
../publishablew/vision/vision/test/test_transforms_tensor.py:544: in test_convert_image_dtype
    scripted_fn = torch.jit.script(fn)
../publishablew/vision/vision/venv/lib/python3.11/site-packages/torch/jit/_script.py:1429: in script
    ret = _script_impl(
../publishablew/vision/vision/venv/lib/python3.11/site-packages/torch/jit/_script.py:1147: in _script_impl
    return torch.jit._recursive.create_script_module(
../publishablew/vision/vision/venv/lib/python3.11/site-packages/torch/jit/_recursive.py:557: in create_script_module
    return create_script_module_impl(nn_module, concrete_type, stubs_fn)
../publishablew/vision/vision/venv/lib/python3.11/site-packages/torch/jit/_recursive.py:634: in create_script_module_impl
    create_methods_and_properties_from_stubs(
../publishablew/vision/vision/venv/lib/python3.11/site-packages/torch/jit/_recursive.py:466: in create_methods_and_properties_from_stubs
    concrete_type._create_methods_and_properties(
E   RuntimeError: Can't redefine method: forward on class: __torch__.torchvision.transforms.transforms.ConvertImageDtype (of Python compilation unit at: 0x6f85ae0)
______________ test_convert_image_dtype[out_dtype3-in_dtype2-cpu] ______________
../publishablew/vision/vision/test/test_transforms_tensor.py:544: in test_convert_image_dtype
    scripted_fn = torch.jit.script(fn)
../publishablew/vision/vision/venv/lib/python3.11/site-packages/torch/jit/_script.py:1429: in script
    ret = _script_impl(
../publishablew/vision/vision/venv/lib/python3.11/site-packages/torch/jit/_script.py:1147: in _script_impl
    return torch.jit._recursive.create_script_module(
../publishablew/vision/vision/venv/lib/python3.11/site-packages/torch/jit/_recursive.py:557: in create_script_module
    return create_script_module_impl(nn_module, concrete_type, stubs_fn)
../publishablew/vision/vision/venv/lib/python3.11/site-packages/torch/jit/_recursive.py:634: in create_script_module_impl
    create_methods_and_properties_from_stubs(
../publishablew/vision/vision/venv/lib/python3.11/site-packages/torch/jit/_recursive.py:466: in create_methods_and_properties_from_stubs
    concrete_type._create_methods_and_properties(
E   RuntimeError: Can't redefine method: forward on class: __torch__.torchvision.transforms.transforms.ConvertImageDtype (of Python compilation unit at: 0x6f85ae0)
_____________ test_convert_image_dtype[out_dtype3-in_dtype2-cuda] ______________
../publishablew/vision/vision/test/test_transforms_tensor.py:544: in test_convert_image_dtype
    scripted_fn = torch.jit.script(fn)
../publishablew/vision/vision/venv/lib/python3.11/site-packages/torch/jit/_script.py:1429: in script
    ret = _script_impl(
../publishablew/vision/vision/venv/lib/python3.11/site-packages/torch/jit/_script.py:1147: in _script_impl
    return torch.jit._recursive.create_script_module(
../publishablew/vision/vision/venv/lib/python3.11/site-packages/torch/jit/_recursive.py:557: in create_script_module
    return create_script_module_impl(nn_module, concrete_type, stubs_fn)
../publishablew/vision/vision/venv/lib/python3.11/site-packages/torch/jit/_recursive.py:634: in create_script_module_impl
    create_methods_and_properties_from_stubs(
../publishablew/vision/vision/venv/lib/python3.11/site-packages/torch/jit/_recursive.py:466: in create_methods_and_properties_from_stubs
    concrete_type._create_methods_and_properties(
E   RuntimeError: Can't redefine method: forward on class: __torch__.torchvision.transforms.transforms.ConvertImageDtype (of Python compilation unit at: 0x6f85ae0)
______________ test_convert_image_dtype[out_dtype3-in_dtype3-cpu] ______________
../publishablew/vision/vision/test/test_transforms_tensor.py:544: in test_convert_image_dtype
    scripted_fn = torch.jit.script(fn)
../publishablew/vision/vision/venv/lib/python3.11/site-packages/torch/jit/_script.py:1429: in script
    ret = _script_impl(
../publishablew/vision/vision/venv/lib/python3.11/site-packages/torch/jit/_script.py:1147: in _script_impl
    return torch.jit._recursive.create_script_module(
../publishablew/vision/vision/venv/lib/python3.11/site-packages/torch/jit/_recursive.py:557: in create_script_module
    return create_script_module_impl(nn_module, concrete_type, stubs_fn)
../publishablew/vision/vision/venv/lib/python3.11/site-packages/torch/jit/_recursive.py:634: in create_script_module_impl
    create_methods_and_properties_from_stubs(
../publishablew/vision/vision/venv/lib/python3.11/site-packages/torch/jit/_recursive.py:466: in create_methods_and_properties_from_stubs
    concrete_type._create_methods_and_properties(
E   RuntimeError: Can't redefine method: forward on class: __torch__.torchvision.transforms.transforms.ConvertImageDtype (of Python compilation unit at: 0x6f85ae0)
_____________ test_convert_image_dtype[out_dtype3-in_dtype3-cuda] ______________
../publishablew/vision/vision/test/test_transforms_tensor.py:544: in test_convert_image_dtype
    scripted_fn = torch.jit.script(fn)
../publishablew/vision/vision/venv/lib/python3.11/site-packages/torch/jit/_script.py:1429: in script
    ret = _script_impl(
../publishablew/vision/vision/venv/lib/python3.11/site-packages/torch/jit/_script.py:1147: in _script_impl
    return torch.jit._recursive.create_script_module(
../publishablew/vision/vision/venv/lib/python3.11/site-packages/torch/jit/_recursive.py:557: in create_script_module
    return create_script_module_impl(nn_module, concrete_type, stubs_fn)
../publishablew/vision/vision/venv/lib/python3.11/site-packages/torch/jit/_recursive.py:634: in create_script_module_impl
    create_methods_and_properties_from_stubs(
../publishablew/vision/vision/venv/lib/python3.11/site-packages/torch/jit/_recursive.py:466: in create_methods_and_properties_from_stubs
    concrete_type._create_methods_and_properties(
E   RuntimeError: Can't redefine method: forward on class: __torch__.torchvision.transforms.transforms.ConvertImageDtype (of Python compilation unit at: 0x6f85ae0)
______________ test_convert_image_dtype[out_dtype3-in_dtype4-cpu] ______________
../publishablew/vision/vision/test/test_transforms_tensor.py:544: in test_convert_image_dtype
    scripted_fn = torch.jit.script(fn)
../publishablew/vision/vision/venv/lib/python3.11/site-packages/torch/jit/_script.py:1429: in script
    ret = _script_impl(
../publishablew/vision/vision/venv/lib/python3.11/site-packages/torch/jit/_script.py:1147: in _script_impl
    return torch.jit._recursive.create_script_module(
../publishablew/vision/vision/venv/lib/python3.11/site-packages/torch/jit/_recursive.py:557: in create_script_module
    return create_script_module_impl(nn_module, concrete_type, stubs_fn)
../publishablew/vision/vision/venv/lib/python3.11/site-packages/torch/jit/_recursive.py:634: in create_script_module_impl
    create_methods_and_properties_from_stubs(
../publishablew/vision/vision/venv/lib/python3.11/site-packages/torch/jit/_recursive.py:466: in create_methods_and_properties_from_stubs
    concrete_type._create_methods_and_properties(
E   RuntimeError: Can't redefine method: forward on class: __torch__.torchvision.transforms.transforms.ConvertImageDtype (of Python compilation unit at: 0x6f85ae0)
_____________ test_convert_image_dtype[out_dtype3-in_dtype4-cuda] ______________
../publishablew/vision/vision/test/test_transforms_tensor.py:544: in test_convert_image_dtype
    scripted_fn = torch.jit.script(fn)
../publishablew/vision/vision/venv/lib/python3.11/site-packages/torch/jit/_script.py:1429: in script
    ret = _script_impl(
../publishablew/vision/vision/venv/lib/python3.11/site-packages/torch/jit/_script.py:1147: in _script_impl
    return torch.jit._recursive.create_script_module(
../publishablew/vision/vision/venv/lib/python3.11/site-packages/torch/jit/_recursive.py:557: in create_script_module
    return create_script_module_impl(nn_module, concrete_type, stubs_fn)
../publishablew/vision/vision/venv/lib/python3.11/site-packages/torch/jit/_recursive.py:634: in create_script_module_impl
    create_methods_and_properties_from_stubs(
../publishablew/vision/vision/venv/lib/python3.11/site-packages/torch/jit/_recursive.py:466: in create_methods_and_properties_from_stubs
    concrete_type._create_methods_and_properties(
E   RuntimeError: Can't redefine method: forward on class: __torch__.torchvision.transforms.transforms.ConvertImageDtype (of Python compilation unit at: 0x6f85ae0)
______________ test_convert_image_dtype[out_dtype3-in_dtype5-cpu] ______________
../publishablew/vision/vision/test/test_transforms_tensor.py:544: in test_convert_image_dtype
    scripted_fn = torch.jit.script(fn)
../publishablew/vision/vision/venv/lib/python3.11/site-packages/torch/jit/_script.py:1429: in script
    ret = _script_impl(
../publishablew/vision/vision/venv/lib/python3.11/site-packages/torch/jit/_script.py:1147: in _script_impl
    return torch.jit._recursive.create_script_module(
../publishablew/vision/vision/venv/lib/python3.11/site-packages/torch/jit/_recursive.py:557: in create_script_module
    return create_script_module_impl(nn_module, concrete_type, stubs_fn)
../publishablew/vision/vision/venv/lib/python3.11/site-packages/torch/jit/_recursive.py:634: in create_script_module_impl
    create_methods_and_properties_from_stubs(
../publishablew/vision/vision/venv/lib/python3.11/site-packages/torch/jit/_recursive.py:466: in create_methods_and_properties_from_stubs
    concrete_type._create_methods_and_properties(
E   RuntimeError: Can't redefine method: forward on class: __torch__.torchvision.transforms.transforms.ConvertImageDtype (of Python compilation unit at: 0x6f85ae0)
_____________ test_convert_image_dtype[out_dtype3-in_dtype5-cuda] ______________
../publishablew/vision/vision/test/test_transforms_tensor.py:544: in test_convert_image_dtype
    scripted_fn = torch.jit.script(fn)
../publishablew/vision/vision/venv/lib/python3.11/site-packages/torch/jit/_script.py:1429: in script
    ret = _script_impl(
../publishablew/vision/vision/venv/lib/python3.11/site-packages/torch/jit/_script.py:1147: in _script_impl
    return torch.jit._recursive.create_script_module(
../publishablew/vision/vision/venv/lib/python3.11/site-packages/torch/jit/_recursive.py:557: in create_script_module
    return create_script_module_impl(nn_module, concrete_type, stubs_fn)
../publishablew/vision/vision/venv/lib/python3.11/site-packages/torch/jit/_recursive.py:634: in create_script_module_impl
    create_methods_and_properties_from_stubs(
../publishablew/vision/vision/venv/lib/python3.11/site-packages/torch/jit/_recursive.py:466: in create_methods_and_properties_from_stubs
    concrete_type._create_methods_and_properties(
E   RuntimeError: Can't redefine method: forward on class: __torch__.torchvision.transforms.transforms.ConvertImageDtype (of Python compilation unit at: 0x6f85ae0)
______________ test_convert_image_dtype[out_dtype3-in_dtype6-cpu] ______________
../publishablew/vision/vision/test/test_transforms_tensor.py:544: in test_convert_image_dtype
    scripted_fn = torch.jit.script(fn)
../publishablew/vision/vision/venv/lib/python3.11/site-packages/torch/jit/_script.py:1429: in script
    ret = _script_impl(
../publishablew/vision/vision/venv/lib/python3.11/site-packages/torch/jit/_script.py:1147: in _script_impl
    return torch.jit._recursive.create_script_module(
../publishablew/vision/vision/venv/lib/python3.11/site-packages/torch/jit/_recursive.py:557: in create_script_module
    return create_script_module_impl(nn_module, concrete_type, stubs_fn)
../publishablew/vision/vision/venv/lib/python3.11/site-packages/torch/jit/_recursive.py:634: in create_script_module_impl
    create_methods_and_properties_from_stubs(
../publishablew/vision/vision/venv/lib/python3.11/site-packages/torch/jit/_recursive.py:466: in create_methods_and_properties_from_stubs
    concrete_type._create_methods_and_properties(
E   RuntimeError: Can't redefine method: forward on class: __torch__.torchvision.transforms.transforms.ConvertImageDtype (of Python compilation unit at: 0x6f85ae0)
_____________ test_convert_image_dtype[out_dtype3-in_dtype6-cuda] ______________
../publishablew/vision/vision/test/test_transforms_tensor.py:544: in test_convert_image_dtype
    scripted_fn = torch.jit.script(fn)
../publishablew/vision/vision/venv/lib/python3.11/site-packages/torch/jit/_script.py:1429: in script
    ret = _script_impl(
../publishablew/vision/vision/venv/lib/python3.11/site-packages/torch/jit/_script.py:1147: in _script_impl
    return torch.jit._recursive.create_script_module(
../publishablew/vision/vision/venv/lib/python3.11/site-packages/torch/jit/_recursive.py:557: in create_script_module
    return create_script_module_impl(nn_module, concrete_type, stubs_fn)
../publishablew/vision/vision/venv/lib/python3.11/site-packages/torch/jit/_recursive.py:634: in create_script_module_impl
    create_methods_and_properties_from_stubs(
../publishablew/vision/vision/venv/lib/python3.11/site-packages/torch/jit/_recursive.py:466: in create_methods_and_properties_from_stubs
    concrete_type._create_methods_and_properties(
E   RuntimeError: Can't redefine method: forward on class: __torch__.torchvision.transforms.transforms.ConvertImageDtype (of Python compilation unit at: 0x6f85ae0)
______________ test_convert_image_dtype[out_dtype4-in_dtype0-cpu] ______________
../publishablew/vision/vision/test/test_transforms_tensor.py:544: in test_convert_image_dtype
    scripted_fn = torch.jit.script(fn)
../publishablew/vision/vision/venv/lib/python3.11/site-packages/torch/jit/_script.py:1429: in script
    ret = _script_impl(
../publishablew/vision/vision/venv/lib/python3.11/site-packages/torch/jit/_script.py:1147: in _script_impl
    return torch.jit._recursive.create_script_module(
../publishablew/vision/vision/venv/lib/python3.11/site-packages/torch/jit/_recursive.py:557: in create_script_module
    return create_script_module_impl(nn_module, concrete_type, stubs_fn)
../publishablew/vision/vision/venv/lib/python3.11/site-packages/torch/jit/_recursive.py:634: in create_script_module_impl
    create_methods_and_properties_from_stubs(
../publishablew/vision/vision/venv/lib/python3.11/site-packages/torch/jit/_recursive.py:466: in create_methods_and_properties_from_stubs
    concrete_type._create_methods_and_properties(
E   RuntimeError: Can't redefine method: forward on class: __torch__.torchvision.transforms.transforms.ConvertImageDtype (of Python compilation unit at: 0x6f85ae0)
_____________ test_convert_image_dtype[out_dtype4-in_dtype0-cuda] ______________
../publishablew/vision/vision/test/test_transforms_tensor.py:544: in test_convert_image_dtype
    scripted_fn = torch.jit.script(fn)
../publishablew/vision/vision/venv/lib/python3.11/site-packages/torch/jit/_script.py:1429: in script
    ret = _script_impl(
../publishablew/vision/vision/venv/lib/python3.11/site-packages/torch/jit/_script.py:1147: in _script_impl
    return torch.jit._recursive.create_script_module(
../publishablew/vision/vision/venv/lib/python3.11/site-packages/torch/jit/_recursive.py:557: in create_script_module
    return create_script_module_impl(nn_module, concrete_type, stubs_fn)
../publishablew/vision/vision/venv/lib/python3.11/site-packages/torch/jit/_recursive.py:634: in create_script_module_impl
    create_methods_and_properties_from_stubs(
../publishablew/vision/vision/venv/lib/python3.11/site-packages/torch/jit/_recursive.py:466: in create_methods_and_properties_from_stubs
    concrete_type._create_methods_and_properties(
E   RuntimeError: Can't redefine method: forward on class: __torch__.torchvision.transforms.transforms.ConvertImageDtype (of Python compilation unit at: 0x6f85ae0)
______________ test_convert_image_dtype[out_dtype4-in_dtype1-cpu] ______________
../publishablew/vision/vision/test/test_transforms_tensor.py:544: in test_convert_image_dtype
    scripted_fn = torch.jit.script(fn)
../publishablew/vision/vision/venv/lib/python3.11/site-packages/torch/jit/_script.py:1429: in script
    ret = _script_impl(
../publishablew/vision/vision/venv/lib/python3.11/site-packages/torch/jit/_script.py:1147: in _script_impl
    return torch.jit._recursive.create_script_module(
../publishablew/vision/vision/venv/lib/python3.11/site-packages/torch/jit/_recursive.py:557: in create_script_module
    return create_script_module_impl(nn_module, concrete_type, stubs_fn)
../publishablew/vision/vision/venv/lib/python3.11/site-packages/torch/jit/_recursive.py:634: in create_script_module_impl
    create_methods_and_properties_from_stubs(
../publishablew/vision/vision/venv/lib/python3.11/site-packages/torch/jit/_recursive.py:466: in create_methods_and_properties_from_stubs
    concrete_type._create_methods_and_properties(
E   RuntimeError: Can't redefine method: forward on class: __torch__.torchvision.transforms.transforms.ConvertImageDtype (of Python compilation unit at: 0x6f85ae0)
_____________ test_convert_image_dtype[out_dtype4-in_dtype1-cuda] ______________
../publishablew/vision/vision/test/test_transforms_tensor.py:544: in test_convert_image_dtype
    scripted_fn = torch.jit.script(fn)
../publishablew/vision/vision/venv/lib/python3.11/site-packages/torch/jit/_script.py:1429: in script
    ret = _script_impl(
../publishablew/vision/vision/venv/lib/python3.11/site-packages/torch/jit/_script.py:1147: in _script_impl
    return torch.jit._recursive.create_script_module(
../publishablew/vision/vision/venv/lib/python3.11/site-packages/torch/jit/_recursive.py:557: in create_script_module
    return create_script_module_impl(nn_module, concrete_type, stubs_fn)
../publishablew/vision/vision/venv/lib/python3.11/site-packages/torch/jit/_recursive.py:634: in create_script_module_impl
    create_methods_and_properties_from_stubs(
../publishablew/vision/vision/venv/lib/python3.11/site-packages/torch/jit/_recursive.py:466: in create_methods_and_properties_from_stubs
    concrete_type._create_methods_and_properties(
E   RuntimeError: Can't redefine method: forward on class: __torch__.torchvision.transforms.transforms.ConvertImageDtype (of Python compilation unit at: 0x6f85ae0)
______________ test_convert_image_dtype[out_dtype4-in_dtype2-cpu] ______________
../publishablew/vision/vision/test/test_transforms_tensor.py:544: in test_convert_image_dtype
    scripted_fn = torch.jit.script(fn)
../publishablew/vision/vision/venv/lib/python3.11/site-packages/torch/jit/_script.py:1429: in script
    ret = _script_impl(
../publishablew/vision/vision/venv/lib/python3.11/site-packages/torch/jit/_script.py:1147: in _script_impl
    return torch.jit._recursive.create_script_module(
../publishablew/vision/vision/venv/lib/python3.11/site-packages/torch/jit/_recursive.py:557: in create_script_module
    return create_script_module_impl(nn_module, concrete_type, stubs_fn)
../publishablew/vision/vision/venv/lib/python3.11/site-packages/torch/jit/_recursive.py:634: in create_script_module_impl
    create_methods_and_properties_from_stubs(
../publishablew/vision/vision/venv/lib/python3.11/site-packages/torch/jit/_recursive.py:466: in create_methods_and_properties_from_stubs
    concrete_type._create_methods_and_properties(
E   RuntimeError: Can't redefine method: forward on class: __torch__.torchvision.transforms.transforms.ConvertImageDtype (of Python compilation unit at: 0x6f85ae0)
_____________ test_convert_image_dtype[out_dtype4-in_dtype2-cuda] ______________
../publishablew/vision/vision/test/test_transforms_tensor.py:544: in test_convert_image_dtype
    scripted_fn = torch.jit.script(fn)
../publishablew/vision/vision/venv/lib/python3.11/site-packages/torch/jit/_script.py:1429: in script
    ret = _script_impl(
../publishablew/vision/vision/venv/lib/python3.11/site-packages/torch/jit/_script.py:1147: in _script_impl
    return torch.jit._recursive.create_script_module(
../publishablew/vision/vision/venv/lib/python3.11/site-packages/torch/jit/_recursive.py:557: in create_script_module
    return create_script_module_impl(nn_module, concrete_type, stubs_fn)
../publishablew/vision/vision/venv/lib/python3.11/site-packages/torch/jit/_recursive.py:634: in create_script_module_impl
    create_methods_and_properties_from_stubs(
../publishablew/vision/vision/venv/lib/python3.11/site-packages/torch/jit/_recursive.py:466: in create_methods_and_properties_from_stubs
    concrete_type._create_methods_and_properties(
E   RuntimeError: Can't redefine method: forward on class: __torch__.torchvision.transforms.transforms.ConvertImageDtype (of Python compilation unit at: 0x6f85ae0)
______________ test_convert_image_dtype[out_dtype4-in_dtype3-cpu] ______________
../publishablew/vision/vision/test/test_transforms_tensor.py:544: in test_convert_image_dtype
    scripted_fn = torch.jit.script(fn)
../publishablew/vision/vision/venv/lib/python3.11/site-packages/torch/jit/_script.py:1429: in script
    ret = _script_impl(
../publishablew/vision/vision/venv/lib/python3.11/site-packages/torch/jit/_script.py:1147: in _script_impl
    return torch.jit._recursive.create_script_module(
../publishablew/vision/vision/venv/lib/python3.11/site-packages/torch/jit/_recursive.py:557: in create_script_module
    return create_script_module_impl(nn_module, concrete_type, stubs_fn)
../publishablew/vision/vision/venv/lib/python3.11/site-packages/torch/jit/_recursive.py:634: in create_script_module_impl
    create_methods_and_properties_from_stubs(
../publishablew/vision/vision/venv/lib/python3.11/site-packages/torch/jit/_recursive.py:466: in create_methods_and_properties_from_stubs
    concrete_type._create_methods_and_properties(
E   RuntimeError: Can't redefine method: forward on class: __torch__.torchvision.transforms.transforms.ConvertImageDtype (of Python compilation unit at: 0x6f85ae0)
_____________ test_convert_image_dtype[out_dtype4-in_dtype3-cuda] ______________
../publishablew/vision/vision/test/test_transforms_tensor.py:544: in test_convert_image_dtype
    scripted_fn = torch.jit.script(fn)
../publishablew/vision/vision/venv/lib/python3.11/site-packages/torch/jit/_script.py:1429: in script
    ret = _script_impl(
../publishablew/vision/vision/venv/lib/python3.11/site-packages/torch/jit/_script.py:1147: in _script_impl
    return torch.jit._recursive.create_script_module(
../publishablew/vision/vision/venv/lib/python3.11/site-packages/torch/jit/_recursive.py:557: in create_script_module
    return create_script_module_impl(nn_module, concrete_type, stubs_fn)
../publishablew/vision/vision/venv/lib/python3.11/site-packages/torch/jit/_recursive.py:634: in create_script_module_impl
    create_methods_and_properties_from_stubs(
../publishablew/vision/vision/venv/lib/python3.11/site-packages/torch/jit/_recursive.py:466: in create_methods_and_properties_from_stubs
    concrete_type._create_methods_and_properties(
E   RuntimeError: Can't redefine method: forward on class: __torch__.torchvision.transforms.transforms.ConvertImageDtype (of Python compilation unit at: 0x6f85ae0)
______________ test_convert_image_dtype[out_dtype4-in_dtype4-cpu] ______________
../publishablew/vision/vision/test/test_transforms_tensor.py:544: in test_convert_image_dtype
    scripted_fn = torch.jit.script(fn)
../publishablew/vision/vision/venv/lib/python3.11/site-packages/torch/jit/_script.py:1429: in script
    ret = _script_impl(
../publishablew/vision/vision/venv/lib/python3.11/site-packages/torch/jit/_script.py:1147: in _script_impl
    return torch.jit._recursive.create_script_module(
../publishablew/vision/vision/venv/lib/python3.11/site-packages/torch/jit/_recursive.py:557: in create_script_module
    return create_script_module_impl(nn_module, concrete_type, stubs_fn)
../publishablew/vision/vision/venv/lib/python3.11/site-packages/torch/jit/_recursive.py:634: in create_script_module_impl
    create_methods_and_properties_from_stubs(
../publishablew/vision/vision/venv/lib/python3.11/site-packages/torch/jit/_recursive.py:466: in create_methods_and_properties_from_stubs
    concrete_type._create_methods_and_properties(
E   RuntimeError: Can't redefine method: forward on class: __torch__.torchvision.transforms.transforms.ConvertImageDtype (of Python compilation unit at: 0x6f85ae0)
_____________ test_convert_image_dtype[out_dtype4-in_dtype4-cuda] ______________
../publishablew/vision/vision/test/test_transforms_tensor.py:544: in test_convert_image_dtype
    scripted_fn = torch.jit.script(fn)
../publishablew/vision/vision/venv/lib/python3.11/site-packages/torch/jit/_script.py:1429: in script
    ret = _script_impl(
../publishablew/vision/vision/venv/lib/python3.11/site-packages/torch/jit/_script.py:1147: in _script_impl
    return torch.jit._recursive.create_script_module(
../publishablew/vision/vision/venv/lib/python3.11/site-packages/torch/jit/_recursive.py:557: in create_script_module
    return create_script_module_impl(nn_module, concrete_type, stubs_fn)
../publishablew/vision/vision/venv/lib/python3.11/site-packages/torch/jit/_recursive.py:634: in create_script_module_impl
    create_methods_and_properties_from_stubs(
../publishablew/vision/vision/venv/lib/python3.11/site-packages/torch/jit/_recursive.py:466: in create_methods_and_properties_from_stubs
    concrete_type._create_methods_and_properties(
E   RuntimeError: Can't redefine method: forward on class: __torch__.torchvision.transforms.transforms.ConvertImageDtype (of Python compilation unit at: 0x6f85ae0)
______________ test_convert_image_dtype[out_dtype4-in_dtype5-cpu] ______________
../publishablew/vision/vision/test/test_transforms_tensor.py:544: in test_convert_image_dtype
    scripted_fn = torch.jit.script(fn)
../publishablew/vision/vision/venv/lib/python3.11/site-packages/torch/jit/_script.py:1429: in script
    ret = _script_impl(
../publishablew/vision/vision/venv/lib/python3.11/site-packages/torch/jit/_script.py:1147: in _script_impl
    return torch.jit._recursive.create_script_module(
../publishablew/vision/vision/venv/lib/python3.11/site-packages/torch/jit/_recursive.py:557: in create_script_module
    return create_script_module_impl(nn_module, concrete_type, stubs_fn)
../publishablew/vision/vision/venv/lib/python3.11/site-packages/torch/jit/_recursive.py:634: in create_script_module_impl
    create_methods_and_properties_from_stubs(
../publishablew/vision/vision/venv/lib/python3.11/site-packages/torch/jit/_recursive.py:466: in create_methods_and_properties_from_stubs
    concrete_type._create_methods_and_properties(
E   RuntimeError: Can't redefine method: forward on class: __torch__.torchvision.transforms.transforms.ConvertImageDtype (of Python compilation unit at: 0x6f85ae0)
_____________ test_convert_image_dtype[out_dtype4-in_dtype5-cuda] ______________
../publishablew/vision/vision/test/test_transforms_tensor.py:544: in test_convert_image_dtype
    scripted_fn = torch.jit.script(fn)
../publishablew/vision/vision/venv/lib/python3.11/site-packages/torch/jit/_script.py:1429: in script
    ret = _script_impl(
../publishablew/vision/vision/venv/lib/python3.11/site-packages/torch/jit/_script.py:1147: in _script_impl
    return torch.jit._recursive.create_script_module(
../publishablew/vision/vision/venv/lib/python3.11/site-packages/torch/jit/_recursive.py:557: in create_script_module
    return create_script_module_impl(nn_module, concrete_type, stubs_fn)
../publishablew/vision/vision/venv/lib/python3.11/site-packages/torch/jit/_recursive.py:634: in create_script_module_impl
    create_methods_and_properties_from_stubs(
../publishablew/vision/vision/venv/lib/python3.11/site-packages/torch/jit/_recursive.py:466: in create_methods_and_properties_from_stubs
    concrete_type._create_methods_and_properties(
E   RuntimeError: Can't redefine method: forward on class: __torch__.torchvision.transforms.transforms.ConvertImageDtype (of Python compilation unit at: 0x6f85ae0)
______________ test_convert_image_dtype[out_dtype4-in_dtype6-cpu] ______________
../publishablew/vision/vision/test/test_transforms_tensor.py:544: in test_convert_image_dtype
    scripted_fn = torch.jit.script(fn)
../publishablew/vision/vision/venv/lib/python3.11/site-packages/torch/jit/_script.py:1429: in script
    ret = _script_impl(
../publishablew/vision/vision/venv/lib/python3.11/site-packages/torch/jit/_script.py:1147: in _script_impl
    return torch.jit._recursive.create_script_module(
../publishablew/vision/vision/venv/lib/python3.11/site-packages/torch/jit/_recursive.py:557: in create_script_module
    return create_script_module_impl(nn_module, concrete_type, stubs_fn)
../publishablew/vision/vision/venv/lib/python3.11/site-packages/torch/jit/_recursive.py:634: in create_script_module_impl
    create_methods_and_properties_from_stubs(
../publishablew/vision/vision/venv/lib/python3.11/site-packages/torch/jit/_recursive.py:466: in create_methods_and_properties_from_stubs
    concrete_type._create_methods_and_properties(
E   RuntimeError: Can't redefine method: forward on class: __torch__.torchvision.transforms.transforms.ConvertImageDtype (of Python compilation unit at: 0x6f85ae0)
_____________ test_convert_image_dtype[out_dtype4-in_dtype6-cuda] ______________
../publishablew/vision/vision/test/test_transforms_tensor.py:544: in test_convert_image_dtype
    scripted_fn = torch.jit.script(fn)
../publishablew/vision/vision/venv/lib/python3.11/site-packages/torch/jit/_script.py:1429: in script
    ret = _script_impl(
../publishablew/vision/vision/venv/lib/python3.11/site-packages/torch/jit/_script.py:1147: in _script_impl
    return torch.jit._recursive.create_script_module(
../publishablew/vision/vision/venv/lib/python3.11/site-packages/torch/jit/_recursive.py:557: in create_script_module
    return create_script_module_impl(nn_module, concrete_type, stubs_fn)
../publishablew/vision/vision/venv/lib/python3.11/site-packages/torch/jit/_recursive.py:634: in create_script_module_impl
    create_methods_and_properties_from_stubs(
../publishablew/vision/vision/venv/lib/python3.11/site-packages/torch/jit/_recursive.py:466: in create_methods_and_properties_from_stubs
    concrete_type._create_methods_and_properties(
E   RuntimeError: Can't redefine method: forward on class: __torch__.torchvision.transforms.transforms.ConvertImageDtype (of Python compilation unit at: 0x6f85ae0)
______________ test_convert_image_dtype[out_dtype5-in_dtype0-cpu] ______________
../publishablew/vision/vision/test/test_transforms_tensor.py:544: in test_convert_image_dtype
    scripted_fn = torch.jit.script(fn)
../publishablew/vision/vision/venv/lib/python3.11/site-packages/torch/jit/_script.py:1429: in script
    ret = _script_impl(
../publishablew/vision/vision/venv/lib/python3.11/site-packages/torch/jit/_script.py:1147: in _script_impl
    return torch.jit._recursive.create_script_module(
../publishablew/vision/vision/venv/lib/python3.11/site-packages/torch/jit/_recursive.py:557: in create_script_module
    return create_script_module_impl(nn_module, concrete_type, stubs_fn)
../publishablew/vision/vision/venv/lib/python3.11/site-packages/torch/jit/_recursive.py:634: in create_script_module_impl
    create_methods_and_properties_from_stubs(
../publishablew/vision/vision/venv/lib/python3.11/site-packages/torch/jit/_recursive.py:466: in create_methods_and_properties_from_stubs
    concrete_type._create_methods_and_properties(
E   RuntimeError: Can't redefine method: forward on class: __torch__.torchvision.transforms.transforms.ConvertImageDtype (of Python compilation unit at: 0x6f85ae0)
_____________ test_convert_image_dtype[out_dtype5-in_dtype0-cuda] ______________
../publishablew/vision/vision/test/test_transforms_tensor.py:544: in test_convert_image_dtype
    scripted_fn = torch.jit.script(fn)
../publishablew/vision/vision/venv/lib/python3.11/site-packages/torch/jit/_script.py:1429: in script
    ret = _script_impl(
../publishablew/vision/vision/venv/lib/python3.11/site-packages/torch/jit/_script.py:1147: in _script_impl
    return torch.jit._recursive.create_script_module(
../publishablew/vision/vision/venv/lib/python3.11/site-packages/torch/jit/_recursive.py:557: in create_script_module
    return create_script_module_impl(nn_module, concrete_type, stubs_fn)
../publishablew/vision/vision/venv/lib/python3.11/site-packages/torch/jit/_recursive.py:634: in create_script_module_impl
    create_methods_and_properties_from_stubs(
../publishablew/vision/vision/venv/lib/python3.11/site-packages/torch/jit/_recursive.py:466: in create_methods_and_properties_from_stubs
    concrete_type._create_methods_and_properties(
E   RuntimeError: Can't redefine method: forward on class: __torch__.torchvision.transforms.transforms.ConvertImageDtype (of Python compilation unit at: 0x6f85ae0)
______________ test_convert_image_dtype[out_dtype5-in_dtype1-cpu] ______________
../publishablew/vision/vision/test/test_transforms_tensor.py:544: in test_convert_image_dtype
    scripted_fn = torch.jit.script(fn)
../publishablew/vision/vision/venv/lib/python3.11/site-packages/torch/jit/_script.py:1429: in script
    ret = _script_impl(
../publishablew/vision/vision/venv/lib/python3.11/site-packages/torch/jit/_script.py:1147: in _script_impl
    return torch.jit._recursive.create_script_module(
../publishablew/vision/vision/venv/lib/python3.11/site-packages/torch/jit/_recursive.py:557: in create_script_module
    return create_script_module_impl(nn_module, concrete_type, stubs_fn)
../publishablew/vision/vision/venv/lib/python3.11/site-packages/torch/jit/_recursive.py:634: in create_script_module_impl
    create_methods_and_properties_from_stubs(
../publishablew/vision/vision/venv/lib/python3.11/site-packages/torch/jit/_recursive.py:466: in create_methods_and_properties_from_stubs
    concrete_type._create_methods_and_properties(
E   RuntimeError: Can't redefine method: forward on class: __torch__.torchvision.transforms.transforms.ConvertImageDtype (of Python compilation unit at: 0x6f85ae0)
_____________ test_convert_image_dtype[out_dtype5-in_dtype1-cuda] ______________
../publishablew/vision/vision/test/test_transforms_tensor.py:544: in test_convert_image_dtype
    scripted_fn = torch.jit.script(fn)
../publishablew/vision/vision/venv/lib/python3.11/site-packages/torch/jit/_script.py:1429: in script
    ret = _script_impl(
../publishablew/vision/vision/venv/lib/python3.11/site-packages/torch/jit/_script.py:1147: in _script_impl
    return torch.jit._recursive.create_script_module(
../publishablew/vision/vision/venv/lib/python3.11/site-packages/torch/jit/_recursive.py:557: in create_script_module
    return create_script_module_impl(nn_module, concrete_type, stubs_fn)
../publishablew/vision/vision/venv/lib/python3.11/site-packages/torch/jit/_recursive.py:634: in create_script_module_impl
    create_methods_and_properties_from_stubs(
../publishablew/vision/vision/venv/lib/python3.11/site-packages/torch/jit/_recursive.py:466: in create_methods_and_properties_from_stubs
    concrete_type._create_methods_and_properties(
E   RuntimeError: Can't redefine method: forward on class: __torch__.torchvision.transforms.transforms.ConvertImageDtype (of Python compilation unit at: 0x6f85ae0)
______________ test_convert_image_dtype[out_dtype5-in_dtype2-cpu] ______________
../publishablew/vision/vision/test/test_transforms_tensor.py:544: in test_convert_image_dtype
    scripted_fn = torch.jit.script(fn)
../publishablew/vision/vision/venv/lib/python3.11/site-packages/torch/jit/_script.py:1429: in script
    ret = _script_impl(
../publishablew/vision/vision/venv/lib/python3.11/site-packages/torch/jit/_script.py:1147: in _script_impl
    return torch.jit._recursive.create_script_module(
../publishablew/vision/vision/venv/lib/python3.11/site-packages/torch/jit/_recursive.py:557: in create_script_module
    return create_script_module_impl(nn_module, concrete_type, stubs_fn)
../publishablew/vision/vision/venv/lib/python3.11/site-packages/torch/jit/_recursive.py:634: in create_script_module_impl
    create_methods_and_properties_from_stubs(
../publishablew/vision/vision/venv/lib/python3.11/site-packages/torch/jit/_recursive.py:466: in create_methods_and_properties_from_stubs
    concrete_type._create_methods_and_properties(
E   RuntimeError: Can't redefine method: forward on class: __torch__.torchvision.transforms.transforms.ConvertImageDtype (of Python compilation unit at: 0x6f85ae0)
_____________ test_convert_image_dtype[out_dtype5-in_dtype2-cuda] ______________
../publishablew/vision/vision/test/test_transforms_tensor.py:544: in test_convert_image_dtype
    scripted_fn = torch.jit.script(fn)
../publishablew/vision/vision/venv/lib/python3.11/site-packages/torch/jit/_script.py:1429: in script
    ret = _script_impl(
../publishablew/vision/vision/venv/lib/python3.11/site-packages/torch/jit/_script.py:1147: in _script_impl
    return torch.jit._recursive.create_script_module(
../publishablew/vision/vision/venv/lib/python3.11/site-packages/torch/jit/_recursive.py:557: in create_script_module
    return create_script_module_impl(nn_module, concrete_type, stubs_fn)
../publishablew/vision/vision/venv/lib/python3.11/site-packages/torch/jit/_recursive.py:634: in create_script_module_impl
    create_methods_and_properties_from_stubs(
../publishablew/vision/vision/venv/lib/python3.11/site-packages/torch/jit/_recursive.py:466: in create_methods_and_properties_from_stubs
    concrete_type._create_methods_and_properties(
E   RuntimeError: Can't redefine method: forward on class: __torch__.torchvision.transforms.transforms.ConvertImageDtype (of Python compilation unit at: 0x6f85ae0)
______________ test_convert_image_dtype[out_dtype5-in_dtype3-cpu] ______________
../publishablew/vision/vision/test/test_transforms_tensor.py:544: in test_convert_image_dtype
    scripted_fn = torch.jit.script(fn)
../publishablew/vision/vision/venv/lib/python3.11/site-packages/torch/jit/_script.py:1429: in script
    ret = _script_impl(
../publishablew/vision/vision/venv/lib/python3.11/site-packages/torch/jit/_script.py:1147: in _script_impl
    return torch.jit._recursive.create_script_module(
../publishablew/vision/vision/venv/lib/python3.11/site-packages/torch/jit/_recursive.py:557: in create_script_module
    return create_script_module_impl(nn_module, concrete_type, stubs_fn)
../publishablew/vision/vision/venv/lib/python3.11/site-packages/torch/jit/_recursive.py:634: in create_script_module_impl
    create_methods_and_properties_from_stubs(
../publishablew/vision/vision/venv/lib/python3.11/site-packages/torch/jit/_recursive.py:466: in create_methods_and_properties_from_stubs
    concrete_type._create_methods_and_properties(
E   RuntimeError: Can't redefine method: forward on class: __torch__.torchvision.transforms.transforms.ConvertImageDtype (of Python compilation unit at: 0x6f85ae0)
_____________ test_convert_image_dtype[out_dtype5-in_dtype3-cuda] ______________
../publishablew/vision/vision/test/test_transforms_tensor.py:544: in test_convert_image_dtype
    scripted_fn = torch.jit.script(fn)
../publishablew/vision/vision/venv/lib/python3.11/site-packages/torch/jit/_script.py:1429: in script
    ret = _script_impl(
../publishablew/vision/vision/venv/lib/python3.11/site-packages/torch/jit/_script.py:1147: in _script_impl
    return torch.jit._recursive.create_script_module(
../publishablew/vision/vision/venv/lib/python3.11/site-packages/torch/jit/_recursive.py:557: in create_script_module
    return create_script_module_impl(nn_module, concrete_type, stubs_fn)
../publishablew/vision/vision/venv/lib/python3.11/site-packages/torch/jit/_recursive.py:634: in create_script_module_impl
    create_methods_and_properties_from_stubs(
../publishablew/vision/vision/venv/lib/python3.11/site-packages/torch/jit/_recursive.py:466: in create_methods_and_properties_from_stubs
    concrete_type._create_methods_and_properties(
E   RuntimeError: Can't redefine method: forward on class: __torch__.torchvision.transforms.transforms.ConvertImageDtype (of Python compilation unit at: 0x6f85ae0)
______________ test_convert_image_dtype[out_dtype5-in_dtype4-cpu] ______________
../publishablew/vision/vision/test/test_transforms_tensor.py:544: in test_convert_image_dtype
    scripted_fn = torch.jit.script(fn)
../publishablew/vision/vision/venv/lib/python3.11/site-packages/torch/jit/_script.py:1429: in script
    ret = _script_impl(
../publishablew/vision/vision/venv/lib/python3.11/site-packages/torch/jit/_script.py:1147: in _script_impl
    return torch.jit._recursive.create_script_module(
../publishablew/vision/vision/venv/lib/python3.11/site-packages/torch/jit/_recursive.py:557: in create_script_module
    return create_script_module_impl(nn_module, concrete_type, stubs_fn)
../publishablew/vision/vision/venv/lib/python3.11/site-packages/torch/jit/_recursive.py:634: in create_script_module_impl
    create_methods_and_properties_from_stubs(
../publishablew/vision/vision/venv/lib/python3.11/site-packages/torch/jit/_recursive.py:466: in create_methods_and_properties_from_stubs
    concrete_type._create_methods_and_properties(
E   RuntimeError: Can't redefine method: forward on class: __torch__.torchvision.transforms.transforms.ConvertImageDtype (of Python compilation unit at: 0x6f85ae0)
_____________ test_convert_image_dtype[out_dtype5-in_dtype4-cuda] ______________
../publishablew/vision/vision/test/test_transforms_tensor.py:544: in test_convert_image_dtype
    scripted_fn = torch.jit.script(fn)
../publishablew/vision/vision/venv/lib/python3.11/site-packages/torch/jit/_script.py:1429: in script
    ret = _script_impl(
../publishablew/vision/vision/venv/lib/python3.11/site-packages/torch/jit/_script.py:1147: in _script_impl
    return torch.jit._recursive.create_script_module(
../publishablew/vision/vision/venv/lib/python3.11/site-packages/torch/jit/_recursive.py:557: in create_script_module
    return create_script_module_impl(nn_module, concrete_type, stubs_fn)
../publishablew/vision/vision/venv/lib/python3.11/site-packages/torch/jit/_recursive.py:634: in create_script_module_impl
    create_methods_and_properties_from_stubs(
../publishablew/vision/vision/venv/lib/python3.11/site-packages/torch/jit/_recursive.py:466: in create_methods_and_properties_from_stubs
    concrete_type._create_methods_and_properties(
E   RuntimeError: Can't redefine method: forward on class: __torch__.torchvision.transforms.transforms.ConvertImageDtype (of Python compilation unit at: 0x6f85ae0)
______________ test_convert_image_dtype[out_dtype5-in_dtype5-cpu] ______________
../publishablew/vision/vision/test/test_transforms_tensor.py:544: in test_convert_image_dtype
    scripted_fn = torch.jit.script(fn)
../publishablew/vision/vision/venv/lib/python3.11/site-packages/torch/jit/_script.py:1429: in script
    ret = _script_impl(
../publishablew/vision/vision/venv/lib/python3.11/site-packages/torch/jit/_script.py:1147: in _script_impl
    return torch.jit._recursive.create_script_module(
../publishablew/vision/vision/venv/lib/python3.11/site-packages/torch/jit/_recursive.py:557: in create_script_module
    return create_script_module_impl(nn_module, concrete_type, stubs_fn)
../publishablew/vision/vision/venv/lib/python3.11/site-packages/torch/jit/_recursive.py:634: in create_script_module_impl
    create_methods_and_properties_from_stubs(
../publishablew/vision/vision/venv/lib/python3.11/site-packages/torch/jit/_recursive.py:466: in create_methods_and_properties_from_stubs
    concrete_type._create_methods_and_properties(
E   RuntimeError: Can't redefine method: forward on class: __torch__.torchvision.transforms.transforms.ConvertImageDtype (of Python compilation unit at: 0x6f85ae0)
_____________ test_convert_image_dtype[out_dtype5-in_dtype5-cuda] ______________
../publishablew/vision/vision/test/test_transforms_tensor.py:544: in test_convert_image_dtype
    scripted_fn = torch.jit.script(fn)
../publishablew/vision/vision/venv/lib/python3.11/site-packages/torch/jit/_script.py:1429: in script
    ret = _script_impl(
../publishablew/vision/vision/venv/lib/python3.11/site-packages/torch/jit/_script.py:1147: in _script_impl
    return torch.jit._recursive.create_script_module(
../publishablew/vision/vision/venv/lib/python3.11/site-packages/torch/jit/_recursive.py:557: in create_script_module
    return create_script_module_impl(nn_module, concrete_type, stubs_fn)
../publishablew/vision/vision/venv/lib/python3.11/site-packages/torch/jit/_recursive.py:634: in create_script_module_impl
    create_methods_and_properties_from_stubs(
../publishablew/vision/vision/venv/lib/python3.11/site-packages/torch/jit/_recursive.py:466: in create_methods_and_properties_from_stubs
    concrete_type._create_methods_and_properties(
E   RuntimeError: Can't redefine method: forward on class: __torch__.torchvision.transforms.transforms.ConvertImageDtype (of Python compilation unit at: 0x6f85ae0)
______________ test_convert_image_dtype[out_dtype5-in_dtype6-cpu] ______________
../publishablew/vision/vision/test/test_transforms_tensor.py:544: in test_convert_image_dtype
    scripted_fn = torch.jit.script(fn)
../publishablew/vision/vision/venv/lib/python3.11/site-packages/torch/jit/_script.py:1429: in script
    ret = _script_impl(
../publishablew/vision/vision/venv/lib/python3.11/site-packages/torch/jit/_script.py:1147: in _script_impl
    return torch.jit._recursive.create_script_module(
../publishablew/vision/vision/venv/lib/python3.11/site-packages/torch/jit/_recursive.py:557: in create_script_module
    return create_script_module_impl(nn_module, concrete_type, stubs_fn)
../publishablew/vision/vision/venv/lib/python3.11/site-packages/torch/jit/_recursive.py:634: in create_script_module_impl
    create_methods_and_properties_from_stubs(
../publishablew/vision/vision/venv/lib/python3.11/site-packages/torch/jit/_recursive.py:466: in create_methods_and_properties_from_stubs
    concrete_type._create_methods_and_properties(
E   RuntimeError: Can't redefine method: forward on class: __torch__.torchvision.transforms.transforms.ConvertImageDtype (of Python compilation unit at: 0x6f85ae0)
_____________ test_convert_image_dtype[out_dtype5-in_dtype6-cuda] ______________
../publishablew/vision/vision/test/test_transforms_tensor.py:544: in test_convert_image_dtype
    scripted_fn = torch.jit.script(fn)
../publishablew/vision/vision/venv/lib/python3.11/site-packages/torch/jit/_script.py:1429: in script
    ret = _script_impl(
../publishablew/vision/vision/venv/lib/python3.11/site-packages/torch/jit/_script.py:1147: in _script_impl
    return torch.jit._recursive.create_script_module(
../publishablew/vision/vision/venv/lib/python3.11/site-packages/torch/jit/_recursive.py:557: in create_script_module
    return create_script_module_impl(nn_module, concrete_type, stubs_fn)
../publishablew/vision/vision/venv/lib/python3.11/site-packages/torch/jit/_recursive.py:634: in create_script_module_impl
    create_methods_and_properties_from_stubs(
../publishablew/vision/vision/venv/lib/python3.11/site-packages/torch/jit/_recursive.py:466: in create_methods_and_properties_from_stubs
    concrete_type._create_methods_and_properties(
E   RuntimeError: Can't redefine method: forward on class: __torch__.torchvision.transforms.transforms.ConvertImageDtype (of Python compilation unit at: 0x6f85ae0)
______________ test_convert_image_dtype[out_dtype6-in_dtype0-cpu] ______________
../publishablew/vision/vision/test/test_transforms_tensor.py:544: in test_convert_image_dtype
    scripted_fn = torch.jit.script(fn)
../publishablew/vision/vision/venv/lib/python3.11/site-packages/torch/jit/_script.py:1429: in script
    ret = _script_impl(
../publishablew/vision/vision/venv/lib/python3.11/site-packages/torch/jit/_script.py:1147: in _script_impl
    return torch.jit._recursive.create_script_module(
../publishablew/vision/vision/venv/lib/python3.11/site-packages/torch/jit/_recursive.py:557: in create_script_module
    return create_script_module_impl(nn_module, concrete_type, stubs_fn)
../publishablew/vision/vision/venv/lib/python3.11/site-packages/torch/jit/_recursive.py:634: in create_script_module_impl
    create_methods_and_properties_from_stubs(
../publishablew/vision/vision/venv/lib/python3.11/site-packages/torch/jit/_recursive.py:466: in create_methods_and_properties_from_stubs
    concrete_type._create_methods_and_properties(
E   RuntimeError: Can't redefine method: forward on class: __torch__.torchvision.transforms.transforms.ConvertImageDtype (of Python compilation unit at: 0x6f85ae0)
_____________ test_convert_image_dtype[out_dtype6-in_dtype0-cuda] ______________
../publishablew/vision/vision/test/test_transforms_tensor.py:544: in test_convert_image_dtype
    scripted_fn = torch.jit.script(fn)
../publishablew/vision/vision/venv/lib/python3.11/site-packages/torch/jit/_script.py:1429: in script
    ret = _script_impl(
../publishablew/vision/vision/venv/lib/python3.11/site-packages/torch/jit/_script.py:1147: in _script_impl
    return torch.jit._recursive.create_script_module(
../publishablew/vision/vision/venv/lib/python3.11/site-packages/torch/jit/_recursive.py:557: in create_script_module
    return create_script_module_impl(nn_module, concrete_type, stubs_fn)
../publishablew/vision/vision/venv/lib/python3.11/site-packages/torch/jit/_recursive.py:634: in create_script_module_impl
    create_methods_and_properties_from_stubs(
../publishablew/vision/vision/venv/lib/python3.11/site-packages/torch/jit/_recursive.py:466: in create_methods_and_properties_from_stubs
    concrete_type._create_methods_and_properties(
E   RuntimeError: Can't redefine method: forward on class: __torch__.torchvision.transforms.transforms.ConvertImageDtype (of Python compilation unit at: 0x6f85ae0)
______________ test_convert_image_dtype[out_dtype6-in_dtype1-cpu] ______________
../publishablew/vision/vision/test/test_transforms_tensor.py:544: in test_convert_image_dtype
    scripted_fn = torch.jit.script(fn)
../publishablew/vision/vision/venv/lib/python3.11/site-packages/torch/jit/_script.py:1429: in script
    ret = _script_impl(
../publishablew/vision/vision/venv/lib/python3.11/site-packages/torch/jit/_script.py:1147: in _script_impl
    return torch.jit._recursive.create_script_module(
../publishablew/vision/vision/venv/lib/python3.11/site-packages/torch/jit/_recursive.py:557: in create_script_module
    return create_script_module_impl(nn_module, concrete_type, stubs_fn)
../publishablew/vision/vision/venv/lib/python3.11/site-packages/torch/jit/_recursive.py:634: in create_script_module_impl
    create_methods_and_properties_from_stubs(
../publishablew/vision/vision/venv/lib/python3.11/site-packages/torch/jit/_recursive.py:466: in create_methods_and_properties_from_stubs
    concrete_type._create_methods_and_properties(
E   RuntimeError: Can't redefine method: forward on class: __torch__.torchvision.transforms.transforms.ConvertImageDtype (of Python compilation unit at: 0x6f85ae0)
_____________ test_convert_image_dtype[out_dtype6-in_dtype1-cuda] ______________
../publishablew/vision/vision/test/test_transforms_tensor.py:544: in test_convert_image_dtype
    scripted_fn = torch.jit.script(fn)
../publishablew/vision/vision/venv/lib/python3.11/site-packages/torch/jit/_script.py:1429: in script
    ret = _script_impl(
../publishablew/vision/vision/venv/lib/python3.11/site-packages/torch/jit/_script.py:1147: in _script_impl
    return torch.jit._recursive.create_script_module(
../publishablew/vision/vision/venv/lib/python3.11/site-packages/torch/jit/_recursive.py:557: in create_script_module
    return create_script_module_impl(nn_module, concrete_type, stubs_fn)
../publishablew/vision/vision/venv/lib/python3.11/site-packages/torch/jit/_recursive.py:634: in create_script_module_impl
    create_methods_and_properties_from_stubs(
../publishablew/vision/vision/venv/lib/python3.11/site-packages/torch/jit/_recursive.py:466: in create_methods_and_properties_from_stubs
    concrete_type._create_methods_and_properties(
E   RuntimeError: Can't redefine method: forward on class: __torch__.torchvision.transforms.transforms.ConvertImageDtype (of Python compilation unit at: 0x6f85ae0)
______________ test_convert_image_dtype[out_dtype6-in_dtype2-cpu] ______________
../publishablew/vision/vision/test/test_transforms_tensor.py:544: in test_convert_image_dtype
    scripted_fn = torch.jit.script(fn)
../publishablew/vision/vision/venv/lib/python3.11/site-packages/torch/jit/_script.py:1429: in script
    ret = _script_impl(
../publishablew/vision/vision/venv/lib/python3.11/site-packages/torch/jit/_script.py:1147: in _script_impl
    return torch.jit._recursive.create_script_module(
../publishablew/vision/vision/venv/lib/python3.11/site-packages/torch/jit/_recursive.py:557: in create_script_module
    return create_script_module_impl(nn_module, concrete_type, stubs_fn)
../publishablew/vision/vision/venv/lib/python3.11/site-packages/torch/jit/_recursive.py:634: in create_script_module_impl
    create_methods_and_properties_from_stubs(
../publishablew/vision/vision/venv/lib/python3.11/site-packages/torch/jit/_recursive.py:466: in create_methods_and_properties_from_stubs
    concrete_type._create_methods_and_properties(
E   RuntimeError: Can't redefine method: forward on class: __torch__.torchvision.transforms.transforms.ConvertImageDtype (of Python compilation unit at: 0x6f85ae0)
_____________ test_convert_image_dtype[out_dtype6-in_dtype2-cuda] ______________
../publishablew/vision/vision/test/test_transforms_tensor.py:544: in test_convert_image_dtype
    scripted_fn = torch.jit.script(fn)
../publishablew/vision/vision/venv/lib/python3.11/site-packages/torch/jit/_script.py:1429: in script
    ret = _script_impl(
../publishablew/vision/vision/venv/lib/python3.11/site-packages/torch/jit/_script.py:1147: in _script_impl
    return torch.jit._recursive.create_script_module(
../publishablew/vision/vision/venv/lib/python3.11/site-packages/torch/jit/_recursive.py:557: in create_script_module
    return create_script_module_impl(nn_module, concrete_type, stubs_fn)
../publishablew/vision/vision/venv/lib/python3.11/site-packages/torch/jit/_recursive.py:634: in create_script_module_impl
    create_methods_and_properties_from_stubs(
../publishablew/vision/vision/venv/lib/python3.11/site-packages/torch/jit/_recursive.py:466: in create_methods_and_properties_from_stubs
    concrete_type._create_methods_and_properties(
E   RuntimeError: Can't redefine method: forward on class: __torch__.torchvision.transforms.transforms.ConvertImageDtype (of Python compilation unit at: 0x6f85ae0)
______________ test_convert_image_dtype[out_dtype6-in_dtype3-cpu] ______________
../publishablew/vision/vision/test/test_transforms_tensor.py:544: in test_convert_image_dtype
    scripted_fn = torch.jit.script(fn)
../publishablew/vision/vision/venv/lib/python3.11/site-packages/torch/jit/_script.py:1429: in script
    ret = _script_impl(
../publishablew/vision/vision/venv/lib/python3.11/site-packages/torch/jit/_script.py:1147: in _script_impl
    return torch.jit._recursive.create_script_module(
../publishablew/vision/vision/venv/lib/python3.11/site-packages/torch/jit/_recursive.py:557: in create_script_module
    return create_script_module_impl(nn_module, concrete_type, stubs_fn)
../publishablew/vision/vision/venv/lib/python3.11/site-packages/torch/jit/_recursive.py:634: in create_script_module_impl
    create_methods_and_properties_from_stubs(
../publishablew/vision/vision/venv/lib/python3.11/site-packages/torch/jit/_recursive.py:466: in create_methods_and_properties_from_stubs
    concrete_type._create_methods_and_properties(
E   RuntimeError: Can't redefine method: forward on class: __torch__.torchvision.transforms.transforms.ConvertImageDtype (of Python compilation unit at: 0x6f85ae0)
_____________ test_convert_image_dtype[out_dtype6-in_dtype3-cuda] ______________
../publishablew/vision/vision/test/test_transforms_tensor.py:544: in test_convert_image_dtype
    scripted_fn = torch.jit.script(fn)
../publishablew/vision/vision/venv/lib/python3.11/site-packages/torch/jit/_script.py:1429: in script
    ret = _script_impl(
../publishablew/vision/vision/venv/lib/python3.11/site-packages/torch/jit/_script.py:1147: in _script_impl
    return torch.jit._recursive.create_script_module(
../publishablew/vision/vision/venv/lib/python3.11/site-packages/torch/jit/_recursive.py:557: in create_script_module
    return create_script_module_impl(nn_module, concrete_type, stubs_fn)
../publishablew/vision/vision/venv/lib/python3.11/site-packages/torch/jit/_recursive.py:634: in create_script_module_impl
    create_methods_and_properties_from_stubs(
../publishablew/vision/vision/venv/lib/python3.11/site-packages/torch/jit/_recursive.py:466: in create_methods_and_properties_from_stubs
    concrete_type._create_methods_and_properties(
E   RuntimeError: Can't redefine method: forward on class: __torch__.torchvision.transforms.transforms.ConvertImageDtype (of Python compilation unit at: 0x6f85ae0)
______________ test_convert_image_dtype[out_dtype6-in_dtype4-cpu] ______________
../publishablew/vision/vision/test/test_transforms_tensor.py:544: in test_convert_image_dtype
    scripted_fn = torch.jit.script(fn)
../publishablew/vision/vision/venv/lib/python3.11/site-packages/torch/jit/_script.py:1429: in script
    ret = _script_impl(
../publishablew/vision/vision/venv/lib/python3.11/site-packages/torch/jit/_script.py:1147: in _script_impl
    return torch.jit._recursive.create_script_module(
../publishablew/vision/vision/venv/lib/python3.11/site-packages/torch/jit/_recursive.py:557: in create_script_module
    return create_script_module_impl(nn_module, concrete_type, stubs_fn)
../publishablew/vision/vision/venv/lib/python3.11/site-packages/torch/jit/_recursive.py:634: in create_script_module_impl
    create_methods_and_properties_from_stubs(
../publishablew/vision/vision/venv/lib/python3.11/site-packages/torch/jit/_recursive.py:466: in create_methods_and_properties_from_stubs
    concrete_type._create_methods_and_properties(
E   RuntimeError: Can't redefine method: forward on class: __torch__.torchvision.transforms.transforms.ConvertImageDtype (of Python compilation unit at: 0x6f85ae0)
_____________ test_convert_image_dtype[out_dtype6-in_dtype4-cuda] ______________
../publishablew/vision/vision/test/test_transforms_tensor.py:544: in test_convert_image_dtype
    scripted_fn = torch.jit.script(fn)
../publishablew/vision/vision/venv/lib/python3.11/site-packages/torch/jit/_script.py:1429: in script
    ret = _script_impl(
../publishablew/vision/vision/venv/lib/python3.11/site-packages/torch/jit/_script.py:1147: in _script_impl
    return torch.jit._recursive.create_script_module(
../publishablew/vision/vision/venv/lib/python3.11/site-packages/torch/jit/_recursive.py:557: in create_script_module
    return create_script_module_impl(nn_module, concrete_type, stubs_fn)
../publishablew/vision/vision/venv/lib/python3.11/site-packages/torch/jit/_recursive.py:634: in create_script_module_impl
    create_methods_and_properties_from_stubs(
../publishablew/vision/vision/venv/lib/python3.11/site-packages/torch/jit/_recursive.py:466: in create_methods_and_properties_from_stubs
    concrete_type._create_methods_and_properties(
E   RuntimeError: Can't redefine method: forward on class: __torch__.torchvision.transforms.transforms.ConvertImageDtype (of Python compilation unit at: 0x6f85ae0)
______________ test_convert_image_dtype[out_dtype6-in_dtype5-cpu] ______________
../publishablew/vision/vision/test/test_transforms_tensor.py:544: in test_convert_image_dtype
    scripted_fn = torch.jit.script(fn)
../publishablew/vision/vision/venv/lib/python3.11/site-packages/torch/jit/_script.py:1429: in script
    ret = _script_impl(
../publishablew/vision/vision/venv/lib/python3.11/site-packages/torch/jit/_script.py:1147: in _script_impl
    return torch.jit._recursive.create_script_module(
../publishablew/vision/vision/venv/lib/python3.11/site-packages/torch/jit/_recursive.py:557: in create_script_module
    return create_script_module_impl(nn_module, concrete_type, stubs_fn)
../publishablew/vision/vision/venv/lib/python3.11/site-packages/torch/jit/_recursive.py:634: in create_script_module_impl
    create_methods_and_properties_from_stubs(
../publishablew/vision/vision/venv/lib/python3.11/site-packages/torch/jit/_recursive.py:466: in create_methods_and_properties_from_stubs
    concrete_type._create_methods_and_properties(
E   RuntimeError: Can't redefine method: forward on class: __torch__.torchvision.transforms.transforms.ConvertImageDtype (of Python compilation unit at: 0x6f85ae0)
_____________ test_convert_image_dtype[out_dtype6-in_dtype5-cuda] ______________
../publishablew/vision/vision/test/test_transforms_tensor.py:544: in test_convert_image_dtype
    scripted_fn = torch.jit.script(fn)
../publishablew/vision/vision/venv/lib/python3.11/site-packages/torch/jit/_script.py:1429: in script
    ret = _script_impl(
../publishablew/vision/vision/venv/lib/python3.11/site-packages/torch/jit/_script.py:1147: in _script_impl
    return torch.jit._recursive.create_script_module(
../publishablew/vision/vision/venv/lib/python3.11/site-packages/torch/jit/_recursive.py:557: in create_script_module
    return create_script_module_impl(nn_module, concrete_type, stubs_fn)
../publishablew/vision/vision/venv/lib/python3.11/site-packages/torch/jit/_recursive.py:634: in create_script_module_impl
    create_methods_and_properties_from_stubs(
../publishablew/vision/vision/venv/lib/python3.11/site-packages/torch/jit/_recursive.py:466: in create_methods_and_properties_from_stubs
    concrete_type._create_methods_and_properties(
E   RuntimeError: Can't redefine method: forward on class: __torch__.torchvision.transforms.transforms.ConvertImageDtype (of Python compilation unit at: 0x6f85ae0)
______________ test_convert_image_dtype[out_dtype6-in_dtype6-cpu] ______________
../publishablew/vision/vision/test/test_transforms_tensor.py:544: in test_convert_image_dtype
    scripted_fn = torch.jit.script(fn)
../publishablew/vision/vision/venv/lib/python3.11/site-packages/torch/jit/_script.py:1429: in script
    ret = _script_impl(
../publishablew/vision/vision/venv/lib/python3.11/site-packages/torch/jit/_script.py:1147: in _script_impl
    return torch.jit._recursive.create_script_module(
../publishablew/vision/vision/venv/lib/python3.11/site-packages/torch/jit/_recursive.py:557: in create_script_module
    return create_script_module_impl(nn_module, concrete_type, stubs_fn)
../publishablew/vision/vision/venv/lib/python3.11/site-packages/torch/jit/_recursive.py:634: in create_script_module_impl
    create_methods_and_properties_from_stubs(
../publishablew/vision/vision/venv/lib/python3.11/site-packages/torch/jit/_recursive.py:466: in create_methods_and_properties_from_stubs
    concrete_type._create_methods_and_properties(
E   RuntimeError: Can't redefine method: forward on class: __torch__.torchvision.transforms.transforms.ConvertImageDtype (of Python compilation unit at: 0x6f85ae0)
_____________ test_convert_image_dtype[out_dtype6-in_dtype6-cuda] ______________
../publishablew/vision/vision/test/test_transforms_tensor.py:544: in test_convert_image_dtype
    scripted_fn = torch.jit.script(fn)
../publishablew/vision/vision/venv/lib/python3.11/site-packages/torch/jit/_script.py:1429: in script
    ret = _script_impl(
../publishablew/vision/vision/venv/lib/python3.11/site-packages/torch/jit/_script.py:1147: in _script_impl
    return torch.jit._recursive.create_script_module(
../publishablew/vision/vision/venv/lib/python3.11/site-packages/torch/jit/_recursive.py:557: in create_script_module
    return create_script_module_impl(nn_module, concrete_type, stubs_fn)
../publishablew/vision/vision/venv/lib/python3.11/site-packages/torch/jit/_recursive.py:634: in create_script_module_impl
    create_methods_and_properties_from_stubs(
../publishablew/vision/vision/venv/lib/python3.11/site-packages/torch/jit/_recursive.py:466: in create_methods_and_properties_from_stubs
    concrete_type._create_methods_and_properties(
E   RuntimeError: Can't redefine method: forward on class: __torch__.torchvision.transforms.transforms.ConvertImageDtype (of Python compilation unit at: 0x6f85ae0)
=========================== short test summary info ============================
FAILED ../publishablew/vision/vision/test/test_transforms_tensor.py::test_convert_image_dtype[out_dtype0-in_dtype0-cpu]
FAILED ../publishablew/vision/vision/test/test_transforms_tensor.py::test_convert_image_dtype[out_dtype0-in_dtype0-cuda]
FAILED ../publishablew/vision/vision/test/test_transforms_tensor.py::test_convert_image_dtype[out_dtype0-in_dtype1-cpu]
FAILED ../publishablew/vision/vision/test/test_transforms_tensor.py::test_convert_image_dtype[out_dtype0-in_dtype1-cuda]
FAILED ../publishablew/vision/vision/test/test_transforms_tensor.py::test_convert_image_dtype[out_dtype0-in_dtype2-cpu]
FAILED ../publishablew/vision/vision/test/test_transforms_tensor.py::test_convert_image_dtype[out_dtype0-in_dtype2-cuda]
FAILED ../publishablew/vision/vision/test/test_transforms_tensor.py::test_convert_image_dtype[out_dtype0-in_dtype3-cpu]
FAILED ../publishablew/vision/vision/test/test_transforms_tensor.py::test_convert_image_dtype[out_dtype0-in_dtype3-cuda]
FAILED ../publishablew/vision/vision/test/test_transforms_tensor.py::test_convert_image_dtype[out_dtype0-in_dtype4-cpu]
FAILED ../publishablew/vision/vision/test/test_transforms_tensor.py::test_convert_image_dtype[out_dtype0-in_dtype4-cuda]
FAILED ../publishablew/vision/vision/test/test_transforms_tensor.py::test_convert_image_dtype[out_dtype0-in_dtype5-cpu]
FAILED ../publishablew/vision/vision/test/test_transforms_tensor.py::test_convert_image_dtype[out_dtype0-in_dtype5-cuda]
FAILED ../publishablew/vision/vision/test/test_transforms_tensor.py::test_convert_image_dtype[out_dtype0-in_dtype6-cpu]
FAILED ../publishablew/vision/vision/test/test_transforms_tensor.py::test_convert_image_dtype[out_dtype0-in_dtype6-cuda]
FAILED ../publishablew/vision/vision/test/test_transforms_tensor.py::test_convert_image_dtype[out_dtype1-in_dtype0-cpu]
FAILED ../publishablew/vision/vision/test/test_transforms_tensor.py::test_convert_image_dtype[out_dtype1-in_dtype0-cuda]
FAILED ../publishablew/vision/vision/test/test_transforms_tensor.py::test_convert_image_dtype[out_dtype1-in_dtype1-cpu]
FAILED ../publishablew/vision/vision/test/test_transforms_tensor.py::test_convert_image_dtype[out_dtype1-in_dtype1-cuda]
FAILED ../publishablew/vision/vision/test/test_transforms_tensor.py::test_convert_image_dtype[out_dtype1-in_dtype2-cpu]
FAILED ../publishablew/vision/vision/test/test_transforms_tensor.py::test_convert_image_dtype[out_dtype1-in_dtype2-cuda]
FAILED ../publishablew/vision/vision/test/test_transforms_tensor.py::test_convert_image_dtype[out_dtype1-in_dtype3-cpu]
FAILED ../publishablew/vision/vision/test/test_transforms_tensor.py::test_convert_image_dtype[out_dtype1-in_dtype3-cuda]
FAILED ../publishablew/vision/vision/test/test_transforms_tensor.py::test_convert_image_dtype[out_dtype1-in_dtype4-cpu]
FAILED ../publishablew/vision/vision/test/test_transforms_tensor.py::test_convert_image_dtype[out_dtype1-in_dtype4-cuda]
FAILED ../publishablew/vision/vision/test/test_transforms_tensor.py::test_convert_image_dtype[out_dtype1-in_dtype5-cpu]
FAILED ../publishablew/vision/vision/test/test_transforms_tensor.py::test_convert_image_dtype[out_dtype1-in_dtype5-cuda]
FAILED ../publishablew/vision/vision/test/test_transforms_tensor.py::test_convert_image_dtype[out_dtype1-in_dtype6-cpu]
FAILED ../publishablew/vision/vision/test/test_transforms_tensor.py::test_convert_image_dtype[out_dtype1-in_dtype6-cuda]
FAILED ../publishablew/vision/vision/test/test_transforms_tensor.py::test_convert_image_dtype[out_dtype2-in_dtype0-cpu]
FAILED ../publishablew/vision/vision/test/test_transforms_tensor.py::test_convert_image_dtype[out_dtype2-in_dtype0-cuda]
FAILED ../publishablew/vision/vision/test/test_transforms_tensor.py::test_convert_image_dtype[out_dtype2-in_dtype1-cpu]
FAILED ../publishablew/vision/vision/test/test_transforms_tensor.py::test_convert_image_dtype[out_dtype2-in_dtype1-cuda]
FAILED ../publishablew/vision/vision/test/test_transforms_tensor.py::test_convert_image_dtype[out_dtype2-in_dtype2-cpu]
FAILED ../publishablew/vision/vision/test/test_transforms_tensor.py::test_convert_image_dtype[out_dtype2-in_dtype2-cuda]
FAILED ../publishablew/vision/vision/test/test_transforms_tensor.py::test_convert_image_dtype[out_dtype2-in_dtype3-cpu]
FAILED ../publishablew/vision/vision/test/test_transforms_tensor.py::test_convert_image_dtype[out_dtype2-in_dtype3-cuda]
FAILED ../publishablew/vision/vision/test/test_transforms_tensor.py::test_convert_image_dtype[out_dtype2-in_dtype4-cpu]
FAILED ../publishablew/vision/vision/test/test_transforms_tensor.py::test_convert_image_dtype[out_dtype2-in_dtype4-cuda]
FAILED ../publishablew/vision/vision/test/test_transforms_tensor.py::test_convert_image_dtype[out_dtype2-in_dtype5-cpu]
FAILED ../publishablew/vision/vision/test/test_transforms_tensor.py::test_convert_image_dtype[out_dtype2-in_dtype5-cuda]
FAILED ../publishablew/vision/vision/test/test_transforms_tensor.py::test_convert_image_dtype[out_dtype2-in_dtype6-cpu]
FAILED ../publishablew/vision/vision/test/test_transforms_tensor.py::test_convert_image_dtype[out_dtype2-in_dtype6-cuda]
FAILED ../publishablew/vision/vision/test/test_transforms_tensor.py::test_convert_image_dtype[out_dtype3-in_dtype0-cpu]
FAILED ../publishablew/vision/vision/test/test_transforms_tensor.py::test_convert_image_dtype[out_dtype3-in_dtype0-cuda]
FAILED ../publishablew/vision/vision/test/test_transforms_tensor.py::test_convert_image_dtype[out_dtype3-in_dtype1-cpu]
FAILED ../publishablew/vision/vision/test/test_transforms_tensor.py::test_convert_image_dtype[out_dtype3-in_dtype1-cuda]
FAILED ../publishablew/vision/vision/test/test_transforms_tensor.py::test_convert_image_dtype[out_dtype3-in_dtype2-cpu]
FAILED ../publishablew/vision/vision/test/test_transforms_tensor.py::test_convert_image_dtype[out_dtype3-in_dtype2-cuda]
FAILED ../publishablew/vision/vision/test/test_transforms_tensor.py::test_convert_image_dtype[out_dtype3-in_dtype3-cpu]
FAILED ../publishablew/vision/vision/test/test_transforms_tensor.py::test_convert_image_dtype[out_dtype3-in_dtype3-cuda]
FAILED ../publishablew/vision/vision/test/test_transforms_tensor.py::test_convert_image_dtype[out_dtype3-in_dtype4-cpu]
FAILED ../publishablew/vision/vision/test/test_transforms_tensor.py::test_convert_image_dtype[out_dtype3-in_dtype4-cuda]
FAILED ../publishablew/vision/vision/test/test_transforms_tensor.py::test_convert_image_dtype[out_dtype3-in_dtype5-cpu]
FAILED ../publishablew/vision/vision/test/test_transforms_tensor.py::test_convert_image_dtype[out_dtype3-in_dtype5-cuda]
FAILED ../publishablew/vision/vision/test/test_transforms_tensor.py::test_convert_image_dtype[out_dtype3-in_dtype6-cpu]
FAILED ../publishablew/vision/vision/test/test_transforms_tensor.py::test_convert_image_dtype[out_dtype3-in_dtype6-cuda]
FAILED ../publishablew/vision/vision/test/test_transforms_tensor.py::test_convert_image_dtype[out_dtype4-in_dtype0-cpu]
FAILED ../publishablew/vision/vision/test/test_transforms_tensor.py::test_convert_image_dtype[out_dtype4-in_dtype0-cuda]
FAILED ../publishablew/vision/vision/test/test_transforms_tensor.py::test_convert_image_dtype[out_dtype4-in_dtype1-cpu]
FAILED ../publishablew/vision/vision/test/test_transforms_tensor.py::test_convert_image_dtype[out_dtype4-in_dtype1-cuda]
FAILED ../publishablew/vision/vision/test/test_transforms_tensor.py::test_convert_image_dtype[out_dtype4-in_dtype2-cpu]
FAILED ../publishablew/vision/vision/test/test_transforms_tensor.py::test_convert_image_dtype[out_dtype4-in_dtype2-cuda]
FAILED ../publishablew/vision/vision/test/test_transforms_tensor.py::test_convert_image_dtype[out_dtype4-in_dtype3-cpu]
FAILED ../publishablew/vision/vision/test/test_transforms_tensor.py::test_convert_image_dtype[out_dtype4-in_dtype3-cuda]
FAILED ../publishablew/vision/vision/test/test_transforms_tensor.py::test_convert_image_dtype[out_dtype4-in_dtype4-cpu]
FAILED ../publishablew/vision/vision/test/test_transforms_tensor.py::test_convert_image_dtype[out_dtype4-in_dtype4-cuda]
FAILED ../publishablew/vision/vision/test/test_transforms_tensor.py::test_convert_image_dtype[out_dtype4-in_dtype5-cpu]
FAILED ../publishablew/vision/vision/test/test_transforms_tensor.py::test_convert_image_dtype[out_dtype4-in_dtype5-cuda]
FAILED ../publishablew/vision/vision/test/test_transforms_tensor.py::test_convert_image_dtype[out_dtype4-in_dtype6-cpu]
FAILED ../publishablew/vision/vision/test/test_transforms_tensor.py::test_convert_image_dtype[out_dtype4-in_dtype6-cuda]
FAILED ../publishablew/vision/vision/test/test_transforms_tensor.py::test_convert_image_dtype[out_dtype5-in_dtype0-cpu]
FAILED ../publishablew/vision/vision/test/test_transforms_tensor.py::test_convert_image_dtype[out_dtype5-in_dtype0-cuda]
FAILED ../publishablew/vision/vision/test/test_transforms_tensor.py::test_convert_image_dtype[out_dtype5-in_dtype1-cpu]
FAILED ../publishablew/vision/vision/test/test_transforms_tensor.py::test_convert_image_dtype[out_dtype5-in_dtype1-cuda]
FAILED ../publishablew/vision/vision/test/test_transforms_tensor.py::test_convert_image_dtype[out_dtype5-in_dtype2-cpu]
FAILED ../publishablew/vision/vision/test/test_transforms_tensor.py::test_convert_image_dtype[out_dtype5-in_dtype2-cuda]
FAILED ../publishablew/vision/vision/test/test_transforms_tensor.py::test_convert_image_dtype[out_dtype5-in_dtype3-cpu]
FAILED ../publishablew/vision/vision/test/test_transforms_tensor.py::test_convert_image_dtype[out_dtype5-in_dtype3-cuda]
FAILED ../publishablew/vision/vision/test/test_transforms_tensor.py::test_convert_image_dtype[out_dtype5-in_dtype4-cpu]
FAILED ../publishablew/vision/vision/test/test_transforms_tensor.py::test_convert_image_dtype[out_dtype5-in_dtype4-cuda]
FAILED ../publishablew/vision/vision/test/test_transforms_tensor.py::test_convert_image_dtype[out_dtype5-in_dtype5-cpu]
FAILED ../publishablew/vision/vision/test/test_transforms_tensor.py::test_convert_image_dtype[out_dtype5-in_dtype5-cuda]
FAILED ../publishablew/vision/vision/test/test_transforms_tensor.py::test_convert_image_dtype[out_dtype5-in_dtype6-cpu]
FAILED ../publishablew/vision/vision/test/test_transforms_tensor.py::test_convert_image_dtype[out_dtype5-in_dtype6-cuda]
FAILED ../publishablew/vision/vision/test/test_transforms_tensor.py::test_convert_image_dtype[out_dtype6-in_dtype0-cpu]
FAILED ../publishablew/vision/vision/test/test_transforms_tensor.py::test_convert_image_dtype[out_dtype6-in_dtype0-cuda]
FAILED ../publishablew/vision/vision/test/test_transforms_tensor.py::test_convert_image_dtype[out_dtype6-in_dtype1-cpu]
FAILED ../publishablew/vision/vision/test/test_transforms_tensor.py::test_convert_image_dtype[out_dtype6-in_dtype1-cuda]
FAILED ../publishablew/vision/vision/test/test_transforms_tensor.py::test_convert_image_dtype[out_dtype6-in_dtype2-cpu]
FAILED ../publishablew/vision/vision/test/test_transforms_tensor.py::test_convert_image_dtype[out_dtype6-in_dtype2-cuda]
FAILED ../publishablew/vision/vision/test/test_transforms_tensor.py::test_convert_image_dtype[out_dtype6-in_dtype3-cpu]
FAILED ../publishablew/vision/vision/test/test_transforms_tensor.py::test_convert_image_dtype[out_dtype6-in_dtype3-cuda]
FAILED ../publishablew/vision/vision/test/test_transforms_tensor.py::test_convert_image_dtype[out_dtype6-in_dtype4-cpu]
FAILED ../publishablew/vision/vision/test/test_transforms_tensor.py::test_convert_image_dtype[out_dtype6-in_dtype4-cuda]
FAILED ../publishablew/vision/vision/test/test_transforms_tensor.py::test_convert_image_dtype[out_dtype6-in_dtype5-cpu]
FAILED ../publishablew/vision/vision/test/test_transforms_tensor.py::test_convert_image_dtype[out_dtype6-in_dtype5-cuda]
FAILED ../publishablew/vision/vision/test/test_transforms_tensor.py::test_convert_image_dtype[out_dtype6-in_dtype6-cpu]
FAILED ../publishablew/vision/vision/test/test_transforms_tensor.py::test_convert_image_dtype[out_dtype6-in_dtype6-cuda]
============================== 98 failed in 5.33s ==============================


Final Test Result:
============================= test session starts ==============================
platform linux -- Python 3.11.10, pytest-8.3.4, pluggy-1.5.0 -- /local/data0/moved_data/publishablew/vision/vision/venv/bin/python
cachedir: .pytest_cache
rootdir: /local/data0/moved_data/publishablew/vision/vision
configfile: pytest.ini
plugins: mock-3.14.0
collecting ... collected 98 items

../publishablew/vision/vision/test/test_transforms_tensor.py::test_convert_image_dtype[out_dtype0-in_dtype0-cpu] PASSED
../publishablew/vision/vision/test/test_transforms_tensor.py::test_convert_image_dtype[out_dtype0-in_dtype0-cuda] PASSED
../publishablew/vision/vision/test/test_transforms_tensor.py::test_convert_image_dtype[out_dtype0-in_dtype1-cpu] PASSED
../publishablew/vision/vision/test/test_transforms_tensor.py::test_convert_image_dtype[out_dtype0-in_dtype1-cuda] PASSED
../publishablew/vision/vision/test/test_transforms_tensor.py::test_convert_image_dtype[out_dtype0-in_dtype2-cpu] PASSED
../publishablew/vision/vision/test/test_transforms_tensor.py::test_convert_image_dtype[out_dtype0-in_dtype2-cuda] PASSED
../publishablew/vision/vision/test/test_transforms_tensor.py::test_convert_image_dtype[out_dtype0-in_dtype3-cpu] PASSED
../publishablew/vision/vision/test/test_transforms_tensor.py::test_convert_image_dtype[out_dtype0-in_dtype3-cuda] PASSED
../publishablew/vision/vision/test/test_transforms_tensor.py::test_convert_image_dtype[out_dtype0-in_dtype4-cpu] PASSED
../publishablew/vision/vision/test/test_transforms_tensor.py::test_convert_image_dtype[out_dtype0-in_dtype4-cuda] PASSED
../publishablew/vision/vision/test/test_transforms_tensor.py::test_convert_image_dtype[out_dtype0-in_dtype5-cpu] PASSED
../publishablew/vision/vision/test/test_transforms_tensor.py::test_convert_image_dtype[out_dtype0-in_dtype5-cuda] PASSED
../publishablew/vision/vision/test/test_transforms_tensor.py::test_convert_image_dtype[out_dtype0-in_dtype6-cpu] PASSED
../publishablew/vision/vision/test/test_transforms_tensor.py::test_convert_image_dtype[out_dtype0-in_dtype6-cuda] PASSED
../publishablew/vision/vision/test/test_transforms_tensor.py::test_convert_image_dtype[out_dtype1-in_dtype0-cpu] PASSED
../publishablew/vision/vision/test/test_transforms_tensor.py::test_convert_image_dtype[out_dtype1-in_dtype0-cuda] PASSED
../publishablew/vision/vision/test/test_transforms_tensor.py::test_convert_image_dtype[out_dtype1-in_dtype1-cpu] PASSED
../publishablew/vision/vision/test/test_transforms_tensor.py::test_convert_image_dtype[out_dtype1-in_dtype1-cuda] PASSED
../publishablew/vision/vision/test/test_transforms_tensor.py::test_convert_image_dtype[out_dtype1-in_dtype2-cpu] PASSED
../publishablew/vision/vision/test/test_transforms_tensor.py::test_convert_image_dtype[out_dtype1-in_dtype2-cuda] PASSED
../publishablew/vision/vision/test/test_transforms_tensor.py::test_convert_image_dtype[out_dtype1-in_dtype3-cpu] PASSED
../publishablew/vision/vision/test/test_transforms_tensor.py::test_convert_image_dtype[out_dtype1-in_dtype3-cuda] PASSED
../publishablew/vision/vision/test/test_transforms_tensor.py::test_convert_image_dtype[out_dtype1-in_dtype4-cpu] PASSED
../publishablew/vision/vision/test/test_transforms_tensor.py::test_convert_image_dtype[out_dtype1-in_dtype4-cuda] PASSED
../publishablew/vision/vision/test/test_transforms_tensor.py::test_convert_image_dtype[out_dtype1-in_dtype5-cpu] PASSED
../publishablew/vision/vision/test/test_transforms_tensor.py::test_convert_image_dtype[out_dtype1-in_dtype5-cuda] PASSED
../publishablew/vision/vision/test/test_transforms_tensor.py::test_convert_image_dtype[out_dtype1-in_dtype6-cpu] PASSED
../publishablew/vision/vision/test/test_transforms_tensor.py::test_convert_image_dtype[out_dtype1-in_dtype6-cuda] PASSED
../publishablew/vision/vision/test/test_transforms_tensor.py::test_convert_image_dtype[out_dtype2-in_dtype0-cpu] PASSED
../publishablew/vision/vision/test/test_transforms_tensor.py::test_convert_image_dtype[out_dtype2-in_dtype0-cuda] PASSED
../publishablew/vision/vision/test/test_transforms_tensor.py::test_convert_image_dtype[out_dtype2-in_dtype1-cpu] PASSED
../publishablew/vision/vision/test/test_transforms_tensor.py::test_convert_image_dtype[out_dtype2-in_dtype1-cuda] PASSED
../publishablew/vision/vision/test/test_transforms_tensor.py::test_convert_image_dtype[out_dtype2-in_dtype2-cpu] PASSED
../publishablew/vision/vision/test/test_transforms_tensor.py::test_convert_image_dtype[out_dtype2-in_dtype2-cuda] PASSED
../publishablew/vision/vision/test/test_transforms_tensor.py::test_convert_image_dtype[out_dtype2-in_dtype3-cpu] PASSED
../publishablew/vision/vision/test/test_transforms_tensor.py::test_convert_image_dtype[out_dtype2-in_dtype3-cuda] PASSED
../publishablew/vision/vision/test/test_transforms_tensor.py::test_convert_image_dtype[out_dtype2-in_dtype4-cpu] PASSED
../publishablew/vision/vision/test/test_transforms_tensor.py::test_convert_image_dtype[out_dtype2-in_dtype4-cuda] PASSED
../publishablew/vision/vision/test/test_transforms_tensor.py::test_convert_image_dtype[out_dtype2-in_dtype5-cpu] PASSED
../publishablew/vision/vision/test/test_transforms_tensor.py::test_convert_image_dtype[out_dtype2-in_dtype5-cuda] PASSED
../publishablew/vision/vision/test/test_transforms_tensor.py::test_convert_image_dtype[out_dtype2-in_dtype6-cpu] PASSED
../publishablew/vision/vision/test/test_transforms_tensor.py::test_convert_image_dtype[out_dtype2-in_dtype6-cuda] PASSED
../publishablew/vision/vision/test/test_transforms_tensor.py::test_convert_image_dtype[out_dtype3-in_dtype0-cpu] PASSED
../publishablew/vision/vision/test/test_transforms_tensor.py::test_convert_image_dtype[out_dtype3-in_dtype0-cuda] PASSED
../publishablew/vision/vision/test/test_transforms_tensor.py::test_convert_image_dtype[out_dtype3-in_dtype1-cpu] PASSED
../publishablew/vision/vision/test/test_transforms_tensor.py::test_convert_image_dtype[out_dtype3-in_dtype1-cuda] PASSED
../publishablew/vision/vision/test/test_transforms_tensor.py::test_convert_image_dtype[out_dtype3-in_dtype2-cpu] PASSED
../publishablew/vision/vision/test/test_transforms_tensor.py::test_convert_image_dtype[out_dtype3-in_dtype2-cuda] PASSED
../publishablew/vision/vision/test/test_transforms_tensor.py::test_convert_image_dtype[out_dtype3-in_dtype3-cpu] PASSED
../publishablew/vision/vision/test/test_transforms_tensor.py::test_convert_image_dtype[out_dtype3-in_dtype3-cuda] PASSED
../publishablew/vision/vision/test/test_transforms_tensor.py::test_convert_image_dtype[out_dtype3-in_dtype4-cpu] PASSED
../publishablew/vision/vision/test/test_transforms_tensor.py::test_convert_image_dtype[out_dtype3-in_dtype4-cuda] PASSED
../publishablew/vision/vision/test/test_transforms_tensor.py::test_convert_image_dtype[out_dtype3-in_dtype5-cpu] PASSED
../publishablew/vision/vision/test/test_transforms_tensor.py::test_convert_image_dtype[out_dtype3-in_dtype5-cuda] PASSED
../publishablew/vision/vision/test/test_transforms_tensor.py::test_convert_image_dtype[out_dtype3-in_dtype6-cpu] PASSED
../publishablew/vision/vision/test/test_transforms_tensor.py::test_convert_image_dtype[out_dtype3-in_dtype6-cuda] PASSED
../publishablew/vision/vision/test/test_transforms_tensor.py::test_convert_image_dtype[out_dtype4-in_dtype0-cpu] PASSED
../publishablew/vision/vision/test/test_transforms_tensor.py::test_convert_image_dtype[out_dtype4-in_dtype0-cuda] PASSED
../publishablew/vision/vision/test/test_transforms_tensor.py::test_convert_image_dtype[out_dtype4-in_dtype1-cpu] PASSED
../publishablew/vision/vision/test/test_transforms_tensor.py::test_convert_image_dtype[out_dtype4-in_dtype1-cuda] PASSED
../publishablew/vision/vision/test/test_transforms_tensor.py::test_convert_image_dtype[out_dtype4-in_dtype2-cpu] PASSED
../publishablew/vision/vision/test/test_transforms_tensor.py::test_convert_image_dtype[out_dtype4-in_dtype2-cuda] PASSED
../publishablew/vision/vision/test/test_transforms_tensor.py::test_convert_image_dtype[out_dtype4-in_dtype3-cpu] PASSED
../publishablew/vision/vision/test/test_transforms_tensor.py::test_convert_image_dtype[out_dtype4-in_dtype3-cuda] PASSED
../publishablew/vision/vision/test/test_transforms_tensor.py::test_convert_image_dtype[out_dtype4-in_dtype4-cpu] PASSED
../publishablew/vision/vision/test/test_transforms_tensor.py::test_convert_image_dtype[out_dtype4-in_dtype4-cuda] PASSED
../publishablew/vision/vision/test/test_transforms_tensor.py::test_convert_image_dtype[out_dtype4-in_dtype5-cpu] PASSED
../publishablew/vision/vision/test/test_transforms_tensor.py::test_convert_image_dtype[out_dtype4-in_dtype5-cuda] PASSED
../publishablew/vision/vision/test/test_transforms_tensor.py::test_convert_image_dtype[out_dtype4-in_dtype6-cpu] PASSED
../publishablew/vision/vision/test/test_transforms_tensor.py::test_convert_image_dtype[out_dtype4-in_dtype6-cuda] PASSED
../publishablew/vision/vision/test/test_transforms_tensor.py::test_convert_image_dtype[out_dtype5-in_dtype0-cpu] PASSED
../publishablew/vision/vision/test/test_transforms_tensor.py::test_convert_image_dtype[out_dtype5-in_dtype0-cuda] PASSED
../publishablew/vision/vision/test/test_transforms_tensor.py::test_convert_image_dtype[out_dtype5-in_dtype1-cpu] PASSED
../publishablew/vision/vision/test/test_transforms_tensor.py::test_convert_image_dtype[out_dtype5-in_dtype1-cuda] PASSED
../publishablew/vision/vision/test/test_transforms_tensor.py::test_convert_image_dtype[out_dtype5-in_dtype2-cpu] PASSED
../publishablew/vision/vision/test/test_transforms_tensor.py::test_convert_image_dtype[out_dtype5-in_dtype2-cuda] PASSED
../publishablew/vision/vision/test/test_transforms_tensor.py::test_convert_image_dtype[out_dtype5-in_dtype3-cpu] PASSED
../publishablew/vision/vision/test/test_transforms_tensor.py::test_convert_image_dtype[out_dtype5-in_dtype3-cuda] PASSED
../publishablew/vision/vision/test/test_transforms_tensor.py::test_convert_image_dtype[out_dtype5-in_dtype4-cpu] PASSED
../publishablew/vision/vision/test/test_transforms_tensor.py::test_convert_image_dtype[out_dtype5-in_dtype4-cuda] PASSED
../publishablew/vision/vision/test/test_transforms_tensor.py::test_convert_image_dtype[out_dtype5-in_dtype5-cpu] PASSED
../publishablew/vision/vision/test/test_transforms_tensor.py::test_convert_image_dtype[out_dtype5-in_dtype5-cuda] PASSED
../publishablew/vision/vision/test/test_transforms_tensor.py::test_convert_image_dtype[out_dtype5-in_dtype6-cpu] PASSED
../publishablew/vision/vision/test/test_transforms_tensor.py::test_convert_image_dtype[out_dtype5-in_dtype6-cuda] PASSED
../publishablew/vision/vision/test/test_transforms_tensor.py::test_convert_image_dtype[out_dtype6-in_dtype0-cpu] PASSED
../publishablew/vision/vision/test/test_transforms_tensor.py::test_convert_image_dtype[out_dtype6-in_dtype0-cuda] PASSED
../publishablew/vision/vision/test/test_transforms_tensor.py::test_convert_image_dtype[out_dtype6-in_dtype1-cpu] PASSED
../publishablew/vision/vision/test/test_transforms_tensor.py::test_convert_image_dtype[out_dtype6-in_dtype1-cuda] PASSED
../publishablew/vision/vision/test/test_transforms_tensor.py::test_convert_image_dtype[out_dtype6-in_dtype2-cpu] PASSED
../publishablew/vision/vision/test/test_transforms_tensor.py::test_convert_image_dtype[out_dtype6-in_dtype2-cuda] PASSED
../publishablew/vision/vision/test/test_transforms_tensor.py::test_convert_image_dtype[out_dtype6-in_dtype3-cpu] PASSED
../publishablew/vision/vision/test/test_transforms_tensor.py::test_convert_image_dtype[out_dtype6-in_dtype3-cuda] PASSED
../publishablew/vision/vision/test/test_transforms_tensor.py::test_convert_image_dtype[out_dtype6-in_dtype4-cpu] PASSED
../publishablew/vision/vision/test/test_transforms_tensor.py::test_convert_image_dtype[out_dtype6-in_dtype4-cuda] PASSED
../publishablew/vision/vision/test/test_transforms_tensor.py::test_convert_image_dtype[out_dtype6-in_dtype5-cpu] PASSED
../publishablew/vision/vision/test/test_transforms_tensor.py::test_convert_image_dtype[out_dtype6-in_dtype5-cuda] PASSED
../publishablew/vision/vision/test/test_transforms_tensor.py::test_convert_image_dtype[out_dtype6-in_dtype6-cpu] PASSED
../publishablew/vision/vision/test/test_transforms_tensor.py::test_convert_image_dtype[out_dtype6-in_dtype6-cuda] PASSED

============================== 98 passed in 0.68s ==============================


Initial Result:
============================= test session starts ==============================
platform linux -- Python 3.11.10, pytest-8.3.4, pluggy-1.5.0 -- /local/data0/moved_data/publishablew/vision/vision/venv/bin/python
cachedir: .pytest_cache
rootdir: /local/data0/moved_data/publishablew/vision/vision
configfile: pytest.ini
plugins: mock-3.14.0
collecting ... collected 98 items

../publishablew/vision/vision/test/test_transforms_tensor.py::test_convert_image_dtype[out_dtype0-in_dtype0-cpu] PASSED
../publishablew/vision/vision/test/test_transforms_tensor.py::test_convert_image_dtype[out_dtype0-in_dtype0-cuda] PASSED
../publishablew/vision/vision/test/test_transforms_tensor.py::test_convert_image_dtype[out_dtype0-in_dtype1-cpu] PASSED
../publishablew/vision/vision/test/test_transforms_tensor.py::test_convert_image_dtype[out_dtype0-in_dtype1-cuda] PASSED
../publishablew/vision/vision/test/test_transforms_tensor.py::test_convert_image_dtype[out_dtype0-in_dtype2-cpu] PASSED
../publishablew/vision/vision/test/test_transforms_tensor.py::test_convert_image_dtype[out_dtype0-in_dtype2-cuda] PASSED
../publishablew/vision/vision/test/test_transforms_tensor.py::test_convert_image_dtype[out_dtype0-in_dtype3-cpu] PASSED
../publishablew/vision/vision/test/test_transforms_tensor.py::test_convert_image_dtype[out_dtype0-in_dtype3-cuda] PASSED
../publishablew/vision/vision/test/test_transforms_tensor.py::test_convert_image_dtype[out_dtype0-in_dtype4-cpu] PASSED
../publishablew/vision/vision/test/test_transforms_tensor.py::test_convert_image_dtype[out_dtype0-in_dtype4-cuda] PASSED
../publishablew/vision/vision/test/test_transforms_tensor.py::test_convert_image_dtype[out_dtype0-in_dtype5-cpu] PASSED
../publishablew/vision/vision/test/test_transforms_tensor.py::test_convert_image_dtype[out_dtype0-in_dtype5-cuda] PASSED
../publishablew/vision/vision/test/test_transforms_tensor.py::test_convert_image_dtype[out_dtype0-in_dtype6-cpu] PASSED
../publishablew/vision/vision/test/test_transforms_tensor.py::test_convert_image_dtype[out_dtype0-in_dtype6-cuda] PASSED
../publishablew/vision/vision/test/test_transforms_tensor.py::test_convert_image_dtype[out_dtype1-in_dtype0-cpu] PASSED
../publishablew/vision/vision/test/test_transforms_tensor.py::test_convert_image_dtype[out_dtype1-in_dtype0-cuda] PASSED
../publishablew/vision/vision/test/test_transforms_tensor.py::test_convert_image_dtype[out_dtype1-in_dtype1-cpu] PASSED
../publishablew/vision/vision/test/test_transforms_tensor.py::test_convert_image_dtype[out_dtype1-in_dtype1-cuda] PASSED
../publishablew/vision/vision/test/test_transforms_tensor.py::test_convert_image_dtype[out_dtype1-in_dtype2-cpu] PASSED
../publishablew/vision/vision/test/test_transforms_tensor.py::test_convert_image_dtype[out_dtype1-in_dtype2-cuda] PASSED
../publishablew/vision/vision/test/test_transforms_tensor.py::test_convert_image_dtype[out_dtype1-in_dtype3-cpu] PASSED
../publishablew/vision/vision/test/test_transforms_tensor.py::test_convert_image_dtype[out_dtype1-in_dtype3-cuda] PASSED
../publishablew/vision/vision/test/test_transforms_tensor.py::test_convert_image_dtype[out_dtype1-in_dtype4-cpu] PASSED
../publishablew/vision/vision/test/test_transforms_tensor.py::test_convert_image_dtype[out_dtype1-in_dtype4-cuda] PASSED
../publishablew/vision/vision/test/test_transforms_tensor.py::test_convert_image_dtype[out_dtype1-in_dtype5-cpu] PASSED
../publishablew/vision/vision/test/test_transforms_tensor.py::test_convert_image_dtype[out_dtype1-in_dtype5-cuda] PASSED
../publishablew/vision/vision/test/test_transforms_tensor.py::test_convert_image_dtype[out_dtype1-in_dtype6-cpu] PASSED
../publishablew/vision/vision/test/test_transforms_tensor.py::test_convert_image_dtype[out_dtype1-in_dtype6-cuda] PASSED
../publishablew/vision/vision/test/test_transforms_tensor.py::test_convert_image_dtype[out_dtype2-in_dtype0-cpu] PASSED
../publishablew/vision/vision/test/test_transforms_tensor.py::test_convert_image_dtype[out_dtype2-in_dtype0-cuda] PASSED
../publishablew/vision/vision/test/test_transforms_tensor.py::test_convert_image_dtype[out_dtype2-in_dtype1-cpu] PASSED
../publishablew/vision/vision/test/test_transforms_tensor.py::test_convert_image_dtype[out_dtype2-in_dtype1-cuda] PASSED
../publishablew/vision/vision/test/test_transforms_tensor.py::test_convert_image_dtype[out_dtype2-in_dtype2-cpu] PASSED
../publishablew/vision/vision/test/test_transforms_tensor.py::test_convert_image_dtype[out_dtype2-in_dtype2-cuda] PASSED
../publishablew/vision/vision/test/test_transforms_tensor.py::test_convert_image_dtype[out_dtype2-in_dtype3-cpu] PASSED
../publishablew/vision/vision/test/test_transforms_tensor.py::test_convert_image_dtype[out_dtype2-in_dtype3-cuda] PASSED
../publishablew/vision/vision/test/test_transforms_tensor.py::test_convert_image_dtype[out_dtype2-in_dtype4-cpu] PASSED
../publishablew/vision/vision/test/test_transforms_tensor.py::test_convert_image_dtype[out_dtype2-in_dtype4-cuda] PASSED
../publishablew/vision/vision/test/test_transforms_tensor.py::test_convert_image_dtype[out_dtype2-in_dtype5-cpu] PASSED
../publishablew/vision/vision/test/test_transforms_tensor.py::test_convert_image_dtype[out_dtype2-in_dtype5-cuda] PASSED
../publishablew/vision/vision/test/test_transforms_tensor.py::test_convert_image_dtype[out_dtype2-in_dtype6-cpu] PASSED
../publishablew/vision/vision/test/test_transforms_tensor.py::test_convert_image_dtype[out_dtype2-in_dtype6-cuda] PASSED
../publishablew/vision/vision/test/test_transforms_tensor.py::test_convert_image_dtype[out_dtype3-in_dtype0-cpu] PASSED
../publishablew/vision/vision/test/test_transforms_tensor.py::test_convert_image_dtype[out_dtype3-in_dtype0-cuda] PASSED
../publishablew/vision/vision/test/test_transforms_tensor.py::test_convert_image_dtype[out_dtype3-in_dtype1-cpu] PASSED
../publishablew/vision/vision/test/test_transforms_tensor.py::test_convert_image_dtype[out_dtype3-in_dtype1-cuda] PASSED
../publishablew/vision/vision/test/test_transforms_tensor.py::test_convert_image_dtype[out_dtype3-in_dtype2-cpu] PASSED
../publishablew/vision/vision/test/test_transforms_tensor.py::test_convert_image_dtype[out_dtype3-in_dtype2-cuda] PASSED
../publishablew/vision/vision/test/test_transforms_tensor.py::test_convert_image_dtype[out_dtype3-in_dtype3-cpu] PASSED
../publishablew/vision/vision/test/test_transforms_tensor.py::test_convert_image_dtype[out_dtype3-in_dtype3-cuda] PASSED
../publishablew/vision/vision/test/test_transforms_tensor.py::test_convert_image_dtype[out_dtype3-in_dtype4-cpu] PASSED
../publishablew/vision/vision/test/test_transforms_tensor.py::test_convert_image_dtype[out_dtype3-in_dtype4-cuda] PASSED
../publishablew/vision/vision/test/test_transforms_tensor.py::test_convert_image_dtype[out_dtype3-in_dtype5-cpu] PASSED
../publishablew/vision/vision/test/test_transforms_tensor.py::test_convert_image_dtype[out_dtype3-in_dtype5-cuda] PASSED
../publishablew/vision/vision/test/test_transforms_tensor.py::test_convert_image_dtype[out_dtype3-in_dtype6-cpu] PASSED
../publishablew/vision/vision/test/test_transforms_tensor.py::test_convert_image_dtype[out_dtype3-in_dtype6-cuda] PASSED
../publishablew/vision/vision/test/test_transforms_tensor.py::test_convert_image_dtype[out_dtype4-in_dtype0-cpu] PASSED
../publishablew/vision/vision/test/test_transforms_tensor.py::test_convert_image_dtype[out_dtype4-in_dtype0-cuda] PASSED
../publishablew/vision/vision/test/test_transforms_tensor.py::test_convert_image_dtype[out_dtype4-in_dtype1-cpu] PASSED
../publishablew/vision/vision/test/test_transforms_tensor.py::test_convert_image_dtype[out_dtype4-in_dtype1-cuda] PASSED
../publishablew/vision/vision/test/test_transforms_tensor.py::test_convert_image_dtype[out_dtype4-in_dtype2-cpu] PASSED
../publishablew/vision/vision/test/test_transforms_tensor.py::test_convert_image_dtype[out_dtype4-in_dtype2-cuda] PASSED
../publishablew/vision/vision/test/test_transforms_tensor.py::test_convert_image_dtype[out_dtype4-in_dtype3-cpu] PASSED
../publishablew/vision/vision/test/test_transforms_tensor.py::test_convert_image_dtype[out_dtype4-in_dtype3-cuda] PASSED
../publishablew/vision/vision/test/test_transforms_tensor.py::test_convert_image_dtype[out_dtype4-in_dtype4-cpu] PASSED
../publishablew/vision/vision/test/test_transforms_tensor.py::test_convert_image_dtype[out_dtype4-in_dtype4-cuda] PASSED
../publishablew/vision/vision/test/test_transforms_tensor.py::test_convert_image_dtype[out_dtype4-in_dtype5-cpu] PASSED
../publishablew/vision/vision/test/test_transforms_tensor.py::test_convert_image_dtype[out_dtype4-in_dtype5-cuda] PASSED
../publishablew/vision/vision/test/test_transforms_tensor.py::test_convert_image_dtype[out_dtype4-in_dtype6-cpu] PASSED
../publishablew/vision/vision/test/test_transforms_tensor.py::test_convert_image_dtype[out_dtype4-in_dtype6-cuda] PASSED
../publishablew/vision/vision/test/test_transforms_tensor.py::test_convert_image_dtype[out_dtype5-in_dtype0-cpu] PASSED
../publishablew/vision/vision/test/test_transforms_tensor.py::test_convert_image_dtype[out_dtype5-in_dtype0-cuda] PASSED
../publishablew/vision/vision/test/test_transforms_tensor.py::test_convert_image_dtype[out_dtype5-in_dtype1-cpu] PASSED
../publishablew/vision/vision/test/test_transforms_tensor.py::test_convert_image_dtype[out_dtype5-in_dtype1-cuda] PASSED
../publishablew/vision/vision/test/test_transforms_tensor.py::test_convert_image_dtype[out_dtype5-in_dtype2-cpu] PASSED
../publishablew/vision/vision/test/test_transforms_tensor.py::test_convert_image_dtype[out_dtype5-in_dtype2-cuda] PASSED
../publishablew/vision/vision/test/test_transforms_tensor.py::test_convert_image_dtype[out_dtype5-in_dtype3-cpu] PASSED
../publishablew/vision/vision/test/test_transforms_tensor.py::test_convert_image_dtype[out_dtype5-in_dtype3-cuda] PASSED
../publishablew/vision/vision/test/test_transforms_tensor.py::test_convert_image_dtype[out_dtype5-in_dtype4-cpu] PASSED
../publishablew/vision/vision/test/test_transforms_tensor.py::test_convert_image_dtype[out_dtype5-in_dtype4-cuda] PASSED
../publishablew/vision/vision/test/test_transforms_tensor.py::test_convert_image_dtype[out_dtype5-in_dtype5-cpu] PASSED
../publishablew/vision/vision/test/test_transforms_tensor.py::test_convert_image_dtype[out_dtype5-in_dtype5-cuda] PASSED
../publishablew/vision/vision/test/test_transforms_tensor.py::test_convert_image_dtype[out_dtype5-in_dtype6-cpu] PASSED
../publishablew/vision/vision/test/test_transforms_tensor.py::test_convert_image_dtype[out_dtype5-in_dtype6-cuda] PASSED
../publishablew/vision/vision/test/test_transforms_tensor.py::test_convert_image_dtype[out_dtype6-in_dtype0-cpu] PASSED
../publishablew/vision/vision/test/test_transforms_tensor.py::test_convert_image_dtype[out_dtype6-in_dtype0-cuda] PASSED
../publishablew/vision/vision/test/test_transforms_tensor.py::test_convert_image_dtype[out_dtype6-in_dtype1-cpu] PASSED
../publishablew/vision/vision/test/test_transforms_tensor.py::test_convert_image_dtype[out_dtype6-in_dtype1-cuda] PASSED
../publishablew/vision/vision/test/test_transforms_tensor.py::test_convert_image_dtype[out_dtype6-in_dtype2-cpu] PASSED
../publishablew/vision/vision/test/test_transforms_tensor.py::test_convert_image_dtype[out_dtype6-in_dtype2-cuda] PASSED
../publishablew/vision/vision/test/test_transforms_tensor.py::test_convert_image_dtype[out_dtype6-in_dtype3-cpu] PASSED
../publishablew/vision/vision/test/test_transforms_tensor.py::test_convert_image_dtype[out_dtype6-in_dtype3-cuda] PASSED
../publishablew/vision/vision/test/test_transforms_tensor.py::test_convert_image_dtype[out_dtype6-in_dtype4-cpu] PASSED
../publishablew/vision/vision/test/test_transforms_tensor.py::test_convert_image_dtype[out_dtype6-in_dtype4-cuda] PASSED
../publishablew/vision/vision/test/test_transforms_tensor.py::test_convert_image_dtype[out_dtype6-in_dtype5-cpu] PASSED
../publishablew/vision/vision/test/test_transforms_tensor.py::test_convert_image_dtype[out_dtype6-in_dtype5-cuda] PASSED
../publishablew/vision/vision/test/test_transforms_tensor.py::test_convert_image_dtype[out_dtype6-in_dtype6-cpu] PASSED
../publishablew/vision/vision/test/test_transforms_tensor.py::test_convert_image_dtype[out_dtype6-in_dtype6-cuda] PASSED

============================== 98 passed in 0.85s ==============================
