output file:
processed_visionelastic_transform359.json
function:
elastic_transform
Error Cases:

Pass or Failed: 0

Related Failed Test Cases:
{'../publishablew/vision/vision/test/test_transforms_tensor.py::test_elastic_transform[3-fill6-cpu] FAILED', 'FAILED ../publishablew/vision/vision/test/test_transforms_tensor.py::test_elastic_transform[3-fill7-cpu]', 'FAILED ../publishablew/vision/vision/test/test_transforms_tensor.py::test_elastic_transform[1-1-cpu]', '../publishablew/vision/vision/test/test_transforms_tensor.py::test_elastic_transform[3-1.0-cuda] FAILED', 'FAILED ../publishablew/vision/vision/test/test_transforms_tensor.py::test_elastic_transform[1-fill4-cpu]', 'FAILED ../publishablew/vision/vision/test/test_transforms_tensor.py::test_elastic_transform[1-fill3-cuda]', 'FAILED ../publishablew/vision/vision/test/test_transforms_tensor.py::test_elastic_transform[3-fill3-cuda]', 'FAILED ../publishablew/vision/vision/test/test_transforms_tensor.py::test_elastic_transform[3-fill8-cuda]', '../publishablew/vision/vision/test/test_transforms_tensor.py::test_elastic_transform[1-1-cpu] FAILED', '../publishablew/vision/vision/test/test_transforms_tensor.py::test_elastic_transform[3-fill2-cuda] FAILED', '../publishablew/vision/vision/test/test_transforms_tensor.py::test_elastic_transform[3-fill3-cuda] FAILED', 'FAILED ../publishablew/vision/vision/test/test_transforms_tensor.py::test_elastic_transform[3-fill5-cuda]', '../publishablew/vision/vision/test/test_transforms_tensor.py::test_elastic_transform[1-fill5-cpu] FAILED', 'FAILED ../publishablew/vision/vision/test/test_transforms_tensor.py::test_elastic_transform[3-fill6-cpu]', 'FAILED ../publishablew/vision/vision/test/test_transforms_tensor.py::test_elastic_transform[1-1-cuda]', 'FAILED ../publishablew/vision/vision/test/test_transforms_tensor.py::test_elastic_transform[3-1-cpu]', 'FAILED ../publishablew/vision/vision/test/test_transforms_tensor.py::test_elastic_transform[1-fill4-cuda]', '../publishablew/vision/vision/test/test_transforms_tensor.py::test_elastic_transform[1-fill3-cuda] FAILED', '../publishablew/vision/vision/test/test_transforms_tensor.py::test_elastic_transform[3-1-cpu] FAILED', '../publishablew/vision/vision/test/test_transforms_tensor.py::test_elastic_transform[1-fill4-cpu] FAILED', '../publishablew/vision/vision/test/test_transforms_tensor.py::test_elastic_transform[3-1.0-cpu] FAILED', '../publishablew/vision/vision/test/test_transforms_tensor.py::test_elastic_transform[1-fill4-cuda] FAILED', '../publishablew/vision/vision/test/test_transforms_tensor.py::test_elastic_transform[3-1-cuda] FAILED', '../publishablew/vision/vision/test/test_transforms_tensor.py::test_elastic_transform[3-fill4-cuda] FAILED', 'FAILED ../publishablew/vision/vision/test/test_transforms_tensor.py::test_elastic_transform[1-fill3-cpu]', 'FAILED ../publishablew/vision/vision/test/test_transforms_tensor.py::test_elastic_transform[3-fill4-cuda]', 'FAILED ../publishablew/vision/vision/test/test_transforms_tensor.py::test_elastic_transform[1-fill5-cuda]', '../publishablew/vision/vision/test/test_transforms_tensor.py::test_elastic_transform[3-fill5-cpu] FAILED', 'FAILED ../publishablew/vision/vision/test/test_transforms_tensor.py::test_elastic_transform[3-fill5-cpu]', 'FAILED ../publishablew/vision/vision/test/test_transforms_tensor.py::test_elastic_transform[3-fill2-cpu]', 'FAILED ../publishablew/vision/vision/test/test_transforms_tensor.py::test_elastic_transform[3-fill7-cuda]', '../publishablew/vision/vision/test/test_transforms_tensor.py::test_elastic_transform[3-fill9-cpu] FAILED', 'FAILED ../publishablew/vision/vision/test/test_transforms_tensor.py::test_elastic_transform[3-1-cuda]', 'FAILED ../publishablew/vision/vision/test/test_transforms_tensor.py::test_elastic_transform[3-fill9-cpu]', 'FAILED ../publishablew/vision/vision/test/test_transforms_tensor.py::test_elastic_transform[1-fill5-cpu]', '../publishablew/vision/vision/test/test_transforms_tensor.py::test_elastic_transform[3-fill9-cuda] FAILED', 'FAILED ../publishablew/vision/vision/test/test_transforms_tensor.py::test_elastic_transform[3-fill6-cuda]', '../publishablew/vision/vision/test/test_transforms_tensor.py::test_elastic_transform[3-fill6-cuda] FAILED', 'FAILED ../publishablew/vision/vision/test/test_transforms_tensor.py::test_elastic_transform[3-fill9-cuda]', '../publishablew/vision/vision/test/test_transforms_tensor.py::test_elastic_transform[3-fill2-cpu] FAILED', 'FAILED ../publishablew/vision/vision/test/test_transforms_tensor.py::test_elastic_transform[1-fill2-cpu]', '../publishablew/vision/vision/test/test_transforms_tensor.py::test_elastic_transform[3-fill8-cpu] FAILED', '../publishablew/vision/vision/test/test_transforms_tensor.py::test_elastic_transform[3-fill8-cuda] FAILED', 'FAILED ../publishablew/vision/vision/test/test_transforms_tensor.py::test_elastic_transform[1-1.0-cpu]', '../publishablew/vision/vision/test/test_transforms_tensor.py::test_elastic_transform[3-fill7-cuda] FAILED', 'FAILED ../publishablew/vision/vision/test/test_transforms_tensor.py::test_elastic_transform[3-fill8-cpu]', '../publishablew/vision/vision/test/test_transforms_tensor.py::test_elastic_transform[1-1.0-cuda] FAILED', 'FAILED ../publishablew/vision/vision/test/test_transforms_tensor.py::test_elastic_transform[1-1.0-cuda]', '../publishablew/vision/vision/test/test_transforms_tensor.py::test_elastic_transform[1-fill2-cuda] FAILED', '../publishablew/vision/vision/test/test_transforms_tensor.py::test_elastic_transform[1-fill2-cpu] FAILED', 'FAILED ../publishablew/vision/vision/test/test_transforms_tensor.py::test_elastic_transform[3-fill3-cpu]', '../publishablew/vision/vision/test/test_transforms_tensor.py::test_elastic_transform[3-fill3-cpu] FAILED', '../publishablew/vision/vision/test/test_transforms_tensor.py::test_elastic_transform[3-fill4-cpu] FAILED', '../publishablew/vision/vision/test/test_transforms_tensor.py::test_elastic_transform[1-1.0-cpu] FAILED', '../publishablew/vision/vision/test/test_transforms_tensor.py::test_elastic_transform[1-fill5-cuda] FAILED', 'FAILED ../publishablew/vision/vision/test/test_transforms_tensor.py::test_elastic_transform[3-1.0-cpu]', '../publishablew/vision/vision/test/test_transforms_tensor.py::test_elastic_transform[1-fill3-cpu] FAILED', '../publishablew/vision/vision/test/test_transforms_tensor.py::test_elastic_transform[3-fill7-cpu] FAILED', '../publishablew/vision/vision/test/test_transforms_tensor.py::test_elastic_transform[3-fill5-cuda] FAILED', 'FAILED ../publishablew/vision/vision/test/test_transforms_tensor.py::test_elastic_transform[3-fill4-cpu]', '../publishablew/vision/vision/test/test_transforms_tensor.py::test_elastic_transform[1-1-cuda] FAILED', 'FAILED ../publishablew/vision/vision/test/test_transforms_tensor.py::test_elastic_transform[1-fill2-cuda]', 'FAILED ../publishablew/vision/vision/test/test_transforms_tensor.py::test_elastic_transform[3-1.0-cuda]', 'FAILED ../publishablew/vision/vision/test/test_transforms_tensor.py::test_elastic_transform[3-fill2-cuda]'}

All Test Cases On Generated code:
============================= test session starts ==============================
platform linux -- Python 3.11.10, pytest-8.3.4, pluggy-1.5.0 -- /local/data0/moved_data/publishablew/vision/vision/venv/bin/python
cachedir: .pytest_cache
rootdir: /local/data0/moved_data/publishablew/vision/vision
configfile: pytest.ini
plugins: mock-3.14.0
collecting ... collected 40 items

../publishablew/vision/vision/test/test_transforms_tensor.py::test_elastic_transform[1-1-cpu] FAILED
../publishablew/vision/vision/test/test_transforms_tensor.py::test_elastic_transform[1-1-cuda] FAILED
../publishablew/vision/vision/test/test_transforms_tensor.py::test_elastic_transform[1-1.0-cpu] FAILED
../publishablew/vision/vision/test/test_transforms_tensor.py::test_elastic_transform[1-1.0-cuda] FAILED
../publishablew/vision/vision/test/test_transforms_tensor.py::test_elastic_transform[1-fill2-cpu] FAILED
../publishablew/vision/vision/test/test_transforms_tensor.py::test_elastic_transform[1-fill2-cuda] FAILED
../publishablew/vision/vision/test/test_transforms_tensor.py::test_elastic_transform[1-fill3-cpu] FAILED
../publishablew/vision/vision/test/test_transforms_tensor.py::test_elastic_transform[1-fill3-cuda] FAILED
../publishablew/vision/vision/test/test_transforms_tensor.py::test_elastic_transform[1-fill4-cpu] FAILED
../publishablew/vision/vision/test/test_transforms_tensor.py::test_elastic_transform[1-fill4-cuda] FAILED
../publishablew/vision/vision/test/test_transforms_tensor.py::test_elastic_transform[1-fill5-cpu] FAILED
../publishablew/vision/vision/test/test_transforms_tensor.py::test_elastic_transform[1-fill5-cuda] FAILED
../publishablew/vision/vision/test/test_transforms_tensor.py::test_elastic_transform[1-fill6-cpu] PASSED
../publishablew/vision/vision/test/test_transforms_tensor.py::test_elastic_transform[1-fill6-cuda] PASSED
../publishablew/vision/vision/test/test_transforms_tensor.py::test_elastic_transform[1-fill7-cpu] PASSED
../publishablew/vision/vision/test/test_transforms_tensor.py::test_elastic_transform[1-fill7-cuda] PASSED
../publishablew/vision/vision/test/test_transforms_tensor.py::test_elastic_transform[1-fill8-cpu] PASSED
../publishablew/vision/vision/test/test_transforms_tensor.py::test_elastic_transform[1-fill8-cuda] PASSED
../publishablew/vision/vision/test/test_transforms_tensor.py::test_elastic_transform[1-fill9-cpu] PASSED
../publishablew/vision/vision/test/test_transforms_tensor.py::test_elastic_transform[1-fill9-cuda] PASSED
../publishablew/vision/vision/test/test_transforms_tensor.py::test_elastic_transform[3-1-cpu] FAILED
../publishablew/vision/vision/test/test_transforms_tensor.py::test_elastic_transform[3-1-cuda] FAILED
../publishablew/vision/vision/test/test_transforms_tensor.py::test_elastic_transform[3-1.0-cpu] FAILED
../publishablew/vision/vision/test/test_transforms_tensor.py::test_elastic_transform[3-1.0-cuda] FAILED
../publishablew/vision/vision/test/test_transforms_tensor.py::test_elastic_transform[3-fill2-cpu] FAILED
../publishablew/vision/vision/test/test_transforms_tensor.py::test_elastic_transform[3-fill2-cuda] FAILED
../publishablew/vision/vision/test/test_transforms_tensor.py::test_elastic_transform[3-fill3-cpu] FAILED
../publishablew/vision/vision/test/test_transforms_tensor.py::test_elastic_transform[3-fill3-cuda] FAILED
../publishablew/vision/vision/test/test_transforms_tensor.py::test_elastic_transform[3-fill4-cpu] FAILED
../publishablew/vision/vision/test/test_transforms_tensor.py::test_elastic_transform[3-fill4-cuda] FAILED
../publishablew/vision/vision/test/test_transforms_tensor.py::test_elastic_transform[3-fill5-cpu] FAILED
../publishablew/vision/vision/test/test_transforms_tensor.py::test_elastic_transform[3-fill5-cuda] FAILED
../publishablew/vision/vision/test/test_transforms_tensor.py::test_elastic_transform[3-fill6-cpu] FAILED
../publishablew/vision/vision/test/test_transforms_tensor.py::test_elastic_transform[3-fill6-cuda] FAILED
../publishablew/vision/vision/test/test_transforms_tensor.py::test_elastic_transform[3-fill7-cpu] FAILED
../publishablew/vision/vision/test/test_transforms_tensor.py::test_elastic_transform[3-fill7-cuda] FAILED
../publishablew/vision/vision/test/test_transforms_tensor.py::test_elastic_transform[3-fill8-cpu] FAILED
../publishablew/vision/vision/test/test_transforms_tensor.py::test_elastic_transform[3-fill8-cuda] FAILED
../publishablew/vision/vision/test/test_transforms_tensor.py::test_elastic_transform[3-fill9-cpu] FAILED
../publishablew/vision/vision/test/test_transforms_tensor.py::test_elastic_transform[3-fill9-cuda] FAILED

=================================== FAILURES ===================================
_______________________ test_elastic_transform[1-1-cpu] ________________________
../publishablew/vision/vision/test/test_transforms_tensor.py:887: in test_elastic_transform
    _test_class_op(
../publishablew/vision/vision/test/test_transforms_tensor.py:71: in _test_class_op
    scripted_fn = torch.jit.script(f)
../publishablew/vision/vision/venv/lib/python3.11/site-packages/torch/jit/_script.py:1429: in script
    ret = _script_impl(
../publishablew/vision/vision/venv/lib/python3.11/site-packages/torch/jit/_script.py:1147: in _script_impl
    return torch.jit._recursive.create_script_module(
../publishablew/vision/vision/venv/lib/python3.11/site-packages/torch/jit/_recursive.py:557: in create_script_module
    return create_script_module_impl(nn_module, concrete_type, stubs_fn)
../publishablew/vision/vision/venv/lib/python3.11/site-packages/torch/jit/_recursive.py:634: in create_script_module_impl
    create_methods_and_properties_from_stubs(
../publishablew/vision/vision/venv/lib/python3.11/site-packages/torch/jit/_recursive.py:466: in create_methods_and_properties_from_stubs
    concrete_type._create_methods_and_properties(
../publishablew/vision/vision/venv/lib/python3.11/site-packages/torch/jit/_recursive.py:1002: in try_compile_fn
    return torch.jit.script(fn, _rcb=rcb)
../publishablew/vision/vision/venv/lib/python3.11/site-packages/torch/jit/_script.py:1429: in script
    ret = _script_impl(
../publishablew/vision/vision/venv/lib/python3.11/site-packages/torch/jit/_script.py:1202: in _script_impl
    ast = get_jit_def(obj, obj.__name__)
../publishablew/vision/vision/venv/lib/python3.11/site-packages/torch/jit/frontend.py:383: in get_jit_def
    return build_def(
../publishablew/vision/vision/venv/lib/python3.11/site-packages/torch/jit/frontend.py:444: in build_def
    return Def(Ident(r, def_name), decl, build_stmts(ctx, body))
../publishablew/vision/vision/venv/lib/python3.11/site-packages/torch/jit/frontend.py:197: in build_stmts
    stmts = [build_stmt(ctx, s) for s in stmts]
../publishablew/vision/vision/venv/lib/python3.11/site-packages/torch/jit/frontend.py:197: in <listcomp>
    stmts = [build_stmt(ctx, s) for s in stmts]
../publishablew/vision/vision/venv/lib/python3.11/site-packages/torch/jit/frontend.py:416: in __call__
    raise UnsupportedNodeError(ctx, node)
E   torch.jit.frontend.UnsupportedNodeError: import statements aren't supported:
E     File "/local/data0/moved_data/publishablew/vision/vision/torchvision/transforms/functional.py", line 1231
E   def elastic_transform(img: Tensor, displacement: Tensor, interpolation: InterpolationMode=InterpolationMode.BILINEAR, fill: Optional[List[float]]=None) -> Tensor:
E       from .temp import elastic_transform
E       ~~~~ <--- HERE
E       return elastic_transform(img, displacement, interpolation, fill)
_______________________ test_elastic_transform[1-1-cuda] _______________________
../publishablew/vision/vision/test/test_transforms_tensor.py:887: in test_elastic_transform
    _test_class_op(
../publishablew/vision/vision/test/test_transforms_tensor.py:71: in _test_class_op
    scripted_fn = torch.jit.script(f)
../publishablew/vision/vision/venv/lib/python3.11/site-packages/torch/jit/_script.py:1429: in script
    ret = _script_impl(
../publishablew/vision/vision/venv/lib/python3.11/site-packages/torch/jit/_script.py:1147: in _script_impl
    return torch.jit._recursive.create_script_module(
../publishablew/vision/vision/venv/lib/python3.11/site-packages/torch/jit/_recursive.py:557: in create_script_module
    return create_script_module_impl(nn_module, concrete_type, stubs_fn)
../publishablew/vision/vision/venv/lib/python3.11/site-packages/torch/jit/_recursive.py:634: in create_script_module_impl
    create_methods_and_properties_from_stubs(
../publishablew/vision/vision/venv/lib/python3.11/site-packages/torch/jit/_recursive.py:466: in create_methods_and_properties_from_stubs
    concrete_type._create_methods_and_properties(
E   RuntimeError: Can't redefine method: forward on class: __torch__.torchvision.transforms.transforms.ElasticTransform (of Python compilation unit at: 0x71035e0)
______________________ test_elastic_transform[1-1.0-cpu] _______________________
../publishablew/vision/vision/test/test_transforms_tensor.py:887: in test_elastic_transform
    _test_class_op(
../publishablew/vision/vision/test/test_transforms_tensor.py:71: in _test_class_op
    scripted_fn = torch.jit.script(f)
../publishablew/vision/vision/venv/lib/python3.11/site-packages/torch/jit/_script.py:1429: in script
    ret = _script_impl(
../publishablew/vision/vision/venv/lib/python3.11/site-packages/torch/jit/_script.py:1147: in _script_impl
    return torch.jit._recursive.create_script_module(
../publishablew/vision/vision/venv/lib/python3.11/site-packages/torch/jit/_recursive.py:557: in create_script_module
    return create_script_module_impl(nn_module, concrete_type, stubs_fn)
../publishablew/vision/vision/venv/lib/python3.11/site-packages/torch/jit/_recursive.py:634: in create_script_module_impl
    create_methods_and_properties_from_stubs(
../publishablew/vision/vision/venv/lib/python3.11/site-packages/torch/jit/_recursive.py:466: in create_methods_and_properties_from_stubs
    concrete_type._create_methods_and_properties(
E   RuntimeError: Can't redefine method: forward on class: __torch__.torchvision.transforms.transforms.ElasticTransform (of Python compilation unit at: 0x71035e0)
______________________ test_elastic_transform[1-1.0-cuda] ______________________
../publishablew/vision/vision/test/test_transforms_tensor.py:887: in test_elastic_transform
    _test_class_op(
../publishablew/vision/vision/test/test_transforms_tensor.py:71: in _test_class_op
    scripted_fn = torch.jit.script(f)
../publishablew/vision/vision/venv/lib/python3.11/site-packages/torch/jit/_script.py:1429: in script
    ret = _script_impl(
../publishablew/vision/vision/venv/lib/python3.11/site-packages/torch/jit/_script.py:1147: in _script_impl
    return torch.jit._recursive.create_script_module(
../publishablew/vision/vision/venv/lib/python3.11/site-packages/torch/jit/_recursive.py:557: in create_script_module
    return create_script_module_impl(nn_module, concrete_type, stubs_fn)
../publishablew/vision/vision/venv/lib/python3.11/site-packages/torch/jit/_recursive.py:634: in create_script_module_impl
    create_methods_and_properties_from_stubs(
../publishablew/vision/vision/venv/lib/python3.11/site-packages/torch/jit/_recursive.py:466: in create_methods_and_properties_from_stubs
    concrete_type._create_methods_and_properties(
E   RuntimeError: Can't redefine method: forward on class: __torch__.torchvision.transforms.transforms.ElasticTransform (of Python compilation unit at: 0x71035e0)
_____________________ test_elastic_transform[1-fill2-cpu] ______________________
../publishablew/vision/vision/test/test_transforms_tensor.py:887: in test_elastic_transform
    _test_class_op(
../publishablew/vision/vision/test/test_transforms_tensor.py:71: in _test_class_op
    scripted_fn = torch.jit.script(f)
../publishablew/vision/vision/venv/lib/python3.11/site-packages/torch/jit/_script.py:1429: in script
    ret = _script_impl(
../publishablew/vision/vision/venv/lib/python3.11/site-packages/torch/jit/_script.py:1147: in _script_impl
    return torch.jit._recursive.create_script_module(
../publishablew/vision/vision/venv/lib/python3.11/site-packages/torch/jit/_recursive.py:557: in create_script_module
    return create_script_module_impl(nn_module, concrete_type, stubs_fn)
../publishablew/vision/vision/venv/lib/python3.11/site-packages/torch/jit/_recursive.py:634: in create_script_module_impl
    create_methods_and_properties_from_stubs(
../publishablew/vision/vision/venv/lib/python3.11/site-packages/torch/jit/_recursive.py:466: in create_methods_and_properties_from_stubs
    concrete_type._create_methods_and_properties(
E   RuntimeError: Can't redefine method: forward on class: __torch__.torchvision.transforms.transforms.ElasticTransform (of Python compilation unit at: 0x71035e0)
_____________________ test_elastic_transform[1-fill2-cuda] _____________________
../publishablew/vision/vision/test/test_transforms_tensor.py:887: in test_elastic_transform
    _test_class_op(
../publishablew/vision/vision/test/test_transforms_tensor.py:71: in _test_class_op
    scripted_fn = torch.jit.script(f)
../publishablew/vision/vision/venv/lib/python3.11/site-packages/torch/jit/_script.py:1429: in script
    ret = _script_impl(
../publishablew/vision/vision/venv/lib/python3.11/site-packages/torch/jit/_script.py:1147: in _script_impl
    return torch.jit._recursive.create_script_module(
../publishablew/vision/vision/venv/lib/python3.11/site-packages/torch/jit/_recursive.py:557: in create_script_module
    return create_script_module_impl(nn_module, concrete_type, stubs_fn)
../publishablew/vision/vision/venv/lib/python3.11/site-packages/torch/jit/_recursive.py:634: in create_script_module_impl
    create_methods_and_properties_from_stubs(
../publishablew/vision/vision/venv/lib/python3.11/site-packages/torch/jit/_recursive.py:466: in create_methods_and_properties_from_stubs
    concrete_type._create_methods_and_properties(
E   RuntimeError: Can't redefine method: forward on class: __torch__.torchvision.transforms.transforms.ElasticTransform (of Python compilation unit at: 0x71035e0)
_____________________ test_elastic_transform[1-fill3-cpu] ______________________
../publishablew/vision/vision/test/test_transforms_tensor.py:887: in test_elastic_transform
    _test_class_op(
../publishablew/vision/vision/test/test_transforms_tensor.py:71: in _test_class_op
    scripted_fn = torch.jit.script(f)
../publishablew/vision/vision/venv/lib/python3.11/site-packages/torch/jit/_script.py:1429: in script
    ret = _script_impl(
../publishablew/vision/vision/venv/lib/python3.11/site-packages/torch/jit/_script.py:1147: in _script_impl
    return torch.jit._recursive.create_script_module(
../publishablew/vision/vision/venv/lib/python3.11/site-packages/torch/jit/_recursive.py:557: in create_script_module
    return create_script_module_impl(nn_module, concrete_type, stubs_fn)
../publishablew/vision/vision/venv/lib/python3.11/site-packages/torch/jit/_recursive.py:634: in create_script_module_impl
    create_methods_and_properties_from_stubs(
../publishablew/vision/vision/venv/lib/python3.11/site-packages/torch/jit/_recursive.py:466: in create_methods_and_properties_from_stubs
    concrete_type._create_methods_and_properties(
E   RuntimeError: Can't redefine method: forward on class: __torch__.torchvision.transforms.transforms.ElasticTransform (of Python compilation unit at: 0x71035e0)
_____________________ test_elastic_transform[1-fill3-cuda] _____________________
../publishablew/vision/vision/test/test_transforms_tensor.py:887: in test_elastic_transform
    _test_class_op(
../publishablew/vision/vision/test/test_transforms_tensor.py:71: in _test_class_op
    scripted_fn = torch.jit.script(f)
../publishablew/vision/vision/venv/lib/python3.11/site-packages/torch/jit/_script.py:1429: in script
    ret = _script_impl(
../publishablew/vision/vision/venv/lib/python3.11/site-packages/torch/jit/_script.py:1147: in _script_impl
    return torch.jit._recursive.create_script_module(
../publishablew/vision/vision/venv/lib/python3.11/site-packages/torch/jit/_recursive.py:557: in create_script_module
    return create_script_module_impl(nn_module, concrete_type, stubs_fn)
../publishablew/vision/vision/venv/lib/python3.11/site-packages/torch/jit/_recursive.py:634: in create_script_module_impl
    create_methods_and_properties_from_stubs(
../publishablew/vision/vision/venv/lib/python3.11/site-packages/torch/jit/_recursive.py:466: in create_methods_and_properties_from_stubs
    concrete_type._create_methods_and_properties(
E   RuntimeError: Can't redefine method: forward on class: __torch__.torchvision.transforms.transforms.ElasticTransform (of Python compilation unit at: 0x71035e0)
_____________________ test_elastic_transform[1-fill4-cpu] ______________________
../publishablew/vision/vision/test/test_transforms_tensor.py:887: in test_elastic_transform
    _test_class_op(
../publishablew/vision/vision/test/test_transforms_tensor.py:71: in _test_class_op
    scripted_fn = torch.jit.script(f)
../publishablew/vision/vision/venv/lib/python3.11/site-packages/torch/jit/_script.py:1429: in script
    ret = _script_impl(
../publishablew/vision/vision/venv/lib/python3.11/site-packages/torch/jit/_script.py:1147: in _script_impl
    return torch.jit._recursive.create_script_module(
../publishablew/vision/vision/venv/lib/python3.11/site-packages/torch/jit/_recursive.py:557: in create_script_module
    return create_script_module_impl(nn_module, concrete_type, stubs_fn)
../publishablew/vision/vision/venv/lib/python3.11/site-packages/torch/jit/_recursive.py:634: in create_script_module_impl
    create_methods_and_properties_from_stubs(
../publishablew/vision/vision/venv/lib/python3.11/site-packages/torch/jit/_recursive.py:466: in create_methods_and_properties_from_stubs
    concrete_type._create_methods_and_properties(
E   RuntimeError: Can't redefine method: forward on class: __torch__.torchvision.transforms.transforms.ElasticTransform (of Python compilation unit at: 0x71035e0)
_____________________ test_elastic_transform[1-fill4-cuda] _____________________
../publishablew/vision/vision/test/test_transforms_tensor.py:887: in test_elastic_transform
    _test_class_op(
../publishablew/vision/vision/test/test_transforms_tensor.py:71: in _test_class_op
    scripted_fn = torch.jit.script(f)
../publishablew/vision/vision/venv/lib/python3.11/site-packages/torch/jit/_script.py:1429: in script
    ret = _script_impl(
../publishablew/vision/vision/venv/lib/python3.11/site-packages/torch/jit/_script.py:1147: in _script_impl
    return torch.jit._recursive.create_script_module(
../publishablew/vision/vision/venv/lib/python3.11/site-packages/torch/jit/_recursive.py:557: in create_script_module
    return create_script_module_impl(nn_module, concrete_type, stubs_fn)
../publishablew/vision/vision/venv/lib/python3.11/site-packages/torch/jit/_recursive.py:634: in create_script_module_impl
    create_methods_and_properties_from_stubs(
../publishablew/vision/vision/venv/lib/python3.11/site-packages/torch/jit/_recursive.py:466: in create_methods_and_properties_from_stubs
    concrete_type._create_methods_and_properties(
E   RuntimeError: Can't redefine method: forward on class: __torch__.torchvision.transforms.transforms.ElasticTransform (of Python compilation unit at: 0x71035e0)
_____________________ test_elastic_transform[1-fill5-cpu] ______________________
../publishablew/vision/vision/test/test_transforms_tensor.py:887: in test_elastic_transform
    _test_class_op(
../publishablew/vision/vision/test/test_transforms_tensor.py:71: in _test_class_op
    scripted_fn = torch.jit.script(f)
../publishablew/vision/vision/venv/lib/python3.11/site-packages/torch/jit/_script.py:1429: in script
    ret = _script_impl(
../publishablew/vision/vision/venv/lib/python3.11/site-packages/torch/jit/_script.py:1147: in _script_impl
    return torch.jit._recursive.create_script_module(
../publishablew/vision/vision/venv/lib/python3.11/site-packages/torch/jit/_recursive.py:557: in create_script_module
    return create_script_module_impl(nn_module, concrete_type, stubs_fn)
../publishablew/vision/vision/venv/lib/python3.11/site-packages/torch/jit/_recursive.py:634: in create_script_module_impl
    create_methods_and_properties_from_stubs(
../publishablew/vision/vision/venv/lib/python3.11/site-packages/torch/jit/_recursive.py:466: in create_methods_and_properties_from_stubs
    concrete_type._create_methods_and_properties(
E   RuntimeError: Can't redefine method: forward on class: __torch__.torchvision.transforms.transforms.ElasticTransform (of Python compilation unit at: 0x71035e0)
_____________________ test_elastic_transform[1-fill5-cuda] _____________________
../publishablew/vision/vision/test/test_transforms_tensor.py:887: in test_elastic_transform
    _test_class_op(
../publishablew/vision/vision/test/test_transforms_tensor.py:71: in _test_class_op
    scripted_fn = torch.jit.script(f)
../publishablew/vision/vision/venv/lib/python3.11/site-packages/torch/jit/_script.py:1429: in script
    ret = _script_impl(
../publishablew/vision/vision/venv/lib/python3.11/site-packages/torch/jit/_script.py:1147: in _script_impl
    return torch.jit._recursive.create_script_module(
../publishablew/vision/vision/venv/lib/python3.11/site-packages/torch/jit/_recursive.py:557: in create_script_module
    return create_script_module_impl(nn_module, concrete_type, stubs_fn)
../publishablew/vision/vision/venv/lib/python3.11/site-packages/torch/jit/_recursive.py:634: in create_script_module_impl
    create_methods_and_properties_from_stubs(
../publishablew/vision/vision/venv/lib/python3.11/site-packages/torch/jit/_recursive.py:466: in create_methods_and_properties_from_stubs
    concrete_type._create_methods_and_properties(
E   RuntimeError: Can't redefine method: forward on class: __torch__.torchvision.transforms.transforms.ElasticTransform (of Python compilation unit at: 0x71035e0)
_______________________ test_elastic_transform[3-1-cpu] ________________________
../publishablew/vision/vision/test/test_transforms_tensor.py:887: in test_elastic_transform
    _test_class_op(
../publishablew/vision/vision/test/test_transforms_tensor.py:71: in _test_class_op
    scripted_fn = torch.jit.script(f)
../publishablew/vision/vision/venv/lib/python3.11/site-packages/torch/jit/_script.py:1429: in script
    ret = _script_impl(
../publishablew/vision/vision/venv/lib/python3.11/site-packages/torch/jit/_script.py:1147: in _script_impl
    return torch.jit._recursive.create_script_module(
../publishablew/vision/vision/venv/lib/python3.11/site-packages/torch/jit/_recursive.py:557: in create_script_module
    return create_script_module_impl(nn_module, concrete_type, stubs_fn)
../publishablew/vision/vision/venv/lib/python3.11/site-packages/torch/jit/_recursive.py:634: in create_script_module_impl
    create_methods_and_properties_from_stubs(
../publishablew/vision/vision/venv/lib/python3.11/site-packages/torch/jit/_recursive.py:466: in create_methods_and_properties_from_stubs
    concrete_type._create_methods_and_properties(
E   RuntimeError: Can't redefine method: forward on class: __torch__.torchvision.transforms.transforms.ElasticTransform (of Python compilation unit at: 0x71035e0)
_______________________ test_elastic_transform[3-1-cuda] _______________________
../publishablew/vision/vision/test/test_transforms_tensor.py:887: in test_elastic_transform
    _test_class_op(
../publishablew/vision/vision/test/test_transforms_tensor.py:71: in _test_class_op
    scripted_fn = torch.jit.script(f)
../publishablew/vision/vision/venv/lib/python3.11/site-packages/torch/jit/_script.py:1429: in script
    ret = _script_impl(
../publishablew/vision/vision/venv/lib/python3.11/site-packages/torch/jit/_script.py:1147: in _script_impl
    return torch.jit._recursive.create_script_module(
../publishablew/vision/vision/venv/lib/python3.11/site-packages/torch/jit/_recursive.py:557: in create_script_module
    return create_script_module_impl(nn_module, concrete_type, stubs_fn)
../publishablew/vision/vision/venv/lib/python3.11/site-packages/torch/jit/_recursive.py:634: in create_script_module_impl
    create_methods_and_properties_from_stubs(
../publishablew/vision/vision/venv/lib/python3.11/site-packages/torch/jit/_recursive.py:466: in create_methods_and_properties_from_stubs
    concrete_type._create_methods_and_properties(
E   RuntimeError: Can't redefine method: forward on class: __torch__.torchvision.transforms.transforms.ElasticTransform (of Python compilation unit at: 0x71035e0)
______________________ test_elastic_transform[3-1.0-cpu] _______________________
../publishablew/vision/vision/test/test_transforms_tensor.py:887: in test_elastic_transform
    _test_class_op(
../publishablew/vision/vision/test/test_transforms_tensor.py:71: in _test_class_op
    scripted_fn = torch.jit.script(f)
../publishablew/vision/vision/venv/lib/python3.11/site-packages/torch/jit/_script.py:1429: in script
    ret = _script_impl(
../publishablew/vision/vision/venv/lib/python3.11/site-packages/torch/jit/_script.py:1147: in _script_impl
    return torch.jit._recursive.create_script_module(
../publishablew/vision/vision/venv/lib/python3.11/site-packages/torch/jit/_recursive.py:557: in create_script_module
    return create_script_module_impl(nn_module, concrete_type, stubs_fn)
../publishablew/vision/vision/venv/lib/python3.11/site-packages/torch/jit/_recursive.py:634: in create_script_module_impl
    create_methods_and_properties_from_stubs(
../publishablew/vision/vision/venv/lib/python3.11/site-packages/torch/jit/_recursive.py:466: in create_methods_and_properties_from_stubs
    concrete_type._create_methods_and_properties(
E   RuntimeError: Can't redefine method: forward on class: __torch__.torchvision.transforms.transforms.ElasticTransform (of Python compilation unit at: 0x71035e0)
______________________ test_elastic_transform[3-1.0-cuda] ______________________
../publishablew/vision/vision/test/test_transforms_tensor.py:887: in test_elastic_transform
    _test_class_op(
../publishablew/vision/vision/test/test_transforms_tensor.py:71: in _test_class_op
    scripted_fn = torch.jit.script(f)
../publishablew/vision/vision/venv/lib/python3.11/site-packages/torch/jit/_script.py:1429: in script
    ret = _script_impl(
../publishablew/vision/vision/venv/lib/python3.11/site-packages/torch/jit/_script.py:1147: in _script_impl
    return torch.jit._recursive.create_script_module(
../publishablew/vision/vision/venv/lib/python3.11/site-packages/torch/jit/_recursive.py:557: in create_script_module
    return create_script_module_impl(nn_module, concrete_type, stubs_fn)
../publishablew/vision/vision/venv/lib/python3.11/site-packages/torch/jit/_recursive.py:634: in create_script_module_impl
    create_methods_and_properties_from_stubs(
../publishablew/vision/vision/venv/lib/python3.11/site-packages/torch/jit/_recursive.py:466: in create_methods_and_properties_from_stubs
    concrete_type._create_methods_and_properties(
E   RuntimeError: Can't redefine method: forward on class: __torch__.torchvision.transforms.transforms.ElasticTransform (of Python compilation unit at: 0x71035e0)
_____________________ test_elastic_transform[3-fill2-cpu] ______________________
../publishablew/vision/vision/test/test_transforms_tensor.py:887: in test_elastic_transform
    _test_class_op(
../publishablew/vision/vision/test/test_transforms_tensor.py:71: in _test_class_op
    scripted_fn = torch.jit.script(f)
../publishablew/vision/vision/venv/lib/python3.11/site-packages/torch/jit/_script.py:1429: in script
    ret = _script_impl(
../publishablew/vision/vision/venv/lib/python3.11/site-packages/torch/jit/_script.py:1147: in _script_impl
    return torch.jit._recursive.create_script_module(
../publishablew/vision/vision/venv/lib/python3.11/site-packages/torch/jit/_recursive.py:557: in create_script_module
    return create_script_module_impl(nn_module, concrete_type, stubs_fn)
../publishablew/vision/vision/venv/lib/python3.11/site-packages/torch/jit/_recursive.py:634: in create_script_module_impl
    create_methods_and_properties_from_stubs(
../publishablew/vision/vision/venv/lib/python3.11/site-packages/torch/jit/_recursive.py:466: in create_methods_and_properties_from_stubs
    concrete_type._create_methods_and_properties(
E   RuntimeError: Can't redefine method: forward on class: __torch__.torchvision.transforms.transforms.ElasticTransform (of Python compilation unit at: 0x71035e0)
_____________________ test_elastic_transform[3-fill2-cuda] _____________________
../publishablew/vision/vision/test/test_transforms_tensor.py:887: in test_elastic_transform
    _test_class_op(
../publishablew/vision/vision/test/test_transforms_tensor.py:71: in _test_class_op
    scripted_fn = torch.jit.script(f)
../publishablew/vision/vision/venv/lib/python3.11/site-packages/torch/jit/_script.py:1429: in script
    ret = _script_impl(
../publishablew/vision/vision/venv/lib/python3.11/site-packages/torch/jit/_script.py:1147: in _script_impl
    return torch.jit._recursive.create_script_module(
../publishablew/vision/vision/venv/lib/python3.11/site-packages/torch/jit/_recursive.py:557: in create_script_module
    return create_script_module_impl(nn_module, concrete_type, stubs_fn)
../publishablew/vision/vision/venv/lib/python3.11/site-packages/torch/jit/_recursive.py:634: in create_script_module_impl
    create_methods_and_properties_from_stubs(
../publishablew/vision/vision/venv/lib/python3.11/site-packages/torch/jit/_recursive.py:466: in create_methods_and_properties_from_stubs
    concrete_type._create_methods_and_properties(
E   RuntimeError: Can't redefine method: forward on class: __torch__.torchvision.transforms.transforms.ElasticTransform (of Python compilation unit at: 0x71035e0)
_____________________ test_elastic_transform[3-fill3-cpu] ______________________
../publishablew/vision/vision/test/test_transforms_tensor.py:887: in test_elastic_transform
    _test_class_op(
../publishablew/vision/vision/test/test_transforms_tensor.py:71: in _test_class_op
    scripted_fn = torch.jit.script(f)
../publishablew/vision/vision/venv/lib/python3.11/site-packages/torch/jit/_script.py:1429: in script
    ret = _script_impl(
../publishablew/vision/vision/venv/lib/python3.11/site-packages/torch/jit/_script.py:1147: in _script_impl
    return torch.jit._recursive.create_script_module(
../publishablew/vision/vision/venv/lib/python3.11/site-packages/torch/jit/_recursive.py:557: in create_script_module
    return create_script_module_impl(nn_module, concrete_type, stubs_fn)
../publishablew/vision/vision/venv/lib/python3.11/site-packages/torch/jit/_recursive.py:634: in create_script_module_impl
    create_methods_and_properties_from_stubs(
../publishablew/vision/vision/venv/lib/python3.11/site-packages/torch/jit/_recursive.py:466: in create_methods_and_properties_from_stubs
    concrete_type._create_methods_and_properties(
E   RuntimeError: Can't redefine method: forward on class: __torch__.torchvision.transforms.transforms.ElasticTransform (of Python compilation unit at: 0x71035e0)
_____________________ test_elastic_transform[3-fill3-cuda] _____________________
../publishablew/vision/vision/test/test_transforms_tensor.py:887: in test_elastic_transform
    _test_class_op(
../publishablew/vision/vision/test/test_transforms_tensor.py:71: in _test_class_op
    scripted_fn = torch.jit.script(f)
../publishablew/vision/vision/venv/lib/python3.11/site-packages/torch/jit/_script.py:1429: in script
    ret = _script_impl(
../publishablew/vision/vision/venv/lib/python3.11/site-packages/torch/jit/_script.py:1147: in _script_impl
    return torch.jit._recursive.create_script_module(
../publishablew/vision/vision/venv/lib/python3.11/site-packages/torch/jit/_recursive.py:557: in create_script_module
    return create_script_module_impl(nn_module, concrete_type, stubs_fn)
../publishablew/vision/vision/venv/lib/python3.11/site-packages/torch/jit/_recursive.py:634: in create_script_module_impl
    create_methods_and_properties_from_stubs(
../publishablew/vision/vision/venv/lib/python3.11/site-packages/torch/jit/_recursive.py:466: in create_methods_and_properties_from_stubs
    concrete_type._create_methods_and_properties(
E   RuntimeError: Can't redefine method: forward on class: __torch__.torchvision.transforms.transforms.ElasticTransform (of Python compilation unit at: 0x71035e0)
_____________________ test_elastic_transform[3-fill4-cpu] ______________________
../publishablew/vision/vision/test/test_transforms_tensor.py:887: in test_elastic_transform
    _test_class_op(
../publishablew/vision/vision/test/test_transforms_tensor.py:71: in _test_class_op
    scripted_fn = torch.jit.script(f)
../publishablew/vision/vision/venv/lib/python3.11/site-packages/torch/jit/_script.py:1429: in script
    ret = _script_impl(
../publishablew/vision/vision/venv/lib/python3.11/site-packages/torch/jit/_script.py:1147: in _script_impl
    return torch.jit._recursive.create_script_module(
../publishablew/vision/vision/venv/lib/python3.11/site-packages/torch/jit/_recursive.py:557: in create_script_module
    return create_script_module_impl(nn_module, concrete_type, stubs_fn)
../publishablew/vision/vision/venv/lib/python3.11/site-packages/torch/jit/_recursive.py:634: in create_script_module_impl
    create_methods_and_properties_from_stubs(
../publishablew/vision/vision/venv/lib/python3.11/site-packages/torch/jit/_recursive.py:466: in create_methods_and_properties_from_stubs
    concrete_type._create_methods_and_properties(
E   RuntimeError: Can't redefine method: forward on class: __torch__.torchvision.transforms.transforms.ElasticTransform (of Python compilation unit at: 0x71035e0)
_____________________ test_elastic_transform[3-fill4-cuda] _____________________
../publishablew/vision/vision/test/test_transforms_tensor.py:887: in test_elastic_transform
    _test_class_op(
../publishablew/vision/vision/test/test_transforms_tensor.py:71: in _test_class_op
    scripted_fn = torch.jit.script(f)
../publishablew/vision/vision/venv/lib/python3.11/site-packages/torch/jit/_script.py:1429: in script
    ret = _script_impl(
../publishablew/vision/vision/venv/lib/python3.11/site-packages/torch/jit/_script.py:1147: in _script_impl
    return torch.jit._recursive.create_script_module(
../publishablew/vision/vision/venv/lib/python3.11/site-packages/torch/jit/_recursive.py:557: in create_script_module
    return create_script_module_impl(nn_module, concrete_type, stubs_fn)
../publishablew/vision/vision/venv/lib/python3.11/site-packages/torch/jit/_recursive.py:634: in create_script_module_impl
    create_methods_and_properties_from_stubs(
../publishablew/vision/vision/venv/lib/python3.11/site-packages/torch/jit/_recursive.py:466: in create_methods_and_properties_from_stubs
    concrete_type._create_methods_and_properties(
E   RuntimeError: Can't redefine method: forward on class: __torch__.torchvision.transforms.transforms.ElasticTransform (of Python compilation unit at: 0x71035e0)
_____________________ test_elastic_transform[3-fill5-cpu] ______________________
../publishablew/vision/vision/test/test_transforms_tensor.py:887: in test_elastic_transform
    _test_class_op(
../publishablew/vision/vision/test/test_transforms_tensor.py:71: in _test_class_op
    scripted_fn = torch.jit.script(f)
../publishablew/vision/vision/venv/lib/python3.11/site-packages/torch/jit/_script.py:1429: in script
    ret = _script_impl(
../publishablew/vision/vision/venv/lib/python3.11/site-packages/torch/jit/_script.py:1147: in _script_impl
    return torch.jit._recursive.create_script_module(
../publishablew/vision/vision/venv/lib/python3.11/site-packages/torch/jit/_recursive.py:557: in create_script_module
    return create_script_module_impl(nn_module, concrete_type, stubs_fn)
../publishablew/vision/vision/venv/lib/python3.11/site-packages/torch/jit/_recursive.py:634: in create_script_module_impl
    create_methods_and_properties_from_stubs(
../publishablew/vision/vision/venv/lib/python3.11/site-packages/torch/jit/_recursive.py:466: in create_methods_and_properties_from_stubs
    concrete_type._create_methods_and_properties(
E   RuntimeError: Can't redefine method: forward on class: __torch__.torchvision.transforms.transforms.ElasticTransform (of Python compilation unit at: 0x71035e0)
_____________________ test_elastic_transform[3-fill5-cuda] _____________________
../publishablew/vision/vision/test/test_transforms_tensor.py:887: in test_elastic_transform
    _test_class_op(
../publishablew/vision/vision/test/test_transforms_tensor.py:71: in _test_class_op
    scripted_fn = torch.jit.script(f)
../publishablew/vision/vision/venv/lib/python3.11/site-packages/torch/jit/_script.py:1429: in script
    ret = _script_impl(
../publishablew/vision/vision/venv/lib/python3.11/site-packages/torch/jit/_script.py:1147: in _script_impl
    return torch.jit._recursive.create_script_module(
../publishablew/vision/vision/venv/lib/python3.11/site-packages/torch/jit/_recursive.py:557: in create_script_module
    return create_script_module_impl(nn_module, concrete_type, stubs_fn)
../publishablew/vision/vision/venv/lib/python3.11/site-packages/torch/jit/_recursive.py:634: in create_script_module_impl
    create_methods_and_properties_from_stubs(
../publishablew/vision/vision/venv/lib/python3.11/site-packages/torch/jit/_recursive.py:466: in create_methods_and_properties_from_stubs
    concrete_type._create_methods_and_properties(
E   RuntimeError: Can't redefine method: forward on class: __torch__.torchvision.transforms.transforms.ElasticTransform (of Python compilation unit at: 0x71035e0)
_____________________ test_elastic_transform[3-fill6-cpu] ______________________
../publishablew/vision/vision/test/test_transforms_tensor.py:887: in test_elastic_transform
    _test_class_op(
../publishablew/vision/vision/test/test_transforms_tensor.py:71: in _test_class_op
    scripted_fn = torch.jit.script(f)
../publishablew/vision/vision/venv/lib/python3.11/site-packages/torch/jit/_script.py:1429: in script
    ret = _script_impl(
../publishablew/vision/vision/venv/lib/python3.11/site-packages/torch/jit/_script.py:1147: in _script_impl
    return torch.jit._recursive.create_script_module(
../publishablew/vision/vision/venv/lib/python3.11/site-packages/torch/jit/_recursive.py:557: in create_script_module
    return create_script_module_impl(nn_module, concrete_type, stubs_fn)
../publishablew/vision/vision/venv/lib/python3.11/site-packages/torch/jit/_recursive.py:634: in create_script_module_impl
    create_methods_and_properties_from_stubs(
../publishablew/vision/vision/venv/lib/python3.11/site-packages/torch/jit/_recursive.py:466: in create_methods_and_properties_from_stubs
    concrete_type._create_methods_and_properties(
E   RuntimeError: Can't redefine method: forward on class: __torch__.torchvision.transforms.transforms.ElasticTransform (of Python compilation unit at: 0x71035e0)
_____________________ test_elastic_transform[3-fill6-cuda] _____________________
../publishablew/vision/vision/test/test_transforms_tensor.py:887: in test_elastic_transform
    _test_class_op(
../publishablew/vision/vision/test/test_transforms_tensor.py:71: in _test_class_op
    scripted_fn = torch.jit.script(f)
../publishablew/vision/vision/venv/lib/python3.11/site-packages/torch/jit/_script.py:1429: in script
    ret = _script_impl(
../publishablew/vision/vision/venv/lib/python3.11/site-packages/torch/jit/_script.py:1147: in _script_impl
    return torch.jit._recursive.create_script_module(
../publishablew/vision/vision/venv/lib/python3.11/site-packages/torch/jit/_recursive.py:557: in create_script_module
    return create_script_module_impl(nn_module, concrete_type, stubs_fn)
../publishablew/vision/vision/venv/lib/python3.11/site-packages/torch/jit/_recursive.py:634: in create_script_module_impl
    create_methods_and_properties_from_stubs(
../publishablew/vision/vision/venv/lib/python3.11/site-packages/torch/jit/_recursive.py:466: in create_methods_and_properties_from_stubs
    concrete_type._create_methods_and_properties(
E   RuntimeError: Can't redefine method: forward on class: __torch__.torchvision.transforms.transforms.ElasticTransform (of Python compilation unit at: 0x71035e0)
_____________________ test_elastic_transform[3-fill7-cpu] ______________________
../publishablew/vision/vision/test/test_transforms_tensor.py:887: in test_elastic_transform
    _test_class_op(
../publishablew/vision/vision/test/test_transforms_tensor.py:71: in _test_class_op
    scripted_fn = torch.jit.script(f)
../publishablew/vision/vision/venv/lib/python3.11/site-packages/torch/jit/_script.py:1429: in script
    ret = _script_impl(
../publishablew/vision/vision/venv/lib/python3.11/site-packages/torch/jit/_script.py:1147: in _script_impl
    return torch.jit._recursive.create_script_module(
../publishablew/vision/vision/venv/lib/python3.11/site-packages/torch/jit/_recursive.py:557: in create_script_module
    return create_script_module_impl(nn_module, concrete_type, stubs_fn)
../publishablew/vision/vision/venv/lib/python3.11/site-packages/torch/jit/_recursive.py:634: in create_script_module_impl
    create_methods_and_properties_from_stubs(
../publishablew/vision/vision/venv/lib/python3.11/site-packages/torch/jit/_recursive.py:466: in create_methods_and_properties_from_stubs
    concrete_type._create_methods_and_properties(
E   RuntimeError: Can't redefine method: forward on class: __torch__.torchvision.transforms.transforms.ElasticTransform (of Python compilation unit at: 0x71035e0)
_____________________ test_elastic_transform[3-fill7-cuda] _____________________
../publishablew/vision/vision/test/test_transforms_tensor.py:887: in test_elastic_transform
    _test_class_op(
../publishablew/vision/vision/test/test_transforms_tensor.py:71: in _test_class_op
    scripted_fn = torch.jit.script(f)
../publishablew/vision/vision/venv/lib/python3.11/site-packages/torch/jit/_script.py:1429: in script
    ret = _script_impl(
../publishablew/vision/vision/venv/lib/python3.11/site-packages/torch/jit/_script.py:1147: in _script_impl
    return torch.jit._recursive.create_script_module(
../publishablew/vision/vision/venv/lib/python3.11/site-packages/torch/jit/_recursive.py:557: in create_script_module
    return create_script_module_impl(nn_module, concrete_type, stubs_fn)
../publishablew/vision/vision/venv/lib/python3.11/site-packages/torch/jit/_recursive.py:634: in create_script_module_impl
    create_methods_and_properties_from_stubs(
../publishablew/vision/vision/venv/lib/python3.11/site-packages/torch/jit/_recursive.py:466: in create_methods_and_properties_from_stubs
    concrete_type._create_methods_and_properties(
E   RuntimeError: Can't redefine method: forward on class: __torch__.torchvision.transforms.transforms.ElasticTransform (of Python compilation unit at: 0x71035e0)
_____________________ test_elastic_transform[3-fill8-cpu] ______________________
../publishablew/vision/vision/test/test_transforms_tensor.py:887: in test_elastic_transform
    _test_class_op(
../publishablew/vision/vision/test/test_transforms_tensor.py:71: in _test_class_op
    scripted_fn = torch.jit.script(f)
../publishablew/vision/vision/venv/lib/python3.11/site-packages/torch/jit/_script.py:1429: in script
    ret = _script_impl(
../publishablew/vision/vision/venv/lib/python3.11/site-packages/torch/jit/_script.py:1147: in _script_impl
    return torch.jit._recursive.create_script_module(
../publishablew/vision/vision/venv/lib/python3.11/site-packages/torch/jit/_recursive.py:557: in create_script_module
    return create_script_module_impl(nn_module, concrete_type, stubs_fn)
../publishablew/vision/vision/venv/lib/python3.11/site-packages/torch/jit/_recursive.py:634: in create_script_module_impl
    create_methods_and_properties_from_stubs(
../publishablew/vision/vision/venv/lib/python3.11/site-packages/torch/jit/_recursive.py:466: in create_methods_and_properties_from_stubs
    concrete_type._create_methods_and_properties(
E   RuntimeError: Can't redefine method: forward on class: __torch__.torchvision.transforms.transforms.ElasticTransform (of Python compilation unit at: 0x71035e0)
_____________________ test_elastic_transform[3-fill8-cuda] _____________________
../publishablew/vision/vision/test/test_transforms_tensor.py:887: in test_elastic_transform
    _test_class_op(
../publishablew/vision/vision/test/test_transforms_tensor.py:71: in _test_class_op
    scripted_fn = torch.jit.script(f)
../publishablew/vision/vision/venv/lib/python3.11/site-packages/torch/jit/_script.py:1429: in script
    ret = _script_impl(
../publishablew/vision/vision/venv/lib/python3.11/site-packages/torch/jit/_script.py:1147: in _script_impl
    return torch.jit._recursive.create_script_module(
../publishablew/vision/vision/venv/lib/python3.11/site-packages/torch/jit/_recursive.py:557: in create_script_module
    return create_script_module_impl(nn_module, concrete_type, stubs_fn)
../publishablew/vision/vision/venv/lib/python3.11/site-packages/torch/jit/_recursive.py:634: in create_script_module_impl
    create_methods_and_properties_from_stubs(
../publishablew/vision/vision/venv/lib/python3.11/site-packages/torch/jit/_recursive.py:466: in create_methods_and_properties_from_stubs
    concrete_type._create_methods_and_properties(
E   RuntimeError: Can't redefine method: forward on class: __torch__.torchvision.transforms.transforms.ElasticTransform (of Python compilation unit at: 0x71035e0)
_____________________ test_elastic_transform[3-fill9-cpu] ______________________
../publishablew/vision/vision/test/test_transforms_tensor.py:887: in test_elastic_transform
    _test_class_op(
../publishablew/vision/vision/test/test_transforms_tensor.py:71: in _test_class_op
    scripted_fn = torch.jit.script(f)
../publishablew/vision/vision/venv/lib/python3.11/site-packages/torch/jit/_script.py:1429: in script
    ret = _script_impl(
../publishablew/vision/vision/venv/lib/python3.11/site-packages/torch/jit/_script.py:1147: in _script_impl
    return torch.jit._recursive.create_script_module(
../publishablew/vision/vision/venv/lib/python3.11/site-packages/torch/jit/_recursive.py:557: in create_script_module
    return create_script_module_impl(nn_module, concrete_type, stubs_fn)
../publishablew/vision/vision/venv/lib/python3.11/site-packages/torch/jit/_recursive.py:634: in create_script_module_impl
    create_methods_and_properties_from_stubs(
../publishablew/vision/vision/venv/lib/python3.11/site-packages/torch/jit/_recursive.py:466: in create_methods_and_properties_from_stubs
    concrete_type._create_methods_and_properties(
E   RuntimeError: Can't redefine method: forward on class: __torch__.torchvision.transforms.transforms.ElasticTransform (of Python compilation unit at: 0x71035e0)
_____________________ test_elastic_transform[3-fill9-cuda] _____________________
../publishablew/vision/vision/test/test_transforms_tensor.py:887: in test_elastic_transform
    _test_class_op(
../publishablew/vision/vision/test/test_transforms_tensor.py:71: in _test_class_op
    scripted_fn = torch.jit.script(f)
../publishablew/vision/vision/venv/lib/python3.11/site-packages/torch/jit/_script.py:1429: in script
    ret = _script_impl(
../publishablew/vision/vision/venv/lib/python3.11/site-packages/torch/jit/_script.py:1147: in _script_impl
    return torch.jit._recursive.create_script_module(
../publishablew/vision/vision/venv/lib/python3.11/site-packages/torch/jit/_recursive.py:557: in create_script_module
    return create_script_module_impl(nn_module, concrete_type, stubs_fn)
../publishablew/vision/vision/venv/lib/python3.11/site-packages/torch/jit/_recursive.py:634: in create_script_module_impl
    create_methods_and_properties_from_stubs(
../publishablew/vision/vision/venv/lib/python3.11/site-packages/torch/jit/_recursive.py:466: in create_methods_and_properties_from_stubs
    concrete_type._create_methods_and_properties(
E   RuntimeError: Can't redefine method: forward on class: __torch__.torchvision.transforms.transforms.ElasticTransform (of Python compilation unit at: 0x71035e0)
=========================== short test summary info ============================
FAILED ../publishablew/vision/vision/test/test_transforms_tensor.py::test_elastic_transform[1-1-cpu]
FAILED ../publishablew/vision/vision/test/test_transforms_tensor.py::test_elastic_transform[1-1-cuda]
FAILED ../publishablew/vision/vision/test/test_transforms_tensor.py::test_elastic_transform[1-1.0-cpu]
FAILED ../publishablew/vision/vision/test/test_transforms_tensor.py::test_elastic_transform[1-1.0-cuda]
FAILED ../publishablew/vision/vision/test/test_transforms_tensor.py::test_elastic_transform[1-fill2-cpu]
FAILED ../publishablew/vision/vision/test/test_transforms_tensor.py::test_elastic_transform[1-fill2-cuda]
FAILED ../publishablew/vision/vision/test/test_transforms_tensor.py::test_elastic_transform[1-fill3-cpu]
FAILED ../publishablew/vision/vision/test/test_transforms_tensor.py::test_elastic_transform[1-fill3-cuda]
FAILED ../publishablew/vision/vision/test/test_transforms_tensor.py::test_elastic_transform[1-fill4-cpu]
FAILED ../publishablew/vision/vision/test/test_transforms_tensor.py::test_elastic_transform[1-fill4-cuda]
FAILED ../publishablew/vision/vision/test/test_transforms_tensor.py::test_elastic_transform[1-fill5-cpu]
FAILED ../publishablew/vision/vision/test/test_transforms_tensor.py::test_elastic_transform[1-fill5-cuda]
FAILED ../publishablew/vision/vision/test/test_transforms_tensor.py::test_elastic_transform[3-1-cpu]
FAILED ../publishablew/vision/vision/test/test_transforms_tensor.py::test_elastic_transform[3-1-cuda]
FAILED ../publishablew/vision/vision/test/test_transforms_tensor.py::test_elastic_transform[3-1.0-cpu]
FAILED ../publishablew/vision/vision/test/test_transforms_tensor.py::test_elastic_transform[3-1.0-cuda]
FAILED ../publishablew/vision/vision/test/test_transforms_tensor.py::test_elastic_transform[3-fill2-cpu]
FAILED ../publishablew/vision/vision/test/test_transforms_tensor.py::test_elastic_transform[3-fill2-cuda]
FAILED ../publishablew/vision/vision/test/test_transforms_tensor.py::test_elastic_transform[3-fill3-cpu]
FAILED ../publishablew/vision/vision/test/test_transforms_tensor.py::test_elastic_transform[3-fill3-cuda]
FAILED ../publishablew/vision/vision/test/test_transforms_tensor.py::test_elastic_transform[3-fill4-cpu]
FAILED ../publishablew/vision/vision/test/test_transforms_tensor.py::test_elastic_transform[3-fill4-cuda]
FAILED ../publishablew/vision/vision/test/test_transforms_tensor.py::test_elastic_transform[3-fill5-cpu]
FAILED ../publishablew/vision/vision/test/test_transforms_tensor.py::test_elastic_transform[3-fill5-cuda]
FAILED ../publishablew/vision/vision/test/test_transforms_tensor.py::test_elastic_transform[3-fill6-cpu]
FAILED ../publishablew/vision/vision/test/test_transforms_tensor.py::test_elastic_transform[3-fill6-cuda]
FAILED ../publishablew/vision/vision/test/test_transforms_tensor.py::test_elastic_transform[3-fill7-cpu]
FAILED ../publishablew/vision/vision/test/test_transforms_tensor.py::test_elastic_transform[3-fill7-cuda]
FAILED ../publishablew/vision/vision/test/test_transforms_tensor.py::test_elastic_transform[3-fill8-cpu]
FAILED ../publishablew/vision/vision/test/test_transforms_tensor.py::test_elastic_transform[3-fill8-cuda]
FAILED ../publishablew/vision/vision/test/test_transforms_tensor.py::test_elastic_transform[3-fill9-cpu]
FAILED ../publishablew/vision/vision/test/test_transforms_tensor.py::test_elastic_transform[3-fill9-cuda]
========================= 32 failed, 8 passed in 2.09s =========================


Final Test Result:
============================= test session starts ==============================
platform linux -- Python 3.11.10, pytest-8.3.4, pluggy-1.5.0 -- /local/data0/moved_data/publishablew/vision/vision/venv/bin/python
cachedir: .pytest_cache
rootdir: /local/data0/moved_data/publishablew/vision/vision
configfile: pytest.ini
plugins: mock-3.14.0
collecting ... collected 40 items

../publishablew/vision/vision/test/test_transforms_tensor.py::test_elastic_transform[1-1-cpu] PASSED
../publishablew/vision/vision/test/test_transforms_tensor.py::test_elastic_transform[1-1-cuda] PASSED
../publishablew/vision/vision/test/test_transforms_tensor.py::test_elastic_transform[1-1.0-cpu] PASSED
../publishablew/vision/vision/test/test_transforms_tensor.py::test_elastic_transform[1-1.0-cuda] PASSED
../publishablew/vision/vision/test/test_transforms_tensor.py::test_elastic_transform[1-fill2-cpu] PASSED
../publishablew/vision/vision/test/test_transforms_tensor.py::test_elastic_transform[1-fill2-cuda] PASSED
../publishablew/vision/vision/test/test_transforms_tensor.py::test_elastic_transform[1-fill3-cpu] PASSED
../publishablew/vision/vision/test/test_transforms_tensor.py::test_elastic_transform[1-fill3-cuda] PASSED
../publishablew/vision/vision/test/test_transforms_tensor.py::test_elastic_transform[1-fill4-cpu] PASSED
../publishablew/vision/vision/test/test_transforms_tensor.py::test_elastic_transform[1-fill4-cuda] PASSED
../publishablew/vision/vision/test/test_transforms_tensor.py::test_elastic_transform[1-fill5-cpu] PASSED
../publishablew/vision/vision/test/test_transforms_tensor.py::test_elastic_transform[1-fill5-cuda] PASSED
../publishablew/vision/vision/test/test_transforms_tensor.py::test_elastic_transform[1-fill6-cpu] PASSED
../publishablew/vision/vision/test/test_transforms_tensor.py::test_elastic_transform[1-fill6-cuda] PASSED
../publishablew/vision/vision/test/test_transforms_tensor.py::test_elastic_transform[1-fill7-cpu] PASSED
../publishablew/vision/vision/test/test_transforms_tensor.py::test_elastic_transform[1-fill7-cuda] PASSED
../publishablew/vision/vision/test/test_transforms_tensor.py::test_elastic_transform[1-fill8-cpu] PASSED
../publishablew/vision/vision/test/test_transforms_tensor.py::test_elastic_transform[1-fill8-cuda] PASSED
../publishablew/vision/vision/test/test_transforms_tensor.py::test_elastic_transform[1-fill9-cpu] PASSED
../publishablew/vision/vision/test/test_transforms_tensor.py::test_elastic_transform[1-fill9-cuda] PASSED
../publishablew/vision/vision/test/test_transforms_tensor.py::test_elastic_transform[3-1-cpu] PASSED
../publishablew/vision/vision/test/test_transforms_tensor.py::test_elastic_transform[3-1-cuda] PASSED
../publishablew/vision/vision/test/test_transforms_tensor.py::test_elastic_transform[3-1.0-cpu] PASSED
../publishablew/vision/vision/test/test_transforms_tensor.py::test_elastic_transform[3-1.0-cuda] PASSED
../publishablew/vision/vision/test/test_transforms_tensor.py::test_elastic_transform[3-fill2-cpu] PASSED
../publishablew/vision/vision/test/test_transforms_tensor.py::test_elastic_transform[3-fill2-cuda] PASSED
../publishablew/vision/vision/test/test_transforms_tensor.py::test_elastic_transform[3-fill3-cpu] PASSED
../publishablew/vision/vision/test/test_transforms_tensor.py::test_elastic_transform[3-fill3-cuda] PASSED
../publishablew/vision/vision/test/test_transforms_tensor.py::test_elastic_transform[3-fill4-cpu] PASSED
../publishablew/vision/vision/test/test_transforms_tensor.py::test_elastic_transform[3-fill4-cuda] PASSED
../publishablew/vision/vision/test/test_transforms_tensor.py::test_elastic_transform[3-fill5-cpu] PASSED
../publishablew/vision/vision/test/test_transforms_tensor.py::test_elastic_transform[3-fill5-cuda] PASSED
../publishablew/vision/vision/test/test_transforms_tensor.py::test_elastic_transform[3-fill6-cpu] PASSED
../publishablew/vision/vision/test/test_transforms_tensor.py::test_elastic_transform[3-fill6-cuda] PASSED
../publishablew/vision/vision/test/test_transforms_tensor.py::test_elastic_transform[3-fill7-cpu] PASSED
../publishablew/vision/vision/test/test_transforms_tensor.py::test_elastic_transform[3-fill7-cuda] PASSED
../publishablew/vision/vision/test/test_transforms_tensor.py::test_elastic_transform[3-fill8-cpu] PASSED
../publishablew/vision/vision/test/test_transforms_tensor.py::test_elastic_transform[3-fill8-cuda] PASSED
../publishablew/vision/vision/test/test_transforms_tensor.py::test_elastic_transform[3-fill9-cpu] PASSED
../publishablew/vision/vision/test/test_transforms_tensor.py::test_elastic_transform[3-fill9-cuda] PASSED

============================== 40 passed in 1.03s ==============================


Initial Result:
============================= test session starts ==============================
platform linux -- Python 3.11.10, pytest-8.3.4, pluggy-1.5.0 -- /local/data0/moved_data/publishablew/vision/vision/venv/bin/python
cachedir: .pytest_cache
rootdir: /local/data0/moved_data/publishablew/vision/vision
configfile: pytest.ini
plugins: mock-3.14.0
collecting ... collected 40 items

../publishablew/vision/vision/test/test_transforms_tensor.py::test_elastic_transform[1-1-cpu] PASSED
../publishablew/vision/vision/test/test_transforms_tensor.py::test_elastic_transform[1-1-cuda] PASSED
../publishablew/vision/vision/test/test_transforms_tensor.py::test_elastic_transform[1-1.0-cpu] PASSED
../publishablew/vision/vision/test/test_transforms_tensor.py::test_elastic_transform[1-1.0-cuda] PASSED
../publishablew/vision/vision/test/test_transforms_tensor.py::test_elastic_transform[1-fill2-cpu] PASSED
../publishablew/vision/vision/test/test_transforms_tensor.py::test_elastic_transform[1-fill2-cuda] PASSED
../publishablew/vision/vision/test/test_transforms_tensor.py::test_elastic_transform[1-fill3-cpu] PASSED
../publishablew/vision/vision/test/test_transforms_tensor.py::test_elastic_transform[1-fill3-cuda] PASSED
../publishablew/vision/vision/test/test_transforms_tensor.py::test_elastic_transform[1-fill4-cpu] PASSED
../publishablew/vision/vision/test/test_transforms_tensor.py::test_elastic_transform[1-fill4-cuda] PASSED
../publishablew/vision/vision/test/test_transforms_tensor.py::test_elastic_transform[1-fill5-cpu] PASSED
../publishablew/vision/vision/test/test_transforms_tensor.py::test_elastic_transform[1-fill5-cuda] PASSED
../publishablew/vision/vision/test/test_transforms_tensor.py::test_elastic_transform[1-fill6-cpu] PASSED
../publishablew/vision/vision/test/test_transforms_tensor.py::test_elastic_transform[1-fill6-cuda] PASSED
../publishablew/vision/vision/test/test_transforms_tensor.py::test_elastic_transform[1-fill7-cpu] PASSED
../publishablew/vision/vision/test/test_transforms_tensor.py::test_elastic_transform[1-fill7-cuda] PASSED
../publishablew/vision/vision/test/test_transforms_tensor.py::test_elastic_transform[1-fill8-cpu] PASSED
../publishablew/vision/vision/test/test_transforms_tensor.py::test_elastic_transform[1-fill8-cuda] PASSED
../publishablew/vision/vision/test/test_transforms_tensor.py::test_elastic_transform[1-fill9-cpu] PASSED
../publishablew/vision/vision/test/test_transforms_tensor.py::test_elastic_transform[1-fill9-cuda] PASSED
../publishablew/vision/vision/test/test_transforms_tensor.py::test_elastic_transform[3-1-cpu] PASSED
../publishablew/vision/vision/test/test_transforms_tensor.py::test_elastic_transform[3-1-cuda] PASSED
../publishablew/vision/vision/test/test_transforms_tensor.py::test_elastic_transform[3-1.0-cpu] PASSED
../publishablew/vision/vision/test/test_transforms_tensor.py::test_elastic_transform[3-1.0-cuda] PASSED
../publishablew/vision/vision/test/test_transforms_tensor.py::test_elastic_transform[3-fill2-cpu] PASSED
../publishablew/vision/vision/test/test_transforms_tensor.py::test_elastic_transform[3-fill2-cuda] PASSED
../publishablew/vision/vision/test/test_transforms_tensor.py::test_elastic_transform[3-fill3-cpu] PASSED
../publishablew/vision/vision/test/test_transforms_tensor.py::test_elastic_transform[3-fill3-cuda] PASSED
../publishablew/vision/vision/test/test_transforms_tensor.py::test_elastic_transform[3-fill4-cpu] PASSED
../publishablew/vision/vision/test/test_transforms_tensor.py::test_elastic_transform[3-fill4-cuda] PASSED
../publishablew/vision/vision/test/test_transforms_tensor.py::test_elastic_transform[3-fill5-cpu] PASSED
../publishablew/vision/vision/test/test_transforms_tensor.py::test_elastic_transform[3-fill5-cuda] PASSED
../publishablew/vision/vision/test/test_transforms_tensor.py::test_elastic_transform[3-fill6-cpu] PASSED
../publishablew/vision/vision/test/test_transforms_tensor.py::test_elastic_transform[3-fill6-cuda] PASSED
../publishablew/vision/vision/test/test_transforms_tensor.py::test_elastic_transform[3-fill7-cpu] PASSED
../publishablew/vision/vision/test/test_transforms_tensor.py::test_elastic_transform[3-fill7-cuda] PASSED
../publishablew/vision/vision/test/test_transforms_tensor.py::test_elastic_transform[3-fill8-cpu] PASSED
../publishablew/vision/vision/test/test_transforms_tensor.py::test_elastic_transform[3-fill8-cuda] PASSED
../publishablew/vision/vision/test/test_transforms_tensor.py::test_elastic_transform[3-fill9-cpu] PASSED
../publishablew/vision/vision/test/test_transforms_tensor.py::test_elastic_transform[3-fill9-cuda] PASSED

============================== 40 passed in 1.13s ==============================
