output file:
processed_visionto_image103.json
function:
to_image
Error Cases:

Pass or Failed: 0

Related Failed Test Cases:
{'FAILED ../publishablew/vision/vision/test/test_transforms_v2.py::TestResize::test_image_correctness[Resize-False-InterpolationMode.NEAREST_EXACT-size2]', 'FAILED ../publishablew/vision/vision/test/test_transforms_v2.py::TestResize::test_image_correctness[resize-True-InterpolationMode.BILINEAR-size2]', '../publishablew/vision/vision/test/test_transforms_v2.py::TestResize::test_image_correctness[Resize-False-InterpolationMode.BILINEAR-size4] FAILED', '../publishablew/vision/vision/test/test_transforms_v2.py::TestResize::test_image_correctness[resize-True-InterpolationMode.BICUBIC-size1] FAILED', '../publishablew/vision/vision/test/test_transforms_v2.py::TestResize::test_image_correctness[Resize-False-InterpolationMode.NEAREST_EXACT-size4] FAILED', '../publishablew/vision/vision/test/test_transforms_v2.py::TestResize::test_image_correctness[resize-False-InterpolationMode.NEAREST_EXACT-size1] FAILED', '../publishablew/vision/vision/test/test_transforms_v2.py::TestResize::test_image_correctness[Resize-False-InterpolationMode.BICUBIC-size2] FAILED', '../publishablew/vision/vision/test/test_transforms_v2.py::TestResize::test_image_correctness[resize-True-InterpolationMode.BILINEAR-size1] FAILED', '../publishablew/vision/vision/test/test_transforms_v2.py::TestResize::test_image_correctness[Resize-False-InterpolationMode.BILINEAR-None] FAILED', 'FAILED ../publishablew/vision/vision/test/test_transforms_v2.py::TestResize::test_image_correctness[resize-True-InterpolationMode.BICUBIC-17]', 'FAILED ../publishablew/vision/vision/test/test_transforms_v2.py::TestResize::test_image_correctness[Resize-True-InterpolationMode.BICUBIC-size2]', 'FAILED ../publishablew/vision/vision/test/test_transforms_v2.py::TestResize::test_image_correctness[resize-False-InterpolationMode.BICUBIC-size4]', 'FAILED ../publishablew/vision/vision/test/test_transforms_v2.py::TestResize::test_image_correctness[Resize-True-InterpolationMode.NEAREST_EXACT-size2]', 'FAILED ../publishablew/vision/vision/test/test_transforms_v2.py::TestResize::test_image_correctness[Resize-False-InterpolationMode.BILINEAR-size5]', '../publishablew/vision/vision/test/test_transforms_v2.py::TestResize::test_image_correctness[resize-False-InterpolationMode.BILINEAR-size5] FAILED', '../publishablew/vision/vision/test/test_transforms_v2.py::TestResize::test_image_correctness[Resize-True-InterpolationMode.BILINEAR-size1] FAILED', 'FAILED ../publishablew/vision/vision/test/test_transforms_v2.py::TestResize::test_image_correctness[Resize-False-InterpolationMode.BILINEAR-size2]', '../publishablew/vision/vision/test/test_transforms_v2.py::TestResize::test_image_correctness[resize-False-InterpolationMode.BICUBIC-17] FAILED', '../publishablew/vision/vision/test/test_transforms_v2.py::TestResize::test_image_correctness[resize-False-InterpolationMode.NEAREST_EXACT-size5] FAILED', 'FAILED ../publishablew/vision/vision/test/test_transforms_v2.py::TestResize::test_image_correctness[resize-False-InterpolationMode.BILINEAR-17]', 'FAILED ../publishablew/vision/vision/test/test_transforms_v2.py::TestResize::test_image_correctness[Resize-True-InterpolationMode.NEAREST_EXACT-size1]', 'FAILED ../publishablew/vision/vision/test/test_transforms_v2.py::TestResize::test_image_correctness[Resize-False-InterpolationMode.NEAREST_EXACT-size1]', '../publishablew/vision/vision/test/test_transforms_v2.py::TestResize::test_image_correctness[Resize-True-InterpolationMode.NEAREST_EXACT-size1] FAILED', 'FAILED ../publishablew/vision/vision/test/test_transforms_v2.py::TestResize::test_image_correctness[resize-True-InterpolationMode.NEAREST_EXACT-17]', '../publishablew/vision/vision/test/test_transforms_v2.py::TestResize::test_image_correctness[Resize-False-InterpolationMode.BICUBIC-None] FAILED', 'FAILED ../publishablew/vision/vision/test/test_transforms_v2.py::TestResize::test_image_correctness[resize-False-InterpolationMode.NEAREST_EXACT-size1]', 'FAILED ../publishablew/vision/vision/test/test_transforms_v2.py::TestResize::test_image_correctness[Resize-False-InterpolationMode.BICUBIC-size5]', '../publishablew/vision/vision/test/test_transforms_v2.py::TestResize::test_image_correctness[resize-False-InterpolationMode.BICUBIC-None] FAILED', '../publishablew/vision/vision/test/test_transforms_v2.py::TestResize::test_image_correctness[Resize-False-InterpolationMode.NEAREST_EXACT-size2] FAILED', '../publishablew/vision/vision/test/test_transforms_v2.py::TestResize::test_image_correctness[Resize-False-InterpolationMode.BILINEAR-17] FAILED', '../publishablew/vision/vision/test/test_transforms_v2.py::TestResize::test_image_correctness[Resize-False-InterpolationMode.NEAREST_EXACT-size1] FAILED', 'FAILED ../publishablew/vision/vision/test/test_transforms_v2.py::TestResize::test_image_correctness[Resize-False-InterpolationMode.BICUBIC-17]', 'FAILED ../publishablew/vision/vision/test/test_transforms_v2.py::TestResize::test_image_correctness[Resize-False-InterpolationMode.NEAREST_EXACT-17]', '../publishablew/vision/vision/test/test_transforms_v2.py::TestResize::test_image_correctness[resize-False-InterpolationMode.BILINEAR-size4] FAILED', 'FAILED ../publishablew/vision/vision/test/test_transforms_v2.py::TestResize::test_image_correctness[Resize-False-InterpolationMode.BILINEAR-size4]', 'FAILED ../publishablew/vision/vision/test/test_transforms_v2.py::TestResize::test_image_correctness[Resize-False-InterpolationMode.BILINEAR-None]', '../publishablew/vision/vision/test/test_transforms_v2.py::TestResize::test_image_correctness[resize-False-InterpolationMode.BILINEAR-None] FAILED', '../publishablew/vision/vision/test/test_transforms_v2.py::TestResize::test_image_correctness[resize-False-InterpolationMode.BICUBIC-size1] FAILED', 'FAILED ../publishablew/vision/vision/test/test_transforms_v2.py::TestResize::test_image_correctness[Resize-True-InterpolationMode.BICUBIC-size1]', '../publishablew/vision/vision/test/test_transforms_v2.py::TestResize::test_image_correctness[resize-True-InterpolationMode.BILINEAR-size2] FAILED', 'FAILED ../publishablew/vision/vision/test/test_transforms_v2.py::TestResize::test_image_correctness[Resize-True-InterpolationMode.NEAREST_EXACT-17]', '../publishablew/vision/vision/test/test_transforms_v2.py::TestResize::test_image_correctness[resize-True-InterpolationMode.BICUBIC-size2] FAILED', '../publishablew/vision/vision/test/test_transforms_v2.py::TestResize::test_image_correctness[Resize-False-InterpolationMode.BICUBIC-size5] FAILED', 'FAILED ../publishablew/vision/vision/test/test_transforms_v2.py::TestResize::test_image_correctness[resize-False-InterpolationMode.BICUBIC-size2]', 'FAILED ../publishablew/vision/vision/test/test_transforms_v2.py::TestResize::test_image_correctness[Resize-False-InterpolationMode.BILINEAR-17]', '../publishablew/vision/vision/test/test_transforms_v2.py::TestResize::test_image_correctness[Resize-False-InterpolationMode.BILINEAR-size1] FAILED', '../publishablew/vision/vision/test/test_transforms_v2.py::TestResize::test_image_correctness[Resize-True-InterpolationMode.BICUBIC-size1] FAILED', '../publishablew/vision/vision/test/test_transforms_v2.py::TestResize::test_image_correctness[resize-False-InterpolationMode.BICUBIC-size5] FAILED', 'FAILED ../publishablew/vision/vision/test/test_transforms_v2.py::TestResize::test_image_correctness[Resize-True-InterpolationMode.BILINEAR-None]', '../publishablew/vision/vision/test/test_transforms_v2.py::TestResize::test_image_correctness[resize-False-InterpolationMode.NEAREST_EXACT-size2] FAILED', '../publishablew/vision/vision/test/test_transforms_v2.py::TestResize::test_image_correctness[resize-True-InterpolationMode.NEAREST_EXACT-size2] FAILED', 'FAILED ../publishablew/vision/vision/test/test_transforms_v2.py::TestResize::test_image_correctness[resize-False-InterpolationMode.BILINEAR-size5]', '../publishablew/vision/vision/test/test_transforms_v2.py::TestResize::test_image_correctness[Resize-True-InterpolationMode.BILINEAR-17] FAILED', 'FAILED ../publishablew/vision/vision/test/test_transforms_v2.py::TestResize::test_image_correctness[resize-False-InterpolationMode.BILINEAR-size4]', '../publishablew/vision/vision/test/test_transforms_v2.py::TestResize::test_image_correctness[resize-False-InterpolationMode.NEAREST_EXACT-size4] FAILED', 'FAILED ../publishablew/vision/vision/test/test_transforms_v2.py::TestResize::test_image_correctness[resize-False-InterpolationMode.BICUBIC-size1]', '../publishablew/vision/vision/test/test_transforms_v2.py::TestResize::test_image_correctness[Resize-False-InterpolationMode.BILINEAR-size2] FAILED', '../publishablew/vision/vision/test/test_transforms_v2.py::TestResize::test_image_correctness[resize-True-InterpolationMode.NEAREST_EXACT-size1] FAILED', '../publishablew/vision/vision/test/test_transforms_v2.py::TestResize::test_image_correctness[resize-False-InterpolationMode.NEAREST_EXACT-17] FAILED', '../publishablew/vision/vision/test/test_transforms_v2.py::TestResize::test_image_correctness[resize-False-InterpolationMode.BILINEAR-size1] FAILED', 'FAILED ../publishablew/vision/vision/test/test_transforms_v2.py::TestResize::test_image_correctness[resize-False-InterpolationMode.BICUBIC-size5]', 'FAILED ../publishablew/vision/vision/test/test_transforms_v2.py::TestResize::test_image_correctness[resize-False-InterpolationMode.BILINEAR-size1]', 'FAILED ../publishablew/vision/vision/test/test_transforms_v2.py::TestResize::test_image_correctness[Resize-True-InterpolationMode.BICUBIC-None]', '../publishablew/vision/vision/test/test_transforms_v2.py::TestResize::test_image_correctness[Resize-False-InterpolationMode.BICUBIC-size1] FAILED', 'FAILED ../publishablew/vision/vision/test/test_transforms_v2.py::TestResize::test_image_correctness[resize-True-InterpolationMode.BICUBIC-size1]', 'FAILED ../publishablew/vision/vision/test/test_transforms_v2.py::TestResize::test_image_correctness[Resize-False-InterpolationMode.BICUBIC-size2]', 'FAILED ../publishablew/vision/vision/test/test_transforms_v2.py::TestResize::test_image_correctness[Resize-False-InterpolationMode.NEAREST_EXACT-size4]', '../publishablew/vision/vision/test/test_transforms_v2.py::TestResize::test_image_correctness[resize-True-InterpolationMode.BILINEAR-None] FAILED', '../publishablew/vision/vision/test/test_transforms_v2.py::TestResize::test_image_correctness[Resize-True-InterpolationMode.BILINEAR-None] FAILED', 'FAILED ../publishablew/vision/vision/test/test_transforms_v2.py::TestResize::test_image_correctness[Resize-False-InterpolationMode.NEAREST_EXACT-None]', '../publishablew/vision/vision/test/test_transforms_v2.py::TestResize::test_image_correctness[resize-True-InterpolationMode.BICUBIC-17] FAILED', 'FAILED ../publishablew/vision/vision/test/test_transforms_v2.py::TestResize::test_image_correctness[resize-False-InterpolationMode.NEAREST_EXACT-None]', '../publishablew/vision/vision/test/test_transforms_v2.py::TestResize::test_image_correctness[resize-True-InterpolationMode.NEAREST_EXACT-None] FAILED', '../publishablew/vision/vision/test/test_transforms_v2.py::TestResize::test_image_correctness[Resize-True-InterpolationMode.BICUBIC-17] FAILED', 'FAILED ../publishablew/vision/vision/test/test_transforms_v2.py::TestResize::test_image_correctness[Resize-False-InterpolationMode.NEAREST_EXACT-size5]', '../publishablew/vision/vision/test/test_transforms_v2.py::TestResize::test_image_correctness[Resize-False-InterpolationMode.NEAREST_EXACT-None] FAILED', 'FAILED ../publishablew/vision/vision/test/test_transforms_v2.py::TestResize::test_image_correctness[resize-False-InterpolationMode.NEAREST_EXACT-size4]', 'FAILED ../publishablew/vision/vision/test/test_transforms_v2.py::TestResize::test_image_correctness[resize-True-InterpolationMode.NEAREST_EXACT-size1]', 'FAILED ../publishablew/vision/vision/test/test_transforms_v2.py::TestResize::test_image_correctness[resize-False-InterpolationMode.BICUBIC-17]', 'FAILED ../publishablew/vision/vision/test/test_transforms_v2.py::TestResize::test_image_correctness[resize-False-InterpolationMode.BICUBIC-None]', '../publishablew/vision/vision/test/test_transforms_v2.py::TestResize::test_image_correctness[resize-False-InterpolationMode.BICUBIC-size2] FAILED', 'FAILED ../publishablew/vision/vision/test/test_transforms_v2.py::TestResize::test_image_correctness[resize-True-InterpolationMode.BICUBIC-None]', '../publishablew/vision/vision/test/test_transforms_v2.py::TestResize::test_image_correctness[resize-False-InterpolationMode.BILINEAR-size2] FAILED', '../publishablew/vision/vision/test/test_transforms_v2.py::TestResize::test_image_correctness[resize-True-InterpolationMode.BILINEAR-17] FAILED', 'FAILED ../publishablew/vision/vision/test/test_transforms_v2.py::TestResize::test_image_correctness[resize-False-InterpolationMode.BILINEAR-size2]', '../publishablew/vision/vision/test/test_transforms_v2.py::TestResize::test_image_correctness[resize-False-InterpolationMode.BILINEAR-17] FAILED', '../publishablew/vision/vision/test/test_transforms_v2.py::TestResize::test_image_correctness[Resize-False-InterpolationMode.NEAREST_EXACT-size5] FAILED', '../publishablew/vision/vision/test/test_transforms_v2.py::TestResize::test_image_correctness[Resize-False-InterpolationMode.BICUBIC-size4] FAILED', 'FAILED ../publishablew/vision/vision/test/test_transforms_v2.py::TestResize::test_image_correctness[resize-False-InterpolationMode.BILINEAR-None]', '../publishablew/vision/vision/test/test_transforms_v2.py::TestResize::test_image_correctness[resize-True-InterpolationMode.NEAREST_EXACT-17] FAILED', '../publishablew/vision/vision/test/test_transforms_v2.py::TestResize::test_image_correctness[Resize-False-InterpolationMode.BILINEAR-size5] FAILED', 'FAILED ../publishablew/vision/vision/test/test_transforms_v2.py::TestResize::test_image_correctness[resize-True-InterpolationMode.BILINEAR-size1]', 'FAILED ../publishablew/vision/vision/test/test_transforms_v2.py::TestResize::test_image_correctness[resize-True-InterpolationMode.BICUBIC-size2]', 'FAILED ../publishablew/vision/vision/test/test_transforms_v2.py::TestResize::test_image_correctness[Resize-False-InterpolationMode.BICUBIC-size1]', '../publishablew/vision/vision/test/test_transforms_v2.py::TestResize::test_image_correctness[Resize-True-InterpolationMode.BICUBIC-None] FAILED', 'FAILED ../publishablew/vision/vision/test/test_transforms_v2.py::TestResize::test_image_correctness[resize-False-InterpolationMode.NEAREST_EXACT-17]', '../publishablew/vision/vision/test/test_transforms_v2.py::TestResize::test_image_correctness[Resize-True-InterpolationMode.BICUBIC-size2] FAILED', 'FAILED ../publishablew/vision/vision/test/test_transforms_v2.py::TestResize::test_image_correctness[Resize-True-InterpolationMode.BICUBIC-17]', 'FAILED ../publishablew/vision/vision/test/test_transforms_v2.py::TestResize::test_image_correctness[resize-True-InterpolationMode.NEAREST_EXACT-size2]', '../publishablew/vision/vision/test/test_transforms_v2.py::TestResize::test_image_correctness[Resize-True-InterpolationMode.NEAREST_EXACT-size2] FAILED', 'FAILED ../publishablew/vision/vision/test/test_transforms_v2.py::TestResize::test_image_correctness[Resize-True-InterpolationMode.BILINEAR-17]', '../publishablew/vision/vision/test/test_transforms_v2.py::TestResize::test_image_correctness[Resize-True-InterpolationMode.NEAREST_EXACT-17] FAILED', 'FAILED ../publishablew/vision/vision/test/test_transforms_v2.py::TestResize::test_image_correctness[Resize-True-InterpolationMode.NEAREST_EXACT-None]', '../publishablew/vision/vision/test/test_transforms_v2.py::TestResize::test_image_correctness[resize-False-InterpolationMode.NEAREST_EXACT-None] FAILED', '../publishablew/vision/vision/test/test_transforms_v2.py::TestResize::test_image_correctness[Resize-False-InterpolationMode.BICUBIC-17] FAILED', '../publishablew/vision/vision/test/test_transforms_v2.py::TestResize::test_image_correctness[Resize-False-InterpolationMode.NEAREST_EXACT-17] FAILED', 'FAILED ../publishablew/vision/vision/test/test_transforms_v2.py::TestResize::test_image_correctness[resize-True-InterpolationMode.NEAREST_EXACT-None]', 'FAILED ../publishablew/vision/vision/test/test_transforms_v2.py::TestResize::test_image_correctness[resize-False-InterpolationMode.NEAREST_EXACT-size5]', 'FAILED ../publishablew/vision/vision/test/test_transforms_v2.py::TestResize::test_image_correctness[Resize-False-InterpolationMode.BILINEAR-size1]', 'FAILED ../publishablew/vision/vision/test/test_transforms_v2.py::TestResize::test_image_correctness[Resize-False-InterpolationMode.BICUBIC-None]', 'FAILED ../publishablew/vision/vision/test/test_transforms_v2.py::TestResize::test_image_correctness[Resize-True-InterpolationMode.BILINEAR-size1]', 'FAILED ../publishablew/vision/vision/test/test_transforms_v2.py::TestResize::test_image_correctness[Resize-False-InterpolationMode.BICUBIC-size4]', 'FAILED ../publishablew/vision/vision/test/test_transforms_v2.py::TestResize::test_image_correctness[resize-True-InterpolationMode.BILINEAR-None]', '../publishablew/vision/vision/test/test_transforms_v2.py::TestResize::test_image_correctness[Resize-True-InterpolationMode.BILINEAR-size2] FAILED', 'FAILED ../publishablew/vision/vision/test/test_transforms_v2.py::TestResize::test_image_correctness[resize-False-InterpolationMode.NEAREST_EXACT-size2]', 'FAILED ../publishablew/vision/vision/test/test_transforms_v2.py::TestResize::test_image_correctness[Resize-True-InterpolationMode.BILINEAR-size2]', 'FAILED ../publishablew/vision/vision/test/test_transforms_v2.py::TestResize::test_image_correctness[resize-True-InterpolationMode.BILINEAR-17]', '../publishablew/vision/vision/test/test_transforms_v2.py::TestResize::test_image_correctness[resize-False-InterpolationMode.BICUBIC-size4] FAILED', '../publishablew/vision/vision/test/test_transforms_v2.py::TestResize::test_image_correctness[Resize-True-InterpolationMode.NEAREST_EXACT-None] FAILED', '../publishablew/vision/vision/test/test_transforms_v2.py::TestResize::test_image_correctness[resize-True-InterpolationMode.BICUBIC-None] FAILED'}

All Test Cases On Generated code:
============================= test session starts ==============================
platform linux -- Python 3.11.10, pytest-8.3.4, pluggy-1.5.0 -- /local/data0/moved_data/publishablew/vision/vision/venv/bin/python
cachedir: .pytest_cache
rootdir: /local/data0/moved_data/publishablew/vision/vision
configfile: pytest.ini
plugins: mock-3.14.0
collecting ... collected 72 items

../publishablew/vision/vision/test/test_transforms_v2.py::TestResize::test_image_correctness[resize-True-InterpolationMode.NEAREST_EXACT-17] FAILED
../publishablew/vision/vision/test/test_transforms_v2.py::TestResize::test_image_correctness[resize-True-InterpolationMode.NEAREST_EXACT-size1] FAILED
../publishablew/vision/vision/test/test_transforms_v2.py::TestResize::test_image_correctness[resize-True-InterpolationMode.NEAREST_EXACT-size2] FAILED
../publishablew/vision/vision/test/test_transforms_v2.py::TestResize::test_image_correctness[resize-True-InterpolationMode.NEAREST_EXACT-None] FAILED
../publishablew/vision/vision/test/test_transforms_v2.py::TestResize::test_image_correctness[resize-True-InterpolationMode.NEAREST_EXACT-size4] PASSED
../publishablew/vision/vision/test/test_transforms_v2.py::TestResize::test_image_correctness[resize-True-InterpolationMode.NEAREST_EXACT-size5] PASSED
../publishablew/vision/vision/test/test_transforms_v2.py::TestResize::test_image_correctness[resize-True-InterpolationMode.BILINEAR-17] FAILED
../publishablew/vision/vision/test/test_transforms_v2.py::TestResize::test_image_correctness[resize-True-InterpolationMode.BILINEAR-size1] FAILED
../publishablew/vision/vision/test/test_transforms_v2.py::TestResize::test_image_correctness[resize-True-InterpolationMode.BILINEAR-size2] FAILED
../publishablew/vision/vision/test/test_transforms_v2.py::TestResize::test_image_correctness[resize-True-InterpolationMode.BILINEAR-None] FAILED
../publishablew/vision/vision/test/test_transforms_v2.py::TestResize::test_image_correctness[resize-True-InterpolationMode.BILINEAR-size4] PASSED
../publishablew/vision/vision/test/test_transforms_v2.py::TestResize::test_image_correctness[resize-True-InterpolationMode.BILINEAR-size5] PASSED
../publishablew/vision/vision/test/test_transforms_v2.py::TestResize::test_image_correctness[resize-True-InterpolationMode.BICUBIC-17] FAILED
../publishablew/vision/vision/test/test_transforms_v2.py::TestResize::test_image_correctness[resize-True-InterpolationMode.BICUBIC-size1] FAILED
../publishablew/vision/vision/test/test_transforms_v2.py::TestResize::test_image_correctness[resize-True-InterpolationMode.BICUBIC-size2] FAILED
../publishablew/vision/vision/test/test_transforms_v2.py::TestResize::test_image_correctness[resize-True-InterpolationMode.BICUBIC-None] FAILED
../publishablew/vision/vision/test/test_transforms_v2.py::TestResize::test_image_correctness[resize-True-InterpolationMode.BICUBIC-size4] PASSED
../publishablew/vision/vision/test/test_transforms_v2.py::TestResize::test_image_correctness[resize-True-InterpolationMode.BICUBIC-size5] PASSED
../publishablew/vision/vision/test/test_transforms_v2.py::TestResize::test_image_correctness[resize-False-InterpolationMode.NEAREST_EXACT-17] FAILED
../publishablew/vision/vision/test/test_transforms_v2.py::TestResize::test_image_correctness[resize-False-InterpolationMode.NEAREST_EXACT-size1] FAILED
../publishablew/vision/vision/test/test_transforms_v2.py::TestResize::test_image_correctness[resize-False-InterpolationMode.NEAREST_EXACT-size2] FAILED
../publishablew/vision/vision/test/test_transforms_v2.py::TestResize::test_image_correctness[resize-False-InterpolationMode.NEAREST_EXACT-None] FAILED
../publishablew/vision/vision/test/test_transforms_v2.py::TestResize::test_image_correctness[resize-False-InterpolationMode.NEAREST_EXACT-size4] FAILED
../publishablew/vision/vision/test/test_transforms_v2.py::TestResize::test_image_correctness[resize-False-InterpolationMode.NEAREST_EXACT-size5] FAILED
../publishablew/vision/vision/test/test_transforms_v2.py::TestResize::test_image_correctness[resize-False-InterpolationMode.BILINEAR-17] FAILED
../publishablew/vision/vision/test/test_transforms_v2.py::TestResize::test_image_correctness[resize-False-InterpolationMode.BILINEAR-size1] FAILED
../publishablew/vision/vision/test/test_transforms_v2.py::TestResize::test_image_correctness[resize-False-InterpolationMode.BILINEAR-size2] FAILED
../publishablew/vision/vision/test/test_transforms_v2.py::TestResize::test_image_correctness[resize-False-InterpolationMode.BILINEAR-None] FAILED
../publishablew/vision/vision/test/test_transforms_v2.py::TestResize::test_image_correctness[resize-False-InterpolationMode.BILINEAR-size4] FAILED
../publishablew/vision/vision/test/test_transforms_v2.py::TestResize::test_image_correctness[resize-False-InterpolationMode.BILINEAR-size5] FAILED
../publishablew/vision/vision/test/test_transforms_v2.py::TestResize::test_image_correctness[resize-False-InterpolationMode.BICUBIC-17] FAILED
../publishablew/vision/vision/test/test_transforms_v2.py::TestResize::test_image_correctness[resize-False-InterpolationMode.BICUBIC-size1] FAILED
../publishablew/vision/vision/test/test_transforms_v2.py::TestResize::test_image_correctness[resize-False-InterpolationMode.BICUBIC-size2] FAILED
../publishablew/vision/vision/test/test_transforms_v2.py::TestResize::test_image_correctness[resize-False-InterpolationMode.BICUBIC-None] FAILED
../publishablew/vision/vision/test/test_transforms_v2.py::TestResize::test_image_correctness[resize-False-InterpolationMode.BICUBIC-size4] FAILED
../publishablew/vision/vision/test/test_transforms_v2.py::TestResize::test_image_correctness[resize-False-InterpolationMode.BICUBIC-size5] FAILED
../publishablew/vision/vision/test/test_transforms_v2.py::TestResize::test_image_correctness[Resize-True-InterpolationMode.NEAREST_EXACT-17] FAILED
../publishablew/vision/vision/test/test_transforms_v2.py::TestResize::test_image_correctness[Resize-True-InterpolationMode.NEAREST_EXACT-size1] FAILED
../publishablew/vision/vision/test/test_transforms_v2.py::TestResize::test_image_correctness[Resize-True-InterpolationMode.NEAREST_EXACT-size2] FAILED
../publishablew/vision/vision/test/test_transforms_v2.py::TestResize::test_image_correctness[Resize-True-InterpolationMode.NEAREST_EXACT-None] FAILED
../publishablew/vision/vision/test/test_transforms_v2.py::TestResize::test_image_correctness[Resize-True-InterpolationMode.NEAREST_EXACT-size4] PASSED
../publishablew/vision/vision/test/test_transforms_v2.py::TestResize::test_image_correctness[Resize-True-InterpolationMode.NEAREST_EXACT-size5] PASSED
../publishablew/vision/vision/test/test_transforms_v2.py::TestResize::test_image_correctness[Resize-True-InterpolationMode.BILINEAR-17] FAILED
../publishablew/vision/vision/test/test_transforms_v2.py::TestResize::test_image_correctness[Resize-True-InterpolationMode.BILINEAR-size1] FAILED
../publishablew/vision/vision/test/test_transforms_v2.py::TestResize::test_image_correctness[Resize-True-InterpolationMode.BILINEAR-size2] FAILED
../publishablew/vision/vision/test/test_transforms_v2.py::TestResize::test_image_correctness[Resize-True-InterpolationMode.BILINEAR-None] FAILED
../publishablew/vision/vision/test/test_transforms_v2.py::TestResize::test_image_correctness[Resize-True-InterpolationMode.BILINEAR-size4] PASSED
../publishablew/vision/vision/test/test_transforms_v2.py::TestResize::test_image_correctness[Resize-True-InterpolationMode.BILINEAR-size5] PASSED
../publishablew/vision/vision/test/test_transforms_v2.py::TestResize::test_image_correctness[Resize-True-InterpolationMode.BICUBIC-17] FAILED
../publishablew/vision/vision/test/test_transforms_v2.py::TestResize::test_image_correctness[Resize-True-InterpolationMode.BICUBIC-size1] FAILED
../publishablew/vision/vision/test/test_transforms_v2.py::TestResize::test_image_correctness[Resize-True-InterpolationMode.BICUBIC-size2] FAILED
../publishablew/vision/vision/test/test_transforms_v2.py::TestResize::test_image_correctness[Resize-True-InterpolationMode.BICUBIC-None] FAILED
../publishablew/vision/vision/test/test_transforms_v2.py::TestResize::test_image_correctness[Resize-True-InterpolationMode.BICUBIC-size4] PASSED
../publishablew/vision/vision/test/test_transforms_v2.py::TestResize::test_image_correctness[Resize-True-InterpolationMode.BICUBIC-size5] PASSED
../publishablew/vision/vision/test/test_transforms_v2.py::TestResize::test_image_correctness[Resize-False-InterpolationMode.NEAREST_EXACT-17] FAILED
../publishablew/vision/vision/test/test_transforms_v2.py::TestResize::test_image_correctness[Resize-False-InterpolationMode.NEAREST_EXACT-size1] FAILED
../publishablew/vision/vision/test/test_transforms_v2.py::TestResize::test_image_correctness[Resize-False-InterpolationMode.NEAREST_EXACT-size2] FAILED
../publishablew/vision/vision/test/test_transforms_v2.py::TestResize::test_image_correctness[Resize-False-InterpolationMode.NEAREST_EXACT-None] FAILED
../publishablew/vision/vision/test/test_transforms_v2.py::TestResize::test_image_correctness[Resize-False-InterpolationMode.NEAREST_EXACT-size4] FAILED
../publishablew/vision/vision/test/test_transforms_v2.py::TestResize::test_image_correctness[Resize-False-InterpolationMode.NEAREST_EXACT-size5] FAILED
../publishablew/vision/vision/test/test_transforms_v2.py::TestResize::test_image_correctness[Resize-False-InterpolationMode.BILINEAR-17] FAILED
../publishablew/vision/vision/test/test_transforms_v2.py::TestResize::test_image_correctness[Resize-False-InterpolationMode.BILINEAR-size1] FAILED
../publishablew/vision/vision/test/test_transforms_v2.py::TestResize::test_image_correctness[Resize-False-InterpolationMode.BILINEAR-size2] FAILED
../publishablew/vision/vision/test/test_transforms_v2.py::TestResize::test_image_correctness[Resize-False-InterpolationMode.BILINEAR-None] FAILED
../publishablew/vision/vision/test/test_transforms_v2.py::TestResize::test_image_correctness[Resize-False-InterpolationMode.BILINEAR-size4] FAILED
../publishablew/vision/vision/test/test_transforms_v2.py::TestResize::test_image_correctness[Resize-False-InterpolationMode.BILINEAR-size5] FAILED
../publishablew/vision/vision/test/test_transforms_v2.py::TestResize::test_image_correctness[Resize-False-InterpolationMode.BICUBIC-17] FAILED
../publishablew/vision/vision/test/test_transforms_v2.py::TestResize::test_image_correctness[Resize-False-InterpolationMode.BICUBIC-size1] FAILED
../publishablew/vision/vision/test/test_transforms_v2.py::TestResize::test_image_correctness[Resize-False-InterpolationMode.BICUBIC-size2] FAILED
../publishablew/vision/vision/test/test_transforms_v2.py::TestResize::test_image_correctness[Resize-False-InterpolationMode.BICUBIC-None] FAILED
../publishablew/vision/vision/test/test_transforms_v2.py::TestResize::test_image_correctness[Resize-False-InterpolationMode.BICUBIC-size4] FAILED
../publishablew/vision/vision/test/test_transforms_v2.py::TestResize::test_image_correctness[Resize-False-InterpolationMode.BICUBIC-size5] FAILED

=================================== FAILURES ===================================
_ TestResize.test_image_correctness[resize-True-InterpolationMode.NEAREST_EXACT-17] _
../publishablew/vision/vision/test/test_transforms_v2.py:733: in test_image_correctness
    expected = F.to_image(F.resize(F.to_pil_image(image), size=size, interpolation=interpolation, **max_size_kwarg))
../publishablew/vision/vision/torchvision/transforms/v2/functional/_type_conversion.py:10: in to_image
    from .temp import to_image
../publishablew/vision/vision/torchvision/transforms/v2/functional/temp.py:11: in <module>
    from torchvision.transforms import tv_tensors
E   ImportError: cannot import name 'tv_tensors' from 'torchvision.transforms' (/local/data0/moved_data/publishablew/vision/vision/torchvision/transforms/__init__.py)
_ TestResize.test_image_correctness[resize-True-InterpolationMode.NEAREST_EXACT-size1] _
../publishablew/vision/vision/test/test_transforms_v2.py:733: in test_image_correctness
    expected = F.to_image(F.resize(F.to_pil_image(image), size=size, interpolation=interpolation, **max_size_kwarg))
../publishablew/vision/vision/torchvision/transforms/v2/functional/_type_conversion.py:10: in to_image
    from .temp import to_image
../publishablew/vision/vision/torchvision/transforms/v2/functional/temp.py:11: in <module>
    from torchvision.transforms import tv_tensors
E   ImportError: cannot import name 'tv_tensors' from 'torchvision.transforms' (/local/data0/moved_data/publishablew/vision/vision/torchvision/transforms/__init__.py)
_ TestResize.test_image_correctness[resize-True-InterpolationMode.NEAREST_EXACT-size2] _
../publishablew/vision/vision/test/test_transforms_v2.py:733: in test_image_correctness
    expected = F.to_image(F.resize(F.to_pil_image(image), size=size, interpolation=interpolation, **max_size_kwarg))
../publishablew/vision/vision/torchvision/transforms/v2/functional/_type_conversion.py:10: in to_image
    from .temp import to_image
../publishablew/vision/vision/torchvision/transforms/v2/functional/temp.py:11: in <module>
    from torchvision.transforms import tv_tensors
E   ImportError: cannot import name 'tv_tensors' from 'torchvision.transforms' (/local/data0/moved_data/publishablew/vision/vision/torchvision/transforms/__init__.py)
_ TestResize.test_image_correctness[resize-True-InterpolationMode.NEAREST_EXACT-None] _
../publishablew/vision/vision/test/test_transforms_v2.py:733: in test_image_correctness
    expected = F.to_image(F.resize(F.to_pil_image(image), size=size, interpolation=interpolation, **max_size_kwarg))
../publishablew/vision/vision/torchvision/transforms/v2/functional/_type_conversion.py:10: in to_image
    from .temp import to_image
../publishablew/vision/vision/torchvision/transforms/v2/functional/temp.py:11: in <module>
    from torchvision.transforms import tv_tensors
E   ImportError: cannot import name 'tv_tensors' from 'torchvision.transforms' (/local/data0/moved_data/publishablew/vision/vision/torchvision/transforms/__init__.py)
_ TestResize.test_image_correctness[resize-True-InterpolationMode.BILINEAR-17] _
../publishablew/vision/vision/test/test_transforms_v2.py:733: in test_image_correctness
    expected = F.to_image(F.resize(F.to_pil_image(image), size=size, interpolation=interpolation, **max_size_kwarg))
../publishablew/vision/vision/torchvision/transforms/v2/functional/_type_conversion.py:10: in to_image
    from .temp import to_image
../publishablew/vision/vision/torchvision/transforms/v2/functional/temp.py:11: in <module>
    from torchvision.transforms import tv_tensors
E   ImportError: cannot import name 'tv_tensors' from 'torchvision.transforms' (/local/data0/moved_data/publishablew/vision/vision/torchvision/transforms/__init__.py)
_ TestResize.test_image_correctness[resize-True-InterpolationMode.BILINEAR-size1] _
../publishablew/vision/vision/test/test_transforms_v2.py:733: in test_image_correctness
    expected = F.to_image(F.resize(F.to_pil_image(image), size=size, interpolation=interpolation, **max_size_kwarg))
../publishablew/vision/vision/torchvision/transforms/v2/functional/_type_conversion.py:10: in to_image
    from .temp import to_image
../publishablew/vision/vision/torchvision/transforms/v2/functional/temp.py:11: in <module>
    from torchvision.transforms import tv_tensors
E   ImportError: cannot import name 'tv_tensors' from 'torchvision.transforms' (/local/data0/moved_data/publishablew/vision/vision/torchvision/transforms/__init__.py)
_ TestResize.test_image_correctness[resize-True-InterpolationMode.BILINEAR-size2] _
../publishablew/vision/vision/test/test_transforms_v2.py:733: in test_image_correctness
    expected = F.to_image(F.resize(F.to_pil_image(image), size=size, interpolation=interpolation, **max_size_kwarg))
../publishablew/vision/vision/torchvision/transforms/v2/functional/_type_conversion.py:10: in to_image
    from .temp import to_image
../publishablew/vision/vision/torchvision/transforms/v2/functional/temp.py:11: in <module>
    from torchvision.transforms import tv_tensors
E   ImportError: cannot import name 'tv_tensors' from 'torchvision.transforms' (/local/data0/moved_data/publishablew/vision/vision/torchvision/transforms/__init__.py)
_ TestResize.test_image_correctness[resize-True-InterpolationMode.BILINEAR-None] _
../publishablew/vision/vision/test/test_transforms_v2.py:733: in test_image_correctness
    expected = F.to_image(F.resize(F.to_pil_image(image), size=size, interpolation=interpolation, **max_size_kwarg))
../publishablew/vision/vision/torchvision/transforms/v2/functional/_type_conversion.py:10: in to_image
    from .temp import to_image
../publishablew/vision/vision/torchvision/transforms/v2/functional/temp.py:11: in <module>
    from torchvision.transforms import tv_tensors
E   ImportError: cannot import name 'tv_tensors' from 'torchvision.transforms' (/local/data0/moved_data/publishablew/vision/vision/torchvision/transforms/__init__.py)
_ TestResize.test_image_correctness[resize-True-InterpolationMode.BICUBIC-17] __
../publishablew/vision/vision/test/test_transforms_v2.py:733: in test_image_correctness
    expected = F.to_image(F.resize(F.to_pil_image(image), size=size, interpolation=interpolation, **max_size_kwarg))
../publishablew/vision/vision/torchvision/transforms/v2/functional/_type_conversion.py:10: in to_image
    from .temp import to_image
../publishablew/vision/vision/torchvision/transforms/v2/functional/temp.py:11: in <module>
    from torchvision.transforms import tv_tensors
E   ImportError: cannot import name 'tv_tensors' from 'torchvision.transforms' (/local/data0/moved_data/publishablew/vision/vision/torchvision/transforms/__init__.py)
_ TestResize.test_image_correctness[resize-True-InterpolationMode.BICUBIC-size1] _
../publishablew/vision/vision/test/test_transforms_v2.py:733: in test_image_correctness
    expected = F.to_image(F.resize(F.to_pil_image(image), size=size, interpolation=interpolation, **max_size_kwarg))
../publishablew/vision/vision/torchvision/transforms/v2/functional/_type_conversion.py:10: in to_image
    from .temp import to_image
../publishablew/vision/vision/torchvision/transforms/v2/functional/temp.py:11: in <module>
    from torchvision.transforms import tv_tensors
E   ImportError: cannot import name 'tv_tensors' from 'torchvision.transforms' (/local/data0/moved_data/publishablew/vision/vision/torchvision/transforms/__init__.py)
_ TestResize.test_image_correctness[resize-True-InterpolationMode.BICUBIC-size2] _
../publishablew/vision/vision/test/test_transforms_v2.py:733: in test_image_correctness
    expected = F.to_image(F.resize(F.to_pil_image(image), size=size, interpolation=interpolation, **max_size_kwarg))
../publishablew/vision/vision/torchvision/transforms/v2/functional/_type_conversion.py:10: in to_image
    from .temp import to_image
../publishablew/vision/vision/torchvision/transforms/v2/functional/temp.py:11: in <module>
    from torchvision.transforms import tv_tensors
E   ImportError: cannot import name 'tv_tensors' from 'torchvision.transforms' (/local/data0/moved_data/publishablew/vision/vision/torchvision/transforms/__init__.py)
_ TestResize.test_image_correctness[resize-True-InterpolationMode.BICUBIC-None] _
../publishablew/vision/vision/test/test_transforms_v2.py:733: in test_image_correctness
    expected = F.to_image(F.resize(F.to_pil_image(image), size=size, interpolation=interpolation, **max_size_kwarg))
../publishablew/vision/vision/torchvision/transforms/v2/functional/_type_conversion.py:10: in to_image
    from .temp import to_image
../publishablew/vision/vision/torchvision/transforms/v2/functional/temp.py:11: in <module>
    from torchvision.transforms import tv_tensors
E   ImportError: cannot import name 'tv_tensors' from 'torchvision.transforms' (/local/data0/moved_data/publishablew/vision/vision/torchvision/transforms/__init__.py)
_ TestResize.test_image_correctness[resize-False-InterpolationMode.NEAREST_EXACT-17] _
../publishablew/vision/vision/test/test_transforms_v2.py:733: in test_image_correctness
    expected = F.to_image(F.resize(F.to_pil_image(image), size=size, interpolation=interpolation, **max_size_kwarg))
../publishablew/vision/vision/torchvision/transforms/v2/functional/_type_conversion.py:10: in to_image
    from .temp import to_image
../publishablew/vision/vision/torchvision/transforms/v2/functional/temp.py:11: in <module>
    from torchvision.transforms import tv_tensors
E   ImportError: cannot import name 'tv_tensors' from 'torchvision.transforms' (/local/data0/moved_data/publishablew/vision/vision/torchvision/transforms/__init__.py)
_ TestResize.test_image_correctness[resize-False-InterpolationMode.NEAREST_EXACT-size1] _
../publishablew/vision/vision/test/test_transforms_v2.py:733: in test_image_correctness
    expected = F.to_image(F.resize(F.to_pil_image(image), size=size, interpolation=interpolation, **max_size_kwarg))
../publishablew/vision/vision/torchvision/transforms/v2/functional/_type_conversion.py:10: in to_image
    from .temp import to_image
../publishablew/vision/vision/torchvision/transforms/v2/functional/temp.py:11: in <module>
    from torchvision.transforms import tv_tensors
E   ImportError: cannot import name 'tv_tensors' from 'torchvision.transforms' (/local/data0/moved_data/publishablew/vision/vision/torchvision/transforms/__init__.py)
_ TestResize.test_image_correctness[resize-False-InterpolationMode.NEAREST_EXACT-size2] _
../publishablew/vision/vision/test/test_transforms_v2.py:733: in test_image_correctness
    expected = F.to_image(F.resize(F.to_pil_image(image), size=size, interpolation=interpolation, **max_size_kwarg))
../publishablew/vision/vision/torchvision/transforms/v2/functional/_type_conversion.py:10: in to_image
    from .temp import to_image
../publishablew/vision/vision/torchvision/transforms/v2/functional/temp.py:11: in <module>
    from torchvision.transforms import tv_tensors
E   ImportError: cannot import name 'tv_tensors' from 'torchvision.transforms' (/local/data0/moved_data/publishablew/vision/vision/torchvision/transforms/__init__.py)
_ TestResize.test_image_correctness[resize-False-InterpolationMode.NEAREST_EXACT-None] _
../publishablew/vision/vision/test/test_transforms_v2.py:733: in test_image_correctness
    expected = F.to_image(F.resize(F.to_pil_image(image), size=size, interpolation=interpolation, **max_size_kwarg))
../publishablew/vision/vision/torchvision/transforms/v2/functional/_type_conversion.py:10: in to_image
    from .temp import to_image
../publishablew/vision/vision/torchvision/transforms/v2/functional/temp.py:11: in <module>
    from torchvision.transforms import tv_tensors
E   ImportError: cannot import name 'tv_tensors' from 'torchvision.transforms' (/local/data0/moved_data/publishablew/vision/vision/torchvision/transforms/__init__.py)
_ TestResize.test_image_correctness[resize-False-InterpolationMode.NEAREST_EXACT-size4] _
../publishablew/vision/vision/test/test_transforms_v2.py:733: in test_image_correctness
    expected = F.to_image(F.resize(F.to_pil_image(image), size=size, interpolation=interpolation, **max_size_kwarg))
../publishablew/vision/vision/torchvision/transforms/v2/functional/_type_conversion.py:10: in to_image
    from .temp import to_image
../publishablew/vision/vision/torchvision/transforms/v2/functional/temp.py:11: in <module>
    from torchvision.transforms import tv_tensors
E   ImportError: cannot import name 'tv_tensors' from 'torchvision.transforms' (/local/data0/moved_data/publishablew/vision/vision/torchvision/transforms/__init__.py)
_ TestResize.test_image_correctness[resize-False-InterpolationMode.NEAREST_EXACT-size5] _
../publishablew/vision/vision/test/test_transforms_v2.py:733: in test_image_correctness
    expected = F.to_image(F.resize(F.to_pil_image(image), size=size, interpolation=interpolation, **max_size_kwarg))
../publishablew/vision/vision/torchvision/transforms/v2/functional/_type_conversion.py:10: in to_image
    from .temp import to_image
../publishablew/vision/vision/torchvision/transforms/v2/functional/temp.py:11: in <module>
    from torchvision.transforms import tv_tensors
E   ImportError: cannot import name 'tv_tensors' from 'torchvision.transforms' (/local/data0/moved_data/publishablew/vision/vision/torchvision/transforms/__init__.py)
_ TestResize.test_image_correctness[resize-False-InterpolationMode.BILINEAR-17] _
../publishablew/vision/vision/test/test_transforms_v2.py:733: in test_image_correctness
    expected = F.to_image(F.resize(F.to_pil_image(image), size=size, interpolation=interpolation, **max_size_kwarg))
../publishablew/vision/vision/torchvision/transforms/v2/functional/_type_conversion.py:10: in to_image
    from .temp import to_image
../publishablew/vision/vision/torchvision/transforms/v2/functional/temp.py:11: in <module>
    from torchvision.transforms import tv_tensors
E   ImportError: cannot import name 'tv_tensors' from 'torchvision.transforms' (/local/data0/moved_data/publishablew/vision/vision/torchvision/transforms/__init__.py)
_ TestResize.test_image_correctness[resize-False-InterpolationMode.BILINEAR-size1] _
../publishablew/vision/vision/test/test_transforms_v2.py:733: in test_image_correctness
    expected = F.to_image(F.resize(F.to_pil_image(image), size=size, interpolation=interpolation, **max_size_kwarg))
../publishablew/vision/vision/torchvision/transforms/v2/functional/_type_conversion.py:10: in to_image
    from .temp import to_image
../publishablew/vision/vision/torchvision/transforms/v2/functional/temp.py:11: in <module>
    from torchvision.transforms import tv_tensors
E   ImportError: cannot import name 'tv_tensors' from 'torchvision.transforms' (/local/data0/moved_data/publishablew/vision/vision/torchvision/transforms/__init__.py)
_ TestResize.test_image_correctness[resize-False-InterpolationMode.BILINEAR-size2] _
../publishablew/vision/vision/test/test_transforms_v2.py:733: in test_image_correctness
    expected = F.to_image(F.resize(F.to_pil_image(image), size=size, interpolation=interpolation, **max_size_kwarg))
../publishablew/vision/vision/torchvision/transforms/v2/functional/_type_conversion.py:10: in to_image
    from .temp import to_image
../publishablew/vision/vision/torchvision/transforms/v2/functional/temp.py:11: in <module>
    from torchvision.transforms import tv_tensors
E   ImportError: cannot import name 'tv_tensors' from 'torchvision.transforms' (/local/data0/moved_data/publishablew/vision/vision/torchvision/transforms/__init__.py)
_ TestResize.test_image_correctness[resize-False-InterpolationMode.BILINEAR-None] _
../publishablew/vision/vision/test/test_transforms_v2.py:733: in test_image_correctness
    expected = F.to_image(F.resize(F.to_pil_image(image), size=size, interpolation=interpolation, **max_size_kwarg))
../publishablew/vision/vision/torchvision/transforms/v2/functional/_type_conversion.py:10: in to_image
    from .temp import to_image
../publishablew/vision/vision/torchvision/transforms/v2/functional/temp.py:11: in <module>
    from torchvision.transforms import tv_tensors
E   ImportError: cannot import name 'tv_tensors' from 'torchvision.transforms' (/local/data0/moved_data/publishablew/vision/vision/torchvision/transforms/__init__.py)
_ TestResize.test_image_correctness[resize-False-InterpolationMode.BILINEAR-size4] _
../publishablew/vision/vision/test/test_transforms_v2.py:733: in test_image_correctness
    expected = F.to_image(F.resize(F.to_pil_image(image), size=size, interpolation=interpolation, **max_size_kwarg))
../publishablew/vision/vision/torchvision/transforms/v2/functional/_type_conversion.py:10: in to_image
    from .temp import to_image
../publishablew/vision/vision/torchvision/transforms/v2/functional/temp.py:11: in <module>
    from torchvision.transforms import tv_tensors
E   ImportError: cannot import name 'tv_tensors' from 'torchvision.transforms' (/local/data0/moved_data/publishablew/vision/vision/torchvision/transforms/__init__.py)
_ TestResize.test_image_correctness[resize-False-InterpolationMode.BILINEAR-size5] _
../publishablew/vision/vision/test/test_transforms_v2.py:733: in test_image_correctness
    expected = F.to_image(F.resize(F.to_pil_image(image), size=size, interpolation=interpolation, **max_size_kwarg))
../publishablew/vision/vision/torchvision/transforms/v2/functional/_type_conversion.py:10: in to_image
    from .temp import to_image
../publishablew/vision/vision/torchvision/transforms/v2/functional/temp.py:11: in <module>
    from torchvision.transforms import tv_tensors
E   ImportError: cannot import name 'tv_tensors' from 'torchvision.transforms' (/local/data0/moved_data/publishablew/vision/vision/torchvision/transforms/__init__.py)
_ TestResize.test_image_correctness[resize-False-InterpolationMode.BICUBIC-17] _
../publishablew/vision/vision/test/test_transforms_v2.py:733: in test_image_correctness
    expected = F.to_image(F.resize(F.to_pil_image(image), size=size, interpolation=interpolation, **max_size_kwarg))
../publishablew/vision/vision/torchvision/transforms/v2/functional/_type_conversion.py:10: in to_image
    from .temp import to_image
../publishablew/vision/vision/torchvision/transforms/v2/functional/temp.py:11: in <module>
    from torchvision.transforms import tv_tensors
E   ImportError: cannot import name 'tv_tensors' from 'torchvision.transforms' (/local/data0/moved_data/publishablew/vision/vision/torchvision/transforms/__init__.py)
_ TestResize.test_image_correctness[resize-False-InterpolationMode.BICUBIC-size1] _
../publishablew/vision/vision/test/test_transforms_v2.py:733: in test_image_correctness
    expected = F.to_image(F.resize(F.to_pil_image(image), size=size, interpolation=interpolation, **max_size_kwarg))
../publishablew/vision/vision/torchvision/transforms/v2/functional/_type_conversion.py:10: in to_image
    from .temp import to_image
../publishablew/vision/vision/torchvision/transforms/v2/functional/temp.py:11: in <module>
    from torchvision.transforms import tv_tensors
E   ImportError: cannot import name 'tv_tensors' from 'torchvision.transforms' (/local/data0/moved_data/publishablew/vision/vision/torchvision/transforms/__init__.py)
_ TestResize.test_image_correctness[resize-False-InterpolationMode.BICUBIC-size2] _
../publishablew/vision/vision/test/test_transforms_v2.py:733: in test_image_correctness
    expected = F.to_image(F.resize(F.to_pil_image(image), size=size, interpolation=interpolation, **max_size_kwarg))
../publishablew/vision/vision/torchvision/transforms/v2/functional/_type_conversion.py:10: in to_image
    from .temp import to_image
../publishablew/vision/vision/torchvision/transforms/v2/functional/temp.py:11: in <module>
    from torchvision.transforms import tv_tensors
E   ImportError: cannot import name 'tv_tensors' from 'torchvision.transforms' (/local/data0/moved_data/publishablew/vision/vision/torchvision/transforms/__init__.py)
_ TestResize.test_image_correctness[resize-False-InterpolationMode.BICUBIC-None] _
../publishablew/vision/vision/test/test_transforms_v2.py:733: in test_image_correctness
    expected = F.to_image(F.resize(F.to_pil_image(image), size=size, interpolation=interpolation, **max_size_kwarg))
../publishablew/vision/vision/torchvision/transforms/v2/functional/_type_conversion.py:10: in to_image
    from .temp import to_image
../publishablew/vision/vision/torchvision/transforms/v2/functional/temp.py:11: in <module>
    from torchvision.transforms import tv_tensors
E   ImportError: cannot import name 'tv_tensors' from 'torchvision.transforms' (/local/data0/moved_data/publishablew/vision/vision/torchvision/transforms/__init__.py)
_ TestResize.test_image_correctness[resize-False-InterpolationMode.BICUBIC-size4] _
../publishablew/vision/vision/test/test_transforms_v2.py:733: in test_image_correctness
    expected = F.to_image(F.resize(F.to_pil_image(image), size=size, interpolation=interpolation, **max_size_kwarg))
../publishablew/vision/vision/torchvision/transforms/v2/functional/_type_conversion.py:10: in to_image
    from .temp import to_image
../publishablew/vision/vision/torchvision/transforms/v2/functional/temp.py:11: in <module>
    from torchvision.transforms import tv_tensors
E   ImportError: cannot import name 'tv_tensors' from 'torchvision.transforms' (/local/data0/moved_data/publishablew/vision/vision/torchvision/transforms/__init__.py)
_ TestResize.test_image_correctness[resize-False-InterpolationMode.BICUBIC-size5] _
../publishablew/vision/vision/test/test_transforms_v2.py:733: in test_image_correctness
    expected = F.to_image(F.resize(F.to_pil_image(image), size=size, interpolation=interpolation, **max_size_kwarg))
../publishablew/vision/vision/torchvision/transforms/v2/functional/_type_conversion.py:10: in to_image
    from .temp import to_image
../publishablew/vision/vision/torchvision/transforms/v2/functional/temp.py:11: in <module>
    from torchvision.transforms import tv_tensors
E   ImportError: cannot import name 'tv_tensors' from 'torchvision.transforms' (/local/data0/moved_data/publishablew/vision/vision/torchvision/transforms/__init__.py)
_ TestResize.test_image_correctness[Resize-True-InterpolationMode.NEAREST_EXACT-17] _
../publishablew/vision/vision/test/test_transforms_v2.py:733: in test_image_correctness
    expected = F.to_image(F.resize(F.to_pil_image(image), size=size, interpolation=interpolation, **max_size_kwarg))
../publishablew/vision/vision/torchvision/transforms/v2/functional/_type_conversion.py:10: in to_image
    from .temp import to_image
../publishablew/vision/vision/torchvision/transforms/v2/functional/temp.py:11: in <module>
    from torchvision.transforms import tv_tensors
E   ImportError: cannot import name 'tv_tensors' from 'torchvision.transforms' (/local/data0/moved_data/publishablew/vision/vision/torchvision/transforms/__init__.py)
_ TestResize.test_image_correctness[Resize-True-InterpolationMode.NEAREST_EXACT-size1] _
../publishablew/vision/vision/test/test_transforms_v2.py:733: in test_image_correctness
    expected = F.to_image(F.resize(F.to_pil_image(image), size=size, interpolation=interpolation, **max_size_kwarg))
../publishablew/vision/vision/torchvision/transforms/v2/functional/_type_conversion.py:10: in to_image
    from .temp import to_image
../publishablew/vision/vision/torchvision/transforms/v2/functional/temp.py:11: in <module>
    from torchvision.transforms import tv_tensors
E   ImportError: cannot import name 'tv_tensors' from 'torchvision.transforms' (/local/data0/moved_data/publishablew/vision/vision/torchvision/transforms/__init__.py)
_ TestResize.test_image_correctness[Resize-True-InterpolationMode.NEAREST_EXACT-size2] _
../publishablew/vision/vision/test/test_transforms_v2.py:733: in test_image_correctness
    expected = F.to_image(F.resize(F.to_pil_image(image), size=size, interpolation=interpolation, **max_size_kwarg))
../publishablew/vision/vision/torchvision/transforms/v2/functional/_type_conversion.py:10: in to_image
    from .temp import to_image
../publishablew/vision/vision/torchvision/transforms/v2/functional/temp.py:11: in <module>
    from torchvision.transforms import tv_tensors
E   ImportError: cannot import name 'tv_tensors' from 'torchvision.transforms' (/local/data0/moved_data/publishablew/vision/vision/torchvision/transforms/__init__.py)
_ TestResize.test_image_correctness[Resize-True-InterpolationMode.NEAREST_EXACT-None] _
../publishablew/vision/vision/test/test_transforms_v2.py:733: in test_image_correctness
    expected = F.to_image(F.resize(F.to_pil_image(image), size=size, interpolation=interpolation, **max_size_kwarg))
../publishablew/vision/vision/torchvision/transforms/v2/functional/_type_conversion.py:10: in to_image
    from .temp import to_image
../publishablew/vision/vision/torchvision/transforms/v2/functional/temp.py:11: in <module>
    from torchvision.transforms import tv_tensors
E   ImportError: cannot import name 'tv_tensors' from 'torchvision.transforms' (/local/data0/moved_data/publishablew/vision/vision/torchvision/transforms/__init__.py)
_ TestResize.test_image_correctness[Resize-True-InterpolationMode.BILINEAR-17] _
../publishablew/vision/vision/test/test_transforms_v2.py:733: in test_image_correctness
    expected = F.to_image(F.resize(F.to_pil_image(image), size=size, interpolation=interpolation, **max_size_kwarg))
../publishablew/vision/vision/torchvision/transforms/v2/functional/_type_conversion.py:10: in to_image
    from .temp import to_image
../publishablew/vision/vision/torchvision/transforms/v2/functional/temp.py:11: in <module>
    from torchvision.transforms import tv_tensors
E   ImportError: cannot import name 'tv_tensors' from 'torchvision.transforms' (/local/data0/moved_data/publishablew/vision/vision/torchvision/transforms/__init__.py)
_ TestResize.test_image_correctness[Resize-True-InterpolationMode.BILINEAR-size1] _
../publishablew/vision/vision/test/test_transforms_v2.py:733: in test_image_correctness
    expected = F.to_image(F.resize(F.to_pil_image(image), size=size, interpolation=interpolation, **max_size_kwarg))
../publishablew/vision/vision/torchvision/transforms/v2/functional/_type_conversion.py:10: in to_image
    from .temp import to_image
../publishablew/vision/vision/torchvision/transforms/v2/functional/temp.py:11: in <module>
    from torchvision.transforms import tv_tensors
E   ImportError: cannot import name 'tv_tensors' from 'torchvision.transforms' (/local/data0/moved_data/publishablew/vision/vision/torchvision/transforms/__init__.py)
_ TestResize.test_image_correctness[Resize-True-InterpolationMode.BILINEAR-size2] _
../publishablew/vision/vision/test/test_transforms_v2.py:733: in test_image_correctness
    expected = F.to_image(F.resize(F.to_pil_image(image), size=size, interpolation=interpolation, **max_size_kwarg))
../publishablew/vision/vision/torchvision/transforms/v2/functional/_type_conversion.py:10: in to_image
    from .temp import to_image
../publishablew/vision/vision/torchvision/transforms/v2/functional/temp.py:11: in <module>
    from torchvision.transforms import tv_tensors
E   ImportError: cannot import name 'tv_tensors' from 'torchvision.transforms' (/local/data0/moved_data/publishablew/vision/vision/torchvision/transforms/__init__.py)
_ TestResize.test_image_correctness[Resize-True-InterpolationMode.BILINEAR-None] _
../publishablew/vision/vision/test/test_transforms_v2.py:733: in test_image_correctness
    expected = F.to_image(F.resize(F.to_pil_image(image), size=size, interpolation=interpolation, **max_size_kwarg))
../publishablew/vision/vision/torchvision/transforms/v2/functional/_type_conversion.py:10: in to_image
    from .temp import to_image
../publishablew/vision/vision/torchvision/transforms/v2/functional/temp.py:11: in <module>
    from torchvision.transforms import tv_tensors
E   ImportError: cannot import name 'tv_tensors' from 'torchvision.transforms' (/local/data0/moved_data/publishablew/vision/vision/torchvision/transforms/__init__.py)
_ TestResize.test_image_correctness[Resize-True-InterpolationMode.BICUBIC-17] __
../publishablew/vision/vision/test/test_transforms_v2.py:733: in test_image_correctness
    expected = F.to_image(F.resize(F.to_pil_image(image), size=size, interpolation=interpolation, **max_size_kwarg))
../publishablew/vision/vision/torchvision/transforms/v2/functional/_type_conversion.py:10: in to_image
    from .temp import to_image
../publishablew/vision/vision/torchvision/transforms/v2/functional/temp.py:11: in <module>
    from torchvision.transforms import tv_tensors
E   ImportError: cannot import name 'tv_tensors' from 'torchvision.transforms' (/local/data0/moved_data/publishablew/vision/vision/torchvision/transforms/__init__.py)
_ TestResize.test_image_correctness[Resize-True-InterpolationMode.BICUBIC-size1] _
../publishablew/vision/vision/test/test_transforms_v2.py:733: in test_image_correctness
    expected = F.to_image(F.resize(F.to_pil_image(image), size=size, interpolation=interpolation, **max_size_kwarg))
../publishablew/vision/vision/torchvision/transforms/v2/functional/_type_conversion.py:10: in to_image
    from .temp import to_image
../publishablew/vision/vision/torchvision/transforms/v2/functional/temp.py:11: in <module>
    from torchvision.transforms import tv_tensors
E   ImportError: cannot import name 'tv_tensors' from 'torchvision.transforms' (/local/data0/moved_data/publishablew/vision/vision/torchvision/transforms/__init__.py)
_ TestResize.test_image_correctness[Resize-True-InterpolationMode.BICUBIC-size2] _
../publishablew/vision/vision/test/test_transforms_v2.py:733: in test_image_correctness
    expected = F.to_image(F.resize(F.to_pil_image(image), size=size, interpolation=interpolation, **max_size_kwarg))
../publishablew/vision/vision/torchvision/transforms/v2/functional/_type_conversion.py:10: in to_image
    from .temp import to_image
../publishablew/vision/vision/torchvision/transforms/v2/functional/temp.py:11: in <module>
    from torchvision.transforms import tv_tensors
E   ImportError: cannot import name 'tv_tensors' from 'torchvision.transforms' (/local/data0/moved_data/publishablew/vision/vision/torchvision/transforms/__init__.py)
_ TestResize.test_image_correctness[Resize-True-InterpolationMode.BICUBIC-None] _
../publishablew/vision/vision/test/test_transforms_v2.py:733: in test_image_correctness
    expected = F.to_image(F.resize(F.to_pil_image(image), size=size, interpolation=interpolation, **max_size_kwarg))
../publishablew/vision/vision/torchvision/transforms/v2/functional/_type_conversion.py:10: in to_image
    from .temp import to_image
../publishablew/vision/vision/torchvision/transforms/v2/functional/temp.py:11: in <module>
    from torchvision.transforms import tv_tensors
E   ImportError: cannot import name 'tv_tensors' from 'torchvision.transforms' (/local/data0/moved_data/publishablew/vision/vision/torchvision/transforms/__init__.py)
_ TestResize.test_image_correctness[Resize-False-InterpolationMode.NEAREST_EXACT-17] _
../publishablew/vision/vision/test/test_transforms_v2.py:733: in test_image_correctness
    expected = F.to_image(F.resize(F.to_pil_image(image), size=size, interpolation=interpolation, **max_size_kwarg))
../publishablew/vision/vision/torchvision/transforms/v2/functional/_type_conversion.py:10: in to_image
    from .temp import to_image
../publishablew/vision/vision/torchvision/transforms/v2/functional/temp.py:11: in <module>
    from torchvision.transforms import tv_tensors
E   ImportError: cannot import name 'tv_tensors' from 'torchvision.transforms' (/local/data0/moved_data/publishablew/vision/vision/torchvision/transforms/__init__.py)
_ TestResize.test_image_correctness[Resize-False-InterpolationMode.NEAREST_EXACT-size1] _
../publishablew/vision/vision/test/test_transforms_v2.py:733: in test_image_correctness
    expected = F.to_image(F.resize(F.to_pil_image(image), size=size, interpolation=interpolation, **max_size_kwarg))
../publishablew/vision/vision/torchvision/transforms/v2/functional/_type_conversion.py:10: in to_image
    from .temp import to_image
../publishablew/vision/vision/torchvision/transforms/v2/functional/temp.py:11: in <module>
    from torchvision.transforms import tv_tensors
E   ImportError: cannot import name 'tv_tensors' from 'torchvision.transforms' (/local/data0/moved_data/publishablew/vision/vision/torchvision/transforms/__init__.py)
_ TestResize.test_image_correctness[Resize-False-InterpolationMode.NEAREST_EXACT-size2] _
../publishablew/vision/vision/test/test_transforms_v2.py:733: in test_image_correctness
    expected = F.to_image(F.resize(F.to_pil_image(image), size=size, interpolation=interpolation, **max_size_kwarg))
../publishablew/vision/vision/torchvision/transforms/v2/functional/_type_conversion.py:10: in to_image
    from .temp import to_image
../publishablew/vision/vision/torchvision/transforms/v2/functional/temp.py:11: in <module>
    from torchvision.transforms import tv_tensors
E   ImportError: cannot import name 'tv_tensors' from 'torchvision.transforms' (/local/data0/moved_data/publishablew/vision/vision/torchvision/transforms/__init__.py)
_ TestResize.test_image_correctness[Resize-False-InterpolationMode.NEAREST_EXACT-None] _
../publishablew/vision/vision/test/test_transforms_v2.py:733: in test_image_correctness
    expected = F.to_image(F.resize(F.to_pil_image(image), size=size, interpolation=interpolation, **max_size_kwarg))
../publishablew/vision/vision/torchvision/transforms/v2/functional/_type_conversion.py:10: in to_image
    from .temp import to_image
../publishablew/vision/vision/torchvision/transforms/v2/functional/temp.py:11: in <module>
    from torchvision.transforms import tv_tensors
E   ImportError: cannot import name 'tv_tensors' from 'torchvision.transforms' (/local/data0/moved_data/publishablew/vision/vision/torchvision/transforms/__init__.py)
_ TestResize.test_image_correctness[Resize-False-InterpolationMode.NEAREST_EXACT-size4] _
../publishablew/vision/vision/test/test_transforms_v2.py:733: in test_image_correctness
    expected = F.to_image(F.resize(F.to_pil_image(image), size=size, interpolation=interpolation, **max_size_kwarg))
../publishablew/vision/vision/torchvision/transforms/v2/functional/_type_conversion.py:10: in to_image
    from .temp import to_image
../publishablew/vision/vision/torchvision/transforms/v2/functional/temp.py:11: in <module>
    from torchvision.transforms import tv_tensors
E   ImportError: cannot import name 'tv_tensors' from 'torchvision.transforms' (/local/data0/moved_data/publishablew/vision/vision/torchvision/transforms/__init__.py)
_ TestResize.test_image_correctness[Resize-False-InterpolationMode.NEAREST_EXACT-size5] _
../publishablew/vision/vision/test/test_transforms_v2.py:733: in test_image_correctness
    expected = F.to_image(F.resize(F.to_pil_image(image), size=size, interpolation=interpolation, **max_size_kwarg))
../publishablew/vision/vision/torchvision/transforms/v2/functional/_type_conversion.py:10: in to_image
    from .temp import to_image
../publishablew/vision/vision/torchvision/transforms/v2/functional/temp.py:11: in <module>
    from torchvision.transforms import tv_tensors
E   ImportError: cannot import name 'tv_tensors' from 'torchvision.transforms' (/local/data0/moved_data/publishablew/vision/vision/torchvision/transforms/__init__.py)
_ TestResize.test_image_correctness[Resize-False-InterpolationMode.BILINEAR-17] _
../publishablew/vision/vision/test/test_transforms_v2.py:733: in test_image_correctness
    expected = F.to_image(F.resize(F.to_pil_image(image), size=size, interpolation=interpolation, **max_size_kwarg))
../publishablew/vision/vision/torchvision/transforms/v2/functional/_type_conversion.py:10: in to_image
    from .temp import to_image
../publishablew/vision/vision/torchvision/transforms/v2/functional/temp.py:11: in <module>
    from torchvision.transforms import tv_tensors
E   ImportError: cannot import name 'tv_tensors' from 'torchvision.transforms' (/local/data0/moved_data/publishablew/vision/vision/torchvision/transforms/__init__.py)
_ TestResize.test_image_correctness[Resize-False-InterpolationMode.BILINEAR-size1] _
../publishablew/vision/vision/test/test_transforms_v2.py:733: in test_image_correctness
    expected = F.to_image(F.resize(F.to_pil_image(image), size=size, interpolation=interpolation, **max_size_kwarg))
../publishablew/vision/vision/torchvision/transforms/v2/functional/_type_conversion.py:10: in to_image
    from .temp import to_image
../publishablew/vision/vision/torchvision/transforms/v2/functional/temp.py:11: in <module>
    from torchvision.transforms import tv_tensors
E   ImportError: cannot import name 'tv_tensors' from 'torchvision.transforms' (/local/data0/moved_data/publishablew/vision/vision/torchvision/transforms/__init__.py)
_ TestResize.test_image_correctness[Resize-False-InterpolationMode.BILINEAR-size2] _
../publishablew/vision/vision/test/test_transforms_v2.py:733: in test_image_correctness
    expected = F.to_image(F.resize(F.to_pil_image(image), size=size, interpolation=interpolation, **max_size_kwarg))
../publishablew/vision/vision/torchvision/transforms/v2/functional/_type_conversion.py:10: in to_image
    from .temp import to_image
../publishablew/vision/vision/torchvision/transforms/v2/functional/temp.py:11: in <module>
    from torchvision.transforms import tv_tensors
E   ImportError: cannot import name 'tv_tensors' from 'torchvision.transforms' (/local/data0/moved_data/publishablew/vision/vision/torchvision/transforms/__init__.py)
_ TestResize.test_image_correctness[Resize-False-InterpolationMode.BILINEAR-None] _
../publishablew/vision/vision/test/test_transforms_v2.py:733: in test_image_correctness
    expected = F.to_image(F.resize(F.to_pil_image(image), size=size, interpolation=interpolation, **max_size_kwarg))
../publishablew/vision/vision/torchvision/transforms/v2/functional/_type_conversion.py:10: in to_image
    from .temp import to_image
../publishablew/vision/vision/torchvision/transforms/v2/functional/temp.py:11: in <module>
    from torchvision.transforms import tv_tensors
E   ImportError: cannot import name 'tv_tensors' from 'torchvision.transforms' (/local/data0/moved_data/publishablew/vision/vision/torchvision/transforms/__init__.py)
_ TestResize.test_image_correctness[Resize-False-InterpolationMode.BILINEAR-size4] _
../publishablew/vision/vision/test/test_transforms_v2.py:733: in test_image_correctness
    expected = F.to_image(F.resize(F.to_pil_image(image), size=size, interpolation=interpolation, **max_size_kwarg))
../publishablew/vision/vision/torchvision/transforms/v2/functional/_type_conversion.py:10: in to_image
    from .temp import to_image
../publishablew/vision/vision/torchvision/transforms/v2/functional/temp.py:11: in <module>
    from torchvision.transforms import tv_tensors
E   ImportError: cannot import name 'tv_tensors' from 'torchvision.transforms' (/local/data0/moved_data/publishablew/vision/vision/torchvision/transforms/__init__.py)
_ TestResize.test_image_correctness[Resize-False-InterpolationMode.BILINEAR-size5] _
../publishablew/vision/vision/test/test_transforms_v2.py:733: in test_image_correctness
    expected = F.to_image(F.resize(F.to_pil_image(image), size=size, interpolation=interpolation, **max_size_kwarg))
../publishablew/vision/vision/torchvision/transforms/v2/functional/_type_conversion.py:10: in to_image
    from .temp import to_image
../publishablew/vision/vision/torchvision/transforms/v2/functional/temp.py:11: in <module>
    from torchvision.transforms import tv_tensors
E   ImportError: cannot import name 'tv_tensors' from 'torchvision.transforms' (/local/data0/moved_data/publishablew/vision/vision/torchvision/transforms/__init__.py)
_ TestResize.test_image_correctness[Resize-False-InterpolationMode.BICUBIC-17] _
../publishablew/vision/vision/test/test_transforms_v2.py:733: in test_image_correctness
    expected = F.to_image(F.resize(F.to_pil_image(image), size=size, interpolation=interpolation, **max_size_kwarg))
../publishablew/vision/vision/torchvision/transforms/v2/functional/_type_conversion.py:10: in to_image
    from .temp import to_image
../publishablew/vision/vision/torchvision/transforms/v2/functional/temp.py:11: in <module>
    from torchvision.transforms import tv_tensors
E   ImportError: cannot import name 'tv_tensors' from 'torchvision.transforms' (/local/data0/moved_data/publishablew/vision/vision/torchvision/transforms/__init__.py)
_ TestResize.test_image_correctness[Resize-False-InterpolationMode.BICUBIC-size1] _
../publishablew/vision/vision/test/test_transforms_v2.py:733: in test_image_correctness
    expected = F.to_image(F.resize(F.to_pil_image(image), size=size, interpolation=interpolation, **max_size_kwarg))
../publishablew/vision/vision/torchvision/transforms/v2/functional/_type_conversion.py:10: in to_image
    from .temp import to_image
../publishablew/vision/vision/torchvision/transforms/v2/functional/temp.py:11: in <module>
    from torchvision.transforms import tv_tensors
E   ImportError: cannot import name 'tv_tensors' from 'torchvision.transforms' (/local/data0/moved_data/publishablew/vision/vision/torchvision/transforms/__init__.py)
_ TestResize.test_image_correctness[Resize-False-InterpolationMode.BICUBIC-size2] _
../publishablew/vision/vision/test/test_transforms_v2.py:733: in test_image_correctness
    expected = F.to_image(F.resize(F.to_pil_image(image), size=size, interpolation=interpolation, **max_size_kwarg))
../publishablew/vision/vision/torchvision/transforms/v2/functional/_type_conversion.py:10: in to_image
    from .temp import to_image
../publishablew/vision/vision/torchvision/transforms/v2/functional/temp.py:11: in <module>
    from torchvision.transforms import tv_tensors
E   ImportError: cannot import name 'tv_tensors' from 'torchvision.transforms' (/local/data0/moved_data/publishablew/vision/vision/torchvision/transforms/__init__.py)
_ TestResize.test_image_correctness[Resize-False-InterpolationMode.BICUBIC-None] _
../publishablew/vision/vision/test/test_transforms_v2.py:733: in test_image_correctness
    expected = F.to_image(F.resize(F.to_pil_image(image), size=size, interpolation=interpolation, **max_size_kwarg))
../publishablew/vision/vision/torchvision/transforms/v2/functional/_type_conversion.py:10: in to_image
    from .temp import to_image
../publishablew/vision/vision/torchvision/transforms/v2/functional/temp.py:11: in <module>
    from torchvision.transforms import tv_tensors
E   ImportError: cannot import name 'tv_tensors' from 'torchvision.transforms' (/local/data0/moved_data/publishablew/vision/vision/torchvision/transforms/__init__.py)
_ TestResize.test_image_correctness[Resize-False-InterpolationMode.BICUBIC-size4] _
../publishablew/vision/vision/test/test_transforms_v2.py:733: in test_image_correctness
    expected = F.to_image(F.resize(F.to_pil_image(image), size=size, interpolation=interpolation, **max_size_kwarg))
../publishablew/vision/vision/torchvision/transforms/v2/functional/_type_conversion.py:10: in to_image
    from .temp import to_image
../publishablew/vision/vision/torchvision/transforms/v2/functional/temp.py:11: in <module>
    from torchvision.transforms import tv_tensors
E   ImportError: cannot import name 'tv_tensors' from 'torchvision.transforms' (/local/data0/moved_data/publishablew/vision/vision/torchvision/transforms/__init__.py)
_ TestResize.test_image_correctness[Resize-False-InterpolationMode.BICUBIC-size5] _
../publishablew/vision/vision/test/test_transforms_v2.py:733: in test_image_correctness
    expected = F.to_image(F.resize(F.to_pil_image(image), size=size, interpolation=interpolation, **max_size_kwarg))
../publishablew/vision/vision/torchvision/transforms/v2/functional/_type_conversion.py:10: in to_image
    from .temp import to_image
../publishablew/vision/vision/torchvision/transforms/v2/functional/temp.py:11: in <module>
    from torchvision.transforms import tv_tensors
E   ImportError: cannot import name 'tv_tensors' from 'torchvision.transforms' (/local/data0/moved_data/publishablew/vision/vision/torchvision/transforms/__init__.py)
=========================== short test summary info ============================
FAILED ../publishablew/vision/vision/test/test_transforms_v2.py::TestResize::test_image_correctness[resize-True-InterpolationMode.NEAREST_EXACT-17]
FAILED ../publishablew/vision/vision/test/test_transforms_v2.py::TestResize::test_image_correctness[resize-True-InterpolationMode.NEAREST_EXACT-size1]
FAILED ../publishablew/vision/vision/test/test_transforms_v2.py::TestResize::test_image_correctness[resize-True-InterpolationMode.NEAREST_EXACT-size2]
FAILED ../publishablew/vision/vision/test/test_transforms_v2.py::TestResize::test_image_correctness[resize-True-InterpolationMode.NEAREST_EXACT-None]
FAILED ../publishablew/vision/vision/test/test_transforms_v2.py::TestResize::test_image_correctness[resize-True-InterpolationMode.BILINEAR-17]
FAILED ../publishablew/vision/vision/test/test_transforms_v2.py::TestResize::test_image_correctness[resize-True-InterpolationMode.BILINEAR-size1]
FAILED ../publishablew/vision/vision/test/test_transforms_v2.py::TestResize::test_image_correctness[resize-True-InterpolationMode.BILINEAR-size2]
FAILED ../publishablew/vision/vision/test/test_transforms_v2.py::TestResize::test_image_correctness[resize-True-InterpolationMode.BILINEAR-None]
FAILED ../publishablew/vision/vision/test/test_transforms_v2.py::TestResize::test_image_correctness[resize-True-InterpolationMode.BICUBIC-17]
FAILED ../publishablew/vision/vision/test/test_transforms_v2.py::TestResize::test_image_correctness[resize-True-InterpolationMode.BICUBIC-size1]
FAILED ../publishablew/vision/vision/test/test_transforms_v2.py::TestResize::test_image_correctness[resize-True-InterpolationMode.BICUBIC-size2]
FAILED ../publishablew/vision/vision/test/test_transforms_v2.py::TestResize::test_image_correctness[resize-True-InterpolationMode.BICUBIC-None]
FAILED ../publishablew/vision/vision/test/test_transforms_v2.py::TestResize::test_image_correctness[resize-False-InterpolationMode.NEAREST_EXACT-17]
FAILED ../publishablew/vision/vision/test/test_transforms_v2.py::TestResize::test_image_correctness[resize-False-InterpolationMode.NEAREST_EXACT-size1]
FAILED ../publishablew/vision/vision/test/test_transforms_v2.py::TestResize::test_image_correctness[resize-False-InterpolationMode.NEAREST_EXACT-size2]
FAILED ../publishablew/vision/vision/test/test_transforms_v2.py::TestResize::test_image_correctness[resize-False-InterpolationMode.NEAREST_EXACT-None]
FAILED ../publishablew/vision/vision/test/test_transforms_v2.py::TestResize::test_image_correctness[resize-False-InterpolationMode.NEAREST_EXACT-size4]
FAILED ../publishablew/vision/vision/test/test_transforms_v2.py::TestResize::test_image_correctness[resize-False-InterpolationMode.NEAREST_EXACT-size5]
FAILED ../publishablew/vision/vision/test/test_transforms_v2.py::TestResize::test_image_correctness[resize-False-InterpolationMode.BILINEAR-17]
FAILED ../publishablew/vision/vision/test/test_transforms_v2.py::TestResize::test_image_correctness[resize-False-InterpolationMode.BILINEAR-size1]
FAILED ../publishablew/vision/vision/test/test_transforms_v2.py::TestResize::test_image_correctness[resize-False-InterpolationMode.BILINEAR-size2]
FAILED ../publishablew/vision/vision/test/test_transforms_v2.py::TestResize::test_image_correctness[resize-False-InterpolationMode.BILINEAR-None]
FAILED ../publishablew/vision/vision/test/test_transforms_v2.py::TestResize::test_image_correctness[resize-False-InterpolationMode.BILINEAR-size4]
FAILED ../publishablew/vision/vision/test/test_transforms_v2.py::TestResize::test_image_correctness[resize-False-InterpolationMode.BILINEAR-size5]
FAILED ../publishablew/vision/vision/test/test_transforms_v2.py::TestResize::test_image_correctness[resize-False-InterpolationMode.BICUBIC-17]
FAILED ../publishablew/vision/vision/test/test_transforms_v2.py::TestResize::test_image_correctness[resize-False-InterpolationMode.BICUBIC-size1]
FAILED ../publishablew/vision/vision/test/test_transforms_v2.py::TestResize::test_image_correctness[resize-False-InterpolationMode.BICUBIC-size2]
FAILED ../publishablew/vision/vision/test/test_transforms_v2.py::TestResize::test_image_correctness[resize-False-InterpolationMode.BICUBIC-None]
FAILED ../publishablew/vision/vision/test/test_transforms_v2.py::TestResize::test_image_correctness[resize-False-InterpolationMode.BICUBIC-size4]
FAILED ../publishablew/vision/vision/test/test_transforms_v2.py::TestResize::test_image_correctness[resize-False-InterpolationMode.BICUBIC-size5]
FAILED ../publishablew/vision/vision/test/test_transforms_v2.py::TestResize::test_image_correctness[Resize-True-InterpolationMode.NEAREST_EXACT-17]
FAILED ../publishablew/vision/vision/test/test_transforms_v2.py::TestResize::test_image_correctness[Resize-True-InterpolationMode.NEAREST_EXACT-size1]
FAILED ../publishablew/vision/vision/test/test_transforms_v2.py::TestResize::test_image_correctness[Resize-True-InterpolationMode.NEAREST_EXACT-size2]
FAILED ../publishablew/vision/vision/test/test_transforms_v2.py::TestResize::test_image_correctness[Resize-True-InterpolationMode.NEAREST_EXACT-None]
FAILED ../publishablew/vision/vision/test/test_transforms_v2.py::TestResize::test_image_correctness[Resize-True-InterpolationMode.BILINEAR-17]
FAILED ../publishablew/vision/vision/test/test_transforms_v2.py::TestResize::test_image_correctness[Resize-True-InterpolationMode.BILINEAR-size1]
FAILED ../publishablew/vision/vision/test/test_transforms_v2.py::TestResize::test_image_correctness[Resize-True-InterpolationMode.BILINEAR-size2]
FAILED ../publishablew/vision/vision/test/test_transforms_v2.py::TestResize::test_image_correctness[Resize-True-InterpolationMode.BILINEAR-None]
FAILED ../publishablew/vision/vision/test/test_transforms_v2.py::TestResize::test_image_correctness[Resize-True-InterpolationMode.BICUBIC-17]
FAILED ../publishablew/vision/vision/test/test_transforms_v2.py::TestResize::test_image_correctness[Resize-True-InterpolationMode.BICUBIC-size1]
FAILED ../publishablew/vision/vision/test/test_transforms_v2.py::TestResize::test_image_correctness[Resize-True-InterpolationMode.BICUBIC-size2]
FAILED ../publishablew/vision/vision/test/test_transforms_v2.py::TestResize::test_image_correctness[Resize-True-InterpolationMode.BICUBIC-None]
FAILED ../publishablew/vision/vision/test/test_transforms_v2.py::TestResize::test_image_correctness[Resize-False-InterpolationMode.NEAREST_EXACT-17]
FAILED ../publishablew/vision/vision/test/test_transforms_v2.py::TestResize::test_image_correctness[Resize-False-InterpolationMode.NEAREST_EXACT-size1]
FAILED ../publishablew/vision/vision/test/test_transforms_v2.py::TestResize::test_image_correctness[Resize-False-InterpolationMode.NEAREST_EXACT-size2]
FAILED ../publishablew/vision/vision/test/test_transforms_v2.py::TestResize::test_image_correctness[Resize-False-InterpolationMode.NEAREST_EXACT-None]
FAILED ../publishablew/vision/vision/test/test_transforms_v2.py::TestResize::test_image_correctness[Resize-False-InterpolationMode.NEAREST_EXACT-size4]
FAILED ../publishablew/vision/vision/test/test_transforms_v2.py::TestResize::test_image_correctness[Resize-False-InterpolationMode.NEAREST_EXACT-size5]
FAILED ../publishablew/vision/vision/test/test_transforms_v2.py::TestResize::test_image_correctness[Resize-False-InterpolationMode.BILINEAR-17]
FAILED ../publishablew/vision/vision/test/test_transforms_v2.py::TestResize::test_image_correctness[Resize-False-InterpolationMode.BILINEAR-size1]
FAILED ../publishablew/vision/vision/test/test_transforms_v2.py::TestResize::test_image_correctness[Resize-False-InterpolationMode.BILINEAR-size2]
FAILED ../publishablew/vision/vision/test/test_transforms_v2.py::TestResize::test_image_correctness[Resize-False-InterpolationMode.BILINEAR-None]
FAILED ../publishablew/vision/vision/test/test_transforms_v2.py::TestResize::test_image_correctness[Resize-False-InterpolationMode.BILINEAR-size4]
FAILED ../publishablew/vision/vision/test/test_transforms_v2.py::TestResize::test_image_correctness[Resize-False-InterpolationMode.BILINEAR-size5]
FAILED ../publishablew/vision/vision/test/test_transforms_v2.py::TestResize::test_image_correctness[Resize-False-InterpolationMode.BICUBIC-17]
FAILED ../publishablew/vision/vision/test/test_transforms_v2.py::TestResize::test_image_correctness[Resize-False-InterpolationMode.BICUBIC-size1]
FAILED ../publishablew/vision/vision/test/test_transforms_v2.py::TestResize::test_image_correctness[Resize-False-InterpolationMode.BICUBIC-size2]
FAILED ../publishablew/vision/vision/test/test_transforms_v2.py::TestResize::test_image_correctness[Resize-False-InterpolationMode.BICUBIC-None]
FAILED ../publishablew/vision/vision/test/test_transforms_v2.py::TestResize::test_image_correctness[Resize-False-InterpolationMode.BICUBIC-size4]
FAILED ../publishablew/vision/vision/test/test_transforms_v2.py::TestResize::test_image_correctness[Resize-False-InterpolationMode.BICUBIC-size5]
======================== 60 failed, 12 passed in 7.64s =========================


Final Test Result:
============================= test session starts ==============================
platform linux -- Python 3.11.10, pytest-8.3.4, pluggy-1.5.0 -- /local/data0/moved_data/publishablew/vision/vision/venv/bin/python
cachedir: .pytest_cache
rootdir: /local/data0/moved_data/publishablew/vision/vision
configfile: pytest.ini
plugins: mock-3.14.0
collecting ... collected 72 items

../publishablew/vision/vision/test/test_transforms_v2.py::TestResize::test_image_correctness[resize-True-InterpolationMode.BILINEAR-17] PASSED
../publishablew/vision/vision/test/test_transforms_v2.py::TestResize::test_image_correctness[resize-True-InterpolationMode.BILINEAR-size1] PASSED
../publishablew/vision/vision/test/test_transforms_v2.py::TestResize::test_image_correctness[resize-True-InterpolationMode.BILINEAR-size2] PASSED
../publishablew/vision/vision/test/test_transforms_v2.py::TestResize::test_image_correctness[resize-True-InterpolationMode.BILINEAR-None] PASSED
../publishablew/vision/vision/test/test_transforms_v2.py::TestResize::test_image_correctness[resize-True-InterpolationMode.BILINEAR-size4] PASSED
../publishablew/vision/vision/test/test_transforms_v2.py::TestResize::test_image_correctness[resize-True-InterpolationMode.BILINEAR-size5] PASSED
../publishablew/vision/vision/test/test_transforms_v2.py::TestResize::test_image_correctness[resize-True-InterpolationMode.BICUBIC-17] PASSED
../publishablew/vision/vision/test/test_transforms_v2.py::TestResize::test_image_correctness[resize-True-InterpolationMode.BICUBIC-size1] PASSED
../publishablew/vision/vision/test/test_transforms_v2.py::TestResize::test_image_correctness[resize-True-InterpolationMode.BICUBIC-size2] PASSED
../publishablew/vision/vision/test/test_transforms_v2.py::TestResize::test_image_correctness[resize-True-InterpolationMode.BICUBIC-None] PASSED
../publishablew/vision/vision/test/test_transforms_v2.py::TestResize::test_image_correctness[resize-True-InterpolationMode.BICUBIC-size4] PASSED
../publishablew/vision/vision/test/test_transforms_v2.py::TestResize::test_image_correctness[resize-True-InterpolationMode.BICUBIC-size5] PASSED
../publishablew/vision/vision/test/test_transforms_v2.py::TestResize::test_image_correctness[resize-True-InterpolationMode.NEAREST_EXACT-17] PASSED
../publishablew/vision/vision/test/test_transforms_v2.py::TestResize::test_image_correctness[resize-True-InterpolationMode.NEAREST_EXACT-size1] PASSED
../publishablew/vision/vision/test/test_transforms_v2.py::TestResize::test_image_correctness[resize-True-InterpolationMode.NEAREST_EXACT-size2] PASSED
../publishablew/vision/vision/test/test_transforms_v2.py::TestResize::test_image_correctness[resize-True-InterpolationMode.NEAREST_EXACT-None] PASSED
../publishablew/vision/vision/test/test_transforms_v2.py::TestResize::test_image_correctness[resize-True-InterpolationMode.NEAREST_EXACT-size4] PASSED
../publishablew/vision/vision/test/test_transforms_v2.py::TestResize::test_image_correctness[resize-True-InterpolationMode.NEAREST_EXACT-size5] PASSED
../publishablew/vision/vision/test/test_transforms_v2.py::TestResize::test_image_correctness[resize-False-InterpolationMode.BILINEAR-17] PASSED
../publishablew/vision/vision/test/test_transforms_v2.py::TestResize::test_image_correctness[resize-False-InterpolationMode.BILINEAR-size1] PASSED
../publishablew/vision/vision/test/test_transforms_v2.py::TestResize::test_image_correctness[resize-False-InterpolationMode.BILINEAR-size2] PASSED
../publishablew/vision/vision/test/test_transforms_v2.py::TestResize::test_image_correctness[resize-False-InterpolationMode.BILINEAR-None] PASSED
../publishablew/vision/vision/test/test_transforms_v2.py::TestResize::test_image_correctness[resize-False-InterpolationMode.BILINEAR-size4] PASSED
../publishablew/vision/vision/test/test_transforms_v2.py::TestResize::test_image_correctness[resize-False-InterpolationMode.BILINEAR-size5] PASSED
../publishablew/vision/vision/test/test_transforms_v2.py::TestResize::test_image_correctness[resize-False-InterpolationMode.BICUBIC-17] PASSED
../publishablew/vision/vision/test/test_transforms_v2.py::TestResize::test_image_correctness[resize-False-InterpolationMode.BICUBIC-size1] PASSED
../publishablew/vision/vision/test/test_transforms_v2.py::TestResize::test_image_correctness[resize-False-InterpolationMode.BICUBIC-size2] PASSED
../publishablew/vision/vision/test/test_transforms_v2.py::TestResize::test_image_correctness[resize-False-InterpolationMode.BICUBIC-None] PASSED
../publishablew/vision/vision/test/test_transforms_v2.py::TestResize::test_image_correctness[resize-False-InterpolationMode.BICUBIC-size4] PASSED
../publishablew/vision/vision/test/test_transforms_v2.py::TestResize::test_image_correctness[resize-False-InterpolationMode.BICUBIC-size5] PASSED
../publishablew/vision/vision/test/test_transforms_v2.py::TestResize::test_image_correctness[resize-False-InterpolationMode.NEAREST_EXACT-17] PASSED
../publishablew/vision/vision/test/test_transforms_v2.py::TestResize::test_image_correctness[resize-False-InterpolationMode.NEAREST_EXACT-size1] PASSED
../publishablew/vision/vision/test/test_transforms_v2.py::TestResize::test_image_correctness[resize-False-InterpolationMode.NEAREST_EXACT-size2] PASSED
../publishablew/vision/vision/test/test_transforms_v2.py::TestResize::test_image_correctness[resize-False-InterpolationMode.NEAREST_EXACT-None] PASSED
../publishablew/vision/vision/test/test_transforms_v2.py::TestResize::test_image_correctness[resize-False-InterpolationMode.NEAREST_EXACT-size4] PASSED
../publishablew/vision/vision/test/test_transforms_v2.py::TestResize::test_image_correctness[resize-False-InterpolationMode.NEAREST_EXACT-size5] PASSED
../publishablew/vision/vision/test/test_transforms_v2.py::TestResize::test_image_correctness[Resize-True-InterpolationMode.BILINEAR-17] PASSED
../publishablew/vision/vision/test/test_transforms_v2.py::TestResize::test_image_correctness[Resize-True-InterpolationMode.BILINEAR-size1] PASSED
../publishablew/vision/vision/test/test_transforms_v2.py::TestResize::test_image_correctness[Resize-True-InterpolationMode.BILINEAR-size2] PASSED
../publishablew/vision/vision/test/test_transforms_v2.py::TestResize::test_image_correctness[Resize-True-InterpolationMode.BILINEAR-None] PASSED
../publishablew/vision/vision/test/test_transforms_v2.py::TestResize::test_image_correctness[Resize-True-InterpolationMode.BILINEAR-size4] PASSED
../publishablew/vision/vision/test/test_transforms_v2.py::TestResize::test_image_correctness[Resize-True-InterpolationMode.BILINEAR-size5] PASSED
../publishablew/vision/vision/test/test_transforms_v2.py::TestResize::test_image_correctness[Resize-True-InterpolationMode.BICUBIC-17] PASSED
../publishablew/vision/vision/test/test_transforms_v2.py::TestResize::test_image_correctness[Resize-True-InterpolationMode.BICUBIC-size1] PASSED
../publishablew/vision/vision/test/test_transforms_v2.py::TestResize::test_image_correctness[Resize-True-InterpolationMode.BICUBIC-size2] PASSED
../publishablew/vision/vision/test/test_transforms_v2.py::TestResize::test_image_correctness[Resize-True-InterpolationMode.BICUBIC-None] PASSED
../publishablew/vision/vision/test/test_transforms_v2.py::TestResize::test_image_correctness[Resize-True-InterpolationMode.BICUBIC-size4] PASSED
../publishablew/vision/vision/test/test_transforms_v2.py::TestResize::test_image_correctness[Resize-True-InterpolationMode.BICUBIC-size5] PASSED
../publishablew/vision/vision/test/test_transforms_v2.py::TestResize::test_image_correctness[Resize-True-InterpolationMode.NEAREST_EXACT-17] PASSED
../publishablew/vision/vision/test/test_transforms_v2.py::TestResize::test_image_correctness[Resize-True-InterpolationMode.NEAREST_EXACT-size1] PASSED
../publishablew/vision/vision/test/test_transforms_v2.py::TestResize::test_image_correctness[Resize-True-InterpolationMode.NEAREST_EXACT-size2] PASSED
../publishablew/vision/vision/test/test_transforms_v2.py::TestResize::test_image_correctness[Resize-True-InterpolationMode.NEAREST_EXACT-None] PASSED
../publishablew/vision/vision/test/test_transforms_v2.py::TestResize::test_image_correctness[Resize-True-InterpolationMode.NEAREST_EXACT-size4] PASSED
../publishablew/vision/vision/test/test_transforms_v2.py::TestResize::test_image_correctness[Resize-True-InterpolationMode.NEAREST_EXACT-size5] PASSED
../publishablew/vision/vision/test/test_transforms_v2.py::TestResize::test_image_correctness[Resize-False-InterpolationMode.BILINEAR-17] PASSED
../publishablew/vision/vision/test/test_transforms_v2.py::TestResize::test_image_correctness[Resize-False-InterpolationMode.BILINEAR-size1] PASSED
../publishablew/vision/vision/test/test_transforms_v2.py::TestResize::test_image_correctness[Resize-False-InterpolationMode.BILINEAR-size2] PASSED
../publishablew/vision/vision/test/test_transforms_v2.py::TestResize::test_image_correctness[Resize-False-InterpolationMode.BILINEAR-None] PASSED
../publishablew/vision/vision/test/test_transforms_v2.py::TestResize::test_image_correctness[Resize-False-InterpolationMode.BILINEAR-size4] PASSED
../publishablew/vision/vision/test/test_transforms_v2.py::TestResize::test_image_correctness[Resize-False-InterpolationMode.BILINEAR-size5] PASSED
../publishablew/vision/vision/test/test_transforms_v2.py::TestResize::test_image_correctness[Resize-False-InterpolationMode.BICUBIC-17] PASSED
../publishablew/vision/vision/test/test_transforms_v2.py::TestResize::test_image_correctness[Resize-False-InterpolationMode.BICUBIC-size1] PASSED
../publishablew/vision/vision/test/test_transforms_v2.py::TestResize::test_image_correctness[Resize-False-InterpolationMode.BICUBIC-size2] PASSED
../publishablew/vision/vision/test/test_transforms_v2.py::TestResize::test_image_correctness[Resize-False-InterpolationMode.BICUBIC-None] PASSED
../publishablew/vision/vision/test/test_transforms_v2.py::TestResize::test_image_correctness[Resize-False-InterpolationMode.BICUBIC-size4] PASSED
../publishablew/vision/vision/test/test_transforms_v2.py::TestResize::test_image_correctness[Resize-False-InterpolationMode.BICUBIC-size5] PASSED
../publishablew/vision/vision/test/test_transforms_v2.py::TestResize::test_image_correctness[Resize-False-InterpolationMode.NEAREST_EXACT-17] PASSED
../publishablew/vision/vision/test/test_transforms_v2.py::TestResize::test_image_correctness[Resize-False-InterpolationMode.NEAREST_EXACT-size1] PASSED
../publishablew/vision/vision/test/test_transforms_v2.py::TestResize::test_image_correctness[Resize-False-InterpolationMode.NEAREST_EXACT-size2] PASSED
../publishablew/vision/vision/test/test_transforms_v2.py::TestResize::test_image_correctness[Resize-False-InterpolationMode.NEAREST_EXACT-None] PASSED
../publishablew/vision/vision/test/test_transforms_v2.py::TestResize::test_image_correctness[Resize-False-InterpolationMode.NEAREST_EXACT-size4] PASSED
../publishablew/vision/vision/test/test_transforms_v2.py::TestResize::test_image_correctness[Resize-False-InterpolationMode.NEAREST_EXACT-size5] PASSED

============================== 72 passed in 0.22s ==============================


Initial Result:
============================= test session starts ==============================
platform linux -- Python 3.11.10, pytest-8.3.4, pluggy-1.5.0 -- /local/data0/moved_data/publishablew/vision/vision/venv/bin/python
cachedir: .pytest_cache
rootdir: /local/data0/moved_data/publishablew/vision/vision
configfile: pytest.ini
plugins: mock-3.14.0
collecting ... collected 72 items

../publishablew/vision/vision/test/test_transforms_v2.py::TestResize::test_image_correctness[resize-True-InterpolationMode.BILINEAR-17] PASSED
../publishablew/vision/vision/test/test_transforms_v2.py::TestResize::test_image_correctness[resize-True-InterpolationMode.BILINEAR-size1] PASSED
../publishablew/vision/vision/test/test_transforms_v2.py::TestResize::test_image_correctness[resize-True-InterpolationMode.BILINEAR-size2] PASSED
../publishablew/vision/vision/test/test_transforms_v2.py::TestResize::test_image_correctness[resize-True-InterpolationMode.BILINEAR-None] PASSED
../publishablew/vision/vision/test/test_transforms_v2.py::TestResize::test_image_correctness[resize-True-InterpolationMode.BILINEAR-size4] PASSED
../publishablew/vision/vision/test/test_transforms_v2.py::TestResize::test_image_correctness[resize-True-InterpolationMode.BILINEAR-size5] PASSED
../publishablew/vision/vision/test/test_transforms_v2.py::TestResize::test_image_correctness[resize-True-InterpolationMode.NEAREST_EXACT-17] PASSED
../publishablew/vision/vision/test/test_transforms_v2.py::TestResize::test_image_correctness[resize-True-InterpolationMode.NEAREST_EXACT-size1] PASSED
../publishablew/vision/vision/test/test_transforms_v2.py::TestResize::test_image_correctness[resize-True-InterpolationMode.NEAREST_EXACT-size2] PASSED
../publishablew/vision/vision/test/test_transforms_v2.py::TestResize::test_image_correctness[resize-True-InterpolationMode.NEAREST_EXACT-None] PASSED
../publishablew/vision/vision/test/test_transforms_v2.py::TestResize::test_image_correctness[resize-True-InterpolationMode.NEAREST_EXACT-size4] PASSED
../publishablew/vision/vision/test/test_transforms_v2.py::TestResize::test_image_correctness[resize-True-InterpolationMode.NEAREST_EXACT-size5] PASSED
../publishablew/vision/vision/test/test_transforms_v2.py::TestResize::test_image_correctness[resize-True-InterpolationMode.BICUBIC-17] PASSED
../publishablew/vision/vision/test/test_transforms_v2.py::TestResize::test_image_correctness[resize-True-InterpolationMode.BICUBIC-size1] PASSED
../publishablew/vision/vision/test/test_transforms_v2.py::TestResize::test_image_correctness[resize-True-InterpolationMode.BICUBIC-size2] PASSED
../publishablew/vision/vision/test/test_transforms_v2.py::TestResize::test_image_correctness[resize-True-InterpolationMode.BICUBIC-None] PASSED
../publishablew/vision/vision/test/test_transforms_v2.py::TestResize::test_image_correctness[resize-True-InterpolationMode.BICUBIC-size4] PASSED
../publishablew/vision/vision/test/test_transforms_v2.py::TestResize::test_image_correctness[resize-True-InterpolationMode.BICUBIC-size5] PASSED
../publishablew/vision/vision/test/test_transforms_v2.py::TestResize::test_image_correctness[resize-False-InterpolationMode.BILINEAR-17] PASSED
../publishablew/vision/vision/test/test_transforms_v2.py::TestResize::test_image_correctness[resize-False-InterpolationMode.BILINEAR-size1] PASSED
../publishablew/vision/vision/test/test_transforms_v2.py::TestResize::test_image_correctness[resize-False-InterpolationMode.BILINEAR-size2] PASSED
../publishablew/vision/vision/test/test_transforms_v2.py::TestResize::test_image_correctness[resize-False-InterpolationMode.BILINEAR-None] PASSED
../publishablew/vision/vision/test/test_transforms_v2.py::TestResize::test_image_correctness[resize-False-InterpolationMode.BILINEAR-size4] PASSED
../publishablew/vision/vision/test/test_transforms_v2.py::TestResize::test_image_correctness[resize-False-InterpolationMode.BILINEAR-size5] PASSED
../publishablew/vision/vision/test/test_transforms_v2.py::TestResize::test_image_correctness[resize-False-InterpolationMode.NEAREST_EXACT-17] PASSED
../publishablew/vision/vision/test/test_transforms_v2.py::TestResize::test_image_correctness[resize-False-InterpolationMode.NEAREST_EXACT-size1] PASSED
../publishablew/vision/vision/test/test_transforms_v2.py::TestResize::test_image_correctness[resize-False-InterpolationMode.NEAREST_EXACT-size2] PASSED
../publishablew/vision/vision/test/test_transforms_v2.py::TestResize::test_image_correctness[resize-False-InterpolationMode.NEAREST_EXACT-None] PASSED
../publishablew/vision/vision/test/test_transforms_v2.py::TestResize::test_image_correctness[resize-False-InterpolationMode.NEAREST_EXACT-size4] PASSED
../publishablew/vision/vision/test/test_transforms_v2.py::TestResize::test_image_correctness[resize-False-InterpolationMode.NEAREST_EXACT-size5] PASSED
../publishablew/vision/vision/test/test_transforms_v2.py::TestResize::test_image_correctness[resize-False-InterpolationMode.BICUBIC-17] PASSED
../publishablew/vision/vision/test/test_transforms_v2.py::TestResize::test_image_correctness[resize-False-InterpolationMode.BICUBIC-size1] PASSED
../publishablew/vision/vision/test/test_transforms_v2.py::TestResize::test_image_correctness[resize-False-InterpolationMode.BICUBIC-size2] PASSED
../publishablew/vision/vision/test/test_transforms_v2.py::TestResize::test_image_correctness[resize-False-InterpolationMode.BICUBIC-None] PASSED
../publishablew/vision/vision/test/test_transforms_v2.py::TestResize::test_image_correctness[resize-False-InterpolationMode.BICUBIC-size4] PASSED
../publishablew/vision/vision/test/test_transforms_v2.py::TestResize::test_image_correctness[resize-False-InterpolationMode.BICUBIC-size5] PASSED
../publishablew/vision/vision/test/test_transforms_v2.py::TestResize::test_image_correctness[Resize-True-InterpolationMode.BILINEAR-17] PASSED
../publishablew/vision/vision/test/test_transforms_v2.py::TestResize::test_image_correctness[Resize-True-InterpolationMode.BILINEAR-size1] PASSED
../publishablew/vision/vision/test/test_transforms_v2.py::TestResize::test_image_correctness[Resize-True-InterpolationMode.BILINEAR-size2] PASSED
../publishablew/vision/vision/test/test_transforms_v2.py::TestResize::test_image_correctness[Resize-True-InterpolationMode.BILINEAR-None] PASSED
../publishablew/vision/vision/test/test_transforms_v2.py::TestResize::test_image_correctness[Resize-True-InterpolationMode.BILINEAR-size4] PASSED
../publishablew/vision/vision/test/test_transforms_v2.py::TestResize::test_image_correctness[Resize-True-InterpolationMode.BILINEAR-size5] PASSED
../publishablew/vision/vision/test/test_transforms_v2.py::TestResize::test_image_correctness[Resize-True-InterpolationMode.NEAREST_EXACT-17] PASSED
../publishablew/vision/vision/test/test_transforms_v2.py::TestResize::test_image_correctness[Resize-True-InterpolationMode.NEAREST_EXACT-size1] PASSED
../publishablew/vision/vision/test/test_transforms_v2.py::TestResize::test_image_correctness[Resize-True-InterpolationMode.NEAREST_EXACT-size2] PASSED
../publishablew/vision/vision/test/test_transforms_v2.py::TestResize::test_image_correctness[Resize-True-InterpolationMode.NEAREST_EXACT-None] PASSED
../publishablew/vision/vision/test/test_transforms_v2.py::TestResize::test_image_correctness[Resize-True-InterpolationMode.NEAREST_EXACT-size4] PASSED
../publishablew/vision/vision/test/test_transforms_v2.py::TestResize::test_image_correctness[Resize-True-InterpolationMode.NEAREST_EXACT-size5] PASSED
../publishablew/vision/vision/test/test_transforms_v2.py::TestResize::test_image_correctness[Resize-True-InterpolationMode.BICUBIC-17] PASSED
../publishablew/vision/vision/test/test_transforms_v2.py::TestResize::test_image_correctness[Resize-True-InterpolationMode.BICUBIC-size1] PASSED
../publishablew/vision/vision/test/test_transforms_v2.py::TestResize::test_image_correctness[Resize-True-InterpolationMode.BICUBIC-size2] PASSED
../publishablew/vision/vision/test/test_transforms_v2.py::TestResize::test_image_correctness[Resize-True-InterpolationMode.BICUBIC-None] PASSED
../publishablew/vision/vision/test/test_transforms_v2.py::TestResize::test_image_correctness[Resize-True-InterpolationMode.BICUBIC-size4] PASSED
../publishablew/vision/vision/test/test_transforms_v2.py::TestResize::test_image_correctness[Resize-True-InterpolationMode.BICUBIC-size5] PASSED
../publishablew/vision/vision/test/test_transforms_v2.py::TestResize::test_image_correctness[Resize-False-InterpolationMode.BILINEAR-17] PASSED
../publishablew/vision/vision/test/test_transforms_v2.py::TestResize::test_image_correctness[Resize-False-InterpolationMode.BILINEAR-size1] PASSED
../publishablew/vision/vision/test/test_transforms_v2.py::TestResize::test_image_correctness[Resize-False-InterpolationMode.BILINEAR-size2] PASSED
../publishablew/vision/vision/test/test_transforms_v2.py::TestResize::test_image_correctness[Resize-False-InterpolationMode.BILINEAR-None] PASSED
../publishablew/vision/vision/test/test_transforms_v2.py::TestResize::test_image_correctness[Resize-False-InterpolationMode.BILINEAR-size4] PASSED
../publishablew/vision/vision/test/test_transforms_v2.py::TestResize::test_image_correctness[Resize-False-InterpolationMode.BILINEAR-size5] PASSED
../publishablew/vision/vision/test/test_transforms_v2.py::TestResize::test_image_correctness[Resize-False-InterpolationMode.NEAREST_EXACT-17] PASSED
../publishablew/vision/vision/test/test_transforms_v2.py::TestResize::test_image_correctness[Resize-False-InterpolationMode.NEAREST_EXACT-size1] PASSED
../publishablew/vision/vision/test/test_transforms_v2.py::TestResize::test_image_correctness[Resize-False-InterpolationMode.NEAREST_EXACT-size2] PASSED
../publishablew/vision/vision/test/test_transforms_v2.py::TestResize::test_image_correctness[Resize-False-InterpolationMode.NEAREST_EXACT-None] PASSED
../publishablew/vision/vision/test/test_transforms_v2.py::TestResize::test_image_correctness[Resize-False-InterpolationMode.NEAREST_EXACT-size4] PASSED
../publishablew/vision/vision/test/test_transforms_v2.py::TestResize::test_image_correctness[Resize-False-InterpolationMode.NEAREST_EXACT-size5] PASSED
../publishablew/vision/vision/test/test_transforms_v2.py::TestResize::test_image_correctness[Resize-False-InterpolationMode.BICUBIC-17] PASSED
../publishablew/vision/vision/test/test_transforms_v2.py::TestResize::test_image_correctness[Resize-False-InterpolationMode.BICUBIC-size1] PASSED
../publishablew/vision/vision/test/test_transforms_v2.py::TestResize::test_image_correctness[Resize-False-InterpolationMode.BICUBIC-size2] PASSED
../publishablew/vision/vision/test/test_transforms_v2.py::TestResize::test_image_correctness[Resize-False-InterpolationMode.BICUBIC-None] PASSED
../publishablew/vision/vision/test/test_transforms_v2.py::TestResize::test_image_correctness[Resize-False-InterpolationMode.BICUBIC-size4] PASSED
../publishablew/vision/vision/test/test_transforms_v2.py::TestResize::test_image_correctness[Resize-False-InterpolationMode.BICUBIC-size5] PASSED

============================== 72 passed in 0.20s ==============================
