output file:
processed_small-text_adapted_cohen_kappa_score34.json
function:
_adapted_cohen_kappa_score
Error Cases:

Pass or Failed: 0

Related Failed Test Cases:
{'../publishablew/small-text/small-text/tests/unit/small_text/stopping_criteria/test_kappa.py::TestAdaptedCohenKappScore::test_without_perfect_agreement_and_labels FAILED', '../publishablew/small-text/small-text/tests/unit/small_text/stopping_criteria/test_kappa.py::TestAdaptedCohenKappScore::test_without_perfect_agreement_and_sample_weights FAILED', 'FAILED ../publishablew/small-text/small-text/tests/unit/small_text/stopping_criteria/test_kappa.py::TestAdaptedCohenKappScore::test_without_perfect_agreement_and_sample_weights', '../publishablew/small-text/small-text/tests/unit/small_text/stopping_criteria/test_kappa.py::TestAdaptedCohenKappScore::test_without_perfect_agreement_and_sample_weight FAILED', 'FAILED ../publishablew/small-text/small-text/tests/unit/small_text/stopping_criteria/test_kappa.py::TestAdaptedCohenKappScore::test_without_perfect_agreement_and_sample_weight', 'FAILED ../publishablew/small-text/small-text/tests/unit/small_text/stopping_criteria/test_kappa.py::TestAdaptedCohenKappScore::test_without_perfect_agreement_and_weights', 'FAILED ../publishablew/small-text/small-text/tests/unit/small_text/stopping_criteria/test_kappa.py::TestAdaptedCohenKappScore::test_without_perfect_agreement_and_labels', '../publishablew/small-text/small-text/tests/unit/small_text/stopping_criteria/test_kappa.py::TestAdaptedCohenKappScore::test_without_perfect_agreement_and_weights FAILED'}

All Test Cases On Generated code:
============================= test session starts ==============================
platform linux -- Python 3.11.10, pytest-8.3.4, pluggy-1.5.0 -- /local/data0/moved_data/publishablew/small-text/small-text/venv/bin/python
cachedir: .pytest_cache
rootdir: /local/data0/moved_data/publishablew/small-text/small-text
configfile: pytest.ini
plugins: srcpaths-1.2.1, cov-6.0.0, approvaltests-14.2.0, approvaltests-0.2.4
collecting ... collected 6 items

../publishablew/small-text/small-text/tests/unit/small_text/stopping_criteria/test_kappa.py::TestAdaptedCohenKappScore::test_with_perfect_agreement PASSED
../publishablew/small-text/small-text/tests/unit/small_text/stopping_criteria/test_kappa.py::TestAdaptedCohenKappScore::test_without_perfect_agreement PASSED
../publishablew/small-text/small-text/tests/unit/small_text/stopping_criteria/test_kappa.py::TestAdaptedCohenKappScore::test_without_perfect_agreement_and_labels FAILED
../publishablew/small-text/small-text/tests/unit/small_text/stopping_criteria/test_kappa.py::TestAdaptedCohenKappScore::test_without_perfect_agreement_and_sample_weight FAILED
../publishablew/small-text/small-text/tests/unit/small_text/stopping_criteria/test_kappa.py::TestAdaptedCohenKappScore::test_without_perfect_agreement_and_sample_weights FAILED
../publishablew/small-text/small-text/tests/unit/small_text/stopping_criteria/test_kappa.py::TestAdaptedCohenKappScore::test_without_perfect_agreement_and_weights FAILED

=================================== FAILURES ===================================
_____ TestAdaptedCohenKappScore.test_without_perfect_agreement_and_labels ______

self = <tests.unit.small_text.stopping_criteria.test_kappa.TestAdaptedCohenKappScore testMethod=test_without_perfect_agreement_and_labels>

    def test_without_perfect_agreement_and_labels(self):
        self.assertAlmostEqual(0.444,
                               _adapted_cohen_kappa_score(np.array([0, 1, 1, 2, 1]), np.array([0, 1, 2, 2, 0])),
                               places=2)
    
>       self.assertAlmostEqual(0.399,
                               _adapted_cohen_kappa_score(
                                   np.array([0, 1, 1, 2, 1]),
                                   np.array([0, 1, 2, 2, 0]),
                                   labels=[1, 2]
                               ),
                               places=2)
E       AssertionError: 0.399 != 0.4444444444444444 within 2 places (0.0454444444444444 difference)

../publishablew/small-text/small-text/tests/unit/small_text/stopping_criteria/test_kappa.py:62: AssertionError
__ TestAdaptedCohenKappScore.test_without_perfect_agreement_and_sample_weight __

self = <tests.unit.small_text.stopping_criteria.test_kappa.TestAdaptedCohenKappScore testMethod=test_without_perfect_agreement_and_sample_weight>

    def test_without_perfect_agreement_and_sample_weight(self):
        self.assertAlmostEqual(0.615,
                               _adapted_cohen_kappa_score(np.array([0, 1, 1, 1, 0]), np.array([0, 1, 0, 1, 0])),
                               places=2)
    
>       self.assertAlmostEqual(0.932,
                               _adapted_cohen_kappa_score(
                                   np.array([0, 1, 1, 1, 0]),
                                   np.array([0, 1, 0, 1, 0]),
                                   sample_weight=[0.1, 1.0, 0.1, 1.0, 1.0]
                               ),
                               places=2)
E       AssertionError: 0.932 != 0.6153846153846154 within 2 places (0.31661538461538463 difference)

../publishablew/small-text/small-text/tests/unit/small_text/stopping_criteria/test_kappa.py:36: AssertionError
_ TestAdaptedCohenKappScore.test_without_perfect_agreement_and_sample_weights __

self = <tests.unit.small_text.stopping_criteria.test_kappa.TestAdaptedCohenKappScore testMethod=test_without_perfect_agreement_and_sample_weights>

    def test_without_perfect_agreement_and_sample_weights(self):
        self.assertAlmostEqual(0.615,
                               _adapted_cohen_kappa_score(np.array([0, 1, 1, 1, 0]), np.array([0, 1, 0, 1, 0])),
                               places=2)
    
>       self.assertAlmostEqual(0.932,
                               _adapted_cohen_kappa_score(
                                   np.array([0, 1, 1, 1, 0]),
                                   np.array([0, 1, 0, 1, 0]),
                                   sample_weight=[0.1, 1.0, 0.1, 1.0, 1.0]
                               ),
                               places=2)
E       AssertionError: 0.932 != 0.6153846153846154 within 2 places (0.31661538461538463 difference)

../publishablew/small-text/small-text/tests/unit/small_text/stopping_criteria/test_kappa.py:23: AssertionError
_____ TestAdaptedCohenKappScore.test_without_perfect_agreement_and_weights _____

self = <tests.unit.small_text.stopping_criteria.test_kappa.TestAdaptedCohenKappScore testMethod=test_without_perfect_agreement_and_weights>

    def test_without_perfect_agreement_and_weights(self):
        self.assertAlmostEqual(0.444,
                               _adapted_cohen_kappa_score(np.array([0, 1, 1, 2, 1]), np.array([0, 1, 2, 2, 0])),
                               places=2)
    
>       self.assertAlmostEqual(0.666,
                               _adapted_cohen_kappa_score(
                                   np.array([0, 1, 1, 2, 1]),
                                   np.array([0, 1, 2, 2, 0]),
                                   weights='quadratic'
                               ),
                               places=2)
E       AssertionError: 0.666 != 0.4444444444444444 within 2 places (0.22155555555555562 difference)

../publishablew/small-text/small-text/tests/unit/small_text/stopping_criteria/test_kappa.py:49: AssertionError
=============================== warnings summary ===============================
tests/unit/small_text/stopping_criteria/test_kappa.py::TestAdaptedCohenKappScore::test_with_perfect_agreement
  /local/data0/moved_data/publishablew/small-text/small-text/venv/lib/python3.11/site-packages/sklearn/metrics/_classification.py:409: UserWarning: A single label was found in 'y_true' and 'y_pred'. For the confusion matrix to have the correct shape, use the 'labels' parameter to pass all known labels.
    warnings.warn(

-- Docs: https://docs.pytest.org/en/stable/how-to/capture-warnings.html
=========================== short test summary info ============================
FAILED ../publishablew/small-text/small-text/tests/unit/small_text/stopping_criteria/test_kappa.py::TestAdaptedCohenKappScore::test_without_perfect_agreement_and_labels
FAILED ../publishablew/small-text/small-text/tests/unit/small_text/stopping_criteria/test_kappa.py::TestAdaptedCohenKappScore::test_without_perfect_agreement_and_sample_weight
FAILED ../publishablew/small-text/small-text/tests/unit/small_text/stopping_criteria/test_kappa.py::TestAdaptedCohenKappScore::test_without_perfect_agreement_and_sample_weights
FAILED ../publishablew/small-text/small-text/tests/unit/small_text/stopping_criteria/test_kappa.py::TestAdaptedCohenKappScore::test_without_perfect_agreement_and_weights
==================== 4 failed, 2 passed, 1 warning in 1.62s ====================


Final Test Result:
============================= test session starts ==============================
platform linux -- Python 3.11.10, pytest-8.3.4, pluggy-1.5.0 -- /local/data0/moved_data/publishablew/small-text/small-text/venv/bin/python
cachedir: .pytest_cache
rootdir: /local/data0/moved_data/publishablew/small-text/small-text
configfile: pytest.ini
plugins: srcpaths-1.2.1, cov-6.0.0, approvaltests-14.2.0, approvaltests-0.2.4
collecting ... collected 6 items

../publishablew/small-text/small-text/tests/unit/small_text/stopping_criteria/test_kappa.py::TestAdaptedCohenKappScore::test_with_perfect_agreement PASSED
../publishablew/small-text/small-text/tests/unit/small_text/stopping_criteria/test_kappa.py::TestAdaptedCohenKappScore::test_without_perfect_agreement PASSED
../publishablew/small-text/small-text/tests/unit/small_text/stopping_criteria/test_kappa.py::TestAdaptedCohenKappScore::test_without_perfect_agreement_and_labels PASSED
../publishablew/small-text/small-text/tests/unit/small_text/stopping_criteria/test_kappa.py::TestAdaptedCohenKappScore::test_without_perfect_agreement_and_sample_weight PASSED
../publishablew/small-text/small-text/tests/unit/small_text/stopping_criteria/test_kappa.py::TestAdaptedCohenKappScore::test_without_perfect_agreement_and_sample_weights PASSED
../publishablew/small-text/small-text/tests/unit/small_text/stopping_criteria/test_kappa.py::TestAdaptedCohenKappScore::test_without_perfect_agreement_and_weights PASSED

============================== 6 passed in 1.53s ===============================


Initial Result:
============================= test session starts ==============================
platform linux -- Python 3.11.10, pytest-8.3.4, pluggy-1.5.0 -- /local/data0/moved_data/publishablew/small-text/small-text/venv/bin/python
cachedir: .pytest_cache
rootdir: /local/data0/moved_data/publishablew/small-text/small-text
configfile: pytest.ini
plugins: srcpaths-1.2.1, cov-6.0.0, approvaltests-14.2.0, approvaltests-0.2.4
collecting ... collected 6 items

../publishablew/small-text/small-text/tests/unit/small_text/stopping_criteria/test_kappa.py::TestAdaptedCohenKappScore::test_with_perfect_agreement PASSED
../publishablew/small-text/small-text/tests/unit/small_text/stopping_criteria/test_kappa.py::TestAdaptedCohenKappScore::test_without_perfect_agreement PASSED
../publishablew/small-text/small-text/tests/unit/small_text/stopping_criteria/test_kappa.py::TestAdaptedCohenKappScore::test_without_perfect_agreement_and_labels PASSED
../publishablew/small-text/small-text/tests/unit/small_text/stopping_criteria/test_kappa.py::TestAdaptedCohenKappScore::test_without_perfect_agreement_and_sample_weight PASSED
../publishablew/small-text/small-text/tests/unit/small_text/stopping_criteria/test_kappa.py::TestAdaptedCohenKappScore::test_without_perfect_agreement_and_sample_weights PASSED
../publishablew/small-text/small-text/tests/unit/small_text/stopping_criteria/test_kappa.py::TestAdaptedCohenKappScore::test_without_perfect_agreement_and_weights PASSED

============================== 6 passed in 1.61s ===============================
