output file:
processed_visionperspective396.json
function:
perspective
Error Cases:

Pass or Failed: 0

Related Failed Test Cases:
{'../publishablew/vision/vision/test/test_transforms.py::test_randomperspective_fill[L-6] FAILED', 'FAILED ../publishablew/vision/vision/test/test_transforms.py::test_randomperspective_fill[L-7]', 'FAILED ../publishablew/vision/vision/test/test_transforms.py::test_randomperspective_fill[RGB-1]', 'FAILED ../publishablew/vision/vision/test/test_transforms.py::test_randomperspective_fill[L-8]', 'FAILED ../publishablew/vision/vision/test/test_transforms.py::test_randomperspective_fill[L-2]', '../publishablew/vision/vision/test/test_transforms.py::test_randomperspective_fill[L-8] FAILED', '../publishablew/vision/vision/test/test_transforms.py::test_randomperspective_fill[RGB-2] FAILED', '../publishablew/vision/vision/test/test_transforms.py::test_randomperspective_fill[RGB-0] FAILED', '../publishablew/vision/vision/test/test_transforms.py::test_randomperspective_fill[F-3] FAILED', '../publishablew/vision/vision/test/test_transforms.py::test_randomperspective_fill[F-9] FAILED', 'FAILED ../publishablew/vision/vision/test/test_transforms.py::test_randomperspective_fill[L-1]', 'FAILED ../publishablew/vision/vision/test/test_transforms.py::test_randomperspective_fill[RGB-4]', 'FAILED ../publishablew/vision/vision/test/test_transforms.py::test_randomperspective_fill[F-3]', '../publishablew/vision/vision/test/test_transforms.py::test_randomperspective_fill[L-0] FAILED', '../publishablew/vision/vision/test/test_transforms.py::test_randomperspective_fill[F-6] FAILED', '../publishablew/vision/vision/test/test_transforms.py::test_randomperspective_fill[RGB-4] FAILED', '../publishablew/vision/vision/test/test_transforms.py::test_randomperspective_fill[F-1] FAILED', '../publishablew/vision/vision/test/test_transforms.py::test_randomperspective_fill[L-4] FAILED', 'FAILED ../publishablew/vision/vision/test/test_transforms.py::test_randomperspective_fill[L-6]', 'FAILED ../publishablew/vision/vision/test/test_transforms.py::test_randomperspective_fill[RGB-5]', 'FAILED ../publishablew/vision/vision/test/test_transforms.py::test_randomperspective_fill[F-8]', '../publishablew/vision/vision/test/test_transforms.py::test_randomperspective_fill[F-4] FAILED', '../publishablew/vision/vision/test/test_transforms.py::test_randomperspective_fill[F-2] FAILED', 'FAILED ../publishablew/vision/vision/test/test_transforms.py::test_randomperspective_fill[RGB-2]', 'FAILED ../publishablew/vision/vision/test/test_transforms.py::test_randomperspective_fill[RGB-8]', 'FAILED ../publishablew/vision/vision/test/test_transforms.py::test_randomperspective_fill[F-4]', '../publishablew/vision/vision/test/test_transforms.py::test_randomperspective_fill[RGB-8] FAILED', '../publishablew/vision/vision/test/test_transforms.py::test_randomperspective_fill[RGB-6] FAILED', '../publishablew/vision/vision/test/test_transforms.py::test_randomperspective_fill[F-5] FAILED', 'FAILED ../publishablew/vision/vision/test/test_transforms.py::test_randomperspective_fill[F-1]', 'FAILED ../publishablew/vision/vision/test/test_transforms.py::test_randomperspective_fill[L-3]', 'FAILED ../publishablew/vision/vision/test/test_transforms.py::test_randomperspective_fill[F-0]', 'FAILED ../publishablew/vision/vision/test/test_transforms.py::test_randomperspective_fill[L-9]', 'FAILED ../publishablew/vision/vision/test/test_transforms.py::test_randomperspective_fill[L-4]', 'FAILED ../publishablew/vision/vision/test/test_transforms.py::test_randomperspective_fill[RGB-3]', '../publishablew/vision/vision/test/test_transforms.py::test_randomperspective_fill[F-8] FAILED', 'FAILED ../publishablew/vision/vision/test/test_transforms.py::test_randomperspective_fill[F-7]', '../publishablew/vision/vision/test/test_transforms.py::test_randomperspective_fill[F-7] FAILED', '../publishablew/vision/vision/test/test_transforms.py::test_randomperspective_fill[L-5] FAILED', 'FAILED ../publishablew/vision/vision/test/test_transforms.py::test_randomperspective_fill[F-9]', 'FAILED ../publishablew/vision/vision/test/test_transforms.py::test_randomperspective_fill[L-0]', 'FAILED ../publishablew/vision/vision/test/test_transforms.py::test_randomperspective_fill[L-5]', '../publishablew/vision/vision/test/test_transforms.py::test_randomperspective_fill[L-3] FAILED', '../publishablew/vision/vision/test/test_transforms.py::test_randomperspective_fill[RGB-9] FAILED', '../publishablew/vision/vision/test/test_transforms.py::test_randomperspective_fill[RGB-7] FAILED', '../publishablew/vision/vision/test/test_transforms.py::test_randomperspective_fill[L-1] FAILED', 'FAILED ../publishablew/vision/vision/test/test_transforms.py::test_randomperspective_fill[F-5]', 'FAILED ../publishablew/vision/vision/test/test_transforms.py::test_randomperspective_fill[F-2]', '../publishablew/vision/vision/test/test_transforms.py::test_randomperspective_fill[F-0] FAILED', '../publishablew/vision/vision/test/test_transforms.py::test_randomperspective_fill[RGB-3] FAILED', 'FAILED ../publishablew/vision/vision/test/test_transforms.py::test_randomperspective_fill[RGB-9]', 'FAILED ../publishablew/vision/vision/test/test_transforms.py::test_randomperspective_fill[F-6]', '../publishablew/vision/vision/test/test_transforms.py::test_randomperspective_fill[RGB-1] FAILED', '../publishablew/vision/vision/test/test_transforms.py::test_randomperspective_fill[L-9] FAILED', '../publishablew/vision/vision/test/test_transforms.py::test_randomperspective_fill[L-2] FAILED', 'FAILED ../publishablew/vision/vision/test/test_transforms.py::test_randomperspective_fill[RGB-0]', '../publishablew/vision/vision/test/test_transforms.py::test_randomperspective_fill[RGB-5] FAILED', '../publishablew/vision/vision/test/test_transforms.py::test_randomperspective_fill[L-7] FAILED', 'FAILED ../publishablew/vision/vision/test/test_transforms.py::test_randomperspective_fill[RGB-7]', 'FAILED ../publishablew/vision/vision/test/test_transforms.py::test_randomperspective_fill[RGB-6]'}

All Test Cases On Generated code:
============================= test session starts ==============================
platform linux -- Python 3.11.10, pytest-8.3.4, pluggy-1.5.0 -- /local/data0/moved_data/publishablew/vision/vision/venv/bin/python
cachedir: .pytest_cache
rootdir: /local/data0/moved_data/publishablew/vision/vision
configfile: pytest.ini
plugins: mock-3.14.0
collecting ... collected 30 items

../publishablew/vision/vision/test/test_transforms.py::test_randomperspective_fill[L-0] FAILED
../publishablew/vision/vision/test/test_transforms.py::test_randomperspective_fill[L-1] FAILED
../publishablew/vision/vision/test/test_transforms.py::test_randomperspective_fill[L-2] FAILED
../publishablew/vision/vision/test/test_transforms.py::test_randomperspective_fill[L-3] FAILED
../publishablew/vision/vision/test/test_transforms.py::test_randomperspective_fill[L-4] FAILED
../publishablew/vision/vision/test/test_transforms.py::test_randomperspective_fill[L-5] FAILED
../publishablew/vision/vision/test/test_transforms.py::test_randomperspective_fill[L-6] FAILED
../publishablew/vision/vision/test/test_transforms.py::test_randomperspective_fill[L-7] FAILED
../publishablew/vision/vision/test/test_transforms.py::test_randomperspective_fill[L-8] FAILED
../publishablew/vision/vision/test/test_transforms.py::test_randomperspective_fill[L-9] FAILED
../publishablew/vision/vision/test/test_transforms.py::test_randomperspective_fill[RGB-0] FAILED
../publishablew/vision/vision/test/test_transforms.py::test_randomperspective_fill[RGB-1] FAILED
../publishablew/vision/vision/test/test_transforms.py::test_randomperspective_fill[RGB-2] FAILED
../publishablew/vision/vision/test/test_transforms.py::test_randomperspective_fill[RGB-3] FAILED
../publishablew/vision/vision/test/test_transforms.py::test_randomperspective_fill[RGB-4] FAILED
../publishablew/vision/vision/test/test_transforms.py::test_randomperspective_fill[RGB-5] FAILED
../publishablew/vision/vision/test/test_transforms.py::test_randomperspective_fill[RGB-6] FAILED
../publishablew/vision/vision/test/test_transforms.py::test_randomperspective_fill[RGB-7] FAILED
../publishablew/vision/vision/test/test_transforms.py::test_randomperspective_fill[RGB-8] FAILED
../publishablew/vision/vision/test/test_transforms.py::test_randomperspective_fill[RGB-9] FAILED
../publishablew/vision/vision/test/test_transforms.py::test_randomperspective_fill[F-0] FAILED
../publishablew/vision/vision/test/test_transforms.py::test_randomperspective_fill[F-1] FAILED
../publishablew/vision/vision/test/test_transforms.py::test_randomperspective_fill[F-2] FAILED
../publishablew/vision/vision/test/test_transforms.py::test_randomperspective_fill[F-3] FAILED
../publishablew/vision/vision/test/test_transforms.py::test_randomperspective_fill[F-4] FAILED
../publishablew/vision/vision/test/test_transforms.py::test_randomperspective_fill[F-5] FAILED
../publishablew/vision/vision/test/test_transforms.py::test_randomperspective_fill[F-6] FAILED
../publishablew/vision/vision/test/test_transforms.py::test_randomperspective_fill[F-7] FAILED
../publishablew/vision/vision/test/test_transforms.py::test_randomperspective_fill[F-8] FAILED
../publishablew/vision/vision/test/test_transforms.py::test_randomperspective_fill[F-9] FAILED

=================================== FAILURES ===================================
_______________________ test_randomperspective_fill[L-0] _______________________
../publishablew/vision/vision/test/test_transforms.py:1911: in test_randomperspective_fill
    tr_img = perspective(img_conv)
../publishablew/vision/vision/venv/lib/python3.11/site-packages/torch/nn/modules/module.py:1736: in _wrapped_call_impl
    return self._call_impl(*args, **kwargs)
../publishablew/vision/vision/venv/lib/python3.11/site-packages/torch/nn/modules/module.py:1747: in _call_impl
    return forward_call(*args, **kwargs)
../publishablew/vision/vision/torchvision/transforms/transforms.py:805: in forward
    return F.perspective(img, startpoints, endpoints, self.interpolation, fill)
../publishablew/vision/vision/torchvision/transforms/functional.py:573: in perspective
    return perspective(img, startpoints, endpoints, interpolation, fill)
../publishablew/vision/vision/torchvision/transforms/temp.py:35: in perspective
    coeffs = _get_perspective_coeffs(startpoints, endpoints)
../publishablew/vision/vision/torchvision/transforms/temp.py:25: in _get_perspective_coeffs
    A = np.matrix(matrix, dtype=np.float)
../publishablew/vision/vision/venv/lib/python3.11/site-packages/numpy/__init__.py:397: in __getattr__
    raise AttributeError(__former_attrs__[attr], name=None)
E   AttributeError: module 'numpy' has no attribute 'float'.
E   `np.float` was a deprecated alias for the builtin `float`. To avoid this error in existing code, use `float` by itself. Doing this will not modify any behavior and is safe. If you specifically wanted the numpy scalar type, use `np.float64` here.
E   The aliases was originally deprecated in NumPy 1.20; for more details and guidance see the original release note at:
E       https://numpy.org/devdocs/release/1.20.0-notes.html#deprecations
_______________________ test_randomperspective_fill[L-1] _______________________
../publishablew/vision/vision/test/test_transforms.py:1911: in test_randomperspective_fill
    tr_img = perspective(img_conv)
../publishablew/vision/vision/venv/lib/python3.11/site-packages/torch/nn/modules/module.py:1736: in _wrapped_call_impl
    return self._call_impl(*args, **kwargs)
../publishablew/vision/vision/venv/lib/python3.11/site-packages/torch/nn/modules/module.py:1747: in _call_impl
    return forward_call(*args, **kwargs)
../publishablew/vision/vision/torchvision/transforms/transforms.py:805: in forward
    return F.perspective(img, startpoints, endpoints, self.interpolation, fill)
../publishablew/vision/vision/torchvision/transforms/functional.py:573: in perspective
    return perspective(img, startpoints, endpoints, interpolation, fill)
../publishablew/vision/vision/torchvision/transforms/temp.py:35: in perspective
    coeffs = _get_perspective_coeffs(startpoints, endpoints)
../publishablew/vision/vision/torchvision/transforms/temp.py:25: in _get_perspective_coeffs
    A = np.matrix(matrix, dtype=np.float)
../publishablew/vision/vision/venv/lib/python3.11/site-packages/numpy/__init__.py:397: in __getattr__
    raise AttributeError(__former_attrs__[attr], name=None)
E   AttributeError: module 'numpy' has no attribute 'float'.
E   `np.float` was a deprecated alias for the builtin `float`. To avoid this error in existing code, use `float` by itself. Doing this will not modify any behavior and is safe. If you specifically wanted the numpy scalar type, use `np.float64` here.
E   The aliases was originally deprecated in NumPy 1.20; for more details and guidance see the original release note at:
E       https://numpy.org/devdocs/release/1.20.0-notes.html#deprecations
_______________________ test_randomperspective_fill[L-2] _______________________
../publishablew/vision/vision/test/test_transforms.py:1911: in test_randomperspective_fill
    tr_img = perspective(img_conv)
../publishablew/vision/vision/venv/lib/python3.11/site-packages/torch/nn/modules/module.py:1736: in _wrapped_call_impl
    return self._call_impl(*args, **kwargs)
../publishablew/vision/vision/venv/lib/python3.11/site-packages/torch/nn/modules/module.py:1747: in _call_impl
    return forward_call(*args, **kwargs)
../publishablew/vision/vision/torchvision/transforms/transforms.py:805: in forward
    return F.perspective(img, startpoints, endpoints, self.interpolation, fill)
../publishablew/vision/vision/torchvision/transforms/functional.py:573: in perspective
    return perspective(img, startpoints, endpoints, interpolation, fill)
../publishablew/vision/vision/torchvision/transforms/temp.py:35: in perspective
    coeffs = _get_perspective_coeffs(startpoints, endpoints)
../publishablew/vision/vision/torchvision/transforms/temp.py:25: in _get_perspective_coeffs
    A = np.matrix(matrix, dtype=np.float)
../publishablew/vision/vision/venv/lib/python3.11/site-packages/numpy/__init__.py:397: in __getattr__
    raise AttributeError(__former_attrs__[attr], name=None)
E   AttributeError: module 'numpy' has no attribute 'float'.
E   `np.float` was a deprecated alias for the builtin `float`. To avoid this error in existing code, use `float` by itself. Doing this will not modify any behavior and is safe. If you specifically wanted the numpy scalar type, use `np.float64` here.
E   The aliases was originally deprecated in NumPy 1.20; for more details and guidance see the original release note at:
E       https://numpy.org/devdocs/release/1.20.0-notes.html#deprecations
_______________________ test_randomperspective_fill[L-3] _______________________
../publishablew/vision/vision/test/test_transforms.py:1911: in test_randomperspective_fill
    tr_img = perspective(img_conv)
../publishablew/vision/vision/venv/lib/python3.11/site-packages/torch/nn/modules/module.py:1736: in _wrapped_call_impl
    return self._call_impl(*args, **kwargs)
../publishablew/vision/vision/venv/lib/python3.11/site-packages/torch/nn/modules/module.py:1747: in _call_impl
    return forward_call(*args, **kwargs)
../publishablew/vision/vision/torchvision/transforms/transforms.py:805: in forward
    return F.perspective(img, startpoints, endpoints, self.interpolation, fill)
../publishablew/vision/vision/torchvision/transforms/functional.py:573: in perspective
    return perspective(img, startpoints, endpoints, interpolation, fill)
../publishablew/vision/vision/torchvision/transforms/temp.py:35: in perspective
    coeffs = _get_perspective_coeffs(startpoints, endpoints)
../publishablew/vision/vision/torchvision/transforms/temp.py:25: in _get_perspective_coeffs
    A = np.matrix(matrix, dtype=np.float)
../publishablew/vision/vision/venv/lib/python3.11/site-packages/numpy/__init__.py:397: in __getattr__
    raise AttributeError(__former_attrs__[attr], name=None)
E   AttributeError: module 'numpy' has no attribute 'float'.
E   `np.float` was a deprecated alias for the builtin `float`. To avoid this error in existing code, use `float` by itself. Doing this will not modify any behavior and is safe. If you specifically wanted the numpy scalar type, use `np.float64` here.
E   The aliases was originally deprecated in NumPy 1.20; for more details and guidance see the original release note at:
E       https://numpy.org/devdocs/release/1.20.0-notes.html#deprecations
_______________________ test_randomperspective_fill[L-4] _______________________
../publishablew/vision/vision/test/test_transforms.py:1911: in test_randomperspective_fill
    tr_img = perspective(img_conv)
../publishablew/vision/vision/venv/lib/python3.11/site-packages/torch/nn/modules/module.py:1736: in _wrapped_call_impl
    return self._call_impl(*args, **kwargs)
../publishablew/vision/vision/venv/lib/python3.11/site-packages/torch/nn/modules/module.py:1747: in _call_impl
    return forward_call(*args, **kwargs)
../publishablew/vision/vision/torchvision/transforms/transforms.py:805: in forward
    return F.perspective(img, startpoints, endpoints, self.interpolation, fill)
../publishablew/vision/vision/torchvision/transforms/functional.py:573: in perspective
    return perspective(img, startpoints, endpoints, interpolation, fill)
../publishablew/vision/vision/torchvision/transforms/temp.py:35: in perspective
    coeffs = _get_perspective_coeffs(startpoints, endpoints)
../publishablew/vision/vision/torchvision/transforms/temp.py:25: in _get_perspective_coeffs
    A = np.matrix(matrix, dtype=np.float)
../publishablew/vision/vision/venv/lib/python3.11/site-packages/numpy/__init__.py:397: in __getattr__
    raise AttributeError(__former_attrs__[attr], name=None)
E   AttributeError: module 'numpy' has no attribute 'float'.
E   `np.float` was a deprecated alias for the builtin `float`. To avoid this error in existing code, use `float` by itself. Doing this will not modify any behavior and is safe. If you specifically wanted the numpy scalar type, use `np.float64` here.
E   The aliases was originally deprecated in NumPy 1.20; for more details and guidance see the original release note at:
E       https://numpy.org/devdocs/release/1.20.0-notes.html#deprecations
_______________________ test_randomperspective_fill[L-5] _______________________
../publishablew/vision/vision/test/test_transforms.py:1911: in test_randomperspective_fill
    tr_img = perspective(img_conv)
../publishablew/vision/vision/venv/lib/python3.11/site-packages/torch/nn/modules/module.py:1736: in _wrapped_call_impl
    return self._call_impl(*args, **kwargs)
../publishablew/vision/vision/venv/lib/python3.11/site-packages/torch/nn/modules/module.py:1747: in _call_impl
    return forward_call(*args, **kwargs)
../publishablew/vision/vision/torchvision/transforms/transforms.py:805: in forward
    return F.perspective(img, startpoints, endpoints, self.interpolation, fill)
../publishablew/vision/vision/torchvision/transforms/functional.py:573: in perspective
    return perspective(img, startpoints, endpoints, interpolation, fill)
../publishablew/vision/vision/torchvision/transforms/temp.py:35: in perspective
    coeffs = _get_perspective_coeffs(startpoints, endpoints)
../publishablew/vision/vision/torchvision/transforms/temp.py:25: in _get_perspective_coeffs
    A = np.matrix(matrix, dtype=np.float)
../publishablew/vision/vision/venv/lib/python3.11/site-packages/numpy/__init__.py:397: in __getattr__
    raise AttributeError(__former_attrs__[attr], name=None)
E   AttributeError: module 'numpy' has no attribute 'float'.
E   `np.float` was a deprecated alias for the builtin `float`. To avoid this error in existing code, use `float` by itself. Doing this will not modify any behavior and is safe. If you specifically wanted the numpy scalar type, use `np.float64` here.
E   The aliases was originally deprecated in NumPy 1.20; for more details and guidance see the original release note at:
E       https://numpy.org/devdocs/release/1.20.0-notes.html#deprecations
_______________________ test_randomperspective_fill[L-6] _______________________
../publishablew/vision/vision/test/test_transforms.py:1911: in test_randomperspective_fill
    tr_img = perspective(img_conv)
../publishablew/vision/vision/venv/lib/python3.11/site-packages/torch/nn/modules/module.py:1736: in _wrapped_call_impl
    return self._call_impl(*args, **kwargs)
../publishablew/vision/vision/venv/lib/python3.11/site-packages/torch/nn/modules/module.py:1747: in _call_impl
    return forward_call(*args, **kwargs)
../publishablew/vision/vision/torchvision/transforms/transforms.py:805: in forward
    return F.perspective(img, startpoints, endpoints, self.interpolation, fill)
../publishablew/vision/vision/torchvision/transforms/functional.py:573: in perspective
    return perspective(img, startpoints, endpoints, interpolation, fill)
../publishablew/vision/vision/torchvision/transforms/temp.py:35: in perspective
    coeffs = _get_perspective_coeffs(startpoints, endpoints)
../publishablew/vision/vision/torchvision/transforms/temp.py:25: in _get_perspective_coeffs
    A = np.matrix(matrix, dtype=np.float)
../publishablew/vision/vision/venv/lib/python3.11/site-packages/numpy/__init__.py:397: in __getattr__
    raise AttributeError(__former_attrs__[attr], name=None)
E   AttributeError: module 'numpy' has no attribute 'float'.
E   `np.float` was a deprecated alias for the builtin `float`. To avoid this error in existing code, use `float` by itself. Doing this will not modify any behavior and is safe. If you specifically wanted the numpy scalar type, use `np.float64` here.
E   The aliases was originally deprecated in NumPy 1.20; for more details and guidance see the original release note at:
E       https://numpy.org/devdocs/release/1.20.0-notes.html#deprecations
_______________________ test_randomperspective_fill[L-7] _______________________
../publishablew/vision/vision/test/test_transforms.py:1911: in test_randomperspective_fill
    tr_img = perspective(img_conv)
../publishablew/vision/vision/venv/lib/python3.11/site-packages/torch/nn/modules/module.py:1736: in _wrapped_call_impl
    return self._call_impl(*args, **kwargs)
../publishablew/vision/vision/venv/lib/python3.11/site-packages/torch/nn/modules/module.py:1747: in _call_impl
    return forward_call(*args, **kwargs)
../publishablew/vision/vision/torchvision/transforms/transforms.py:805: in forward
    return F.perspective(img, startpoints, endpoints, self.interpolation, fill)
../publishablew/vision/vision/torchvision/transforms/functional.py:573: in perspective
    return perspective(img, startpoints, endpoints, interpolation, fill)
../publishablew/vision/vision/torchvision/transforms/temp.py:35: in perspective
    coeffs = _get_perspective_coeffs(startpoints, endpoints)
../publishablew/vision/vision/torchvision/transforms/temp.py:25: in _get_perspective_coeffs
    A = np.matrix(matrix, dtype=np.float)
../publishablew/vision/vision/venv/lib/python3.11/site-packages/numpy/__init__.py:397: in __getattr__
    raise AttributeError(__former_attrs__[attr], name=None)
E   AttributeError: module 'numpy' has no attribute 'float'.
E   `np.float` was a deprecated alias for the builtin `float`. To avoid this error in existing code, use `float` by itself. Doing this will not modify any behavior and is safe. If you specifically wanted the numpy scalar type, use `np.float64` here.
E   The aliases was originally deprecated in NumPy 1.20; for more details and guidance see the original release note at:
E       https://numpy.org/devdocs/release/1.20.0-notes.html#deprecations
_______________________ test_randomperspective_fill[L-8] _______________________
../publishablew/vision/vision/test/test_transforms.py:1911: in test_randomperspective_fill
    tr_img = perspective(img_conv)
../publishablew/vision/vision/venv/lib/python3.11/site-packages/torch/nn/modules/module.py:1736: in _wrapped_call_impl
    return self._call_impl(*args, **kwargs)
../publishablew/vision/vision/venv/lib/python3.11/site-packages/torch/nn/modules/module.py:1747: in _call_impl
    return forward_call(*args, **kwargs)
../publishablew/vision/vision/torchvision/transforms/transforms.py:805: in forward
    return F.perspective(img, startpoints, endpoints, self.interpolation, fill)
../publishablew/vision/vision/torchvision/transforms/functional.py:573: in perspective
    return perspective(img, startpoints, endpoints, interpolation, fill)
../publishablew/vision/vision/torchvision/transforms/temp.py:35: in perspective
    coeffs = _get_perspective_coeffs(startpoints, endpoints)
../publishablew/vision/vision/torchvision/transforms/temp.py:25: in _get_perspective_coeffs
    A = np.matrix(matrix, dtype=np.float)
../publishablew/vision/vision/venv/lib/python3.11/site-packages/numpy/__init__.py:397: in __getattr__
    raise AttributeError(__former_attrs__[attr], name=None)
E   AttributeError: module 'numpy' has no attribute 'float'.
E   `np.float` was a deprecated alias for the builtin `float`. To avoid this error in existing code, use `float` by itself. Doing this will not modify any behavior and is safe. If you specifically wanted the numpy scalar type, use `np.float64` here.
E   The aliases was originally deprecated in NumPy 1.20; for more details and guidance see the original release note at:
E       https://numpy.org/devdocs/release/1.20.0-notes.html#deprecations
_______________________ test_randomperspective_fill[L-9] _______________________
../publishablew/vision/vision/test/test_transforms.py:1911: in test_randomperspective_fill
    tr_img = perspective(img_conv)
../publishablew/vision/vision/venv/lib/python3.11/site-packages/torch/nn/modules/module.py:1736: in _wrapped_call_impl
    return self._call_impl(*args, **kwargs)
../publishablew/vision/vision/venv/lib/python3.11/site-packages/torch/nn/modules/module.py:1747: in _call_impl
    return forward_call(*args, **kwargs)
../publishablew/vision/vision/torchvision/transforms/transforms.py:805: in forward
    return F.perspective(img, startpoints, endpoints, self.interpolation, fill)
../publishablew/vision/vision/torchvision/transforms/functional.py:573: in perspective
    return perspective(img, startpoints, endpoints, interpolation, fill)
../publishablew/vision/vision/torchvision/transforms/temp.py:35: in perspective
    coeffs = _get_perspective_coeffs(startpoints, endpoints)
../publishablew/vision/vision/torchvision/transforms/temp.py:25: in _get_perspective_coeffs
    A = np.matrix(matrix, dtype=np.float)
../publishablew/vision/vision/venv/lib/python3.11/site-packages/numpy/__init__.py:397: in __getattr__
    raise AttributeError(__former_attrs__[attr], name=None)
E   AttributeError: module 'numpy' has no attribute 'float'.
E   `np.float` was a deprecated alias for the builtin `float`. To avoid this error in existing code, use `float` by itself. Doing this will not modify any behavior and is safe. If you specifically wanted the numpy scalar type, use `np.float64` here.
E   The aliases was originally deprecated in NumPy 1.20; for more details and guidance see the original release note at:
E       https://numpy.org/devdocs/release/1.20.0-notes.html#deprecations
______________________ test_randomperspective_fill[RGB-0] ______________________
../publishablew/vision/vision/test/test_transforms.py:1911: in test_randomperspective_fill
    tr_img = perspective(img_conv)
../publishablew/vision/vision/venv/lib/python3.11/site-packages/torch/nn/modules/module.py:1736: in _wrapped_call_impl
    return self._call_impl(*args, **kwargs)
../publishablew/vision/vision/venv/lib/python3.11/site-packages/torch/nn/modules/module.py:1747: in _call_impl
    return forward_call(*args, **kwargs)
../publishablew/vision/vision/torchvision/transforms/transforms.py:805: in forward
    return F.perspective(img, startpoints, endpoints, self.interpolation, fill)
../publishablew/vision/vision/torchvision/transforms/functional.py:573: in perspective
    return perspective(img, startpoints, endpoints, interpolation, fill)
../publishablew/vision/vision/torchvision/transforms/temp.py:35: in perspective
    coeffs = _get_perspective_coeffs(startpoints, endpoints)
../publishablew/vision/vision/torchvision/transforms/temp.py:25: in _get_perspective_coeffs
    A = np.matrix(matrix, dtype=np.float)
../publishablew/vision/vision/venv/lib/python3.11/site-packages/numpy/__init__.py:397: in __getattr__
    raise AttributeError(__former_attrs__[attr], name=None)
E   AttributeError: module 'numpy' has no attribute 'float'.
E   `np.float` was a deprecated alias for the builtin `float`. To avoid this error in existing code, use `float` by itself. Doing this will not modify any behavior and is safe. If you specifically wanted the numpy scalar type, use `np.float64` here.
E   The aliases was originally deprecated in NumPy 1.20; for more details and guidance see the original release note at:
E       https://numpy.org/devdocs/release/1.20.0-notes.html#deprecations
______________________ test_randomperspective_fill[RGB-1] ______________________
../publishablew/vision/vision/test/test_transforms.py:1911: in test_randomperspective_fill
    tr_img = perspective(img_conv)
../publishablew/vision/vision/venv/lib/python3.11/site-packages/torch/nn/modules/module.py:1736: in _wrapped_call_impl
    return self._call_impl(*args, **kwargs)
../publishablew/vision/vision/venv/lib/python3.11/site-packages/torch/nn/modules/module.py:1747: in _call_impl
    return forward_call(*args, **kwargs)
../publishablew/vision/vision/torchvision/transforms/transforms.py:805: in forward
    return F.perspective(img, startpoints, endpoints, self.interpolation, fill)
../publishablew/vision/vision/torchvision/transforms/functional.py:573: in perspective
    return perspective(img, startpoints, endpoints, interpolation, fill)
../publishablew/vision/vision/torchvision/transforms/temp.py:35: in perspective
    coeffs = _get_perspective_coeffs(startpoints, endpoints)
../publishablew/vision/vision/torchvision/transforms/temp.py:25: in _get_perspective_coeffs
    A = np.matrix(matrix, dtype=np.float)
../publishablew/vision/vision/venv/lib/python3.11/site-packages/numpy/__init__.py:397: in __getattr__
    raise AttributeError(__former_attrs__[attr], name=None)
E   AttributeError: module 'numpy' has no attribute 'float'.
E   `np.float` was a deprecated alias for the builtin `float`. To avoid this error in existing code, use `float` by itself. Doing this will not modify any behavior and is safe. If you specifically wanted the numpy scalar type, use `np.float64` here.
E   The aliases was originally deprecated in NumPy 1.20; for more details and guidance see the original release note at:
E       https://numpy.org/devdocs/release/1.20.0-notes.html#deprecations
______________________ test_randomperspective_fill[RGB-2] ______________________
../publishablew/vision/vision/test/test_transforms.py:1911: in test_randomperspective_fill
    tr_img = perspective(img_conv)
../publishablew/vision/vision/venv/lib/python3.11/site-packages/torch/nn/modules/module.py:1736: in _wrapped_call_impl
    return self._call_impl(*args, **kwargs)
../publishablew/vision/vision/venv/lib/python3.11/site-packages/torch/nn/modules/module.py:1747: in _call_impl
    return forward_call(*args, **kwargs)
../publishablew/vision/vision/torchvision/transforms/transforms.py:805: in forward
    return F.perspective(img, startpoints, endpoints, self.interpolation, fill)
../publishablew/vision/vision/torchvision/transforms/functional.py:573: in perspective
    return perspective(img, startpoints, endpoints, interpolation, fill)
../publishablew/vision/vision/torchvision/transforms/temp.py:35: in perspective
    coeffs = _get_perspective_coeffs(startpoints, endpoints)
../publishablew/vision/vision/torchvision/transforms/temp.py:25: in _get_perspective_coeffs
    A = np.matrix(matrix, dtype=np.float)
../publishablew/vision/vision/venv/lib/python3.11/site-packages/numpy/__init__.py:397: in __getattr__
    raise AttributeError(__former_attrs__[attr], name=None)
E   AttributeError: module 'numpy' has no attribute 'float'.
E   `np.float` was a deprecated alias for the builtin `float`. To avoid this error in existing code, use `float` by itself. Doing this will not modify any behavior and is safe. If you specifically wanted the numpy scalar type, use `np.float64` here.
E   The aliases was originally deprecated in NumPy 1.20; for more details and guidance see the original release note at:
E       https://numpy.org/devdocs/release/1.20.0-notes.html#deprecations
______________________ test_randomperspective_fill[RGB-3] ______________________
../publishablew/vision/vision/test/test_transforms.py:1911: in test_randomperspective_fill
    tr_img = perspective(img_conv)
../publishablew/vision/vision/venv/lib/python3.11/site-packages/torch/nn/modules/module.py:1736: in _wrapped_call_impl
    return self._call_impl(*args, **kwargs)
../publishablew/vision/vision/venv/lib/python3.11/site-packages/torch/nn/modules/module.py:1747: in _call_impl
    return forward_call(*args, **kwargs)
../publishablew/vision/vision/torchvision/transforms/transforms.py:805: in forward
    return F.perspective(img, startpoints, endpoints, self.interpolation, fill)
../publishablew/vision/vision/torchvision/transforms/functional.py:573: in perspective
    return perspective(img, startpoints, endpoints, interpolation, fill)
../publishablew/vision/vision/torchvision/transforms/temp.py:35: in perspective
    coeffs = _get_perspective_coeffs(startpoints, endpoints)
../publishablew/vision/vision/torchvision/transforms/temp.py:25: in _get_perspective_coeffs
    A = np.matrix(matrix, dtype=np.float)
../publishablew/vision/vision/venv/lib/python3.11/site-packages/numpy/__init__.py:397: in __getattr__
    raise AttributeError(__former_attrs__[attr], name=None)
E   AttributeError: module 'numpy' has no attribute 'float'.
E   `np.float` was a deprecated alias for the builtin `float`. To avoid this error in existing code, use `float` by itself. Doing this will not modify any behavior and is safe. If you specifically wanted the numpy scalar type, use `np.float64` here.
E   The aliases was originally deprecated in NumPy 1.20; for more details and guidance see the original release note at:
E       https://numpy.org/devdocs/release/1.20.0-notes.html#deprecations
______________________ test_randomperspective_fill[RGB-4] ______________________
../publishablew/vision/vision/test/test_transforms.py:1911: in test_randomperspective_fill
    tr_img = perspective(img_conv)
../publishablew/vision/vision/venv/lib/python3.11/site-packages/torch/nn/modules/module.py:1736: in _wrapped_call_impl
    return self._call_impl(*args, **kwargs)
../publishablew/vision/vision/venv/lib/python3.11/site-packages/torch/nn/modules/module.py:1747: in _call_impl
    return forward_call(*args, **kwargs)
../publishablew/vision/vision/torchvision/transforms/transforms.py:805: in forward
    return F.perspective(img, startpoints, endpoints, self.interpolation, fill)
../publishablew/vision/vision/torchvision/transforms/functional.py:573: in perspective
    return perspective(img, startpoints, endpoints, interpolation, fill)
../publishablew/vision/vision/torchvision/transforms/temp.py:35: in perspective
    coeffs = _get_perspective_coeffs(startpoints, endpoints)
../publishablew/vision/vision/torchvision/transforms/temp.py:25: in _get_perspective_coeffs
    A = np.matrix(matrix, dtype=np.float)
../publishablew/vision/vision/venv/lib/python3.11/site-packages/numpy/__init__.py:397: in __getattr__
    raise AttributeError(__former_attrs__[attr], name=None)
E   AttributeError: module 'numpy' has no attribute 'float'.
E   `np.float` was a deprecated alias for the builtin `float`. To avoid this error in existing code, use `float` by itself. Doing this will not modify any behavior and is safe. If you specifically wanted the numpy scalar type, use `np.float64` here.
E   The aliases was originally deprecated in NumPy 1.20; for more details and guidance see the original release note at:
E       https://numpy.org/devdocs/release/1.20.0-notes.html#deprecations
______________________ test_randomperspective_fill[RGB-5] ______________________
../publishablew/vision/vision/test/test_transforms.py:1911: in test_randomperspective_fill
    tr_img = perspective(img_conv)
../publishablew/vision/vision/venv/lib/python3.11/site-packages/torch/nn/modules/module.py:1736: in _wrapped_call_impl
    return self._call_impl(*args, **kwargs)
../publishablew/vision/vision/venv/lib/python3.11/site-packages/torch/nn/modules/module.py:1747: in _call_impl
    return forward_call(*args, **kwargs)
../publishablew/vision/vision/torchvision/transforms/transforms.py:805: in forward
    return F.perspective(img, startpoints, endpoints, self.interpolation, fill)
../publishablew/vision/vision/torchvision/transforms/functional.py:573: in perspective
    return perspective(img, startpoints, endpoints, interpolation, fill)
../publishablew/vision/vision/torchvision/transforms/temp.py:35: in perspective
    coeffs = _get_perspective_coeffs(startpoints, endpoints)
../publishablew/vision/vision/torchvision/transforms/temp.py:25: in _get_perspective_coeffs
    A = np.matrix(matrix, dtype=np.float)
../publishablew/vision/vision/venv/lib/python3.11/site-packages/numpy/__init__.py:397: in __getattr__
    raise AttributeError(__former_attrs__[attr], name=None)
E   AttributeError: module 'numpy' has no attribute 'float'.
E   `np.float` was a deprecated alias for the builtin `float`. To avoid this error in existing code, use `float` by itself. Doing this will not modify any behavior and is safe. If you specifically wanted the numpy scalar type, use `np.float64` here.
E   The aliases was originally deprecated in NumPy 1.20; for more details and guidance see the original release note at:
E       https://numpy.org/devdocs/release/1.20.0-notes.html#deprecations
______________________ test_randomperspective_fill[RGB-6] ______________________
../publishablew/vision/vision/test/test_transforms.py:1911: in test_randomperspective_fill
    tr_img = perspective(img_conv)
../publishablew/vision/vision/venv/lib/python3.11/site-packages/torch/nn/modules/module.py:1736: in _wrapped_call_impl
    return self._call_impl(*args, **kwargs)
../publishablew/vision/vision/venv/lib/python3.11/site-packages/torch/nn/modules/module.py:1747: in _call_impl
    return forward_call(*args, **kwargs)
../publishablew/vision/vision/torchvision/transforms/transforms.py:805: in forward
    return F.perspective(img, startpoints, endpoints, self.interpolation, fill)
../publishablew/vision/vision/torchvision/transforms/functional.py:573: in perspective
    return perspective(img, startpoints, endpoints, interpolation, fill)
../publishablew/vision/vision/torchvision/transforms/temp.py:35: in perspective
    coeffs = _get_perspective_coeffs(startpoints, endpoints)
../publishablew/vision/vision/torchvision/transforms/temp.py:25: in _get_perspective_coeffs
    A = np.matrix(matrix, dtype=np.float)
../publishablew/vision/vision/venv/lib/python3.11/site-packages/numpy/__init__.py:397: in __getattr__
    raise AttributeError(__former_attrs__[attr], name=None)
E   AttributeError: module 'numpy' has no attribute 'float'.
E   `np.float` was a deprecated alias for the builtin `float`. To avoid this error in existing code, use `float` by itself. Doing this will not modify any behavior and is safe. If you specifically wanted the numpy scalar type, use `np.float64` here.
E   The aliases was originally deprecated in NumPy 1.20; for more details and guidance see the original release note at:
E       https://numpy.org/devdocs/release/1.20.0-notes.html#deprecations
______________________ test_randomperspective_fill[RGB-7] ______________________
../publishablew/vision/vision/test/test_transforms.py:1911: in test_randomperspective_fill
    tr_img = perspective(img_conv)
../publishablew/vision/vision/venv/lib/python3.11/site-packages/torch/nn/modules/module.py:1736: in _wrapped_call_impl
    return self._call_impl(*args, **kwargs)
../publishablew/vision/vision/venv/lib/python3.11/site-packages/torch/nn/modules/module.py:1747: in _call_impl
    return forward_call(*args, **kwargs)
../publishablew/vision/vision/torchvision/transforms/transforms.py:805: in forward
    return F.perspective(img, startpoints, endpoints, self.interpolation, fill)
../publishablew/vision/vision/torchvision/transforms/functional.py:573: in perspective
    return perspective(img, startpoints, endpoints, interpolation, fill)
../publishablew/vision/vision/torchvision/transforms/temp.py:35: in perspective
    coeffs = _get_perspective_coeffs(startpoints, endpoints)
../publishablew/vision/vision/torchvision/transforms/temp.py:25: in _get_perspective_coeffs
    A = np.matrix(matrix, dtype=np.float)
../publishablew/vision/vision/venv/lib/python3.11/site-packages/numpy/__init__.py:397: in __getattr__
    raise AttributeError(__former_attrs__[attr], name=None)
E   AttributeError: module 'numpy' has no attribute 'float'.
E   `np.float` was a deprecated alias for the builtin `float`. To avoid this error in existing code, use `float` by itself. Doing this will not modify any behavior and is safe. If you specifically wanted the numpy scalar type, use `np.float64` here.
E   The aliases was originally deprecated in NumPy 1.20; for more details and guidance see the original release note at:
E       https://numpy.org/devdocs/release/1.20.0-notes.html#deprecations
______________________ test_randomperspective_fill[RGB-8] ______________________
../publishablew/vision/vision/test/test_transforms.py:1911: in test_randomperspective_fill
    tr_img = perspective(img_conv)
../publishablew/vision/vision/venv/lib/python3.11/site-packages/torch/nn/modules/module.py:1736: in _wrapped_call_impl
    return self._call_impl(*args, **kwargs)
../publishablew/vision/vision/venv/lib/python3.11/site-packages/torch/nn/modules/module.py:1747: in _call_impl
    return forward_call(*args, **kwargs)
../publishablew/vision/vision/torchvision/transforms/transforms.py:805: in forward
    return F.perspective(img, startpoints, endpoints, self.interpolation, fill)
../publishablew/vision/vision/torchvision/transforms/functional.py:573: in perspective
    return perspective(img, startpoints, endpoints, interpolation, fill)
../publishablew/vision/vision/torchvision/transforms/temp.py:35: in perspective
    coeffs = _get_perspective_coeffs(startpoints, endpoints)
../publishablew/vision/vision/torchvision/transforms/temp.py:25: in _get_perspective_coeffs
    A = np.matrix(matrix, dtype=np.float)
../publishablew/vision/vision/venv/lib/python3.11/site-packages/numpy/__init__.py:397: in __getattr__
    raise AttributeError(__former_attrs__[attr], name=None)
E   AttributeError: module 'numpy' has no attribute 'float'.
E   `np.float` was a deprecated alias for the builtin `float`. To avoid this error in existing code, use `float` by itself. Doing this will not modify any behavior and is safe. If you specifically wanted the numpy scalar type, use `np.float64` here.
E   The aliases was originally deprecated in NumPy 1.20; for more details and guidance see the original release note at:
E       https://numpy.org/devdocs/release/1.20.0-notes.html#deprecations
______________________ test_randomperspective_fill[RGB-9] ______________________
../publishablew/vision/vision/test/test_transforms.py:1911: in test_randomperspective_fill
    tr_img = perspective(img_conv)
../publishablew/vision/vision/venv/lib/python3.11/site-packages/torch/nn/modules/module.py:1736: in _wrapped_call_impl
    return self._call_impl(*args, **kwargs)
../publishablew/vision/vision/venv/lib/python3.11/site-packages/torch/nn/modules/module.py:1747: in _call_impl
    return forward_call(*args, **kwargs)
../publishablew/vision/vision/torchvision/transforms/transforms.py:805: in forward
    return F.perspective(img, startpoints, endpoints, self.interpolation, fill)
../publishablew/vision/vision/torchvision/transforms/functional.py:573: in perspective
    return perspective(img, startpoints, endpoints, interpolation, fill)
../publishablew/vision/vision/torchvision/transforms/temp.py:35: in perspective
    coeffs = _get_perspective_coeffs(startpoints, endpoints)
../publishablew/vision/vision/torchvision/transforms/temp.py:25: in _get_perspective_coeffs
    A = np.matrix(matrix, dtype=np.float)
../publishablew/vision/vision/venv/lib/python3.11/site-packages/numpy/__init__.py:397: in __getattr__
    raise AttributeError(__former_attrs__[attr], name=None)
E   AttributeError: module 'numpy' has no attribute 'float'.
E   `np.float` was a deprecated alias for the builtin `float`. To avoid this error in existing code, use `float` by itself. Doing this will not modify any behavior and is safe. If you specifically wanted the numpy scalar type, use `np.float64` here.
E   The aliases was originally deprecated in NumPy 1.20; for more details and guidance see the original release note at:
E       https://numpy.org/devdocs/release/1.20.0-notes.html#deprecations
_______________________ test_randomperspective_fill[F-0] _______________________
../publishablew/vision/vision/test/test_transforms.py:1911: in test_randomperspective_fill
    tr_img = perspective(img_conv)
../publishablew/vision/vision/venv/lib/python3.11/site-packages/torch/nn/modules/module.py:1736: in _wrapped_call_impl
    return self._call_impl(*args, **kwargs)
../publishablew/vision/vision/venv/lib/python3.11/site-packages/torch/nn/modules/module.py:1747: in _call_impl
    return forward_call(*args, **kwargs)
../publishablew/vision/vision/torchvision/transforms/transforms.py:805: in forward
    return F.perspective(img, startpoints, endpoints, self.interpolation, fill)
../publishablew/vision/vision/torchvision/transforms/functional.py:573: in perspective
    return perspective(img, startpoints, endpoints, interpolation, fill)
../publishablew/vision/vision/torchvision/transforms/temp.py:35: in perspective
    coeffs = _get_perspective_coeffs(startpoints, endpoints)
../publishablew/vision/vision/torchvision/transforms/temp.py:25: in _get_perspective_coeffs
    A = np.matrix(matrix, dtype=np.float)
../publishablew/vision/vision/venv/lib/python3.11/site-packages/numpy/__init__.py:397: in __getattr__
    raise AttributeError(__former_attrs__[attr], name=None)
E   AttributeError: module 'numpy' has no attribute 'float'.
E   `np.float` was a deprecated alias for the builtin `float`. To avoid this error in existing code, use `float` by itself. Doing this will not modify any behavior and is safe. If you specifically wanted the numpy scalar type, use `np.float64` here.
E   The aliases was originally deprecated in NumPy 1.20; for more details and guidance see the original release note at:
E       https://numpy.org/devdocs/release/1.20.0-notes.html#deprecations
_______________________ test_randomperspective_fill[F-1] _______________________
../publishablew/vision/vision/test/test_transforms.py:1911: in test_randomperspective_fill
    tr_img = perspective(img_conv)
../publishablew/vision/vision/venv/lib/python3.11/site-packages/torch/nn/modules/module.py:1736: in _wrapped_call_impl
    return self._call_impl(*args, **kwargs)
../publishablew/vision/vision/venv/lib/python3.11/site-packages/torch/nn/modules/module.py:1747: in _call_impl
    return forward_call(*args, **kwargs)
../publishablew/vision/vision/torchvision/transforms/transforms.py:805: in forward
    return F.perspective(img, startpoints, endpoints, self.interpolation, fill)
../publishablew/vision/vision/torchvision/transforms/functional.py:573: in perspective
    return perspective(img, startpoints, endpoints, interpolation, fill)
../publishablew/vision/vision/torchvision/transforms/temp.py:35: in perspective
    coeffs = _get_perspective_coeffs(startpoints, endpoints)
../publishablew/vision/vision/torchvision/transforms/temp.py:25: in _get_perspective_coeffs
    A = np.matrix(matrix, dtype=np.float)
../publishablew/vision/vision/venv/lib/python3.11/site-packages/numpy/__init__.py:397: in __getattr__
    raise AttributeError(__former_attrs__[attr], name=None)
E   AttributeError: module 'numpy' has no attribute 'float'.
E   `np.float` was a deprecated alias for the builtin `float`. To avoid this error in existing code, use `float` by itself. Doing this will not modify any behavior and is safe. If you specifically wanted the numpy scalar type, use `np.float64` here.
E   The aliases was originally deprecated in NumPy 1.20; for more details and guidance see the original release note at:
E       https://numpy.org/devdocs/release/1.20.0-notes.html#deprecations
_______________________ test_randomperspective_fill[F-2] _______________________
../publishablew/vision/vision/test/test_transforms.py:1911: in test_randomperspective_fill
    tr_img = perspective(img_conv)
../publishablew/vision/vision/venv/lib/python3.11/site-packages/torch/nn/modules/module.py:1736: in _wrapped_call_impl
    return self._call_impl(*args, **kwargs)
../publishablew/vision/vision/venv/lib/python3.11/site-packages/torch/nn/modules/module.py:1747: in _call_impl
    return forward_call(*args, **kwargs)
../publishablew/vision/vision/torchvision/transforms/transforms.py:805: in forward
    return F.perspective(img, startpoints, endpoints, self.interpolation, fill)
../publishablew/vision/vision/torchvision/transforms/functional.py:573: in perspective
    return perspective(img, startpoints, endpoints, interpolation, fill)
../publishablew/vision/vision/torchvision/transforms/temp.py:35: in perspective
    coeffs = _get_perspective_coeffs(startpoints, endpoints)
../publishablew/vision/vision/torchvision/transforms/temp.py:25: in _get_perspective_coeffs
    A = np.matrix(matrix, dtype=np.float)
../publishablew/vision/vision/venv/lib/python3.11/site-packages/numpy/__init__.py:397: in __getattr__
    raise AttributeError(__former_attrs__[attr], name=None)
E   AttributeError: module 'numpy' has no attribute 'float'.
E   `np.float` was a deprecated alias for the builtin `float`. To avoid this error in existing code, use `float` by itself. Doing this will not modify any behavior and is safe. If you specifically wanted the numpy scalar type, use `np.float64` here.
E   The aliases was originally deprecated in NumPy 1.20; for more details and guidance see the original release note at:
E       https://numpy.org/devdocs/release/1.20.0-notes.html#deprecations
_______________________ test_randomperspective_fill[F-3] _______________________
../publishablew/vision/vision/test/test_transforms.py:1911: in test_randomperspective_fill
    tr_img = perspective(img_conv)
../publishablew/vision/vision/venv/lib/python3.11/site-packages/torch/nn/modules/module.py:1736: in _wrapped_call_impl
    return self._call_impl(*args, **kwargs)
../publishablew/vision/vision/venv/lib/python3.11/site-packages/torch/nn/modules/module.py:1747: in _call_impl
    return forward_call(*args, **kwargs)
../publishablew/vision/vision/torchvision/transforms/transforms.py:805: in forward
    return F.perspective(img, startpoints, endpoints, self.interpolation, fill)
../publishablew/vision/vision/torchvision/transforms/functional.py:573: in perspective
    return perspective(img, startpoints, endpoints, interpolation, fill)
../publishablew/vision/vision/torchvision/transforms/temp.py:35: in perspective
    coeffs = _get_perspective_coeffs(startpoints, endpoints)
../publishablew/vision/vision/torchvision/transforms/temp.py:25: in _get_perspective_coeffs
    A = np.matrix(matrix, dtype=np.float)
../publishablew/vision/vision/venv/lib/python3.11/site-packages/numpy/__init__.py:397: in __getattr__
    raise AttributeError(__former_attrs__[attr], name=None)
E   AttributeError: module 'numpy' has no attribute 'float'.
E   `np.float` was a deprecated alias for the builtin `float`. To avoid this error in existing code, use `float` by itself. Doing this will not modify any behavior and is safe. If you specifically wanted the numpy scalar type, use `np.float64` here.
E   The aliases was originally deprecated in NumPy 1.20; for more details and guidance see the original release note at:
E       https://numpy.org/devdocs/release/1.20.0-notes.html#deprecations
_______________________ test_randomperspective_fill[F-4] _______________________
../publishablew/vision/vision/test/test_transforms.py:1911: in test_randomperspective_fill
    tr_img = perspective(img_conv)
../publishablew/vision/vision/venv/lib/python3.11/site-packages/torch/nn/modules/module.py:1736: in _wrapped_call_impl
    return self._call_impl(*args, **kwargs)
../publishablew/vision/vision/venv/lib/python3.11/site-packages/torch/nn/modules/module.py:1747: in _call_impl
    return forward_call(*args, **kwargs)
../publishablew/vision/vision/torchvision/transforms/transforms.py:805: in forward
    return F.perspective(img, startpoints, endpoints, self.interpolation, fill)
../publishablew/vision/vision/torchvision/transforms/functional.py:573: in perspective
    return perspective(img, startpoints, endpoints, interpolation, fill)
../publishablew/vision/vision/torchvision/transforms/temp.py:35: in perspective
    coeffs = _get_perspective_coeffs(startpoints, endpoints)
../publishablew/vision/vision/torchvision/transforms/temp.py:25: in _get_perspective_coeffs
    A = np.matrix(matrix, dtype=np.float)
../publishablew/vision/vision/venv/lib/python3.11/site-packages/numpy/__init__.py:397: in __getattr__
    raise AttributeError(__former_attrs__[attr], name=None)
E   AttributeError: module 'numpy' has no attribute 'float'.
E   `np.float` was a deprecated alias for the builtin `float`. To avoid this error in existing code, use `float` by itself. Doing this will not modify any behavior and is safe. If you specifically wanted the numpy scalar type, use `np.float64` here.
E   The aliases was originally deprecated in NumPy 1.20; for more details and guidance see the original release note at:
E       https://numpy.org/devdocs/release/1.20.0-notes.html#deprecations
_______________________ test_randomperspective_fill[F-5] _______________________
../publishablew/vision/vision/test/test_transforms.py:1911: in test_randomperspective_fill
    tr_img = perspective(img_conv)
../publishablew/vision/vision/venv/lib/python3.11/site-packages/torch/nn/modules/module.py:1736: in _wrapped_call_impl
    return self._call_impl(*args, **kwargs)
../publishablew/vision/vision/venv/lib/python3.11/site-packages/torch/nn/modules/module.py:1747: in _call_impl
    return forward_call(*args, **kwargs)
../publishablew/vision/vision/torchvision/transforms/transforms.py:805: in forward
    return F.perspective(img, startpoints, endpoints, self.interpolation, fill)
../publishablew/vision/vision/torchvision/transforms/functional.py:573: in perspective
    return perspective(img, startpoints, endpoints, interpolation, fill)
../publishablew/vision/vision/torchvision/transforms/temp.py:35: in perspective
    coeffs = _get_perspective_coeffs(startpoints, endpoints)
../publishablew/vision/vision/torchvision/transforms/temp.py:25: in _get_perspective_coeffs
    A = np.matrix(matrix, dtype=np.float)
../publishablew/vision/vision/venv/lib/python3.11/site-packages/numpy/__init__.py:397: in __getattr__
    raise AttributeError(__former_attrs__[attr], name=None)
E   AttributeError: module 'numpy' has no attribute 'float'.
E   `np.float` was a deprecated alias for the builtin `float`. To avoid this error in existing code, use `float` by itself. Doing this will not modify any behavior and is safe. If you specifically wanted the numpy scalar type, use `np.float64` here.
E   The aliases was originally deprecated in NumPy 1.20; for more details and guidance see the original release note at:
E       https://numpy.org/devdocs/release/1.20.0-notes.html#deprecations
_______________________ test_randomperspective_fill[F-6] _______________________
../publishablew/vision/vision/test/test_transforms.py:1911: in test_randomperspective_fill
    tr_img = perspective(img_conv)
../publishablew/vision/vision/venv/lib/python3.11/site-packages/torch/nn/modules/module.py:1736: in _wrapped_call_impl
    return self._call_impl(*args, **kwargs)
../publishablew/vision/vision/venv/lib/python3.11/site-packages/torch/nn/modules/module.py:1747: in _call_impl
    return forward_call(*args, **kwargs)
../publishablew/vision/vision/torchvision/transforms/transforms.py:805: in forward
    return F.perspective(img, startpoints, endpoints, self.interpolation, fill)
../publishablew/vision/vision/torchvision/transforms/functional.py:573: in perspective
    return perspective(img, startpoints, endpoints, interpolation, fill)
../publishablew/vision/vision/torchvision/transforms/temp.py:35: in perspective
    coeffs = _get_perspective_coeffs(startpoints, endpoints)
../publishablew/vision/vision/torchvision/transforms/temp.py:25: in _get_perspective_coeffs
    A = np.matrix(matrix, dtype=np.float)
../publishablew/vision/vision/venv/lib/python3.11/site-packages/numpy/__init__.py:397: in __getattr__
    raise AttributeError(__former_attrs__[attr], name=None)
E   AttributeError: module 'numpy' has no attribute 'float'.
E   `np.float` was a deprecated alias for the builtin `float`. To avoid this error in existing code, use `float` by itself. Doing this will not modify any behavior and is safe. If you specifically wanted the numpy scalar type, use `np.float64` here.
E   The aliases was originally deprecated in NumPy 1.20; for more details and guidance see the original release note at:
E       https://numpy.org/devdocs/release/1.20.0-notes.html#deprecations
_______________________ test_randomperspective_fill[F-7] _______________________
../publishablew/vision/vision/test/test_transforms.py:1911: in test_randomperspective_fill
    tr_img = perspective(img_conv)
../publishablew/vision/vision/venv/lib/python3.11/site-packages/torch/nn/modules/module.py:1736: in _wrapped_call_impl
    return self._call_impl(*args, **kwargs)
../publishablew/vision/vision/venv/lib/python3.11/site-packages/torch/nn/modules/module.py:1747: in _call_impl
    return forward_call(*args, **kwargs)
../publishablew/vision/vision/torchvision/transforms/transforms.py:805: in forward
    return F.perspective(img, startpoints, endpoints, self.interpolation, fill)
../publishablew/vision/vision/torchvision/transforms/functional.py:573: in perspective
    return perspective(img, startpoints, endpoints, interpolation, fill)
../publishablew/vision/vision/torchvision/transforms/temp.py:35: in perspective
    coeffs = _get_perspective_coeffs(startpoints, endpoints)
../publishablew/vision/vision/torchvision/transforms/temp.py:25: in _get_perspective_coeffs
    A = np.matrix(matrix, dtype=np.float)
../publishablew/vision/vision/venv/lib/python3.11/site-packages/numpy/__init__.py:397: in __getattr__
    raise AttributeError(__former_attrs__[attr], name=None)
E   AttributeError: module 'numpy' has no attribute 'float'.
E   `np.float` was a deprecated alias for the builtin `float`. To avoid this error in existing code, use `float` by itself. Doing this will not modify any behavior and is safe. If you specifically wanted the numpy scalar type, use `np.float64` here.
E   The aliases was originally deprecated in NumPy 1.20; for more details and guidance see the original release note at:
E       https://numpy.org/devdocs/release/1.20.0-notes.html#deprecations
_______________________ test_randomperspective_fill[F-8] _______________________
../publishablew/vision/vision/test/test_transforms.py:1911: in test_randomperspective_fill
    tr_img = perspective(img_conv)
../publishablew/vision/vision/venv/lib/python3.11/site-packages/torch/nn/modules/module.py:1736: in _wrapped_call_impl
    return self._call_impl(*args, **kwargs)
../publishablew/vision/vision/venv/lib/python3.11/site-packages/torch/nn/modules/module.py:1747: in _call_impl
    return forward_call(*args, **kwargs)
../publishablew/vision/vision/torchvision/transforms/transforms.py:805: in forward
    return F.perspective(img, startpoints, endpoints, self.interpolation, fill)
../publishablew/vision/vision/torchvision/transforms/functional.py:573: in perspective
    return perspective(img, startpoints, endpoints, interpolation, fill)
../publishablew/vision/vision/torchvision/transforms/temp.py:35: in perspective
    coeffs = _get_perspective_coeffs(startpoints, endpoints)
../publishablew/vision/vision/torchvision/transforms/temp.py:25: in _get_perspective_coeffs
    A = np.matrix(matrix, dtype=np.float)
../publishablew/vision/vision/venv/lib/python3.11/site-packages/numpy/__init__.py:397: in __getattr__
    raise AttributeError(__former_attrs__[attr], name=None)
E   AttributeError: module 'numpy' has no attribute 'float'.
E   `np.float` was a deprecated alias for the builtin `float`. To avoid this error in existing code, use `float` by itself. Doing this will not modify any behavior and is safe. If you specifically wanted the numpy scalar type, use `np.float64` here.
E   The aliases was originally deprecated in NumPy 1.20; for more details and guidance see the original release note at:
E       https://numpy.org/devdocs/release/1.20.0-notes.html#deprecations
_______________________ test_randomperspective_fill[F-9] _______________________
../publishablew/vision/vision/test/test_transforms.py:1911: in test_randomperspective_fill
    tr_img = perspective(img_conv)
../publishablew/vision/vision/venv/lib/python3.11/site-packages/torch/nn/modules/module.py:1736: in _wrapped_call_impl
    return self._call_impl(*args, **kwargs)
../publishablew/vision/vision/venv/lib/python3.11/site-packages/torch/nn/modules/module.py:1747: in _call_impl
    return forward_call(*args, **kwargs)
../publishablew/vision/vision/torchvision/transforms/transforms.py:805: in forward
    return F.perspective(img, startpoints, endpoints, self.interpolation, fill)
../publishablew/vision/vision/torchvision/transforms/functional.py:573: in perspective
    return perspective(img, startpoints, endpoints, interpolation, fill)
../publishablew/vision/vision/torchvision/transforms/temp.py:35: in perspective
    coeffs = _get_perspective_coeffs(startpoints, endpoints)
../publishablew/vision/vision/torchvision/transforms/temp.py:25: in _get_perspective_coeffs
    A = np.matrix(matrix, dtype=np.float)
../publishablew/vision/vision/venv/lib/python3.11/site-packages/numpy/__init__.py:397: in __getattr__
    raise AttributeError(__former_attrs__[attr], name=None)
E   AttributeError: module 'numpy' has no attribute 'float'.
E   `np.float` was a deprecated alias for the builtin `float`. To avoid this error in existing code, use `float` by itself. Doing this will not modify any behavior and is safe. If you specifically wanted the numpy scalar type, use `np.float64` here.
E   The aliases was originally deprecated in NumPy 1.20; for more details and guidance see the original release note at:
E       https://numpy.org/devdocs/release/1.20.0-notes.html#deprecations
=========================== short test summary info ============================
FAILED ../publishablew/vision/vision/test/test_transforms.py::test_randomperspective_fill[L-0]
FAILED ../publishablew/vision/vision/test/test_transforms.py::test_randomperspective_fill[L-1]
FAILED ../publishablew/vision/vision/test/test_transforms.py::test_randomperspective_fill[L-2]
FAILED ../publishablew/vision/vision/test/test_transforms.py::test_randomperspective_fill[L-3]
FAILED ../publishablew/vision/vision/test/test_transforms.py::test_randomperspective_fill[L-4]
FAILED ../publishablew/vision/vision/test/test_transforms.py::test_randomperspective_fill[L-5]
FAILED ../publishablew/vision/vision/test/test_transforms.py::test_randomperspective_fill[L-6]
FAILED ../publishablew/vision/vision/test/test_transforms.py::test_randomperspective_fill[L-7]
FAILED ../publishablew/vision/vision/test/test_transforms.py::test_randomperspective_fill[L-8]
FAILED ../publishablew/vision/vision/test/test_transforms.py::test_randomperspective_fill[L-9]
FAILED ../publishablew/vision/vision/test/test_transforms.py::test_randomperspective_fill[RGB-0]
FAILED ../publishablew/vision/vision/test/test_transforms.py::test_randomperspective_fill[RGB-1]
FAILED ../publishablew/vision/vision/test/test_transforms.py::test_randomperspective_fill[RGB-2]
FAILED ../publishablew/vision/vision/test/test_transforms.py::test_randomperspective_fill[RGB-3]
FAILED ../publishablew/vision/vision/test/test_transforms.py::test_randomperspective_fill[RGB-4]
FAILED ../publishablew/vision/vision/test/test_transforms.py::test_randomperspective_fill[RGB-5]
FAILED ../publishablew/vision/vision/test/test_transforms.py::test_randomperspective_fill[RGB-6]
FAILED ../publishablew/vision/vision/test/test_transforms.py::test_randomperspective_fill[RGB-7]
FAILED ../publishablew/vision/vision/test/test_transforms.py::test_randomperspective_fill[RGB-8]
FAILED ../publishablew/vision/vision/test/test_transforms.py::test_randomperspective_fill[RGB-9]
FAILED ../publishablew/vision/vision/test/test_transforms.py::test_randomperspective_fill[F-0]
FAILED ../publishablew/vision/vision/test/test_transforms.py::test_randomperspective_fill[F-1]
FAILED ../publishablew/vision/vision/test/test_transforms.py::test_randomperspective_fill[F-2]
FAILED ../publishablew/vision/vision/test/test_transforms.py::test_randomperspective_fill[F-3]
FAILED ../publishablew/vision/vision/test/test_transforms.py::test_randomperspective_fill[F-4]
FAILED ../publishablew/vision/vision/test/test_transforms.py::test_randomperspective_fill[F-5]
FAILED ../publishablew/vision/vision/test/test_transforms.py::test_randomperspective_fill[F-6]
FAILED ../publishablew/vision/vision/test/test_transforms.py::test_randomperspective_fill[F-7]
FAILED ../publishablew/vision/vision/test/test_transforms.py::test_randomperspective_fill[F-8]
FAILED ../publishablew/vision/vision/test/test_transforms.py::test_randomperspective_fill[F-9]
============================== 30 failed in 3.83s ==============================


Final Test Result:
============================= test session starts ==============================
platform linux -- Python 3.11.10, pytest-8.3.4, pluggy-1.5.0 -- /local/data0/moved_data/publishablew/vision/vision/venv/bin/python
cachedir: .pytest_cache
rootdir: /local/data0/moved_data/publishablew/vision/vision
configfile: pytest.ini
plugins: mock-3.14.0
collecting ... collected 30 items

../publishablew/vision/vision/test/test_transforms.py::test_randomperspective_fill[L-0] PASSED
../publishablew/vision/vision/test/test_transforms.py::test_randomperspective_fill[L-1] PASSED
../publishablew/vision/vision/test/test_transforms.py::test_randomperspective_fill[L-2] PASSED
../publishablew/vision/vision/test/test_transforms.py::test_randomperspective_fill[L-3] PASSED
../publishablew/vision/vision/test/test_transforms.py::test_randomperspective_fill[L-4] PASSED
../publishablew/vision/vision/test/test_transforms.py::test_randomperspective_fill[L-5] PASSED
../publishablew/vision/vision/test/test_transforms.py::test_randomperspective_fill[L-6] PASSED
../publishablew/vision/vision/test/test_transforms.py::test_randomperspective_fill[L-7] PASSED
../publishablew/vision/vision/test/test_transforms.py::test_randomperspective_fill[L-8] PASSED
../publishablew/vision/vision/test/test_transforms.py::test_randomperspective_fill[L-9] PASSED
../publishablew/vision/vision/test/test_transforms.py::test_randomperspective_fill[RGB-0] PASSED
../publishablew/vision/vision/test/test_transforms.py::test_randomperspective_fill[RGB-1] PASSED
../publishablew/vision/vision/test/test_transforms.py::test_randomperspective_fill[RGB-2] PASSED
../publishablew/vision/vision/test/test_transforms.py::test_randomperspective_fill[RGB-3] PASSED
../publishablew/vision/vision/test/test_transforms.py::test_randomperspective_fill[RGB-4] PASSED
../publishablew/vision/vision/test/test_transforms.py::test_randomperspective_fill[RGB-5] PASSED
../publishablew/vision/vision/test/test_transforms.py::test_randomperspective_fill[RGB-6] PASSED
../publishablew/vision/vision/test/test_transforms.py::test_randomperspective_fill[RGB-7] PASSED
../publishablew/vision/vision/test/test_transforms.py::test_randomperspective_fill[RGB-8] PASSED
../publishablew/vision/vision/test/test_transforms.py::test_randomperspective_fill[RGB-9] PASSED
../publishablew/vision/vision/test/test_transforms.py::test_randomperspective_fill[F-0] PASSED
../publishablew/vision/vision/test/test_transforms.py::test_randomperspective_fill[F-1] PASSED
../publishablew/vision/vision/test/test_transforms.py::test_randomperspective_fill[F-2] PASSED
../publishablew/vision/vision/test/test_transforms.py::test_randomperspective_fill[F-3] PASSED
../publishablew/vision/vision/test/test_transforms.py::test_randomperspective_fill[F-4] PASSED
../publishablew/vision/vision/test/test_transforms.py::test_randomperspective_fill[F-5] PASSED
../publishablew/vision/vision/test/test_transforms.py::test_randomperspective_fill[F-6] PASSED
../publishablew/vision/vision/test/test_transforms.py::test_randomperspective_fill[F-7] PASSED
../publishablew/vision/vision/test/test_transforms.py::test_randomperspective_fill[F-8] PASSED
../publishablew/vision/vision/test/test_transforms.py::test_randomperspective_fill[F-9] PASSED

============================== 30 passed in 0.42s ==============================


Initial Result:
============================= test session starts ==============================
platform linux -- Python 3.11.10, pytest-8.3.4, pluggy-1.5.0 -- /local/data0/moved_data/publishablew/vision/vision/venv/bin/python
cachedir: .pytest_cache
rootdir: /local/data0/moved_data/publishablew/vision/vision
configfile: pytest.ini
plugins: mock-3.14.0
collecting ... collected 30 items

../publishablew/vision/vision/test/test_transforms.py::test_randomperspective_fill[L-0] PASSED
../publishablew/vision/vision/test/test_transforms.py::test_randomperspective_fill[L-1] PASSED
../publishablew/vision/vision/test/test_transforms.py::test_randomperspective_fill[L-2] PASSED
../publishablew/vision/vision/test/test_transforms.py::test_randomperspective_fill[L-3] PASSED
../publishablew/vision/vision/test/test_transforms.py::test_randomperspective_fill[L-4] PASSED
../publishablew/vision/vision/test/test_transforms.py::test_randomperspective_fill[L-5] PASSED
../publishablew/vision/vision/test/test_transforms.py::test_randomperspective_fill[L-6] PASSED
../publishablew/vision/vision/test/test_transforms.py::test_randomperspective_fill[L-7] PASSED
../publishablew/vision/vision/test/test_transforms.py::test_randomperspective_fill[L-8] PASSED
../publishablew/vision/vision/test/test_transforms.py::test_randomperspective_fill[L-9] PASSED
../publishablew/vision/vision/test/test_transforms.py::test_randomperspective_fill[RGB-0] PASSED
../publishablew/vision/vision/test/test_transforms.py::test_randomperspective_fill[RGB-1] PASSED
../publishablew/vision/vision/test/test_transforms.py::test_randomperspective_fill[RGB-2] PASSED
../publishablew/vision/vision/test/test_transforms.py::test_randomperspective_fill[RGB-3] PASSED
../publishablew/vision/vision/test/test_transforms.py::test_randomperspective_fill[RGB-4] PASSED
../publishablew/vision/vision/test/test_transforms.py::test_randomperspective_fill[RGB-5] PASSED
../publishablew/vision/vision/test/test_transforms.py::test_randomperspective_fill[RGB-6] PASSED
../publishablew/vision/vision/test/test_transforms.py::test_randomperspective_fill[RGB-7] PASSED
../publishablew/vision/vision/test/test_transforms.py::test_randomperspective_fill[RGB-8] PASSED
../publishablew/vision/vision/test/test_transforms.py::test_randomperspective_fill[RGB-9] PASSED
../publishablew/vision/vision/test/test_transforms.py::test_randomperspective_fill[F-0] PASSED
../publishablew/vision/vision/test/test_transforms.py::test_randomperspective_fill[F-1] PASSED
../publishablew/vision/vision/test/test_transforms.py::test_randomperspective_fill[F-2] PASSED
../publishablew/vision/vision/test/test_transforms.py::test_randomperspective_fill[F-3] PASSED
../publishablew/vision/vision/test/test_transforms.py::test_randomperspective_fill[F-4] PASSED
../publishablew/vision/vision/test/test_transforms.py::test_randomperspective_fill[F-5] PASSED
../publishablew/vision/vision/test/test_transforms.py::test_randomperspective_fill[F-6] PASSED
../publishablew/vision/vision/test/test_transforms.py::test_randomperspective_fill[F-7] PASSED
../publishablew/vision/vision/test/test_transforms.py::test_randomperspective_fill[F-8] PASSED
../publishablew/vision/vision/test/test_transforms.py::test_randomperspective_fill[F-9] PASSED

============================== 30 passed in 0.42s ==============================
