output file:
processed_visionsave_image167.json
function:
save_image
Error Cases:

Pass or Failed: 0

Related Failed Test Cases:
{'../publishablew/vision/vision/test/test_utils.py::test_save_image FAILED', '../publishablew/vision/vision/test/test_utils.py::test_save_image_single_pixel_file_object FAILED', 'FAILED ../publishablew/vision/vision/test/test_utils.py::test_save_image_file_object', 'FAILED ../publishablew/vision/vision/test/test_utils.py::test_save_image_single_pixel', '../publishablew/vision/vision/test/test_utils.py::test_save_image_single_pixel FAILED', '../publishablew/vision/vision/test/test_utils.py::test_save_image_file_object FAILED', 'FAILED ../publishablew/vision/vision/test/test_utils.py::test_save_image - Ty...', 'FAILED ../publishablew/vision/vision/test/test_utils.py::test_save_image_single_pixel_file_object'}

All Test Cases On Generated code:
============================= test session starts ==============================
platform linux -- Python 3.11.10, pytest-8.3.4, pluggy-1.5.0 -- /local/data0/moved_data/publishablew/vision/vision/venv/bin/python
cachedir: .pytest_cache
rootdir: /local/data0/moved_data/publishablew/vision/vision
configfile: pytest.ini
plugins: mock-3.14.0
collecting ... collected 92 items

../publishablew/vision/vision/test/test_utils.py::test_make_grid_not_inplace PASSED
../publishablew/vision/vision/test/test_utils.py::test_normalize_in_make_grid PASSED
../publishablew/vision/vision/test/test_utils.py::test_save_image FAILED
../publishablew/vision/vision/test/test_utils.py::test_save_image_single_pixel FAILED
../publishablew/vision/vision/test/test_utils.py::test_save_image_file_object FAILED
../publishablew/vision/vision/test/test_utils.py::test_save_image_single_pixel_file_object FAILED
../publishablew/vision/vision/test/test_utils.py::test_draw_boxes PASSED
../publishablew/vision/vision/test/test_utils.py::test_draw_boxes_with_coloured_labels PASSED
../publishablew/vision/vision/test/test_utils.py::test_draw_boxes_dtypes[True] PASSED
../publishablew/vision/vision/test/test_utils.py::test_draw_boxes_dtypes[False] PASSED
../publishablew/vision/vision/test/test_utils.py::test_draw_boxes_colors[None] PASSED
../publishablew/vision/vision/test/test_utils.py::test_draw_boxes_colors[colors1] PASSED
../publishablew/vision/vision/test/test_utils.py::test_draw_boxes_colors[red] PASSED
../publishablew/vision/vision/test/test_utils.py::test_draw_boxes_colors[#FF00FF] PASSED
../publishablew/vision/vision/test/test_utils.py::test_draw_boxes_colors[colors4] PASSED
../publishablew/vision/vision/test/test_utils.py::test_draw_boxes_vanilla PASSED
../publishablew/vision/vision/test/test_utils.py::test_draw_boxes_grayscale PASSED
../publishablew/vision/vision/test/test_utils.py::test_draw_invalid_boxes PASSED
../publishablew/vision/vision/test/test_utils.py::test_draw_boxes_warning PASSED
../publishablew/vision/vision/test/test_utils.py::test_draw_no_boxes PASSED
../publishablew/vision/vision/test/test_utils.py::test_draw_segmentation_masks[cpu-0-None] PASSED
../publishablew/vision/vision/test/test_utils.py::test_draw_segmentation_masks[cpu-0-blue] PASSED
../publishablew/vision/vision/test/test_utils.py::test_draw_segmentation_masks[cpu-0-#FF00FF] PASSED
../publishablew/vision/vision/test/test_utils.py::test_draw_segmentation_masks[cpu-0-colors3] PASSED
../publishablew/vision/vision/test/test_utils.py::test_draw_segmentation_masks[cpu-0-colors4] PASSED
../publishablew/vision/vision/test/test_utils.py::test_draw_segmentation_masks[cpu-0-colors5] PASSED
../publishablew/vision/vision/test/test_utils.py::test_draw_segmentation_masks[cpu-0.5-None] PASSED
../publishablew/vision/vision/test/test_utils.py::test_draw_segmentation_masks[cpu-0.5-blue] PASSED
../publishablew/vision/vision/test/test_utils.py::test_draw_segmentation_masks[cpu-0.5-#FF00FF] PASSED
../publishablew/vision/vision/test/test_utils.py::test_draw_segmentation_masks[cpu-0.5-colors3] PASSED
../publishablew/vision/vision/test/test_utils.py::test_draw_segmentation_masks[cpu-0.5-colors4] PASSED
../publishablew/vision/vision/test/test_utils.py::test_draw_segmentation_masks[cpu-0.5-colors5] PASSED
../publishablew/vision/vision/test/test_utils.py::test_draw_segmentation_masks[cpu-0.7-None] PASSED
../publishablew/vision/vision/test/test_utils.py::test_draw_segmentation_masks[cpu-0.7-blue] PASSED
../publishablew/vision/vision/test/test_utils.py::test_draw_segmentation_masks[cpu-0.7-#FF00FF] PASSED
../publishablew/vision/vision/test/test_utils.py::test_draw_segmentation_masks[cpu-0.7-colors3] PASSED
../publishablew/vision/vision/test/test_utils.py::test_draw_segmentation_masks[cpu-0.7-colors4] PASSED
../publishablew/vision/vision/test/test_utils.py::test_draw_segmentation_masks[cpu-0.7-colors5] PASSED
../publishablew/vision/vision/test/test_utils.py::test_draw_segmentation_masks[cpu-1-None] PASSED
../publishablew/vision/vision/test/test_utils.py::test_draw_segmentation_masks[cpu-1-blue] PASSED
../publishablew/vision/vision/test/test_utils.py::test_draw_segmentation_masks[cpu-1-#FF00FF] PASSED
../publishablew/vision/vision/test/test_utils.py::test_draw_segmentation_masks[cpu-1-colors3] PASSED
../publishablew/vision/vision/test/test_utils.py::test_draw_segmentation_masks[cpu-1-colors4] PASSED
../publishablew/vision/vision/test/test_utils.py::test_draw_segmentation_masks[cpu-1-colors5] PASSED
../publishablew/vision/vision/test/test_utils.py::test_draw_segmentation_masks[cuda-0-None] PASSED
../publishablew/vision/vision/test/test_utils.py::test_draw_segmentation_masks[cuda-0-blue] PASSED
../publishablew/vision/vision/test/test_utils.py::test_draw_segmentation_masks[cuda-0-#FF00FF] PASSED
../publishablew/vision/vision/test/test_utils.py::test_draw_segmentation_masks[cuda-0-colors3] PASSED
../publishablew/vision/vision/test/test_utils.py::test_draw_segmentation_masks[cuda-0-colors4] PASSED
../publishablew/vision/vision/test/test_utils.py::test_draw_segmentation_masks[cuda-0-colors5] PASSED
../publishablew/vision/vision/test/test_utils.py::test_draw_segmentation_masks[cuda-0.5-None] PASSED
../publishablew/vision/vision/test/test_utils.py::test_draw_segmentation_masks[cuda-0.5-blue] PASSED
../publishablew/vision/vision/test/test_utils.py::test_draw_segmentation_masks[cuda-0.5-#FF00FF] PASSED
../publishablew/vision/vision/test/test_utils.py::test_draw_segmentation_masks[cuda-0.5-colors3] PASSED
../publishablew/vision/vision/test/test_utils.py::test_draw_segmentation_masks[cuda-0.5-colors4] PASSED
../publishablew/vision/vision/test/test_utils.py::test_draw_segmentation_masks[cuda-0.5-colors5] PASSED
../publishablew/vision/vision/test/test_utils.py::test_draw_segmentation_masks[cuda-0.7-None] PASSED
../publishablew/vision/vision/test/test_utils.py::test_draw_segmentation_masks[cuda-0.7-blue] PASSED
../publishablew/vision/vision/test/test_utils.py::test_draw_segmentation_masks[cuda-0.7-#FF00FF] PASSED
../publishablew/vision/vision/test/test_utils.py::test_draw_segmentation_masks[cuda-0.7-colors3] PASSED
../publishablew/vision/vision/test/test_utils.py::test_draw_segmentation_masks[cuda-0.7-colors4] PASSED
../publishablew/vision/vision/test/test_utils.py::test_draw_segmentation_masks[cuda-0.7-colors5] PASSED
../publishablew/vision/vision/test/test_utils.py::test_draw_segmentation_masks[cuda-1-None] PASSED
../publishablew/vision/vision/test/test_utils.py::test_draw_segmentation_masks[cuda-1-blue] PASSED
../publishablew/vision/vision/test/test_utils.py::test_draw_segmentation_masks[cuda-1-#FF00FF] PASSED
../publishablew/vision/vision/test/test_utils.py::test_draw_segmentation_masks[cuda-1-colors3] PASSED
../publishablew/vision/vision/test/test_utils.py::test_draw_segmentation_masks[cuda-1-colors4] PASSED
../publishablew/vision/vision/test/test_utils.py::test_draw_segmentation_masks[cuda-1-colors5] PASSED
../publishablew/vision/vision/test/test_utils.py::test_draw_segmentation_masks_dtypes PASSED
../publishablew/vision/vision/test/test_utils.py::test_draw_segmentation_masks_errors[cpu] PASSED
../publishablew/vision/vision/test/test_utils.py::test_draw_segmentation_masks_errors[cuda] PASSED
../publishablew/vision/vision/test/test_utils.py::test_draw_no_segmention_mask[cpu] PASSED
../publishablew/vision/vision/test/test_utils.py::test_draw_no_segmention_mask[cuda] PASSED
../publishablew/vision/vision/test/test_utils.py::test_draw_keypoints_vanilla PASSED
../publishablew/vision/vision/test/test_utils.py::test_draw_keypoins_K_equals_one PASSED
../publishablew/vision/vision/test/test_utils.py::test_draw_keypoints_colored[red] PASSED
../publishablew/vision/vision/test/test_utils.py::test_draw_keypoints_colored[#FF00FF] PASSED
../publishablew/vision/vision/test/test_utils.py::test_draw_keypoints_colored[colors2] PASSED
../publishablew/vision/vision/test/test_utils.py::test_draw_keypoints_visibility[vis0-connectivity0] PASSED
../publishablew/vision/vision/test/test_utils.py::test_draw_keypoints_visibility[vis0-connectivity1] PASSED
../publishablew/vision/vision/test/test_utils.py::test_draw_keypoints_visibility[vis1-connectivity0] PASSED
../publishablew/vision/vision/test/test_utils.py::test_draw_keypoints_visibility[vis1-connectivity1] PASSED
../publishablew/vision/vision/test/test_utils.py::test_draw_keypoints_visibility_default PASSED
../publishablew/vision/vision/test/test_utils.py::test_draw_keypoints_dtypes PASSED
../publishablew/vision/vision/test/test_utils.py::test_draw_keypoints_errors PASSED
../publishablew/vision/vision/test/test_utils.py::test_flow_to_image[True] PASSED
../publishablew/vision/vision/test/test_utils.py::test_flow_to_image[False] PASSED
../publishablew/vision/vision/test/test_utils.py::test_flow_to_image_errors[input_flow0-Input flow should have shape] PASSED
../publishablew/vision/vision/test/test_utils.py::test_flow_to_image_errors[input_flow1-Input flow should have shape] PASSED
../publishablew/vision/vision/test/test_utils.py::test_flow_to_image_errors[input_flow2-Input flow should have shape] PASSED
../publishablew/vision/vision/test/test_utils.py::test_flow_to_image_errors[input_flow3-Input flow should have shape] PASSED
../publishablew/vision/vision/test/test_utils.py::test_flow_to_image_errors[input_flow4-Flow should be of dtype torch.float] PASSED

=================================== FAILURES ===================================
_______________________________ test_save_image ________________________________
../publishablew/vision/vision/venv/lib/python3.11/site-packages/pillow-11.0.0-py3.11-linux-x86_64.egg/PIL/Image.py:3315: in fromarray
    mode, rawmode = _fromarray_typemap[typekey]
E   KeyError: ((1, 1, 64, 64), '|u1')

The above exception was the direct cause of the following exception:
../publishablew/vision/vision/test/test_utils.py:60: in test_save_image
    utils.save_image(t, f.name)
../publishablew/vision/vision/venv/lib/python3.11/site-packages/torch/utils/_contextlib.py:116: in decorate_context
    return func(*args, **kwargs)
../publishablew/vision/vision/torchvision/utils.py:96: in save_image
    return save_image(tensor, fp, format)
../publishablew/vision/vision/torchvision/temp.py:25: in save_image
    image = Image.fromarray(array)
../publishablew/vision/vision/venv/lib/python3.11/site-packages/pillow-11.0.0-py3.11-linux-x86_64.egg/PIL/Image.py:3319: in fromarray
    raise TypeError(msg) from e
E   TypeError: Cannot handle this data type: (1, 1, 64, 64), |u1
_________________________ test_save_image_single_pixel _________________________
../publishablew/vision/vision/venv/lib/python3.11/site-packages/pillow-11.0.0-py3.11-linux-x86_64.egg/PIL/Image.py:3315: in fromarray
    mode, rawmode = _fromarray_typemap[typekey]
E   KeyError: ((1, 1, 1, 1), '|u1')

The above exception was the direct cause of the following exception:
../publishablew/vision/vision/test/test_utils.py:68: in test_save_image_single_pixel
    utils.save_image(t, f.name)
../publishablew/vision/vision/venv/lib/python3.11/site-packages/torch/utils/_contextlib.py:116: in decorate_context
    return func(*args, **kwargs)
../publishablew/vision/vision/torchvision/utils.py:96: in save_image
    return save_image(tensor, fp, format)
../publishablew/vision/vision/torchvision/temp.py:25: in save_image
    image = Image.fromarray(array)
../publishablew/vision/vision/venv/lib/python3.11/site-packages/pillow-11.0.0-py3.11-linux-x86_64.egg/PIL/Image.py:3319: in fromarray
    raise TypeError(msg) from e
E   TypeError: Cannot handle this data type: (1, 1, 1, 1), |u1
_________________________ test_save_image_file_object __________________________
../publishablew/vision/vision/venv/lib/python3.11/site-packages/pillow-11.0.0-py3.11-linux-x86_64.egg/PIL/Image.py:3315: in fromarray
    mode, rawmode = _fromarray_typemap[typekey]
E   KeyError: ((1, 1, 64, 64), '|u1')

The above exception was the direct cause of the following exception:
../publishablew/vision/vision/test/test_utils.py:76: in test_save_image_file_object
    utils.save_image(t, f.name)
../publishablew/vision/vision/venv/lib/python3.11/site-packages/torch/utils/_contextlib.py:116: in decorate_context
    return func(*args, **kwargs)
../publishablew/vision/vision/torchvision/utils.py:96: in save_image
    return save_image(tensor, fp, format)
../publishablew/vision/vision/torchvision/temp.py:25: in save_image
    image = Image.fromarray(array)
../publishablew/vision/vision/venv/lib/python3.11/site-packages/pillow-11.0.0-py3.11-linux-x86_64.egg/PIL/Image.py:3319: in fromarray
    raise TypeError(msg) from e
E   TypeError: Cannot handle this data type: (1, 1, 64, 64), |u1
___________________ test_save_image_single_pixel_file_object ___________________
../publishablew/vision/vision/venv/lib/python3.11/site-packages/pillow-11.0.0-py3.11-linux-x86_64.egg/PIL/Image.py:3315: in fromarray
    mode, rawmode = _fromarray_typemap[typekey]
E   KeyError: ((1, 1, 1, 1), '|u1')

The above exception was the direct cause of the following exception:
../publishablew/vision/vision/test/test_utils.py:88: in test_save_image_single_pixel_file_object
    utils.save_image(t, f.name)
../publishablew/vision/vision/venv/lib/python3.11/site-packages/torch/utils/_contextlib.py:116: in decorate_context
    return func(*args, **kwargs)
../publishablew/vision/vision/torchvision/utils.py:96: in save_image
    return save_image(tensor, fp, format)
../publishablew/vision/vision/torchvision/temp.py:25: in save_image
    image = Image.fromarray(array)
../publishablew/vision/vision/venv/lib/python3.11/site-packages/pillow-11.0.0-py3.11-linux-x86_64.egg/PIL/Image.py:3319: in fromarray
    raise TypeError(msg) from e
E   TypeError: Cannot handle this data type: (1, 1, 1, 1), |u1
=========================== short test summary info ============================
FAILED ../publishablew/vision/vision/test/test_utils.py::test_save_image - Ty...
FAILED ../publishablew/vision/vision/test/test_utils.py::test_save_image_single_pixel
FAILED ../publishablew/vision/vision/test/test_utils.py::test_save_image_file_object
FAILED ../publishablew/vision/vision/test/test_utils.py::test_save_image_single_pixel_file_object
========================= 4 failed, 88 passed in 0.82s =========================


Final Test Result:
============================= test session starts ==============================
platform linux -- Python 3.11.10, pytest-8.3.4, pluggy-1.5.0 -- /local/data0/moved_data/publishablew/vision/vision/venv/bin/python
cachedir: .pytest_cache
rootdir: /local/data0/moved_data/publishablew/vision/vision
configfile: pytest.ini
plugins: mock-3.14.0
collecting ... collected 92 items

../publishablew/vision/vision/test/test_utils.py::test_make_grid_not_inplace PASSED
../publishablew/vision/vision/test/test_utils.py::test_normalize_in_make_grid PASSED
../publishablew/vision/vision/test/test_utils.py::test_save_image PASSED
../publishablew/vision/vision/test/test_utils.py::test_save_image_single_pixel PASSED
../publishablew/vision/vision/test/test_utils.py::test_save_image_file_object PASSED
../publishablew/vision/vision/test/test_utils.py::test_save_image_single_pixel_file_object PASSED
../publishablew/vision/vision/test/test_utils.py::test_draw_boxes PASSED
../publishablew/vision/vision/test/test_utils.py::test_draw_boxes_with_coloured_labels PASSED
../publishablew/vision/vision/test/test_utils.py::test_draw_boxes_dtypes[True] PASSED
../publishablew/vision/vision/test/test_utils.py::test_draw_boxes_dtypes[False] PASSED
../publishablew/vision/vision/test/test_utils.py::test_draw_boxes_colors[None] PASSED
../publishablew/vision/vision/test/test_utils.py::test_draw_boxes_colors[colors1] PASSED
../publishablew/vision/vision/test/test_utils.py::test_draw_boxes_colors[red] PASSED
../publishablew/vision/vision/test/test_utils.py::test_draw_boxes_colors[#FF00FF] PASSED
../publishablew/vision/vision/test/test_utils.py::test_draw_boxes_colors[colors4] PASSED
../publishablew/vision/vision/test/test_utils.py::test_draw_boxes_vanilla PASSED
../publishablew/vision/vision/test/test_utils.py::test_draw_boxes_grayscale PASSED
../publishablew/vision/vision/test/test_utils.py::test_draw_invalid_boxes PASSED
../publishablew/vision/vision/test/test_utils.py::test_draw_boxes_warning PASSED
../publishablew/vision/vision/test/test_utils.py::test_draw_no_boxes PASSED
../publishablew/vision/vision/test/test_utils.py::test_draw_segmentation_masks[cpu-0-None] PASSED
../publishablew/vision/vision/test/test_utils.py::test_draw_segmentation_masks[cpu-0-blue] PASSED
../publishablew/vision/vision/test/test_utils.py::test_draw_segmentation_masks[cpu-0-#FF00FF] PASSED
../publishablew/vision/vision/test/test_utils.py::test_draw_segmentation_masks[cpu-0-colors3] PASSED
../publishablew/vision/vision/test/test_utils.py::test_draw_segmentation_masks[cpu-0-colors4] PASSED
../publishablew/vision/vision/test/test_utils.py::test_draw_segmentation_masks[cpu-0-colors5] PASSED
../publishablew/vision/vision/test/test_utils.py::test_draw_segmentation_masks[cpu-0.5-None] PASSED
../publishablew/vision/vision/test/test_utils.py::test_draw_segmentation_masks[cpu-0.5-blue] PASSED
../publishablew/vision/vision/test/test_utils.py::test_draw_segmentation_masks[cpu-0.5-#FF00FF] PASSED
../publishablew/vision/vision/test/test_utils.py::test_draw_segmentation_masks[cpu-0.5-colors3] PASSED
../publishablew/vision/vision/test/test_utils.py::test_draw_segmentation_masks[cpu-0.5-colors4] PASSED
../publishablew/vision/vision/test/test_utils.py::test_draw_segmentation_masks[cpu-0.5-colors5] PASSED
../publishablew/vision/vision/test/test_utils.py::test_draw_segmentation_masks[cpu-0.7-None] PASSED
../publishablew/vision/vision/test/test_utils.py::test_draw_segmentation_masks[cpu-0.7-blue] PASSED
../publishablew/vision/vision/test/test_utils.py::test_draw_segmentation_masks[cpu-0.7-#FF00FF] PASSED
../publishablew/vision/vision/test/test_utils.py::test_draw_segmentation_masks[cpu-0.7-colors3] PASSED
../publishablew/vision/vision/test/test_utils.py::test_draw_segmentation_masks[cpu-0.7-colors4] PASSED
../publishablew/vision/vision/test/test_utils.py::test_draw_segmentation_masks[cpu-0.7-colors5] PASSED
../publishablew/vision/vision/test/test_utils.py::test_draw_segmentation_masks[cpu-1-None] PASSED
../publishablew/vision/vision/test/test_utils.py::test_draw_segmentation_masks[cpu-1-blue] PASSED
../publishablew/vision/vision/test/test_utils.py::test_draw_segmentation_masks[cpu-1-#FF00FF] PASSED
../publishablew/vision/vision/test/test_utils.py::test_draw_segmentation_masks[cpu-1-colors3] PASSED
../publishablew/vision/vision/test/test_utils.py::test_draw_segmentation_masks[cpu-1-colors4] PASSED
../publishablew/vision/vision/test/test_utils.py::test_draw_segmentation_masks[cpu-1-colors5] PASSED
../publishablew/vision/vision/test/test_utils.py::test_draw_segmentation_masks[cuda-0-None] PASSED
../publishablew/vision/vision/test/test_utils.py::test_draw_segmentation_masks[cuda-0-blue] PASSED
../publishablew/vision/vision/test/test_utils.py::test_draw_segmentation_masks[cuda-0-#FF00FF] PASSED
../publishablew/vision/vision/test/test_utils.py::test_draw_segmentation_masks[cuda-0-colors3] PASSED
../publishablew/vision/vision/test/test_utils.py::test_draw_segmentation_masks[cuda-0-colors4] PASSED
../publishablew/vision/vision/test/test_utils.py::test_draw_segmentation_masks[cuda-0-colors5] PASSED
../publishablew/vision/vision/test/test_utils.py::test_draw_segmentation_masks[cuda-0.5-None] PASSED
../publishablew/vision/vision/test/test_utils.py::test_draw_segmentation_masks[cuda-0.5-blue] PASSED
../publishablew/vision/vision/test/test_utils.py::test_draw_segmentation_masks[cuda-0.5-#FF00FF] PASSED
../publishablew/vision/vision/test/test_utils.py::test_draw_segmentation_masks[cuda-0.5-colors3] PASSED
../publishablew/vision/vision/test/test_utils.py::test_draw_segmentation_masks[cuda-0.5-colors4] PASSED
../publishablew/vision/vision/test/test_utils.py::test_draw_segmentation_masks[cuda-0.5-colors5] PASSED
../publishablew/vision/vision/test/test_utils.py::test_draw_segmentation_masks[cuda-0.7-None] PASSED
../publishablew/vision/vision/test/test_utils.py::test_draw_segmentation_masks[cuda-0.7-blue] PASSED
../publishablew/vision/vision/test/test_utils.py::test_draw_segmentation_masks[cuda-0.7-#FF00FF] PASSED
../publishablew/vision/vision/test/test_utils.py::test_draw_segmentation_masks[cuda-0.7-colors3] PASSED
../publishablew/vision/vision/test/test_utils.py::test_draw_segmentation_masks[cuda-0.7-colors4] PASSED
../publishablew/vision/vision/test/test_utils.py::test_draw_segmentation_masks[cuda-0.7-colors5] PASSED
../publishablew/vision/vision/test/test_utils.py::test_draw_segmentation_masks[cuda-1-None] PASSED
../publishablew/vision/vision/test/test_utils.py::test_draw_segmentation_masks[cuda-1-blue] PASSED
../publishablew/vision/vision/test/test_utils.py::test_draw_segmentation_masks[cuda-1-#FF00FF] PASSED
../publishablew/vision/vision/test/test_utils.py::test_draw_segmentation_masks[cuda-1-colors3] PASSED
../publishablew/vision/vision/test/test_utils.py::test_draw_segmentation_masks[cuda-1-colors4] PASSED
../publishablew/vision/vision/test/test_utils.py::test_draw_segmentation_masks[cuda-1-colors5] PASSED
../publishablew/vision/vision/test/test_utils.py::test_draw_segmentation_masks_dtypes PASSED
../publishablew/vision/vision/test/test_utils.py::test_draw_segmentation_masks_errors[cpu] PASSED
../publishablew/vision/vision/test/test_utils.py::test_draw_segmentation_masks_errors[cuda] PASSED
../publishablew/vision/vision/test/test_utils.py::test_draw_no_segmention_mask[cpu] PASSED
../publishablew/vision/vision/test/test_utils.py::test_draw_no_segmention_mask[cuda] PASSED
../publishablew/vision/vision/test/test_utils.py::test_draw_keypoints_vanilla PASSED
../publishablew/vision/vision/test/test_utils.py::test_draw_keypoins_K_equals_one PASSED
../publishablew/vision/vision/test/test_utils.py::test_draw_keypoints_colored[red] PASSED
../publishablew/vision/vision/test/test_utils.py::test_draw_keypoints_colored[#FF00FF] PASSED
../publishablew/vision/vision/test/test_utils.py::test_draw_keypoints_colored[colors2] PASSED
../publishablew/vision/vision/test/test_utils.py::test_draw_keypoints_visibility[vis0-connectivity0] PASSED
../publishablew/vision/vision/test/test_utils.py::test_draw_keypoints_visibility[vis0-connectivity1] PASSED
../publishablew/vision/vision/test/test_utils.py::test_draw_keypoints_visibility[vis1-connectivity0] PASSED
../publishablew/vision/vision/test/test_utils.py::test_draw_keypoints_visibility[vis1-connectivity1] PASSED
../publishablew/vision/vision/test/test_utils.py::test_draw_keypoints_visibility_default PASSED
../publishablew/vision/vision/test/test_utils.py::test_draw_keypoints_dtypes PASSED
../publishablew/vision/vision/test/test_utils.py::test_draw_keypoints_errors PASSED
../publishablew/vision/vision/test/test_utils.py::test_flow_to_image[True] PASSED
../publishablew/vision/vision/test/test_utils.py::test_flow_to_image[False] PASSED
../publishablew/vision/vision/test/test_utils.py::test_flow_to_image_errors[input_flow0-Input flow should have shape] PASSED
../publishablew/vision/vision/test/test_utils.py::test_flow_to_image_errors[input_flow1-Input flow should have shape] PASSED
../publishablew/vision/vision/test/test_utils.py::test_flow_to_image_errors[input_flow2-Input flow should have shape] PASSED
../publishablew/vision/vision/test/test_utils.py::test_flow_to_image_errors[input_flow3-Input flow should have shape] PASSED
../publishablew/vision/vision/test/test_utils.py::test_flow_to_image_errors[input_flow4-Flow should be of dtype torch.float] PASSED

============================== 92 passed in 0.50s ==============================


Initial Result:
============================= test session starts ==============================
platform linux -- Python 3.11.10, pytest-8.3.4, pluggy-1.5.0 -- /local/data0/moved_data/publishablew/vision/vision/venv/bin/python
cachedir: .pytest_cache
rootdir: /local/data0/moved_data/publishablew/vision/vision
configfile: pytest.ini
plugins: mock-3.14.0
collecting ... collected 92 items

../publishablew/vision/vision/test/test_utils.py::test_make_grid_not_inplace PASSED
../publishablew/vision/vision/test/test_utils.py::test_normalize_in_make_grid PASSED
../publishablew/vision/vision/test/test_utils.py::test_save_image PASSED
../publishablew/vision/vision/test/test_utils.py::test_save_image_single_pixel PASSED
../publishablew/vision/vision/test/test_utils.py::test_save_image_file_object PASSED
../publishablew/vision/vision/test/test_utils.py::test_save_image_single_pixel_file_object PASSED
../publishablew/vision/vision/test/test_utils.py::test_draw_boxes PASSED
../publishablew/vision/vision/test/test_utils.py::test_draw_boxes_with_coloured_labels PASSED
../publishablew/vision/vision/test/test_utils.py::test_draw_boxes_dtypes[True] PASSED
../publishablew/vision/vision/test/test_utils.py::test_draw_boxes_dtypes[False] PASSED
../publishablew/vision/vision/test/test_utils.py::test_draw_boxes_colors[None] PASSED
../publishablew/vision/vision/test/test_utils.py::test_draw_boxes_colors[colors1] PASSED
../publishablew/vision/vision/test/test_utils.py::test_draw_boxes_colors[red] PASSED
../publishablew/vision/vision/test/test_utils.py::test_draw_boxes_colors[#FF00FF] PASSED
../publishablew/vision/vision/test/test_utils.py::test_draw_boxes_colors[colors4] PASSED
../publishablew/vision/vision/test/test_utils.py::test_draw_boxes_vanilla PASSED
../publishablew/vision/vision/test/test_utils.py::test_draw_boxes_grayscale PASSED
../publishablew/vision/vision/test/test_utils.py::test_draw_invalid_boxes PASSED
../publishablew/vision/vision/test/test_utils.py::test_draw_boxes_warning PASSED
../publishablew/vision/vision/test/test_utils.py::test_draw_no_boxes PASSED
../publishablew/vision/vision/test/test_utils.py::test_draw_segmentation_masks[cpu-0-None] PASSED
../publishablew/vision/vision/test/test_utils.py::test_draw_segmentation_masks[cpu-0-blue] PASSED
../publishablew/vision/vision/test/test_utils.py::test_draw_segmentation_masks[cpu-0-#FF00FF] PASSED
../publishablew/vision/vision/test/test_utils.py::test_draw_segmentation_masks[cpu-0-colors3] PASSED
../publishablew/vision/vision/test/test_utils.py::test_draw_segmentation_masks[cpu-0-colors4] PASSED
../publishablew/vision/vision/test/test_utils.py::test_draw_segmentation_masks[cpu-0-colors5] PASSED
../publishablew/vision/vision/test/test_utils.py::test_draw_segmentation_masks[cpu-0.5-None] PASSED
../publishablew/vision/vision/test/test_utils.py::test_draw_segmentation_masks[cpu-0.5-blue] PASSED
../publishablew/vision/vision/test/test_utils.py::test_draw_segmentation_masks[cpu-0.5-#FF00FF] PASSED
../publishablew/vision/vision/test/test_utils.py::test_draw_segmentation_masks[cpu-0.5-colors3] PASSED
../publishablew/vision/vision/test/test_utils.py::test_draw_segmentation_masks[cpu-0.5-colors4] PASSED
../publishablew/vision/vision/test/test_utils.py::test_draw_segmentation_masks[cpu-0.5-colors5] PASSED
../publishablew/vision/vision/test/test_utils.py::test_draw_segmentation_masks[cpu-0.7-None] PASSED
../publishablew/vision/vision/test/test_utils.py::test_draw_segmentation_masks[cpu-0.7-blue] PASSED
../publishablew/vision/vision/test/test_utils.py::test_draw_segmentation_masks[cpu-0.7-#FF00FF] PASSED
../publishablew/vision/vision/test/test_utils.py::test_draw_segmentation_masks[cpu-0.7-colors3] PASSED
../publishablew/vision/vision/test/test_utils.py::test_draw_segmentation_masks[cpu-0.7-colors4] PASSED
../publishablew/vision/vision/test/test_utils.py::test_draw_segmentation_masks[cpu-0.7-colors5] PASSED
../publishablew/vision/vision/test/test_utils.py::test_draw_segmentation_masks[cpu-1-None] PASSED
../publishablew/vision/vision/test/test_utils.py::test_draw_segmentation_masks[cpu-1-blue] PASSED
../publishablew/vision/vision/test/test_utils.py::test_draw_segmentation_masks[cpu-1-#FF00FF] PASSED
../publishablew/vision/vision/test/test_utils.py::test_draw_segmentation_masks[cpu-1-colors3] PASSED
../publishablew/vision/vision/test/test_utils.py::test_draw_segmentation_masks[cpu-1-colors4] PASSED
../publishablew/vision/vision/test/test_utils.py::test_draw_segmentation_masks[cpu-1-colors5] PASSED
../publishablew/vision/vision/test/test_utils.py::test_draw_segmentation_masks[cuda-0-None] PASSED
../publishablew/vision/vision/test/test_utils.py::test_draw_segmentation_masks[cuda-0-blue] PASSED
../publishablew/vision/vision/test/test_utils.py::test_draw_segmentation_masks[cuda-0-#FF00FF] PASSED
../publishablew/vision/vision/test/test_utils.py::test_draw_segmentation_masks[cuda-0-colors3] PASSED
../publishablew/vision/vision/test/test_utils.py::test_draw_segmentation_masks[cuda-0-colors4] PASSED
../publishablew/vision/vision/test/test_utils.py::test_draw_segmentation_masks[cuda-0-colors5] PASSED
../publishablew/vision/vision/test/test_utils.py::test_draw_segmentation_masks[cuda-0.5-None] PASSED
../publishablew/vision/vision/test/test_utils.py::test_draw_segmentation_masks[cuda-0.5-blue] PASSED
../publishablew/vision/vision/test/test_utils.py::test_draw_segmentation_masks[cuda-0.5-#FF00FF] PASSED
../publishablew/vision/vision/test/test_utils.py::test_draw_segmentation_masks[cuda-0.5-colors3] PASSED
../publishablew/vision/vision/test/test_utils.py::test_draw_segmentation_masks[cuda-0.5-colors4] PASSED
../publishablew/vision/vision/test/test_utils.py::test_draw_segmentation_masks[cuda-0.5-colors5] PASSED
../publishablew/vision/vision/test/test_utils.py::test_draw_segmentation_masks[cuda-0.7-None] PASSED
../publishablew/vision/vision/test/test_utils.py::test_draw_segmentation_masks[cuda-0.7-blue] PASSED
../publishablew/vision/vision/test/test_utils.py::test_draw_segmentation_masks[cuda-0.7-#FF00FF] PASSED
../publishablew/vision/vision/test/test_utils.py::test_draw_segmentation_masks[cuda-0.7-colors3] PASSED
../publishablew/vision/vision/test/test_utils.py::test_draw_segmentation_masks[cuda-0.7-colors4] PASSED
../publishablew/vision/vision/test/test_utils.py::test_draw_segmentation_masks[cuda-0.7-colors5] PASSED
../publishablew/vision/vision/test/test_utils.py::test_draw_segmentation_masks[cuda-1-None] PASSED
../publishablew/vision/vision/test/test_utils.py::test_draw_segmentation_masks[cuda-1-blue] PASSED
../publishablew/vision/vision/test/test_utils.py::test_draw_segmentation_masks[cuda-1-#FF00FF] PASSED
../publishablew/vision/vision/test/test_utils.py::test_draw_segmentation_masks[cuda-1-colors3] PASSED
../publishablew/vision/vision/test/test_utils.py::test_draw_segmentation_masks[cuda-1-colors4] PASSED
../publishablew/vision/vision/test/test_utils.py::test_draw_segmentation_masks[cuda-1-colors5] PASSED
../publishablew/vision/vision/test/test_utils.py::test_draw_segmentation_masks_dtypes PASSED
../publishablew/vision/vision/test/test_utils.py::test_draw_segmentation_masks_errors[cpu] PASSED
../publishablew/vision/vision/test/test_utils.py::test_draw_segmentation_masks_errors[cuda] PASSED
../publishablew/vision/vision/test/test_utils.py::test_draw_no_segmention_mask[cpu] PASSED
../publishablew/vision/vision/test/test_utils.py::test_draw_no_segmention_mask[cuda] PASSED
../publishablew/vision/vision/test/test_utils.py::test_draw_keypoints_vanilla PASSED
../publishablew/vision/vision/test/test_utils.py::test_draw_keypoins_K_equals_one PASSED
../publishablew/vision/vision/test/test_utils.py::test_draw_keypoints_colored[red] PASSED
../publishablew/vision/vision/test/test_utils.py::test_draw_keypoints_colored[#FF00FF] PASSED
../publishablew/vision/vision/test/test_utils.py::test_draw_keypoints_colored[colors2] PASSED
../publishablew/vision/vision/test/test_utils.py::test_draw_keypoints_visibility[vis0-connectivity0] PASSED
../publishablew/vision/vision/test/test_utils.py::test_draw_keypoints_visibility[vis0-connectivity1] PASSED
../publishablew/vision/vision/test/test_utils.py::test_draw_keypoints_visibility[vis1-connectivity0] PASSED
../publishablew/vision/vision/test/test_utils.py::test_draw_keypoints_visibility[vis1-connectivity1] PASSED
../publishablew/vision/vision/test/test_utils.py::test_draw_keypoints_visibility_default PASSED
../publishablew/vision/vision/test/test_utils.py::test_draw_keypoints_dtypes PASSED
../publishablew/vision/vision/test/test_utils.py::test_draw_keypoints_errors PASSED
../publishablew/vision/vision/test/test_utils.py::test_flow_to_image[True] PASSED
../publishablew/vision/vision/test/test_utils.py::test_flow_to_image[False] PASSED
../publishablew/vision/vision/test/test_utils.py::test_flow_to_image_errors[input_flow0-Input flow should have shape] PASSED
../publishablew/vision/vision/test/test_utils.py::test_flow_to_image_errors[input_flow1-Input flow should have shape] PASSED
../publishablew/vision/vision/test/test_utils.py::test_flow_to_image_errors[input_flow2-Input flow should have shape] PASSED
../publishablew/vision/vision/test/test_utils.py::test_flow_to_image_errors[input_flow3-Input flow should have shape] PASSED
../publishablew/vision/vision/test/test_utils.py::test_flow_to_image_errors[input_flow4-Flow should be of dtype torch.float] PASSED

============================== 92 passed in 0.54s ==============================
