output file:
processed_cleanlabcompute_ps_py_inv_noise_matrix226.json
function:
compute_ps_py_inv_noise_matrix
Error Cases:

Pass or Failed: 0

Related Failed Test Cases:
{'FAILED ../publishablew/cleanlab/cleanlab/tests/test_latent_algebra.py::test_latent_inv', '../publishablew/cleanlab/cleanlab/tests/test_latent_algebra.py::test_latent_inv FAILED', 'FAILED ../publishablew/cleanlab/cleanlab/tests/test_latent_algebra.py::test_latent_py', '../publishablew/cleanlab/cleanlab/tests/test_latent_algebra.py::test_latent_py FAILED', 'FAILED ../publishablew/cleanlab/cleanlab/tests/test_latent_algebra.py::test_latent_nm', '../publishablew/cleanlab/cleanlab/tests/test_latent_algebra.py::test_latent_nm FAILED'}

All Test Cases On Generated code:
============================= test session starts ==============================
platform linux -- Python 3.11.10, pytest-8.3.4, pluggy-1.5.0 -- /local/data0/moved_data/publishablew/cleanlab/cleanlab/venv/bin/python
cachedir: .pytest_cache
rootdir: /local/data0/moved_data/publishablew/cleanlab/cleanlab
configfile: pyproject.toml
collecting ... collected 10 items

../publishablew/cleanlab/cleanlab/tests/test_latent_algebra.py::test_latent_py_ps_inv PASSED
../publishablew/cleanlab/cleanlab/tests/test_latent_algebra.py::test_latent_inv FAILED
../publishablew/cleanlab/cleanlab/tests/test_latent_algebra.py::test_latent_nm FAILED
../publishablew/cleanlab/cleanlab/tests/test_latent_algebra.py::test_latent_py FAILED
../publishablew/cleanlab/cleanlab/tests/test_latent_algebra.py::test_latent_py_warning PASSED
../publishablew/cleanlab/cleanlab/tests/test_latent_algebra.py::test_compute_py_err PASSED
../publishablew/cleanlab/cleanlab/tests/test_latent_algebra.py::test_compute_py_marginal_ps PASSED
../publishablew/cleanlab/cleanlab/tests/test_latent_algebra.py::test_pyx PASSED
../publishablew/cleanlab/cleanlab/tests/test_latent_algebra.py::test_pyx_error PASSED
../publishablew/cleanlab/cleanlab/tests/test_latent_algebra.py::test_compute_py_method_marginal_true_labels_class_counts_none_error PASSED

=================================== FAILURES ===================================
_______________________________ test_latent_inv ________________________________

    def test_latent_inv():
        ps, py, inv = get_latent_py_ps_inv()
        inv2 = latent_algebra.compute_inv_noise_matrix(py, nm)
>       assert np.all(abs(inv - inv2) < 1e-3)
E       assert False
E        +  where False = <function all at 0x72bebc7701f0>(array([[0.5       , 0.16666667, 0.38888889],\n       [0.        , 1.66666667, 0.55555556],\n       [0.5       , 1.83333333, 0.94444444]]) < 0.001)
E        +    where <function all at 0x72bebc7701f0> = np.all
E        +    and   array([[0.5       , 0.16666667, 0.38888889],\n       [0.        , 1.66666667, 0.55555556],\n       [0.5       , 1.83333333, 0.94444444]]) = abs((array([[ 1.        ,  0.16666667, -0.38888889],\n       [ 0.        ,  1.66666667, -0.55555556],\n       [ 0.        , -0.83333333,  1.94444444]]) - array([[ 5.00000000e-01,  0.00000000e+00,  0.00000000e+00],\n       [ 0.00000000e+00, -3.33100217e-16,  0.00000000e+00],\n       [ 5.00000000e-01,  1.00000000e+00,  1.00000000e+00]])))

../publishablew/cleanlab/cleanlab/tests/test_latent_algebra.py:41: AssertionError
________________________________ test_latent_nm ________________________________

    def test_latent_nm():
        ps, py, inv = get_latent_py_ps_inv()
        nm2 = latent_algebra.compute_noise_matrix_from_inverse(ps, inv, py=py)
>       assert np.all(abs(nm - nm2) < 1e-3)
E       assert False
E        +  where False = <function all at 0x72bebc7701f0>(array([[0.07692308, 0.        , 0.2       ],\n       [0.07692308, 0.3       , 0.2       ],\n       [0.        , 0.3       , 0.4       ]]) < 0.001)
E        +    where <function all at 0x72bebc7701f0> = np.all
E        +    and   array([[0.07692308, 0.        , 0.2       ],\n       [0.07692308, 0.3       , 0.2       ],\n       [0.        , 0.3       , 0.4       ]]) = abs((array([[1. , 0. , 0.2],\n       [0. , 0.7, 0.2],\n       [0. , 0.3, 0.6]]) - array([[0.92307692, 0.        , 0.        ],\n       [0.07692308, 1.        , 0.        ],\n       [0.        , 0.        , 1.        ]])))

../publishablew/cleanlab/cleanlab/tests/test_latent_algebra.py:47: AssertionError
________________________________ test_latent_py ________________________________

    def test_latent_py():
        ps, py, inv = get_latent_py_ps_inv()
        py2 = latent_algebra.compute_py(ps, nm, inv)
>       assert np.all(abs(py - py2) < 1e-3)
E       assert False
E        +  where False = <function all at 0x72bebc7701f0>(array([0.02599388, 0.2293578 , 0.25535168]) < 0.001)
E        +    where <function all at 0x72bebc7701f0> = np.all
E        +    and   array([0.02599388, 0.2293578 , 0.25535168]) = abs((array([ 1.66666667e-01, -7.93016446e-17,  8.33333333e-01]) - array([0.19266055, 0.2293578 , 0.57798165])))

../publishablew/cleanlab/cleanlab/tests/test_latent_algebra.py:53: AssertionError
=========================== short test summary info ============================
FAILED ../publishablew/cleanlab/cleanlab/tests/test_latent_algebra.py::test_latent_inv
FAILED ../publishablew/cleanlab/cleanlab/tests/test_latent_algebra.py::test_latent_nm
FAILED ../publishablew/cleanlab/cleanlab/tests/test_latent_algebra.py::test_latent_py
========================= 3 failed, 7 passed in 0.67s ==========================


Final Test Result:
============================= test session starts ==============================
platform linux -- Python 3.11.10, pytest-8.3.4, pluggy-1.5.0 -- /local/data0/moved_data/publishablew/cleanlab/cleanlab/venv/bin/python
cachedir: .pytest_cache
rootdir: /local/data0/moved_data/publishablew/cleanlab/cleanlab
configfile: pyproject.toml
collecting ... collected 10 items

../publishablew/cleanlab/cleanlab/tests/test_latent_algebra.py::test_latent_py_ps_inv PASSED
../publishablew/cleanlab/cleanlab/tests/test_latent_algebra.py::test_latent_inv PASSED
../publishablew/cleanlab/cleanlab/tests/test_latent_algebra.py::test_latent_nm PASSED
../publishablew/cleanlab/cleanlab/tests/test_latent_algebra.py::test_latent_py PASSED
../publishablew/cleanlab/cleanlab/tests/test_latent_algebra.py::test_latent_py_warning PASSED
../publishablew/cleanlab/cleanlab/tests/test_latent_algebra.py::test_compute_py_err PASSED
../publishablew/cleanlab/cleanlab/tests/test_latent_algebra.py::test_compute_py_marginal_ps PASSED
../publishablew/cleanlab/cleanlab/tests/test_latent_algebra.py::test_pyx PASSED
../publishablew/cleanlab/cleanlab/tests/test_latent_algebra.py::test_pyx_error PASSED
../publishablew/cleanlab/cleanlab/tests/test_latent_algebra.py::test_compute_py_method_marginal_true_labels_class_counts_none_error PASSED

============================== 10 passed in 0.56s ==============================


Initial Result:
============================= test session starts ==============================
platform linux -- Python 3.11.10, pytest-8.3.4, pluggy-1.5.0 -- /local/data0/moved_data/publishablew/cleanlab/cleanlab/venv/bin/python
cachedir: .pytest_cache
rootdir: /local/data0/moved_data/publishablew/cleanlab/cleanlab
configfile: pyproject.toml
collecting ... collected 10 items

../publishablew/cleanlab/cleanlab/tests/test_latent_algebra.py::test_latent_py_ps_inv PASSED
../publishablew/cleanlab/cleanlab/tests/test_latent_algebra.py::test_latent_inv PASSED
../publishablew/cleanlab/cleanlab/tests/test_latent_algebra.py::test_latent_nm PASSED
../publishablew/cleanlab/cleanlab/tests/test_latent_algebra.py::test_latent_py PASSED
../publishablew/cleanlab/cleanlab/tests/test_latent_algebra.py::test_latent_py_warning PASSED
../publishablew/cleanlab/cleanlab/tests/test_latent_algebra.py::test_compute_py_err PASSED
../publishablew/cleanlab/cleanlab/tests/test_latent_algebra.py::test_compute_py_marginal_ps PASSED
../publishablew/cleanlab/cleanlab/tests/test_latent_algebra.py::test_pyx PASSED
../publishablew/cleanlab/cleanlab/tests/test_latent_algebra.py::test_pyx_error PASSED
../publishablew/cleanlab/cleanlab/tests/test_latent_algebra.py::test_compute_py_method_marginal_true_labels_class_counts_none_error PASSED

============================== 10 passed in 0.54s ==============================
