output file:
processed_scikit-learntop_k_accuracy_score46.json
function:
top_k_accuracy_score
Error Cases:

Pass or Failed: 0

Related Failed Test Cases:
{'../publishablew/scikit-learn/scikit-learn/sklearn/metrics/tests/test_ranking.py::test_top_k_accuracy_score_binary[y_score2-2-1] FAILED', '../publishablew/scikit-learn/scikit-learn/sklearn/metrics/tests/test_ranking.py::test_top_k_accuracy_score_binary[y_score5-2-1] FAILED', 'FAILED ../publishablew/scikit-learn/scikit-learn/sklearn/metrics/tests/test_ranking.py::test_top_k_accuracy_score_binary[y_score5-2-1]', 'FAILED ../publishablew/scikit-learn/scikit-learn/sklearn/metrics/tests/test_ranking.py::test_top_k_accuracy_score_binary[y_score2-2-1]'}

All Test Cases On Generated code:
============================= test session starts ==============================
platform linux -- Python 3.9.0, pytest-8.3.3, pluggy-1.5.0 -- /local/data0/moved_data/publishablew/scikit-learn/scikit-learn/venv/bin/python
cachedir: .pytest_cache
rootdir: /local/data0/moved_data/publishablew/scikit-learn/scikit-learn
configfile: setup.cfg
plugins: cov-6.0.0
collecting ... collected 6 items

../publishablew/scikit-learn/scikit-learn/sklearn/metrics/tests/test_ranking.py::test_top_k_accuracy_score_binary[y_score0-1-1] I: Seeding RNGs with 411597806
PASSED
../publishablew/scikit-learn/scikit-learn/sklearn/metrics/tests/test_ranking.py::test_top_k_accuracy_score_binary[y_score1-1-0.5] PASSED
../publishablew/scikit-learn/scikit-learn/sklearn/metrics/tests/test_ranking.py::test_top_k_accuracy_score_binary[y_score2-2-1] FAILED
../publishablew/scikit-learn/scikit-learn/sklearn/metrics/tests/test_ranking.py::test_top_k_accuracy_score_binary[y_score3-1-1] PASSED
../publishablew/scikit-learn/scikit-learn/sklearn/metrics/tests/test_ranking.py::test_top_k_accuracy_score_binary[y_score4-1-0.5] PASSED
../publishablew/scikit-learn/scikit-learn/sklearn/metrics/tests/test_ranking.py::test_top_k_accuracy_score_binary[y_score5-2-1] FAILED

=================================== FAILURES ===================================
________________ test_top_k_accuracy_score_binary[y_score2-2-1] ________________

y_score = array([-1,  1, -1,  1]), k = 2, true_score = 1

    @pytest.mark.parametrize(
        "y_score, k, true_score",
        [
            (np.array([-1, -1, 1, 1]), 1, 1),
            (np.array([-1, 1, -1, 1]), 1, 0.5),
            (np.array([-1, 1, -1, 1]), 2, 1),
            (np.array([0.2, 0.2, 0.7, 0.7]), 1, 1),
            (np.array([0.2, 0.7, 0.2, 0.7]), 1, 0.5),
            (np.array([0.2, 0.7, 0.2, 0.7]), 2, 1),
        ],
    )
    def test_top_k_accuracy_score_binary(y_score, k, true_score):
        y_true = [0, 0, 1, 1]
    
        threshold = 0.5 if y_score.min() >= 0 and y_score.max() <= 1 else 0
        y_pred = (y_score > threshold).astype(np.int64) if k == 1 else y_true
    
        score = top_k_accuracy_score(y_true, y_score, k=k)
        score_acc = accuracy_score(y_true, y_pred)
    
>       assert score == score_acc == pytest.approx(true_score)
E       AssertionError

../publishablew/scikit-learn/scikit-learn/sklearn/metrics/tests/test_ranking.py:2017: AssertionError
________________ test_top_k_accuracy_score_binary[y_score5-2-1] ________________

y_score = array([0.2, 0.7, 0.2, 0.7]), k = 2, true_score = 1

    @pytest.mark.parametrize(
        "y_score, k, true_score",
        [
            (np.array([-1, -1, 1, 1]), 1, 1),
            (np.array([-1, 1, -1, 1]), 1, 0.5),
            (np.array([-1, 1, -1, 1]), 2, 1),
            (np.array([0.2, 0.2, 0.7, 0.7]), 1, 1),
            (np.array([0.2, 0.7, 0.2, 0.7]), 1, 0.5),
            (np.array([0.2, 0.7, 0.2, 0.7]), 2, 1),
        ],
    )
    def test_top_k_accuracy_score_binary(y_score, k, true_score):
        y_true = [0, 0, 1, 1]
    
        threshold = 0.5 if y_score.min() >= 0 and y_score.max() <= 1 else 0
        y_pred = (y_score > threshold).astype(np.int64) if k == 1 else y_true
    
        score = top_k_accuracy_score(y_true, y_score, k=k)
        score_acc = accuracy_score(y_true, y_pred)
    
>       assert score == score_acc == pytest.approx(true_score)
E       AssertionError

../publishablew/scikit-learn/scikit-learn/sklearn/metrics/tests/test_ranking.py:2017: AssertionError
=========================== short test summary info ============================
FAILED ../publishablew/scikit-learn/scikit-learn/sklearn/metrics/tests/test_ranking.py::test_top_k_accuracy_score_binary[y_score2-2-1]
FAILED ../publishablew/scikit-learn/scikit-learn/sklearn/metrics/tests/test_ranking.py::test_top_k_accuracy_score_binary[y_score5-2-1]
========================= 2 failed, 4 passed in 0.42s ==========================


Final Test Result:
============================= test session starts ==============================
platform linux -- Python 3.9.0, pytest-8.3.3, pluggy-1.5.0 -- /local/data0/moved_data/publishablew/scikit-learn/scikit-learn/venv/bin/python
cachedir: .pytest_cache
rootdir: /local/data0/moved_data/publishablew/scikit-learn/scikit-learn
configfile: setup.cfg
plugins: cov-6.0.0
collecting ... collected 6 items

../publishablew/scikit-learn/scikit-learn/sklearn/metrics/tests/test_ranking.py::test_top_k_accuracy_score_binary[y_score0-1-1] I: Seeding RNGs with 46587881
PASSED
../publishablew/scikit-learn/scikit-learn/sklearn/metrics/tests/test_ranking.py::test_top_k_accuracy_score_binary[y_score1-1-0.5] PASSED
../publishablew/scikit-learn/scikit-learn/sklearn/metrics/tests/test_ranking.py::test_top_k_accuracy_score_binary[y_score2-2-1] PASSED
../publishablew/scikit-learn/scikit-learn/sklearn/metrics/tests/test_ranking.py::test_top_k_accuracy_score_binary[y_score3-1-1] PASSED
../publishablew/scikit-learn/scikit-learn/sklearn/metrics/tests/test_ranking.py::test_top_k_accuracy_score_binary[y_score4-1-0.5] PASSED
../publishablew/scikit-learn/scikit-learn/sklearn/metrics/tests/test_ranking.py::test_top_k_accuracy_score_binary[y_score5-2-1] PASSED

======================== 6 passed, 2 warnings in 0.24s =========================


Initial Result:
============================= test session starts ==============================
platform linux -- Python 3.9.0, pytest-8.3.3, pluggy-1.5.0 -- /local/data0/moved_data/publishablew/scikit-learn/scikit-learn/venv/bin/python
cachedir: .pytest_cache
rootdir: /local/data0/moved_data/publishablew/scikit-learn/scikit-learn
configfile: setup.cfg
plugins: cov-6.0.0
collecting ... collected 6 items

../publishablew/scikit-learn/scikit-learn/sklearn/metrics/tests/test_ranking.py::test_top_k_accuracy_score_binary[y_score0-1-1] I: Seeding RNGs with 439970079
PASSED
../publishablew/scikit-learn/scikit-learn/sklearn/metrics/tests/test_ranking.py::test_top_k_accuracy_score_binary[y_score1-1-0.5] PASSED
../publishablew/scikit-learn/scikit-learn/sklearn/metrics/tests/test_ranking.py::test_top_k_accuracy_score_binary[y_score2-2-1] PASSED
../publishablew/scikit-learn/scikit-learn/sklearn/metrics/tests/test_ranking.py::test_top_k_accuracy_score_binary[y_score3-1-1] PASSED
../publishablew/scikit-learn/scikit-learn/sklearn/metrics/tests/test_ranking.py::test_top_k_accuracy_score_binary[y_score4-1-0.5] PASSED
../publishablew/scikit-learn/scikit-learn/sklearn/metrics/tests/test_ranking.py::test_top_k_accuracy_score_binary[y_score5-2-1] PASSED

======================== 6 passed, 2 warnings in 0.24s =========================
