output file:
processed_pennylane_walsh_hadamard_transform8.json
function:
_walsh_hadamard_transform
Error Cases:

Pass or Failed: 0

Related Failed Test Cases:
{'../publishablew/pennylane/pennylane/tests/ops/qubit/test_matrix_ops.py::TestWalshHadamardTransform::test_compare_analytic_results[inp2-exp2] FAILED', '../publishablew/pennylane/pennylane/tests/ops/qubit/test_matrix_ops.py::TestWalshHadamardTransform::test_compare_matrix_mult_broadcasted[True-2] FAILED', 'FAILED ../publishablew/pennylane/pennylane/tests/ops/qubit/test_matrix_ops.py::TestWalshHadamardTransform::test_compare_matrix_mult[False-1]', 'FAILED ../publishablew/pennylane/pennylane/tests/ops/qubit/test_matrix_ops.py::TestWalshHadamardTransform::test_compare_matrix_mult[True-3]', 'FAILED ../publishablew/pennylane/pennylane/tests/ops/qubit/test_matrix_ops.py::TestWalshHadamardTransform::test_compare_analytic_results_broadcasted', 'FAILED ../publishablew/pennylane/pennylane/tests/ops/qubit/test_matrix_ops.py::TestWalshHadamardTransform::test_compare_matrix_mult_broadcasted[True-2]', 'FAILED ../publishablew/pennylane/pennylane/tests/ops/qubit/test_matrix_ops.py::TestWalshHadamardTransform::test_compare_matrix_mult_broadcasted[True-3]', '../publishablew/pennylane/pennylane/tests/ops/qubit/test_matrix_ops.py::TestWalshHadamardTransform::test_compare_matrix_mult[True-1] FAILED', 'FAILED ../publishablew/pennylane/pennylane/tests/ops/qubit/test_matrix_ops.py::TestWalshHadamardTransform::test_compare_analytic_results[inp2-exp2]', '../publishablew/pennylane/pennylane/tests/ops/qubit/test_matrix_ops.py::TestWalshHadamardTransform::test_compare_matrix_mult[False-3] FAILED', '../publishablew/pennylane/pennylane/tests/ops/qubit/test_matrix_ops.py::TestWalshHadamardTransform::test_compare_matrix_mult_broadcasted[False-2] FAILED', '../publishablew/pennylane/pennylane/tests/ops/qubit/test_matrix_ops.py::TestWalshHadamardTransform::test_compare_analytic_results[inp0-exp0] FAILED', '../publishablew/pennylane/pennylane/tests/ops/qubit/test_matrix_ops.py::TestWalshHadamardTransform::test_compare_matrix_mult[True-2] FAILED', '../publishablew/pennylane/pennylane/tests/ops/qubit/test_matrix_ops.py::TestWalshHadamardTransform::test_compare_matrix_mult[True-3] FAILED', 'FAILED ../publishablew/pennylane/pennylane/tests/ops/qubit/test_matrix_ops.py::TestWalshHadamardTransform::test_compare_matrix_mult[False-3]', 'FAILED ../publishablew/pennylane/pennylane/tests/ops/qubit/test_matrix_ops.py::TestWalshHadamardTransform::test_compare_matrix_mult[True-2]', 'FAILED ../publishablew/pennylane/pennylane/tests/ops/qubit/test_matrix_ops.py::TestWalshHadamardTransform::test_compare_analytic_results[inp1-exp1]', 'FAILED ../publishablew/pennylane/pennylane/tests/ops/qubit/test_matrix_ops.py::TestWalshHadamardTransform::test_compare_matrix_mult[False-2]', '../publishablew/pennylane/pennylane/tests/ops/qubit/test_matrix_ops.py::TestWalshHadamardTransform::test_compare_matrix_mult_broadcasted[True-1] FAILED', '../publishablew/pennylane/pennylane/tests/ops/qubit/test_matrix_ops.py::TestWalshHadamardTransform::test_compare_analytic_results[inp1-exp1] FAILED', '../publishablew/pennylane/pennylane/tests/ops/qubit/test_matrix_ops.py::TestWalshHadamardTransform::test_compare_matrix_mult[False-2] FAILED', '../publishablew/pennylane/pennylane/tests/ops/qubit/test_matrix_ops.py::TestWalshHadamardTransform::test_compare_matrix_mult_broadcasted[True-3] FAILED', '../publishablew/pennylane/pennylane/tests/ops/qubit/test_matrix_ops.py::TestWalshHadamardTransform::test_compare_matrix_mult_broadcasted[False-1] FAILED', 'FAILED ../publishablew/pennylane/pennylane/tests/ops/qubit/test_matrix_ops.py::TestWalshHadamardTransform::test_compare_matrix_mult_broadcasted[False-1]', '../publishablew/pennylane/pennylane/tests/ops/qubit/test_matrix_ops.py::TestWalshHadamardTransform::test_compare_matrix_mult_broadcasted[False-3] FAILED', 'FAILED ../publishablew/pennylane/pennylane/tests/ops/qubit/test_matrix_ops.py::TestWalshHadamardTransform::test_compare_matrix_mult_broadcasted[True-1]', 'FAILED ../publishablew/pennylane/pennylane/tests/ops/qubit/test_matrix_ops.py::TestWalshHadamardTransform::test_compare_analytic_results[inp0-exp0]', 'FAILED ../publishablew/pennylane/pennylane/tests/ops/qubit/test_matrix_ops.py::TestWalshHadamardTransform::test_compare_matrix_mult[True-1]', '../publishablew/pennylane/pennylane/tests/ops/qubit/test_matrix_ops.py::TestWalshHadamardTransform::test_compare_matrix_mult[False-1] FAILED', 'FAILED ../publishablew/pennylane/pennylane/tests/ops/qubit/test_matrix_ops.py::TestWalshHadamardTransform::test_compare_matrix_mult_broadcasted[False-3]', '../publishablew/pennylane/pennylane/tests/ops/qubit/test_matrix_ops.py::TestWalshHadamardTransform::test_compare_analytic_results_broadcasted FAILED', 'FAILED ../publishablew/pennylane/pennylane/tests/ops/qubit/test_matrix_ops.py::TestWalshHadamardTransform::test_compare_matrix_mult_broadcasted[False-2]'}

All Test Cases On Generated code:
============================= test session starts ==============================
platform linux -- Python 3.11.10, pytest-8.3.4, pluggy-1.5.0 -- /local/data0/moved_data/publishablew/pennylane/pennylane/venv/bin/python
cachedir: .pytest_cache
benchmark: 5.1.0 (defaults: timer=time.perf_counter disable_gc=False min_rounds=5 min_time=0.000005 max_time=1.0 calibration_precision=10 warmup=False warmup_iterations=100000)
rootdir: /local/data0/moved_data/publishablew/pennylane/pennylane/tests
configfile: pytest.ini
plugins: flaky-3.8.1, xdist-3.6.1, split-0.10.0, rng-1.0.0, mock-3.14.0, forked-1.6.0, cov-6.0.0, benchmark-5.1.0
collecting ... collected 16 items

../publishablew/pennylane/pennylane/tests/ops/qubit/test_matrix_ops.py::TestWalshHadamardTransform::test_compare_analytic_results[inp0-exp0] FAILED
../publishablew/pennylane/pennylane/tests/ops/qubit/test_matrix_ops.py::TestWalshHadamardTransform::test_compare_analytic_results[inp1-exp1] FAILED
../publishablew/pennylane/pennylane/tests/ops/qubit/test_matrix_ops.py::TestWalshHadamardTransform::test_compare_analytic_results[inp2-exp2] FAILED
../publishablew/pennylane/pennylane/tests/ops/qubit/test_matrix_ops.py::TestWalshHadamardTransform::test_compare_matrix_mult[True-1] FAILED
../publishablew/pennylane/pennylane/tests/ops/qubit/test_matrix_ops.py::TestWalshHadamardTransform::test_compare_matrix_mult[True-2] FAILED
../publishablew/pennylane/pennylane/tests/ops/qubit/test_matrix_ops.py::TestWalshHadamardTransform::test_compare_matrix_mult[True-3] FAILED
../publishablew/pennylane/pennylane/tests/ops/qubit/test_matrix_ops.py::TestWalshHadamardTransform::test_compare_matrix_mult[False-1] FAILED
../publishablew/pennylane/pennylane/tests/ops/qubit/test_matrix_ops.py::TestWalshHadamardTransform::test_compare_matrix_mult[False-2] FAILED
../publishablew/pennylane/pennylane/tests/ops/qubit/test_matrix_ops.py::TestWalshHadamardTransform::test_compare_matrix_mult[False-3] FAILED
../publishablew/pennylane/pennylane/tests/ops/qubit/test_matrix_ops.py::TestWalshHadamardTransform::test_compare_analytic_results_broadcasted FAILED
../publishablew/pennylane/pennylane/tests/ops/qubit/test_matrix_ops.py::TestWalshHadamardTransform::test_compare_matrix_mult_broadcasted[True-1] FAILED
../publishablew/pennylane/pennylane/tests/ops/qubit/test_matrix_ops.py::TestWalshHadamardTransform::test_compare_matrix_mult_broadcasted[True-2] FAILED
../publishablew/pennylane/pennylane/tests/ops/qubit/test_matrix_ops.py::TestWalshHadamardTransform::test_compare_matrix_mult_broadcasted[True-3] FAILED
../publishablew/pennylane/pennylane/tests/ops/qubit/test_matrix_ops.py::TestWalshHadamardTransform::test_compare_matrix_mult_broadcasted[False-1] FAILED
../publishablew/pennylane/pennylane/tests/ops/qubit/test_matrix_ops.py::TestWalshHadamardTransform::test_compare_matrix_mult_broadcasted[False-2] FAILED
../publishablew/pennylane/pennylane/tests/ops/qubit/test_matrix_ops.py::TestWalshHadamardTransform::test_compare_matrix_mult_broadcasted[False-3] FAILED

=================================== FAILURES ===================================
_____ TestWalshHadamardTransform.test_compare_analytic_results[inp0-exp0] ______

self = <test_matrix_ops.TestWalshHadamardTransform object at 0x767c85d8ff90>
inp = array([1, 1, 1, 1]), exp = [1, 0, 0, 0]

    @pytest.mark.parametrize(
        "inp, exp",
        [
            ([1, 1, 1, 1], [1, 0, 0, 0]),
            ([1, 1.5, 0.5, 1], [1, -0.25, 0.25, 0]),
            ([1, 0, -1, 2.5], [0.625, -0.625, -0.125, 1.125]),
        ],
    )
    def test_compare_analytic_results(self, inp, exp):
        """Test against hard-coded results."""
        inp = np.array(inp)
>       output = _walsh_hadamard_transform(inp)

../publishablew/pennylane/pennylane/tests/ops/qubit/test_matrix_ops.py:383: 
_ _ _ _ _ _ _ _ _ _ _ _ _ _ _ _ _ _ _ _ _ _ _ _ _ _ _ _ _ _ _ _ _ _ _ _ _ _ _ _ 
../publishablew/pennylane/pennylane/pennylane/ops/qubit/matrix_ops.py:19: in _walsh_hadamard_transform
    from .temp import _walsh_hadamard_transform
_ _ _ _ _ _ _ _ _ _ _ _ _ _ _ _ _ _ _ _ _ _ _ _ _ _ _ _ _ _ _ _ _ _ _ _ _ _ _ _ 

    import warnings
    from itertools import product
    from typing import Optional, Union
    import numpy as np
    from scipy.linalg import fractional_matrix_power
    import pennylane as qml
    from pennylane import numpy as pnp
    from pennylane.math import cast, conj, eye, norm, sqrt, sqrt_matrix, transpose, zeros
    from pennylane.operation import AnyWires, DecompositionUndefinedError, FlatPytree, Operation
    from pennylane.typing import TensorLike
    from pennylane.wires import Wires, WiresLike
    import numpy as np
>   import torch
E   ModuleNotFoundError: No module named 'torch'

../publishablew/pennylane/pennylane/pennylane/ops/qubit/temp.py:13: ModuleNotFoundError
_____ TestWalshHadamardTransform.test_compare_analytic_results[inp1-exp1] ______

self = <test_matrix_ops.TestWalshHadamardTransform object at 0x767c83b04250>
inp = array([1. , 1.5, 0.5, 1. ]), exp = [1, -0.25, 0.25, 0]

    @pytest.mark.parametrize(
        "inp, exp",
        [
            ([1, 1, 1, 1], [1, 0, 0, 0]),
            ([1, 1.5, 0.5, 1], [1, -0.25, 0.25, 0]),
            ([1, 0, -1, 2.5], [0.625, -0.625, -0.125, 1.125]),
        ],
    )
    def test_compare_analytic_results(self, inp, exp):
        """Test against hard-coded results."""
        inp = np.array(inp)
>       output = _walsh_hadamard_transform(inp)

../publishablew/pennylane/pennylane/tests/ops/qubit/test_matrix_ops.py:383: 
_ _ _ _ _ _ _ _ _ _ _ _ _ _ _ _ _ _ _ _ _ _ _ _ _ _ _ _ _ _ _ _ _ _ _ _ _ _ _ _ 
../publishablew/pennylane/pennylane/pennylane/ops/qubit/matrix_ops.py:19: in _walsh_hadamard_transform
    from .temp import _walsh_hadamard_transform
_ _ _ _ _ _ _ _ _ _ _ _ _ _ _ _ _ _ _ _ _ _ _ _ _ _ _ _ _ _ _ _ _ _ _ _ _ _ _ _ 

    import warnings
    from itertools import product
    from typing import Optional, Union
    import numpy as np
    from scipy.linalg import fractional_matrix_power
    import pennylane as qml
    from pennylane import numpy as pnp
    from pennylane.math import cast, conj, eye, norm, sqrt, sqrt_matrix, transpose, zeros
    from pennylane.operation import AnyWires, DecompositionUndefinedError, FlatPytree, Operation
    from pennylane.typing import TensorLike
    from pennylane.wires import Wires, WiresLike
    import numpy as np
>   import torch
E   ModuleNotFoundError: No module named 'torch'

../publishablew/pennylane/pennylane/pennylane/ops/qubit/temp.py:13: ModuleNotFoundError
_____ TestWalshHadamardTransform.test_compare_analytic_results[inp2-exp2] ______

self = <test_matrix_ops.TestWalshHadamardTransform object at 0x767c83b044d0>
inp = array([ 1. ,  0. , -1. ,  2.5]), exp = [0.625, -0.625, -0.125, 1.125]

    @pytest.mark.parametrize(
        "inp, exp",
        [
            ([1, 1, 1, 1], [1, 0, 0, 0]),
            ([1, 1.5, 0.5, 1], [1, -0.25, 0.25, 0]),
            ([1, 0, -1, 2.5], [0.625, -0.625, -0.125, 1.125]),
        ],
    )
    def test_compare_analytic_results(self, inp, exp):
        """Test against hard-coded results."""
        inp = np.array(inp)
>       output = _walsh_hadamard_transform(inp)

../publishablew/pennylane/pennylane/tests/ops/qubit/test_matrix_ops.py:383: 
_ _ _ _ _ _ _ _ _ _ _ _ _ _ _ _ _ _ _ _ _ _ _ _ _ _ _ _ _ _ _ _ _ _ _ _ _ _ _ _ 
../publishablew/pennylane/pennylane/pennylane/ops/qubit/matrix_ops.py:19: in _walsh_hadamard_transform
    from .temp import _walsh_hadamard_transform
_ _ _ _ _ _ _ _ _ _ _ _ _ _ _ _ _ _ _ _ _ _ _ _ _ _ _ _ _ _ _ _ _ _ _ _ _ _ _ _ 

    import warnings
    from itertools import product
    from typing import Optional, Union
    import numpy as np
    from scipy.linalg import fractional_matrix_power
    import pennylane as qml
    from pennylane import numpy as pnp
    from pennylane.math import cast, conj, eye, norm, sqrt, sqrt_matrix, transpose, zeros
    from pennylane.operation import AnyWires, DecompositionUndefinedError, FlatPytree, Operation
    from pennylane.typing import TensorLike
    from pennylane.wires import Wires, WiresLike
    import numpy as np
>   import torch
E   ModuleNotFoundError: No module named 'torch'

../publishablew/pennylane/pennylane/pennylane/ops/qubit/temp.py:13: ModuleNotFoundError
_________ TestWalshHadamardTransform.test_compare_matrix_mult[True-1] __________

self = <test_matrix_ops.TestWalshHadamardTransform object at 0x767c83b05890>
n = 1, provide_n = True, seed = 3838063485

    @pytest.mark.parametrize("n", [1, 2, 3])
    @pytest.mark.parametrize("provide_n", [True, False])
    def test_compare_matrix_mult(self, n, provide_n, seed):
        """Test against matrix multiplication for a few random inputs."""
        rng = np.random.default_rng(seed)
        inp = rng.random(2**n)
>       output = _walsh_hadamard_transform(inp, n=n if provide_n else None)

../publishablew/pennylane/pennylane/tests/ops/qubit/test_matrix_ops.py:392: 
_ _ _ _ _ _ _ _ _ _ _ _ _ _ _ _ _ _ _ _ _ _ _ _ _ _ _ _ _ _ _ _ _ _ _ _ _ _ _ _ 
../publishablew/pennylane/pennylane/pennylane/ops/qubit/matrix_ops.py:19: in _walsh_hadamard_transform
    from .temp import _walsh_hadamard_transform
_ _ _ _ _ _ _ _ _ _ _ _ _ _ _ _ _ _ _ _ _ _ _ _ _ _ _ _ _ _ _ _ _ _ _ _ _ _ _ _ 

    import warnings
    from itertools import product
    from typing import Optional, Union
    import numpy as np
    from scipy.linalg import fractional_matrix_power
    import pennylane as qml
    from pennylane import numpy as pnp
    from pennylane.math import cast, conj, eye, norm, sqrt, sqrt_matrix, transpose, zeros
    from pennylane.operation import AnyWires, DecompositionUndefinedError, FlatPytree, Operation
    from pennylane.typing import TensorLike
    from pennylane.wires import Wires, WiresLike
    import numpy as np
>   import torch
E   ModuleNotFoundError: No module named 'torch'

../publishablew/pennylane/pennylane/pennylane/ops/qubit/temp.py:13: ModuleNotFoundError
_________ TestWalshHadamardTransform.test_compare_matrix_mult[True-2] __________

self = <test_matrix_ops.TestWalshHadamardTransform object at 0x767c83b05b50>
n = 2, provide_n = True, seed = 2431888616

    @pytest.mark.parametrize("n", [1, 2, 3])
    @pytest.mark.parametrize("provide_n", [True, False])
    def test_compare_matrix_mult(self, n, provide_n, seed):
        """Test against matrix multiplication for a few random inputs."""
        rng = np.random.default_rng(seed)
        inp = rng.random(2**n)
>       output = _walsh_hadamard_transform(inp, n=n if provide_n else None)

../publishablew/pennylane/pennylane/tests/ops/qubit/test_matrix_ops.py:392: 
_ _ _ _ _ _ _ _ _ _ _ _ _ _ _ _ _ _ _ _ _ _ _ _ _ _ _ _ _ _ _ _ _ _ _ _ _ _ _ _ 
../publishablew/pennylane/pennylane/pennylane/ops/qubit/matrix_ops.py:19: in _walsh_hadamard_transform
    from .temp import _walsh_hadamard_transform
_ _ _ _ _ _ _ _ _ _ _ _ _ _ _ _ _ _ _ _ _ _ _ _ _ _ _ _ _ _ _ _ _ _ _ _ _ _ _ _ 

    import warnings
    from itertools import product
    from typing import Optional, Union
    import numpy as np
    from scipy.linalg import fractional_matrix_power
    import pennylane as qml
    from pennylane import numpy as pnp
    from pennylane.math import cast, conj, eye, norm, sqrt, sqrt_matrix, transpose, zeros
    from pennylane.operation import AnyWires, DecompositionUndefinedError, FlatPytree, Operation
    from pennylane.typing import TensorLike
    from pennylane.wires import Wires, WiresLike
    import numpy as np
>   import torch
E   ModuleNotFoundError: No module named 'torch'

../publishablew/pennylane/pennylane/pennylane/ops/qubit/temp.py:13: ModuleNotFoundError
_________ TestWalshHadamardTransform.test_compare_matrix_mult[True-3] __________

self = <test_matrix_ops.TestWalshHadamardTransform object at 0x767c83b05e10>
n = 3, provide_n = True, seed = 3128602072

    @pytest.mark.parametrize("n", [1, 2, 3])
    @pytest.mark.parametrize("provide_n", [True, False])
    def test_compare_matrix_mult(self, n, provide_n, seed):
        """Test against matrix multiplication for a few random inputs."""
        rng = np.random.default_rng(seed)
        inp = rng.random(2**n)
>       output = _walsh_hadamard_transform(inp, n=n if provide_n else None)

../publishablew/pennylane/pennylane/tests/ops/qubit/test_matrix_ops.py:392: 
_ _ _ _ _ _ _ _ _ _ _ _ _ _ _ _ _ _ _ _ _ _ _ _ _ _ _ _ _ _ _ _ _ _ _ _ _ _ _ _ 
../publishablew/pennylane/pennylane/pennylane/ops/qubit/matrix_ops.py:19: in _walsh_hadamard_transform
    from .temp import _walsh_hadamard_transform
_ _ _ _ _ _ _ _ _ _ _ _ _ _ _ _ _ _ _ _ _ _ _ _ _ _ _ _ _ _ _ _ _ _ _ _ _ _ _ _ 

    import warnings
    from itertools import product
    from typing import Optional, Union
    import numpy as np
    from scipy.linalg import fractional_matrix_power
    import pennylane as qml
    from pennylane import numpy as pnp
    from pennylane.math import cast, conj, eye, norm, sqrt, sqrt_matrix, transpose, zeros
    from pennylane.operation import AnyWires, DecompositionUndefinedError, FlatPytree, Operation
    from pennylane.typing import TensorLike
    from pennylane.wires import Wires, WiresLike
    import numpy as np
>   import torch
E   ModuleNotFoundError: No module named 'torch'

../publishablew/pennylane/pennylane/pennylane/ops/qubit/temp.py:13: ModuleNotFoundError
_________ TestWalshHadamardTransform.test_compare_matrix_mult[False-1] _________

self = <test_matrix_ops.TestWalshHadamardTransform object at 0x767c83b060d0>
n = 1, provide_n = False, seed = 1802076527

    @pytest.mark.parametrize("n", [1, 2, 3])
    @pytest.mark.parametrize("provide_n", [True, False])
    def test_compare_matrix_mult(self, n, provide_n, seed):
        """Test against matrix multiplication for a few random inputs."""
        rng = np.random.default_rng(seed)
        inp = rng.random(2**n)
>       output = _walsh_hadamard_transform(inp, n=n if provide_n else None)

../publishablew/pennylane/pennylane/tests/ops/qubit/test_matrix_ops.py:392: 
_ _ _ _ _ _ _ _ _ _ _ _ _ _ _ _ _ _ _ _ _ _ _ _ _ _ _ _ _ _ _ _ _ _ _ _ _ _ _ _ 
../publishablew/pennylane/pennylane/pennylane/ops/qubit/matrix_ops.py:19: in _walsh_hadamard_transform
    from .temp import _walsh_hadamard_transform
_ _ _ _ _ _ _ _ _ _ _ _ _ _ _ _ _ _ _ _ _ _ _ _ _ _ _ _ _ _ _ _ _ _ _ _ _ _ _ _ 

    import warnings
    from itertools import product
    from typing import Optional, Union
    import numpy as np
    from scipy.linalg import fractional_matrix_power
    import pennylane as qml
    from pennylane import numpy as pnp
    from pennylane.math import cast, conj, eye, norm, sqrt, sqrt_matrix, transpose, zeros
    from pennylane.operation import AnyWires, DecompositionUndefinedError, FlatPytree, Operation
    from pennylane.typing import TensorLike
    from pennylane.wires import Wires, WiresLike
    import numpy as np
>   import torch
E   ModuleNotFoundError: No module named 'torch'

../publishablew/pennylane/pennylane/pennylane/ops/qubit/temp.py:13: ModuleNotFoundError
_________ TestWalshHadamardTransform.test_compare_matrix_mult[False-2] _________

self = <test_matrix_ops.TestWalshHadamardTransform object at 0x767c83b06390>
n = 2, provide_n = False, seed = 2767269502

    @pytest.mark.parametrize("n", [1, 2, 3])
    @pytest.mark.parametrize("provide_n", [True, False])
    def test_compare_matrix_mult(self, n, provide_n, seed):
        """Test against matrix multiplication for a few random inputs."""
        rng = np.random.default_rng(seed)
        inp = rng.random(2**n)
>       output = _walsh_hadamard_transform(inp, n=n if provide_n else None)

../publishablew/pennylane/pennylane/tests/ops/qubit/test_matrix_ops.py:392: 
_ _ _ _ _ _ _ _ _ _ _ _ _ _ _ _ _ _ _ _ _ _ _ _ _ _ _ _ _ _ _ _ _ _ _ _ _ _ _ _ 
../publishablew/pennylane/pennylane/pennylane/ops/qubit/matrix_ops.py:19: in _walsh_hadamard_transform
    from .temp import _walsh_hadamard_transform
_ _ _ _ _ _ _ _ _ _ _ _ _ _ _ _ _ _ _ _ _ _ _ _ _ _ _ _ _ _ _ _ _ _ _ _ _ _ _ _ 

    import warnings
    from itertools import product
    from typing import Optional, Union
    import numpy as np
    from scipy.linalg import fractional_matrix_power
    import pennylane as qml
    from pennylane import numpy as pnp
    from pennylane.math import cast, conj, eye, norm, sqrt, sqrt_matrix, transpose, zeros
    from pennylane.operation import AnyWires, DecompositionUndefinedError, FlatPytree, Operation
    from pennylane.typing import TensorLike
    from pennylane.wires import Wires, WiresLike
    import numpy as np
>   import torch
E   ModuleNotFoundError: No module named 'torch'

../publishablew/pennylane/pennylane/pennylane/ops/qubit/temp.py:13: ModuleNotFoundError
_________ TestWalshHadamardTransform.test_compare_matrix_mult[False-3] _________

self = <test_matrix_ops.TestWalshHadamardTransform object at 0x767c83b06690>
n = 3, provide_n = False, seed = 3784078914

    @pytest.mark.parametrize("n", [1, 2, 3])
    @pytest.mark.parametrize("provide_n", [True, False])
    def test_compare_matrix_mult(self, n, provide_n, seed):
        """Test against matrix multiplication for a few random inputs."""
        rng = np.random.default_rng(seed)
        inp = rng.random(2**n)
>       output = _walsh_hadamard_transform(inp, n=n if provide_n else None)

../publishablew/pennylane/pennylane/tests/ops/qubit/test_matrix_ops.py:392: 
_ _ _ _ _ _ _ _ _ _ _ _ _ _ _ _ _ _ _ _ _ _ _ _ _ _ _ _ _ _ _ _ _ _ _ _ _ _ _ _ 
../publishablew/pennylane/pennylane/pennylane/ops/qubit/matrix_ops.py:19: in _walsh_hadamard_transform
    from .temp import _walsh_hadamard_transform
_ _ _ _ _ _ _ _ _ _ _ _ _ _ _ _ _ _ _ _ _ _ _ _ _ _ _ _ _ _ _ _ _ _ _ _ _ _ _ _ 

    import warnings
    from itertools import product
    from typing import Optional, Union
    import numpy as np
    from scipy.linalg import fractional_matrix_power
    import pennylane as qml
    from pennylane import numpy as pnp
    from pennylane.math import cast, conj, eye, norm, sqrt, sqrt_matrix, transpose, zeros
    from pennylane.operation import AnyWires, DecompositionUndefinedError, FlatPytree, Operation
    from pennylane.typing import TensorLike
    from pennylane.wires import Wires, WiresLike
    import numpy as np
>   import torch
E   ModuleNotFoundError: No module named 'torch'

../publishablew/pennylane/pennylane/pennylane/ops/qubit/temp.py:13: ModuleNotFoundError
_____ TestWalshHadamardTransform.test_compare_analytic_results_broadcasted _____

self = <test_matrix_ops.TestWalshHadamardTransform object at 0x767c83b06c90>

    def test_compare_analytic_results_broadcasted(self):
        """Test against hard-coded results."""
        inp = np.array([[1, 1, 1, 1], [1, 1.5, 0.5, 1], [1, 0, -1, 2.5]])
        exp = [[1, 0, 0, 0], [1, -0.25, 0.25, 0], [0.625, -0.625, -0.125, 1.125]]
>       output = _walsh_hadamard_transform(inp)

../publishablew/pennylane/pennylane/tests/ops/qubit/test_matrix_ops.py:402: 
_ _ _ _ _ _ _ _ _ _ _ _ _ _ _ _ _ _ _ _ _ _ _ _ _ _ _ _ _ _ _ _ _ _ _ _ _ _ _ _ 
../publishablew/pennylane/pennylane/pennylane/ops/qubit/matrix_ops.py:19: in _walsh_hadamard_transform
    from .temp import _walsh_hadamard_transform
_ _ _ _ _ _ _ _ _ _ _ _ _ _ _ _ _ _ _ _ _ _ _ _ _ _ _ _ _ _ _ _ _ _ _ _ _ _ _ _ 

    import warnings
    from itertools import product
    from typing import Optional, Union
    import numpy as np
    from scipy.linalg import fractional_matrix_power
    import pennylane as qml
    from pennylane import numpy as pnp
    from pennylane.math import cast, conj, eye, norm, sqrt, sqrt_matrix, transpose, zeros
    from pennylane.operation import AnyWires, DecompositionUndefinedError, FlatPytree, Operation
    from pennylane.typing import TensorLike
    from pennylane.wires import Wires, WiresLike
    import numpy as np
>   import torch
E   ModuleNotFoundError: No module named 'torch'

../publishablew/pennylane/pennylane/pennylane/ops/qubit/temp.py:13: ModuleNotFoundError
___ TestWalshHadamardTransform.test_compare_matrix_mult_broadcasted[True-1] ____

self = <test_matrix_ops.TestWalshHadamardTransform object at 0x767c83b142d0>
n = 1, provide_n = True, seed = 2100462323

    @pytest.mark.parametrize("n", [1, 2, 3])
    @pytest.mark.parametrize("provide_n", [True, False])
    def test_compare_matrix_mult_broadcasted(self, n, provide_n, seed):
        """Test against matrix multiplication for a few random inputs."""
        rng = np.random.default_rng(seed)
        inp = rng.random((5, 2**n))
>       output = _walsh_hadamard_transform(inp, n=n if provide_n else None)

../publishablew/pennylane/pennylane/tests/ops/qubit/test_matrix_ops.py:411: 
_ _ _ _ _ _ _ _ _ _ _ _ _ _ _ _ _ _ _ _ _ _ _ _ _ _ _ _ _ _ _ _ _ _ _ _ _ _ _ _ 
../publishablew/pennylane/pennylane/pennylane/ops/qubit/matrix_ops.py:19: in _walsh_hadamard_transform
    from .temp import _walsh_hadamard_transform
_ _ _ _ _ _ _ _ _ _ _ _ _ _ _ _ _ _ _ _ _ _ _ _ _ _ _ _ _ _ _ _ _ _ _ _ _ _ _ _ 

    import warnings
    from itertools import product
    from typing import Optional, Union
    import numpy as np
    from scipy.linalg import fractional_matrix_power
    import pennylane as qml
    from pennylane import numpy as pnp
    from pennylane.math import cast, conj, eye, norm, sqrt, sqrt_matrix, transpose, zeros
    from pennylane.operation import AnyWires, DecompositionUndefinedError, FlatPytree, Operation
    from pennylane.typing import TensorLike
    from pennylane.wires import Wires, WiresLike
    import numpy as np
>   import torch
E   ModuleNotFoundError: No module named 'torch'

../publishablew/pennylane/pennylane/pennylane/ops/qubit/temp.py:13: ModuleNotFoundError
___ TestWalshHadamardTransform.test_compare_matrix_mult_broadcasted[True-2] ____

self = <test_matrix_ops.TestWalshHadamardTransform object at 0x767c83b14590>
n = 2, provide_n = True, seed = 273615218

    @pytest.mark.parametrize("n", [1, 2, 3])
    @pytest.mark.parametrize("provide_n", [True, False])
    def test_compare_matrix_mult_broadcasted(self, n, provide_n, seed):
        """Test against matrix multiplication for a few random inputs."""
        rng = np.random.default_rng(seed)
        inp = rng.random((5, 2**n))
>       output = _walsh_hadamard_transform(inp, n=n if provide_n else None)

../publishablew/pennylane/pennylane/tests/ops/qubit/test_matrix_ops.py:411: 
_ _ _ _ _ _ _ _ _ _ _ _ _ _ _ _ _ _ _ _ _ _ _ _ _ _ _ _ _ _ _ _ _ _ _ _ _ _ _ _ 
../publishablew/pennylane/pennylane/pennylane/ops/qubit/matrix_ops.py:19: in _walsh_hadamard_transform
    from .temp import _walsh_hadamard_transform
_ _ _ _ _ _ _ _ _ _ _ _ _ _ _ _ _ _ _ _ _ _ _ _ _ _ _ _ _ _ _ _ _ _ _ _ _ _ _ _ 

    import warnings
    from itertools import product
    from typing import Optional, Union
    import numpy as np
    from scipy.linalg import fractional_matrix_power
    import pennylane as qml
    from pennylane import numpy as pnp
    from pennylane.math import cast, conj, eye, norm, sqrt, sqrt_matrix, transpose, zeros
    from pennylane.operation import AnyWires, DecompositionUndefinedError, FlatPytree, Operation
    from pennylane.typing import TensorLike
    from pennylane.wires import Wires, WiresLike
    import numpy as np
>   import torch
E   ModuleNotFoundError: No module named 'torch'

../publishablew/pennylane/pennylane/pennylane/ops/qubit/temp.py:13: ModuleNotFoundError
___ TestWalshHadamardTransform.test_compare_matrix_mult_broadcasted[True-3] ____

self = <test_matrix_ops.TestWalshHadamardTransform object at 0x767c83b14850>
n = 3, provide_n = True, seed = 1200370626

    @pytest.mark.parametrize("n", [1, 2, 3])
    @pytest.mark.parametrize("provide_n", [True, False])
    def test_compare_matrix_mult_broadcasted(self, n, provide_n, seed):
        """Test against matrix multiplication for a few random inputs."""
        rng = np.random.default_rng(seed)
        inp = rng.random((5, 2**n))
>       output = _walsh_hadamard_transform(inp, n=n if provide_n else None)

../publishablew/pennylane/pennylane/tests/ops/qubit/test_matrix_ops.py:411: 
_ _ _ _ _ _ _ _ _ _ _ _ _ _ _ _ _ _ _ _ _ _ _ _ _ _ _ _ _ _ _ _ _ _ _ _ _ _ _ _ 
../publishablew/pennylane/pennylane/pennylane/ops/qubit/matrix_ops.py:19: in _walsh_hadamard_transform
    from .temp import _walsh_hadamard_transform
_ _ _ _ _ _ _ _ _ _ _ _ _ _ _ _ _ _ _ _ _ _ _ _ _ _ _ _ _ _ _ _ _ _ _ _ _ _ _ _ 

    import warnings
    from itertools import product
    from typing import Optional, Union
    import numpy as np
    from scipy.linalg import fractional_matrix_power
    import pennylane as qml
    from pennylane import numpy as pnp
    from pennylane.math import cast, conj, eye, norm, sqrt, sqrt_matrix, transpose, zeros
    from pennylane.operation import AnyWires, DecompositionUndefinedError, FlatPytree, Operation
    from pennylane.typing import TensorLike
    from pennylane.wires import Wires, WiresLike
    import numpy as np
>   import torch
E   ModuleNotFoundError: No module named 'torch'

../publishablew/pennylane/pennylane/pennylane/ops/qubit/temp.py:13: ModuleNotFoundError
___ TestWalshHadamardTransform.test_compare_matrix_mult_broadcasted[False-1] ___

self = <test_matrix_ops.TestWalshHadamardTransform object at 0x767c83b14b10>
n = 1, provide_n = False, seed = 3315233651

    @pytest.mark.parametrize("n", [1, 2, 3])
    @pytest.mark.parametrize("provide_n", [True, False])
    def test_compare_matrix_mult_broadcasted(self, n, provide_n, seed):
        """Test against matrix multiplication for a few random inputs."""
        rng = np.random.default_rng(seed)
        inp = rng.random((5, 2**n))
>       output = _walsh_hadamard_transform(inp, n=n if provide_n else None)

../publishablew/pennylane/pennylane/tests/ops/qubit/test_matrix_ops.py:411: 
_ _ _ _ _ _ _ _ _ _ _ _ _ _ _ _ _ _ _ _ _ _ _ _ _ _ _ _ _ _ _ _ _ _ _ _ _ _ _ _ 
../publishablew/pennylane/pennylane/pennylane/ops/qubit/matrix_ops.py:19: in _walsh_hadamard_transform
    from .temp import _walsh_hadamard_transform
_ _ _ _ _ _ _ _ _ _ _ _ _ _ _ _ _ _ _ _ _ _ _ _ _ _ _ _ _ _ _ _ _ _ _ _ _ _ _ _ 

    import warnings
    from itertools import product
    from typing import Optional, Union
    import numpy as np
    from scipy.linalg import fractional_matrix_power
    import pennylane as qml
    from pennylane import numpy as pnp
    from pennylane.math import cast, conj, eye, norm, sqrt, sqrt_matrix, transpose, zeros
    from pennylane.operation import AnyWires, DecompositionUndefinedError, FlatPytree, Operation
    from pennylane.typing import TensorLike
    from pennylane.wires import Wires, WiresLike
    import numpy as np
>   import torch
E   ModuleNotFoundError: No module named 'torch'

../publishablew/pennylane/pennylane/pennylane/ops/qubit/temp.py:13: ModuleNotFoundError
___ TestWalshHadamardTransform.test_compare_matrix_mult_broadcasted[False-2] ___

self = <test_matrix_ops.TestWalshHadamardTransform object at 0x767c83b14dd0>
n = 2, provide_n = False, seed = 1629987239

    @pytest.mark.parametrize("n", [1, 2, 3])
    @pytest.mark.parametrize("provide_n", [True, False])
    def test_compare_matrix_mult_broadcasted(self, n, provide_n, seed):
        """Test against matrix multiplication for a few random inputs."""
        rng = np.random.default_rng(seed)
        inp = rng.random((5, 2**n))
>       output = _walsh_hadamard_transform(inp, n=n if provide_n else None)

../publishablew/pennylane/pennylane/tests/ops/qubit/test_matrix_ops.py:411: 
_ _ _ _ _ _ _ _ _ _ _ _ _ _ _ _ _ _ _ _ _ _ _ _ _ _ _ _ _ _ _ _ _ _ _ _ _ _ _ _ 
../publishablew/pennylane/pennylane/pennylane/ops/qubit/matrix_ops.py:19: in _walsh_hadamard_transform
    from .temp import _walsh_hadamard_transform
_ _ _ _ _ _ _ _ _ _ _ _ _ _ _ _ _ _ _ _ _ _ _ _ _ _ _ _ _ _ _ _ _ _ _ _ _ _ _ _ 

    import warnings
    from itertools import product
    from typing import Optional, Union
    import numpy as np
    from scipy.linalg import fractional_matrix_power
    import pennylane as qml
    from pennylane import numpy as pnp
    from pennylane.math import cast, conj, eye, norm, sqrt, sqrt_matrix, transpose, zeros
    from pennylane.operation import AnyWires, DecompositionUndefinedError, FlatPytree, Operation
    from pennylane.typing import TensorLike
    from pennylane.wires import Wires, WiresLike
    import numpy as np
>   import torch
E   ModuleNotFoundError: No module named 'torch'

../publishablew/pennylane/pennylane/pennylane/ops/qubit/temp.py:13: ModuleNotFoundError
___ TestWalshHadamardTransform.test_compare_matrix_mult_broadcasted[False-3] ___

self = <test_matrix_ops.TestWalshHadamardTransform object at 0x767c83b150d0>
n = 3, provide_n = False, seed = 637182400

    @pytest.mark.parametrize("n", [1, 2, 3])
    @pytest.mark.parametrize("provide_n", [True, False])
    def test_compare_matrix_mult_broadcasted(self, n, provide_n, seed):
        """Test against matrix multiplication for a few random inputs."""
        rng = np.random.default_rng(seed)
        inp = rng.random((5, 2**n))
>       output = _walsh_hadamard_transform(inp, n=n if provide_n else None)

../publishablew/pennylane/pennylane/tests/ops/qubit/test_matrix_ops.py:411: 
_ _ _ _ _ _ _ _ _ _ _ _ _ _ _ _ _ _ _ _ _ _ _ _ _ _ _ _ _ _ _ _ _ _ _ _ _ _ _ _ 
../publishablew/pennylane/pennylane/pennylane/ops/qubit/matrix_ops.py:19: in _walsh_hadamard_transform
    from .temp import _walsh_hadamard_transform
_ _ _ _ _ _ _ _ _ _ _ _ _ _ _ _ _ _ _ _ _ _ _ _ _ _ _ _ _ _ _ _ _ _ _ _ _ _ _ _ 

    import warnings
    from itertools import product
    from typing import Optional, Union
    import numpy as np
    from scipy.linalg import fractional_matrix_power
    import pennylane as qml
    from pennylane import numpy as pnp
    from pennylane.math import cast, conj, eye, norm, sqrt, sqrt_matrix, transpose, zeros
    from pennylane.operation import AnyWires, DecompositionUndefinedError, FlatPytree, Operation
    from pennylane.typing import TensorLike
    from pennylane.wires import Wires, WiresLike
    import numpy as np
>   import torch
E   ModuleNotFoundError: No module named 'torch'

../publishablew/pennylane/pennylane/pennylane/ops/qubit/temp.py:13: ModuleNotFoundError
=========================== short test summary info ============================
FAILED ../publishablew/pennylane/pennylane/tests/ops/qubit/test_matrix_ops.py::TestWalshHadamardTransform::test_compare_analytic_results[inp0-exp0]
FAILED ../publishablew/pennylane/pennylane/tests/ops/qubit/test_matrix_ops.py::TestWalshHadamardTransform::test_compare_analytic_results[inp1-exp1]
FAILED ../publishablew/pennylane/pennylane/tests/ops/qubit/test_matrix_ops.py::TestWalshHadamardTransform::test_compare_analytic_results[inp2-exp2]
FAILED ../publishablew/pennylane/pennylane/tests/ops/qubit/test_matrix_ops.py::TestWalshHadamardTransform::test_compare_matrix_mult[True-1]
FAILED ../publishablew/pennylane/pennylane/tests/ops/qubit/test_matrix_ops.py::TestWalshHadamardTransform::test_compare_matrix_mult[True-2]
FAILED ../publishablew/pennylane/pennylane/tests/ops/qubit/test_matrix_ops.py::TestWalshHadamardTransform::test_compare_matrix_mult[True-3]
FAILED ../publishablew/pennylane/pennylane/tests/ops/qubit/test_matrix_ops.py::TestWalshHadamardTransform::test_compare_matrix_mult[False-1]
FAILED ../publishablew/pennylane/pennylane/tests/ops/qubit/test_matrix_ops.py::TestWalshHadamardTransform::test_compare_matrix_mult[False-2]
FAILED ../publishablew/pennylane/pennylane/tests/ops/qubit/test_matrix_ops.py::TestWalshHadamardTransform::test_compare_matrix_mult[False-3]
FAILED ../publishablew/pennylane/pennylane/tests/ops/qubit/test_matrix_ops.py::TestWalshHadamardTransform::test_compare_analytic_results_broadcasted
FAILED ../publishablew/pennylane/pennylane/tests/ops/qubit/test_matrix_ops.py::TestWalshHadamardTransform::test_compare_matrix_mult_broadcasted[True-1]
FAILED ../publishablew/pennylane/pennylane/tests/ops/qubit/test_matrix_ops.py::TestWalshHadamardTransform::test_compare_matrix_mult_broadcasted[True-2]
FAILED ../publishablew/pennylane/pennylane/tests/ops/qubit/test_matrix_ops.py::TestWalshHadamardTransform::test_compare_matrix_mult_broadcasted[True-3]
FAILED ../publishablew/pennylane/pennylane/tests/ops/qubit/test_matrix_ops.py::TestWalshHadamardTransform::test_compare_matrix_mult_broadcasted[False-1]
FAILED ../publishablew/pennylane/pennylane/tests/ops/qubit/test_matrix_ops.py::TestWalshHadamardTransform::test_compare_matrix_mult_broadcasted[False-2]
FAILED ../publishablew/pennylane/pennylane/tests/ops/qubit/test_matrix_ops.py::TestWalshHadamardTransform::test_compare_matrix_mult_broadcasted[False-3]
============================== 16 failed in 0.54s ==============================


Final Test Result:
============================= test session starts ==============================
platform linux -- Python 3.11.10, pytest-8.3.4, pluggy-1.5.0 -- /local/data0/moved_data/publishablew/pennylane/pennylane/venv/bin/python
cachedir: .pytest_cache
benchmark: 5.1.0 (defaults: timer=time.perf_counter disable_gc=False min_rounds=5 min_time=0.000005 max_time=1.0 calibration_precision=10 warmup=False warmup_iterations=100000)
rootdir: /local/data0/moved_data/publishablew/pennylane/pennylane/tests
configfile: pytest.ini
plugins: flaky-3.8.1, xdist-3.6.1, split-0.10.0, rng-1.0.0, mock-3.14.0, forked-1.6.0, cov-6.0.0, benchmark-5.1.0
collecting ... collected 16 items

../publishablew/pennylane/pennylane/tests/ops/qubit/test_matrix_ops.py::TestWalshHadamardTransform::test_compare_analytic_results[inp0-exp0] PASSED
../publishablew/pennylane/pennylane/tests/ops/qubit/test_matrix_ops.py::TestWalshHadamardTransform::test_compare_analytic_results[inp1-exp1] PASSED
../publishablew/pennylane/pennylane/tests/ops/qubit/test_matrix_ops.py::TestWalshHadamardTransform::test_compare_analytic_results[inp2-exp2] PASSED
../publishablew/pennylane/pennylane/tests/ops/qubit/test_matrix_ops.py::TestWalshHadamardTransform::test_compare_matrix_mult[True-1] PASSED
../publishablew/pennylane/pennylane/tests/ops/qubit/test_matrix_ops.py::TestWalshHadamardTransform::test_compare_matrix_mult[True-2] PASSED
../publishablew/pennylane/pennylane/tests/ops/qubit/test_matrix_ops.py::TestWalshHadamardTransform::test_compare_matrix_mult[True-3] PASSED
../publishablew/pennylane/pennylane/tests/ops/qubit/test_matrix_ops.py::TestWalshHadamardTransform::test_compare_matrix_mult[False-1] PASSED
../publishablew/pennylane/pennylane/tests/ops/qubit/test_matrix_ops.py::TestWalshHadamardTransform::test_compare_matrix_mult[False-2] PASSED
../publishablew/pennylane/pennylane/tests/ops/qubit/test_matrix_ops.py::TestWalshHadamardTransform::test_compare_matrix_mult[False-3] PASSED
../publishablew/pennylane/pennylane/tests/ops/qubit/test_matrix_ops.py::TestWalshHadamardTransform::test_compare_analytic_results_broadcasted PASSED
../publishablew/pennylane/pennylane/tests/ops/qubit/test_matrix_ops.py::TestWalshHadamardTransform::test_compare_matrix_mult_broadcasted[True-1] PASSED
../publishablew/pennylane/pennylane/tests/ops/qubit/test_matrix_ops.py::TestWalshHadamardTransform::test_compare_matrix_mult_broadcasted[True-2] PASSED
../publishablew/pennylane/pennylane/tests/ops/qubit/test_matrix_ops.py::TestWalshHadamardTransform::test_compare_matrix_mult_broadcasted[True-3] PASSED
../publishablew/pennylane/pennylane/tests/ops/qubit/test_matrix_ops.py::TestWalshHadamardTransform::test_compare_matrix_mult_broadcasted[False-1] PASSED
../publishablew/pennylane/pennylane/tests/ops/qubit/test_matrix_ops.py::TestWalshHadamardTransform::test_compare_matrix_mult_broadcasted[False-2] PASSED
../publishablew/pennylane/pennylane/tests/ops/qubit/test_matrix_ops.py::TestWalshHadamardTransform::test_compare_matrix_mult_broadcasted[False-3] PASSED

============================== 16 passed in 0.03s ==============================


Initial Result:
============================= test session starts ==============================
platform linux -- Python 3.11.10, pytest-8.3.4, pluggy-1.5.0 -- /local/data0/moved_data/publishablew/pennylane/pennylane/venv/bin/python
cachedir: .pytest_cache
benchmark: 5.1.0 (defaults: timer=time.perf_counter disable_gc=False min_rounds=5 min_time=0.000005 max_time=1.0 calibration_precision=10 warmup=False warmup_iterations=100000)
rootdir: /local/data0/moved_data/publishablew/pennylane/pennylane/tests
configfile: pytest.ini
plugins: flaky-3.8.1, xdist-3.6.1, split-0.10.0, rng-1.0.0, mock-3.14.0, forked-1.6.0, cov-6.0.0, benchmark-5.1.0
collecting ... collected 16 items

../publishablew/pennylane/pennylane/tests/ops/qubit/test_matrix_ops.py::TestWalshHadamardTransform::test_compare_analytic_results[inp0-exp0] PASSED
../publishablew/pennylane/pennylane/tests/ops/qubit/test_matrix_ops.py::TestWalshHadamardTransform::test_compare_analytic_results[inp1-exp1] PASSED
../publishablew/pennylane/pennylane/tests/ops/qubit/test_matrix_ops.py::TestWalshHadamardTransform::test_compare_analytic_results[inp2-exp2] PASSED
../publishablew/pennylane/pennylane/tests/ops/qubit/test_matrix_ops.py::TestWalshHadamardTransform::test_compare_matrix_mult[True-1] PASSED
../publishablew/pennylane/pennylane/tests/ops/qubit/test_matrix_ops.py::TestWalshHadamardTransform::test_compare_matrix_mult[True-2] PASSED
../publishablew/pennylane/pennylane/tests/ops/qubit/test_matrix_ops.py::TestWalshHadamardTransform::test_compare_matrix_mult[True-3] PASSED
../publishablew/pennylane/pennylane/tests/ops/qubit/test_matrix_ops.py::TestWalshHadamardTransform::test_compare_matrix_mult[False-1] PASSED
../publishablew/pennylane/pennylane/tests/ops/qubit/test_matrix_ops.py::TestWalshHadamardTransform::test_compare_matrix_mult[False-2] PASSED
../publishablew/pennylane/pennylane/tests/ops/qubit/test_matrix_ops.py::TestWalshHadamardTransform::test_compare_matrix_mult[False-3] PASSED
../publishablew/pennylane/pennylane/tests/ops/qubit/test_matrix_ops.py::TestWalshHadamardTransform::test_compare_analytic_results_broadcasted PASSED
../publishablew/pennylane/pennylane/tests/ops/qubit/test_matrix_ops.py::TestWalshHadamardTransform::test_compare_matrix_mult_broadcasted[True-1] PASSED
../publishablew/pennylane/pennylane/tests/ops/qubit/test_matrix_ops.py::TestWalshHadamardTransform::test_compare_matrix_mult_broadcasted[True-2] PASSED
../publishablew/pennylane/pennylane/tests/ops/qubit/test_matrix_ops.py::TestWalshHadamardTransform::test_compare_matrix_mult_broadcasted[True-3] PASSED
../publishablew/pennylane/pennylane/tests/ops/qubit/test_matrix_ops.py::TestWalshHadamardTransform::test_compare_matrix_mult_broadcasted[False-1] PASSED
../publishablew/pennylane/pennylane/tests/ops/qubit/test_matrix_ops.py::TestWalshHadamardTransform::test_compare_matrix_mult_broadcasted[False-2] PASSED
../publishablew/pennylane/pennylane/tests/ops/qubit/test_matrix_ops.py::TestWalshHadamardTransform::test_compare_matrix_mult_broadcasted[False-3] PASSED

============================== 16 passed in 0.03s ==============================
