output file:
processed_classes-pytorch3dinverse67.json
function:
inverse
Error Cases:

Pass or Failed: 0

Related Failed Test Cases:
{'../pytorch3d/tests/test_transforms.py::TestTransform::test_inverse FAILED [ 12%]', '../pytorch3d/tests/test_transforms.py::TestScale::test_inverse FAILED    [ 50%]', 'FAILED ../pytorch3d/tests/test_transforms.py::TestTranslate::test_inverse - A...', 'FAILED ../pytorch3d/tests/test_transforms.py::TestScale::test_inverse - Asser...', '../pytorch3d/tests/test_transforms.py::TestRotate::test_inverse FAILED   [ 76%]', 'FAILED ../pytorch3d/tests/test_transforms.py::TestRotate::test_inverse - Asse...', '../pytorch3d/tests/test_transforms.py::TestTranslate::test_inverse FAILED [ 32%]', 'FAILED ../pytorch3d/tests/test_transforms.py::TestTransform::test_inverse - T...'}

All Test Cases On Generated code:
============================= test session starts ==============================
platform linux -- Python 3.8.5, pytest-8.3.3, pluggy-1.5.0 -- /local/data0/moved_data/pytorch3d/venv/bin/python3
cachedir: .pytest_cache
rootdir: /local/data0/moved_data/pytorch3d
collecting ... collected 65 items

../pytorch3d/tests/test_transforms.py::TestTransform::test_clone PASSED  [  1%]
../pytorch3d/tests/test_transforms.py::TestTransform::test_compose_fail PASSED [  3%]
../pytorch3d/tests/test_transforms.py::TestTransform::test_dtype_propagation PASSED [  4%]
../pytorch3d/tests/test_transforms.py::TestTransform::test_get_item PASSED [  6%]
../pytorch3d/tests/test_transforms.py::TestTransform::test_get_se3 PASSED [  7%]
../pytorch3d/tests/test_transforms.py::TestTransform::test_init_with_custom_matrix PASSED [  9%]
../pytorch3d/tests/test_transforms.py::TestTransform::test_init_with_custom_matrix_errors PASSED [ 10%]
../pytorch3d/tests/test_transforms.py::TestTransform::test_inverse FAILED [ 12%]
../pytorch3d/tests/test_transforms.py::TestTransform::test_rotate_axis_angle PASSED [ 13%]
../pytorch3d/tests/test_transforms.py::TestTransform::test_rotate_check_rot_valid_off PASSED [ 15%]
../pytorch3d/tests/test_transforms.py::TestTransform::test_rotate_check_rot_valid_on PASSED [ 16%]
../pytorch3d/tests/test_transforms.py::TestTransform::test_scale PASSED  [ 18%]
../pytorch3d/tests/test_transforms.py::TestTransform::test_scale_translate PASSED [ 20%]
../pytorch3d/tests/test_transforms.py::TestTransform::test_stack PASSED  [ 21%]
../pytorch3d/tests/test_transforms.py::TestTransform::test_to PASSED     [ 23%]
../pytorch3d/tests/test_transforms.py::TestTransform::test_transform_points_eps PASSED [ 24%]
../pytorch3d/tests/test_transforms.py::TestTransform::test_transform_points_fail PASSED [ 26%]
../pytorch3d/tests/test_transforms.py::TestTransform::test_translate PASSED [ 27%]
../pytorch3d/tests/test_transforms.py::TestTranslate::test_bad_broadcast PASSED [ 29%]
../pytorch3d/tests/test_transforms.py::TestTranslate::test_get_item PASSED [ 30%]
../pytorch3d/tests/test_transforms.py::TestTranslate::test_inverse FAILED [ 32%]
../pytorch3d/tests/test_transforms.py::TestTranslate::test_matrix PASSED [ 33%]
../pytorch3d/tests/test_transforms.py::TestTranslate::test_matrix_extra_args PASSED [ 35%]
../pytorch3d/tests/test_transforms.py::TestTranslate::test_mixed_broadcast PASSED [ 36%]
../pytorch3d/tests/test_transforms.py::TestTranslate::test_mixed_broadcast_grad PASSED [ 38%]
../pytorch3d/tests/test_transforms.py::TestTranslate::test_mixed_scalars PASSED [ 40%]
../pytorch3d/tests/test_transforms.py::TestTranslate::test_python_scalar PASSED [ 41%]
../pytorch3d/tests/test_transforms.py::TestTranslate::test_torch_scalar PASSED [ 43%]
../pytorch3d/tests/test_transforms.py::TestTranslate::test_torch_scalar_grads PASSED [ 44%]
../pytorch3d/tests/test_transforms.py::TestTranslate::test_torch_vectors PASSED [ 46%]
../pytorch3d/tests/test_transforms.py::TestTranslate::test_vector_broadcast PASSED [ 47%]
../pytorch3d/tests/test_transforms.py::TestScale::test_get_item PASSED   [ 49%]
../pytorch3d/tests/test_transforms.py::TestScale::test_inverse FAILED    [ 50%]
../pytorch3d/tests/test_transforms.py::TestScale::test_single_matrix PASSED [ 52%]
../pytorch3d/tests/test_transforms.py::TestScale::test_single_python_scalar PASSED [ 53%]
../pytorch3d/tests/test_transforms.py::TestScale::test_single_torch_scalar PASSED [ 55%]
../pytorch3d/tests/test_transforms.py::TestScale::test_single_vector PASSED [ 56%]
../pytorch3d/tests/test_transforms.py::TestScale::test_three_mixed_broadcast_grad PASSED [ 58%]
../pytorch3d/tests/test_transforms.py::TestScale::test_three_mixed_scalar PASSED [ 60%]
../pytorch3d/tests/test_transforms.py::TestScale::test_three_python_scalar PASSED [ 61%]
../pytorch3d/tests/test_transforms.py::TestScale::test_three_torch_scalar PASSED [ 63%]
../pytorch3d/tests/test_transforms.py::TestScale::test_three_vector_broadcast PASSED [ 64%]
../pytorch3d/tests/test_transforms.py::TestTransformBroadcast::test_broadcast_compose PASSED [ 66%]
../pytorch3d/tests/test_transforms.py::TestTransformBroadcast::test_broadcast_compose_fail PASSED [ 67%]
../pytorch3d/tests/test_transforms.py::TestTransformBroadcast::test_broadcast_transform_normals PASSED [ 69%]
../pytorch3d/tests/test_transforms.py::TestTransformBroadcast::test_broadcast_transform_points PASSED [ 70%]
../pytorch3d/tests/test_transforms.py::TestTransformBroadcast::test_multiple_broadcast_compose PASSED [ 72%]
../pytorch3d/tests/test_transforms.py::TestRotate::test_get_item PASSED  [ 73%]
../pytorch3d/tests/test_transforms.py::TestRotate::test_invalid_dimensions PASSED [ 75%]
../pytorch3d/tests/test_transforms.py::TestRotate::test_inverse FAILED   [ 76%]
../pytorch3d/tests/test_transforms.py::TestRotate::test_single_matrix PASSED [ 78%]
../pytorch3d/tests/test_transforms.py::TestRotateAxisAngle::test_axis_fail PASSED [ 80%]
../pytorch3d/tests/test_transforms.py::TestRotateAxisAngle::test_lower_case_axis PASSED [ 81%]
../pytorch3d/tests/test_transforms.py::TestRotateAxisAngle::test_rotate_angle_fail PASSED [ 83%]
../pytorch3d/tests/test_transforms.py::TestRotateAxisAngle::test_rotate_angle_radians PASSED [ 84%]
../pytorch3d/tests/test_transforms.py::TestRotateAxisAngle::test_rotate_compose_x_y_z PASSED [ 86%]
../pytorch3d/tests/test_transforms.py::TestRotateAxisAngle::test_rotate_x_python_scalar PASSED [ 87%]
../pytorch3d/tests/test_transforms.py::TestRotateAxisAngle::test_rotate_x_torch_scalar PASSED [ 89%]
../pytorch3d/tests/test_transforms.py::TestRotateAxisAngle::test_rotate_x_torch_tensor PASSED [ 90%]
../pytorch3d/tests/test_transforms.py::TestRotateAxisAngle::test_rotate_y_python_scalar PASSED [ 92%]
../pytorch3d/tests/test_transforms.py::TestRotateAxisAngle::test_rotate_y_torch_scalar PASSED [ 93%]
../pytorch3d/tests/test_transforms.py::TestRotateAxisAngle::test_rotate_y_torch_tensor PASSED [ 95%]
../pytorch3d/tests/test_transforms.py::TestRotateAxisAngle::test_rotate_z_python_scalar PASSED [ 96%]
../pytorch3d/tests/test_transforms.py::TestRotateAxisAngle::test_rotate_z_torch_scalar PASSED [ 98%]
../pytorch3d/tests/test_transforms.py::TestRotateAxisAngle::test_rotate_z_torch_tensor PASSED [100%]

=================================== FAILURES ===================================
__________________________ TestTransform.test_inverse __________________________

self = <tests.test_transforms.TestTransform testMethod=test_inverse>
batch_size = 5

    def test_inverse(self, batch_size=5):
        device = torch.device("cuda:0")
    
        # generate a random chain of transforms
        for _ in range(10):  # 10 different tries
    
            # list of transform matrices
            ts = []
    
            for i in range(10):
                choice = float(torch.rand(1))
                if choice <= 1.0 / 3.0:
                    t_ = Translate(
                        torch.randn(
                            (batch_size, 3), dtype=torch.float32, device=device
                        ),
                        device=device,
                    )
                elif choice <= 2.0 / 3.0:
                    t_ = Rotate(
                        so3_exp_map(
                            torch.randn(
                                (batch_size, 3), dtype=torch.float32, device=device
                            )
                        ),
                        device=device,
                    )
                else:
                    rand_t = torch.randn(
                        (batch_size, 3), dtype=torch.float32, device=device
                    )
                    rand_t = rand_t.sign() * torch.clamp(rand_t.abs(), 0.2)
                    t_ = Scale(rand_t, device=device)
                ts.append(t_._matrix.clone())
    
                if i == 0:
                    t = t_
                else:
                    t = t.compose(t_)
    
            # generate the inverse transformation in several possible ways
>           m1 = t.inverse(invert_composed=True).get_matrix()

../pytorch3d/tests/test_transforms.py:362: 
_ _ _ _ _ _ _ _ _ _ _ _ _ _ _ _ _ _ _ _ _ _ _ _ _ _ _ _ _ _ _ _ _ _ _ _ _ _ _ _ 

self = <pytorch3d.transforms.transform3d.Transform3d object at 0x72f606b3fd90>
invert_composed = True

    def inverse(self, invert_composed: bool=False) -> 'Transform3d':
        if invert_composed:
            composed_matrix = self.compose()
>           inverse_matrix = torch.linalg.inv(composed_matrix)
E           TypeError: linalg_inv(): argument 'A' (position 1) must be Tensor, not Transform3d

../pytorch3d/pytorch3d/transforms/transform3d.py:280: TypeError
__________________________ TestTranslate.test_inverse __________________________

self = <tests.test_transforms.TestTranslate testMethod=test_inverse>

    def test_inverse(self):
        xyz = torch.tensor([[0.2, 0.3, 0.4], [2.0, 3.0, 4.0]])
        t = Translate(xyz)
        im = t.inverse()._matrix
        im_2 = t._matrix.inverse()
        im_comp = t.get_matrix().inverse()
>       self.assertTrue(torch.allclose(im, im_comp))
E       AssertionError: False is not true

../pytorch3d/tests/test_transforms.py:685: AssertionError
____________________________ TestScale.test_inverse ____________________________

self = <tests.test_transforms.TestScale testMethod=test_inverse>

    def test_inverse(self):
        x = torch.tensor([0.1])
        y = torch.tensor([0.2, 2.0])
        z = torch.tensor([0.3, 3.0])
        t = Scale(x, y, z)
        im = t.inverse()._matrix
        im_2 = t._matrix.inverse()
        im_comp = t.get_matrix().inverse()
>       self.assertTrue(torch.allclose(im, im_comp))
E       AssertionError: False is not true

../pytorch3d/tests/test_transforms.py:880: AssertionError
___________________________ TestRotate.test_inverse ____________________________

self = <tests.test_transforms.TestRotate testMethod=test_inverse>
batch_size = 5

    def test_inverse(self, batch_size=5):
        device = torch.device("cuda:0")
        log_rot = torch.randn((batch_size, 3), dtype=torch.float32, device=device)
        R = so3_exp_map(log_rot)
        t = Rotate(R)
        im = t.inverse()._matrix
        im_2 = t._matrix.inverse()
        im_comp = t.get_matrix().inverse()
>       self.assertTrue(torch.allclose(im, im_comp, atol=1e-4))
E       AssertionError: False is not true

../pytorch3d/tests/test_transforms.py:1004: AssertionError
=========================== short test summary info ============================
FAILED ../pytorch3d/tests/test_transforms.py::TestTransform::test_inverse - T...
FAILED ../pytorch3d/tests/test_transforms.py::TestTranslate::test_inverse - A...
FAILED ../pytorch3d/tests/test_transforms.py::TestScale::test_inverse - Asser...
FAILED ../pytorch3d/tests/test_transforms.py::TestRotate::test_inverse - Asse...
========================= 4 failed, 61 passed in 1.57s =========================


Final Test Result:
============================= test session starts ==============================
platform linux -- Python 3.8.5, pytest-8.3.3, pluggy-1.5.0 -- /local/data0/moved_data/pytorch3d/venv/bin/python3
cachedir: .pytest_cache
rootdir: /local/data0/moved_data/pytorch3d
collecting ... collected 65 items

../pytorch3d/tests/test_transforms.py::TestTransform::test_clone PASSED  [  1%]
../pytorch3d/tests/test_transforms.py::TestTransform::test_compose_fail PASSED [  3%]
../pytorch3d/tests/test_transforms.py::TestTransform::test_dtype_propagation PASSED [  4%]
../pytorch3d/tests/test_transforms.py::TestTransform::test_get_item PASSED [  6%]
../pytorch3d/tests/test_transforms.py::TestTransform::test_get_se3 PASSED [  7%]
../pytorch3d/tests/test_transforms.py::TestTransform::test_init_with_custom_matrix PASSED [  9%]
../pytorch3d/tests/test_transforms.py::TestTransform::test_init_with_custom_matrix_errors PASSED [ 10%]
../pytorch3d/tests/test_transforms.py::TestTransform::test_inverse PASSED [ 12%]
../pytorch3d/tests/test_transforms.py::TestTransform::test_rotate_axis_angle PASSED [ 13%]
../pytorch3d/tests/test_transforms.py::TestTransform::test_rotate_check_rot_valid_off PASSED [ 15%]
../pytorch3d/tests/test_transforms.py::TestTransform::test_rotate_check_rot_valid_on PASSED [ 16%]
../pytorch3d/tests/test_transforms.py::TestTransform::test_scale PASSED  [ 18%]
../pytorch3d/tests/test_transforms.py::TestTransform::test_scale_translate PASSED [ 20%]
../pytorch3d/tests/test_transforms.py::TestTransform::test_stack PASSED  [ 21%]
../pytorch3d/tests/test_transforms.py::TestTransform::test_to PASSED     [ 23%]
../pytorch3d/tests/test_transforms.py::TestTransform::test_transform_points_eps PASSED [ 24%]
../pytorch3d/tests/test_transforms.py::TestTransform::test_transform_points_fail PASSED [ 26%]
../pytorch3d/tests/test_transforms.py::TestTransform::test_translate PASSED [ 27%]
../pytorch3d/tests/test_transforms.py::TestTranslate::test_bad_broadcast PASSED [ 29%]
../pytorch3d/tests/test_transforms.py::TestTranslate::test_get_item PASSED [ 30%]
../pytorch3d/tests/test_transforms.py::TestTranslate::test_inverse PASSED [ 32%]
../pytorch3d/tests/test_transforms.py::TestTranslate::test_matrix PASSED [ 33%]
../pytorch3d/tests/test_transforms.py::TestTranslate::test_matrix_extra_args PASSED [ 35%]
../pytorch3d/tests/test_transforms.py::TestTranslate::test_mixed_broadcast PASSED [ 36%]
../pytorch3d/tests/test_transforms.py::TestTranslate::test_mixed_broadcast_grad PASSED [ 38%]
../pytorch3d/tests/test_transforms.py::TestTranslate::test_mixed_scalars PASSED [ 40%]
../pytorch3d/tests/test_transforms.py::TestTranslate::test_python_scalar PASSED [ 41%]
../pytorch3d/tests/test_transforms.py::TestTranslate::test_torch_scalar PASSED [ 43%]
../pytorch3d/tests/test_transforms.py::TestTranslate::test_torch_scalar_grads PASSED [ 44%]
../pytorch3d/tests/test_transforms.py::TestTranslate::test_torch_vectors PASSED [ 46%]
../pytorch3d/tests/test_transforms.py::TestTranslate::test_vector_broadcast PASSED [ 47%]
../pytorch3d/tests/test_transforms.py::TestScale::test_get_item PASSED   [ 49%]
../pytorch3d/tests/test_transforms.py::TestScale::test_inverse PASSED    [ 50%]
../pytorch3d/tests/test_transforms.py::TestScale::test_single_matrix PASSED [ 52%]
../pytorch3d/tests/test_transforms.py::TestScale::test_single_python_scalar PASSED [ 53%]
../pytorch3d/tests/test_transforms.py::TestScale::test_single_torch_scalar PASSED [ 55%]
../pytorch3d/tests/test_transforms.py::TestScale::test_single_vector PASSED [ 56%]
../pytorch3d/tests/test_transforms.py::TestScale::test_three_mixed_broadcast_grad PASSED [ 58%]
../pytorch3d/tests/test_transforms.py::TestScale::test_three_mixed_scalar PASSED [ 60%]
../pytorch3d/tests/test_transforms.py::TestScale::test_three_python_scalar PASSED [ 61%]
../pytorch3d/tests/test_transforms.py::TestScale::test_three_torch_scalar PASSED [ 63%]
../pytorch3d/tests/test_transforms.py::TestScale::test_three_vector_broadcast PASSED [ 64%]
../pytorch3d/tests/test_transforms.py::TestTransformBroadcast::test_broadcast_compose PASSED [ 66%]
../pytorch3d/tests/test_transforms.py::TestTransformBroadcast::test_broadcast_compose_fail PASSED [ 67%]
../pytorch3d/tests/test_transforms.py::TestTransformBroadcast::test_broadcast_transform_normals PASSED [ 69%]
../pytorch3d/tests/test_transforms.py::TestTransformBroadcast::test_broadcast_transform_points PASSED [ 70%]
../pytorch3d/tests/test_transforms.py::TestTransformBroadcast::test_multiple_broadcast_compose PASSED [ 72%]
../pytorch3d/tests/test_transforms.py::TestRotate::test_get_item PASSED  [ 73%]
../pytorch3d/tests/test_transforms.py::TestRotate::test_invalid_dimensions PASSED [ 75%]
../pytorch3d/tests/test_transforms.py::TestRotate::test_inverse PASSED   [ 76%]
../pytorch3d/tests/test_transforms.py::TestRotate::test_single_matrix PASSED [ 78%]
../pytorch3d/tests/test_transforms.py::TestRotateAxisAngle::test_axis_fail PASSED [ 80%]
../pytorch3d/tests/test_transforms.py::TestRotateAxisAngle::test_lower_case_axis PASSED [ 81%]
../pytorch3d/tests/test_transforms.py::TestRotateAxisAngle::test_rotate_angle_fail PASSED [ 83%]
../pytorch3d/tests/test_transforms.py::TestRotateAxisAngle::test_rotate_angle_radians PASSED [ 84%]
../pytorch3d/tests/test_transforms.py::TestRotateAxisAngle::test_rotate_compose_x_y_z PASSED [ 86%]
../pytorch3d/tests/test_transforms.py::TestRotateAxisAngle::test_rotate_x_python_scalar PASSED [ 87%]
../pytorch3d/tests/test_transforms.py::TestRotateAxisAngle::test_rotate_x_torch_scalar PASSED [ 89%]
../pytorch3d/tests/test_transforms.py::TestRotateAxisAngle::test_rotate_x_torch_tensor PASSED [ 90%]
../pytorch3d/tests/test_transforms.py::TestRotateAxisAngle::test_rotate_y_python_scalar PASSED [ 92%]
../pytorch3d/tests/test_transforms.py::TestRotateAxisAngle::test_rotate_y_torch_scalar PASSED [ 93%]
../pytorch3d/tests/test_transforms.py::TestRotateAxisAngle::test_rotate_y_torch_tensor PASSED [ 95%]
../pytorch3d/tests/test_transforms.py::TestRotateAxisAngle::test_rotate_z_python_scalar PASSED [ 96%]
../pytorch3d/tests/test_transforms.py::TestRotateAxisAngle::test_rotate_z_torch_scalar PASSED [ 98%]
../pytorch3d/tests/test_transforms.py::TestRotateAxisAngle::test_rotate_z_torch_tensor PASSED [100%]

============================== 65 passed in 1.44s ==============================


Initial Result:
============================= test session starts ==============================
platform linux -- Python 3.8.5, pytest-8.3.3, pluggy-1.5.0 -- /local/data0/moved_data/pytorch3d/venv/bin/python3
cachedir: .pytest_cache
rootdir: /local/data0/moved_data/pytorch3d
collecting ... collected 65 items

../pytorch3d/tests/test_transforms.py::TestTransform::test_clone PASSED  [  1%]
../pytorch3d/tests/test_transforms.py::TestTransform::test_compose_fail PASSED [  3%]
../pytorch3d/tests/test_transforms.py::TestTransform::test_dtype_propagation PASSED [  4%]
../pytorch3d/tests/test_transforms.py::TestTransform::test_get_item PASSED [  6%]
../pytorch3d/tests/test_transforms.py::TestTransform::test_get_se3 PASSED [  7%]
../pytorch3d/tests/test_transforms.py::TestTransform::test_init_with_custom_matrix PASSED [  9%]
../pytorch3d/tests/test_transforms.py::TestTransform::test_init_with_custom_matrix_errors PASSED [ 10%]
../pytorch3d/tests/test_transforms.py::TestTransform::test_inverse PASSED [ 12%]
../pytorch3d/tests/test_transforms.py::TestTransform::test_rotate_axis_angle PASSED [ 13%]
../pytorch3d/tests/test_transforms.py::TestTransform::test_rotate_check_rot_valid_off PASSED [ 15%]
../pytorch3d/tests/test_transforms.py::TestTransform::test_rotate_check_rot_valid_on PASSED [ 16%]
../pytorch3d/tests/test_transforms.py::TestTransform::test_scale PASSED  [ 18%]
../pytorch3d/tests/test_transforms.py::TestTransform::test_scale_translate PASSED [ 20%]
../pytorch3d/tests/test_transforms.py::TestTransform::test_stack PASSED  [ 21%]
../pytorch3d/tests/test_transforms.py::TestTransform::test_to PASSED     [ 23%]
../pytorch3d/tests/test_transforms.py::TestTransform::test_transform_points_eps PASSED [ 24%]
../pytorch3d/tests/test_transforms.py::TestTransform::test_transform_points_fail PASSED [ 26%]
../pytorch3d/tests/test_transforms.py::TestTransform::test_translate PASSED [ 27%]
../pytorch3d/tests/test_transforms.py::TestTranslate::test_bad_broadcast PASSED [ 29%]
../pytorch3d/tests/test_transforms.py::TestTranslate::test_get_item PASSED [ 30%]
../pytorch3d/tests/test_transforms.py::TestTranslate::test_inverse PASSED [ 32%]
../pytorch3d/tests/test_transforms.py::TestTranslate::test_matrix PASSED [ 33%]
../pytorch3d/tests/test_transforms.py::TestTranslate::test_matrix_extra_args PASSED [ 35%]
../pytorch3d/tests/test_transforms.py::TestTranslate::test_mixed_broadcast PASSED [ 36%]
../pytorch3d/tests/test_transforms.py::TestTranslate::test_mixed_broadcast_grad PASSED [ 38%]
../pytorch3d/tests/test_transforms.py::TestTranslate::test_mixed_scalars PASSED [ 40%]
../pytorch3d/tests/test_transforms.py::TestTranslate::test_python_scalar PASSED [ 41%]
../pytorch3d/tests/test_transforms.py::TestTranslate::test_torch_scalar PASSED [ 43%]
../pytorch3d/tests/test_transforms.py::TestTranslate::test_torch_scalar_grads PASSED [ 44%]
../pytorch3d/tests/test_transforms.py::TestTranslate::test_torch_vectors PASSED [ 46%]
../pytorch3d/tests/test_transforms.py::TestTranslate::test_vector_broadcast PASSED [ 47%]
../pytorch3d/tests/test_transforms.py::TestScale::test_get_item PASSED   [ 49%]
../pytorch3d/tests/test_transforms.py::TestScale::test_inverse PASSED    [ 50%]
../pytorch3d/tests/test_transforms.py::TestScale::test_single_matrix PASSED [ 52%]
../pytorch3d/tests/test_transforms.py::TestScale::test_single_python_scalar PASSED [ 53%]
../pytorch3d/tests/test_transforms.py::TestScale::test_single_torch_scalar PASSED [ 55%]
../pytorch3d/tests/test_transforms.py::TestScale::test_single_vector PASSED [ 56%]
../pytorch3d/tests/test_transforms.py::TestScale::test_three_mixed_broadcast_grad PASSED [ 58%]
../pytorch3d/tests/test_transforms.py::TestScale::test_three_mixed_scalar PASSED [ 60%]
../pytorch3d/tests/test_transforms.py::TestScale::test_three_python_scalar PASSED [ 61%]
../pytorch3d/tests/test_transforms.py::TestScale::test_three_torch_scalar PASSED [ 63%]
../pytorch3d/tests/test_transforms.py::TestScale::test_three_vector_broadcast PASSED [ 64%]
../pytorch3d/tests/test_transforms.py::TestTransformBroadcast::test_broadcast_compose PASSED [ 66%]
../pytorch3d/tests/test_transforms.py::TestTransformBroadcast::test_broadcast_compose_fail PASSED [ 67%]
../pytorch3d/tests/test_transforms.py::TestTransformBroadcast::test_broadcast_transform_normals PASSED [ 69%]
../pytorch3d/tests/test_transforms.py::TestTransformBroadcast::test_broadcast_transform_points PASSED [ 70%]
../pytorch3d/tests/test_transforms.py::TestTransformBroadcast::test_multiple_broadcast_compose PASSED [ 72%]
../pytorch3d/tests/test_transforms.py::TestRotate::test_get_item PASSED  [ 73%]
../pytorch3d/tests/test_transforms.py::TestRotate::test_invalid_dimensions PASSED [ 75%]
../pytorch3d/tests/test_transforms.py::TestRotate::test_inverse PASSED   [ 76%]
../pytorch3d/tests/test_transforms.py::TestRotate::test_single_matrix PASSED [ 78%]
../pytorch3d/tests/test_transforms.py::TestRotateAxisAngle::test_axis_fail PASSED [ 80%]
../pytorch3d/tests/test_transforms.py::TestRotateAxisAngle::test_lower_case_axis PASSED [ 81%]
../pytorch3d/tests/test_transforms.py::TestRotateAxisAngle::test_rotate_angle_fail PASSED [ 83%]
../pytorch3d/tests/test_transforms.py::TestRotateAxisAngle::test_rotate_angle_radians PASSED [ 84%]
../pytorch3d/tests/test_transforms.py::TestRotateAxisAngle::test_rotate_compose_x_y_z PASSED [ 86%]
../pytorch3d/tests/test_transforms.py::TestRotateAxisAngle::test_rotate_x_python_scalar PASSED [ 87%]
../pytorch3d/tests/test_transforms.py::TestRotateAxisAngle::test_rotate_x_torch_scalar PASSED [ 89%]
../pytorch3d/tests/test_transforms.py::TestRotateAxisAngle::test_rotate_x_torch_tensor PASSED [ 90%]
../pytorch3d/tests/test_transforms.py::TestRotateAxisAngle::test_rotate_y_python_scalar PASSED [ 92%]
../pytorch3d/tests/test_transforms.py::TestRotateAxisAngle::test_rotate_y_torch_scalar PASSED [ 93%]
../pytorch3d/tests/test_transforms.py::TestRotateAxisAngle::test_rotate_y_torch_tensor PASSED [ 95%]
../pytorch3d/tests/test_transforms.py::TestRotateAxisAngle::test_rotate_z_python_scalar PASSED [ 96%]
../pytorch3d/tests/test_transforms.py::TestRotateAxisAngle::test_rotate_z_torch_scalar PASSED [ 98%]
../pytorch3d/tests/test_transforms.py::TestRotateAxisAngle::test_rotate_z_torch_tensor PASSED [100%]

============================== 65 passed in 1.99s ==============================
