output file:
processed_visionmake_grid272.json
function:
make_grid
Error Cases:

Pass or Failed: 0

Related Failed Test Cases:
{'../publishablew/vision/vision/test/test_utils.py::test_make_grid_not_inplace FAILED', '../publishablew/vision/vision/test/test_utils.py::test_save_image FAILED', '../publishablew/vision/vision/test/test_utils.py::test_save_image_single_pixel_file_object FAILED', 'FAILED ../publishablew/vision/vision/test/test_utils.py::test_normalize_in_make_grid', 'FAILED ../publishablew/vision/vision/test/test_utils.py::test_save_image_file_object', 'FAILED ../publishablew/vision/vision/test/test_utils.py::test_save_image_single_pixel_file_object', '../publishablew/vision/vision/test/test_utils.py::test_normalize_in_make_grid FAILED', 'FAILED ../publishablew/vision/vision/test/test_utils.py::test_make_grid_not_inplace', 'FAILED ../publishablew/vision/vision/test/test_utils.py::test_save_image - Ty...', '../publishablew/vision/vision/test/test_utils.py::test_save_image_single_pixel FAILED', 'FAILED ../publishablew/vision/vision/test/test_utils.py::test_save_image_single_pixel', '../publishablew/vision/vision/test/test_utils.py::test_save_image_file_object FAILED'}

All Test Cases On Generated code:
============================= test session starts ==============================
platform linux -- Python 3.11.10, pytest-8.3.4, pluggy-1.5.0 -- /local/data0/moved_data/publishablew/vision/vision/venv/bin/python
cachedir: .pytest_cache
rootdir: /local/data0/moved_data/publishablew/vision/vision
configfile: pytest.ini
plugins: mock-3.14.0
collecting ... collected 92 items

../publishablew/vision/vision/test/test_utils.py::test_make_grid_not_inplace FAILED
../publishablew/vision/vision/test/test_utils.py::test_normalize_in_make_grid FAILED
../publishablew/vision/vision/test/test_utils.py::test_save_image FAILED
../publishablew/vision/vision/test/test_utils.py::test_save_image_single_pixel FAILED
../publishablew/vision/vision/test/test_utils.py::test_save_image_file_object FAILED
../publishablew/vision/vision/test/test_utils.py::test_save_image_single_pixel_file_object FAILED
../publishablew/vision/vision/test/test_utils.py::test_draw_boxes PASSED
../publishablew/vision/vision/test/test_utils.py::test_draw_boxes_with_coloured_labels PASSED
../publishablew/vision/vision/test/test_utils.py::test_draw_boxes_dtypes[True] PASSED
../publishablew/vision/vision/test/test_utils.py::test_draw_boxes_dtypes[False] PASSED
../publishablew/vision/vision/test/test_utils.py::test_draw_boxes_colors[None] PASSED
../publishablew/vision/vision/test/test_utils.py::test_draw_boxes_colors[colors1] PASSED
../publishablew/vision/vision/test/test_utils.py::test_draw_boxes_colors[red] PASSED
../publishablew/vision/vision/test/test_utils.py::test_draw_boxes_colors[#FF00FF] PASSED
../publishablew/vision/vision/test/test_utils.py::test_draw_boxes_colors[colors4] PASSED
../publishablew/vision/vision/test/test_utils.py::test_draw_boxes_vanilla PASSED
../publishablew/vision/vision/test/test_utils.py::test_draw_boxes_grayscale PASSED
../publishablew/vision/vision/test/test_utils.py::test_draw_invalid_boxes PASSED
../publishablew/vision/vision/test/test_utils.py::test_draw_boxes_warning PASSED
../publishablew/vision/vision/test/test_utils.py::test_draw_no_boxes PASSED
../publishablew/vision/vision/test/test_utils.py::test_draw_segmentation_masks[cpu-0-None] PASSED
../publishablew/vision/vision/test/test_utils.py::test_draw_segmentation_masks[cpu-0-blue] PASSED
../publishablew/vision/vision/test/test_utils.py::test_draw_segmentation_masks[cpu-0-#FF00FF] PASSED
../publishablew/vision/vision/test/test_utils.py::test_draw_segmentation_masks[cpu-0-colors3] PASSED
../publishablew/vision/vision/test/test_utils.py::test_draw_segmentation_masks[cpu-0-colors4] PASSED
../publishablew/vision/vision/test/test_utils.py::test_draw_segmentation_masks[cpu-0-colors5] PASSED
../publishablew/vision/vision/test/test_utils.py::test_draw_segmentation_masks[cpu-0.5-None] PASSED
../publishablew/vision/vision/test/test_utils.py::test_draw_segmentation_masks[cpu-0.5-blue] PASSED
../publishablew/vision/vision/test/test_utils.py::test_draw_segmentation_masks[cpu-0.5-#FF00FF] PASSED
../publishablew/vision/vision/test/test_utils.py::test_draw_segmentation_masks[cpu-0.5-colors3] PASSED
../publishablew/vision/vision/test/test_utils.py::test_draw_segmentation_masks[cpu-0.5-colors4] PASSED
../publishablew/vision/vision/test/test_utils.py::test_draw_segmentation_masks[cpu-0.5-colors5] PASSED
../publishablew/vision/vision/test/test_utils.py::test_draw_segmentation_masks[cpu-0.7-None] PASSED
../publishablew/vision/vision/test/test_utils.py::test_draw_segmentation_masks[cpu-0.7-blue] PASSED
../publishablew/vision/vision/test/test_utils.py::test_draw_segmentation_masks[cpu-0.7-#FF00FF] PASSED
../publishablew/vision/vision/test/test_utils.py::test_draw_segmentation_masks[cpu-0.7-colors3] PASSED
../publishablew/vision/vision/test/test_utils.py::test_draw_segmentation_masks[cpu-0.7-colors4] PASSED
../publishablew/vision/vision/test/test_utils.py::test_draw_segmentation_masks[cpu-0.7-colors5] PASSED
../publishablew/vision/vision/test/test_utils.py::test_draw_segmentation_masks[cpu-1-None] PASSED
../publishablew/vision/vision/test/test_utils.py::test_draw_segmentation_masks[cpu-1-blue] PASSED
../publishablew/vision/vision/test/test_utils.py::test_draw_segmentation_masks[cpu-1-#FF00FF] PASSED
../publishablew/vision/vision/test/test_utils.py::test_draw_segmentation_masks[cpu-1-colors3] PASSED
../publishablew/vision/vision/test/test_utils.py::test_draw_segmentation_masks[cpu-1-colors4] PASSED
../publishablew/vision/vision/test/test_utils.py::test_draw_segmentation_masks[cpu-1-colors5] PASSED
../publishablew/vision/vision/test/test_utils.py::test_draw_segmentation_masks[cuda-0-None] PASSED
../publishablew/vision/vision/test/test_utils.py::test_draw_segmentation_masks[cuda-0-blue] PASSED
../publishablew/vision/vision/test/test_utils.py::test_draw_segmentation_masks[cuda-0-#FF00FF] PASSED
../publishablew/vision/vision/test/test_utils.py::test_draw_segmentation_masks[cuda-0-colors3] PASSED
../publishablew/vision/vision/test/test_utils.py::test_draw_segmentation_masks[cuda-0-colors4] PASSED
../publishablew/vision/vision/test/test_utils.py::test_draw_segmentation_masks[cuda-0-colors5] PASSED
../publishablew/vision/vision/test/test_utils.py::test_draw_segmentation_masks[cuda-0.5-None] PASSED
../publishablew/vision/vision/test/test_utils.py::test_draw_segmentation_masks[cuda-0.5-blue] PASSED
../publishablew/vision/vision/test/test_utils.py::test_draw_segmentation_masks[cuda-0.5-#FF00FF] PASSED
../publishablew/vision/vision/test/test_utils.py::test_draw_segmentation_masks[cuda-0.5-colors3] PASSED
../publishablew/vision/vision/test/test_utils.py::test_draw_segmentation_masks[cuda-0.5-colors4] PASSED
../publishablew/vision/vision/test/test_utils.py::test_draw_segmentation_masks[cuda-0.5-colors5] PASSED
../publishablew/vision/vision/test/test_utils.py::test_draw_segmentation_masks[cuda-0.7-None] PASSED
../publishablew/vision/vision/test/test_utils.py::test_draw_segmentation_masks[cuda-0.7-blue] PASSED
../publishablew/vision/vision/test/test_utils.py::test_draw_segmentation_masks[cuda-0.7-#FF00FF] PASSED
../publishablew/vision/vision/test/test_utils.py::test_draw_segmentation_masks[cuda-0.7-colors3] PASSED
../publishablew/vision/vision/test/test_utils.py::test_draw_segmentation_masks[cuda-0.7-colors4] PASSED
../publishablew/vision/vision/test/test_utils.py::test_draw_segmentation_masks[cuda-0.7-colors5] PASSED
../publishablew/vision/vision/test/test_utils.py::test_draw_segmentation_masks[cuda-1-None] PASSED
../publishablew/vision/vision/test/test_utils.py::test_draw_segmentation_masks[cuda-1-blue] PASSED
../publishablew/vision/vision/test/test_utils.py::test_draw_segmentation_masks[cuda-1-#FF00FF] PASSED
../publishablew/vision/vision/test/test_utils.py::test_draw_segmentation_masks[cuda-1-colors3] PASSED
../publishablew/vision/vision/test/test_utils.py::test_draw_segmentation_masks[cuda-1-colors4] PASSED
../publishablew/vision/vision/test/test_utils.py::test_draw_segmentation_masks[cuda-1-colors5] PASSED
../publishablew/vision/vision/test/test_utils.py::test_draw_segmentation_masks_dtypes PASSED
../publishablew/vision/vision/test/test_utils.py::test_draw_segmentation_masks_errors[cpu] PASSED
../publishablew/vision/vision/test/test_utils.py::test_draw_segmentation_masks_errors[cuda] PASSED
../publishablew/vision/vision/test/test_utils.py::test_draw_no_segmention_mask[cpu] PASSED
../publishablew/vision/vision/test/test_utils.py::test_draw_no_segmention_mask[cuda] PASSED
../publishablew/vision/vision/test/test_utils.py::test_draw_keypoints_vanilla PASSED
../publishablew/vision/vision/test/test_utils.py::test_draw_keypoins_K_equals_one PASSED
../publishablew/vision/vision/test/test_utils.py::test_draw_keypoints_colored[red] PASSED
../publishablew/vision/vision/test/test_utils.py::test_draw_keypoints_colored[#FF00FF] PASSED
../publishablew/vision/vision/test/test_utils.py::test_draw_keypoints_colored[colors2] PASSED
../publishablew/vision/vision/test/test_utils.py::test_draw_keypoints_visibility[vis0-connectivity0] PASSED
../publishablew/vision/vision/test/test_utils.py::test_draw_keypoints_visibility[vis0-connectivity1] PASSED
../publishablew/vision/vision/test/test_utils.py::test_draw_keypoints_visibility[vis1-connectivity0] PASSED
../publishablew/vision/vision/test/test_utils.py::test_draw_keypoints_visibility[vis1-connectivity1] PASSED
../publishablew/vision/vision/test/test_utils.py::test_draw_keypoints_visibility_default PASSED
../publishablew/vision/vision/test/test_utils.py::test_draw_keypoints_dtypes PASSED
../publishablew/vision/vision/test/test_utils.py::test_draw_keypoints_errors PASSED
../publishablew/vision/vision/test/test_utils.py::test_flow_to_image[True] PASSED
../publishablew/vision/vision/test/test_utils.py::test_flow_to_image[False] PASSED
../publishablew/vision/vision/test/test_utils.py::test_flow_to_image_errors[input_flow0-Input flow should have shape] PASSED
../publishablew/vision/vision/test/test_utils.py::test_flow_to_image_errors[input_flow1-Input flow should have shape] PASSED
../publishablew/vision/vision/test/test_utils.py::test_flow_to_image_errors[input_flow2-Input flow should have shape] PASSED
../publishablew/vision/vision/test/test_utils.py::test_flow_to_image_errors[input_flow3-Input flow should have shape] PASSED
../publishablew/vision/vision/test/test_utils.py::test_flow_to_image_errors[input_flow4-Flow should be of dtype torch.float] PASSED

=================================== FAILURES ===================================
__________________________ test_make_grid_not_inplace __________________________
../publishablew/vision/vision/test/test_utils.py:28: in test_make_grid_not_inplace
    utils.make_grid(t, normalize=False)
../publishablew/vision/vision/venv/lib/python3.11/site-packages/torch/utils/_contextlib.py:116: in decorate_context
    return func(*args, **kwargs)
../publishablew/vision/vision/torchvision/utils.py:16: in make_grid
    return make_grid(tensor, nrow, padding, normalize, value_range, scale_each, pad_value)
../publishablew/vision/vision/torchvision/temp.py:34: in make_grid
    grid = tv_make_grid(tensor, nrow=nrow, padding=padding, normalize=normalize, range=value_range, scale_each=scale_each, pad_value=pad_value)
../publishablew/vision/vision/venv/lib/python3.11/site-packages/torch/utils/_contextlib.py:116: in decorate_context
    return func(*args, **kwargs)
E   TypeError: make_grid1() got an unexpected keyword argument 'range'
_________________________ test_normalize_in_make_grid __________________________
../publishablew/vision/vision/test/test_utils.py:43: in test_normalize_in_make_grid
    grid = utils.make_grid(t, normalize=True)
../publishablew/vision/vision/venv/lib/python3.11/site-packages/torch/utils/_contextlib.py:116: in decorate_context
    return func(*args, **kwargs)
../publishablew/vision/vision/torchvision/utils.py:16: in make_grid
    return make_grid(tensor, nrow, padding, normalize, value_range, scale_each, pad_value)
../publishablew/vision/vision/torchvision/temp.py:34: in make_grid
    grid = tv_make_grid(tensor, nrow=nrow, padding=padding, normalize=normalize, range=value_range, scale_each=scale_each, pad_value=pad_value)
../publishablew/vision/vision/venv/lib/python3.11/site-packages/torch/utils/_contextlib.py:116: in decorate_context
    return func(*args, **kwargs)
E   TypeError: make_grid1() got an unexpected keyword argument 'range'
_______________________________ test_save_image ________________________________
../publishablew/vision/vision/test/test_utils.py:60: in test_save_image
    utils.save_image(t, f.name)
../publishablew/vision/vision/venv/lib/python3.11/site-packages/torch/utils/_contextlib.py:116: in decorate_context
    return func(*args, **kwargs)
../publishablew/vision/vision/torchvision/utils.py:113: in save_image
    grid = make_grid(tensor, **kwargs)
../publishablew/vision/vision/venv/lib/python3.11/site-packages/torch/utils/_contextlib.py:116: in decorate_context
    return func(*args, **kwargs)
../publishablew/vision/vision/torchvision/utils.py:16: in make_grid
    return make_grid(tensor, nrow, padding, normalize, value_range, scale_each, pad_value)
../publishablew/vision/vision/torchvision/temp.py:34: in make_grid
    grid = tv_make_grid(tensor, nrow=nrow, padding=padding, normalize=normalize, range=value_range, scale_each=scale_each, pad_value=pad_value)
../publishablew/vision/vision/venv/lib/python3.11/site-packages/torch/utils/_contextlib.py:116: in decorate_context
    return func(*args, **kwargs)
E   TypeError: make_grid1() got an unexpected keyword argument 'range'
_________________________ test_save_image_single_pixel _________________________
../publishablew/vision/vision/test/test_utils.py:68: in test_save_image_single_pixel
    utils.save_image(t, f.name)
../publishablew/vision/vision/venv/lib/python3.11/site-packages/torch/utils/_contextlib.py:116: in decorate_context
    return func(*args, **kwargs)
../publishablew/vision/vision/torchvision/utils.py:113: in save_image
    grid = make_grid(tensor, **kwargs)
../publishablew/vision/vision/venv/lib/python3.11/site-packages/torch/utils/_contextlib.py:116: in decorate_context
    return func(*args, **kwargs)
../publishablew/vision/vision/torchvision/utils.py:16: in make_grid
    return make_grid(tensor, nrow, padding, normalize, value_range, scale_each, pad_value)
../publishablew/vision/vision/torchvision/temp.py:34: in make_grid
    grid = tv_make_grid(tensor, nrow=nrow, padding=padding, normalize=normalize, range=value_range, scale_each=scale_each, pad_value=pad_value)
../publishablew/vision/vision/venv/lib/python3.11/site-packages/torch/utils/_contextlib.py:116: in decorate_context
    return func(*args, **kwargs)
E   TypeError: make_grid1() got an unexpected keyword argument 'range'
_________________________ test_save_image_file_object __________________________
../publishablew/vision/vision/test/test_utils.py:76: in test_save_image_file_object
    utils.save_image(t, f.name)
../publishablew/vision/vision/venv/lib/python3.11/site-packages/torch/utils/_contextlib.py:116: in decorate_context
    return func(*args, **kwargs)
../publishablew/vision/vision/torchvision/utils.py:113: in save_image
    grid = make_grid(tensor, **kwargs)
../publishablew/vision/vision/venv/lib/python3.11/site-packages/torch/utils/_contextlib.py:116: in decorate_context
    return func(*args, **kwargs)
../publishablew/vision/vision/torchvision/utils.py:16: in make_grid
    return make_grid(tensor, nrow, padding, normalize, value_range, scale_each, pad_value)
../publishablew/vision/vision/torchvision/temp.py:34: in make_grid
    grid = tv_make_grid(tensor, nrow=nrow, padding=padding, normalize=normalize, range=value_range, scale_each=scale_each, pad_value=pad_value)
../publishablew/vision/vision/venv/lib/python3.11/site-packages/torch/utils/_contextlib.py:116: in decorate_context
    return func(*args, **kwargs)
E   TypeError: make_grid1() got an unexpected keyword argument 'range'
___________________ test_save_image_single_pixel_file_object ___________________
../publishablew/vision/vision/test/test_utils.py:88: in test_save_image_single_pixel_file_object
    utils.save_image(t, f.name)
../publishablew/vision/vision/venv/lib/python3.11/site-packages/torch/utils/_contextlib.py:116: in decorate_context
    return func(*args, **kwargs)
../publishablew/vision/vision/torchvision/utils.py:113: in save_image
    grid = make_grid(tensor, **kwargs)
../publishablew/vision/vision/venv/lib/python3.11/site-packages/torch/utils/_contextlib.py:116: in decorate_context
    return func(*args, **kwargs)
../publishablew/vision/vision/torchvision/utils.py:16: in make_grid
    return make_grid(tensor, nrow, padding, normalize, value_range, scale_each, pad_value)
../publishablew/vision/vision/torchvision/temp.py:34: in make_grid
    grid = tv_make_grid(tensor, nrow=nrow, padding=padding, normalize=normalize, range=value_range, scale_each=scale_each, pad_value=pad_value)
../publishablew/vision/vision/venv/lib/python3.11/site-packages/torch/utils/_contextlib.py:116: in decorate_context
    return func(*args, **kwargs)
E   TypeError: make_grid1() got an unexpected keyword argument 'range'
=========================== short test summary info ============================
FAILED ../publishablew/vision/vision/test/test_utils.py::test_make_grid_not_inplace
FAILED ../publishablew/vision/vision/test/test_utils.py::test_normalize_in_make_grid
FAILED ../publishablew/vision/vision/test/test_utils.py::test_save_image - Ty...
FAILED ../publishablew/vision/vision/test/test_utils.py::test_save_image_single_pixel
FAILED ../publishablew/vision/vision/test/test_utils.py::test_save_image_file_object
FAILED ../publishablew/vision/vision/test/test_utils.py::test_save_image_single_pixel_file_object
========================= 6 failed, 86 passed in 0.68s =========================


Final Test Result:
============================= test session starts ==============================
platform linux -- Python 3.11.10, pytest-8.3.4, pluggy-1.5.0 -- /local/data0/moved_data/publishablew/vision/vision/venv/bin/python
cachedir: .pytest_cache
rootdir: /local/data0/moved_data/publishablew/vision/vision
configfile: pytest.ini
plugins: mock-3.14.0
collecting ... collected 92 items

../publishablew/vision/vision/test/test_utils.py::test_make_grid_not_inplace PASSED
../publishablew/vision/vision/test/test_utils.py::test_normalize_in_make_grid PASSED
../publishablew/vision/vision/test/test_utils.py::test_save_image PASSED
../publishablew/vision/vision/test/test_utils.py::test_save_image_single_pixel PASSED
../publishablew/vision/vision/test/test_utils.py::test_save_image_file_object PASSED
../publishablew/vision/vision/test/test_utils.py::test_save_image_single_pixel_file_object PASSED
../publishablew/vision/vision/test/test_utils.py::test_draw_boxes PASSED
../publishablew/vision/vision/test/test_utils.py::test_draw_boxes_with_coloured_labels PASSED
../publishablew/vision/vision/test/test_utils.py::test_draw_boxes_dtypes[True] PASSED
../publishablew/vision/vision/test/test_utils.py::test_draw_boxes_dtypes[False] PASSED
../publishablew/vision/vision/test/test_utils.py::test_draw_boxes_colors[None] PASSED
../publishablew/vision/vision/test/test_utils.py::test_draw_boxes_colors[colors1] PASSED
../publishablew/vision/vision/test/test_utils.py::test_draw_boxes_colors[red] PASSED
../publishablew/vision/vision/test/test_utils.py::test_draw_boxes_colors[#FF00FF] PASSED
../publishablew/vision/vision/test/test_utils.py::test_draw_boxes_colors[colors4] PASSED
../publishablew/vision/vision/test/test_utils.py::test_draw_boxes_vanilla PASSED
../publishablew/vision/vision/test/test_utils.py::test_draw_boxes_grayscale PASSED
../publishablew/vision/vision/test/test_utils.py::test_draw_invalid_boxes PASSED
../publishablew/vision/vision/test/test_utils.py::test_draw_boxes_warning PASSED
../publishablew/vision/vision/test/test_utils.py::test_draw_no_boxes PASSED
../publishablew/vision/vision/test/test_utils.py::test_draw_segmentation_masks[cpu-0-None] PASSED
../publishablew/vision/vision/test/test_utils.py::test_draw_segmentation_masks[cpu-0-blue] PASSED
../publishablew/vision/vision/test/test_utils.py::test_draw_segmentation_masks[cpu-0-#FF00FF] PASSED
../publishablew/vision/vision/test/test_utils.py::test_draw_segmentation_masks[cpu-0-colors3] PASSED
../publishablew/vision/vision/test/test_utils.py::test_draw_segmentation_masks[cpu-0-colors4] PASSED
../publishablew/vision/vision/test/test_utils.py::test_draw_segmentation_masks[cpu-0-colors5] PASSED
../publishablew/vision/vision/test/test_utils.py::test_draw_segmentation_masks[cpu-0.5-None] PASSED
../publishablew/vision/vision/test/test_utils.py::test_draw_segmentation_masks[cpu-0.5-blue] PASSED
../publishablew/vision/vision/test/test_utils.py::test_draw_segmentation_masks[cpu-0.5-#FF00FF] PASSED
../publishablew/vision/vision/test/test_utils.py::test_draw_segmentation_masks[cpu-0.5-colors3] PASSED
../publishablew/vision/vision/test/test_utils.py::test_draw_segmentation_masks[cpu-0.5-colors4] PASSED
../publishablew/vision/vision/test/test_utils.py::test_draw_segmentation_masks[cpu-0.5-colors5] PASSED
../publishablew/vision/vision/test/test_utils.py::test_draw_segmentation_masks[cpu-0.7-None] PASSED
../publishablew/vision/vision/test/test_utils.py::test_draw_segmentation_masks[cpu-0.7-blue] PASSED
../publishablew/vision/vision/test/test_utils.py::test_draw_segmentation_masks[cpu-0.7-#FF00FF] PASSED
../publishablew/vision/vision/test/test_utils.py::test_draw_segmentation_masks[cpu-0.7-colors3] PASSED
../publishablew/vision/vision/test/test_utils.py::test_draw_segmentation_masks[cpu-0.7-colors4] PASSED
../publishablew/vision/vision/test/test_utils.py::test_draw_segmentation_masks[cpu-0.7-colors5] PASSED
../publishablew/vision/vision/test/test_utils.py::test_draw_segmentation_masks[cpu-1-None] PASSED
../publishablew/vision/vision/test/test_utils.py::test_draw_segmentation_masks[cpu-1-blue] PASSED
../publishablew/vision/vision/test/test_utils.py::test_draw_segmentation_masks[cpu-1-#FF00FF] PASSED
../publishablew/vision/vision/test/test_utils.py::test_draw_segmentation_masks[cpu-1-colors3] PASSED
../publishablew/vision/vision/test/test_utils.py::test_draw_segmentation_masks[cpu-1-colors4] PASSED
../publishablew/vision/vision/test/test_utils.py::test_draw_segmentation_masks[cpu-1-colors5] PASSED
../publishablew/vision/vision/test/test_utils.py::test_draw_segmentation_masks[cuda-0-None] PASSED
../publishablew/vision/vision/test/test_utils.py::test_draw_segmentation_masks[cuda-0-blue] PASSED
../publishablew/vision/vision/test/test_utils.py::test_draw_segmentation_masks[cuda-0-#FF00FF] PASSED
../publishablew/vision/vision/test/test_utils.py::test_draw_segmentation_masks[cuda-0-colors3] PASSED
../publishablew/vision/vision/test/test_utils.py::test_draw_segmentation_masks[cuda-0-colors4] PASSED
../publishablew/vision/vision/test/test_utils.py::test_draw_segmentation_masks[cuda-0-colors5] PASSED
../publishablew/vision/vision/test/test_utils.py::test_draw_segmentation_masks[cuda-0.5-None] PASSED
../publishablew/vision/vision/test/test_utils.py::test_draw_segmentation_masks[cuda-0.5-blue] PASSED
../publishablew/vision/vision/test/test_utils.py::test_draw_segmentation_masks[cuda-0.5-#FF00FF] PASSED
../publishablew/vision/vision/test/test_utils.py::test_draw_segmentation_masks[cuda-0.5-colors3] PASSED
../publishablew/vision/vision/test/test_utils.py::test_draw_segmentation_masks[cuda-0.5-colors4] PASSED
../publishablew/vision/vision/test/test_utils.py::test_draw_segmentation_masks[cuda-0.5-colors5] PASSED
../publishablew/vision/vision/test/test_utils.py::test_draw_segmentation_masks[cuda-0.7-None] PASSED
../publishablew/vision/vision/test/test_utils.py::test_draw_segmentation_masks[cuda-0.7-blue] PASSED
../publishablew/vision/vision/test/test_utils.py::test_draw_segmentation_masks[cuda-0.7-#FF00FF] PASSED
../publishablew/vision/vision/test/test_utils.py::test_draw_segmentation_masks[cuda-0.7-colors3] PASSED
../publishablew/vision/vision/test/test_utils.py::test_draw_segmentation_masks[cuda-0.7-colors4] PASSED
../publishablew/vision/vision/test/test_utils.py::test_draw_segmentation_masks[cuda-0.7-colors5] PASSED
../publishablew/vision/vision/test/test_utils.py::test_draw_segmentation_masks[cuda-1-None] PASSED
../publishablew/vision/vision/test/test_utils.py::test_draw_segmentation_masks[cuda-1-blue] PASSED
../publishablew/vision/vision/test/test_utils.py::test_draw_segmentation_masks[cuda-1-#FF00FF] PASSED
../publishablew/vision/vision/test/test_utils.py::test_draw_segmentation_masks[cuda-1-colors3] PASSED
../publishablew/vision/vision/test/test_utils.py::test_draw_segmentation_masks[cuda-1-colors4] PASSED
../publishablew/vision/vision/test/test_utils.py::test_draw_segmentation_masks[cuda-1-colors5] PASSED
../publishablew/vision/vision/test/test_utils.py::test_draw_segmentation_masks_dtypes PASSED
../publishablew/vision/vision/test/test_utils.py::test_draw_segmentation_masks_errors[cpu] PASSED
../publishablew/vision/vision/test/test_utils.py::test_draw_segmentation_masks_errors[cuda] PASSED
../publishablew/vision/vision/test/test_utils.py::test_draw_no_segmention_mask[cpu] PASSED
../publishablew/vision/vision/test/test_utils.py::test_draw_no_segmention_mask[cuda] PASSED
../publishablew/vision/vision/test/test_utils.py::test_draw_keypoints_vanilla PASSED
../publishablew/vision/vision/test/test_utils.py::test_draw_keypoins_K_equals_one PASSED
../publishablew/vision/vision/test/test_utils.py::test_draw_keypoints_colored[red] PASSED
../publishablew/vision/vision/test/test_utils.py::test_draw_keypoints_colored[#FF00FF] PASSED
../publishablew/vision/vision/test/test_utils.py::test_draw_keypoints_colored[colors2] PASSED
../publishablew/vision/vision/test/test_utils.py::test_draw_keypoints_visibility[vis0-connectivity0] PASSED
../publishablew/vision/vision/test/test_utils.py::test_draw_keypoints_visibility[vis0-connectivity1] PASSED
../publishablew/vision/vision/test/test_utils.py::test_draw_keypoints_visibility[vis1-connectivity0] PASSED
../publishablew/vision/vision/test/test_utils.py::test_draw_keypoints_visibility[vis1-connectivity1] PASSED
../publishablew/vision/vision/test/test_utils.py::test_draw_keypoints_visibility_default PASSED
../publishablew/vision/vision/test/test_utils.py::test_draw_keypoints_dtypes PASSED
../publishablew/vision/vision/test/test_utils.py::test_draw_keypoints_errors PASSED
../publishablew/vision/vision/test/test_utils.py::test_flow_to_image[True] PASSED
../publishablew/vision/vision/test/test_utils.py::test_flow_to_image[False] PASSED
../publishablew/vision/vision/test/test_utils.py::test_flow_to_image_errors[input_flow0-Input flow should have shape] PASSED
../publishablew/vision/vision/test/test_utils.py::test_flow_to_image_errors[input_flow1-Input flow should have shape] PASSED
../publishablew/vision/vision/test/test_utils.py::test_flow_to_image_errors[input_flow2-Input flow should have shape] PASSED
../publishablew/vision/vision/test/test_utils.py::test_flow_to_image_errors[input_flow3-Input flow should have shape] PASSED
../publishablew/vision/vision/test/test_utils.py::test_flow_to_image_errors[input_flow4-Flow should be of dtype torch.float] PASSED

============================== 92 passed in 0.53s ==============================


Initial Result:
============================= test session starts ==============================
platform linux -- Python 3.11.10, pytest-8.3.4, pluggy-1.5.0 -- /local/data0/moved_data/publishablew/vision/vision/venv/bin/python
cachedir: .pytest_cache
rootdir: /local/data0/moved_data/publishablew/vision/vision
configfile: pytest.ini
plugins: mock-3.14.0
collecting ... collected 92 items

../publishablew/vision/vision/test/test_utils.py::test_make_grid_not_inplace PASSED
../publishablew/vision/vision/test/test_utils.py::test_normalize_in_make_grid PASSED
../publishablew/vision/vision/test/test_utils.py::test_save_image PASSED
../publishablew/vision/vision/test/test_utils.py::test_save_image_single_pixel PASSED
../publishablew/vision/vision/test/test_utils.py::test_save_image_file_object PASSED
../publishablew/vision/vision/test/test_utils.py::test_save_image_single_pixel_file_object PASSED
../publishablew/vision/vision/test/test_utils.py::test_draw_boxes PASSED
../publishablew/vision/vision/test/test_utils.py::test_draw_boxes_with_coloured_labels PASSED
../publishablew/vision/vision/test/test_utils.py::test_draw_boxes_dtypes[True] PASSED
../publishablew/vision/vision/test/test_utils.py::test_draw_boxes_dtypes[False] PASSED
../publishablew/vision/vision/test/test_utils.py::test_draw_boxes_colors[None] PASSED
../publishablew/vision/vision/test/test_utils.py::test_draw_boxes_colors[colors1] PASSED
../publishablew/vision/vision/test/test_utils.py::test_draw_boxes_colors[red] PASSED
../publishablew/vision/vision/test/test_utils.py::test_draw_boxes_colors[#FF00FF] PASSED
../publishablew/vision/vision/test/test_utils.py::test_draw_boxes_colors[colors4] PASSED
../publishablew/vision/vision/test/test_utils.py::test_draw_boxes_vanilla PASSED
../publishablew/vision/vision/test/test_utils.py::test_draw_boxes_grayscale PASSED
../publishablew/vision/vision/test/test_utils.py::test_draw_invalid_boxes PASSED
../publishablew/vision/vision/test/test_utils.py::test_draw_boxes_warning PASSED
../publishablew/vision/vision/test/test_utils.py::test_draw_no_boxes PASSED
../publishablew/vision/vision/test/test_utils.py::test_draw_segmentation_masks[cpu-0-None] PASSED
../publishablew/vision/vision/test/test_utils.py::test_draw_segmentation_masks[cpu-0-blue] PASSED
../publishablew/vision/vision/test/test_utils.py::test_draw_segmentation_masks[cpu-0-#FF00FF] PASSED
../publishablew/vision/vision/test/test_utils.py::test_draw_segmentation_masks[cpu-0-colors3] PASSED
../publishablew/vision/vision/test/test_utils.py::test_draw_segmentation_masks[cpu-0-colors4] PASSED
../publishablew/vision/vision/test/test_utils.py::test_draw_segmentation_masks[cpu-0-colors5] PASSED
../publishablew/vision/vision/test/test_utils.py::test_draw_segmentation_masks[cpu-0.5-None] PASSED
../publishablew/vision/vision/test/test_utils.py::test_draw_segmentation_masks[cpu-0.5-blue] PASSED
../publishablew/vision/vision/test/test_utils.py::test_draw_segmentation_masks[cpu-0.5-#FF00FF] PASSED
../publishablew/vision/vision/test/test_utils.py::test_draw_segmentation_masks[cpu-0.5-colors3] PASSED
../publishablew/vision/vision/test/test_utils.py::test_draw_segmentation_masks[cpu-0.5-colors4] PASSED
../publishablew/vision/vision/test/test_utils.py::test_draw_segmentation_masks[cpu-0.5-colors5] PASSED
../publishablew/vision/vision/test/test_utils.py::test_draw_segmentation_masks[cpu-0.7-None] PASSED
../publishablew/vision/vision/test/test_utils.py::test_draw_segmentation_masks[cpu-0.7-blue] PASSED
../publishablew/vision/vision/test/test_utils.py::test_draw_segmentation_masks[cpu-0.7-#FF00FF] PASSED
../publishablew/vision/vision/test/test_utils.py::test_draw_segmentation_masks[cpu-0.7-colors3] PASSED
../publishablew/vision/vision/test/test_utils.py::test_draw_segmentation_masks[cpu-0.7-colors4] PASSED
../publishablew/vision/vision/test/test_utils.py::test_draw_segmentation_masks[cpu-0.7-colors5] PASSED
../publishablew/vision/vision/test/test_utils.py::test_draw_segmentation_masks[cpu-1-None] PASSED
../publishablew/vision/vision/test/test_utils.py::test_draw_segmentation_masks[cpu-1-blue] PASSED
../publishablew/vision/vision/test/test_utils.py::test_draw_segmentation_masks[cpu-1-#FF00FF] PASSED
../publishablew/vision/vision/test/test_utils.py::test_draw_segmentation_masks[cpu-1-colors3] PASSED
../publishablew/vision/vision/test/test_utils.py::test_draw_segmentation_masks[cpu-1-colors4] PASSED
../publishablew/vision/vision/test/test_utils.py::test_draw_segmentation_masks[cpu-1-colors5] PASSED
../publishablew/vision/vision/test/test_utils.py::test_draw_segmentation_masks[cuda-0-None] PASSED
../publishablew/vision/vision/test/test_utils.py::test_draw_segmentation_masks[cuda-0-blue] PASSED
../publishablew/vision/vision/test/test_utils.py::test_draw_segmentation_masks[cuda-0-#FF00FF] PASSED
../publishablew/vision/vision/test/test_utils.py::test_draw_segmentation_masks[cuda-0-colors3] PASSED
../publishablew/vision/vision/test/test_utils.py::test_draw_segmentation_masks[cuda-0-colors4] PASSED
../publishablew/vision/vision/test/test_utils.py::test_draw_segmentation_masks[cuda-0-colors5] PASSED
../publishablew/vision/vision/test/test_utils.py::test_draw_segmentation_masks[cuda-0.5-None] PASSED
../publishablew/vision/vision/test/test_utils.py::test_draw_segmentation_masks[cuda-0.5-blue] PASSED
../publishablew/vision/vision/test/test_utils.py::test_draw_segmentation_masks[cuda-0.5-#FF00FF] PASSED
../publishablew/vision/vision/test/test_utils.py::test_draw_segmentation_masks[cuda-0.5-colors3] PASSED
../publishablew/vision/vision/test/test_utils.py::test_draw_segmentation_masks[cuda-0.5-colors4] PASSED
../publishablew/vision/vision/test/test_utils.py::test_draw_segmentation_masks[cuda-0.5-colors5] PASSED
../publishablew/vision/vision/test/test_utils.py::test_draw_segmentation_masks[cuda-0.7-None] PASSED
../publishablew/vision/vision/test/test_utils.py::test_draw_segmentation_masks[cuda-0.7-blue] PASSED
../publishablew/vision/vision/test/test_utils.py::test_draw_segmentation_masks[cuda-0.7-#FF00FF] PASSED
../publishablew/vision/vision/test/test_utils.py::test_draw_segmentation_masks[cuda-0.7-colors3] PASSED
../publishablew/vision/vision/test/test_utils.py::test_draw_segmentation_masks[cuda-0.7-colors4] PASSED
../publishablew/vision/vision/test/test_utils.py::test_draw_segmentation_masks[cuda-0.7-colors5] PASSED
../publishablew/vision/vision/test/test_utils.py::test_draw_segmentation_masks[cuda-1-None] PASSED
../publishablew/vision/vision/test/test_utils.py::test_draw_segmentation_masks[cuda-1-blue] PASSED
../publishablew/vision/vision/test/test_utils.py::test_draw_segmentation_masks[cuda-1-#FF00FF] PASSED
../publishablew/vision/vision/test/test_utils.py::test_draw_segmentation_masks[cuda-1-colors3] PASSED
../publishablew/vision/vision/test/test_utils.py::test_draw_segmentation_masks[cuda-1-colors4] PASSED
../publishablew/vision/vision/test/test_utils.py::test_draw_segmentation_masks[cuda-1-colors5] PASSED
../publishablew/vision/vision/test/test_utils.py::test_draw_segmentation_masks_dtypes PASSED
../publishablew/vision/vision/test/test_utils.py::test_draw_segmentation_masks_errors[cpu] PASSED
../publishablew/vision/vision/test/test_utils.py::test_draw_segmentation_masks_errors[cuda] PASSED
../publishablew/vision/vision/test/test_utils.py::test_draw_no_segmention_mask[cpu] PASSED
../publishablew/vision/vision/test/test_utils.py::test_draw_no_segmention_mask[cuda] PASSED
../publishablew/vision/vision/test/test_utils.py::test_draw_keypoints_vanilla PASSED
../publishablew/vision/vision/test/test_utils.py::test_draw_keypoins_K_equals_one PASSED
../publishablew/vision/vision/test/test_utils.py::test_draw_keypoints_colored[red] PASSED
../publishablew/vision/vision/test/test_utils.py::test_draw_keypoints_colored[#FF00FF] PASSED
../publishablew/vision/vision/test/test_utils.py::test_draw_keypoints_colored[colors2] PASSED
../publishablew/vision/vision/test/test_utils.py::test_draw_keypoints_visibility[vis0-connectivity0] PASSED
../publishablew/vision/vision/test/test_utils.py::test_draw_keypoints_visibility[vis0-connectivity1] PASSED
../publishablew/vision/vision/test/test_utils.py::test_draw_keypoints_visibility[vis1-connectivity0] PASSED
../publishablew/vision/vision/test/test_utils.py::test_draw_keypoints_visibility[vis1-connectivity1] PASSED
../publishablew/vision/vision/test/test_utils.py::test_draw_keypoints_visibility_default PASSED
../publishablew/vision/vision/test/test_utils.py::test_draw_keypoints_dtypes PASSED
../publishablew/vision/vision/test/test_utils.py::test_draw_keypoints_errors PASSED
../publishablew/vision/vision/test/test_utils.py::test_flow_to_image[True] PASSED
../publishablew/vision/vision/test/test_utils.py::test_flow_to_image[False] PASSED
../publishablew/vision/vision/test/test_utils.py::test_flow_to_image_errors[input_flow0-Input flow should have shape] PASSED
../publishablew/vision/vision/test/test_utils.py::test_flow_to_image_errors[input_flow1-Input flow should have shape] PASSED
../publishablew/vision/vision/test/test_utils.py::test_flow_to_image_errors[input_flow2-Input flow should have shape] PASSED
../publishablew/vision/vision/test/test_utils.py::test_flow_to_image_errors[input_flow3-Input flow should have shape] PASSED
../publishablew/vision/vision/test/test_utils.py::test_flow_to_image_errors[input_flow4-Flow should be of dtype torch.float] PASSED

============================== 92 passed in 1.20s ==============================
