output file:
processed_ignitemodified_precision256.json
function:
modified_precision
Error Cases:

Pass or Failed: 0

Related Failed Test Cases:
{'../publishablew/ignite/ignite/tests/ignite/metrics/nlp/test_utils.py::test_modified_precision[references0-candidate0-expected0] FAILED', 'FAILED ../publishablew/ignite/ignite/tests/ignite/metrics/nlp/test_utils.py::test_modified_precision[references0-candidate0-expected0]', '../publishablew/ignite/ignite/tests/ignite/metrics/nlp/test_utils.py::test_modified_precision_empty FAILED', '../publishablew/ignite/ignite/tests/ignite/metrics/nlp/test_utils.py::test_modified_precision[references1-candidate1-expected1] FAILED', 'FAILED ../publishablew/ignite/ignite/tests/ignite/metrics/nlp/test_utils.py::test_modified_precision[references2-candidate2-expected2]', 'FAILED ../publishablew/ignite/ignite/tests/ignite/metrics/nlp/test_utils.py::test_modified_precision_empty', 'FAILED ../publishablew/ignite/ignite/tests/ignite/metrics/nlp/test_utils.py::test_modified_precision[references1-candidate1-expected1]', '../publishablew/ignite/ignite/tests/ignite/metrics/nlp/test_utils.py::test_modified_precision[references2-candidate2-expected2] FAILED'}

All Test Cases On Generated code:
============================= test session starts ==============================
platform linux -- Python 3.11.10, pytest-8.3.4, pluggy-1.5.0 -- /local/data0/moved_data/publishablew/ignite/ignite/venv/bin/python
cachedir: .pytest_cache
rootdir: /local/data0/moved_data/publishablew/ignite/ignite
configfile: setup.cfg
collecting ... collected 15 items

../publishablew/ignite/ignite/tests/ignite/metrics/nlp/test_utils.py::test_ngrams[sequence0-1-expected_keys0-expected_values0] PASSED
../publishablew/ignite/ignite/tests/ignite/metrics/nlp/test_utils.py::test_ngrams[sequence1-1-expected_keys1-expected_values1] PASSED
../publishablew/ignite/ignite/tests/ignite/metrics/nlp/test_utils.py::test_ngrams[sequence2-2-expected_keys2-expected_values2] PASSED
../publishablew/ignite/ignite/tests/ignite/metrics/nlp/test_utils.py::test_ngrams[sequence3-3-expected_keys3-expected_values3] PASSED
../publishablew/ignite/ignite/tests/ignite/metrics/nlp/test_utils.py::test_ngrams[sequence4-1-expected_keys4-expected_values4] PASSED
../publishablew/ignite/ignite/tests/ignite/metrics/nlp/test_utils.py::test_ngrams[sequence5-2-expected_keys5-expected_values5] PASSED
../publishablew/ignite/ignite/tests/ignite/metrics/nlp/test_utils.py::test_ngrams[abcde-4-expected_keys6-expected_values6] PASSED
../publishablew/ignite/ignite/tests/ignite/metrics/nlp/test_utils.py::test_lcs[seq_a0-seq_b0-0] PASSED
../publishablew/ignite/ignite/tests/ignite/metrics/nlp/test_utils.py::test_lcs[seq_a1-seq_b1-3] PASSED
../publishablew/ignite/ignite/tests/ignite/metrics/nlp/test_utils.py::test_lcs[seq_a2-seq_b2-2] PASSED
../publishablew/ignite/ignite/tests/ignite/metrics/nlp/test_utils.py::test_lcs[academy-abracadabra-4] PASSED
../publishablew/ignite/ignite/tests/ignite/metrics/nlp/test_utils.py::test_modified_precision_empty FAILED
../publishablew/ignite/ignite/tests/ignite/metrics/nlp/test_utils.py::test_modified_precision[references0-candidate0-expected0] FAILED
../publishablew/ignite/ignite/tests/ignite/metrics/nlp/test_utils.py::test_modified_precision[references1-candidate1-expected1] FAILED
../publishablew/ignite/ignite/tests/ignite/metrics/nlp/test_utils.py::test_modified_precision[references2-candidate2-expected2] FAILED

=================================== FAILURES ===================================
________________________ test_modified_precision_empty _________________________

    def test_modified_precision_empty():
        for k in range(1, 5):
>           n, d = modified_precision([[]], [], k)

../publishablew/ignite/ignite/tests/ignite/metrics/nlp/test_utils.py:34: 
_ _ _ _ _ _ _ _ _ _ _ _ _ _ _ _ _ _ _ _ _ _ _ _ _ _ _ _ _ _ _ _ _ _ _ _ _ _ _ _ 
../publishablew/ignite/ignite/ignite/metrics/nlp/utils.py:48: in modified_precision
    from .temp import modified_precision
_ _ _ _ _ _ _ _ _ _ _ _ _ _ _ _ _ _ _ _ _ _ _ _ _ _ _ _ _ _ _ _ _ _ _ _ _ _ _ _ 

    from typing import Any, Sequence, Tuple
    from collections import Counter
>   from nltk.util import ngrams
E   ModuleNotFoundError: No module named 'nltk'

../publishablew/ignite/ignite/ignite/metrics/nlp/temp.py:3: ModuleNotFoundError
__________ test_modified_precision[references0-candidate0-expected0] ___________

references = [[0, 0, 0], [1, 2]], candidate = [1, 2, 3, 4]
expected = ((2, 4), (1, 3), (0, 2))

    @pytest.mark.parametrize(
        "references, candidate, expected",
        [
            ([[0, 0, 0], [1, 2]], [1, 2, 3, 4], ((2, 4), (1, 3), (0, 2))),
            ([[0, 1, 2], [0, 0, 3]], [0, 0, 0, 1, 2], ((4, 5), (3, 4), (1, 3))),
            ([[0, 1, 2], [3, 0, 3]], [3, 0, 0, 1, 2], ((4, 5), (3, 4), (1, 3))),
        ],
    )
    def test_modified_precision(references, candidate, expected):
        for n, (e_n, e_d) in enumerate(expected, start=1):
>           n, d = modified_precision(references, candidate, n)

../publishablew/ignite/ignite/tests/ignite/metrics/nlp/test_utils.py:56: 
_ _ _ _ _ _ _ _ _ _ _ _ _ _ _ _ _ _ _ _ _ _ _ _ _ _ _ _ _ _ _ _ _ _ _ _ _ _ _ _ 
../publishablew/ignite/ignite/ignite/metrics/nlp/utils.py:48: in modified_precision
    from .temp import modified_precision
_ _ _ _ _ _ _ _ _ _ _ _ _ _ _ _ _ _ _ _ _ _ _ _ _ _ _ _ _ _ _ _ _ _ _ _ _ _ _ _ 

    from typing import Any, Sequence, Tuple
    from collections import Counter
>   from nltk.util import ngrams
E   ModuleNotFoundError: No module named 'nltk'

../publishablew/ignite/ignite/ignite/metrics/nlp/temp.py:3: ModuleNotFoundError
__________ test_modified_precision[references1-candidate1-expected1] ___________

references = [[0, 1, 2], [0, 0, 3]], candidate = [0, 0, 0, 1, 2]
expected = ((4, 5), (3, 4), (1, 3))

    @pytest.mark.parametrize(
        "references, candidate, expected",
        [
            ([[0, 0, 0], [1, 2]], [1, 2, 3, 4], ((2, 4), (1, 3), (0, 2))),
            ([[0, 1, 2], [0, 0, 3]], [0, 0, 0, 1, 2], ((4, 5), (3, 4), (1, 3))),
            ([[0, 1, 2], [3, 0, 3]], [3, 0, 0, 1, 2], ((4, 5), (3, 4), (1, 3))),
        ],
    )
    def test_modified_precision(references, candidate, expected):
        for n, (e_n, e_d) in enumerate(expected, start=1):
>           n, d = modified_precision(references, candidate, n)

../publishablew/ignite/ignite/tests/ignite/metrics/nlp/test_utils.py:56: 
_ _ _ _ _ _ _ _ _ _ _ _ _ _ _ _ _ _ _ _ _ _ _ _ _ _ _ _ _ _ _ _ _ _ _ _ _ _ _ _ 
../publishablew/ignite/ignite/ignite/metrics/nlp/utils.py:48: in modified_precision
    from .temp import modified_precision
_ _ _ _ _ _ _ _ _ _ _ _ _ _ _ _ _ _ _ _ _ _ _ _ _ _ _ _ _ _ _ _ _ _ _ _ _ _ _ _ 

    from typing import Any, Sequence, Tuple
    from collections import Counter
>   from nltk.util import ngrams
E   ModuleNotFoundError: No module named 'nltk'

../publishablew/ignite/ignite/ignite/metrics/nlp/temp.py:3: ModuleNotFoundError
__________ test_modified_precision[references2-candidate2-expected2] ___________

references = [[0, 1, 2], [3, 0, 3]], candidate = [3, 0, 0, 1, 2]
expected = ((4, 5), (3, 4), (1, 3))

    @pytest.mark.parametrize(
        "references, candidate, expected",
        [
            ([[0, 0, 0], [1, 2]], [1, 2, 3, 4], ((2, 4), (1, 3), (0, 2))),
            ([[0, 1, 2], [0, 0, 3]], [0, 0, 0, 1, 2], ((4, 5), (3, 4), (1, 3))),
            ([[0, 1, 2], [3, 0, 3]], [3, 0, 0, 1, 2], ((4, 5), (3, 4), (1, 3))),
        ],
    )
    def test_modified_precision(references, candidate, expected):
        for n, (e_n, e_d) in enumerate(expected, start=1):
>           n, d = modified_precision(references, candidate, n)

../publishablew/ignite/ignite/tests/ignite/metrics/nlp/test_utils.py:56: 
_ _ _ _ _ _ _ _ _ _ _ _ _ _ _ _ _ _ _ _ _ _ _ _ _ _ _ _ _ _ _ _ _ _ _ _ _ _ _ _ 
../publishablew/ignite/ignite/ignite/metrics/nlp/utils.py:48: in modified_precision
    from .temp import modified_precision
_ _ _ _ _ _ _ _ _ _ _ _ _ _ _ _ _ _ _ _ _ _ _ _ _ _ _ _ _ _ _ _ _ _ _ _ _ _ _ _ 

    from typing import Any, Sequence, Tuple
    from collections import Counter
>   from nltk.util import ngrams
E   ModuleNotFoundError: No module named 'nltk'

../publishablew/ignite/ignite/ignite/metrics/nlp/temp.py:3: ModuleNotFoundError
=============================== warnings summary ===============================
../publishablew/ignite/ignite/ignite/handlers/checkpoint.py:16
  /local/data0/moved_data/publishablew/ignite/ignite/ignite/handlers/checkpoint.py:16: DeprecationWarning: `TorchScript` support for functional optimizers is deprecated and will be removed in a future PyTorch release. Consider using the `torch.compile` optimizer instead.
    from torch.distributed.optim import ZeroRedundancyOptimizer

-- Docs: https://docs.pytest.org/en/stable/how-to/capture-warnings.html
=========================== short test summary info ============================
FAILED ../publishablew/ignite/ignite/tests/ignite/metrics/nlp/test_utils.py::test_modified_precision_empty
FAILED ../publishablew/ignite/ignite/tests/ignite/metrics/nlp/test_utils.py::test_modified_precision[references0-candidate0-expected0]
FAILED ../publishablew/ignite/ignite/tests/ignite/metrics/nlp/test_utils.py::test_modified_precision[references1-candidate1-expected1]
FAILED ../publishablew/ignite/ignite/tests/ignite/metrics/nlp/test_utils.py::test_modified_precision[references2-candidate2-expected2]
=================== 4 failed, 11 passed, 1 warning in 0.06s ====================


Final Test Result:
============================= test session starts ==============================
platform linux -- Python 3.11.10, pytest-8.3.4, pluggy-1.5.0 -- /local/data0/moved_data/publishablew/ignite/ignite/venv/bin/python
cachedir: .pytest_cache
rootdir: /local/data0/moved_data/publishablew/ignite/ignite
configfile: setup.cfg
collecting ... collected 15 items

../publishablew/ignite/ignite/tests/ignite/metrics/nlp/test_utils.py::test_ngrams[sequence0-1-expected_keys0-expected_values0] PASSED
../publishablew/ignite/ignite/tests/ignite/metrics/nlp/test_utils.py::test_ngrams[sequence1-1-expected_keys1-expected_values1] PASSED
../publishablew/ignite/ignite/tests/ignite/metrics/nlp/test_utils.py::test_ngrams[sequence2-2-expected_keys2-expected_values2] PASSED
../publishablew/ignite/ignite/tests/ignite/metrics/nlp/test_utils.py::test_ngrams[sequence3-3-expected_keys3-expected_values3] PASSED
../publishablew/ignite/ignite/tests/ignite/metrics/nlp/test_utils.py::test_ngrams[sequence4-1-expected_keys4-expected_values4] PASSED
../publishablew/ignite/ignite/tests/ignite/metrics/nlp/test_utils.py::test_ngrams[sequence5-2-expected_keys5-expected_values5] PASSED
../publishablew/ignite/ignite/tests/ignite/metrics/nlp/test_utils.py::test_ngrams[abcde-4-expected_keys6-expected_values6] PASSED
../publishablew/ignite/ignite/tests/ignite/metrics/nlp/test_utils.py::test_lcs[seq_a0-seq_b0-0] PASSED
../publishablew/ignite/ignite/tests/ignite/metrics/nlp/test_utils.py::test_lcs[seq_a1-seq_b1-3] PASSED
../publishablew/ignite/ignite/tests/ignite/metrics/nlp/test_utils.py::test_lcs[seq_a2-seq_b2-2] PASSED
../publishablew/ignite/ignite/tests/ignite/metrics/nlp/test_utils.py::test_lcs[academy-abracadabra-4] PASSED
../publishablew/ignite/ignite/tests/ignite/metrics/nlp/test_utils.py::test_modified_precision_empty PASSED
../publishablew/ignite/ignite/tests/ignite/metrics/nlp/test_utils.py::test_modified_precision[references0-candidate0-expected0] PASSED
../publishablew/ignite/ignite/tests/ignite/metrics/nlp/test_utils.py::test_modified_precision[references1-candidate1-expected1] PASSED
../publishablew/ignite/ignite/tests/ignite/metrics/nlp/test_utils.py::test_modified_precision[references2-candidate2-expected2] PASSED

=============================== warnings summary ===============================
../publishablew/ignite/ignite/ignite/handlers/checkpoint.py:16
  /local/data0/moved_data/publishablew/ignite/ignite/ignite/handlers/checkpoint.py:16: DeprecationWarning: `TorchScript` support for functional optimizers is deprecated and will be removed in a future PyTorch release. Consider using the `torch.compile` optimizer instead.
    from torch.distributed.optim import ZeroRedundancyOptimizer

-- Docs: https://docs.pytest.org/en/stable/how-to/capture-warnings.html
======================== 15 passed, 1 warning in 0.02s =========================


Initial Result:
============================= test session starts ==============================
platform linux -- Python 3.11.10, pytest-8.3.4, pluggy-1.5.0 -- /local/data0/moved_data/publishablew/ignite/ignite/venv/bin/python
cachedir: .pytest_cache
rootdir: /local/data0/moved_data/publishablew/ignite/ignite
configfile: setup.cfg
collecting ... collected 15 items

../publishablew/ignite/ignite/tests/ignite/metrics/nlp/test_utils.py::test_ngrams[sequence0-1-expected_keys0-expected_values0] PASSED
../publishablew/ignite/ignite/tests/ignite/metrics/nlp/test_utils.py::test_ngrams[sequence1-1-expected_keys1-expected_values1] PASSED
../publishablew/ignite/ignite/tests/ignite/metrics/nlp/test_utils.py::test_ngrams[sequence2-2-expected_keys2-expected_values2] PASSED
../publishablew/ignite/ignite/tests/ignite/metrics/nlp/test_utils.py::test_ngrams[sequence3-3-expected_keys3-expected_values3] PASSED
../publishablew/ignite/ignite/tests/ignite/metrics/nlp/test_utils.py::test_ngrams[sequence4-1-expected_keys4-expected_values4] PASSED
../publishablew/ignite/ignite/tests/ignite/metrics/nlp/test_utils.py::test_ngrams[sequence5-2-expected_keys5-expected_values5] PASSED
../publishablew/ignite/ignite/tests/ignite/metrics/nlp/test_utils.py::test_ngrams[abcde-4-expected_keys6-expected_values6] PASSED
../publishablew/ignite/ignite/tests/ignite/metrics/nlp/test_utils.py::test_lcs[seq_a0-seq_b0-0] PASSED
../publishablew/ignite/ignite/tests/ignite/metrics/nlp/test_utils.py::test_lcs[seq_a1-seq_b1-3] PASSED
../publishablew/ignite/ignite/tests/ignite/metrics/nlp/test_utils.py::test_lcs[seq_a2-seq_b2-2] PASSED
../publishablew/ignite/ignite/tests/ignite/metrics/nlp/test_utils.py::test_lcs[academy-abracadabra-4] PASSED
../publishablew/ignite/ignite/tests/ignite/metrics/nlp/test_utils.py::test_modified_precision_empty PASSED
../publishablew/ignite/ignite/tests/ignite/metrics/nlp/test_utils.py::test_modified_precision[references0-candidate0-expected0] PASSED
../publishablew/ignite/ignite/tests/ignite/metrics/nlp/test_utils.py::test_modified_precision[references1-candidate1-expected1] PASSED
../publishablew/ignite/ignite/tests/ignite/metrics/nlp/test_utils.py::test_modified_precision[references2-candidate2-expected2] PASSED

=============================== warnings summary ===============================
../publishablew/ignite/ignite/ignite/handlers/checkpoint.py:16
  /local/data0/moved_data/publishablew/ignite/ignite/ignite/handlers/checkpoint.py:16: DeprecationWarning: `TorchScript` support for functional optimizers is deprecated and will be removed in a future PyTorch release. Consider using the `torch.compile` optimizer instead.
    from torch.distributed.optim import ZeroRedundancyOptimizer

-- Docs: https://docs.pytest.org/en/stable/how-to/capture-warnings.html
======================== 15 passed, 1 warning in 0.02s =========================
