output file:
processed_classes-Laplaceinit_from_model194.json
function:
init_from_model
Error Cases:

Pass or Failed: 0

Related Failed Test Cases:
{'FAILED ../publishablew/Laplace/Laplace/tests/test_matrix.py::test_init_from_model', 'FAILED ../publishablew/Laplace/Laplace/tests/test_matrix.py::test_addition - ...', '../publishablew/Laplace/Laplace/tests/test_matrix.py::test_addition FAILED [ 33%]', 'FAILED ../publishablew/Laplace/Laplace/tests/test_matrix.py::test_init_from_iterable', '../publishablew/Laplace/Laplace/tests/test_matrix.py::test_init_from_iterable FAILED [ 22%]', '../publishablew/Laplace/Laplace/tests/test_matrix.py::test_init_from_model FAILED [ 11%]'}

All Test Cases On Generated code:
============================= test session starts ==============================
platform linux -- Python 3.11.10, pytest-8.3.4, pluggy-1.5.0 -- /local/data0/moved_data/publishablew/Laplace/Laplace/venv/bin/python3
cachedir: .pytest_cache
rootdir: /local/data0/moved_data/publishablew/Laplace/Laplace
configfile: pyproject.toml
plugins: mock-3.14.0, cov-6.0.0
collecting ... collected 9 items

../publishablew/Laplace/Laplace/tests/test_matrix.py::test_init_from_model FAILED [ 11%]
../publishablew/Laplace/Laplace/tests/test_matrix.py::test_init_from_iterable FAILED [ 22%]
../publishablew/Laplace/Laplace/tests/test_matrix.py::test_addition FAILED [ 33%]
../publishablew/Laplace/Laplace/tests/test_matrix.py::test_multiplication PASSED [ 44%]
../publishablew/Laplace/Laplace/tests/test_matrix.py::test_decompose PASSED [ 55%]
../publishablew/Laplace/Laplace/tests/test_matrix.py::test_logdet_consistent PASSED [ 66%]
../publishablew/Laplace/Laplace/tests/test_matrix.py::test_bmm_dense PASSED [ 77%]
../publishablew/Laplace/Laplace/tests/test_matrix.py::test_bmm_diag SKIPPED [ 88%]
../publishablew/Laplace/Laplace/tests/test_matrix.py::test_matrix_consistent PASSED [100%]

=================================== FAILURES ===================================
_____________________________ test_init_from_model _____________________________

model = Sequential(
  (0): Linear(in_features=3, out_features=20, bias=True)
  (1): Linear(in_features=20, out_features=2, bias=True)
)

    def test_init_from_model(model):
>       kron = Kron.init_from_model(model, "cpu", torch.float)
E       TypeError: Kron.init_from_model() takes 3 positional arguments but 4 were given

../publishablew/Laplace/Laplace/tests/test_matrix.py:33: TypeError
___________________________ test_init_from_iterable ____________________________

model = Sequential(
  (0): Linear(in_features=3, out_features=20, bias=True)
  (1): Linear(in_features=20, out_features=2, bias=True)
)

    def test_init_from_iterable(model):
>       kron = Kron.init_from_model(model.parameters(), "cpu", torch.float)
E       TypeError: Kron.init_from_model() takes 3 positional arguments but 4 were given

../publishablew/Laplace/Laplace/tests/test_matrix.py:42: TypeError
________________________________ test_addition _________________________________

model = Sequential(
  (0): Linear(in_features=3, out_features=20, bias=True)
  (1): Linear(in_features=20, out_features=2, bias=True)
)

    def test_addition(model):
>       kron = Kron.init_from_model(model.parameters(), "cpu", torch.float)
E       TypeError: Kron.init_from_model() takes 3 positional arguments but 4 were given

../publishablew/Laplace/Laplace/tests/test_matrix.py:52: TypeError
=============================== warnings summary ===============================
../publishablew/Laplace/Laplace/venv/lib/python3.11/site-packages/unfoldNd/utils.py:18
  /local/data0/moved_data/publishablew/Laplace/Laplace/venv/lib/python3.11/site-packages/unfoldNd/utils.py:18: DeprecationWarning: distutils Version classes are deprecated. Use packaging.version instead.
    TORCH_VERSION = LooseVersion(version("torch"))

../publishablew/Laplace/Laplace/venv/lib/python3.11/site-packages/unfoldNd/utils.py:19
  /local/data0/moved_data/publishablew/Laplace/Laplace/venv/lib/python3.11/site-packages/unfoldNd/utils.py:19: DeprecationWarning: distutils Version classes are deprecated. Use packaging.version instead.
    TORCH_VERSION_AT_LEAST_1_12_0 = TORCH_VERSION >= LooseVersion("1.12.0")

-- Docs: https://docs.pytest.org/en/stable/how-to/capture-warnings.html
=========================== short test summary info ============================
FAILED ../publishablew/Laplace/Laplace/tests/test_matrix.py::test_init_from_model
FAILED ../publishablew/Laplace/Laplace/tests/test_matrix.py::test_init_from_iterable
FAILED ../publishablew/Laplace/Laplace/tests/test_matrix.py::test_addition - ...
============== 3 failed, 5 passed, 1 skipped, 2 warnings in 1.64s ==============


Final Test Result:
============================= test session starts ==============================
platform linux -- Python 3.11.10, pytest-8.3.4, pluggy-1.5.0 -- /local/data0/moved_data/publishablew/Laplace/Laplace/venv/bin/python3
cachedir: .pytest_cache
rootdir: /local/data0/moved_data/publishablew/Laplace/Laplace
configfile: pyproject.toml
plugins: mock-3.14.0, cov-6.0.0
collecting ... collected 9 items

../publishablew/Laplace/Laplace/tests/test_matrix.py::test_init_from_model PASSED [ 11%]
../publishablew/Laplace/Laplace/tests/test_matrix.py::test_init_from_iterable PASSED [ 22%]
../publishablew/Laplace/Laplace/tests/test_matrix.py::test_addition PASSED [ 33%]
../publishablew/Laplace/Laplace/tests/test_matrix.py::test_multiplication PASSED [ 44%]
../publishablew/Laplace/Laplace/tests/test_matrix.py::test_decompose PASSED [ 55%]
../publishablew/Laplace/Laplace/tests/test_matrix.py::test_logdet_consistent PASSED [ 66%]
../publishablew/Laplace/Laplace/tests/test_matrix.py::test_bmm_dense PASSED [ 77%]
../publishablew/Laplace/Laplace/tests/test_matrix.py::test_bmm_diag SKIPPED [ 88%]
../publishablew/Laplace/Laplace/tests/test_matrix.py::test_matrix_consistent PASSED [100%]

=============================== warnings summary ===============================
../publishablew/Laplace/Laplace/venv/lib/python3.11/site-packages/unfoldNd/utils.py:18
  /local/data0/moved_data/publishablew/Laplace/Laplace/venv/lib/python3.11/site-packages/unfoldNd/utils.py:18: DeprecationWarning: distutils Version classes are deprecated. Use packaging.version instead.
    TORCH_VERSION = LooseVersion(version("torch"))

../publishablew/Laplace/Laplace/venv/lib/python3.11/site-packages/unfoldNd/utils.py:19
  /local/data0/moved_data/publishablew/Laplace/Laplace/venv/lib/python3.11/site-packages/unfoldNd/utils.py:19: DeprecationWarning: distutils Version classes are deprecated. Use packaging.version instead.
    TORCH_VERSION_AT_LEAST_1_12_0 = TORCH_VERSION >= LooseVersion("1.12.0")

-- Docs: https://docs.pytest.org/en/stable/how-to/capture-warnings.html
=================== 8 passed, 1 skipped, 2 warnings in 1.51s ===================


Initial Result:
============================= test session starts ==============================
platform linux -- Python 3.11.10, pytest-8.3.4, pluggy-1.5.0 -- /local/data0/moved_data/publishablew/Laplace/Laplace/venv/bin/python3
cachedir: .pytest_cache
rootdir: /local/data0/moved_data/publishablew/Laplace/Laplace
configfile: pyproject.toml
plugins: mock-3.14.0, cov-6.0.0
collecting ... collected 9 items

../publishablew/Laplace/Laplace/tests/test_matrix.py::test_init_from_model PASSED [ 11%]
../publishablew/Laplace/Laplace/tests/test_matrix.py::test_init_from_iterable PASSED [ 22%]
../publishablew/Laplace/Laplace/tests/test_matrix.py::test_addition PASSED [ 33%]
../publishablew/Laplace/Laplace/tests/test_matrix.py::test_multiplication PASSED [ 44%]
../publishablew/Laplace/Laplace/tests/test_matrix.py::test_decompose PASSED [ 55%]
../publishablew/Laplace/Laplace/tests/test_matrix.py::test_logdet_consistent PASSED [ 66%]
../publishablew/Laplace/Laplace/tests/test_matrix.py::test_bmm_dense PASSED [ 77%]
../publishablew/Laplace/Laplace/tests/test_matrix.py::test_bmm_diag SKIPPED [ 88%]
../publishablew/Laplace/Laplace/tests/test_matrix.py::test_matrix_consistent PASSED [100%]

=============================== warnings summary ===============================
../publishablew/Laplace/Laplace/venv/lib/python3.11/site-packages/unfoldNd/utils.py:18
  /local/data0/moved_data/publishablew/Laplace/Laplace/venv/lib/python3.11/site-packages/unfoldNd/utils.py:18: DeprecationWarning: distutils Version classes are deprecated. Use packaging.version instead.
    TORCH_VERSION = LooseVersion(version("torch"))

../publishablew/Laplace/Laplace/venv/lib/python3.11/site-packages/unfoldNd/utils.py:19
  /local/data0/moved_data/publishablew/Laplace/Laplace/venv/lib/python3.11/site-packages/unfoldNd/utils.py:19: DeprecationWarning: distutils Version classes are deprecated. Use packaging.version instead.
    TORCH_VERSION_AT_LEAST_1_12_0 = TORCH_VERSION >= LooseVersion("1.12.0")

-- Docs: https://docs.pytest.org/en/stable/how-to/capture-warnings.html
=================== 8 passed, 1 skipped, 2 warnings in 1.60s ===================
