output file:
processed_inferencetake_static_crop249.json
function:
take_static_crop
Error Cases:

Pass or Failed: 0

Related Failed Test Cases:
{'../publishablew/inference/inference/tests/inference/unit_tests/core/utils/test_preprocess.py::test_take_static_crop_when_config_is_complete FAILED', 'FAILED ../publishablew/inference/inference/tests/inference/unit_tests/core/utils/test_preprocess.py::test_take_static_crop_when_config_is_complete'}

All Test Cases On Generated code:
============================= test session starts ==============================
platform linux -- Python 3.11.10, pytest-8.3.4, pluggy-1.5.0 -- /local/data0/moved_data/publishablew/inference/inference/venv/bin/python
cachedir: .pytest_cache
rootdir: /local/data0/moved_data/publishablew/inference/inference
configfile: pytest.ini
plugins: anyio-4.8.0, requests-mock-1.11.0, timeout-2.3.1, retry-1.6.3, asyncio-0.21.1
asyncio: mode=Mode.STRICT
collecting ... [01/16/25 20:41:32] WARNING  Your inference package version 0.31.1 is out of date! Please upgrade to version 0.33.0 of inference for the latest features and bug fixes by running `pip install --upgrade inference`.    __init__.py:41
collected 21 items

../publishablew/inference/inference/tests/inference/unit_tests/core/utils/test_preprocess.py::test_static_crop_should_be_applied_when_config_does_not_specify_this_preprocessing PASSED
../publishablew/inference/inference/tests/inference/unit_tests/core/utils/test_preprocess.py::test_static_crop_should_be_applied_when_config_disables_this_preprocessing PASSED
../publishablew/inference/inference/tests/inference/unit_tests/core/utils/test_preprocess.py::test_static_crop_should_be_applied_when_env_disables_this_preprocessing PASSED
../publishablew/inference/inference/tests/inference/unit_tests/core/utils/test_preprocess.py::test_static_crop_should_be_applied_when_function_parameter_this_preprocessing PASSED
../publishablew/inference/inference/tests/inference/unit_tests/core/utils/test_preprocess.py::test_static_crop_should_be_applied_when_preprocessing_should_be_applied PASSED
../publishablew/inference/inference/tests/inference/unit_tests/core/utils/test_preprocess.py::test_contrast_adjustments_should_be_applied_when_config_does_not_specify_this_preprocessing PASSED
../publishablew/inference/inference/tests/inference/unit_tests/core/utils/test_preprocess.py::test_contrast_adjustments_should_be_applied_when_config_disables_this_preprocessing PASSED
../publishablew/inference/inference/tests/inference/unit_tests/core/utils/test_preprocess.py::test_contrast_adjustments_should_be_applied_when_env_disables_this_preprocessing PASSED
../publishablew/inference/inference/tests/inference/unit_tests/core/utils/test_preprocess.py::test_contrast_adjustments_should_be_applied_when_function_parameter_this_preprocessing PASSED
../publishablew/inference/inference/tests/inference/unit_tests/core/utils/test_preprocess.py::test_contrast_adjustments_should_be_applied_when_preprocessing_should_be_applied PASSED
../publishablew/inference/inference/tests/inference/unit_tests/core/utils/test_preprocess.py::test_grayscale_conversion_should_be_applied_when_config_does_not_specify_this_preprocessing PASSED
../publishablew/inference/inference/tests/inference/unit_tests/core/utils/test_preprocess.py::test_grayscale_conversion_should_be_applied_when_config_disables_this_preprocessing PASSED
../publishablew/inference/inference/tests/inference/unit_tests/core/utils/test_preprocess.py::test_grayscale_conversion_should_be_applied_when_env_disables_this_preprocessing PASSED
../publishablew/inference/inference/tests/inference/unit_tests/core/utils/test_preprocess.py::test_grayscale_conversion_should_be_applied_when_function_parameter_this_preprocessing PASSED
../publishablew/inference/inference/tests/inference/unit_tests/core/utils/test_preprocess.py::test_grayscale_conversion_should_be_applied_when_preprocessing_should_be_applied PASSED
../publishablew/inference/inference/tests/inference/unit_tests/core/utils/test_preprocess.py::test_take_static_crop_when_config_is_complete FAILED
../publishablew/inference/inference/tests/inference/unit_tests/core/utils/test_preprocess.py::test_take_static_crop_when_config_is_not_complete PASSED
../publishablew/inference/inference/tests/inference/unit_tests/core/utils/test_preprocess.py::test_apply_contrast_adjustment[ContrastAdjustmentType.CONTRAST_STRETCHING-A] PASSED
../publishablew/inference/inference/tests/inference/unit_tests/core/utils/test_preprocess.py::test_apply_contrast_adjustment[ContrastAdjustmentType.HISTOGRAM_EQUALISATION-B] PASSED
../publishablew/inference/inference/tests/inference/unit_tests/core/utils/test_preprocess.py::test_apply_contrast_adjustment[ContrastAdjustmentType.ADAPTIVE_EQUALISATION-C] PASSED
../publishablew/inference/inference/tests/inference/unit_tests/core/utils/test_preprocess.py::test_prepare_when_misconfiguration_error_is_encountered PASSED

=================================== FAILURES ===================================
________________ test_take_static_crop_when_config_is_complete _________________

    def test_take_static_crop_when_config_is_complete() -> None:
        # given
        image = np.zeros((100, 200, 3), dtype=np.uint8)
        image[32:64, 32:96, :] = 255
        expected_result = np.ones((32, 64, 3), dtype=np.uint8) * 255
    
        # when
        result = take_static_crop(
            image=image,
            crop_parameters={"x_min": 16, "x_max": 48, "y_min": 32, "y_max": 64},
        )
    
        # then
>       assert result.shape == expected_result.shape
E       AssertionError: assert (0, 0, 3) == (32, 64, 3)
E         
E         At index 0 diff: 0 != 32
E         
E         Full diff:
E           (
E         -     32,
E         ?     ^^...
E         
E         ...Full output truncated (8 lines hidden), use '-vv' to show

../publishablew/inference/inference/tests/inference/unit_tests/core/utils/test_preprocess.py:239: AssertionError
=============================== warnings summary ===============================
../publishablew/inference/inference/venv/lib/python3.11/site-packages/pydantic/fields.py:1042
  PydanticDeprecatedSince20: Using extra keyword arguments on `Field` is deprecated and will be removed. Use `json_schema_extra` instead. (Extra keys: 'example'). Deprecated in Pydantic V2.0 to be removed in V3.0. See Pydantic V2 Migration Guide at https://errors.pydantic.dev/2.10/migration/

../publishablew/inference/inference/venv/lib/python3.11/site-packages/pydantic/fields.py:1042
  PydanticDeprecatedSince20: Using extra keyword arguments on `Field` is deprecated and will be removed. Use `json_schema_extra` instead. (Extra keys: 'field'). Deprecated in Pydantic V2.0 to be removed in V3.0. See Pydantic V2 Migration Guide at https://errors.pydantic.dev/2.10/migration/

../publishablew/inference/inference/venv/lib/python3.11/site-packages/starlette/formparsers.py:12
  PendingDeprecationWarning: Please use `import python_multipart` instead.

../publishablew/inference/inference/inference/core/workflows/execution_engine/entities/types.py:1137
../publishablew/inference/inference/inference/core/workflows/execution_engine/entities/types.py:1150
../publishablew/inference/inference/inference/core/workflows/execution_engine/entities/types.py:1166
  PydanticDeprecatedSince20: The `dict` method is deprecated; use `model_dump` instead. Deprecated in Pydantic V2.0 to be removed in V3.0. See Pydantic V2 Migration Guide at https://errors.pydantic.dev/2.10/migration/

../publishablew/inference/inference/inference/core/entities/requests/clip.py:29
../publishablew/inference/inference/inference/core/entities/requests/gaze.py:40
../publishablew/inference/inference/inference/core/entities/requests/cogvlm.py:41
../publishablew/inference/inference/inference/core/entities/requests/trocr.py:25
  PydanticDeprecatedSince20: Pydantic V1 style `@validator` validators are deprecated. You should migrate to Pydantic V2 style `@field_validator` validators, see the migration guide for more details. Deprecated in Pydantic V2.0 to be removed in V3.0. See Pydantic V2 Migration Guide at https://errors.pydantic.dev/2.10/migration/

../publishablew/inference/inference/venv/lib/python3.11/site-packages/pydantic/deprecated/class_validators.py:121
../publishablew/inference/inference/venv/lib/python3.11/site-packages/pydantic/deprecated/class_validators.py:121
  PydanticDeprecatedSince20: `allow_reuse` is deprecated and will be ignored; it should no longer be necessary. Deprecated in Pydantic V2.0 to be removed in V3.0. See Pydantic V2 Migration Guide at https://errors.pydantic.dev/2.10/migration/

../publishablew/inference/inference/venv/lib/python3.11/site-packages/timm/models/layers/__init__.py:48
  FutureWarning: Importing from timm.models.layers is deprecated, please import via timm.layers

-- Docs: https://docs.pytest.org/en/stable/how-to/capture-warnings.html
=========================== short test summary info ============================
FAILED ../publishablew/inference/inference/tests/inference/unit_tests/core/utils/test_preprocess.py::test_take_static_crop_when_config_is_complete
================== 1 failed, 20 passed, 13 warnings in 3.97s ===================


Final Test Result:
============================= test session starts ==============================
platform linux -- Python 3.11.10, pytest-8.3.4, pluggy-1.5.0 -- /local/data0/moved_data/publishablew/inference/inference/venv/bin/python
cachedir: .pytest_cache
rootdir: /local/data0/moved_data/publishablew/inference/inference
configfile: pytest.ini
plugins: anyio-4.8.0, requests-mock-1.11.0, timeout-2.3.1, retry-1.6.3, asyncio-0.21.1
asyncio: mode=Mode.STRICT
collecting ... [01/16/25 20:41:37] WARNING  Your inference package version 0.31.1 is out of date! Please upgrade to version 0.33.0 of inference for the latest features and bug fixes by running `pip install --upgrade inference`.    __init__.py:41
collected 21 items

../publishablew/inference/inference/tests/inference/unit_tests/core/utils/test_preprocess.py::test_static_crop_should_be_applied_when_config_does_not_specify_this_preprocessing PASSED
../publishablew/inference/inference/tests/inference/unit_tests/core/utils/test_preprocess.py::test_static_crop_should_be_applied_when_config_disables_this_preprocessing PASSED
../publishablew/inference/inference/tests/inference/unit_tests/core/utils/test_preprocess.py::test_static_crop_should_be_applied_when_env_disables_this_preprocessing PASSED
../publishablew/inference/inference/tests/inference/unit_tests/core/utils/test_preprocess.py::test_static_crop_should_be_applied_when_function_parameter_this_preprocessing PASSED
../publishablew/inference/inference/tests/inference/unit_tests/core/utils/test_preprocess.py::test_static_crop_should_be_applied_when_preprocessing_should_be_applied PASSED
../publishablew/inference/inference/tests/inference/unit_tests/core/utils/test_preprocess.py::test_contrast_adjustments_should_be_applied_when_config_does_not_specify_this_preprocessing PASSED
../publishablew/inference/inference/tests/inference/unit_tests/core/utils/test_preprocess.py::test_contrast_adjustments_should_be_applied_when_config_disables_this_preprocessing PASSED
../publishablew/inference/inference/tests/inference/unit_tests/core/utils/test_preprocess.py::test_contrast_adjustments_should_be_applied_when_env_disables_this_preprocessing PASSED
../publishablew/inference/inference/tests/inference/unit_tests/core/utils/test_preprocess.py::test_contrast_adjustments_should_be_applied_when_function_parameter_this_preprocessing PASSED
../publishablew/inference/inference/tests/inference/unit_tests/core/utils/test_preprocess.py::test_contrast_adjustments_should_be_applied_when_preprocessing_should_be_applied PASSED
../publishablew/inference/inference/tests/inference/unit_tests/core/utils/test_preprocess.py::test_grayscale_conversion_should_be_applied_when_config_does_not_specify_this_preprocessing PASSED
../publishablew/inference/inference/tests/inference/unit_tests/core/utils/test_preprocess.py::test_grayscale_conversion_should_be_applied_when_config_disables_this_preprocessing PASSED
../publishablew/inference/inference/tests/inference/unit_tests/core/utils/test_preprocess.py::test_grayscale_conversion_should_be_applied_when_env_disables_this_preprocessing PASSED
../publishablew/inference/inference/tests/inference/unit_tests/core/utils/test_preprocess.py::test_grayscale_conversion_should_be_applied_when_function_parameter_this_preprocessing PASSED
../publishablew/inference/inference/tests/inference/unit_tests/core/utils/test_preprocess.py::test_grayscale_conversion_should_be_applied_when_preprocessing_should_be_applied PASSED
../publishablew/inference/inference/tests/inference/unit_tests/core/utils/test_preprocess.py::test_take_static_crop_when_config_is_complete PASSED
../publishablew/inference/inference/tests/inference/unit_tests/core/utils/test_preprocess.py::test_take_static_crop_when_config_is_not_complete PASSED
../publishablew/inference/inference/tests/inference/unit_tests/core/utils/test_preprocess.py::test_apply_contrast_adjustment[ContrastAdjustmentType.CONTRAST_STRETCHING-A] PASSED
../publishablew/inference/inference/tests/inference/unit_tests/core/utils/test_preprocess.py::test_apply_contrast_adjustment[ContrastAdjustmentType.HISTOGRAM_EQUALISATION-B] PASSED
../publishablew/inference/inference/tests/inference/unit_tests/core/utils/test_preprocess.py::test_apply_contrast_adjustment[ContrastAdjustmentType.ADAPTIVE_EQUALISATION-C] PASSED
../publishablew/inference/inference/tests/inference/unit_tests/core/utils/test_preprocess.py::test_prepare_when_misconfiguration_error_is_encountered PASSED

=============================== warnings summary ===============================
../publishablew/inference/inference/venv/lib/python3.11/site-packages/pydantic/fields.py:1042
  PydanticDeprecatedSince20: Using extra keyword arguments on `Field` is deprecated and will be removed. Use `json_schema_extra` instead. (Extra keys: 'example'). Deprecated in Pydantic V2.0 to be removed in V3.0. See Pydantic V2 Migration Guide at https://errors.pydantic.dev/2.10/migration/

../publishablew/inference/inference/venv/lib/python3.11/site-packages/pydantic/fields.py:1042
  PydanticDeprecatedSince20: Using extra keyword arguments on `Field` is deprecated and will be removed. Use `json_schema_extra` instead. (Extra keys: 'field'). Deprecated in Pydantic V2.0 to be removed in V3.0. See Pydantic V2 Migration Guide at https://errors.pydantic.dev/2.10/migration/

../publishablew/inference/inference/venv/lib/python3.11/site-packages/starlette/formparsers.py:12
  PendingDeprecationWarning: Please use `import python_multipart` instead.

../publishablew/inference/inference/inference/core/workflows/execution_engine/entities/types.py:1137
../publishablew/inference/inference/inference/core/workflows/execution_engine/entities/types.py:1150
../publishablew/inference/inference/inference/core/workflows/execution_engine/entities/types.py:1166
  PydanticDeprecatedSince20: The `dict` method is deprecated; use `model_dump` instead. Deprecated in Pydantic V2.0 to be removed in V3.0. See Pydantic V2 Migration Guide at https://errors.pydantic.dev/2.10/migration/

../publishablew/inference/inference/inference/core/entities/requests/clip.py:29
../publishablew/inference/inference/inference/core/entities/requests/gaze.py:40
../publishablew/inference/inference/inference/core/entities/requests/cogvlm.py:41
../publishablew/inference/inference/inference/core/entities/requests/trocr.py:25
  PydanticDeprecatedSince20: Pydantic V1 style `@validator` validators are deprecated. You should migrate to Pydantic V2 style `@field_validator` validators, see the migration guide for more details. Deprecated in Pydantic V2.0 to be removed in V3.0. See Pydantic V2 Migration Guide at https://errors.pydantic.dev/2.10/migration/

../publishablew/inference/inference/venv/lib/python3.11/site-packages/pydantic/deprecated/class_validators.py:121
../publishablew/inference/inference/venv/lib/python3.11/site-packages/pydantic/deprecated/class_validators.py:121
  PydanticDeprecatedSince20: `allow_reuse` is deprecated and will be ignored; it should no longer be necessary. Deprecated in Pydantic V2.0 to be removed in V3.0. See Pydantic V2 Migration Guide at https://errors.pydantic.dev/2.10/migration/

../publishablew/inference/inference/venv/lib/python3.11/site-packages/timm/models/layers/__init__.py:48
  FutureWarning: Importing from timm.models.layers is deprecated, please import via timm.layers

-- Docs: https://docs.pytest.org/en/stable/how-to/capture-warnings.html
======================= 21 passed, 13 warnings in 3.96s ========================


Initial Result:
============================= test session starts ==============================
platform linux -- Python 3.11.10, pytest-8.3.4, pluggy-1.5.0 -- /local/data0/moved_data/publishablew/inference/inference/venv/bin/python
cachedir: .pytest_cache
rootdir: /local/data0/moved_data/publishablew/inference/inference
configfile: pytest.ini
plugins: anyio-4.8.0, requests-mock-1.11.0, timeout-2.3.1, retry-1.6.3, asyncio-0.21.1
asyncio: mode=Mode.STRICT
collecting ... [01/16/25 20:41:27] WARNING  Your inference package version 0.31.1 is out of date! Please upgrade to version 0.33.0 of inference for the latest features and bug fixes by running `pip install --upgrade inference`.    __init__.py:41
collected 21 items

../publishablew/inference/inference/tests/inference/unit_tests/core/utils/test_preprocess.py::test_static_crop_should_be_applied_when_config_does_not_specify_this_preprocessing PASSED
../publishablew/inference/inference/tests/inference/unit_tests/core/utils/test_preprocess.py::test_static_crop_should_be_applied_when_config_disables_this_preprocessing PASSED
../publishablew/inference/inference/tests/inference/unit_tests/core/utils/test_preprocess.py::test_static_crop_should_be_applied_when_env_disables_this_preprocessing PASSED
../publishablew/inference/inference/tests/inference/unit_tests/core/utils/test_preprocess.py::test_static_crop_should_be_applied_when_function_parameter_this_preprocessing PASSED
../publishablew/inference/inference/tests/inference/unit_tests/core/utils/test_preprocess.py::test_static_crop_should_be_applied_when_preprocessing_should_be_applied PASSED
../publishablew/inference/inference/tests/inference/unit_tests/core/utils/test_preprocess.py::test_contrast_adjustments_should_be_applied_when_config_does_not_specify_this_preprocessing PASSED
../publishablew/inference/inference/tests/inference/unit_tests/core/utils/test_preprocess.py::test_contrast_adjustments_should_be_applied_when_config_disables_this_preprocessing PASSED
../publishablew/inference/inference/tests/inference/unit_tests/core/utils/test_preprocess.py::test_contrast_adjustments_should_be_applied_when_env_disables_this_preprocessing PASSED
../publishablew/inference/inference/tests/inference/unit_tests/core/utils/test_preprocess.py::test_contrast_adjustments_should_be_applied_when_function_parameter_this_preprocessing PASSED
../publishablew/inference/inference/tests/inference/unit_tests/core/utils/test_preprocess.py::test_contrast_adjustments_should_be_applied_when_preprocessing_should_be_applied PASSED
../publishablew/inference/inference/tests/inference/unit_tests/core/utils/test_preprocess.py::test_grayscale_conversion_should_be_applied_when_config_does_not_specify_this_preprocessing PASSED
../publishablew/inference/inference/tests/inference/unit_tests/core/utils/test_preprocess.py::test_grayscale_conversion_should_be_applied_when_config_disables_this_preprocessing PASSED
../publishablew/inference/inference/tests/inference/unit_tests/core/utils/test_preprocess.py::test_grayscale_conversion_should_be_applied_when_env_disables_this_preprocessing PASSED
../publishablew/inference/inference/tests/inference/unit_tests/core/utils/test_preprocess.py::test_grayscale_conversion_should_be_applied_when_function_parameter_this_preprocessing PASSED
../publishablew/inference/inference/tests/inference/unit_tests/core/utils/test_preprocess.py::test_grayscale_conversion_should_be_applied_when_preprocessing_should_be_applied PASSED
../publishablew/inference/inference/tests/inference/unit_tests/core/utils/test_preprocess.py::test_take_static_crop_when_config_is_complete PASSED
../publishablew/inference/inference/tests/inference/unit_tests/core/utils/test_preprocess.py::test_take_static_crop_when_config_is_not_complete PASSED
../publishablew/inference/inference/tests/inference/unit_tests/core/utils/test_preprocess.py::test_apply_contrast_adjustment[ContrastAdjustmentType.CONTRAST_STRETCHING-A] PASSED
../publishablew/inference/inference/tests/inference/unit_tests/core/utils/test_preprocess.py::test_apply_contrast_adjustment[ContrastAdjustmentType.HISTOGRAM_EQUALISATION-B] PASSED
../publishablew/inference/inference/tests/inference/unit_tests/core/utils/test_preprocess.py::test_apply_contrast_adjustment[ContrastAdjustmentType.ADAPTIVE_EQUALISATION-C] PASSED
../publishablew/inference/inference/tests/inference/unit_tests/core/utils/test_preprocess.py::test_prepare_when_misconfiguration_error_is_encountered PASSED

=============================== warnings summary ===============================
../publishablew/inference/inference/venv/lib/python3.11/site-packages/pydantic/fields.py:1042
  PydanticDeprecatedSince20: Using extra keyword arguments on `Field` is deprecated and will be removed. Use `json_schema_extra` instead. (Extra keys: 'example'). Deprecated in Pydantic V2.0 to be removed in V3.0. See Pydantic V2 Migration Guide at https://errors.pydantic.dev/2.10/migration/

../publishablew/inference/inference/venv/lib/python3.11/site-packages/pydantic/fields.py:1042
  PydanticDeprecatedSince20: Using extra keyword arguments on `Field` is deprecated and will be removed. Use `json_schema_extra` instead. (Extra keys: 'field'). Deprecated in Pydantic V2.0 to be removed in V3.0. See Pydantic V2 Migration Guide at https://errors.pydantic.dev/2.10/migration/

../publishablew/inference/inference/venv/lib/python3.11/site-packages/starlette/formparsers.py:12
  PendingDeprecationWarning: Please use `import python_multipart` instead.

../publishablew/inference/inference/inference/core/workflows/execution_engine/entities/types.py:1137
../publishablew/inference/inference/inference/core/workflows/execution_engine/entities/types.py:1150
../publishablew/inference/inference/inference/core/workflows/execution_engine/entities/types.py:1166
  PydanticDeprecatedSince20: The `dict` method is deprecated; use `model_dump` instead. Deprecated in Pydantic V2.0 to be removed in V3.0. See Pydantic V2 Migration Guide at https://errors.pydantic.dev/2.10/migration/

../publishablew/inference/inference/inference/core/entities/requests/clip.py:29
../publishablew/inference/inference/inference/core/entities/requests/gaze.py:40
../publishablew/inference/inference/inference/core/entities/requests/cogvlm.py:41
../publishablew/inference/inference/inference/core/entities/requests/trocr.py:25
  PydanticDeprecatedSince20: Pydantic V1 style `@validator` validators are deprecated. You should migrate to Pydantic V2 style `@field_validator` validators, see the migration guide for more details. Deprecated in Pydantic V2.0 to be removed in V3.0. See Pydantic V2 Migration Guide at https://errors.pydantic.dev/2.10/migration/

../publishablew/inference/inference/venv/lib/python3.11/site-packages/pydantic/deprecated/class_validators.py:121
../publishablew/inference/inference/venv/lib/python3.11/site-packages/pydantic/deprecated/class_validators.py:121
  PydanticDeprecatedSince20: `allow_reuse` is deprecated and will be ignored; it should no longer be necessary. Deprecated in Pydantic V2.0 to be removed in V3.0. See Pydantic V2 Migration Guide at https://errors.pydantic.dev/2.10/migration/

../publishablew/inference/inference/venv/lib/python3.11/site-packages/timm/models/layers/__init__.py:48
  FutureWarning: Importing from timm.models.layers is deprecated, please import via timm.layers

-- Docs: https://docs.pytest.org/en/stable/how-to/capture-warnings.html
======================= 21 passed, 13 warnings in 4.40s ========================
