output file:
processed_korniaproject_points_z1125.json
function:
project_points_z1
Error Cases:

Pass or Failed: 0

Related Failed Test Cases:
{'../publishablew/kornia/kornia/tests/geometry/camera/test_projections.py::TestProjectionZ1::test_jit[cpu-float32] FAILED', 'FAILED ../publishablew/kornia/kornia/tests/geometry/camera/test_projections.py::TestProjectionZ1::test_jit[cpu-float32]'}

All Test Cases On Generated code:
Setting up torch compile...
============================= test session starts ==============================
platform linux -- Python 3.10.12, pytest-8.3.3, pluggy-1.5.0 -- /local/data0/moved_data/publishablew/kornia/kornia/venv/bin/python
cachedir: .pytest_cache

cpu info:
	- Model name: AMD Ryzen 7 PRO 5845 8-Core Processor
	- Architecture: x86_64
	- CPU(s): 16
	- Thread(s) per core: 2
	- CPU max MHz: 4661.7178
	- CPU min MHz: 2200.0000
gpu info: {'GPU 0': 'NVIDIA GeForce RTX 3060'}
main deps:
    - kornia-0.7.4
    - torch-2.5.1+cu124
        - commit: a8d6afb511a69687bbb2b7e88a3cf67917e1697e
        - cuda: 12.4
        - nvidia-driver: 555.42.02
x deps:
    - accelerate-1.1.1
dev deps:
    - kornia_rs-0.1.7
    - onnx-1.17.0
gcc info: (Ubuntu 10.5.0-1ubuntu1~22.04) 10.5.0
available optimizers: {'', 'onnxrt', 'cudagraphs', 'inductor', 'openxla', 'jit', 'tvm', None}
model weights cached: ['checkpoints']

rootdir: /local/data0/moved_data/publishablew/kornia/kornia
configfile: pyproject.toml
plugins: timeout-2.3.1
collecting ... collected 17 items

../publishablew/kornia/kornia/tests/geometry/camera/test_projections.py::TestProjectionZ1::test_smoke[cpu-float32] PASSED
../publishablew/kornia/kornia/tests/geometry/camera/test_projections.py::TestProjectionZ1::test_cardinality[cpu-float32-None] PASSED
../publishablew/kornia/kornia/tests/geometry/camera/test_projections.py::TestProjectionZ1::test_cardinality[cpu-float32-1] PASSED
../publishablew/kornia/kornia/tests/geometry/camera/test_projections.py::TestProjectionZ1::test_cardinality[cpu-float32-2] PASSED
../publishablew/kornia/kornia/tests/geometry/camera/test_projections.py::TestProjectionZ1::test_cardinality[cpu-float32-3] PASSED
../publishablew/kornia/kornia/tests/geometry/camera/test_projections.py::TestProjectionZ1::test_project_points_z1[cpu-float32] PASSED
../publishablew/kornia/kornia/tests/geometry/camera/test_projections.py::TestProjectionZ1::test_project_points_z1_batch[cpu-float32] PASSED
../publishablew/kornia/kornia/tests/geometry/camera/test_projections.py::TestProjectionZ1::test_project_points_z1_invalid[cpu-float32] PASSED
../publishablew/kornia/kornia/tests/geometry/camera/test_projections.py::TestProjectionZ1::test_unproject_points_z1[cpu-float32] PASSED
../publishablew/kornia/kornia/tests/geometry/camera/test_projections.py::TestProjectionZ1::test_unproject_points_z1_batch[cpu-float32] PASSED
../publishablew/kornia/kornia/tests/geometry/camera/test_projections.py::TestProjectionZ1::test_project_unproject[cpu-float32] PASSED
../publishablew/kornia/kornia/tests/geometry/camera/test_projections.py::TestProjectionZ1::test_unproject_points_z1_extension[cpu-float32] PASSED
../publishablew/kornia/kornia/tests/geometry/camera/test_projections.py::TestProjectionZ1::test_unproject_points_z1_batch_extension[cpu-float32] PASSED
../publishablew/kornia/kornia/tests/geometry/camera/test_projections.py::TestProjectionZ1::test_dx_proj_x[cpu-float32] PASSED
../publishablew/kornia/kornia/tests/geometry/camera/test_projections.py::TestProjectionZ1::test_exception[cpu-float32] PASSED
../publishablew/kornia/kornia/tests/geometry/camera/test_projections.py::TestProjectionZ1::test_gradcheck[cpu] PASSED
../publishablew/kornia/kornia/tests/geometry/camera/test_projections.py::TestProjectionZ1::test_jit[cpu-float32] FAILED

=================================== FAILURES ===================================
____________________ TestProjectionZ1.test_jit[cpu-float32] ____________________

self = <test_projections.TestProjectionZ1 object at 0x71a456f28490>
device = device(type='cpu'), dtype = torch.float32

    def test_jit(self, device, dtype) -> None:
>       self._test_jit_project(device, dtype)

../publishablew/kornia/kornia/tests/geometry/camera/test_projections.py:133: 
_ _ _ _ _ _ _ _ _ _ _ _ _ _ _ _ _ _ _ _ _ _ _ _ _ _ _ _ _ _ _ _ _ _ _ _ _ _ _ _ 
../publishablew/kornia/kornia/tests/geometry/camera/test_projections.py:127: in _test_jit_project
    op_script = torch.jit.script(project_points_z1)
../publishablew/kornia/kornia/venv/lib/python3.10/site-packages/torch/jit/_script.py:1429: in script
    ret = _script_impl(
../publishablew/kornia/kornia/venv/lib/python3.10/site-packages/torch/jit/_script.py:1202: in _script_impl
    ast = get_jit_def(obj, obj.__name__)
../publishablew/kornia/kornia/venv/lib/python3.10/site-packages/torch/jit/frontend.py:383: in get_jit_def
    return build_def(
../publishablew/kornia/kornia/venv/lib/python3.10/site-packages/torch/jit/frontend.py:444: in build_def
    return Def(Ident(r, def_name), decl, build_stmts(ctx, body))
../publishablew/kornia/kornia/venv/lib/python3.10/site-packages/torch/jit/frontend.py:197: in build_stmts
    stmts = [build_stmt(ctx, s) for s in stmts]
../publishablew/kornia/kornia/venv/lib/python3.10/site-packages/torch/jit/frontend.py:197: in <listcomp>
    stmts = [build_stmt(ctx, s) for s in stmts]
_ _ _ _ _ _ _ _ _ _ _ _ _ _ _ _ _ _ _ _ _ _ _ _ _ _ _ _ _ _ _ _ _ _ _ _ _ _ _ _ 

self = <torch.jit.frontend.StmtBuilder object at 0x71a537babd30>
ctx = <torch._sources.SourceContext object at 0x71a456f331f0>
node = <ast.ImportFrom object at 0x71a456f29de0>

    def __call__(self, ctx, node):
        method = getattr(self, "build_" + node.__class__.__name__, None)
        if method is None:
>           raise UnsupportedNodeError(ctx, node)
E           torch.jit.frontend.UnsupportedNodeError: import statements aren't supported:
E             File "/local/data0/moved_data/publishablew/kornia/kornia/kornia/geometry/camera/projection_z1.py", line 9
E           def project_points_z1(points_in_camera: Tensor) -> Tensor:
E               from .temp import project_points_z1
E               ~~~~ <--- HERE
E               return project_points_z1(points_in_camera)

../publishablew/kornia/kornia/venv/lib/python3.10/site-packages/torch/jit/frontend.py:416: UnsupportedNodeError
=========================== short test summary info ============================
FAILED ../publishablew/kornia/kornia/tests/geometry/camera/test_projections.py::TestProjectionZ1::test_jit[cpu-float32]
========================= 1 failed, 16 passed in 0.35s =========================


Final Test Result:
Setting up torch compile...
============================= test session starts ==============================
platform linux -- Python 3.10.12, pytest-8.3.3, pluggy-1.5.0 -- /local/data0/moved_data/publishablew/kornia/kornia/venv/bin/python
cachedir: .pytest_cache

cpu info:
	- Model name: AMD Ryzen 7 PRO 5845 8-Core Processor
	- Architecture: x86_64
	- CPU(s): 16
	- Thread(s) per core: 2
	- CPU max MHz: 4661.7178
	- CPU min MHz: 2200.0000
gpu info: {'GPU 0': 'NVIDIA GeForce RTX 3060'}
main deps:
    - kornia-0.7.4
    - torch-2.5.1+cu124
        - commit: a8d6afb511a69687bbb2b7e88a3cf67917e1697e
        - cuda: 12.4
        - nvidia-driver: 555.42.02
x deps:
    - accelerate-1.1.1
dev deps:
    - kornia_rs-0.1.7
    - onnx-1.17.0
gcc info: (Ubuntu 10.5.0-1ubuntu1~22.04) 10.5.0
available optimizers: {'', 'inductor', 'jit', 'openxla', 'cudagraphs', 'tvm', None, 'onnxrt'}
model weights cached: ['checkpoints']

rootdir: /local/data0/moved_data/publishablew/kornia/kornia
configfile: pyproject.toml
plugins: timeout-2.3.1
collecting ... collected 17 items

../publishablew/kornia/kornia/tests/geometry/camera/test_projections.py::TestProjectionZ1::test_smoke[cpu-float32] PASSED
../publishablew/kornia/kornia/tests/geometry/camera/test_projections.py::TestProjectionZ1::test_cardinality[cpu-float32-None] PASSED
../publishablew/kornia/kornia/tests/geometry/camera/test_projections.py::TestProjectionZ1::test_cardinality[cpu-float32-1] PASSED
../publishablew/kornia/kornia/tests/geometry/camera/test_projections.py::TestProjectionZ1::test_cardinality[cpu-float32-2] PASSED
../publishablew/kornia/kornia/tests/geometry/camera/test_projections.py::TestProjectionZ1::test_cardinality[cpu-float32-3] PASSED
../publishablew/kornia/kornia/tests/geometry/camera/test_projections.py::TestProjectionZ1::test_project_points_z1[cpu-float32] PASSED
../publishablew/kornia/kornia/tests/geometry/camera/test_projections.py::TestProjectionZ1::test_project_points_z1_batch[cpu-float32] PASSED
../publishablew/kornia/kornia/tests/geometry/camera/test_projections.py::TestProjectionZ1::test_project_points_z1_invalid[cpu-float32] PASSED
../publishablew/kornia/kornia/tests/geometry/camera/test_projections.py::TestProjectionZ1::test_unproject_points_z1[cpu-float32] PASSED
../publishablew/kornia/kornia/tests/geometry/camera/test_projections.py::TestProjectionZ1::test_unproject_points_z1_batch[cpu-float32] PASSED
../publishablew/kornia/kornia/tests/geometry/camera/test_projections.py::TestProjectionZ1::test_project_unproject[cpu-float32] PASSED
../publishablew/kornia/kornia/tests/geometry/camera/test_projections.py::TestProjectionZ1::test_unproject_points_z1_extension[cpu-float32] PASSED
../publishablew/kornia/kornia/tests/geometry/camera/test_projections.py::TestProjectionZ1::test_unproject_points_z1_batch_extension[cpu-float32] PASSED
../publishablew/kornia/kornia/tests/geometry/camera/test_projections.py::TestProjectionZ1::test_dx_proj_x[cpu-float32] PASSED
../publishablew/kornia/kornia/tests/geometry/camera/test_projections.py::TestProjectionZ1::test_exception[cpu-float32] PASSED
../publishablew/kornia/kornia/tests/geometry/camera/test_projections.py::TestProjectionZ1::test_gradcheck[cpu] PASSED
../publishablew/kornia/kornia/tests/geometry/camera/test_projections.py::TestProjectionZ1::test_jit[cpu-float32] PASSED

============================== 17 passed in 0.21s ==============================


Initial Result:
Setting up torch compile...
============================= test session starts ==============================
platform linux -- Python 3.10.12, pytest-8.3.3, pluggy-1.5.0 -- /local/data0/moved_data/publishablew/kornia/kornia/venv/bin/python
cachedir: .pytest_cache

cpu info:
	- Model name: AMD Ryzen 7 PRO 5845 8-Core Processor
	- Architecture: x86_64
	- CPU(s): 16
	- Thread(s) per core: 2
	- CPU max MHz: 4661.7178
	- CPU min MHz: 2200.0000
gpu info: {'GPU 0': 'NVIDIA GeForce RTX 3060'}
main deps:
    - kornia-0.7.4
    - torch-2.5.1+cu124
        - commit: a8d6afb511a69687bbb2b7e88a3cf67917e1697e
        - cuda: 12.4
        - nvidia-driver: 555.42.02
x deps:
    - accelerate-1.1.1
dev deps:
    - kornia_rs-0.1.7
    - onnx-1.17.0
gcc info: (Ubuntu 10.5.0-1ubuntu1~22.04) 10.5.0
available optimizers: {'', 'jit', 'onnxrt', 'tvm', 'cudagraphs', 'inductor', None, 'openxla'}
model weights cached: ['checkpoints']

rootdir: /local/data0/moved_data/publishablew/kornia/kornia
configfile: pyproject.toml
plugins: timeout-2.3.1
collecting ... collected 17 items

../publishablew/kornia/kornia/tests/geometry/camera/test_projections.py::TestProjectionZ1::test_smoke[cpu-float32] PASSED
../publishablew/kornia/kornia/tests/geometry/camera/test_projections.py::TestProjectionZ1::test_cardinality[cpu-float32-None] PASSED
../publishablew/kornia/kornia/tests/geometry/camera/test_projections.py::TestProjectionZ1::test_cardinality[cpu-float32-1] PASSED
../publishablew/kornia/kornia/tests/geometry/camera/test_projections.py::TestProjectionZ1::test_cardinality[cpu-float32-2] PASSED
../publishablew/kornia/kornia/tests/geometry/camera/test_projections.py::TestProjectionZ1::test_cardinality[cpu-float32-3] PASSED
../publishablew/kornia/kornia/tests/geometry/camera/test_projections.py::TestProjectionZ1::test_project_points_z1[cpu-float32] PASSED
../publishablew/kornia/kornia/tests/geometry/camera/test_projections.py::TestProjectionZ1::test_project_points_z1_batch[cpu-float32] PASSED
../publishablew/kornia/kornia/tests/geometry/camera/test_projections.py::TestProjectionZ1::test_project_points_z1_invalid[cpu-float32] PASSED
../publishablew/kornia/kornia/tests/geometry/camera/test_projections.py::TestProjectionZ1::test_unproject_points_z1[cpu-float32] PASSED
../publishablew/kornia/kornia/tests/geometry/camera/test_projections.py::TestProjectionZ1::test_unproject_points_z1_batch[cpu-float32] PASSED
../publishablew/kornia/kornia/tests/geometry/camera/test_projections.py::TestProjectionZ1::test_project_unproject[cpu-float32] PASSED
../publishablew/kornia/kornia/tests/geometry/camera/test_projections.py::TestProjectionZ1::test_unproject_points_z1_extension[cpu-float32] PASSED
../publishablew/kornia/kornia/tests/geometry/camera/test_projections.py::TestProjectionZ1::test_unproject_points_z1_batch_extension[cpu-float32] PASSED
../publishablew/kornia/kornia/tests/geometry/camera/test_projections.py::TestProjectionZ1::test_dx_proj_x[cpu-float32] PASSED
../publishablew/kornia/kornia/tests/geometry/camera/test_projections.py::TestProjectionZ1::test_exception[cpu-float32] PASSED
../publishablew/kornia/kornia/tests/geometry/camera/test_projections.py::TestProjectionZ1::test_gradcheck[cpu] PASSED
../publishablew/kornia/kornia/tests/geometry/camera/test_projections.py::TestProjectionZ1::test_jit[cpu-float32] PASSED

============================== 17 passed in 0.24s ==============================
