output file:
processed_scikit-learnmake_circles320.json
function:
make_circles
Error Cases:

Pass or Failed: 0

Related Failed Test Cases:
{'../publishablew/scikit-learn/scikit-learn/sklearn/datasets/tests/test_samples_generator.py::test_make_circles FAILED', 'FAILED ../publishablew/scikit-learn/scikit-learn/sklearn/datasets/tests/test_samples_generator.py::test_make_circles'}

All Test Cases On Generated code:
============================= test session starts ==============================
platform linux -- Python 3.9.0, pytest-8.3.3, pluggy-1.5.0 -- /local/data0/moved_data/publishablew/scikit-learn/scikit-learn/venv/bin/python
cachedir: .pytest_cache
rootdir: /local/data0/moved_data/publishablew/scikit-learn/scikit-learn
configfile: setup.cfg
plugins: cov-6.0.0
collecting ... collected 55 items

../publishablew/scikit-learn/scikit-learn/sklearn/datasets/tests/test_samples_generator.py::test_make_classification I: Seeding RNGs with 859092991
PASSED
../publishablew/scikit-learn/scikit-learn/sklearn/datasets/tests/test_samples_generator.py::test_make_classification_informative_features PASSED
../publishablew/scikit-learn/scikit-learn/sklearn/datasets/tests/test_samples_generator.py::test_make_classification_weights_type[weights0-ValueError-Weights specified but incompatible with number of classes.] PASSED
../publishablew/scikit-learn/scikit-learn/sklearn/datasets/tests/test_samples_generator.py::test_make_classification_weights_type[weights1-ValueError-Weights specified but incompatible with number of classes.] PASSED
../publishablew/scikit-learn/scikit-learn/sklearn/datasets/tests/test_samples_generator.py::test_make_classification_weights_type[weights2-ValueError-Weights specified but incompatible with number of classes.] PASSED
../publishablew/scikit-learn/scikit-learn/sklearn/datasets/tests/test_samples_generator.py::test_make_classification_weights_type[weights3-ValueError-Weights specified but incompatible with number of classes.] PASSED
../publishablew/scikit-learn/scikit-learn/sklearn/datasets/tests/test_samples_generator.py::test_make_classification_weights_type[weights4-ValueError-Weights specified but incompatible with number of classes.] PASSED
../publishablew/scikit-learn/scikit-learn/sklearn/datasets/tests/test_samples_generator.py::test_make_classification_weights_array_or_list_ok[kwargs0] PASSED
../publishablew/scikit-learn/scikit-learn/sklearn/datasets/tests/test_samples_generator.py::test_make_classification_weights_array_or_list_ok[kwargs1] PASSED
../publishablew/scikit-learn/scikit-learn/sklearn/datasets/tests/test_samples_generator.py::test_make_multilabel_classification_return_sequences PASSED
../publishablew/scikit-learn/scikit-learn/sklearn/datasets/tests/test_samples_generator.py::test_make_multilabel_classification_return_indicator PASSED
../publishablew/scikit-learn/scikit-learn/sklearn/datasets/tests/test_samples_generator.py::test_make_multilabel_classification_return_indicator_sparse PASSED
../publishablew/scikit-learn/scikit-learn/sklearn/datasets/tests/test_samples_generator.py::test_make_hastie_10_2 PASSED
../publishablew/scikit-learn/scikit-learn/sklearn/datasets/tests/test_samples_generator.py::test_make_regression PASSED
../publishablew/scikit-learn/scikit-learn/sklearn/datasets/tests/test_samples_generator.py::test_make_regression_multitarget PASSED
../publishablew/scikit-learn/scikit-learn/sklearn/datasets/tests/test_samples_generator.py::test_make_blobs PASSED
../publishablew/scikit-learn/scikit-learn/sklearn/datasets/tests/test_samples_generator.py::test_make_blobs_n_samples_list PASSED
../publishablew/scikit-learn/scikit-learn/sklearn/datasets/tests/test_samples_generator.py::test_make_blobs_n_samples_list_with_centers PASSED
../publishablew/scikit-learn/scikit-learn/sklearn/datasets/tests/test_samples_generator.py::test_make_blobs_n_samples_centers_none[n_samples0] PASSED
../publishablew/scikit-learn/scikit-learn/sklearn/datasets/tests/test_samples_generator.py::test_make_blobs_n_samples_centers_none[n_samples1] PASSED
../publishablew/scikit-learn/scikit-learn/sklearn/datasets/tests/test_samples_generator.py::test_make_blobs_n_samples_centers_none[n_samples2] PASSED
../publishablew/scikit-learn/scikit-learn/sklearn/datasets/tests/test_samples_generator.py::test_make_blobs_return_centers PASSED
../publishablew/scikit-learn/scikit-learn/sklearn/datasets/tests/test_samples_generator.py::test_make_blobs_error PASSED
../publishablew/scikit-learn/scikit-learn/sklearn/datasets/tests/test_samples_generator.py::test_make_friedman1 PASSED
../publishablew/scikit-learn/scikit-learn/sklearn/datasets/tests/test_samples_generator.py::test_make_friedman2 PASSED
../publishablew/scikit-learn/scikit-learn/sklearn/datasets/tests/test_samples_generator.py::test_make_friedman3 PASSED
../publishablew/scikit-learn/scikit-learn/sklearn/datasets/tests/test_samples_generator.py::test_make_low_rank_matrix PASSED
../publishablew/scikit-learn/scikit-learn/sklearn/datasets/tests/test_samples_generator.py::test_make_sparse_coded_signal PASSED
../publishablew/scikit-learn/scikit-learn/sklearn/datasets/tests/test_samples_generator.py::test_make_sparse_uncorrelated PASSED
../publishablew/scikit-learn/scikit-learn/sklearn/datasets/tests/test_samples_generator.py::test_make_spd_matrix PASSED
../publishablew/scikit-learn/scikit-learn/sklearn/datasets/tests/test_samples_generator.py::test_make_sparse_spd_matrix[42-None-True] PASSED
../publishablew/scikit-learn/scikit-learn/sklearn/datasets/tests/test_samples_generator.py::test_make_sparse_spd_matrix[42-None-False] PASSED
../publishablew/scikit-learn/scikit-learn/sklearn/datasets/tests/test_samples_generator.py::test_make_sparse_spd_matrix[42-bsr-True] PASSED
../publishablew/scikit-learn/scikit-learn/sklearn/datasets/tests/test_samples_generator.py::test_make_sparse_spd_matrix[42-bsr-False] PASSED
../publishablew/scikit-learn/scikit-learn/sklearn/datasets/tests/test_samples_generator.py::test_make_sparse_spd_matrix[42-coo-True] PASSED
../publishablew/scikit-learn/scikit-learn/sklearn/datasets/tests/test_samples_generator.py::test_make_sparse_spd_matrix[42-coo-False] PASSED
../publishablew/scikit-learn/scikit-learn/sklearn/datasets/tests/test_samples_generator.py::test_make_sparse_spd_matrix[42-csc-True] PASSED
../publishablew/scikit-learn/scikit-learn/sklearn/datasets/tests/test_samples_generator.py::test_make_sparse_spd_matrix[42-csc-False] PASSED
../publishablew/scikit-learn/scikit-learn/sklearn/datasets/tests/test_samples_generator.py::test_make_sparse_spd_matrix[42-csr-True] PASSED
../publishablew/scikit-learn/scikit-learn/sklearn/datasets/tests/test_samples_generator.py::test_make_sparse_spd_matrix[42-csr-False] PASSED
../publishablew/scikit-learn/scikit-learn/sklearn/datasets/tests/test_samples_generator.py::test_make_sparse_spd_matrix[42-dia-True] PASSED
../publishablew/scikit-learn/scikit-learn/sklearn/datasets/tests/test_samples_generator.py::test_make_sparse_spd_matrix[42-dia-False] PASSED
../publishablew/scikit-learn/scikit-learn/sklearn/datasets/tests/test_samples_generator.py::test_make_sparse_spd_matrix[42-dok-True] PASSED
../publishablew/scikit-learn/scikit-learn/sklearn/datasets/tests/test_samples_generator.py::test_make_sparse_spd_matrix[42-dok-False] PASSED
../publishablew/scikit-learn/scikit-learn/sklearn/datasets/tests/test_samples_generator.py::test_make_sparse_spd_matrix[42-lil-True] PASSED
../publishablew/scikit-learn/scikit-learn/sklearn/datasets/tests/test_samples_generator.py::test_make_sparse_spd_matrix[42-lil-False] PASSED
../publishablew/scikit-learn/scikit-learn/sklearn/datasets/tests/test_samples_generator.py::test_make_swiss_roll[False] PASSED
../publishablew/scikit-learn/scikit-learn/sklearn/datasets/tests/test_samples_generator.py::test_make_swiss_roll[True] PASSED
../publishablew/scikit-learn/scikit-learn/sklearn/datasets/tests/test_samples_generator.py::test_make_s_curve PASSED
../publishablew/scikit-learn/scikit-learn/sklearn/datasets/tests/test_samples_generator.py::test_make_biclusters PASSED
../publishablew/scikit-learn/scikit-learn/sklearn/datasets/tests/test_samples_generator.py::test_make_checkerboard PASSED
../publishablew/scikit-learn/scikit-learn/sklearn/datasets/tests/test_samples_generator.py::test_make_moons PASSED
../publishablew/scikit-learn/scikit-learn/sklearn/datasets/tests/test_samples_generator.py::test_make_moons_unbalanced PASSED
../publishablew/scikit-learn/scikit-learn/sklearn/datasets/tests/test_samples_generator.py::test_make_circles FAILED
../publishablew/scikit-learn/scikit-learn/sklearn/datasets/tests/test_samples_generator.py::test_make_circles_unbalanced PASSED

=================================== FAILURES ===================================
______________________________ test_make_circles _______________________________

    def test_make_circles():
        factor = 0.3
    
        for n_samples, n_outer, n_inner in [(7, 3, 4), (8, 4, 4)]:
            # Testing odd and even case, because in the past make_circles always
            # created an even number of samples.
            X, y = make_circles(n_samples, shuffle=False, noise=None, factor=factor)
            assert X.shape == (n_samples, 2), "X shape mismatch"
            assert y.shape == (n_samples,), "y shape mismatch"
            center = [0.0, 0.0]
            for x, label in zip(X, y):
                dist_sqr = ((x - center) ** 2).sum()
                dist_exp = 1.0 if label == 0 else factor**2
                dist_exp = 1.0 if label == 0 else factor**2
>               assert_almost_equal(
                    dist_sqr, dist_exp, err_msg="Point is not on expected circle"
                )

../publishablew/scikit-learn/scikit-learn/sklearn/datasets/tests/test_samples_generator.py:660: 
_ _ _ _ _ _ _ _ _ _ _ _ _ _ _ _ _ _ _ _ _ _ _ _ _ _ _ _ _ _ _ _ _ _ _ _ _ _ _ _ 

args = (np.float64(0.6400000000000001), 0.09)
kwds = {'err_msg': 'Point is not on expected circle'}

    @wraps(func)
    def inner(*args, **kwds):
        with self._recreate_cm():
>           return func(*args, **kwds)
E           AssertionError: 
E           Arrays are not almost equal to 7 decimals Point is not on expected circle
E            ACTUAL: np.float64(0.6400000000000001)
E            DESIRED: 0.09

/usr/local/lib/python3.9/contextlib.py:79: AssertionError
=========================== short test summary info ============================
FAILED ../publishablew/scikit-learn/scikit-learn/sklearn/datasets/tests/test_samples_generator.py::test_make_circles
========================= 1 failed, 54 passed in 0.29s =========================


Final Test Result:
============================= test session starts ==============================
platform linux -- Python 3.9.0, pytest-8.3.3, pluggy-1.5.0 -- /local/data0/moved_data/publishablew/scikit-learn/scikit-learn/venv/bin/python
cachedir: .pytest_cache
rootdir: /local/data0/moved_data/publishablew/scikit-learn/scikit-learn
configfile: setup.cfg
plugins: cov-6.0.0
collecting ... collected 55 items

../publishablew/scikit-learn/scikit-learn/sklearn/datasets/tests/test_samples_generator.py::test_make_classification I: Seeding RNGs with 8149243
PASSED
../publishablew/scikit-learn/scikit-learn/sklearn/datasets/tests/test_samples_generator.py::test_make_classification_informative_features PASSED
../publishablew/scikit-learn/scikit-learn/sklearn/datasets/tests/test_samples_generator.py::test_make_classification_weights_type[weights0-ValueError-Weights specified but incompatible with number of classes.] PASSED
../publishablew/scikit-learn/scikit-learn/sklearn/datasets/tests/test_samples_generator.py::test_make_classification_weights_type[weights1-ValueError-Weights specified but incompatible with number of classes.] PASSED
../publishablew/scikit-learn/scikit-learn/sklearn/datasets/tests/test_samples_generator.py::test_make_classification_weights_type[weights2-ValueError-Weights specified but incompatible with number of classes.] PASSED
../publishablew/scikit-learn/scikit-learn/sklearn/datasets/tests/test_samples_generator.py::test_make_classification_weights_type[weights3-ValueError-Weights specified but incompatible with number of classes.] PASSED
../publishablew/scikit-learn/scikit-learn/sklearn/datasets/tests/test_samples_generator.py::test_make_classification_weights_type[weights4-ValueError-Weights specified but incompatible with number of classes.] PASSED
../publishablew/scikit-learn/scikit-learn/sklearn/datasets/tests/test_samples_generator.py::test_make_classification_weights_array_or_list_ok[kwargs0] PASSED
../publishablew/scikit-learn/scikit-learn/sklearn/datasets/tests/test_samples_generator.py::test_make_classification_weights_array_or_list_ok[kwargs1] PASSED
../publishablew/scikit-learn/scikit-learn/sklearn/datasets/tests/test_samples_generator.py::test_make_multilabel_classification_return_sequences PASSED
../publishablew/scikit-learn/scikit-learn/sklearn/datasets/tests/test_samples_generator.py::test_make_multilabel_classification_return_indicator PASSED
../publishablew/scikit-learn/scikit-learn/sklearn/datasets/tests/test_samples_generator.py::test_make_multilabel_classification_return_indicator_sparse PASSED
../publishablew/scikit-learn/scikit-learn/sklearn/datasets/tests/test_samples_generator.py::test_make_hastie_10_2 PASSED
../publishablew/scikit-learn/scikit-learn/sklearn/datasets/tests/test_samples_generator.py::test_make_regression PASSED
../publishablew/scikit-learn/scikit-learn/sklearn/datasets/tests/test_samples_generator.py::test_make_regression_multitarget PASSED
../publishablew/scikit-learn/scikit-learn/sklearn/datasets/tests/test_samples_generator.py::test_make_blobs PASSED
../publishablew/scikit-learn/scikit-learn/sklearn/datasets/tests/test_samples_generator.py::test_make_blobs_n_samples_list PASSED
../publishablew/scikit-learn/scikit-learn/sklearn/datasets/tests/test_samples_generator.py::test_make_blobs_n_samples_list_with_centers PASSED
../publishablew/scikit-learn/scikit-learn/sklearn/datasets/tests/test_samples_generator.py::test_make_blobs_n_samples_centers_none[n_samples0] PASSED
../publishablew/scikit-learn/scikit-learn/sklearn/datasets/tests/test_samples_generator.py::test_make_blobs_n_samples_centers_none[n_samples1] PASSED
../publishablew/scikit-learn/scikit-learn/sklearn/datasets/tests/test_samples_generator.py::test_make_blobs_n_samples_centers_none[n_samples2] PASSED
../publishablew/scikit-learn/scikit-learn/sklearn/datasets/tests/test_samples_generator.py::test_make_blobs_return_centers PASSED
../publishablew/scikit-learn/scikit-learn/sklearn/datasets/tests/test_samples_generator.py::test_make_blobs_error PASSED
../publishablew/scikit-learn/scikit-learn/sklearn/datasets/tests/test_samples_generator.py::test_make_friedman1 PASSED
../publishablew/scikit-learn/scikit-learn/sklearn/datasets/tests/test_samples_generator.py::test_make_friedman2 PASSED
../publishablew/scikit-learn/scikit-learn/sklearn/datasets/tests/test_samples_generator.py::test_make_friedman3 PASSED
../publishablew/scikit-learn/scikit-learn/sklearn/datasets/tests/test_samples_generator.py::test_make_low_rank_matrix PASSED
../publishablew/scikit-learn/scikit-learn/sklearn/datasets/tests/test_samples_generator.py::test_make_sparse_coded_signal PASSED
../publishablew/scikit-learn/scikit-learn/sklearn/datasets/tests/test_samples_generator.py::test_make_sparse_uncorrelated PASSED
../publishablew/scikit-learn/scikit-learn/sklearn/datasets/tests/test_samples_generator.py::test_make_spd_matrix PASSED
../publishablew/scikit-learn/scikit-learn/sklearn/datasets/tests/test_samples_generator.py::test_make_sparse_spd_matrix[42-None-True] PASSED
../publishablew/scikit-learn/scikit-learn/sklearn/datasets/tests/test_samples_generator.py::test_make_sparse_spd_matrix[42-None-False] PASSED
../publishablew/scikit-learn/scikit-learn/sklearn/datasets/tests/test_samples_generator.py::test_make_sparse_spd_matrix[42-bsr-True] PASSED
../publishablew/scikit-learn/scikit-learn/sklearn/datasets/tests/test_samples_generator.py::test_make_sparse_spd_matrix[42-bsr-False] PASSED
../publishablew/scikit-learn/scikit-learn/sklearn/datasets/tests/test_samples_generator.py::test_make_sparse_spd_matrix[42-coo-True] PASSED
../publishablew/scikit-learn/scikit-learn/sklearn/datasets/tests/test_samples_generator.py::test_make_sparse_spd_matrix[42-coo-False] PASSED
../publishablew/scikit-learn/scikit-learn/sklearn/datasets/tests/test_samples_generator.py::test_make_sparse_spd_matrix[42-csc-True] PASSED
../publishablew/scikit-learn/scikit-learn/sklearn/datasets/tests/test_samples_generator.py::test_make_sparse_spd_matrix[42-csc-False] PASSED
../publishablew/scikit-learn/scikit-learn/sklearn/datasets/tests/test_samples_generator.py::test_make_sparse_spd_matrix[42-csr-True] PASSED
../publishablew/scikit-learn/scikit-learn/sklearn/datasets/tests/test_samples_generator.py::test_make_sparse_spd_matrix[42-csr-False] PASSED
../publishablew/scikit-learn/scikit-learn/sklearn/datasets/tests/test_samples_generator.py::test_make_sparse_spd_matrix[42-dia-True] PASSED
../publishablew/scikit-learn/scikit-learn/sklearn/datasets/tests/test_samples_generator.py::test_make_sparse_spd_matrix[42-dia-False] PASSED
../publishablew/scikit-learn/scikit-learn/sklearn/datasets/tests/test_samples_generator.py::test_make_sparse_spd_matrix[42-dok-True] PASSED
../publishablew/scikit-learn/scikit-learn/sklearn/datasets/tests/test_samples_generator.py::test_make_sparse_spd_matrix[42-dok-False] PASSED
../publishablew/scikit-learn/scikit-learn/sklearn/datasets/tests/test_samples_generator.py::test_make_sparse_spd_matrix[42-lil-True] PASSED
../publishablew/scikit-learn/scikit-learn/sklearn/datasets/tests/test_samples_generator.py::test_make_sparse_spd_matrix[42-lil-False] PASSED
../publishablew/scikit-learn/scikit-learn/sklearn/datasets/tests/test_samples_generator.py::test_make_swiss_roll[False] PASSED
../publishablew/scikit-learn/scikit-learn/sklearn/datasets/tests/test_samples_generator.py::test_make_swiss_roll[True] PASSED
../publishablew/scikit-learn/scikit-learn/sklearn/datasets/tests/test_samples_generator.py::test_make_s_curve PASSED
../publishablew/scikit-learn/scikit-learn/sklearn/datasets/tests/test_samples_generator.py::test_make_biclusters PASSED
../publishablew/scikit-learn/scikit-learn/sklearn/datasets/tests/test_samples_generator.py::test_make_checkerboard PASSED
../publishablew/scikit-learn/scikit-learn/sklearn/datasets/tests/test_samples_generator.py::test_make_moons PASSED
../publishablew/scikit-learn/scikit-learn/sklearn/datasets/tests/test_samples_generator.py::test_make_moons_unbalanced PASSED
../publishablew/scikit-learn/scikit-learn/sklearn/datasets/tests/test_samples_generator.py::test_make_circles PASSED
../publishablew/scikit-learn/scikit-learn/sklearn/datasets/tests/test_samples_generator.py::test_make_circles_unbalanced PASSED

============================== 55 passed in 0.18s ==============================


Initial Result:
============================= test session starts ==============================
platform linux -- Python 3.9.0, pytest-8.3.3, pluggy-1.5.0 -- /local/data0/moved_data/publishablew/scikit-learn/scikit-learn/venv/bin/python
cachedir: .pytest_cache
rootdir: /local/data0/moved_data/publishablew/scikit-learn/scikit-learn
configfile: setup.cfg
plugins: cov-6.0.0
collecting ... collected 55 items

../publishablew/scikit-learn/scikit-learn/sklearn/datasets/tests/test_samples_generator.py::test_make_classification I: Seeding RNGs with 380337109
PASSED
../publishablew/scikit-learn/scikit-learn/sklearn/datasets/tests/test_samples_generator.py::test_make_classification_informative_features PASSED
../publishablew/scikit-learn/scikit-learn/sklearn/datasets/tests/test_samples_generator.py::test_make_classification_weights_type[weights0-ValueError-Weights specified but incompatible with number of classes.] PASSED
../publishablew/scikit-learn/scikit-learn/sklearn/datasets/tests/test_samples_generator.py::test_make_classification_weights_type[weights1-ValueError-Weights specified but incompatible with number of classes.] PASSED
../publishablew/scikit-learn/scikit-learn/sklearn/datasets/tests/test_samples_generator.py::test_make_classification_weights_type[weights2-ValueError-Weights specified but incompatible with number of classes.] PASSED
../publishablew/scikit-learn/scikit-learn/sklearn/datasets/tests/test_samples_generator.py::test_make_classification_weights_type[weights3-ValueError-Weights specified but incompatible with number of classes.] PASSED
../publishablew/scikit-learn/scikit-learn/sklearn/datasets/tests/test_samples_generator.py::test_make_classification_weights_type[weights4-ValueError-Weights specified but incompatible with number of classes.] PASSED
../publishablew/scikit-learn/scikit-learn/sklearn/datasets/tests/test_samples_generator.py::test_make_classification_weights_array_or_list_ok[kwargs0] PASSED
../publishablew/scikit-learn/scikit-learn/sklearn/datasets/tests/test_samples_generator.py::test_make_classification_weights_array_or_list_ok[kwargs1] PASSED
../publishablew/scikit-learn/scikit-learn/sklearn/datasets/tests/test_samples_generator.py::test_make_multilabel_classification_return_sequences PASSED
../publishablew/scikit-learn/scikit-learn/sklearn/datasets/tests/test_samples_generator.py::test_make_multilabel_classification_return_indicator PASSED
../publishablew/scikit-learn/scikit-learn/sklearn/datasets/tests/test_samples_generator.py::test_make_multilabel_classification_return_indicator_sparse PASSED
../publishablew/scikit-learn/scikit-learn/sklearn/datasets/tests/test_samples_generator.py::test_make_hastie_10_2 PASSED
../publishablew/scikit-learn/scikit-learn/sklearn/datasets/tests/test_samples_generator.py::test_make_regression PASSED
../publishablew/scikit-learn/scikit-learn/sklearn/datasets/tests/test_samples_generator.py::test_make_regression_multitarget PASSED
../publishablew/scikit-learn/scikit-learn/sklearn/datasets/tests/test_samples_generator.py::test_make_blobs PASSED
../publishablew/scikit-learn/scikit-learn/sklearn/datasets/tests/test_samples_generator.py::test_make_blobs_n_samples_list PASSED
../publishablew/scikit-learn/scikit-learn/sklearn/datasets/tests/test_samples_generator.py::test_make_blobs_n_samples_list_with_centers PASSED
../publishablew/scikit-learn/scikit-learn/sklearn/datasets/tests/test_samples_generator.py::test_make_blobs_n_samples_centers_none[n_samples0] PASSED
../publishablew/scikit-learn/scikit-learn/sklearn/datasets/tests/test_samples_generator.py::test_make_blobs_n_samples_centers_none[n_samples1] PASSED
../publishablew/scikit-learn/scikit-learn/sklearn/datasets/tests/test_samples_generator.py::test_make_blobs_n_samples_centers_none[n_samples2] PASSED
../publishablew/scikit-learn/scikit-learn/sklearn/datasets/tests/test_samples_generator.py::test_make_blobs_return_centers PASSED
../publishablew/scikit-learn/scikit-learn/sklearn/datasets/tests/test_samples_generator.py::test_make_blobs_error PASSED
../publishablew/scikit-learn/scikit-learn/sklearn/datasets/tests/test_samples_generator.py::test_make_friedman1 PASSED
../publishablew/scikit-learn/scikit-learn/sklearn/datasets/tests/test_samples_generator.py::test_make_friedman2 PASSED
../publishablew/scikit-learn/scikit-learn/sklearn/datasets/tests/test_samples_generator.py::test_make_friedman3 PASSED
../publishablew/scikit-learn/scikit-learn/sklearn/datasets/tests/test_samples_generator.py::test_make_low_rank_matrix PASSED
../publishablew/scikit-learn/scikit-learn/sklearn/datasets/tests/test_samples_generator.py::test_make_sparse_coded_signal PASSED
../publishablew/scikit-learn/scikit-learn/sklearn/datasets/tests/test_samples_generator.py::test_make_sparse_uncorrelated PASSED
../publishablew/scikit-learn/scikit-learn/sklearn/datasets/tests/test_samples_generator.py::test_make_spd_matrix PASSED
../publishablew/scikit-learn/scikit-learn/sklearn/datasets/tests/test_samples_generator.py::test_make_sparse_spd_matrix[42-None-True] PASSED
../publishablew/scikit-learn/scikit-learn/sklearn/datasets/tests/test_samples_generator.py::test_make_sparse_spd_matrix[42-None-False] PASSED
../publishablew/scikit-learn/scikit-learn/sklearn/datasets/tests/test_samples_generator.py::test_make_sparse_spd_matrix[42-bsr-True] PASSED
../publishablew/scikit-learn/scikit-learn/sklearn/datasets/tests/test_samples_generator.py::test_make_sparse_spd_matrix[42-bsr-False] PASSED
../publishablew/scikit-learn/scikit-learn/sklearn/datasets/tests/test_samples_generator.py::test_make_sparse_spd_matrix[42-coo-True] PASSED
../publishablew/scikit-learn/scikit-learn/sklearn/datasets/tests/test_samples_generator.py::test_make_sparse_spd_matrix[42-coo-False] PASSED
../publishablew/scikit-learn/scikit-learn/sklearn/datasets/tests/test_samples_generator.py::test_make_sparse_spd_matrix[42-csc-True] PASSED
../publishablew/scikit-learn/scikit-learn/sklearn/datasets/tests/test_samples_generator.py::test_make_sparse_spd_matrix[42-csc-False] PASSED
../publishablew/scikit-learn/scikit-learn/sklearn/datasets/tests/test_samples_generator.py::test_make_sparse_spd_matrix[42-csr-True] PASSED
../publishablew/scikit-learn/scikit-learn/sklearn/datasets/tests/test_samples_generator.py::test_make_sparse_spd_matrix[42-csr-False] PASSED
../publishablew/scikit-learn/scikit-learn/sklearn/datasets/tests/test_samples_generator.py::test_make_sparse_spd_matrix[42-dia-True] PASSED
../publishablew/scikit-learn/scikit-learn/sklearn/datasets/tests/test_samples_generator.py::test_make_sparse_spd_matrix[42-dia-False] PASSED
../publishablew/scikit-learn/scikit-learn/sklearn/datasets/tests/test_samples_generator.py::test_make_sparse_spd_matrix[42-dok-True] PASSED
../publishablew/scikit-learn/scikit-learn/sklearn/datasets/tests/test_samples_generator.py::test_make_sparse_spd_matrix[42-dok-False] PASSED
../publishablew/scikit-learn/scikit-learn/sklearn/datasets/tests/test_samples_generator.py::test_make_sparse_spd_matrix[42-lil-True] PASSED
../publishablew/scikit-learn/scikit-learn/sklearn/datasets/tests/test_samples_generator.py::test_make_sparse_spd_matrix[42-lil-False] PASSED
../publishablew/scikit-learn/scikit-learn/sklearn/datasets/tests/test_samples_generator.py::test_make_swiss_roll[False] PASSED
../publishablew/scikit-learn/scikit-learn/sklearn/datasets/tests/test_samples_generator.py::test_make_swiss_roll[True] PASSED
../publishablew/scikit-learn/scikit-learn/sklearn/datasets/tests/test_samples_generator.py::test_make_s_curve PASSED
../publishablew/scikit-learn/scikit-learn/sklearn/datasets/tests/test_samples_generator.py::test_make_biclusters PASSED
../publishablew/scikit-learn/scikit-learn/sklearn/datasets/tests/test_samples_generator.py::test_make_checkerboard PASSED
../publishablew/scikit-learn/scikit-learn/sklearn/datasets/tests/test_samples_generator.py::test_make_moons PASSED
../publishablew/scikit-learn/scikit-learn/sklearn/datasets/tests/test_samples_generator.py::test_make_moons_unbalanced PASSED
../publishablew/scikit-learn/scikit-learn/sklearn/datasets/tests/test_samples_generator.py::test_make_circles PASSED
../publishablew/scikit-learn/scikit-learn/sklearn/datasets/tests/test_samples_generator.py::test_make_circles_unbalanced PASSED

============================== 55 passed in 0.17s ==============================
