output file:
processed_korniarescale51.json
function:
rescale
Error Cases:

Pass or Failed: 0

Related Failed Test Cases:
{'FAILED ../publishablew/kornia/kornia/tests/geometry/transform/test_affine.py::TestRescale::test_downscale_values_AA[cpu-float32]', '../publishablew/kornia/kornia/tests/geometry/transform/test_affine.py::TestRescale::test_downscale_values_AA[cpu-float32] FAILED'}

All Test Cases On Generated code:
Setting up torch compile...
============================= test session starts ==============================
platform linux -- Python 3.10.12, pytest-8.3.3, pluggy-1.5.0 -- /local/data0/moved_data/publishablew/kornia/kornia/venv/bin/python
cachedir: .pytest_cache

cpu info:
	- Model name: AMD Ryzen 7 PRO 5845 8-Core Processor
	- Architecture: x86_64
	- CPU(s): 16
	- Thread(s) per core: 2
	- CPU max MHz: 4661.7178
	- CPU min MHz: 2200.0000
gpu info: {'GPU 0': 'NVIDIA GeForce RTX 3060'}
main deps:
    - kornia-0.7.4
    - torch-2.5.1+cu124
        - commit: a8d6afb511a69687bbb2b7e88a3cf67917e1697e
        - cuda: 12.4
        - nvidia-driver: 555.42.02
x deps:
    - accelerate-1.1.1
dev deps:
    - kornia_rs-0.1.7
    - onnx-1.17.0
gcc info: (Ubuntu 10.5.0-1ubuntu1~22.04) 10.5.0
available optimizers: {'', 'tvm', 'onnxrt', 'jit', 'openxla', 'cudagraphs', 'inductor', None}
model weights cached: ['checkpoints']

rootdir: /local/data0/moved_data/publishablew/kornia/kornia
configfile: pyproject.toml
plugins: timeout-2.3.1
collecting ... collected 50 items

../publishablew/kornia/kornia/tests/geometry/transform/test_affine.py::TestResize::test_smoke[cpu-float32] PASSED
../publishablew/kornia/kornia/tests/geometry/transform/test_affine.py::TestResize::test_upsize[cpu-float32] PASSED
../publishablew/kornia/kornia/tests/geometry/transform/test_affine.py::TestResize::test_downsize[cpu-float32] PASSED
../publishablew/kornia/kornia/tests/geometry/transform/test_affine.py::TestResize::test_downsizeAA[cpu-float32] PASSED
../publishablew/kornia/kornia/tests/geometry/transform/test_affine.py::TestResize::test_one_param[cpu-float32] PASSED
../publishablew/kornia/kornia/tests/geometry/transform/test_affine.py::TestResize::test_one_param_long[cpu-float32] PASSED
../publishablew/kornia/kornia/tests/geometry/transform/test_affine.py::TestResize::test_one_param_vert[cpu-float32] PASSED
../publishablew/kornia/kornia/tests/geometry/transform/test_affine.py::TestResize::test_one_param_horz[cpu-float32] PASSED
../publishablew/kornia/kornia/tests/geometry/transform/test_affine.py::TestResize::test_gradcheck[cpu] PASSED
../publishablew/kornia/kornia/tests/geometry/transform/test_affine.py::TestResize::test_dynamo[cpu-float32-inductor-True] PASSED
../publishablew/kornia/kornia/tests/geometry/transform/test_affine.py::TestResize::test_dynamo[cpu-float32-inductor-False] PASSED
../publishablew/kornia/kornia/tests/geometry/transform/test_affine.py::TestRescale::test_smoke[cpu-float32] PASSED
../publishablew/kornia/kornia/tests/geometry/transform/test_affine.py::TestRescale::test_upsize[cpu-float32] PASSED
../publishablew/kornia/kornia/tests/geometry/transform/test_affine.py::TestRescale::test_downsize[cpu-float32] PASSED
../publishablew/kornia/kornia/tests/geometry/transform/test_affine.py::TestRescale::test_downscale_values[cpu-float32] PASSED
../publishablew/kornia/kornia/tests/geometry/transform/test_affine.py::TestRescale::test_downscale_values_AA[cpu-float32] FAILED
../publishablew/kornia/kornia/tests/geometry/transform/test_affine.py::TestRescale::test_one_param[cpu-float32] PASSED
../publishablew/kornia/kornia/tests/geometry/transform/test_affine.py::TestRescale::test_gradcheck[cpu] PASSED
../publishablew/kornia/kornia/tests/geometry/transform/test_affine.py::TestRotate::test_angle90[cpu-float32] PASSED
../publishablew/kornia/kornia/tests/geometry/transform/test_affine.py::TestRotate::test_angle90_batch2[cpu-float32] PASSED
../publishablew/kornia/kornia/tests/geometry/transform/test_affine.py::TestRotate::test_angle90_batch2_broadcast[cpu-float32] PASSED
../publishablew/kornia/kornia/tests/geometry/transform/test_affine.py::TestRotate::test_gradcheck[cpu] PASSED
../publishablew/kornia/kornia/tests/geometry/transform/test_affine.py::TestRotate::test_jit[cpu-float32] SKIPPED
../publishablew/kornia/kornia/tests/geometry/transform/test_affine.py::TestTranslate::test_dxdy[cpu-float32] PASSED
../publishablew/kornia/kornia/tests/geometry/transform/test_affine.py::TestTranslate::test_dxdy_batch[cpu-float32] PASSED
../publishablew/kornia/kornia/tests/geometry/transform/test_affine.py::TestTranslate::test_dxdy_batch_broadcast[cpu-float32] PASSED
../publishablew/kornia/kornia/tests/geometry/transform/test_affine.py::TestTranslate::test_gradcheck[cpu] PASSED
../publishablew/kornia/kornia/tests/geometry/transform/test_affine.py::TestTranslate::test_jit[cpu-float32] SKIPPED
../publishablew/kornia/kornia/tests/geometry/transform/test_affine.py::TestScale::test_scale_factor_2[cpu-float32] PASSED
../publishablew/kornia/kornia/tests/geometry/transform/test_affine.py::TestScale::test_scale_factor_05[cpu-float32] PASSED
../publishablew/kornia/kornia/tests/geometry/transform/test_affine.py::TestScale::test_scale_factor_05_batch2[cpu-float32] PASSED
../publishablew/kornia/kornia/tests/geometry/transform/test_affine.py::TestScale::test_scale_factor_05_batch2_broadcast[cpu-float32] PASSED
../publishablew/kornia/kornia/tests/geometry/transform/test_affine.py::TestScale::test_gradcheck[cpu] PASSED
../publishablew/kornia/kornia/tests/geometry/transform/test_affine.py::TestScale::test_jit[cpu-float32] SKIPPED
../publishablew/kornia/kornia/tests/geometry/transform/test_affine.py::TestShear::test_shear_x[cpu-float32] PASSED
../publishablew/kornia/kornia/tests/geometry/transform/test_affine.py::TestShear::test_shear_y[cpu-float32] PASSED
../publishablew/kornia/kornia/tests/geometry/transform/test_affine.py::TestShear::test_shear_batch2[cpu-float32] PASSED
../publishablew/kornia/kornia/tests/geometry/transform/test_affine.py::TestShear::test_shear_batch2_broadcast[cpu-float32] PASSED
../publishablew/kornia/kornia/tests/geometry/transform/test_affine.py::TestShear::test_gradcheck[cpu] PASSED
../publishablew/kornia/kornia/tests/geometry/transform/test_affine.py::TestShear::test_jit[cpu-float32] SKIPPED
../publishablew/kornia/kornia/tests/geometry/transform/test_affine.py::TestAffine2d::test_affine_no_args PASSED
../publishablew/kornia/kornia/tests/geometry/transform/test_affine.py::TestAffine2d::test_affine_batch_size_mismatch[cpu-float32] PASSED
../publishablew/kornia/kornia/tests/geometry/transform/test_affine.py::TestAffine2d::test_affine_rotate[cpu-float32] PASSED
../publishablew/kornia/kornia/tests/geometry/transform/test_affine.py::TestAffine2d::test_affine_translate[cpu-float32] PASSED
../publishablew/kornia/kornia/tests/geometry/transform/test_affine.py::TestAffine2d::test_affine_scale[cpu-float32] PASSED
../publishablew/kornia/kornia/tests/geometry/transform/test_affine.py::TestAffine2d::test_affine_shear[cpu-float32] SKIPPED
../publishablew/kornia/kornia/tests/geometry/transform/test_affine.py::TestAffine2d::test_affine_rotate_translate[cpu-float32] PASSED
../publishablew/kornia/kornia/tests/geometry/transform/test_affine.py::TestAffine2d::test_compose_affine_matrix_3x3[cpu-float32] PASSED
../publishablew/kornia/kornia/tests/geometry/transform/test_affine.py::TestGetAffineMatrix::test_smoke[cpu-float32] PASSED
../publishablew/kornia/kornia/tests/geometry/transform/test_affine.py::TestGetShearMatrix::test_get_shear_matrix2d_with_controlled_values[cpu-float32] PASSED

=================================== FAILURES ===================================
______________ TestRescale.test_downscale_values_AA[cpu-float32] _______________

self = <test_affine.TestRescale object at 0x7f93bc70d0c0>
device = device(type='cpu'), dtype = torch.float32

    def test_downscale_values_AA(self, device, dtype):
        inp_x = torch.arange(20, device=device, dtype=dtype) / 20.0
        inp = inp_x[None].T @ inp_x[None]
        inp = inp[None, None]
        out = kornia.geometry.transform.rescale(inp, (0.25, 0.25), antialias=True, align_corners=False)
        expected = torch.tensor(
            [
                [
                    [
                        [0.0074, 0.0237, 0.0409, 0.0581, 0.0743],
                        [0.0237, 0.0756, 0.1306, 0.1856, 0.2376],
                        [0.0409, 0.1306, 0.2256, 0.3206, 0.4104],
                        [0.0581, 0.1856, 0.3206, 0.4556, 0.5832],
                        [0.0743, 0.2376, 0.4104, 0.5832, 0.7464],
                    ]
                ]
            ],
            device=device,
            dtype=dtype,
        )
>       self.assert_close(out, expected, atol=1e-3, rtol=1e-3)

../publishablew/kornia/kornia/tests/geometry/transform/test_affine.py:249: 
_ _ _ _ _ _ _ _ _ _ _ _ _ _ _ _ _ _ _ _ _ _ _ _ _ _ _ _ _ _ _ _ _ _ _ _ _ _ _ _ 
../publishablew/kornia/kornia/testing/base.py:106: in assert_close
    return assert_close(actual, expected, rtol=rtol, atol=atol)
_ _ _ _ _ _ _ _ _ _ _ _ _ _ _ _ _ _ _ _ _ _ _ _ _ _ _ _ _ _ _ _ _ _ _ _ _ _ _ _ 

actual = tensor([[[[0.0090, 0.0260, 0.0450, 0.0639, 0.0810],
          [0.0260, 0.0756, 0.1306, 0.1856, 0.2352],
          [0.0...06, 0.4063],
          [0.0639, 0.1856, 0.3206, 0.4556, 0.5774],
          [0.0810, 0.2352, 0.4063, 0.5774, 0.7316]]]])
expected = tensor([[[[0.0074, 0.0237, 0.0409, 0.0581, 0.0743],
          [0.0237, 0.0756, 0.1306, 0.1856, 0.2376],
          [0.0...06, 0.4104],
          [0.0581, 0.1856, 0.3206, 0.4556, 0.5832],
          [0.0743, 0.2376, 0.4104, 0.5832, 0.7464]]]])
rtol = 0.001, atol = 0.001, kwargs = {}

    def assert_close(
        actual: Tensor, expected: Tensor, *, rtol: Optional[float] = None, atol: Optional[float] = None, **kwargs: Any
    ) -> None:
        if rtol is None and atol is None:
            # `torch.testing.assert_close` used different default tolerances than `torch.testing.assert_allclose`.
            # TODO: remove this special handling as soon as https://github.com/kornia/kornia/issues/1134 is resolved
            #  Basically, this whole wrapper function can be removed and `torch.testing.assert_close` can be used
            #  directly.
            rtol, atol = _default_tolerances(actual, expected)
    
>       return _assert_close(
            actual,
            expected,
            rtol=rtol,
            atol=atol,
            # this is the default value for torch>=1.10, but not for torch==1.9
            # TODO: remove this if kornia relies on torch>=1.10
            check_stride=False,
            equal_nan=False,
            **kwargs,
        )
E       AssertionError: Tensor-likes are not close!
E       
E       Mismatched elements: 16 / 25 (64.0%)
E       Greatest absolute difference: 0.014764130115509033 at index (0, 0, 4, 4) (up to 0.001 allowed)
E       Greatest relative difference: 0.2104419618844986 at index (0, 0, 0, 0) (up to 0.001 allowed)

../publishablew/kornia/kornia/testing/base.py:37: AssertionError
=========================== short test summary info ============================
FAILED ../publishablew/kornia/kornia/tests/geometry/transform/test_affine.py::TestRescale::test_downscale_values_AA[cpu-float32]
=================== 1 failed, 44 passed, 5 skipped in 2.23s ====================


Final Test Result:
Setting up torch compile...
============================= test session starts ==============================
platform linux -- Python 3.10.12, pytest-8.3.3, pluggy-1.5.0 -- /local/data0/moved_data/publishablew/kornia/kornia/venv/bin/python
cachedir: .pytest_cache

cpu info:
	- Model name: AMD Ryzen 7 PRO 5845 8-Core Processor
	- Architecture: x86_64
	- CPU(s): 16
	- Thread(s) per core: 2
	- CPU max MHz: 4661.7178
	- CPU min MHz: 2200.0000
gpu info: {'GPU 0': 'NVIDIA GeForce RTX 3060'}
main deps:
    - kornia-0.7.4
    - torch-2.5.1+cu124
        - commit: a8d6afb511a69687bbb2b7e88a3cf67917e1697e
        - cuda: 12.4
        - nvidia-driver: 555.42.02
x deps:
    - accelerate-1.1.1
dev deps:
    - kornia_rs-0.1.7
    - onnx-1.17.0
gcc info: (Ubuntu 10.5.0-1ubuntu1~22.04) 10.5.0
available optimizers: {'', 'jit', 'tvm', 'inductor', 'openxla', 'cudagraphs', 'onnxrt', None}
model weights cached: ['checkpoints']

rootdir: /local/data0/moved_data/publishablew/kornia/kornia
configfile: pyproject.toml
plugins: timeout-2.3.1
collecting ... collected 50 items

../publishablew/kornia/kornia/tests/geometry/transform/test_affine.py::TestResize::test_smoke[cpu-float32] PASSED
../publishablew/kornia/kornia/tests/geometry/transform/test_affine.py::TestResize::test_upsize[cpu-float32] PASSED
../publishablew/kornia/kornia/tests/geometry/transform/test_affine.py::TestResize::test_downsize[cpu-float32] PASSED
../publishablew/kornia/kornia/tests/geometry/transform/test_affine.py::TestResize::test_downsizeAA[cpu-float32] PASSED
../publishablew/kornia/kornia/tests/geometry/transform/test_affine.py::TestResize::test_one_param[cpu-float32] PASSED
../publishablew/kornia/kornia/tests/geometry/transform/test_affine.py::TestResize::test_one_param_long[cpu-float32] PASSED
../publishablew/kornia/kornia/tests/geometry/transform/test_affine.py::TestResize::test_one_param_vert[cpu-float32] PASSED
../publishablew/kornia/kornia/tests/geometry/transform/test_affine.py::TestResize::test_one_param_horz[cpu-float32] PASSED
../publishablew/kornia/kornia/tests/geometry/transform/test_affine.py::TestResize::test_gradcheck[cpu] PASSED
../publishablew/kornia/kornia/tests/geometry/transform/test_affine.py::TestResize::test_dynamo[cpu-float32-inductor-True] PASSED
../publishablew/kornia/kornia/tests/geometry/transform/test_affine.py::TestResize::test_dynamo[cpu-float32-inductor-False] PASSED
../publishablew/kornia/kornia/tests/geometry/transform/test_affine.py::TestRescale::test_smoke[cpu-float32] PASSED
../publishablew/kornia/kornia/tests/geometry/transform/test_affine.py::TestRescale::test_upsize[cpu-float32] PASSED
../publishablew/kornia/kornia/tests/geometry/transform/test_affine.py::TestRescale::test_downsize[cpu-float32] PASSED
../publishablew/kornia/kornia/tests/geometry/transform/test_affine.py::TestRescale::test_downscale_values[cpu-float32] PASSED
../publishablew/kornia/kornia/tests/geometry/transform/test_affine.py::TestRescale::test_downscale_values_AA[cpu-float32] PASSED
../publishablew/kornia/kornia/tests/geometry/transform/test_affine.py::TestRescale::test_one_param[cpu-float32] PASSED
../publishablew/kornia/kornia/tests/geometry/transform/test_affine.py::TestRescale::test_gradcheck[cpu] PASSED
../publishablew/kornia/kornia/tests/geometry/transform/test_affine.py::TestRotate::test_angle90[cpu-float32] PASSED
../publishablew/kornia/kornia/tests/geometry/transform/test_affine.py::TestRotate::test_angle90_batch2[cpu-float32] PASSED
../publishablew/kornia/kornia/tests/geometry/transform/test_affine.py::TestRotate::test_angle90_batch2_broadcast[cpu-float32] PASSED
../publishablew/kornia/kornia/tests/geometry/transform/test_affine.py::TestRotate::test_gradcheck[cpu] PASSED
../publishablew/kornia/kornia/tests/geometry/transform/test_affine.py::TestRotate::test_jit[cpu-float32] SKIPPED
../publishablew/kornia/kornia/tests/geometry/transform/test_affine.py::TestTranslate::test_dxdy[cpu-float32] PASSED
../publishablew/kornia/kornia/tests/geometry/transform/test_affine.py::TestTranslate::test_dxdy_batch[cpu-float32] PASSED
../publishablew/kornia/kornia/tests/geometry/transform/test_affine.py::TestTranslate::test_dxdy_batch_broadcast[cpu-float32] PASSED
../publishablew/kornia/kornia/tests/geometry/transform/test_affine.py::TestTranslate::test_gradcheck[cpu] PASSED
../publishablew/kornia/kornia/tests/geometry/transform/test_affine.py::TestTranslate::test_jit[cpu-float32] SKIPPED
../publishablew/kornia/kornia/tests/geometry/transform/test_affine.py::TestScale::test_scale_factor_2[cpu-float32] PASSED
../publishablew/kornia/kornia/tests/geometry/transform/test_affine.py::TestScale::test_scale_factor_05[cpu-float32] PASSED
../publishablew/kornia/kornia/tests/geometry/transform/test_affine.py::TestScale::test_scale_factor_05_batch2[cpu-float32] PASSED
../publishablew/kornia/kornia/tests/geometry/transform/test_affine.py::TestScale::test_scale_factor_05_batch2_broadcast[cpu-float32] PASSED
../publishablew/kornia/kornia/tests/geometry/transform/test_affine.py::TestScale::test_gradcheck[cpu] PASSED
../publishablew/kornia/kornia/tests/geometry/transform/test_affine.py::TestScale::test_jit[cpu-float32] SKIPPED
../publishablew/kornia/kornia/tests/geometry/transform/test_affine.py::TestShear::test_shear_x[cpu-float32] PASSED
../publishablew/kornia/kornia/tests/geometry/transform/test_affine.py::TestShear::test_shear_y[cpu-float32] PASSED
../publishablew/kornia/kornia/tests/geometry/transform/test_affine.py::TestShear::test_shear_batch2[cpu-float32] PASSED
../publishablew/kornia/kornia/tests/geometry/transform/test_affine.py::TestShear::test_shear_batch2_broadcast[cpu-float32] PASSED
../publishablew/kornia/kornia/tests/geometry/transform/test_affine.py::TestShear::test_gradcheck[cpu] PASSED
../publishablew/kornia/kornia/tests/geometry/transform/test_affine.py::TestShear::test_jit[cpu-float32] SKIPPED
../publishablew/kornia/kornia/tests/geometry/transform/test_affine.py::TestAffine2d::test_affine_no_args PASSED
../publishablew/kornia/kornia/tests/geometry/transform/test_affine.py::TestAffine2d::test_affine_batch_size_mismatch[cpu-float32] PASSED
../publishablew/kornia/kornia/tests/geometry/transform/test_affine.py::TestAffine2d::test_affine_rotate[cpu-float32] PASSED
../publishablew/kornia/kornia/tests/geometry/transform/test_affine.py::TestAffine2d::test_affine_translate[cpu-float32] PASSED
../publishablew/kornia/kornia/tests/geometry/transform/test_affine.py::TestAffine2d::test_affine_scale[cpu-float32] PASSED
../publishablew/kornia/kornia/tests/geometry/transform/test_affine.py::TestAffine2d::test_affine_shear[cpu-float32] SKIPPED
../publishablew/kornia/kornia/tests/geometry/transform/test_affine.py::TestAffine2d::test_affine_rotate_translate[cpu-float32] PASSED
../publishablew/kornia/kornia/tests/geometry/transform/test_affine.py::TestAffine2d::test_compose_affine_matrix_3x3[cpu-float32] PASSED
../publishablew/kornia/kornia/tests/geometry/transform/test_affine.py::TestGetAffineMatrix::test_smoke[cpu-float32] PASSED
../publishablew/kornia/kornia/tests/geometry/transform/test_affine.py::TestGetShearMatrix::test_get_shear_matrix2d_with_controlled_values[cpu-float32] PASSED

======================== 45 passed, 5 skipped in 2.19s =========================


Initial Result:
Setting up torch compile...
============================= test session starts ==============================
platform linux -- Python 3.10.12, pytest-8.3.3, pluggy-1.5.0 -- /local/data0/moved_data/publishablew/kornia/kornia/venv/bin/python
cachedir: .pytest_cache

cpu info:
	- Model name: AMD Ryzen 7 PRO 5845 8-Core Processor
	- Architecture: x86_64
	- CPU(s): 16
	- Thread(s) per core: 2
	- CPU max MHz: 4661.7178
	- CPU min MHz: 2200.0000
gpu info: {'GPU 0': 'NVIDIA GeForce RTX 3060'}
main deps:
    - kornia-0.7.4
    - torch-2.5.1+cu124
        - commit: a8d6afb511a69687bbb2b7e88a3cf67917e1697e
        - cuda: 12.4
        - nvidia-driver: 555.42.02
x deps:
    - accelerate-1.1.1
dev deps:
    - kornia_rs-0.1.7
    - onnx-1.17.0
gcc info: (Ubuntu 10.5.0-1ubuntu1~22.04) 10.5.0
available optimizers: {'', 'jit', 'inductor', 'openxla', 'onnxrt', 'tvm', 'cudagraphs', None}
model weights cached: ['checkpoints']

rootdir: /local/data0/moved_data/publishablew/kornia/kornia
configfile: pyproject.toml
plugins: timeout-2.3.1
collecting ... collected 50 items

../publishablew/kornia/kornia/tests/geometry/transform/test_affine.py::TestResize::test_smoke[cpu-float32] PASSED
../publishablew/kornia/kornia/tests/geometry/transform/test_affine.py::TestResize::test_upsize[cpu-float32] PASSED
../publishablew/kornia/kornia/tests/geometry/transform/test_affine.py::TestResize::test_downsize[cpu-float32] PASSED
../publishablew/kornia/kornia/tests/geometry/transform/test_affine.py::TestResize::test_downsizeAA[cpu-float32] PASSED
../publishablew/kornia/kornia/tests/geometry/transform/test_affine.py::TestResize::test_one_param[cpu-float32] PASSED
../publishablew/kornia/kornia/tests/geometry/transform/test_affine.py::TestResize::test_one_param_long[cpu-float32] PASSED
../publishablew/kornia/kornia/tests/geometry/transform/test_affine.py::TestResize::test_one_param_vert[cpu-float32] PASSED
../publishablew/kornia/kornia/tests/geometry/transform/test_affine.py::TestResize::test_one_param_horz[cpu-float32] PASSED
../publishablew/kornia/kornia/tests/geometry/transform/test_affine.py::TestResize::test_gradcheck[cpu] PASSED
../publishablew/kornia/kornia/tests/geometry/transform/test_affine.py::TestResize::test_dynamo[cpu-float32-inductor-True] PASSED
../publishablew/kornia/kornia/tests/geometry/transform/test_affine.py::TestResize::test_dynamo[cpu-float32-inductor-False] PASSED
../publishablew/kornia/kornia/tests/geometry/transform/test_affine.py::TestRescale::test_smoke[cpu-float32] PASSED
../publishablew/kornia/kornia/tests/geometry/transform/test_affine.py::TestRescale::test_upsize[cpu-float32] PASSED
../publishablew/kornia/kornia/tests/geometry/transform/test_affine.py::TestRescale::test_downsize[cpu-float32] PASSED
../publishablew/kornia/kornia/tests/geometry/transform/test_affine.py::TestRescale::test_downscale_values[cpu-float32] PASSED
../publishablew/kornia/kornia/tests/geometry/transform/test_affine.py::TestRescale::test_downscale_values_AA[cpu-float32] PASSED
../publishablew/kornia/kornia/tests/geometry/transform/test_affine.py::TestRescale::test_one_param[cpu-float32] PASSED
../publishablew/kornia/kornia/tests/geometry/transform/test_affine.py::TestRescale::test_gradcheck[cpu] PASSED
../publishablew/kornia/kornia/tests/geometry/transform/test_affine.py::TestRotate::test_angle90[cpu-float32] PASSED
../publishablew/kornia/kornia/tests/geometry/transform/test_affine.py::TestRotate::test_angle90_batch2[cpu-float32] PASSED
../publishablew/kornia/kornia/tests/geometry/transform/test_affine.py::TestRotate::test_angle90_batch2_broadcast[cpu-float32] PASSED
../publishablew/kornia/kornia/tests/geometry/transform/test_affine.py::TestRotate::test_gradcheck[cpu] PASSED
../publishablew/kornia/kornia/tests/geometry/transform/test_affine.py::TestRotate::test_jit[cpu-float32] SKIPPED
../publishablew/kornia/kornia/tests/geometry/transform/test_affine.py::TestTranslate::test_dxdy[cpu-float32] PASSED
../publishablew/kornia/kornia/tests/geometry/transform/test_affine.py::TestTranslate::test_dxdy_batch[cpu-float32] PASSED
../publishablew/kornia/kornia/tests/geometry/transform/test_affine.py::TestTranslate::test_dxdy_batch_broadcast[cpu-float32] PASSED
../publishablew/kornia/kornia/tests/geometry/transform/test_affine.py::TestTranslate::test_gradcheck[cpu] PASSED
../publishablew/kornia/kornia/tests/geometry/transform/test_affine.py::TestTranslate::test_jit[cpu-float32] SKIPPED
../publishablew/kornia/kornia/tests/geometry/transform/test_affine.py::TestScale::test_scale_factor_2[cpu-float32] PASSED
../publishablew/kornia/kornia/tests/geometry/transform/test_affine.py::TestScale::test_scale_factor_05[cpu-float32] PASSED
../publishablew/kornia/kornia/tests/geometry/transform/test_affine.py::TestScale::test_scale_factor_05_batch2[cpu-float32] PASSED
../publishablew/kornia/kornia/tests/geometry/transform/test_affine.py::TestScale::test_scale_factor_05_batch2_broadcast[cpu-float32] PASSED
../publishablew/kornia/kornia/tests/geometry/transform/test_affine.py::TestScale::test_gradcheck[cpu] PASSED
../publishablew/kornia/kornia/tests/geometry/transform/test_affine.py::TestScale::test_jit[cpu-float32] SKIPPED
../publishablew/kornia/kornia/tests/geometry/transform/test_affine.py::TestShear::test_shear_x[cpu-float32] PASSED
../publishablew/kornia/kornia/tests/geometry/transform/test_affine.py::TestShear::test_shear_y[cpu-float32] PASSED
../publishablew/kornia/kornia/tests/geometry/transform/test_affine.py::TestShear::test_shear_batch2[cpu-float32] PASSED
../publishablew/kornia/kornia/tests/geometry/transform/test_affine.py::TestShear::test_shear_batch2_broadcast[cpu-float32] PASSED
../publishablew/kornia/kornia/tests/geometry/transform/test_affine.py::TestShear::test_gradcheck[cpu] PASSED
../publishablew/kornia/kornia/tests/geometry/transform/test_affine.py::TestShear::test_jit[cpu-float32] SKIPPED
../publishablew/kornia/kornia/tests/geometry/transform/test_affine.py::TestAffine2d::test_affine_no_args PASSED
../publishablew/kornia/kornia/tests/geometry/transform/test_affine.py::TestAffine2d::test_affine_batch_size_mismatch[cpu-float32] PASSED
../publishablew/kornia/kornia/tests/geometry/transform/test_affine.py::TestAffine2d::test_affine_rotate[cpu-float32] PASSED
../publishablew/kornia/kornia/tests/geometry/transform/test_affine.py::TestAffine2d::test_affine_translate[cpu-float32] PASSED
../publishablew/kornia/kornia/tests/geometry/transform/test_affine.py::TestAffine2d::test_affine_scale[cpu-float32] PASSED
../publishablew/kornia/kornia/tests/geometry/transform/test_affine.py::TestAffine2d::test_affine_shear[cpu-float32] SKIPPED
../publishablew/kornia/kornia/tests/geometry/transform/test_affine.py::TestAffine2d::test_affine_rotate_translate[cpu-float32] PASSED
../publishablew/kornia/kornia/tests/geometry/transform/test_affine.py::TestAffine2d::test_compose_affine_matrix_3x3[cpu-float32] PASSED
../publishablew/kornia/kornia/tests/geometry/transform/test_affine.py::TestGetAffineMatrix::test_smoke[cpu-float32] PASSED
../publishablew/kornia/kornia/tests/geometry/transform/test_affine.py::TestGetShearMatrix::test_get_shear_matrix2d_with_controlled_values[cpu-float32] PASSED

======================== 45 passed, 5 skipped in 2.43s =========================
