output file:
processed_scikit-learnpair_confusion_matrix132.json
function:
pair_confusion_matrix
Error Cases:

Pass or Failed: 1

Related Failed Test Cases:
set()

All Test Cases On Generated code:
============================= test session starts ==============================
platform linux -- Python 3.9.0, pytest-8.3.3, pluggy-1.5.0 -- /local/data0/moved_data/publishablew/scikit-learn/scikit-learn/venv/bin/python
cachedir: .pytest_cache
rootdir: /local/data0/moved_data/publishablew/scikit-learn/scikit-learn
configfile: setup.cfg
plugins: cov-6.0.0
collecting ... collected 44 items

../publishablew/scikit-learn/scikit-learn/sklearn/metrics/cluster/tests/test_supervised.py::test_error_messages_on_wrong_input I: Seeding RNGs with 1557306544
FAILED
../publishablew/scikit-learn/scikit-learn/sklearn/metrics/cluster/tests/test_supervised.py::test_generalized_average PASSED
../publishablew/scikit-learn/scikit-learn/sklearn/metrics/cluster/tests/test_supervised.py::test_perfect_matches FAILED
../publishablew/scikit-learn/scikit-learn/sklearn/metrics/cluster/tests/test_supervised.py::test_homogeneous_but_not_complete_labeling PASSED
../publishablew/scikit-learn/scikit-learn/sklearn/metrics/cluster/tests/test_supervised.py::test_complete_but_not_homogeneous_labeling PASSED
../publishablew/scikit-learn/scikit-learn/sklearn/metrics/cluster/tests/test_supervised.py::test_not_complete_and_not_homogeneous_labeling PASSED
../publishablew/scikit-learn/scikit-learn/sklearn/metrics/cluster/tests/test_supervised.py::test_beta_parameter PASSED
../publishablew/scikit-learn/scikit-learn/sklearn/metrics/cluster/tests/test_supervised.py::test_non_consecutive_labels FAILED
../publishablew/scikit-learn/scikit-learn/sklearn/metrics/cluster/tests/test_supervised.py::test_adjustment_for_chance FAILED
../publishablew/scikit-learn/scikit-learn/sklearn/metrics/cluster/tests/test_supervised.py::test_adjusted_mutual_info_score PASSED
../publishablew/scikit-learn/scikit-learn/sklearn/metrics/cluster/tests/test_supervised.py::test_expected_mutual_info_overflow PASSED
../publishablew/scikit-learn/scikit-learn/sklearn/metrics/cluster/tests/test_supervised.py::test_int_overflow_mutual_info_fowlkes_mallows_score PASSED
../publishablew/scikit-learn/scikit-learn/sklearn/metrics/cluster/tests/test_supervised.py::test_entropy PASSED
../publishablew/scikit-learn/scikit-learn/sklearn/metrics/cluster/tests/test_supervised.py::test_entropy_array_api[numpy-None-None] SKIPPED
../publishablew/scikit-learn/scikit-learn/sklearn/metrics/cluster/tests/test_supervised.py::test_entropy_array_api[array_api_strict-None-None] SKIPPED
../publishablew/scikit-learn/scikit-learn/sklearn/metrics/cluster/tests/test_supervised.py::test_entropy_array_api[cupy-None-None] SKIPPED
../publishablew/scikit-learn/scikit-learn/sklearn/metrics/cluster/tests/test_supervised.py::test_entropy_array_api[torch-cpu-float64] SKIPPED
../publishablew/scikit-learn/scikit-learn/sklearn/metrics/cluster/tests/test_supervised.py::test_entropy_array_api[torch-cpu-float32] SKIPPED
../publishablew/scikit-learn/scikit-learn/sklearn/metrics/cluster/tests/test_supervised.py::test_entropy_array_api[torch-cuda-float64] SKIPPED
../publishablew/scikit-learn/scikit-learn/sklearn/metrics/cluster/tests/test_supervised.py::test_entropy_array_api[torch-cuda-float32] SKIPPED
../publishablew/scikit-learn/scikit-learn/sklearn/metrics/cluster/tests/test_supervised.py::test_entropy_array_api[torch-mps-float32] SKIPPED
../publishablew/scikit-learn/scikit-learn/sklearn/metrics/cluster/tests/test_supervised.py::test_contingency_matrix PASSED
../publishablew/scikit-learn/scikit-learn/sklearn/metrics/cluster/tests/test_supervised.py::test_contingency_matrix_sparse PASSED
../publishablew/scikit-learn/scikit-learn/sklearn/metrics/cluster/tests/test_supervised.py::test_exactly_zero_info_score PASSED
../publishablew/scikit-learn/scikit-learn/sklearn/metrics/cluster/tests/test_supervised.py::test_v_measure_and_mutual_information PASSED
../publishablew/scikit-learn/scikit-learn/sklearn/metrics/cluster/tests/test_supervised.py::test_fowlkes_mallows_score PASSED
../publishablew/scikit-learn/scikit-learn/sklearn/metrics/cluster/tests/test_supervised.py::test_fowlkes_mallows_score_properties PASSED
../publishablew/scikit-learn/scikit-learn/sklearn/metrics/cluster/tests/test_supervised.py::test_mutual_info_score_positive_constant_label[labels_true0-labels_pred0] PASSED
../publishablew/scikit-learn/scikit-learn/sklearn/metrics/cluster/tests/test_supervised.py::test_mutual_info_score_positive_constant_label[labels_true1-labels_pred1] PASSED
../publishablew/scikit-learn/scikit-learn/sklearn/metrics/cluster/tests/test_supervised.py::test_mutual_info_score_positive_constant_label[labels_true2-labels_pred2] PASSED
../publishablew/scikit-learn/scikit-learn/sklearn/metrics/cluster/tests/test_supervised.py::test_mutual_info_score_positive_constant_label[labels_true3-labels_pred3] PASSED
../publishablew/scikit-learn/scikit-learn/sklearn/metrics/cluster/tests/test_supervised.py::test_mutual_info_score_positive_constant_label[labels_true4-labels_pred4] PASSED
../publishablew/scikit-learn/scikit-learn/sklearn/metrics/cluster/tests/test_supervised.py::test_check_clustering_error PASSED
../publishablew/scikit-learn/scikit-learn/sklearn/metrics/cluster/tests/test_supervised.py::test_pair_confusion_matrix_fully_dispersed FAILED
../publishablew/scikit-learn/scikit-learn/sklearn/metrics/cluster/tests/test_supervised.py::test_pair_confusion_matrix_single_cluster FAILED
../publishablew/scikit-learn/scikit-learn/sklearn/metrics/cluster/tests/test_supervised.py::test_pair_confusion_matrix FAILED
../publishablew/scikit-learn/scikit-learn/sklearn/metrics/cluster/tests/test_supervised.py::test_rand_score_edge_cases[clustering10-clustering20] FAILED
../publishablew/scikit-learn/scikit-learn/sklearn/metrics/cluster/tests/test_supervised.py::test_rand_score_edge_cases[clustering11-clustering21] FAILED
../publishablew/scikit-learn/scikit-learn/sklearn/metrics/cluster/tests/test_supervised.py::test_rand_score FAILED
../publishablew/scikit-learn/scikit-learn/sklearn/metrics/cluster/tests/test_supervised.py::test_adjusted_rand_score_overflow FAILED
../publishablew/scikit-learn/scikit-learn/sklearn/metrics/cluster/tests/test_supervised.py::test_normalized_mutual_info_score_bounded[min] PASSED
../publishablew/scikit-learn/scikit-learn/sklearn/metrics/cluster/tests/test_supervised.py::test_normalized_mutual_info_score_bounded[arithmetic] PASSED
../publishablew/scikit-learn/scikit-learn/sklearn/metrics/cluster/tests/test_supervised.py::test_normalized_mutual_info_score_bounded[geometric] PASSED
../publishablew/scikit-learn/scikit-learn/sklearn/metrics/cluster/tests/test_supervised.py::test_normalized_mutual_info_score_bounded[max] PASSED

=================================== FAILURES ===================================
______________________ test_error_messages_on_wrong_input ______________________

    def test_error_messages_on_wrong_input():
        for score_func in score_funcs:
            expected = (
                r"Found input variables with inconsistent numbers " r"of samples: \[2, 3\]"
            )
            with pytest.raises(ValueError, match=expected):
>               score_func([0, 1], [1, 1, 1])

../publishablew/scikit-learn/scikit-learn/sklearn/metrics/cluster/tests/test_supervised.py:46: 
_ _ _ _ _ _ _ _ _ _ _ _ _ _ _ _ _ _ _ _ _ _ _ _ _ _ _ _ _ _ _ _ _ _ _ _ _ _ _ _ 
../publishablew/scikit-learn/scikit-learn/sklearn/utils/_param_validation.py:216: in wrapper
    return func(*args, **kwargs)
../publishablew/scikit-learn/scikit-learn/sklearn/metrics/cluster/_supervised.py:366: in adjusted_rand_score
    (tn, fp), (fn, tp) = pair_confusion_matrix(labels_true, labels_pred)
../publishablew/scikit-learn/scikit-learn/sklearn/utils/_param_validation.py:189: in wrapper
    return func(*args, **kwargs)
../publishablew/scikit-learn/scikit-learn/sklearn/metrics/cluster/_supervised.py:121: in pair_confusion_matrix
    from .temp import pair_confusion_matrix
_ _ _ _ _ _ _ _ _ _ _ _ _ _ _ _ _ _ _ _ _ _ _ _ _ _ _ _ _ _ _ _ _ _ _ _ _ _ _ _ 

    import warnings
    from math import log
    from numbers import Real
    import numpy as np
    from scipy import sparse as sp
    from ...utils._array_api import _max_precision_float_dtype, get_namespace_and_device
    from ...utils._param_validation import Interval, StrOptions, validate_params
    from ...utils.multiclass import type_of_target
    from ...utils.validation import check_array, check_consistent_length
    from ._expected_mutual_info_fast import expected_mutual_information
    import numpy as np
>   from sklearn.metrics import pair_confusion_matrix1 as sklearn_pair_confusion_matrix
E   ImportError: cannot import name 'pair_confusion_matrix1' from 'sklearn.metrics' (/local/data0/moved_data/publishablew/scikit-learn/scikit-learn/sklearn/metrics/__init__.py)

../publishablew/scikit-learn/scikit-learn/sklearn/metrics/cluster/temp.py:12: ImportError
_____________________________ test_perfect_matches _____________________________

    def test_perfect_matches():
        for score_func in score_funcs:
>           assert score_func([], []) == pytest.approx(1.0)

../publishablew/scikit-learn/scikit-learn/sklearn/metrics/cluster/tests/test_supervised.py:69: 
_ _ _ _ _ _ _ _ _ _ _ _ _ _ _ _ _ _ _ _ _ _ _ _ _ _ _ _ _ _ _ _ _ _ _ _ _ _ _ _ 
../publishablew/scikit-learn/scikit-learn/sklearn/utils/_param_validation.py:216: in wrapper
    return func(*args, **kwargs)
../publishablew/scikit-learn/scikit-learn/sklearn/metrics/cluster/_supervised.py:366: in adjusted_rand_score
    (tn, fp), (fn, tp) = pair_confusion_matrix(labels_true, labels_pred)
../publishablew/scikit-learn/scikit-learn/sklearn/utils/_param_validation.py:189: in wrapper
    return func(*args, **kwargs)
../publishablew/scikit-learn/scikit-learn/sklearn/metrics/cluster/_supervised.py:121: in pair_confusion_matrix
    from .temp import pair_confusion_matrix
_ _ _ _ _ _ _ _ _ _ _ _ _ _ _ _ _ _ _ _ _ _ _ _ _ _ _ _ _ _ _ _ _ _ _ _ _ _ _ _ 

    import warnings
    from math import log
    from numbers import Real
    import numpy as np
    from scipy import sparse as sp
    from ...utils._array_api import _max_precision_float_dtype, get_namespace_and_device
    from ...utils._param_validation import Interval, StrOptions, validate_params
    from ...utils.multiclass import type_of_target
    from ...utils.validation import check_array, check_consistent_length
    from ._expected_mutual_info_fast import expected_mutual_information
    import numpy as np
>   from sklearn.metrics import pair_confusion_matrix1 as sklearn_pair_confusion_matrix
E   ImportError: cannot import name 'pair_confusion_matrix1' from 'sklearn.metrics' (/local/data0/moved_data/publishablew/scikit-learn/scikit-learn/sklearn/metrics/__init__.py)

../publishablew/scikit-learn/scikit-learn/sklearn/metrics/cluster/temp.py:12: ImportError
_________________________ test_non_consecutive_labels __________________________

    def test_non_consecutive_labels():
        # regression tests for labels with gaps
        h, c, v = homogeneity_completeness_v_measure([0, 0, 0, 2, 2, 2], [0, 1, 0, 1, 2, 2])
        assert_almost_equal(h, 0.67, 2)
        assert_almost_equal(c, 0.42, 2)
        assert_almost_equal(v, 0.52, 2)
    
        h, c, v = homogeneity_completeness_v_measure([0, 0, 0, 1, 1, 1], [0, 4, 0, 4, 2, 2])
        assert_almost_equal(h, 0.67, 2)
        assert_almost_equal(c, 0.42, 2)
        assert_almost_equal(v, 0.52, 2)
    
>       ari_1 = adjusted_rand_score([0, 0, 0, 1, 1, 1], [0, 1, 0, 1, 2, 2])

../publishablew/scikit-learn/scikit-learn/sklearn/metrics/cluster/tests/test_supervised.py:158: 
_ _ _ _ _ _ _ _ _ _ _ _ _ _ _ _ _ _ _ _ _ _ _ _ _ _ _ _ _ _ _ _ _ _ _ _ _ _ _ _ 
../publishablew/scikit-learn/scikit-learn/sklearn/utils/_param_validation.py:216: in wrapper
    return func(*args, **kwargs)
../publishablew/scikit-learn/scikit-learn/sklearn/metrics/cluster/_supervised.py:366: in adjusted_rand_score
    (tn, fp), (fn, tp) = pair_confusion_matrix(labels_true, labels_pred)
../publishablew/scikit-learn/scikit-learn/sklearn/utils/_param_validation.py:189: in wrapper
    return func(*args, **kwargs)
../publishablew/scikit-learn/scikit-learn/sklearn/metrics/cluster/_supervised.py:121: in pair_confusion_matrix
    from .temp import pair_confusion_matrix
_ _ _ _ _ _ _ _ _ _ _ _ _ _ _ _ _ _ _ _ _ _ _ _ _ _ _ _ _ _ _ _ _ _ _ _ _ _ _ _ 

    import warnings
    from math import log
    from numbers import Real
    import numpy as np
    from scipy import sparse as sp
    from ...utils._array_api import _max_precision_float_dtype, get_namespace_and_device
    from ...utils._param_validation import Interval, StrOptions, validate_params
    from ...utils.multiclass import type_of_target
    from ...utils.validation import check_array, check_consistent_length
    from ._expected_mutual_info_fast import expected_mutual_information
    import numpy as np
>   from sklearn.metrics import pair_confusion_matrix1 as sklearn_pair_confusion_matrix
E   ImportError: cannot import name 'pair_confusion_matrix1' from 'sklearn.metrics' (/local/data0/moved_data/publishablew/scikit-learn/scikit-learn/sklearn/metrics/__init__.py)

../publishablew/scikit-learn/scikit-learn/sklearn/metrics/cluster/temp.py:12: ImportError
__________________________ test_adjustment_for_chance __________________________

    def test_adjustment_for_chance():
        # Check that adjusted scores are almost zero on random labels
        n_clusters_range = [2, 10, 50, 90]
        n_samples = 100
        n_runs = 10
    
>       scores = uniform_labelings_scores(
            adjusted_rand_score, n_samples, n_clusters_range, n_runs
        )

../publishablew/scikit-learn/scikit-learn/sklearn/metrics/cluster/tests/test_supervised.py:187: 
_ _ _ _ _ _ _ _ _ _ _ _ _ _ _ _ _ _ _ _ _ _ _ _ _ _ _ _ _ _ _ _ _ _ _ _ _ _ _ _ 
../publishablew/scikit-learn/scikit-learn/sklearn/metrics/cluster/tests/test_supervised.py:177: in uniform_labelings_scores
    scores[i, j] = score_func(labels_a, labels_b)
../publishablew/scikit-learn/scikit-learn/sklearn/utils/_param_validation.py:216: in wrapper
    return func(*args, **kwargs)
../publishablew/scikit-learn/scikit-learn/sklearn/metrics/cluster/_supervised.py:366: in adjusted_rand_score
    (tn, fp), (fn, tp) = pair_confusion_matrix(labels_true, labels_pred)
../publishablew/scikit-learn/scikit-learn/sklearn/utils/_param_validation.py:189: in wrapper
    return func(*args, **kwargs)
../publishablew/scikit-learn/scikit-learn/sklearn/metrics/cluster/_supervised.py:121: in pair_confusion_matrix
    from .temp import pair_confusion_matrix
_ _ _ _ _ _ _ _ _ _ _ _ _ _ _ _ _ _ _ _ _ _ _ _ _ _ _ _ _ _ _ _ _ _ _ _ _ _ _ _ 

    import warnings
    from math import log
    from numbers import Real
    import numpy as np
    from scipy import sparse as sp
    from ...utils._array_api import _max_precision_float_dtype, get_namespace_and_device
    from ...utils._param_validation import Interval, StrOptions, validate_params
    from ...utils.multiclass import type_of_target
    from ...utils.validation import check_array, check_consistent_length
    from ._expected_mutual_info_fast import expected_mutual_information
    import numpy as np
>   from sklearn.metrics import pair_confusion_matrix1 as sklearn_pair_confusion_matrix
E   ImportError: cannot import name 'pair_confusion_matrix1' from 'sklearn.metrics' (/local/data0/moved_data/publishablew/scikit-learn/scikit-learn/sklearn/metrics/__init__.py)

../publishablew/scikit-learn/scikit-learn/sklearn/metrics/cluster/temp.py:12: ImportError
__________________ test_pair_confusion_matrix_fully_dispersed __________________

    def test_pair_confusion_matrix_fully_dispersed():
        # edge case: every element is its own cluster
        N = 100
        clustering1 = list(range(N))
        clustering2 = clustering1
        expected = np.array([[N * (N - 1), 0], [0, 0]])
>       assert_array_equal(pair_confusion_matrix(clustering1, clustering2), expected)

../publishablew/scikit-learn/scikit-learn/sklearn/metrics/cluster/tests/test_supervised.py:411: 
_ _ _ _ _ _ _ _ _ _ _ _ _ _ _ _ _ _ _ _ _ _ _ _ _ _ _ _ _ _ _ _ _ _ _ _ _ _ _ _ 
../publishablew/scikit-learn/scikit-learn/sklearn/utils/_param_validation.py:216: in wrapper
    return func(*args, **kwargs)
../publishablew/scikit-learn/scikit-learn/sklearn/metrics/cluster/_supervised.py:121: in pair_confusion_matrix
    from .temp import pair_confusion_matrix
_ _ _ _ _ _ _ _ _ _ _ _ _ _ _ _ _ _ _ _ _ _ _ _ _ _ _ _ _ _ _ _ _ _ _ _ _ _ _ _ 

    import warnings
    from math import log
    from numbers import Real
    import numpy as np
    from scipy import sparse as sp
    from ...utils._array_api import _max_precision_float_dtype, get_namespace_and_device
    from ...utils._param_validation import Interval, StrOptions, validate_params
    from ...utils.multiclass import type_of_target
    from ...utils.validation import check_array, check_consistent_length
    from ._expected_mutual_info_fast import expected_mutual_information
    import numpy as np
>   from sklearn.metrics import pair_confusion_matrix1 as sklearn_pair_confusion_matrix
E   ImportError: cannot import name 'pair_confusion_matrix1' from 'sklearn.metrics' (/local/data0/moved_data/publishablew/scikit-learn/scikit-learn/sklearn/metrics/__init__.py)

../publishablew/scikit-learn/scikit-learn/sklearn/metrics/cluster/temp.py:12: ImportError
__________________ test_pair_confusion_matrix_single_cluster ___________________

    def test_pair_confusion_matrix_single_cluster():
        # edge case: only one cluster
        N = 100
        clustering1 = np.zeros((N,))
        clustering2 = clustering1
        expected = np.array([[0, 0], [0, N * (N - 1)]])
>       assert_array_equal(pair_confusion_matrix(clustering1, clustering2), expected)

../publishablew/scikit-learn/scikit-learn/sklearn/metrics/cluster/tests/test_supervised.py:420: 
_ _ _ _ _ _ _ _ _ _ _ _ _ _ _ _ _ _ _ _ _ _ _ _ _ _ _ _ _ _ _ _ _ _ _ _ _ _ _ _ 
../publishablew/scikit-learn/scikit-learn/sklearn/utils/_param_validation.py:216: in wrapper
    return func(*args, **kwargs)
../publishablew/scikit-learn/scikit-learn/sklearn/metrics/cluster/_supervised.py:121: in pair_confusion_matrix
    from .temp import pair_confusion_matrix
_ _ _ _ _ _ _ _ _ _ _ _ _ _ _ _ _ _ _ _ _ _ _ _ _ _ _ _ _ _ _ _ _ _ _ _ _ _ _ _ 

    import warnings
    from math import log
    from numbers import Real
    import numpy as np
    from scipy import sparse as sp
    from ...utils._array_api import _max_precision_float_dtype, get_namespace_and_device
    from ...utils._param_validation import Interval, StrOptions, validate_params
    from ...utils.multiclass import type_of_target
    from ...utils.validation import check_array, check_consistent_length
    from ._expected_mutual_info_fast import expected_mutual_information
    import numpy as np
>   from sklearn.metrics import pair_confusion_matrix1 as sklearn_pair_confusion_matrix
E   ImportError: cannot import name 'pair_confusion_matrix1' from 'sklearn.metrics' (/local/data0/moved_data/publishablew/scikit-learn/scikit-learn/sklearn/metrics/__init__.py)

../publishablew/scikit-learn/scikit-learn/sklearn/metrics/cluster/temp.py:12: ImportError
__________________________ test_pair_confusion_matrix __________________________

    def test_pair_confusion_matrix():
        # regular case: different non-trivial clusterings
        n = 10
        N = n**2
        clustering1 = np.hstack([[i + 1] * n for i in range(n)])
        clustering2 = np.hstack([[i + 1] * (n + 1) for i in range(n)])[:N]
        # basic quadratic implementation
        expected = np.zeros(shape=(2, 2), dtype=np.int64)
        for i in range(len(clustering1)):
            for j in range(len(clustering2)):
                if i != j:
                    same_cluster_1 = int(clustering1[i] == clustering1[j])
                    same_cluster_2 = int(clustering2[i] == clustering2[j])
                    expected[same_cluster_1, same_cluster_2] += 1
>       assert_array_equal(pair_confusion_matrix(clustering1, clustering2), expected)

../publishablew/scikit-learn/scikit-learn/sklearn/metrics/cluster/tests/test_supervised.py:437: 
_ _ _ _ _ _ _ _ _ _ _ _ _ _ _ _ _ _ _ _ _ _ _ _ _ _ _ _ _ _ _ _ _ _ _ _ _ _ _ _ 
../publishablew/scikit-learn/scikit-learn/sklearn/utils/_param_validation.py:216: in wrapper
    return func(*args, **kwargs)
../publishablew/scikit-learn/scikit-learn/sklearn/metrics/cluster/_supervised.py:121: in pair_confusion_matrix
    from .temp import pair_confusion_matrix
_ _ _ _ _ _ _ _ _ _ _ _ _ _ _ _ _ _ _ _ _ _ _ _ _ _ _ _ _ _ _ _ _ _ _ _ _ _ _ _ 

    import warnings
    from math import log
    from numbers import Real
    import numpy as np
    from scipy import sparse as sp
    from ...utils._array_api import _max_precision_float_dtype, get_namespace_and_device
    from ...utils._param_validation import Interval, StrOptions, validate_params
    from ...utils.multiclass import type_of_target
    from ...utils.validation import check_array, check_consistent_length
    from ._expected_mutual_info_fast import expected_mutual_information
    import numpy as np
>   from sklearn.metrics import pair_confusion_matrix1 as sklearn_pair_confusion_matrix
E   ImportError: cannot import name 'pair_confusion_matrix1' from 'sklearn.metrics' (/local/data0/moved_data/publishablew/scikit-learn/scikit-learn/sklearn/metrics/__init__.py)

../publishablew/scikit-learn/scikit-learn/sklearn/metrics/cluster/temp.py:12: ImportError
____________ test_rand_score_edge_cases[clustering10-clustering20] _____________

clustering1 = [0, 1, 2, 3, 4, 5, ...], clustering2 = [0, 1, 2, 3, 4, 5, ...]

    @pytest.mark.parametrize(
        "clustering1, clustering2",
        [(list(range(100)), list(range(100))), (np.zeros((100,)), np.zeros((100,)))],
    )
    def test_rand_score_edge_cases(clustering1, clustering2):
        # edge case 1: every element is its own cluster
        # edge case 2: only one cluster
>       assert_allclose(rand_score(clustering1, clustering2), 1.0)

../publishablew/scikit-learn/scikit-learn/sklearn/metrics/cluster/tests/test_supervised.py:447: 
_ _ _ _ _ _ _ _ _ _ _ _ _ _ _ _ _ _ _ _ _ _ _ _ _ _ _ _ _ _ _ _ _ _ _ _ _ _ _ _ 
../publishablew/scikit-learn/scikit-learn/sklearn/utils/_param_validation.py:216: in wrapper
    return func(*args, **kwargs)
../publishablew/scikit-learn/scikit-learn/sklearn/metrics/cluster/_supervised.py:264: in rand_score
    contingency = pair_confusion_matrix(labels_true, labels_pred)
../publishablew/scikit-learn/scikit-learn/sklearn/utils/_param_validation.py:189: in wrapper
    return func(*args, **kwargs)
../publishablew/scikit-learn/scikit-learn/sklearn/metrics/cluster/_supervised.py:121: in pair_confusion_matrix
    from .temp import pair_confusion_matrix
_ _ _ _ _ _ _ _ _ _ _ _ _ _ _ _ _ _ _ _ _ _ _ _ _ _ _ _ _ _ _ _ _ _ _ _ _ _ _ _ 

    import warnings
    from math import log
    from numbers import Real
    import numpy as np
    from scipy import sparse as sp
    from ...utils._array_api import _max_precision_float_dtype, get_namespace_and_device
    from ...utils._param_validation import Interval, StrOptions, validate_params
    from ...utils.multiclass import type_of_target
    from ...utils.validation import check_array, check_consistent_length
    from ._expected_mutual_info_fast import expected_mutual_information
    import numpy as np
>   from sklearn.metrics import pair_confusion_matrix1 as sklearn_pair_confusion_matrix
E   ImportError: cannot import name 'pair_confusion_matrix1' from 'sklearn.metrics' (/local/data0/moved_data/publishablew/scikit-learn/scikit-learn/sklearn/metrics/__init__.py)

../publishablew/scikit-learn/scikit-learn/sklearn/metrics/cluster/temp.py:12: ImportError
____________ test_rand_score_edge_cases[clustering11-clustering21] _____________

clustering1 = array([0., 0., 0., 0., 0., 0., 0., 0., 0., 0., 0., 0., 0., 0., 0., 0., 0.,
       0., 0., 0., 0., 0., 0., 0., 0., 0., ...0., 0., 0., 0., 0., 0., 0., 0., 0., 0., 0., 0., 0.,
       0., 0., 0., 0., 0., 0., 0., 0., 0., 0., 0., 0., 0., 0., 0.])
clustering2 = array([0., 0., 0., 0., 0., 0., 0., 0., 0., 0., 0., 0., 0., 0., 0., 0., 0.,
       0., 0., 0., 0., 0., 0., 0., 0., 0., ...0., 0., 0., 0., 0., 0., 0., 0., 0., 0., 0., 0., 0.,
       0., 0., 0., 0., 0., 0., 0., 0., 0., 0., 0., 0., 0., 0., 0.])

    @pytest.mark.parametrize(
        "clustering1, clustering2",
        [(list(range(100)), list(range(100))), (np.zeros((100,)), np.zeros((100,)))],
    )
    def test_rand_score_edge_cases(clustering1, clustering2):
        # edge case 1: every element is its own cluster
        # edge case 2: only one cluster
>       assert_allclose(rand_score(clustering1, clustering2), 1.0)

../publishablew/scikit-learn/scikit-learn/sklearn/metrics/cluster/tests/test_supervised.py:447: 
_ _ _ _ _ _ _ _ _ _ _ _ _ _ _ _ _ _ _ _ _ _ _ _ _ _ _ _ _ _ _ _ _ _ _ _ _ _ _ _ 
../publishablew/scikit-learn/scikit-learn/sklearn/utils/_param_validation.py:216: in wrapper
    return func(*args, **kwargs)
../publishablew/scikit-learn/scikit-learn/sklearn/metrics/cluster/_supervised.py:264: in rand_score
    contingency = pair_confusion_matrix(labels_true, labels_pred)
../publishablew/scikit-learn/scikit-learn/sklearn/utils/_param_validation.py:189: in wrapper
    return func(*args, **kwargs)
../publishablew/scikit-learn/scikit-learn/sklearn/metrics/cluster/_supervised.py:121: in pair_confusion_matrix
    from .temp import pair_confusion_matrix
_ _ _ _ _ _ _ _ _ _ _ _ _ _ _ _ _ _ _ _ _ _ _ _ _ _ _ _ _ _ _ _ _ _ _ _ _ _ _ _ 

    import warnings
    from math import log
    from numbers import Real
    import numpy as np
    from scipy import sparse as sp
    from ...utils._array_api import _max_precision_float_dtype, get_namespace_and_device
    from ...utils._param_validation import Interval, StrOptions, validate_params
    from ...utils.multiclass import type_of_target
    from ...utils.validation import check_array, check_consistent_length
    from ._expected_mutual_info_fast import expected_mutual_information
    import numpy as np
>   from sklearn.metrics import pair_confusion_matrix1 as sklearn_pair_confusion_matrix
E   ImportError: cannot import name 'pair_confusion_matrix1' from 'sklearn.metrics' (/local/data0/moved_data/publishablew/scikit-learn/scikit-learn/sklearn/metrics/__init__.py)

../publishablew/scikit-learn/scikit-learn/sklearn/metrics/cluster/temp.py:12: ImportError
_______________________________ test_rand_score ________________________________

    def test_rand_score():
        # regular case: different non-trivial clusterings
        clustering1 = [0, 0, 0, 1, 1, 1]
        clustering2 = [0, 1, 0, 1, 2, 2]
        # pair confusion matrix
        D11 = 2 * 2  # ordered pairs (1, 3), (5, 6)
        D10 = 2 * 4  # ordered pairs (1, 2), (2, 3), (4, 5), (4, 6)
        D01 = 2 * 1  # ordered pair (2, 4)
        D00 = 5 * 6 - D11 - D01 - D10  # the remaining pairs
        # rand score
        expected_numerator = D00 + D11
        expected_denominator = D00 + D01 + D10 + D11
        expected = expected_numerator / expected_denominator
>       assert_allclose(rand_score(clustering1, clustering2), expected)

../publishablew/scikit-learn/scikit-learn/sklearn/metrics/cluster/tests/test_supervised.py:463: 
_ _ _ _ _ _ _ _ _ _ _ _ _ _ _ _ _ _ _ _ _ _ _ _ _ _ _ _ _ _ _ _ _ _ _ _ _ _ _ _ 
../publishablew/scikit-learn/scikit-learn/sklearn/utils/_param_validation.py:216: in wrapper
    return func(*args, **kwargs)
../publishablew/scikit-learn/scikit-learn/sklearn/metrics/cluster/_supervised.py:264: in rand_score
    contingency = pair_confusion_matrix(labels_true, labels_pred)
../publishablew/scikit-learn/scikit-learn/sklearn/utils/_param_validation.py:189: in wrapper
    return func(*args, **kwargs)
../publishablew/scikit-learn/scikit-learn/sklearn/metrics/cluster/_supervised.py:121: in pair_confusion_matrix
    from .temp import pair_confusion_matrix
_ _ _ _ _ _ _ _ _ _ _ _ _ _ _ _ _ _ _ _ _ _ _ _ _ _ _ _ _ _ _ _ _ _ _ _ _ _ _ _ 

    import warnings
    from math import log
    from numbers import Real
    import numpy as np
    from scipy import sparse as sp
    from ...utils._array_api import _max_precision_float_dtype, get_namespace_and_device
    from ...utils._param_validation import Interval, StrOptions, validate_params
    from ...utils.multiclass import type_of_target
    from ...utils.validation import check_array, check_consistent_length
    from ._expected_mutual_info_fast import expected_mutual_information
    import numpy as np
>   from sklearn.metrics import pair_confusion_matrix1 as sklearn_pair_confusion_matrix
E   ImportError: cannot import name 'pair_confusion_matrix1' from 'sklearn.metrics' (/local/data0/moved_data/publishablew/scikit-learn/scikit-learn/sklearn/metrics/__init__.py)

../publishablew/scikit-learn/scikit-learn/sklearn/metrics/cluster/temp.py:12: ImportError
______________________ test_adjusted_rand_score_overflow _______________________

    def test_adjusted_rand_score_overflow():
        """Check that large amount of data will not lead to overflow in
        `adjusted_rand_score`.
        Non-regression test for:
        https://github.com/scikit-learn/scikit-learn/issues/20305
        """
        rng = np.random.RandomState(0)
        y_true = rng.randint(0, 2, 100_000, dtype=np.int8)
        y_pred = rng.randint(0, 2, 100_000, dtype=np.int8)
        with warnings.catch_warnings():
            warnings.simplefilter("error", RuntimeWarning)
>           adjusted_rand_score(y_true, y_pred)

../publishablew/scikit-learn/scikit-learn/sklearn/metrics/cluster/tests/test_supervised.py:477: 
_ _ _ _ _ _ _ _ _ _ _ _ _ _ _ _ _ _ _ _ _ _ _ _ _ _ _ _ _ _ _ _ _ _ _ _ _ _ _ _ 
../publishablew/scikit-learn/scikit-learn/sklearn/utils/_param_validation.py:216: in wrapper
    return func(*args, **kwargs)
../publishablew/scikit-learn/scikit-learn/sklearn/metrics/cluster/_supervised.py:366: in adjusted_rand_score
    (tn, fp), (fn, tp) = pair_confusion_matrix(labels_true, labels_pred)
../publishablew/scikit-learn/scikit-learn/sklearn/utils/_param_validation.py:189: in wrapper
    return func(*args, **kwargs)
../publishablew/scikit-learn/scikit-learn/sklearn/metrics/cluster/_supervised.py:121: in pair_confusion_matrix
    from .temp import pair_confusion_matrix
_ _ _ _ _ _ _ _ _ _ _ _ _ _ _ _ _ _ _ _ _ _ _ _ _ _ _ _ _ _ _ _ _ _ _ _ _ _ _ _ 

    import warnings
    from math import log
    from numbers import Real
    import numpy as np
    from scipy import sparse as sp
    from ...utils._array_api import _max_precision_float_dtype, get_namespace_and_device
    from ...utils._param_validation import Interval, StrOptions, validate_params
    from ...utils.multiclass import type_of_target
    from ...utils.validation import check_array, check_consistent_length
    from ._expected_mutual_info_fast import expected_mutual_information
    import numpy as np
>   from sklearn.metrics import pair_confusion_matrix1 as sklearn_pair_confusion_matrix
E   ImportError: cannot import name 'pair_confusion_matrix1' from 'sklearn.metrics' (/local/data0/moved_data/publishablew/scikit-learn/scikit-learn/sklearn/metrics/__init__.py)

../publishablew/scikit-learn/scikit-learn/sklearn/metrics/cluster/temp.py:12: ImportError
=========================== short test summary info ============================
FAILED ../publishablew/scikit-learn/scikit-learn/sklearn/metrics/cluster/tests/test_supervised.py::test_error_messages_on_wrong_input
FAILED ../publishablew/scikit-learn/scikit-learn/sklearn/metrics/cluster/tests/test_supervised.py::test_perfect_matches
FAILED ../publishablew/scikit-learn/scikit-learn/sklearn/metrics/cluster/tests/test_supervised.py::test_non_consecutive_labels
FAILED ../publishablew/scikit-learn/scikit-learn/sklearn/metrics/cluster/tests/test_supervised.py::test_adjustment_for_chance
FAILED ../publishablew/scikit-learn/scikit-learn/sklearn/metrics/cluster/tests/test_supervised.py::test_pair_confusion_matrix_fully_dispersed
FAILED ../publishablew/scikit-learn/scikit-learn/sklearn/metrics/cluster/tests/test_supervised.py::test_pair_confusion_matrix_single_cluster
FAILED ../publishablew/scikit-learn/scikit-learn/sklearn/metrics/cluster/tests/test_supervised.py::test_pair_confusion_matrix
FAILED ../publishablew/scikit-learn/scikit-learn/sklearn/metrics/cluster/tests/test_supervised.py::test_rand_score_edge_cases[clustering10-clustering20]
FAILED ../publishablew/scikit-learn/scikit-learn/sklearn/metrics/cluster/tests/test_supervised.py::test_rand_score_edge_cases[clustering11-clustering21]
FAILED ../publishablew/scikit-learn/scikit-learn/sklearn/metrics/cluster/tests/test_supervised.py::test_rand_score
FAILED ../publishablew/scikit-learn/scikit-learn/sklearn/metrics/cluster/tests/test_supervised.py::test_adjusted_rand_score_overflow
=================== 11 failed, 25 passed, 8 skipped in 0.64s ===================


Final Test Result:
============================= test session starts ==============================
platform linux -- Python 3.9.0, pytest-8.3.3, pluggy-1.5.0 -- /local/data0/moved_data/publishablew/scikit-learn/scikit-learn/venv/bin/python
cachedir: .pytest_cache
rootdir: /local/data0/moved_data/publishablew/scikit-learn/scikit-learn
configfile: setup.cfg
plugins: cov-6.0.0
collecting ... collected 44 items

../publishablew/scikit-learn/scikit-learn/sklearn/metrics/cluster/tests/test_supervised.py::test_error_messages_on_wrong_input I: Seeding RNGs with 171279423
FAILED
../publishablew/scikit-learn/scikit-learn/sklearn/metrics/cluster/tests/test_supervised.py::test_generalized_average PASSED
../publishablew/scikit-learn/scikit-learn/sklearn/metrics/cluster/tests/test_supervised.py::test_perfect_matches FAILED
../publishablew/scikit-learn/scikit-learn/sklearn/metrics/cluster/tests/test_supervised.py::test_homogeneous_but_not_complete_labeling PASSED
../publishablew/scikit-learn/scikit-learn/sklearn/metrics/cluster/tests/test_supervised.py::test_complete_but_not_homogeneous_labeling PASSED
../publishablew/scikit-learn/scikit-learn/sklearn/metrics/cluster/tests/test_supervised.py::test_not_complete_and_not_homogeneous_labeling PASSED
../publishablew/scikit-learn/scikit-learn/sklearn/metrics/cluster/tests/test_supervised.py::test_beta_parameter PASSED
../publishablew/scikit-learn/scikit-learn/sklearn/metrics/cluster/tests/test_supervised.py::test_non_consecutive_labels FAILED
../publishablew/scikit-learn/scikit-learn/sklearn/metrics/cluster/tests/test_supervised.py::test_adjustment_for_chance FAILED
../publishablew/scikit-learn/scikit-learn/sklearn/metrics/cluster/tests/test_supervised.py::test_adjusted_mutual_info_score PASSED
../publishablew/scikit-learn/scikit-learn/sklearn/metrics/cluster/tests/test_supervised.py::test_expected_mutual_info_overflow PASSED
../publishablew/scikit-learn/scikit-learn/sklearn/metrics/cluster/tests/test_supervised.py::test_int_overflow_mutual_info_fowlkes_mallows_score PASSED
../publishablew/scikit-learn/scikit-learn/sklearn/metrics/cluster/tests/test_supervised.py::test_entropy PASSED
../publishablew/scikit-learn/scikit-learn/sklearn/metrics/cluster/tests/test_supervised.py::test_entropy_array_api[numpy-None-None] SKIPPED
../publishablew/scikit-learn/scikit-learn/sklearn/metrics/cluster/tests/test_supervised.py::test_entropy_array_api[array_api_strict-None-None] SKIPPED
../publishablew/scikit-learn/scikit-learn/sklearn/metrics/cluster/tests/test_supervised.py::test_entropy_array_api[cupy-None-None] SKIPPED
../publishablew/scikit-learn/scikit-learn/sklearn/metrics/cluster/tests/test_supervised.py::test_entropy_array_api[torch-cpu-float64] SKIPPED
../publishablew/scikit-learn/scikit-learn/sklearn/metrics/cluster/tests/test_supervised.py::test_entropy_array_api[torch-cpu-float32] SKIPPED
../publishablew/scikit-learn/scikit-learn/sklearn/metrics/cluster/tests/test_supervised.py::test_entropy_array_api[torch-cuda-float64] SKIPPED
../publishablew/scikit-learn/scikit-learn/sklearn/metrics/cluster/tests/test_supervised.py::test_entropy_array_api[torch-cuda-float32] SKIPPED
../publishablew/scikit-learn/scikit-learn/sklearn/metrics/cluster/tests/test_supervised.py::test_entropy_array_api[torch-mps-float32] SKIPPED
../publishablew/scikit-learn/scikit-learn/sklearn/metrics/cluster/tests/test_supervised.py::test_contingency_matrix PASSED
../publishablew/scikit-learn/scikit-learn/sklearn/metrics/cluster/tests/test_supervised.py::test_contingency_matrix_sparse PASSED
../publishablew/scikit-learn/scikit-learn/sklearn/metrics/cluster/tests/test_supervised.py::test_exactly_zero_info_score PASSED
../publishablew/scikit-learn/scikit-learn/sklearn/metrics/cluster/tests/test_supervised.py::test_v_measure_and_mutual_information PASSED
../publishablew/scikit-learn/scikit-learn/sklearn/metrics/cluster/tests/test_supervised.py::test_fowlkes_mallows_score PASSED
../publishablew/scikit-learn/scikit-learn/sklearn/metrics/cluster/tests/test_supervised.py::test_fowlkes_mallows_score_properties PASSED
../publishablew/scikit-learn/scikit-learn/sklearn/metrics/cluster/tests/test_supervised.py::test_mutual_info_score_positive_constant_label[labels_true0-labels_pred0] PASSED
../publishablew/scikit-learn/scikit-learn/sklearn/metrics/cluster/tests/test_supervised.py::test_mutual_info_score_positive_constant_label[labels_true1-labels_pred1] PASSED
../publishablew/scikit-learn/scikit-learn/sklearn/metrics/cluster/tests/test_supervised.py::test_mutual_info_score_positive_constant_label[labels_true2-labels_pred2] PASSED
../publishablew/scikit-learn/scikit-learn/sklearn/metrics/cluster/tests/test_supervised.py::test_mutual_info_score_positive_constant_label[labels_true3-labels_pred3] PASSED
../publishablew/scikit-learn/scikit-learn/sklearn/metrics/cluster/tests/test_supervised.py::test_mutual_info_score_positive_constant_label[labels_true4-labels_pred4] PASSED
../publishablew/scikit-learn/scikit-learn/sklearn/metrics/cluster/tests/test_supervised.py::test_check_clustering_error PASSED
../publishablew/scikit-learn/scikit-learn/sklearn/metrics/cluster/tests/test_supervised.py::test_pair_confusion_matrix_fully_dispersed FAILED
../publishablew/scikit-learn/scikit-learn/sklearn/metrics/cluster/tests/test_supervised.py::test_pair_confusion_matrix_single_cluster FAILED
../publishablew/scikit-learn/scikit-learn/sklearn/metrics/cluster/tests/test_supervised.py::test_pair_confusion_matrix FAILED
../publishablew/scikit-learn/scikit-learn/sklearn/metrics/cluster/tests/test_supervised.py::test_rand_score_edge_cases[clustering10-clustering20] FAILED
../publishablew/scikit-learn/scikit-learn/sklearn/metrics/cluster/tests/test_supervised.py::test_rand_score_edge_cases[clustering11-clustering21] FAILED
../publishablew/scikit-learn/scikit-learn/sklearn/metrics/cluster/tests/test_supervised.py::test_rand_score FAILED
../publishablew/scikit-learn/scikit-learn/sklearn/metrics/cluster/tests/test_supervised.py::test_adjusted_rand_score_overflow FAILED
../publishablew/scikit-learn/scikit-learn/sklearn/metrics/cluster/tests/test_supervised.py::test_normalized_mutual_info_score_bounded[min] PASSED
../publishablew/scikit-learn/scikit-learn/sklearn/metrics/cluster/tests/test_supervised.py::test_normalized_mutual_info_score_bounded[arithmetic] PASSED
../publishablew/scikit-learn/scikit-learn/sklearn/metrics/cluster/tests/test_supervised.py::test_normalized_mutual_info_score_bounded[geometric] PASSED
../publishablew/scikit-learn/scikit-learn/sklearn/metrics/cluster/tests/test_supervised.py::test_normalized_mutual_info_score_bounded[max] PASSED

=================================== FAILURES ===================================
______________________ test_error_messages_on_wrong_input ______________________

    def test_error_messages_on_wrong_input():
        for score_func in score_funcs:
            expected = (
                r"Found input variables with inconsistent numbers " r"of samples: \[2, 3\]"
            )
            with pytest.raises(ValueError, match=expected):
>               score_func([0, 1], [1, 1, 1])

../publishablew/scikit-learn/scikit-learn/sklearn/metrics/cluster/tests/test_supervised.py:46: 
_ _ _ _ _ _ _ _ _ _ _ _ _ _ _ _ _ _ _ _ _ _ _ _ _ _ _ _ _ _ _ _ _ _ _ _ _ _ _ _ 
../publishablew/scikit-learn/scikit-learn/sklearn/utils/_param_validation.py:216: in wrapper
    return func(*args, **kwargs)
../publishablew/scikit-learn/scikit-learn/sklearn/metrics/cluster/_supervised.py:361: in adjusted_rand_score
    ((tn, fp), (fn, tp)) = pair_confusion_matrix(labels_true, labels_pred)
../publishablew/scikit-learn/scikit-learn/sklearn/utils/_param_validation.py:189: in wrapper
    return func(*args, **kwargs)
../publishablew/scikit-learn/scikit-learn/sklearn/metrics/cluster/_supervised.py:121: in pair_confusion_matrix
    from .temp import pair_confusion_matrix
_ _ _ _ _ _ _ _ _ _ _ _ _ _ _ _ _ _ _ _ _ _ _ _ _ _ _ _ _ _ _ _ _ _ _ _ _ _ _ _ 

    import warnings
    from math import log
    from numbers import Real
    import numpy as np
    from scipy import sparse as sp
    from ...utils._array_api import _max_precision_float_dtype, get_namespace_and_device
    from ...utils._param_validation import Interval, StrOptions, validate_params
    from ...utils.multiclass import type_of_target
    from ...utils.validation import check_array, check_consistent_length
    from ._expected_mutual_info_fast import expected_mutual_information
    import numpy as np
>   from sklearn.metrics import pair_confusion_matrix1 as sklearn_pair_confusion_matrix
E   ImportError: cannot import name 'pair_confusion_matrix1' from 'sklearn.metrics' (/local/data0/moved_data/publishablew/scikit-learn/scikit-learn/sklearn/metrics/__init__.py)

../publishablew/scikit-learn/scikit-learn/sklearn/metrics/cluster/temp.py:12: ImportError
_____________________________ test_perfect_matches _____________________________

    def test_perfect_matches():
        for score_func in score_funcs:
>           assert score_func([], []) == pytest.approx(1.0)

../publishablew/scikit-learn/scikit-learn/sklearn/metrics/cluster/tests/test_supervised.py:69: 
_ _ _ _ _ _ _ _ _ _ _ _ _ _ _ _ _ _ _ _ _ _ _ _ _ _ _ _ _ _ _ _ _ _ _ _ _ _ _ _ 
../publishablew/scikit-learn/scikit-learn/sklearn/utils/_param_validation.py:216: in wrapper
    return func(*args, **kwargs)
../publishablew/scikit-learn/scikit-learn/sklearn/metrics/cluster/_supervised.py:361: in adjusted_rand_score
    ((tn, fp), (fn, tp)) = pair_confusion_matrix(labels_true, labels_pred)
../publishablew/scikit-learn/scikit-learn/sklearn/utils/_param_validation.py:189: in wrapper
    return func(*args, **kwargs)
../publishablew/scikit-learn/scikit-learn/sklearn/metrics/cluster/_supervised.py:121: in pair_confusion_matrix
    from .temp import pair_confusion_matrix
_ _ _ _ _ _ _ _ _ _ _ _ _ _ _ _ _ _ _ _ _ _ _ _ _ _ _ _ _ _ _ _ _ _ _ _ _ _ _ _ 

    import warnings
    from math import log
    from numbers import Real
    import numpy as np
    from scipy import sparse as sp
    from ...utils._array_api import _max_precision_float_dtype, get_namespace_and_device
    from ...utils._param_validation import Interval, StrOptions, validate_params
    from ...utils.multiclass import type_of_target
    from ...utils.validation import check_array, check_consistent_length
    from ._expected_mutual_info_fast import expected_mutual_information
    import numpy as np
>   from sklearn.metrics import pair_confusion_matrix1 as sklearn_pair_confusion_matrix
E   ImportError: cannot import name 'pair_confusion_matrix1' from 'sklearn.metrics' (/local/data0/moved_data/publishablew/scikit-learn/scikit-learn/sklearn/metrics/__init__.py)

../publishablew/scikit-learn/scikit-learn/sklearn/metrics/cluster/temp.py:12: ImportError
_________________________ test_non_consecutive_labels __________________________

    def test_non_consecutive_labels():
        # regression tests for labels with gaps
        h, c, v = homogeneity_completeness_v_measure([0, 0, 0, 2, 2, 2], [0, 1, 0, 1, 2, 2])
        assert_almost_equal(h, 0.67, 2)
        assert_almost_equal(c, 0.42, 2)
        assert_almost_equal(v, 0.52, 2)
    
        h, c, v = homogeneity_completeness_v_measure([0, 0, 0, 1, 1, 1], [0, 4, 0, 4, 2, 2])
        assert_almost_equal(h, 0.67, 2)
        assert_almost_equal(c, 0.42, 2)
        assert_almost_equal(v, 0.52, 2)
    
>       ari_1 = adjusted_rand_score([0, 0, 0, 1, 1, 1], [0, 1, 0, 1, 2, 2])

../publishablew/scikit-learn/scikit-learn/sklearn/metrics/cluster/tests/test_supervised.py:158: 
_ _ _ _ _ _ _ _ _ _ _ _ _ _ _ _ _ _ _ _ _ _ _ _ _ _ _ _ _ _ _ _ _ _ _ _ _ _ _ _ 
../publishablew/scikit-learn/scikit-learn/sklearn/utils/_param_validation.py:216: in wrapper
    return func(*args, **kwargs)
../publishablew/scikit-learn/scikit-learn/sklearn/metrics/cluster/_supervised.py:361: in adjusted_rand_score
    ((tn, fp), (fn, tp)) = pair_confusion_matrix(labels_true, labels_pred)
../publishablew/scikit-learn/scikit-learn/sklearn/utils/_param_validation.py:189: in wrapper
    return func(*args, **kwargs)
../publishablew/scikit-learn/scikit-learn/sklearn/metrics/cluster/_supervised.py:121: in pair_confusion_matrix
    from .temp import pair_confusion_matrix
_ _ _ _ _ _ _ _ _ _ _ _ _ _ _ _ _ _ _ _ _ _ _ _ _ _ _ _ _ _ _ _ _ _ _ _ _ _ _ _ 

    import warnings
    from math import log
    from numbers import Real
    import numpy as np
    from scipy import sparse as sp
    from ...utils._array_api import _max_precision_float_dtype, get_namespace_and_device
    from ...utils._param_validation import Interval, StrOptions, validate_params
    from ...utils.multiclass import type_of_target
    from ...utils.validation import check_array, check_consistent_length
    from ._expected_mutual_info_fast import expected_mutual_information
    import numpy as np
>   from sklearn.metrics import pair_confusion_matrix1 as sklearn_pair_confusion_matrix
E   ImportError: cannot import name 'pair_confusion_matrix1' from 'sklearn.metrics' (/local/data0/moved_data/publishablew/scikit-learn/scikit-learn/sklearn/metrics/__init__.py)

../publishablew/scikit-learn/scikit-learn/sklearn/metrics/cluster/temp.py:12: ImportError
__________________________ test_adjustment_for_chance __________________________

    def test_adjustment_for_chance():
        # Check that adjusted scores are almost zero on random labels
        n_clusters_range = [2, 10, 50, 90]
        n_samples = 100
        n_runs = 10
    
>       scores = uniform_labelings_scores(
            adjusted_rand_score, n_samples, n_clusters_range, n_runs
        )

../publishablew/scikit-learn/scikit-learn/sklearn/metrics/cluster/tests/test_supervised.py:187: 
_ _ _ _ _ _ _ _ _ _ _ _ _ _ _ _ _ _ _ _ _ _ _ _ _ _ _ _ _ _ _ _ _ _ _ _ _ _ _ _ 
../publishablew/scikit-learn/scikit-learn/sklearn/metrics/cluster/tests/test_supervised.py:177: in uniform_labelings_scores
    scores[i, j] = score_func(labels_a, labels_b)
../publishablew/scikit-learn/scikit-learn/sklearn/utils/_param_validation.py:216: in wrapper
    return func(*args, **kwargs)
../publishablew/scikit-learn/scikit-learn/sklearn/metrics/cluster/_supervised.py:361: in adjusted_rand_score
    ((tn, fp), (fn, tp)) = pair_confusion_matrix(labels_true, labels_pred)
../publishablew/scikit-learn/scikit-learn/sklearn/utils/_param_validation.py:189: in wrapper
    return func(*args, **kwargs)
../publishablew/scikit-learn/scikit-learn/sklearn/metrics/cluster/_supervised.py:121: in pair_confusion_matrix
    from .temp import pair_confusion_matrix
_ _ _ _ _ _ _ _ _ _ _ _ _ _ _ _ _ _ _ _ _ _ _ _ _ _ _ _ _ _ _ _ _ _ _ _ _ _ _ _ 

    import warnings
    from math import log
    from numbers import Real
    import numpy as np
    from scipy import sparse as sp
    from ...utils._array_api import _max_precision_float_dtype, get_namespace_and_device
    from ...utils._param_validation import Interval, StrOptions, validate_params
    from ...utils.multiclass import type_of_target
    from ...utils.validation import check_array, check_consistent_length
    from ._expected_mutual_info_fast import expected_mutual_information
    import numpy as np
>   from sklearn.metrics import pair_confusion_matrix1 as sklearn_pair_confusion_matrix
E   ImportError: cannot import name 'pair_confusion_matrix1' from 'sklearn.metrics' (/local/data0/moved_data/publishablew/scikit-learn/scikit-learn/sklearn/metrics/__init__.py)

../publishablew/scikit-learn/scikit-learn/sklearn/metrics/cluster/temp.py:12: ImportError
__________________ test_pair_confusion_matrix_fully_dispersed __________________

    def test_pair_confusion_matrix_fully_dispersed():
        # edge case: every element is its own cluster
        N = 100
        clustering1 = list(range(N))
        clustering2 = clustering1
        expected = np.array([[N * (N - 1), 0], [0, 0]])
>       assert_array_equal(pair_confusion_matrix(clustering1, clustering2), expected)

../publishablew/scikit-learn/scikit-learn/sklearn/metrics/cluster/tests/test_supervised.py:411: 
_ _ _ _ _ _ _ _ _ _ _ _ _ _ _ _ _ _ _ _ _ _ _ _ _ _ _ _ _ _ _ _ _ _ _ _ _ _ _ _ 
../publishablew/scikit-learn/scikit-learn/sklearn/utils/_param_validation.py:216: in wrapper
    return func(*args, **kwargs)
../publishablew/scikit-learn/scikit-learn/sklearn/metrics/cluster/_supervised.py:121: in pair_confusion_matrix
    from .temp import pair_confusion_matrix
_ _ _ _ _ _ _ _ _ _ _ _ _ _ _ _ _ _ _ _ _ _ _ _ _ _ _ _ _ _ _ _ _ _ _ _ _ _ _ _ 

    import warnings
    from math import log
    from numbers import Real
    import numpy as np
    from scipy import sparse as sp
    from ...utils._array_api import _max_precision_float_dtype, get_namespace_and_device
    from ...utils._param_validation import Interval, StrOptions, validate_params
    from ...utils.multiclass import type_of_target
    from ...utils.validation import check_array, check_consistent_length
    from ._expected_mutual_info_fast import expected_mutual_information
    import numpy as np
>   from sklearn.metrics import pair_confusion_matrix1 as sklearn_pair_confusion_matrix
E   ImportError: cannot import name 'pair_confusion_matrix1' from 'sklearn.metrics' (/local/data0/moved_data/publishablew/scikit-learn/scikit-learn/sklearn/metrics/__init__.py)

../publishablew/scikit-learn/scikit-learn/sklearn/metrics/cluster/temp.py:12: ImportError
__________________ test_pair_confusion_matrix_single_cluster ___________________

    def test_pair_confusion_matrix_single_cluster():
        # edge case: only one cluster
        N = 100
        clustering1 = np.zeros((N,))
        clustering2 = clustering1
        expected = np.array([[0, 0], [0, N * (N - 1)]])
>       assert_array_equal(pair_confusion_matrix(clustering1, clustering2), expected)

../publishablew/scikit-learn/scikit-learn/sklearn/metrics/cluster/tests/test_supervised.py:420: 
_ _ _ _ _ _ _ _ _ _ _ _ _ _ _ _ _ _ _ _ _ _ _ _ _ _ _ _ _ _ _ _ _ _ _ _ _ _ _ _ 
../publishablew/scikit-learn/scikit-learn/sklearn/utils/_param_validation.py:216: in wrapper
    return func(*args, **kwargs)
../publishablew/scikit-learn/scikit-learn/sklearn/metrics/cluster/_supervised.py:121: in pair_confusion_matrix
    from .temp import pair_confusion_matrix
_ _ _ _ _ _ _ _ _ _ _ _ _ _ _ _ _ _ _ _ _ _ _ _ _ _ _ _ _ _ _ _ _ _ _ _ _ _ _ _ 

    import warnings
    from math import log
    from numbers import Real
    import numpy as np
    from scipy import sparse as sp
    from ...utils._array_api import _max_precision_float_dtype, get_namespace_and_device
    from ...utils._param_validation import Interval, StrOptions, validate_params
    from ...utils.multiclass import type_of_target
    from ...utils.validation import check_array, check_consistent_length
    from ._expected_mutual_info_fast import expected_mutual_information
    import numpy as np
>   from sklearn.metrics import pair_confusion_matrix1 as sklearn_pair_confusion_matrix
E   ImportError: cannot import name 'pair_confusion_matrix1' from 'sklearn.metrics' (/local/data0/moved_data/publishablew/scikit-learn/scikit-learn/sklearn/metrics/__init__.py)

../publishablew/scikit-learn/scikit-learn/sklearn/metrics/cluster/temp.py:12: ImportError
__________________________ test_pair_confusion_matrix __________________________

    def test_pair_confusion_matrix():
        # regular case: different non-trivial clusterings
        n = 10
        N = n**2
        clustering1 = np.hstack([[i + 1] * n for i in range(n)])
        clustering2 = np.hstack([[i + 1] * (n + 1) for i in range(n)])[:N]
        # basic quadratic implementation
        expected = np.zeros(shape=(2, 2), dtype=np.int64)
        for i in range(len(clustering1)):
            for j in range(len(clustering2)):
                if i != j:
                    same_cluster_1 = int(clustering1[i] == clustering1[j])
                    same_cluster_2 = int(clustering2[i] == clustering2[j])
                    expected[same_cluster_1, same_cluster_2] += 1
>       assert_array_equal(pair_confusion_matrix(clustering1, clustering2), expected)

../publishablew/scikit-learn/scikit-learn/sklearn/metrics/cluster/tests/test_supervised.py:437: 
_ _ _ _ _ _ _ _ _ _ _ _ _ _ _ _ _ _ _ _ _ _ _ _ _ _ _ _ _ _ _ _ _ _ _ _ _ _ _ _ 
../publishablew/scikit-learn/scikit-learn/sklearn/utils/_param_validation.py:216: in wrapper
    return func(*args, **kwargs)
../publishablew/scikit-learn/scikit-learn/sklearn/metrics/cluster/_supervised.py:121: in pair_confusion_matrix
    from .temp import pair_confusion_matrix
_ _ _ _ _ _ _ _ _ _ _ _ _ _ _ _ _ _ _ _ _ _ _ _ _ _ _ _ _ _ _ _ _ _ _ _ _ _ _ _ 

    import warnings
    from math import log
    from numbers import Real
    import numpy as np
    from scipy import sparse as sp
    from ...utils._array_api import _max_precision_float_dtype, get_namespace_and_device
    from ...utils._param_validation import Interval, StrOptions, validate_params
    from ...utils.multiclass import type_of_target
    from ...utils.validation import check_array, check_consistent_length
    from ._expected_mutual_info_fast import expected_mutual_information
    import numpy as np
>   from sklearn.metrics import pair_confusion_matrix1 as sklearn_pair_confusion_matrix
E   ImportError: cannot import name 'pair_confusion_matrix1' from 'sklearn.metrics' (/local/data0/moved_data/publishablew/scikit-learn/scikit-learn/sklearn/metrics/__init__.py)

../publishablew/scikit-learn/scikit-learn/sklearn/metrics/cluster/temp.py:12: ImportError
____________ test_rand_score_edge_cases[clustering10-clustering20] _____________

clustering1 = [0, 1, 2, 3, 4, 5, ...], clustering2 = [0, 1, 2, 3, 4, 5, ...]

    @pytest.mark.parametrize(
        "clustering1, clustering2",
        [(list(range(100)), list(range(100))), (np.zeros((100,)), np.zeros((100,)))],
    )
    def test_rand_score_edge_cases(clustering1, clustering2):
        # edge case 1: every element is its own cluster
        # edge case 2: only one cluster
>       assert_allclose(rand_score(clustering1, clustering2), 1.0)

../publishablew/scikit-learn/scikit-learn/sklearn/metrics/cluster/tests/test_supervised.py:447: 
_ _ _ _ _ _ _ _ _ _ _ _ _ _ _ _ _ _ _ _ _ _ _ _ _ _ _ _ _ _ _ _ _ _ _ _ _ _ _ _ 
../publishablew/scikit-learn/scikit-learn/sklearn/utils/_param_validation.py:216: in wrapper
    return func(*args, **kwargs)
../publishablew/scikit-learn/scikit-learn/sklearn/metrics/cluster/_supervised.py:259: in rand_score
    contingency = pair_confusion_matrix(labels_true, labels_pred)
../publishablew/scikit-learn/scikit-learn/sklearn/utils/_param_validation.py:189: in wrapper
    return func(*args, **kwargs)
../publishablew/scikit-learn/scikit-learn/sklearn/metrics/cluster/_supervised.py:121: in pair_confusion_matrix
    from .temp import pair_confusion_matrix
_ _ _ _ _ _ _ _ _ _ _ _ _ _ _ _ _ _ _ _ _ _ _ _ _ _ _ _ _ _ _ _ _ _ _ _ _ _ _ _ 

    import warnings
    from math import log
    from numbers import Real
    import numpy as np
    from scipy import sparse as sp
    from ...utils._array_api import _max_precision_float_dtype, get_namespace_and_device
    from ...utils._param_validation import Interval, StrOptions, validate_params
    from ...utils.multiclass import type_of_target
    from ...utils.validation import check_array, check_consistent_length
    from ._expected_mutual_info_fast import expected_mutual_information
    import numpy as np
>   from sklearn.metrics import pair_confusion_matrix1 as sklearn_pair_confusion_matrix
E   ImportError: cannot import name 'pair_confusion_matrix1' from 'sklearn.metrics' (/local/data0/moved_data/publishablew/scikit-learn/scikit-learn/sklearn/metrics/__init__.py)

../publishablew/scikit-learn/scikit-learn/sklearn/metrics/cluster/temp.py:12: ImportError
____________ test_rand_score_edge_cases[clustering11-clustering21] _____________

clustering1 = array([0., 0., 0., 0., 0., 0., 0., 0., 0., 0., 0., 0., 0., 0., 0., 0., 0.,
       0., 0., 0., 0., 0., 0., 0., 0., 0., ...0., 0., 0., 0., 0., 0., 0., 0., 0., 0., 0., 0., 0.,
       0., 0., 0., 0., 0., 0., 0., 0., 0., 0., 0., 0., 0., 0., 0.])
clustering2 = array([0., 0., 0., 0., 0., 0., 0., 0., 0., 0., 0., 0., 0., 0., 0., 0., 0.,
       0., 0., 0., 0., 0., 0., 0., 0., 0., ...0., 0., 0., 0., 0., 0., 0., 0., 0., 0., 0., 0., 0.,
       0., 0., 0., 0., 0., 0., 0., 0., 0., 0., 0., 0., 0., 0., 0.])

    @pytest.mark.parametrize(
        "clustering1, clustering2",
        [(list(range(100)), list(range(100))), (np.zeros((100,)), np.zeros((100,)))],
    )
    def test_rand_score_edge_cases(clustering1, clustering2):
        # edge case 1: every element is its own cluster
        # edge case 2: only one cluster
>       assert_allclose(rand_score(clustering1, clustering2), 1.0)

../publishablew/scikit-learn/scikit-learn/sklearn/metrics/cluster/tests/test_supervised.py:447: 
_ _ _ _ _ _ _ _ _ _ _ _ _ _ _ _ _ _ _ _ _ _ _ _ _ _ _ _ _ _ _ _ _ _ _ _ _ _ _ _ 
../publishablew/scikit-learn/scikit-learn/sklearn/utils/_param_validation.py:216: in wrapper
    return func(*args, **kwargs)
../publishablew/scikit-learn/scikit-learn/sklearn/metrics/cluster/_supervised.py:259: in rand_score
    contingency = pair_confusion_matrix(labels_true, labels_pred)
../publishablew/scikit-learn/scikit-learn/sklearn/utils/_param_validation.py:189: in wrapper
    return func(*args, **kwargs)
../publishablew/scikit-learn/scikit-learn/sklearn/metrics/cluster/_supervised.py:121: in pair_confusion_matrix
    from .temp import pair_confusion_matrix
_ _ _ _ _ _ _ _ _ _ _ _ _ _ _ _ _ _ _ _ _ _ _ _ _ _ _ _ _ _ _ _ _ _ _ _ _ _ _ _ 

    import warnings
    from math import log
    from numbers import Real
    import numpy as np
    from scipy import sparse as sp
    from ...utils._array_api import _max_precision_float_dtype, get_namespace_and_device
    from ...utils._param_validation import Interval, StrOptions, validate_params
    from ...utils.multiclass import type_of_target
    from ...utils.validation import check_array, check_consistent_length
    from ._expected_mutual_info_fast import expected_mutual_information
    import numpy as np
>   from sklearn.metrics import pair_confusion_matrix1 as sklearn_pair_confusion_matrix
E   ImportError: cannot import name 'pair_confusion_matrix1' from 'sklearn.metrics' (/local/data0/moved_data/publishablew/scikit-learn/scikit-learn/sklearn/metrics/__init__.py)

../publishablew/scikit-learn/scikit-learn/sklearn/metrics/cluster/temp.py:12: ImportError
_______________________________ test_rand_score ________________________________

    def test_rand_score():
        # regular case: different non-trivial clusterings
        clustering1 = [0, 0, 0, 1, 1, 1]
        clustering2 = [0, 1, 0, 1, 2, 2]
        # pair confusion matrix
        D11 = 2 * 2  # ordered pairs (1, 3), (5, 6)
        D10 = 2 * 4  # ordered pairs (1, 2), (2, 3), (4, 5), (4, 6)
        D01 = 2 * 1  # ordered pair (2, 4)
        D00 = 5 * 6 - D11 - D01 - D10  # the remaining pairs
        # rand score
        expected_numerator = D00 + D11
        expected_denominator = D00 + D01 + D10 + D11
        expected = expected_numerator / expected_denominator
>       assert_allclose(rand_score(clustering1, clustering2), expected)

../publishablew/scikit-learn/scikit-learn/sklearn/metrics/cluster/tests/test_supervised.py:463: 
_ _ _ _ _ _ _ _ _ _ _ _ _ _ _ _ _ _ _ _ _ _ _ _ _ _ _ _ _ _ _ _ _ _ _ _ _ _ _ _ 
../publishablew/scikit-learn/scikit-learn/sklearn/utils/_param_validation.py:216: in wrapper
    return func(*args, **kwargs)
../publishablew/scikit-learn/scikit-learn/sklearn/metrics/cluster/_supervised.py:259: in rand_score
    contingency = pair_confusion_matrix(labels_true, labels_pred)
../publishablew/scikit-learn/scikit-learn/sklearn/utils/_param_validation.py:189: in wrapper
    return func(*args, **kwargs)
../publishablew/scikit-learn/scikit-learn/sklearn/metrics/cluster/_supervised.py:121: in pair_confusion_matrix
    from .temp import pair_confusion_matrix
_ _ _ _ _ _ _ _ _ _ _ _ _ _ _ _ _ _ _ _ _ _ _ _ _ _ _ _ _ _ _ _ _ _ _ _ _ _ _ _ 

    import warnings
    from math import log
    from numbers import Real
    import numpy as np
    from scipy import sparse as sp
    from ...utils._array_api import _max_precision_float_dtype, get_namespace_and_device
    from ...utils._param_validation import Interval, StrOptions, validate_params
    from ...utils.multiclass import type_of_target
    from ...utils.validation import check_array, check_consistent_length
    from ._expected_mutual_info_fast import expected_mutual_information
    import numpy as np
>   from sklearn.metrics import pair_confusion_matrix1 as sklearn_pair_confusion_matrix
E   ImportError: cannot import name 'pair_confusion_matrix1' from 'sklearn.metrics' (/local/data0/moved_data/publishablew/scikit-learn/scikit-learn/sklearn/metrics/__init__.py)

../publishablew/scikit-learn/scikit-learn/sklearn/metrics/cluster/temp.py:12: ImportError
______________________ test_adjusted_rand_score_overflow _______________________

    def test_adjusted_rand_score_overflow():
        """Check that large amount of data will not lead to overflow in
        `adjusted_rand_score`.
        Non-regression test for:
        https://github.com/scikit-learn/scikit-learn/issues/20305
        """
        rng = np.random.RandomState(0)
        y_true = rng.randint(0, 2, 100_000, dtype=np.int8)
        y_pred = rng.randint(0, 2, 100_000, dtype=np.int8)
        with warnings.catch_warnings():
            warnings.simplefilter("error", RuntimeWarning)
>           adjusted_rand_score(y_true, y_pred)

../publishablew/scikit-learn/scikit-learn/sklearn/metrics/cluster/tests/test_supervised.py:477: 
_ _ _ _ _ _ _ _ _ _ _ _ _ _ _ _ _ _ _ _ _ _ _ _ _ _ _ _ _ _ _ _ _ _ _ _ _ _ _ _ 
../publishablew/scikit-learn/scikit-learn/sklearn/utils/_param_validation.py:216: in wrapper
    return func(*args, **kwargs)
../publishablew/scikit-learn/scikit-learn/sklearn/metrics/cluster/_supervised.py:361: in adjusted_rand_score
    ((tn, fp), (fn, tp)) = pair_confusion_matrix(labels_true, labels_pred)
../publishablew/scikit-learn/scikit-learn/sklearn/utils/_param_validation.py:189: in wrapper
    return func(*args, **kwargs)
../publishablew/scikit-learn/scikit-learn/sklearn/metrics/cluster/_supervised.py:121: in pair_confusion_matrix
    from .temp import pair_confusion_matrix
_ _ _ _ _ _ _ _ _ _ _ _ _ _ _ _ _ _ _ _ _ _ _ _ _ _ _ _ _ _ _ _ _ _ _ _ _ _ _ _ 

    import warnings
    from math import log
    from numbers import Real
    import numpy as np
    from scipy import sparse as sp
    from ...utils._array_api import _max_precision_float_dtype, get_namespace_and_device
    from ...utils._param_validation import Interval, StrOptions, validate_params
    from ...utils.multiclass import type_of_target
    from ...utils.validation import check_array, check_consistent_length
    from ._expected_mutual_info_fast import expected_mutual_information
    import numpy as np
>   from sklearn.metrics import pair_confusion_matrix1 as sklearn_pair_confusion_matrix
E   ImportError: cannot import name 'pair_confusion_matrix1' from 'sklearn.metrics' (/local/data0/moved_data/publishablew/scikit-learn/scikit-learn/sklearn/metrics/__init__.py)

../publishablew/scikit-learn/scikit-learn/sklearn/metrics/cluster/temp.py:12: ImportError
=========================== short test summary info ============================
FAILED ../publishablew/scikit-learn/scikit-learn/sklearn/metrics/cluster/tests/test_supervised.py::test_error_messages_on_wrong_input
FAILED ../publishablew/scikit-learn/scikit-learn/sklearn/metrics/cluster/tests/test_supervised.py::test_perfect_matches
FAILED ../publishablew/scikit-learn/scikit-learn/sklearn/metrics/cluster/tests/test_supervised.py::test_non_consecutive_labels
FAILED ../publishablew/scikit-learn/scikit-learn/sklearn/metrics/cluster/tests/test_supervised.py::test_adjustment_for_chance
FAILED ../publishablew/scikit-learn/scikit-learn/sklearn/metrics/cluster/tests/test_supervised.py::test_pair_confusion_matrix_fully_dispersed
FAILED ../publishablew/scikit-learn/scikit-learn/sklearn/metrics/cluster/tests/test_supervised.py::test_pair_confusion_matrix_single_cluster
FAILED ../publishablew/scikit-learn/scikit-learn/sklearn/metrics/cluster/tests/test_supervised.py::test_pair_confusion_matrix
FAILED ../publishablew/scikit-learn/scikit-learn/sklearn/metrics/cluster/tests/test_supervised.py::test_rand_score_edge_cases[clustering10-clustering20]
FAILED ../publishablew/scikit-learn/scikit-learn/sklearn/metrics/cluster/tests/test_supervised.py::test_rand_score_edge_cases[clustering11-clustering21]
FAILED ../publishablew/scikit-learn/scikit-learn/sklearn/metrics/cluster/tests/test_supervised.py::test_rand_score
FAILED ../publishablew/scikit-learn/scikit-learn/sklearn/metrics/cluster/tests/test_supervised.py::test_adjusted_rand_score_overflow
=================== 11 failed, 25 passed, 8 skipped in 0.64s ===================


Initial Result:
============================= test session starts ==============================
platform linux -- Python 3.9.0, pytest-8.3.3, pluggy-1.5.0 -- /local/data0/moved_data/publishablew/scikit-learn/scikit-learn/venv/bin/python
cachedir: .pytest_cache
rootdir: /local/data0/moved_data/publishablew/scikit-learn/scikit-learn
configfile: setup.cfg
plugins: cov-6.0.0
collecting ... collected 44 items

../publishablew/scikit-learn/scikit-learn/sklearn/metrics/cluster/tests/test_supervised.py::test_error_messages_on_wrong_input I: Seeding RNGs with 974337822
FAILED
../publishablew/scikit-learn/scikit-learn/sklearn/metrics/cluster/tests/test_supervised.py::test_generalized_average PASSED
../publishablew/scikit-learn/scikit-learn/sklearn/metrics/cluster/tests/test_supervised.py::test_perfect_matches FAILED
../publishablew/scikit-learn/scikit-learn/sklearn/metrics/cluster/tests/test_supervised.py::test_homogeneous_but_not_complete_labeling PASSED
../publishablew/scikit-learn/scikit-learn/sklearn/metrics/cluster/tests/test_supervised.py::test_complete_but_not_homogeneous_labeling PASSED
../publishablew/scikit-learn/scikit-learn/sklearn/metrics/cluster/tests/test_supervised.py::test_not_complete_and_not_homogeneous_labeling PASSED
../publishablew/scikit-learn/scikit-learn/sklearn/metrics/cluster/tests/test_supervised.py::test_beta_parameter PASSED
../publishablew/scikit-learn/scikit-learn/sklearn/metrics/cluster/tests/test_supervised.py::test_non_consecutive_labels FAILED
../publishablew/scikit-learn/scikit-learn/sklearn/metrics/cluster/tests/test_supervised.py::test_adjustment_for_chance FAILED
../publishablew/scikit-learn/scikit-learn/sklearn/metrics/cluster/tests/test_supervised.py::test_adjusted_mutual_info_score PASSED
../publishablew/scikit-learn/scikit-learn/sklearn/metrics/cluster/tests/test_supervised.py::test_expected_mutual_info_overflow PASSED
../publishablew/scikit-learn/scikit-learn/sklearn/metrics/cluster/tests/test_supervised.py::test_int_overflow_mutual_info_fowlkes_mallows_score PASSED
../publishablew/scikit-learn/scikit-learn/sklearn/metrics/cluster/tests/test_supervised.py::test_entropy PASSED
../publishablew/scikit-learn/scikit-learn/sklearn/metrics/cluster/tests/test_supervised.py::test_entropy_array_api[numpy-None-None] SKIPPED
../publishablew/scikit-learn/scikit-learn/sklearn/metrics/cluster/tests/test_supervised.py::test_entropy_array_api[array_api_strict-None-None] SKIPPED
../publishablew/scikit-learn/scikit-learn/sklearn/metrics/cluster/tests/test_supervised.py::test_entropy_array_api[cupy-None-None] SKIPPED
../publishablew/scikit-learn/scikit-learn/sklearn/metrics/cluster/tests/test_supervised.py::test_entropy_array_api[torch-cpu-float64] SKIPPED
../publishablew/scikit-learn/scikit-learn/sklearn/metrics/cluster/tests/test_supervised.py::test_entropy_array_api[torch-cpu-float32] SKIPPED
../publishablew/scikit-learn/scikit-learn/sklearn/metrics/cluster/tests/test_supervised.py::test_entropy_array_api[torch-cuda-float64] SKIPPED
../publishablew/scikit-learn/scikit-learn/sklearn/metrics/cluster/tests/test_supervised.py::test_entropy_array_api[torch-cuda-float32] SKIPPED
../publishablew/scikit-learn/scikit-learn/sklearn/metrics/cluster/tests/test_supervised.py::test_entropy_array_api[torch-mps-float32] SKIPPED
../publishablew/scikit-learn/scikit-learn/sklearn/metrics/cluster/tests/test_supervised.py::test_contingency_matrix PASSED
../publishablew/scikit-learn/scikit-learn/sklearn/metrics/cluster/tests/test_supervised.py::test_contingency_matrix_sparse PASSED
../publishablew/scikit-learn/scikit-learn/sklearn/metrics/cluster/tests/test_supervised.py::test_exactly_zero_info_score PASSED
../publishablew/scikit-learn/scikit-learn/sklearn/metrics/cluster/tests/test_supervised.py::test_v_measure_and_mutual_information PASSED
../publishablew/scikit-learn/scikit-learn/sklearn/metrics/cluster/tests/test_supervised.py::test_fowlkes_mallows_score PASSED
../publishablew/scikit-learn/scikit-learn/sklearn/metrics/cluster/tests/test_supervised.py::test_fowlkes_mallows_score_properties PASSED
../publishablew/scikit-learn/scikit-learn/sklearn/metrics/cluster/tests/test_supervised.py::test_mutual_info_score_positive_constant_label[labels_true0-labels_pred0] PASSED
../publishablew/scikit-learn/scikit-learn/sklearn/metrics/cluster/tests/test_supervised.py::test_mutual_info_score_positive_constant_label[labels_true1-labels_pred1] PASSED
../publishablew/scikit-learn/scikit-learn/sklearn/metrics/cluster/tests/test_supervised.py::test_mutual_info_score_positive_constant_label[labels_true2-labels_pred2] PASSED
../publishablew/scikit-learn/scikit-learn/sklearn/metrics/cluster/tests/test_supervised.py::test_mutual_info_score_positive_constant_label[labels_true3-labels_pred3] PASSED
../publishablew/scikit-learn/scikit-learn/sklearn/metrics/cluster/tests/test_supervised.py::test_mutual_info_score_positive_constant_label[labels_true4-labels_pred4] PASSED
../publishablew/scikit-learn/scikit-learn/sklearn/metrics/cluster/tests/test_supervised.py::test_check_clustering_error PASSED
../publishablew/scikit-learn/scikit-learn/sklearn/metrics/cluster/tests/test_supervised.py::test_pair_confusion_matrix_fully_dispersed FAILED
../publishablew/scikit-learn/scikit-learn/sklearn/metrics/cluster/tests/test_supervised.py::test_pair_confusion_matrix_single_cluster FAILED
../publishablew/scikit-learn/scikit-learn/sklearn/metrics/cluster/tests/test_supervised.py::test_pair_confusion_matrix FAILED
../publishablew/scikit-learn/scikit-learn/sklearn/metrics/cluster/tests/test_supervised.py::test_rand_score_edge_cases[clustering10-clustering20] FAILED
../publishablew/scikit-learn/scikit-learn/sklearn/metrics/cluster/tests/test_supervised.py::test_rand_score_edge_cases[clustering11-clustering21] FAILED
../publishablew/scikit-learn/scikit-learn/sklearn/metrics/cluster/tests/test_supervised.py::test_rand_score FAILED
../publishablew/scikit-learn/scikit-learn/sklearn/metrics/cluster/tests/test_supervised.py::test_adjusted_rand_score_overflow FAILED
../publishablew/scikit-learn/scikit-learn/sklearn/metrics/cluster/tests/test_supervised.py::test_normalized_mutual_info_score_bounded[min] PASSED
../publishablew/scikit-learn/scikit-learn/sklearn/metrics/cluster/tests/test_supervised.py::test_normalized_mutual_info_score_bounded[arithmetic] PASSED
../publishablew/scikit-learn/scikit-learn/sklearn/metrics/cluster/tests/test_supervised.py::test_normalized_mutual_info_score_bounded[geometric] PASSED
../publishablew/scikit-learn/scikit-learn/sklearn/metrics/cluster/tests/test_supervised.py::test_normalized_mutual_info_score_bounded[max] PASSED

=================================== FAILURES ===================================
______________________ test_error_messages_on_wrong_input ______________________

    def test_error_messages_on_wrong_input():
        for score_func in score_funcs:
            expected = (
                r"Found input variables with inconsistent numbers " r"of samples: \[2, 3\]"
            )
            with pytest.raises(ValueError, match=expected):
>               score_func([0, 1], [1, 1, 1])

../publishablew/scikit-learn/scikit-learn/sklearn/metrics/cluster/tests/test_supervised.py:46: 
_ _ _ _ _ _ _ _ _ _ _ _ _ _ _ _ _ _ _ _ _ _ _ _ _ _ _ _ _ _ _ _ _ _ _ _ _ _ _ _ 
../publishablew/scikit-learn/scikit-learn/sklearn/utils/_param_validation.py:216: in wrapper
    return func(*args, **kwargs)
../publishablew/scikit-learn/scikit-learn/sklearn/metrics/cluster/_supervised.py:361: in adjusted_rand_score
    ((tn, fp), (fn, tp)) = pair_confusion_matrix(labels_true, labels_pred)
../publishablew/scikit-learn/scikit-learn/sklearn/utils/_param_validation.py:189: in wrapper
    return func(*args, **kwargs)
../publishablew/scikit-learn/scikit-learn/sklearn/metrics/cluster/_supervised.py:122: in pair_confusion_matrix
    return pair_confusion_matrix(labels_true, labels_pred)
../publishablew/scikit-learn/scikit-learn/sklearn/utils/_param_validation.py:189: in wrapper
    return func(*args, **kwargs)
E   RecursionError: maximum recursion depth exceeded while calling a Python object
!!! Recursion detected (same locals & position)
_____________________________ test_perfect_matches _____________________________

    def test_perfect_matches():
        for score_func in score_funcs:
>           assert score_func([], []) == pytest.approx(1.0)

../publishablew/scikit-learn/scikit-learn/sklearn/metrics/cluster/tests/test_supervised.py:69: 
_ _ _ _ _ _ _ _ _ _ _ _ _ _ _ _ _ _ _ _ _ _ _ _ _ _ _ _ _ _ _ _ _ _ _ _ _ _ _ _ 
../publishablew/scikit-learn/scikit-learn/sklearn/utils/_param_validation.py:216: in wrapper
    return func(*args, **kwargs)
../publishablew/scikit-learn/scikit-learn/sklearn/metrics/cluster/_supervised.py:361: in adjusted_rand_score
    ((tn, fp), (fn, tp)) = pair_confusion_matrix(labels_true, labels_pred)
../publishablew/scikit-learn/scikit-learn/sklearn/utils/_param_validation.py:189: in wrapper
    return func(*args, **kwargs)
../publishablew/scikit-learn/scikit-learn/sklearn/metrics/cluster/_supervised.py:122: in pair_confusion_matrix
    return pair_confusion_matrix(labels_true, labels_pred)
../publishablew/scikit-learn/scikit-learn/sklearn/utils/_param_validation.py:189: in wrapper
    return func(*args, **kwargs)
E   RecursionError: maximum recursion depth exceeded while calling a Python object
!!! Recursion detected (same locals & position)
_________________________ test_non_consecutive_labels __________________________

    def test_non_consecutive_labels():
        # regression tests for labels with gaps
        h, c, v = homogeneity_completeness_v_measure([0, 0, 0, 2, 2, 2], [0, 1, 0, 1, 2, 2])
        assert_almost_equal(h, 0.67, 2)
        assert_almost_equal(c, 0.42, 2)
        assert_almost_equal(v, 0.52, 2)
    
        h, c, v = homogeneity_completeness_v_measure([0, 0, 0, 1, 1, 1], [0, 4, 0, 4, 2, 2])
        assert_almost_equal(h, 0.67, 2)
        assert_almost_equal(c, 0.42, 2)
        assert_almost_equal(v, 0.52, 2)
    
>       ari_1 = adjusted_rand_score([0, 0, 0, 1, 1, 1], [0, 1, 0, 1, 2, 2])

../publishablew/scikit-learn/scikit-learn/sklearn/metrics/cluster/tests/test_supervised.py:158: 
_ _ _ _ _ _ _ _ _ _ _ _ _ _ _ _ _ _ _ _ _ _ _ _ _ _ _ _ _ _ _ _ _ _ _ _ _ _ _ _ 
../publishablew/scikit-learn/scikit-learn/sklearn/utils/_param_validation.py:216: in wrapper
    return func(*args, **kwargs)
../publishablew/scikit-learn/scikit-learn/sklearn/metrics/cluster/_supervised.py:361: in adjusted_rand_score
    ((tn, fp), (fn, tp)) = pair_confusion_matrix(labels_true, labels_pred)
../publishablew/scikit-learn/scikit-learn/sklearn/utils/_param_validation.py:189: in wrapper
    return func(*args, **kwargs)
../publishablew/scikit-learn/scikit-learn/sklearn/metrics/cluster/_supervised.py:122: in pair_confusion_matrix
    return pair_confusion_matrix(labels_true, labels_pred)
../publishablew/scikit-learn/scikit-learn/sklearn/utils/_param_validation.py:189: in wrapper
    return func(*args, **kwargs)
E   RecursionError: maximum recursion depth exceeded while calling a Python object
!!! Recursion detected (same locals & position)
__________________________ test_adjustment_for_chance __________________________

    def test_adjustment_for_chance():
        # Check that adjusted scores are almost zero on random labels
        n_clusters_range = [2, 10, 50, 90]
        n_samples = 100
        n_runs = 10
    
>       scores = uniform_labelings_scores(
            adjusted_rand_score, n_samples, n_clusters_range, n_runs
        )

../publishablew/scikit-learn/scikit-learn/sklearn/metrics/cluster/tests/test_supervised.py:187: 
_ _ _ _ _ _ _ _ _ _ _ _ _ _ _ _ _ _ _ _ _ _ _ _ _ _ _ _ _ _ _ _ _ _ _ _ _ _ _ _ 
../publishablew/scikit-learn/scikit-learn/sklearn/metrics/cluster/tests/test_supervised.py:177: in uniform_labelings_scores
    scores[i, j] = score_func(labels_a, labels_b)
../publishablew/scikit-learn/scikit-learn/sklearn/utils/_param_validation.py:216: in wrapper
    return func(*args, **kwargs)
../publishablew/scikit-learn/scikit-learn/sklearn/metrics/cluster/_supervised.py:361: in adjusted_rand_score
    ((tn, fp), (fn, tp)) = pair_confusion_matrix(labels_true, labels_pred)
../publishablew/scikit-learn/scikit-learn/sklearn/utils/_param_validation.py:189: in wrapper
    return func(*args, **kwargs)
../publishablew/scikit-learn/scikit-learn/sklearn/metrics/cluster/_supervised.py:122: in pair_confusion_matrix
    return pair_confusion_matrix(labels_true, labels_pred)
../publishablew/scikit-learn/scikit-learn/sklearn/utils/_param_validation.py:189: in wrapper
    return func(*args, **kwargs)
E   RecursionError: maximum recursion depth exceeded in comparison
!!! Recursion detected (same locals & position)
__________________ test_pair_confusion_matrix_fully_dispersed __________________

    def test_pair_confusion_matrix_fully_dispersed():
        # edge case: every element is its own cluster
        N = 100
        clustering1 = list(range(N))
        clustering2 = clustering1
        expected = np.array([[N * (N - 1), 0], [0, 0]])
>       assert_array_equal(pair_confusion_matrix(clustering1, clustering2), expected)

../publishablew/scikit-learn/scikit-learn/sklearn/metrics/cluster/tests/test_supervised.py:411: 
_ _ _ _ _ _ _ _ _ _ _ _ _ _ _ _ _ _ _ _ _ _ _ _ _ _ _ _ _ _ _ _ _ _ _ _ _ _ _ _ 
../publishablew/scikit-learn/scikit-learn/sklearn/utils/_param_validation.py:216: in wrapper
    return func(*args, **kwargs)
../publishablew/scikit-learn/scikit-learn/sklearn/metrics/cluster/_supervised.py:122: in pair_confusion_matrix
    return pair_confusion_matrix(labels_true, labels_pred)
../publishablew/scikit-learn/scikit-learn/sklearn/utils/_param_validation.py:189: in wrapper
    return func(*args, **kwargs)
../publishablew/scikit-learn/scikit-learn/sklearn/metrics/cluster/_supervised.py:122: in pair_confusion_matrix
    return pair_confusion_matrix(labels_true, labels_pred)
E   RecursionError: maximum recursion depth exceeded while calling a Python object
!!! Recursion detected (same locals & position)
__________________ test_pair_confusion_matrix_single_cluster ___________________

    def test_pair_confusion_matrix_single_cluster():
        # edge case: only one cluster
        N = 100
        clustering1 = np.zeros((N,))
        clustering2 = clustering1
        expected = np.array([[0, 0], [0, N * (N - 1)]])
>       assert_array_equal(pair_confusion_matrix(clustering1, clustering2), expected)

../publishablew/scikit-learn/scikit-learn/sklearn/metrics/cluster/tests/test_supervised.py:420: 
_ _ _ _ _ _ _ _ _ _ _ _ _ _ _ _ _ _ _ _ _ _ _ _ _ _ _ _ _ _ _ _ _ _ _ _ _ _ _ _ 
../publishablew/scikit-learn/scikit-learn/sklearn/utils/_param_validation.py:216: in wrapper
    return func(*args, **kwargs)
../publishablew/scikit-learn/scikit-learn/sklearn/metrics/cluster/_supervised.py:122: in pair_confusion_matrix
    return pair_confusion_matrix(labels_true, labels_pred)
../publishablew/scikit-learn/scikit-learn/sklearn/utils/_param_validation.py:189: in wrapper
    return func(*args, **kwargs)
../publishablew/scikit-learn/scikit-learn/sklearn/metrics/cluster/_supervised.py:122: in pair_confusion_matrix
    return pair_confusion_matrix(labels_true, labels_pred)
E   RecursionError: maximum recursion depth exceeded while calling a Python object
!!! Recursion detected (same locals & position)
__________________________ test_pair_confusion_matrix __________________________

    def test_pair_confusion_matrix():
        # regular case: different non-trivial clusterings
        n = 10
        N = n**2
        clustering1 = np.hstack([[i + 1] * n for i in range(n)])
        clustering2 = np.hstack([[i + 1] * (n + 1) for i in range(n)])[:N]
        # basic quadratic implementation
        expected = np.zeros(shape=(2, 2), dtype=np.int64)
        for i in range(len(clustering1)):
            for j in range(len(clustering2)):
                if i != j:
                    same_cluster_1 = int(clustering1[i] == clustering1[j])
                    same_cluster_2 = int(clustering2[i] == clustering2[j])
                    expected[same_cluster_1, same_cluster_2] += 1
>       assert_array_equal(pair_confusion_matrix(clustering1, clustering2), expected)

../publishablew/scikit-learn/scikit-learn/sklearn/metrics/cluster/tests/test_supervised.py:437: 
_ _ _ _ _ _ _ _ _ _ _ _ _ _ _ _ _ _ _ _ _ _ _ _ _ _ _ _ _ _ _ _ _ _ _ _ _ _ _ _ 
../publishablew/scikit-learn/scikit-learn/sklearn/utils/_param_validation.py:216: in wrapper
    return func(*args, **kwargs)
../publishablew/scikit-learn/scikit-learn/sklearn/metrics/cluster/_supervised.py:122: in pair_confusion_matrix
    return pair_confusion_matrix(labels_true, labels_pred)
../publishablew/scikit-learn/scikit-learn/sklearn/utils/_param_validation.py:189: in wrapper
    return func(*args, **kwargs)
../publishablew/scikit-learn/scikit-learn/sklearn/metrics/cluster/_supervised.py:122: in pair_confusion_matrix
    return pair_confusion_matrix(labels_true, labels_pred)
E   RecursionError: maximum recursion depth exceeded while calling a Python object
!!! Recursion detected (same locals & position)
____________ test_rand_score_edge_cases[clustering10-clustering20] _____________

clustering1 = [0, 1, 2, 3, 4, 5, ...], clustering2 = [0, 1, 2, 3, 4, 5, ...]

    @pytest.mark.parametrize(
        "clustering1, clustering2",
        [(list(range(100)), list(range(100))), (np.zeros((100,)), np.zeros((100,)))],
    )
    def test_rand_score_edge_cases(clustering1, clustering2):
        # edge case 1: every element is its own cluster
        # edge case 2: only one cluster
>       assert_allclose(rand_score(clustering1, clustering2), 1.0)

../publishablew/scikit-learn/scikit-learn/sklearn/metrics/cluster/tests/test_supervised.py:447: 
_ _ _ _ _ _ _ _ _ _ _ _ _ _ _ _ _ _ _ _ _ _ _ _ _ _ _ _ _ _ _ _ _ _ _ _ _ _ _ _ 
../publishablew/scikit-learn/scikit-learn/sklearn/utils/_param_validation.py:216: in wrapper
    return func(*args, **kwargs)
../publishablew/scikit-learn/scikit-learn/sklearn/metrics/cluster/_supervised.py:259: in rand_score
    contingency = pair_confusion_matrix(labels_true, labels_pred)
../publishablew/scikit-learn/scikit-learn/sklearn/utils/_param_validation.py:189: in wrapper
    return func(*args, **kwargs)
../publishablew/scikit-learn/scikit-learn/sklearn/metrics/cluster/_supervised.py:122: in pair_confusion_matrix
    return pair_confusion_matrix(labels_true, labels_pred)
../publishablew/scikit-learn/scikit-learn/sklearn/utils/_param_validation.py:189: in wrapper
    return func(*args, **kwargs)
E   RecursionError: maximum recursion depth exceeded while calling a Python object
!!! Recursion detected (same locals & position)
____________ test_rand_score_edge_cases[clustering11-clustering21] _____________

clustering1 = array([0., 0., 0., 0., 0., 0., 0., 0., 0., 0., 0., 0., 0., 0., 0., 0., 0.,
       0., 0., 0., 0., 0., 0., 0., 0., 0., ...0., 0., 0., 0., 0., 0., 0., 0., 0., 0., 0., 0., 0.,
       0., 0., 0., 0., 0., 0., 0., 0., 0., 0., 0., 0., 0., 0., 0.])
clustering2 = array([0., 0., 0., 0., 0., 0., 0., 0., 0., 0., 0., 0., 0., 0., 0., 0., 0.,
       0., 0., 0., 0., 0., 0., 0., 0., 0., ...0., 0., 0., 0., 0., 0., 0., 0., 0., 0., 0., 0., 0.,
       0., 0., 0., 0., 0., 0., 0., 0., 0., 0., 0., 0., 0., 0., 0.])

    @pytest.mark.parametrize(
        "clustering1, clustering2",
        [(list(range(100)), list(range(100))), (np.zeros((100,)), np.zeros((100,)))],
    )
    def test_rand_score_edge_cases(clustering1, clustering2):
        # edge case 1: every element is its own cluster
        # edge case 2: only one cluster
>       assert_allclose(rand_score(clustering1, clustering2), 1.0)

../publishablew/scikit-learn/scikit-learn/sklearn/metrics/cluster/tests/test_supervised.py:447: 
_ _ _ _ _ _ _ _ _ _ _ _ _ _ _ _ _ _ _ _ _ _ _ _ _ _ _ _ _ _ _ _ _ _ _ _ _ _ _ _ 
../publishablew/scikit-learn/scikit-learn/sklearn/utils/_param_validation.py:216: in wrapper
    return func(*args, **kwargs)
../publishablew/scikit-learn/scikit-learn/sklearn/metrics/cluster/_supervised.py:259: in rand_score
    contingency = pair_confusion_matrix(labels_true, labels_pred)
../publishablew/scikit-learn/scikit-learn/sklearn/utils/_param_validation.py:189: in wrapper
    return func(*args, **kwargs)
../publishablew/scikit-learn/scikit-learn/sklearn/metrics/cluster/_supervised.py:122: in pair_confusion_matrix
    return pair_confusion_matrix(labels_true, labels_pred)
../publishablew/scikit-learn/scikit-learn/sklearn/utils/_param_validation.py:189: in wrapper
    return func(*args, **kwargs)
E   RecursionError: maximum recursion depth exceeded while calling a Python object
!!! Recursion detected (same locals & position)
_______________________________ test_rand_score ________________________________

    def test_rand_score():
        # regular case: different non-trivial clusterings
        clustering1 = [0, 0, 0, 1, 1, 1]
        clustering2 = [0, 1, 0, 1, 2, 2]
        # pair confusion matrix
        D11 = 2 * 2  # ordered pairs (1, 3), (5, 6)
        D10 = 2 * 4  # ordered pairs (1, 2), (2, 3), (4, 5), (4, 6)
        D01 = 2 * 1  # ordered pair (2, 4)
        D00 = 5 * 6 - D11 - D01 - D10  # the remaining pairs
        # rand score
        expected_numerator = D00 + D11
        expected_denominator = D00 + D01 + D10 + D11
        expected = expected_numerator / expected_denominator
>       assert_allclose(rand_score(clustering1, clustering2), expected)

../publishablew/scikit-learn/scikit-learn/sklearn/metrics/cluster/tests/test_supervised.py:463: 
_ _ _ _ _ _ _ _ _ _ _ _ _ _ _ _ _ _ _ _ _ _ _ _ _ _ _ _ _ _ _ _ _ _ _ _ _ _ _ _ 
../publishablew/scikit-learn/scikit-learn/sklearn/utils/_param_validation.py:216: in wrapper
    return func(*args, **kwargs)
../publishablew/scikit-learn/scikit-learn/sklearn/metrics/cluster/_supervised.py:259: in rand_score
    contingency = pair_confusion_matrix(labels_true, labels_pred)
../publishablew/scikit-learn/scikit-learn/sklearn/utils/_param_validation.py:189: in wrapper
    return func(*args, **kwargs)
../publishablew/scikit-learn/scikit-learn/sklearn/metrics/cluster/_supervised.py:122: in pair_confusion_matrix
    return pair_confusion_matrix(labels_true, labels_pred)
../publishablew/scikit-learn/scikit-learn/sklearn/utils/_param_validation.py:189: in wrapper
    return func(*args, **kwargs)
E   RecursionError: maximum recursion depth exceeded while calling a Python object
!!! Recursion detected (same locals & position)
______________________ test_adjusted_rand_score_overflow _______________________

    def test_adjusted_rand_score_overflow():
        """Check that large amount of data will not lead to overflow in
        `adjusted_rand_score`.
        Non-regression test for:
        https://github.com/scikit-learn/scikit-learn/issues/20305
        """
        rng = np.random.RandomState(0)
        y_true = rng.randint(0, 2, 100_000, dtype=np.int8)
        y_pred = rng.randint(0, 2, 100_000, dtype=np.int8)
        with warnings.catch_warnings():
            warnings.simplefilter("error", RuntimeWarning)
>           adjusted_rand_score(y_true, y_pred)

../publishablew/scikit-learn/scikit-learn/sklearn/metrics/cluster/tests/test_supervised.py:477: 
_ _ _ _ _ _ _ _ _ _ _ _ _ _ _ _ _ _ _ _ _ _ _ _ _ _ _ _ _ _ _ _ _ _ _ _ _ _ _ _ 
../publishablew/scikit-learn/scikit-learn/sklearn/utils/_param_validation.py:216: in wrapper
    return func(*args, **kwargs)
../publishablew/scikit-learn/scikit-learn/sklearn/metrics/cluster/_supervised.py:361: in adjusted_rand_score
    ((tn, fp), (fn, tp)) = pair_confusion_matrix(labels_true, labels_pred)
../publishablew/scikit-learn/scikit-learn/sklearn/utils/_param_validation.py:189: in wrapper
    return func(*args, **kwargs)
../publishablew/scikit-learn/scikit-learn/sklearn/metrics/cluster/_supervised.py:122: in pair_confusion_matrix
    return pair_confusion_matrix(labels_true, labels_pred)
../publishablew/scikit-learn/scikit-learn/sklearn/utils/_param_validation.py:189: in wrapper
    return func(*args, **kwargs)
E   RecursionError: maximum recursion depth exceeded while calling a Python object
!!! Recursion detected (same locals & position)
=========================== short test summary info ============================
FAILED ../publishablew/scikit-learn/scikit-learn/sklearn/metrics/cluster/tests/test_supervised.py::test_error_messages_on_wrong_input
FAILED ../publishablew/scikit-learn/scikit-learn/sklearn/metrics/cluster/tests/test_supervised.py::test_perfect_matches
FAILED ../publishablew/scikit-learn/scikit-learn/sklearn/metrics/cluster/tests/test_supervised.py::test_non_consecutive_labels
FAILED ../publishablew/scikit-learn/scikit-learn/sklearn/metrics/cluster/tests/test_supervised.py::test_adjustment_for_chance
FAILED ../publishablew/scikit-learn/scikit-learn/sklearn/metrics/cluster/tests/test_supervised.py::test_pair_confusion_matrix_fully_dispersed
FAILED ../publishablew/scikit-learn/scikit-learn/sklearn/metrics/cluster/tests/test_supervised.py::test_pair_confusion_matrix_single_cluster
FAILED ../publishablew/scikit-learn/scikit-learn/sklearn/metrics/cluster/tests/test_supervised.py::test_pair_confusion_matrix
FAILED ../publishablew/scikit-learn/scikit-learn/sklearn/metrics/cluster/tests/test_supervised.py::test_rand_score_edge_cases[clustering10-clustering20]
FAILED ../publishablew/scikit-learn/scikit-learn/sklearn/metrics/cluster/tests/test_supervised.py::test_rand_score_edge_cases[clustering11-clustering21]
FAILED ../publishablew/scikit-learn/scikit-learn/sklearn/metrics/cluster/tests/test_supervised.py::test_rand_score
FAILED ../publishablew/scikit-learn/scikit-learn/sklearn/metrics/cluster/tests/test_supervised.py::test_adjusted_rand_score_overflow
=================== 11 failed, 25 passed, 8 skipped in 0.73s ===================
