output file:
processed_classes-GPflow_j105.json
function:
_J
Error Cases:

Pass or Failed: 0

Related Failed Test Cases:
{'FAILED ../publishablew/GPflow/GPflow/tests/gpflow/kernels/test_kernels.py::test_arccosine_1d_and_3d[3-0.6-2.3-3-weight_variances2-1]', 'FAILED ../publishablew/GPflow/GPflow/tests/gpflow/kernels/test_kernels.py::test_arccosine_1d_and_3d[3-0.6-2.3-1-1.7-1]', 'FAILED ../publishablew/GPflow/GPflow/tests/gpflow/kernels/test_kernels.py::test_arccosine_1d_and_3d[3-0.6-2.3-1-1.7-0]', 'FAILED ../publishablew/GPflow/GPflow/tests/gpflow/kernels/test_kernels.py::test_arccosine_1d_and_3d[3-0.6-2.3-3-1.7-0]', '../publishablew/GPflow/GPflow/tests/gpflow/kernels/test_kernels.py::test_arccosine_1d_and_3d[3-0.6-2.3-3-weight_variances2-1] FAILED [  5%]', 'FAILED ../publishablew/GPflow/GPflow/tests/gpflow/kernels/test_kernels.py::test_arccosine_1d_and_3d[3-0.6-2.3-1-1.7-2]', 'FAILED ../publishablew/GPflow/GPflow/tests/gpflow/kernels/test_kernels.py::test_arccosine_1d_and_3d[3-0.6-2.3-3-weight_variances2-0]', '../publishablew/GPflow/GPflow/tests/gpflow/kernels/test_kernels.py::test_arccosine_1d_and_3d[3-0.6-2.3-3-1.7-2] FAILED [  4%]', '../publishablew/GPflow/GPflow/tests/gpflow/kernels/test_kernels.py::test_arccosine_1d_and_3d[3-0.6-2.3-3-1.7-1] FAILED [  3%]', 'FAILED ../publishablew/GPflow/GPflow/tests/gpflow/kernels/test_kernels.py::test_arccosine_1d_and_3d[3-0.6-2.3-3-weight_variances2-2]', '../publishablew/GPflow/GPflow/tests/gpflow/kernels/test_kernels.py::test_arccosine_1d_and_3d[3-0.6-2.3-1-1.7-1] FAILED [  2%]', '../publishablew/GPflow/GPflow/tests/gpflow/kernels/test_kernels.py::test_arccosine_1d_and_3d[3-0.6-2.3-3-1.7-0] FAILED [  3%]', 'FAILED ../publishablew/GPflow/GPflow/tests/gpflow/kernels/test_kernels.py::test_arccosine_1d_and_3d[3-0.6-2.3-3-1.7-2]', '../publishablew/GPflow/GPflow/tests/gpflow/kernels/test_kernels.py::test_arccosine_1d_and_3d[3-0.6-2.3-1-1.7-2] FAILED [  2%]', 'FAILED ../publishablew/GPflow/GPflow/tests/gpflow/kernels/test_kernels.py::test_arccosine_1d_and_3d[3-0.6-2.3-3-1.7-1]', '../publishablew/GPflow/GPflow/tests/gpflow/kernels/test_kernels.py::test_arccosine_1d_and_3d[3-0.6-2.3-3-weight_variances2-2] FAILED [  6%]', '../publishablew/GPflow/GPflow/tests/gpflow/kernels/test_kernels.py::test_arccosine_1d_and_3d[3-0.6-2.3-1-1.7-0] FAILED [  1%]', '../publishablew/GPflow/GPflow/tests/gpflow/kernels/test_kernels.py::test_arccosine_1d_and_3d[3-0.6-2.3-3-weight_variances2-0] FAILED [  5%]'}

All Test Cases On Generated code:
============================= test session starts ==============================
platform linux -- Python 3.11.10, pytest-8.3.4, pluggy-1.5.0 -- /local/data0/moved_data/publishablew/GPflow/GPflow/venv/bin/python3
cachedir: .pytest_cache
rootdir: /local/data0/moved_data/publishablew/GPflow/GPflow
collecting ... collected 177 items

../publishablew/GPflow/GPflow/tests/gpflow/kernels/test_kernels.py::test_rbf_1d[2.3-1.4] PASSED [  0%]
../publishablew/GPflow/GPflow/tests/gpflow/kernels/test_kernels.py::test_rq_1d[2.3-1.4] PASSED [  1%]
../publishablew/GPflow/GPflow/tests/gpflow/kernels/test_kernels.py::test_arccosine_1d_and_3d[3-0.6-2.3-1-1.7-0] FAILED [  1%]
../publishablew/GPflow/GPflow/tests/gpflow/kernels/test_kernels.py::test_arccosine_1d_and_3d[3-0.6-2.3-1-1.7-1] FAILED [  2%]
../publishablew/GPflow/GPflow/tests/gpflow/kernels/test_kernels.py::test_arccosine_1d_and_3d[3-0.6-2.3-1-1.7-2] FAILED [  2%]
../publishablew/GPflow/GPflow/tests/gpflow/kernels/test_kernels.py::test_arccosine_1d_and_3d[3-0.6-2.3-3-1.7-0] FAILED [  3%]
../publishablew/GPflow/GPflow/tests/gpflow/kernels/test_kernels.py::test_arccosine_1d_and_3d[3-0.6-2.3-3-1.7-1] FAILED [  3%]
../publishablew/GPflow/GPflow/tests/gpflow/kernels/test_kernels.py::test_arccosine_1d_and_3d[3-0.6-2.3-3-1.7-2] FAILED [  4%]
../publishablew/GPflow/GPflow/tests/gpflow/kernels/test_kernels.py::test_arccosine_1d_and_3d[3-0.6-2.3-3-weight_variances2-0] FAILED [  5%]
../publishablew/GPflow/GPflow/tests/gpflow/kernels/test_kernels.py::test_arccosine_1d_and_3d[3-0.6-2.3-3-weight_variances2-1] FAILED [  5%]
../publishablew/GPflow/GPflow/tests/gpflow/kernels/test_kernels.py::test_arccosine_1d_and_3d[3-0.6-2.3-3-weight_variances2-2] FAILED [  6%]
../publishablew/GPflow/GPflow/tests/gpflow/kernels/test_kernels.py::test_arccosine_non_implemented_order[42] PASSED [  6%]
../publishablew/GPflow/GPflow/tests/gpflow/kernels/test_kernels.py::test_arccosine_nan_gradient[1-4] PASSED [  7%]
../publishablew/GPflow/GPflow/tests/gpflow/kernels/test_kernels.py::test_periodic[3-2.3-1-2.0-3.0-SquaredExponential] PASSED [  7%]
../publishablew/GPflow/GPflow/tests/gpflow/kernels/test_kernels.py::test_periodic[3-2.3-1-2.0-3.0-Matern12] PASSED [  8%]
../publishablew/GPflow/GPflow/tests/gpflow/kernels/test_kernels.py::test_periodic[3-2.3-1-2.0-3.0-Matern32] PASSED [  9%]
../publishablew/GPflow/GPflow/tests/gpflow/kernels/test_kernels.py::test_periodic[3-2.3-1-2.0-3.0-Matern52] PASSED [  9%]
../publishablew/GPflow/GPflow/tests/gpflow/kernels/test_kernels.py::test_periodic[3-2.3-2-11.5-3.0-SquaredExponential] PASSED [ 10%]
../publishablew/GPflow/GPflow/tests/gpflow/kernels/test_kernels.py::test_periodic[3-2.3-2-11.5-3.0-Matern12] PASSED [ 10%]
../publishablew/GPflow/GPflow/tests/gpflow/kernels/test_kernels.py::test_periodic[3-2.3-2-11.5-3.0-Matern32] PASSED [ 11%]
../publishablew/GPflow/GPflow/tests/gpflow/kernels/test_kernels.py::test_periodic[3-2.3-2-11.5-3.0-Matern52] PASSED [ 11%]
../publishablew/GPflow/GPflow/tests/gpflow/kernels/test_kernels.py::test_periodic[3-2.3-2-11.5-period2-SquaredExponential] PASSED [ 12%]
../publishablew/GPflow/GPflow/tests/gpflow/kernels/test_kernels.py::test_periodic[3-2.3-2-11.5-period2-Matern12] PASSED [ 12%]
../publishablew/GPflow/GPflow/tests/gpflow/kernels/test_kernels.py::test_periodic[3-2.3-2-11.5-period2-Matern32] PASSED [ 13%]
../publishablew/GPflow/GPflow/tests/gpflow/kernels/test_kernels.py::test_periodic[3-2.3-2-11.5-period2-Matern52] PASSED [ 14%]
../publishablew/GPflow/GPflow/tests/gpflow/kernels/test_kernels.py::test_periodic[3-2.3-2-lengthscales3-3.0-SquaredExponential] PASSED [ 14%]
../publishablew/GPflow/GPflow/tests/gpflow/kernels/test_kernels.py::test_periodic[3-2.3-2-lengthscales3-3.0-Matern12] PASSED [ 15%]
../publishablew/GPflow/GPflow/tests/gpflow/kernels/test_kernels.py::test_periodic[3-2.3-2-lengthscales3-3.0-Matern32] PASSED [ 15%]
../publishablew/GPflow/GPflow/tests/gpflow/kernels/test_kernels.py::test_periodic[3-2.3-2-lengthscales3-3.0-Matern52] PASSED [ 16%]
../publishablew/GPflow/GPflow/tests/gpflow/kernels/test_kernels.py::test_periodic[3-2.3-2-lengthscales4-period4-SquaredExponential] PASSED [ 16%]
../publishablew/GPflow/GPflow/tests/gpflow/kernels/test_kernels.py::test_periodic[3-2.3-2-lengthscales4-period4-Matern12] PASSED [ 17%]
../publishablew/GPflow/GPflow/tests/gpflow/kernels/test_kernels.py::test_periodic[3-2.3-2-lengthscales4-period4-Matern32] PASSED [ 18%]
../publishablew/GPflow/GPflow/tests/gpflow/kernels/test_kernels.py::test_periodic[3-2.3-2-lengthscales4-period4-Matern52] PASSED [ 18%]
../publishablew/GPflow/GPflow/tests/gpflow/kernels/test_kernels.py::test_periodic[5-1.3-1-2.0-3.0-SquaredExponential] PASSED [ 19%]
../publishablew/GPflow/GPflow/tests/gpflow/kernels/test_kernels.py::test_periodic[5-1.3-1-2.0-3.0-Matern12] PASSED [ 19%]
../publishablew/GPflow/GPflow/tests/gpflow/kernels/test_kernels.py::test_periodic[5-1.3-1-2.0-3.0-Matern32] PASSED [ 20%]
../publishablew/GPflow/GPflow/tests/gpflow/kernels/test_kernels.py::test_periodic[5-1.3-1-2.0-3.0-Matern52] PASSED [ 20%]
../publishablew/GPflow/GPflow/tests/gpflow/kernels/test_kernels.py::test_periodic[5-1.3-2-11.5-3.0-SquaredExponential] PASSED [ 21%]
../publishablew/GPflow/GPflow/tests/gpflow/kernels/test_kernels.py::test_periodic[5-1.3-2-11.5-3.0-Matern12] PASSED [ 22%]
../publishablew/GPflow/GPflow/tests/gpflow/kernels/test_kernels.py::test_periodic[5-1.3-2-11.5-3.0-Matern32] PASSED [ 22%]
../publishablew/GPflow/GPflow/tests/gpflow/kernels/test_kernels.py::test_periodic[5-1.3-2-11.5-3.0-Matern52] PASSED [ 23%]
../publishablew/GPflow/GPflow/tests/gpflow/kernels/test_kernels.py::test_periodic[5-1.3-2-11.5-period2-SquaredExponential] PASSED [ 23%]
../publishablew/GPflow/GPflow/tests/gpflow/kernels/test_kernels.py::test_periodic[5-1.3-2-11.5-period2-Matern12] PASSED [ 24%]
../publishablew/GPflow/GPflow/tests/gpflow/kernels/test_kernels.py::test_periodic[5-1.3-2-11.5-period2-Matern32] PASSED [ 24%]
../publishablew/GPflow/GPflow/tests/gpflow/kernels/test_kernels.py::test_periodic[5-1.3-2-11.5-period2-Matern52] PASSED [ 25%]
../publishablew/GPflow/GPflow/tests/gpflow/kernels/test_kernels.py::test_periodic[5-1.3-2-lengthscales3-3.0-SquaredExponential] PASSED [ 25%]
../publishablew/GPflow/GPflow/tests/gpflow/kernels/test_kernels.py::test_periodic[5-1.3-2-lengthscales3-3.0-Matern12] PASSED [ 26%]
../publishablew/GPflow/GPflow/tests/gpflow/kernels/test_kernels.py::test_periodic[5-1.3-2-lengthscales3-3.0-Matern32] PASSED [ 27%]
../publishablew/GPflow/GPflow/tests/gpflow/kernels/test_kernels.py::test_periodic[5-1.3-2-lengthscales3-3.0-Matern52] PASSED [ 27%]
../publishablew/GPflow/GPflow/tests/gpflow/kernels/test_kernels.py::test_periodic[5-1.3-2-lengthscales4-period4-SquaredExponential] PASSED [ 28%]
../publishablew/GPflow/GPflow/tests/gpflow/kernels/test_kernels.py::test_periodic[5-1.3-2-lengthscales4-period4-Matern12] PASSED [ 28%]
../publishablew/GPflow/GPflow/tests/gpflow/kernels/test_kernels.py::test_periodic[5-1.3-2-lengthscales4-period4-Matern32] PASSED [ 29%]
../publishablew/GPflow/GPflow/tests/gpflow/kernels/test_kernels.py::test_periodic[5-1.3-2-lengthscales4-period4-Matern52] PASSED [ 29%]
../publishablew/GPflow/GPflow/tests/gpflow/kernels/test_kernels.py::test_periodic_diag[SquaredExponential] PASSED [ 30%]
../publishablew/GPflow/GPflow/tests/gpflow/kernels/test_kernels.py::test_periodic_diag[Matern12] PASSED [ 31%]
../publishablew/GPflow/GPflow/tests/gpflow/kernels/test_kernels.py::test_periodic_non_stationary_base_kernel PASSED [ 31%]
../publishablew/GPflow/GPflow/tests/gpflow/kernels/test_kernels.py::test_periodic_bad_ard_period PASSED [ 32%]
../publishablew/GPflow/GPflow/tests/gpflow/kernels/test_kernels.py::test_kernel_symmetry_1d_and_5d[10-kernel0-1] PASSED [ 32%]
../publishablew/GPflow/GPflow/tests/gpflow/kernels/test_kernels.py::test_kernel_symmetry_1d_and_5d[10-kernel0-5] PASSED [ 33%]
../publishablew/GPflow/GPflow/tests/gpflow/kernels/test_kernels.py::test_kernel_symmetry_1d_and_5d[10-kernel1-1] PASSED [ 33%]
../publishablew/GPflow/GPflow/tests/gpflow/kernels/test_kernels.py::test_kernel_symmetry_1d_and_5d[10-kernel1-5] PASSED [ 34%]
../publishablew/GPflow/GPflow/tests/gpflow/kernels/test_kernels.py::test_kernel_symmetry_1d_and_5d[10-kernel2-1] PASSED [ 35%]
../publishablew/GPflow/GPflow/tests/gpflow/kernels/test_kernels.py::test_kernel_symmetry_1d_and_5d[10-kernel2-5] PASSED [ 35%]
../publishablew/GPflow/GPflow/tests/gpflow/kernels/test_kernels.py::test_kernel_symmetry_1d_and_5d[10-kernel3-1] PASSED [ 36%]
../publishablew/GPflow/GPflow/tests/gpflow/kernels/test_kernels.py::test_kernel_symmetry_1d_and_5d[10-kernel3-5] PASSED [ 36%]
../publishablew/GPflow/GPflow/tests/gpflow/kernels/test_kernels.py::test_kernel_symmetry_1d_and_5d[10-kernel4-1] PASSED [ 37%]
../publishablew/GPflow/GPflow/tests/gpflow/kernels/test_kernels.py::test_kernel_symmetry_1d_and_5d[10-kernel4-5] PASSED [ 37%]
../publishablew/GPflow/GPflow/tests/gpflow/kernels/test_kernels.py::test_kernel_symmetry_1d_and_5d[10-kernel5-1] PASSED [ 38%]
../publishablew/GPflow/GPflow/tests/gpflow/kernels/test_kernels.py::test_kernel_symmetry_1d_and_5d[10-kernel5-5] PASSED [ 38%]
../publishablew/GPflow/GPflow/tests/gpflow/kernels/test_kernels.py::test_kernel_symmetry_1d_and_5d[10-kernel6-1] PASSED [ 39%]
../publishablew/GPflow/GPflow/tests/gpflow/kernels/test_kernels.py::test_kernel_symmetry_1d_and_5d[10-kernel6-5] PASSED [ 40%]
../publishablew/GPflow/GPflow/tests/gpflow/kernels/test_kernels.py::test_kernel_symmetry_1d_and_5d[10-kernel7-1] PASSED [ 40%]
../publishablew/GPflow/GPflow/tests/gpflow/kernels/test_kernels.py::test_kernel_symmetry_1d_and_5d[10-kernel7-5] PASSED [ 41%]
../publishablew/GPflow/GPflow/tests/gpflow/kernels/test_kernels.py::test_kernel_symmetry_1d_and_5d[10-kernel8-1] PASSED [ 41%]
../publishablew/GPflow/GPflow/tests/gpflow/kernels/test_kernels.py::test_kernel_symmetry_1d_and_5d[10-kernel8-5] PASSED [ 42%]
../publishablew/GPflow/GPflow/tests/gpflow/kernels/test_kernels.py::test_kernel_symmetry_1d_and_5d[10-kernel9-1] PASSED [ 42%]
../publishablew/GPflow/GPflow/tests/gpflow/kernels/test_kernels.py::test_kernel_symmetry_1d_and_5d[10-kernel9-5] PASSED [ 43%]
../publishablew/GPflow/GPflow/tests/gpflow/kernels/test_kernels.py::test_kernel_symmetry_1d_and_5d[10-kernel10-1] PASSED [ 44%]
../publishablew/GPflow/GPflow/tests/gpflow/kernels/test_kernels.py::test_kernel_symmetry_1d_and_5d[10-kernel10-5] PASSED [ 44%]
../publishablew/GPflow/GPflow/tests/gpflow/kernels/test_kernels.py::test_coregion_shape[10-12-1-3-2] PASSED [ 45%]
../publishablew/GPflow/GPflow/tests/gpflow/kernels/test_kernels.py::test_coregion_diag[10-1-3-2] PASSED [ 45%]
../publishablew/GPflow/GPflow/tests/gpflow/kernels/test_kernels.py::test_coregion_slice[10-1-3-2] PASSED [ 46%]
../publishablew/GPflow/GPflow/tests/gpflow/kernels/test_kernels.py::test_diags[30-3-kernel0] PASSED [ 46%]
../publishablew/GPflow/GPflow/tests/gpflow/kernels/test_kernels.py::test_diags[30-3-kernel1] PASSED [ 47%]
../publishablew/GPflow/GPflow/tests/gpflow/kernels/test_kernels.py::test_diags[30-3-kernel2] PASSED [ 48%]
../publishablew/GPflow/GPflow/tests/gpflow/kernels/test_kernels.py::test_diags[30-3-kernel3] PASSED [ 48%]
../publishablew/GPflow/GPflow/tests/gpflow/kernels/test_kernels.py::test_diags[30-3-kernel4] PASSED [ 49%]
../publishablew/GPflow/GPflow/tests/gpflow/kernels/test_kernels.py::test_diags[30-3-kernel5] PASSED [ 49%]
../publishablew/GPflow/GPflow/tests/gpflow/kernels/test_kernels.py::test_diags[30-3-kernel6] PASSED [ 50%]
../publishablew/GPflow/GPflow/tests/gpflow/kernels/test_kernels.py::test_diags[30-3-kernel7] PASSED [ 50%]
../publishablew/GPflow/GPflow/tests/gpflow/kernels/test_kernels.py::test_diags[30-3-kernel8] PASSED [ 51%]
../publishablew/GPflow/GPflow/tests/gpflow/kernels/test_kernels.py::test_diags[30-3-kernel9] PASSED [ 51%]
../publishablew/GPflow/GPflow/tests/gpflow/kernels/test_kernels.py::test_diags[30-3-kernel10] PASSED [ 52%]
../publishablew/GPflow/GPflow/tests/gpflow/kernels/test_kernels.py::test_diags[30-3-kernel11] PASSED [ 53%]
../publishablew/GPflow/GPflow/tests/gpflow/kernels/test_kernels.py::test_diags[30-3-kernel12] PASSED [ 53%]
../publishablew/GPflow/GPflow/tests/gpflow/kernels/test_kernels.py::test_diags[30-3-kernel13] PASSED [ 54%]
../publishablew/GPflow/GPflow/tests/gpflow/kernels/test_kernels.py::test_diags[30-3-kernel14] PASSED [ 54%]
../publishablew/GPflow/GPflow/tests/gpflow/kernels/test_kernels.py::test_diags[30-3-kernel15] PASSED [ 55%]
../publishablew/GPflow/GPflow/tests/gpflow/kernels/test_kernels.py::test_diags[30-3-kernel16] PASSED [ 55%]
../publishablew/GPflow/GPflow/tests/gpflow/kernels/test_kernels.py::test_conv_diag PASSED [ 56%]
../publishablew/GPflow/GPflow/tests/gpflow/kernels/test_kernels.py::test_add_symmetric[10-1] PASSED [ 57%]
../publishablew/GPflow/GPflow/tests/gpflow/kernels/test_kernels.py::test_add_asymmetric[10-12-1] PASSED [ 57%]
../publishablew/GPflow/GPflow/tests/gpflow/kernels/test_kernels.py::test_white[10-1] PASSED [ 58%]
../publishablew/GPflow/GPflow/tests/gpflow/kernels/test_kernels.py::test_slice_symmetric[20-2-kernel_triple0] PASSED [ 58%]
../publishablew/GPflow/GPflow/tests/gpflow/kernels/test_kernels.py::test_slice_symmetric[20-2-kernel_triple1] PASSED [ 59%]
../publishablew/GPflow/GPflow/tests/gpflow/kernels/test_kernels.py::test_slice_symmetric[20-2-kernel_triple2] PASSED [ 59%]
../publishablew/GPflow/GPflow/tests/gpflow/kernels/test_kernels.py::test_slice_symmetric[20-2-kernel_triple3] PASSED [ 60%]
../publishablew/GPflow/GPflow/tests/gpflow/kernels/test_kernels.py::test_slice_symmetric[20-2-kernel_triple4] PASSED [ 61%]
../publishablew/GPflow/GPflow/tests/gpflow/kernels/test_kernels.py::test_slice_symmetric[20-2-kernel_triple5] PASSED [ 61%]
../publishablew/GPflow/GPflow/tests/gpflow/kernels/test_kernels.py::test_slice_symmetric[20-2-kernel_triple6] PASSED [ 62%]
../publishablew/GPflow/GPflow/tests/gpflow/kernels/test_kernels.py::test_slice_symmetric[20-2-kernel_triple7] PASSED [ 62%]
../publishablew/GPflow/GPflow/tests/gpflow/kernels/test_kernels.py::test_slice_symmetric[20-2-kernel_triple8] PASSED [ 63%]
../publishablew/GPflow/GPflow/tests/gpflow/kernels/test_kernels.py::test_slice_symmetric[20-2-kernel_triple9] PASSED [ 63%]
../publishablew/GPflow/GPflow/tests/gpflow/kernels/test_kernels.py::test_slice_asymmetric[10-12-2-kernel_triple0] PASSED [ 64%]
../publishablew/GPflow/GPflow/tests/gpflow/kernels/test_kernels.py::test_slice_asymmetric[10-12-2-kernel_triple1] PASSED [ 64%]
../publishablew/GPflow/GPflow/tests/gpflow/kernels/test_kernels.py::test_slice_asymmetric[10-12-2-kernel_triple2] PASSED [ 65%]
../publishablew/GPflow/GPflow/tests/gpflow/kernels/test_kernels.py::test_slice_asymmetric[10-12-2-kernel_triple3] PASSED [ 66%]
../publishablew/GPflow/GPflow/tests/gpflow/kernels/test_kernels.py::test_slice_asymmetric[10-12-2-kernel_triple4] PASSED [ 66%]
../publishablew/GPflow/GPflow/tests/gpflow/kernels/test_kernels.py::test_slice_asymmetric[10-12-2-kernel_triple5] PASSED [ 67%]
../publishablew/GPflow/GPflow/tests/gpflow/kernels/test_kernels.py::test_slice_asymmetric[10-12-2-kernel_triple6] PASSED [ 67%]
../publishablew/GPflow/GPflow/tests/gpflow/kernels/test_kernels.py::test_slice_asymmetric[10-12-2-kernel_triple7] PASSED [ 68%]
../publishablew/GPflow/GPflow/tests/gpflow/kernels/test_kernels.py::test_slice_asymmetric[10-12-2-kernel_triple8] PASSED [ 68%]
../publishablew/GPflow/GPflow/tests/gpflow/kernels/test_kernels.py::test_slice_asymmetric[10-12-2-kernel_triple9] PASSED [ 69%]
../publishablew/GPflow/GPflow/tests/gpflow/kernels/test_kernels.py::test_product[30-2] PASSED [ 70%]
../publishablew/GPflow/GPflow/tests/gpflow/kernels/test_kernels.py::test_active_product[30-4] PASSED [ 70%]
../publishablew/GPflow/GPflow/tests/gpflow/kernels/test_kernels.py::test_active_product[10-7] PASSED [ 71%]
../publishablew/GPflow/GPflow/tests/gpflow/kernels/test_kernels.py::test_ard_init_scalar[4] PASSED [ 71%]
../publishablew/GPflow/GPflow/tests/gpflow/kernels/test_kernels.py::test_ard_init_scalar[7] PASSED [ 72%]
../publishablew/GPflow/GPflow/tests/gpflow/kernels/test_kernels.py::test_ard_invalid_active_dims PASSED [ 72%]
../publishablew/GPflow/GPflow/tests/gpflow/kernels/test_kernels.py::test_ard_property[1.0-False-SquaredExponential-lengthscales] PASSED [ 73%]
../publishablew/GPflow/GPflow/tests/gpflow/kernels/test_kernels.py::test_ard_property[1.0-False-Linear-variance] PASSED [ 74%]
../publishablew/GPflow/GPflow/tests/gpflow/kernels/test_kernels.py::test_ard_property[1.0-False-ArcCosine-weight_variances] PASSED [ 74%]
../publishablew/GPflow/GPflow/tests/gpflow/kernels/test_kernels.py::test_ard_property[1.0-False-Cosine-lengthscales] PASSED [ 75%]
../publishablew/GPflow/GPflow/tests/gpflow/kernels/test_kernels.py::test_ard_property[param_value1-True-SquaredExponential-lengthscales] PASSED [ 75%]
../publishablew/GPflow/GPflow/tests/gpflow/kernels/test_kernels.py::test_ard_property[param_value1-True-Linear-variance] PASSED [ 76%]
../publishablew/GPflow/GPflow/tests/gpflow/kernels/test_kernels.py::test_ard_property[param_value1-True-ArcCosine-weight_variances] PASSED [ 76%]
../publishablew/GPflow/GPflow/tests/gpflow/kernels/test_kernels.py::test_ard_property[param_value1-True-Cosine-lengthscales] PASSED [ 77%]
../publishablew/GPflow/GPflow/tests/gpflow/kernels/test_kernels.py::test_ard_property[param_value2-True-SquaredExponential-lengthscales] PASSED [ 77%]
../publishablew/GPflow/GPflow/tests/gpflow/kernels/test_kernels.py::test_ard_property[param_value2-True-Linear-variance] PASSED [ 78%]
../publishablew/GPflow/GPflow/tests/gpflow/kernels/test_kernels.py::test_ard_property[param_value2-True-ArcCosine-weight_variances] PASSED [ 79%]
../publishablew/GPflow/GPflow/tests/gpflow/kernels/test_kernels.py::test_ard_property[param_value2-True-Cosine-lengthscales] PASSED [ 79%]
../publishablew/GPflow/GPflow/tests/gpflow/kernels/test_kernels.py::test_changepoints_init_fail[locations0-1.0-Number of kernels \\(3\\) must be one more than the number of changepoint locations \\(1\\)] PASSED [ 80%]
../publishablew/GPflow/GPflow/tests/gpflow/kernels/test_kernels.py::test_changepoints_init_fail[locations1-steepness1-Dimension of steepness \\(1\\) does not match number of changepoint locations \\(2\\)] PASSED [ 80%]
../publishablew/GPflow/GPflow/tests/gpflow/kernels/test_kernels.py::test_changepoints[kernels0-locations0-5.0-2] PASSED [ 81%]
../publishablew/GPflow/GPflow/tests/gpflow/kernels/test_kernels.py::test_changepoints[kernels0-locations0-5.0-10] PASSED [ 81%]
../publishablew/GPflow/GPflow/tests/gpflow/kernels/test_kernels.py::test_changepoints[kernels1-locations1-5.0-2] PASSED [ 82%]
../publishablew/GPflow/GPflow/tests/gpflow/kernels/test_kernels.py::test_changepoints[kernels1-locations1-5.0-10] PASSED [ 83%]
../publishablew/GPflow/GPflow/tests/gpflow/kernels/test_kernels.py::test_changepoints[kernels2-locations2-steepness2-2] PASSED [ 83%]
../publishablew/GPflow/GPflow/tests/gpflow/kernels/test_kernels.py::test_changepoints[kernels2-locations2-steepness2-10] PASSED [ 84%]
../publishablew/GPflow/GPflow/tests/gpflow/kernels/test_kernels.py::test_changepoints[kernels3-locations3-5.0-2] PASSED [ 84%]
../publishablew/GPflow/GPflow/tests/gpflow/kernels/test_kernels.py::test_changepoints[kernels3-locations3-5.0-10] PASSED [ 85%]
../publishablew/GPflow/GPflow/tests/gpflow/kernels/test_kernels.py::test_on_separate_dims[active_dims_10-None-False] PASSED [ 85%]
../publishablew/GPflow/GPflow/tests/gpflow/kernels/test_kernels.py::test_on_separate_dims[None-active_dims_21-False] PASSED [ 86%]
../publishablew/GPflow/GPflow/tests/gpflow/kernels/test_kernels.py::test_on_separate_dims[None-None-False] PASSED [ 87%]
../publishablew/GPflow/GPflow/tests/gpflow/kernels/test_kernels.py::test_on_separate_dims[active_dims_13-active_dims_23-False] PASSED [ 87%]
../publishablew/GPflow/GPflow/tests/gpflow/kernels/test_kernels.py::test_on_separate_dims[active_dims_14-active_dims_24-True] PASSED [ 88%]
../publishablew/GPflow/GPflow/tests/gpflow/kernels/test_kernels.py::test_kernel_call_diag_and_X2_errors[kernel0] PASSED [ 88%]
../publishablew/GPflow/GPflow/tests/gpflow/kernels/test_kernels.py::test_kernel_call_diag_and_X2_errors[kernel1] PASSED [ 89%]
../publishablew/GPflow/GPflow/tests/gpflow/kernels/test_kernels.py::test_kernel_call_diag_and_X2_errors[kernel2] PASSED [ 89%]
../publishablew/GPflow/GPflow/tests/gpflow/kernels/test_kernels.py::test_kernel_call_diag_and_X2_errors[kernel3] PASSED [ 90%]
../publishablew/GPflow/GPflow/tests/gpflow/kernels/test_kernels.py::test_kernel_call_diag_and_X2_errors[kernel4] PASSED [ 90%]
../publishablew/GPflow/GPflow/tests/gpflow/kernels/test_kernels.py::test_kernel_call_diag_and_X2_errors[kernel5] PASSED [ 91%]
../publishablew/GPflow/GPflow/tests/gpflow/kernels/test_kernels.py::test_kernel_call_diag_and_X2_errors[kernel6] PASSED [ 92%]
../publishablew/GPflow/GPflow/tests/gpflow/kernels/test_kernels.py::test_kernel_call_diag_and_X2_errors[kernel7] PASSED [ 92%]
../publishablew/GPflow/GPflow/tests/gpflow/kernels/test_kernels.py::test_kernel_call_diag_and_X2_errors[kernel8] PASSED [ 93%]
../publishablew/GPflow/GPflow/tests/gpflow/kernels/test_kernels.py::test_kernel_call_diag_and_X2_errors[kernel9] PASSED [ 93%]
../publishablew/GPflow/GPflow/tests/gpflow/kernels/test_kernels.py::test_kernel_call_diag_and_X2_errors[kernel10] PASSED [ 94%]
../publishablew/GPflow/GPflow/tests/gpflow/kernels/test_kernels.py::test_kernel_call_diag_and_X2_errors[kernel11] PASSED [ 94%]
../publishablew/GPflow/GPflow/tests/gpflow/kernels/test_kernels.py::test_kernel_call_diag_and_X2_errors[kernel12] PASSED [ 95%]
../publishablew/GPflow/GPflow/tests/gpflow/kernels/test_kernels.py::test_kernel_call_diag_and_X2_errors[kernel13] PASSED [ 96%]
../publishablew/GPflow/GPflow/tests/gpflow/kernels/test_kernels.py::test_kernel_call_diag_and_X2_errors[kernel14] PASSED [ 96%]
../publishablew/GPflow/GPflow/tests/gpflow/kernels/test_kernels.py::test_kernel_call_diag_and_X2_errors[kernel15] PASSED [ 97%]
../publishablew/GPflow/GPflow/tests/gpflow/kernels/test_kernels.py::test_kernel_call_diag_and_X2_errors[kernel16] PASSED [ 97%]
../publishablew/GPflow/GPflow/tests/gpflow/kernels/test_kernels.py::test_periodic_active_dims_matches PASSED [ 98%]
../publishablew/GPflow/GPflow/tests/gpflow/kernels/test_kernels.py::test_latent_kernels PASSED [ 98%]
../publishablew/GPflow/GPflow/tests/gpflow/kernels/test_kernels.py::test_combination_LMC_kernels PASSED [ 99%]
../publishablew/GPflow/GPflow/tests/gpflow/kernels/test_kernels.py::test_concat_inputs_with_latents PASSED [100%]

=================================== FAILURES ===================================
_________________ test_arccosine_1d_and_3d[3-0.6-2.3-1-1.7-0] __________________

order = 0, D = 1, N = 3, weight_variances = 1.7, bias_variance = 0.6
variance = 2.3

    @pytest.mark.parametrize("order", ArcCosine.implemented_orders)
    @pytest.mark.parametrize("D, weight_variances", [[1, 1.7], [3, 1.7], [3, (1.1, 1.7, 1.9)]])
    @pytest.mark.parametrize("N, bias_variance, variance", [[3, 0.6, 2.3]])
    def test_arccosine_1d_and_3d(
        order: int,
        D: int,
        N: int,
        weight_variances: Union[float, Sequence[float]],
        bias_variance: float,
        variance: float,
    ) -> None:
        X_data = rng.randn(N, D)
>       _assert_arccosine_kern_err(variance, weight_variances, bias_variance, order, X_data)

../publishablew/GPflow/GPflow/tests/gpflow/kernels/test_kernels.py:154: 
_ _ _ _ _ _ _ _ _ _ _ _ _ _ _ _ _ _ _ _ _ _ _ _ _ _ _ _ _ _ _ _ _ _ _ _ _ _ _ _ 
../publishablew/GPflow/GPflow/tests/gpflow/kernels/test_kernels.py:139: in _assert_arccosine_kern_err
    assert_allclose(gram_matrix, reference_gram_matrix)
_ _ _ _ _ _ _ _ _ _ _ _ _ _ _ _ _ _ _ _ _ _ _ _ _ _ _ _ _ _ _ _ _ _ _ _ _ _ _ _ 

args = (<function assert_allclose.<locals>.compare at 0x757b9d30f2e0>, array([[0.73211273, 0.70916498, 0.19268114],
       [0...8, 2.22790749, 0.60532564],
       [2.22790749, 2.3       , 0.53323313],
       [0.60532564, 0.53323313, 2.3       ]]))
kwds = {'equal_nan': True, 'err_msg': '', 'header': 'Not equal to tolerance rtol=1e-07, atol=0', 'verbose': True}

    @wraps(func)
    def inner(*args, **kwds):
        with self._recreate_cm():
>           return func(*args, **kwds)
E           AssertionError: 
E           Not equal to tolerance rtol=1e-07, atol=0
E           
E           Mismatched elements: 9 / 9 (100%)
E           Max absolute difference: 1.56788727
E           Max relative difference: 0.68169012
E            x: array([[0.732113, 0.709165, 0.192681],
E                  [0.709165, 0.732113, 0.169733],
E                  [0.192681, 0.169733, 0.732113]])
E            y: array([[2.3     , 2.227907, 0.605326],
E                  [2.227907, 2.3     , 0.533233],
E                  [0.605326, 0.533233, 2.3     ]])

/usr/lib/python3.11/contextlib.py:81: AssertionError
_________________ test_arccosine_1d_and_3d[3-0.6-2.3-1-1.7-1] __________________

order = 1, D = 1, N = 3, weight_variances = 1.7, bias_variance = 0.6
variance = 2.3

    @pytest.mark.parametrize("order", ArcCosine.implemented_orders)
    @pytest.mark.parametrize("D, weight_variances", [[1, 1.7], [3, 1.7], [3, (1.1, 1.7, 1.9)]])
    @pytest.mark.parametrize("N, bias_variance, variance", [[3, 0.6, 2.3]])
    def test_arccosine_1d_and_3d(
        order: int,
        D: int,
        N: int,
        weight_variances: Union[float, Sequence[float]],
        bias_variance: float,
        variance: float,
    ) -> None:
        X_data = rng.randn(N, D)
>       _assert_arccosine_kern_err(variance, weight_variances, bias_variance, order, X_data)

../publishablew/GPflow/GPflow/tests/gpflow/kernels/test_kernels.py:154: 
_ _ _ _ _ _ _ _ _ _ _ _ _ _ _ _ _ _ _ _ _ _ _ _ _ _ _ _ _ _ _ _ _ _ _ _ _ _ _ _ 
../publishablew/GPflow/GPflow/tests/gpflow/kernels/test_kernels.py:139: in _assert_arccosine_kern_err
    assert_allclose(gram_matrix, reference_gram_matrix)
_ _ _ _ _ _ _ _ _ _ _ _ _ _ _ _ _ _ _ _ _ _ _ _ _ _ _ _ _ _ _ _ _ _ _ _ _ _ _ _ 

args = (<function assert_allclose.<locals>.compare at 0x757b9c3b9440>, array([[1.72657089, 0.23976555, 1.52778033],
       [0...2, 0.75324569, 4.79966346],
       [0.75324569, 2.96835962, 0.77804127],
       [4.79966346, 0.77804127, 4.27120795]]))
kwds = {'equal_nan': True, 'err_msg': '', 'header': 'Not equal to tolerance rtol=1e-07, atol=0', 'verbose': True}

    @wraps(func)
    def inner(*args, **kwds):
        with self._recreate_cm():
>           return func(*args, **kwds)
E           AssertionError: 
E           Not equal to tolerance rtol=1e-07, atol=0
E           
E           Mismatched elements: 9 / 9 (100%)
E           Max absolute difference: 3.69761153
E           Max relative difference: 0.68169011
E            x: array([[1.726571, 0.239766, 1.52778 ],
E                  [0.239766, 0.944858, 0.247658],
E                  [1.52778 , 0.247658, 1.359568]])
E            y: array([[5.424182, 0.753246, 4.799663],
E                  [0.753246, 2.96836 , 0.778041],
E                  [4.799663, 0.778041, 4.271208]])

/usr/lib/python3.11/contextlib.py:81: AssertionError
_________________ test_arccosine_1d_and_3d[3-0.6-2.3-1-1.7-2] __________________

order = 2, D = 1, N = 3, weight_variances = 1.7, bias_variance = 0.6
variance = 2.3

    @pytest.mark.parametrize("order", ArcCosine.implemented_orders)
    @pytest.mark.parametrize("D, weight_variances", [[1, 1.7], [3, 1.7], [3, (1.1, 1.7, 1.9)]])
    @pytest.mark.parametrize("N, bias_variance, variance", [[3, 0.6, 2.3]])
    def test_arccosine_1d_and_3d(
        order: int,
        D: int,
        N: int,
        weight_variances: Union[float, Sequence[float]],
        bias_variance: float,
        variance: float,
    ) -> None:
        X_data = rng.randn(N, D)
>       _assert_arccosine_kern_err(variance, weight_variances, bias_variance, order, X_data)

../publishablew/GPflow/GPflow/tests/gpflow/kernels/test_kernels.py:154: 
_ _ _ _ _ _ _ _ _ _ _ _ _ _ _ _ _ _ _ _ _ _ _ _ _ _ _ _ _ _ _ _ _ _ _ _ _ _ _ _ 
../publishablew/GPflow/GPflow/tests/gpflow/kernels/test_kernels.py:139: in _assert_arccosine_kern_err
    assert_allclose(gram_matrix, reference_gram_matrix)
_ _ _ _ _ _ _ _ _ _ _ _ _ _ _ _ _ _ _ _ _ _ _ _ _ _ _ _ _ _ _ _ _ _ _ _ _ _ _ _ 

args = (<function assert_allclose.<locals>.compare at 0x757b9c3b9a80>, array([[77.53736716,  0.3144687 ,  4.61753127],
      ...  14.50640233],
       [  0.98793256,  50.14985274,   3.19699615],
       [ 14.50640233,   3.19699615,   2.96774014]]))
kwds = {'equal_nan': True, 'err_msg': '', 'header': 'Not equal to tolerance rtol=1e-07, atol=0', 'verbose': True}

    @wraps(func)
    def inner(*args, **kwds):
        with self._recreate_cm():
>           return func(*args, **kwds)
E           AssertionError: 
E           Not equal to tolerance rtol=1e-07, atol=0
E           
E           Mismatched elements: 9 / 9 (100%)
E           Max absolute difference: 166.0534559
E           Max relative difference: 0.68169011
E            x: array([[77.537367,  0.314469,  4.617531],
E                  [ 0.314469, 15.963194,  1.017635],
E                  [ 4.617531,  1.017635,  0.944661]])
E            y: array([[243.590823,   0.987933,  14.506402],
E                  [  0.987933,  50.149853,   3.196996],
E                  [ 14.506402,   3.196996,   2.96774 ]])

/usr/lib/python3.11/contextlib.py:81: AssertionError
_________________ test_arccosine_1d_and_3d[3-0.6-2.3-3-1.7-0] __________________

order = 0, D = 3, N = 3, weight_variances = 1.7, bias_variance = 0.6
variance = 2.3

    @pytest.mark.parametrize("order", ArcCosine.implemented_orders)
    @pytest.mark.parametrize("D, weight_variances", [[1, 1.7], [3, 1.7], [3, (1.1, 1.7, 1.9)]])
    @pytest.mark.parametrize("N, bias_variance, variance", [[3, 0.6, 2.3]])
    def test_arccosine_1d_and_3d(
        order: int,
        D: int,
        N: int,
        weight_variances: Union[float, Sequence[float]],
        bias_variance: float,
        variance: float,
    ) -> None:
        X_data = rng.randn(N, D)
>       _assert_arccosine_kern_err(variance, weight_variances, bias_variance, order, X_data)

../publishablew/GPflow/GPflow/tests/gpflow/kernels/test_kernels.py:154: 
_ _ _ _ _ _ _ _ _ _ _ _ _ _ _ _ _ _ _ _ _ _ _ _ _ _ _ _ _ _ _ _ _ _ _ _ _ _ _ _ 
../publishablew/GPflow/GPflow/tests/gpflow/kernels/test_kernels.py:139: in _assert_arccosine_kern_err
    assert_allclose(gram_matrix, reference_gram_matrix)
_ _ _ _ _ _ _ _ _ _ _ _ _ _ _ _ _ _ _ _ _ _ _ _ _ _ _ _ _ _ _ _ _ _ _ _ _ _ _ _ 

args = (<function assert_allclose.<locals>.compare at 0x757b9c3ba3e0>, array([[0.73211273, 0.40755644, 0.55422817],
       [0... , 1.28037633, 1.74115914],
       [1.28037633, 2.3       , 1.57744321],
       [1.74115914, 1.57744321, 2.3       ]]))
kwds = {'equal_nan': True, 'err_msg': '', 'header': 'Not equal to tolerance rtol=1e-07, atol=0', 'verbose': True}

    @wraps(func)
    def inner(*args, **kwds):
        with self._recreate_cm():
>           return func(*args, **kwds)
E           AssertionError: 
E           Not equal to tolerance rtol=1e-07, atol=0
E           
E           Mismatched elements: 9 / 9 (100%)
E           Max absolute difference: 1.56788727
E           Max relative difference: 0.68169012
E            x: array([[0.732113, 0.407556, 0.554228],
E                  [0.407556, 0.732113, 0.502116],
E                  [0.554228, 0.502116, 0.732113]])
E            y: array([[2.3     , 1.280376, 1.741159],
E                  [1.280376, 2.3     , 1.577443],
E                  [1.741159, 1.577443, 2.3     ]])

/usr/lib/python3.11/contextlib.py:81: AssertionError
_________________ test_arccosine_1d_and_3d[3-0.6-2.3-3-1.7-1] __________________

order = 1, D = 3, N = 3, weight_variances = 1.7, bias_variance = 0.6
variance = 2.3

    @pytest.mark.parametrize("order", ArcCosine.implemented_orders)
    @pytest.mark.parametrize("D, weight_variances", [[1, 1.7], [3, 1.7], [3, (1.1, 1.7, 1.9)]])
    @pytest.mark.parametrize("N, bias_variance, variance", [[3, 0.6, 2.3]])
    def test_arccosine_1d_and_3d(
        order: int,
        D: int,
        N: int,
        weight_variances: Union[float, Sequence[float]],
        bias_variance: float,
        variance: float,
    ) -> None:
        X_data = rng.randn(N, D)
>       _assert_arccosine_kern_err(variance, weight_variances, bias_variance, order, X_data)

../publishablew/GPflow/GPflow/tests/gpflow/kernels/test_kernels.py:154: 
_ _ _ _ _ _ _ _ _ _ _ _ _ _ _ _ _ _ _ _ _ _ _ _ _ _ _ _ _ _ _ _ _ _ _ _ _ _ _ _ 
../publishablew/GPflow/GPflow/tests/gpflow/kernels/test_kernels.py:139: in _assert_arccosine_kern_err
    assert_allclose(gram_matrix, reference_gram_matrix)
_ _ _ _ _ _ _ _ _ _ _ _ _ _ _ _ _ _ _ _ _ _ _ _ _ _ _ _ _ _ _ _ _ _ _ _ _ _ _ _ 

args = (<function assert_allclose.<locals>.compare at 0x757b9c3baa20>, array([[4.0756525 , 1.77001361, 1.37900976],
       [1...066176,  4.33228693],
       [ 5.56066176,  4.64585504,  0.98567323],
       [ 4.33228693,  0.98567323,  9.62611279]]))
kwds = {'equal_nan': True, 'err_msg': '', 'header': 'Not equal to tolerance rtol=1e-07, atol=0', 'verbose': True}

    @wraps(func)
    def inner(*args, **kwds):
        with self._recreate_cm():
>           return func(*args, **kwds)
E           AssertionError: 
E           Not equal to tolerance rtol=1e-07, atol=0
E           
E           Mismatched elements: 9 / 9 (100%)
E           Max absolute difference: 8.72838745
E           Max relative difference: 0.68169011
E            x: array([[4.075652, 1.770014, 1.37901 ],
E                  [1.770014, 1.478822, 0.31375 ],
E                  [1.37901 , 0.31375 , 3.064087]])
E            y: array([[12.80404 ,  5.560662,  4.332287],
E                  [ 5.560662,  4.645855,  0.985673],
E                  [ 4.332287,  0.985673,  9.626113]])

/usr/lib/python3.11/contextlib.py:81: AssertionError
_________________ test_arccosine_1d_and_3d[3-0.6-2.3-3-1.7-2] __________________

order = 2, D = 3, N = 3, weight_variances = 1.7, bias_variance = 0.6
variance = 2.3

    @pytest.mark.parametrize("order", ArcCosine.implemented_orders)
    @pytest.mark.parametrize("D, weight_variances", [[1, 1.7], [3, 1.7], [3, (1.1, 1.7, 1.9)]])
    @pytest.mark.parametrize("N, bias_variance, variance", [[3, 0.6, 2.3]])
    def test_arccosine_1d_and_3d(
        order: int,
        D: int,
        N: int,
        weight_variances: Union[float, Sequence[float]],
        bias_variance: float,
        variance: float,
    ) -> None:
        X_data = rng.randn(N, D)
>       _assert_arccosine_kern_err(variance, weight_variances, bias_variance, order, X_data)

../publishablew/GPflow/GPflow/tests/gpflow/kernels/test_kernels.py:154: 
_ _ _ _ _ _ _ _ _ _ _ _ _ _ _ _ _ _ _ _ _ _ _ _ _ _ _ _ _ _ _ _ _ _ _ _ _ _ _ _ 
../publishablew/GPflow/GPflow/tests/gpflow/kernels/test_kernels.py:139: in _assert_arccosine_kern_err
    assert_allclose(gram_matrix, reference_gram_matrix)
_ _ _ _ _ _ _ _ _ _ _ _ _ _ _ _ _ _ _ _ _ _ _ _ _ _ _ _ _ _ _ _ _ _ _ _ _ _ _ _ 

args = (<function assert_allclose.<locals>.compare at 0x757b9c3bb240>, array([[23.09451809, 37.54460205,  1.53049825],
      ...   4.80820206],
       [117.94984599, 283.86650172,  28.34643885],
       [  4.80820206,  28.34643885,  79.01719779]]))
kwds = {'equal_nan': True, 'err_msg': '', 'header': 'Not equal to tolerance rtol=1e-07, atol=0', 'verbose': True}

    @wraps(func)
    def inner(*args, **kwds):
        with self._recreate_cm():
>           return func(*args, **kwds)
E           AssertionError: 
E           Not equal to tolerance rtol=1e-07, atol=0
E           
E           Mismatched elements: 9 / 9 (100%)
E           Max absolute difference: 193.50898786
E           Max relative difference: 0.68169011
E            x: array([[23.094518, 37.544602,  1.530498],
E                  [37.544602, 90.357514,  9.022952],
E                  [ 1.530498,  9.022952, 25.151955]])
E            y: array([[ 72.553568, 117.949846,   4.808202],
E                  [117.949846, 283.866502,  28.346439],
E                  [  4.808202,  28.346439,  79.017198]])

/usr/lib/python3.11/contextlib.py:81: AssertionError
__________ test_arccosine_1d_and_3d[3-0.6-2.3-3-weight_variances2-0] ___________

order = 0, D = 3, N = 3, weight_variances = (1.1, 1.7, 1.9), bias_variance = 0.6
variance = 2.3

    @pytest.mark.parametrize("order", ArcCosine.implemented_orders)
    @pytest.mark.parametrize("D, weight_variances", [[1, 1.7], [3, 1.7], [3, (1.1, 1.7, 1.9)]])
    @pytest.mark.parametrize("N, bias_variance, variance", [[3, 0.6, 2.3]])
    def test_arccosine_1d_and_3d(
        order: int,
        D: int,
        N: int,
        weight_variances: Union[float, Sequence[float]],
        bias_variance: float,
        variance: float,
    ) -> None:
        X_data = rng.randn(N, D)
>       _assert_arccosine_kern_err(variance, weight_variances, bias_variance, order, X_data)

../publishablew/GPflow/GPflow/tests/gpflow/kernels/test_kernels.py:154: 
_ _ _ _ _ _ _ _ _ _ _ _ _ _ _ _ _ _ _ _ _ _ _ _ _ _ _ _ _ _ _ _ _ _ _ _ _ _ _ _ 
../publishablew/GPflow/GPflow/tests/gpflow/kernels/test_kernels.py:139: in _assert_arccosine_kern_err
    assert_allclose(gram_matrix, reference_gram_matrix)
_ _ _ _ _ _ _ _ _ _ _ _ _ _ _ _ _ _ _ _ _ _ _ _ _ _ _ _ _ _ _ _ _ _ _ _ _ _ _ _ 

args = (<function assert_allclose.<locals>.compare at 0x757b9c3bb880>, array([[0.73211273, 0.27866907, 0.59009895],
       [0...9, 0.87546471, 1.85385054],
       [0.87546471, 2.3       , 1.20295154],
       [1.85385054, 1.20295154, 2.29999999]]))
kwds = {'equal_nan': True, 'err_msg': '', 'header': 'Not equal to tolerance rtol=1e-07, atol=0', 'verbose': True}

    @wraps(func)
    def inner(*args, **kwds):
        with self._recreate_cm():
>           return func(*args, **kwds)
E           AssertionError: 
E           Not equal to tolerance rtol=1e-07, atol=0
E           
E           Mismatched elements: 9 / 9 (100%)
E           Max absolute difference: 1.56788727
E           Max relative difference: 0.68169012
E            x: array([[0.732113, 0.278669, 0.590099],
E                  [0.278669, 0.732113, 0.382911],
E                  [0.590099, 0.382911, 0.732113]])
E            y: array([[2.3     , 0.875465, 1.853851],
E                  [0.875465, 2.3     , 1.202952],
E                  [1.853851, 1.202952, 2.3     ]])

/usr/lib/python3.11/contextlib.py:81: AssertionError
__________ test_arccosine_1d_and_3d[3-0.6-2.3-3-weight_variances2-1] ___________

order = 1, D = 3, N = 3, weight_variances = (1.1, 1.7, 1.9), bias_variance = 0.6
variance = 2.3

    @pytest.mark.parametrize("order", ArcCosine.implemented_orders)
    @pytest.mark.parametrize("D, weight_variances", [[1, 1.7], [3, 1.7], [3, (1.1, 1.7, 1.9)]])
    @pytest.mark.parametrize("N, bias_variance, variance", [[3, 0.6, 2.3]])
    def test_arccosine_1d_and_3d(
        order: int,
        D: int,
        N: int,
        weight_variances: Union[float, Sequence[float]],
        bias_variance: float,
        variance: float,
    ) -> None:
        X_data = rng.randn(N, D)
>       _assert_arccosine_kern_err(variance, weight_variances, bias_variance, order, X_data)

../publishablew/GPflow/GPflow/tests/gpflow/kernels/test_kernels.py:154: 
_ _ _ _ _ _ _ _ _ _ _ _ _ _ _ _ _ _ _ _ _ _ _ _ _ _ _ _ _ _ _ _ _ _ _ _ _ _ _ _ 
../publishablew/GPflow/GPflow/tests/gpflow/kernels/test_kernels.py:139: in _assert_arccosine_kern_err
    assert_allclose(gram_matrix, reference_gram_matrix)
_ _ _ _ _ _ _ _ _ _ _ _ _ _ _ _ _ _ _ _ _ _ _ _ _ _ _ _ _ _ _ _ _ _ _ _ _ _ _ _ 

args = (<function assert_allclose.<locals>.compare at 0x757b9c2f8180>, array([[1.31401809, 2.07355984, 0.74752381],
       [2...428036,  2.3484153 ],
       [ 6.51428036, 13.93489464,  4.12739511],
       [ 2.3484153 ,  4.12739511, 10.892587  ]]))
kwds = {'equal_nan': True, 'err_msg': '', 'header': 'Not equal to tolerance rtol=1e-07, atol=0', 'verbose': True}

    @wraps(func)
    def inner(*args, **kwds):
        with self._recreate_cm():
>           return func(*args, **kwds)
E           AssertionError: 
E           Not equal to tolerance rtol=1e-07, atol=0
E           
E           Mismatched elements: 9 / 9 (100%)
E           Max absolute difference: 9.49927991
E           Max relative difference: 0.68169011
E            x: array([[1.314018, 2.07356 , 0.747524],
E                  [2.07356 , 4.435615, 1.313791],
E                  [0.747524, 1.313791, 3.467218]])
E            y: array([[ 4.12811 ,  6.51428 ,  2.348415],
E                  [ 6.51428 , 13.934895,  4.127395],
E                  [ 2.348415,  4.127395, 10.892587]])

/usr/lib/python3.11/contextlib.py:81: AssertionError
__________ test_arccosine_1d_and_3d[3-0.6-2.3-3-weight_variances2-2] ___________

order = 2, D = 3, N = 3, weight_variances = (1.1, 1.7, 1.9), bias_variance = 0.6
variance = 2.3

    @pytest.mark.parametrize("order", ArcCosine.implemented_orders)
    @pytest.mark.parametrize("D, weight_variances", [[1, 1.7], [3, 1.7], [3, (1.1, 1.7, 1.9)]])
    @pytest.mark.parametrize("N, bias_variance, variance", [[3, 0.6, 2.3]])
    def test_arccosine_1d_and_3d(
        order: int,
        D: int,
        N: int,
        weight_variances: Union[float, Sequence[float]],
        bias_variance: float,
        variance: float,
    ) -> None:
        X_data = rng.randn(N, D)
>       _assert_arccosine_kern_err(variance, weight_variances, bias_variance, order, X_data)

../publishablew/GPflow/GPflow/tests/gpflow/kernels/test_kernels.py:154: 
_ _ _ _ _ _ _ _ _ _ _ _ _ _ _ _ _ _ _ _ _ _ _ _ _ _ _ _ _ _ _ _ _ _ _ _ _ _ _ _ 
../publishablew/GPflow/GPflow/tests/gpflow/kernels/test_kernels.py:139: in _assert_arccosine_kern_err
    assert_allclose(gram_matrix, reference_gram_matrix)
_ _ _ _ _ _ _ _ _ _ _ _ _ _ _ _ _ _ _ _ _ _ _ _ _ _ _ _ _ _ _ _ _ _ _ _ _ _ _ _ 

args = (<function assert_allclose.<locals>.compare at 0x757b9c3bb240>, array([[61.74624287,  0.68654224, 15.43097962],
      ...  48.47785222],
       [  2.15683605,  29.64841694,   1.57928586],
       [ 48.47785222,   1.57928586,  31.07531544]]))
kwds = {'equal_nan': True, 'err_msg': '', 'header': 'Not equal to tolerance rtol=1e-07, atol=0', 'verbose': True}

    @wraps(func)
    def inner(*args, **kwds):
        with self._recreate_cm():
>           return func(*args, **kwds)
E           AssertionError: 
E           Not equal to tolerance rtol=1e-07, atol=0
E           
E           Mismatched elements: 9 / 9 (100%)
E           Max absolute difference: 132.23530012
E           Max relative difference: 0.68169011
E            x: array([[61.746243,  0.686542, 15.43098 ],
E                  [ 0.686542,  9.437384,  0.502702],
E                  [15.43098 ,  0.502702,  9.89158 ]])
E            y: array([[193.981543,   2.156836,  48.477852],
E                  [  2.156836,  29.648417,   1.579286],
E                  [ 48.477852,   1.579286,  31.075315]])

/usr/lib/python3.11/contextlib.py:81: AssertionError
=============================== warnings summary ===============================
../publishablew/GPflow/GPflow/venv/lib/python3.11/site-packages/tensorflow_probability/python/__init__.py:57
  /local/data0/moved_data/publishablew/GPflow/GPflow/venv/lib/python3.11/site-packages/tensorflow_probability/python/__init__.py:57: DeprecationWarning: distutils Version classes are deprecated. Use packaging.version instead.
    if (distutils.version.LooseVersion(tf.__version__) <

../publishablew/GPflow/GPflow/venv/lib/python3.11/site-packages/tensorflow_probability/python/__init__.py:58
  /local/data0/moved_data/publishablew/GPflow/GPflow/venv/lib/python3.11/site-packages/tensorflow_probability/python/__init__.py:58: DeprecationWarning: distutils Version classes are deprecated. Use packaging.version instead.
    distutils.version.LooseVersion(required_tensorflow_version)):

-- Docs: https://docs.pytest.org/en/stable/how-to/capture-warnings.html
=========================== short test summary info ============================
FAILED ../publishablew/GPflow/GPflow/tests/gpflow/kernels/test_kernels.py::test_arccosine_1d_and_3d[3-0.6-2.3-1-1.7-0]
FAILED ../publishablew/GPflow/GPflow/tests/gpflow/kernels/test_kernels.py::test_arccosine_1d_and_3d[3-0.6-2.3-1-1.7-1]
FAILED ../publishablew/GPflow/GPflow/tests/gpflow/kernels/test_kernels.py::test_arccosine_1d_and_3d[3-0.6-2.3-1-1.7-2]
FAILED ../publishablew/GPflow/GPflow/tests/gpflow/kernels/test_kernels.py::test_arccosine_1d_and_3d[3-0.6-2.3-3-1.7-0]
FAILED ../publishablew/GPflow/GPflow/tests/gpflow/kernels/test_kernels.py::test_arccosine_1d_and_3d[3-0.6-2.3-3-1.7-1]
FAILED ../publishablew/GPflow/GPflow/tests/gpflow/kernels/test_kernels.py::test_arccosine_1d_and_3d[3-0.6-2.3-3-1.7-2]
FAILED ../publishablew/GPflow/GPflow/tests/gpflow/kernels/test_kernels.py::test_arccosine_1d_and_3d[3-0.6-2.3-3-weight_variances2-0]
FAILED ../publishablew/GPflow/GPflow/tests/gpflow/kernels/test_kernels.py::test_arccosine_1d_and_3d[3-0.6-2.3-3-weight_variances2-1]
FAILED ../publishablew/GPflow/GPflow/tests/gpflow/kernels/test_kernels.py::test_arccosine_1d_and_3d[3-0.6-2.3-3-weight_variances2-2]
================== 9 failed, 168 passed, 2 warnings in 5.77s ===================


Final Test Result:
============================= test session starts ==============================
platform linux -- Python 3.11.10, pytest-8.3.4, pluggy-1.5.0 -- /local/data0/moved_data/publishablew/GPflow/GPflow/venv/bin/python3
cachedir: .pytest_cache
rootdir: /local/data0/moved_data/publishablew/GPflow/GPflow
collecting ... collected 177 items

../publishablew/GPflow/GPflow/tests/gpflow/kernels/test_kernels.py::test_rbf_1d[2.3-1.4] PASSED [  0%]
../publishablew/GPflow/GPflow/tests/gpflow/kernels/test_kernels.py::test_rq_1d[2.3-1.4] PASSED [  1%]
../publishablew/GPflow/GPflow/tests/gpflow/kernels/test_kernels.py::test_arccosine_1d_and_3d[3-0.6-2.3-1-1.7-0] PASSED [  1%]
../publishablew/GPflow/GPflow/tests/gpflow/kernels/test_kernels.py::test_arccosine_1d_and_3d[3-0.6-2.3-1-1.7-1] PASSED [  2%]
../publishablew/GPflow/GPflow/tests/gpflow/kernels/test_kernels.py::test_arccosine_1d_and_3d[3-0.6-2.3-1-1.7-2] PASSED [  2%]
../publishablew/GPflow/GPflow/tests/gpflow/kernels/test_kernels.py::test_arccosine_1d_and_3d[3-0.6-2.3-3-1.7-0] PASSED [  3%]
../publishablew/GPflow/GPflow/tests/gpflow/kernels/test_kernels.py::test_arccosine_1d_and_3d[3-0.6-2.3-3-1.7-1] PASSED [  3%]
../publishablew/GPflow/GPflow/tests/gpflow/kernels/test_kernels.py::test_arccosine_1d_and_3d[3-0.6-2.3-3-1.7-2] PASSED [  4%]
../publishablew/GPflow/GPflow/tests/gpflow/kernels/test_kernels.py::test_arccosine_1d_and_3d[3-0.6-2.3-3-weight_variances2-0] PASSED [  5%]
../publishablew/GPflow/GPflow/tests/gpflow/kernels/test_kernels.py::test_arccosine_1d_and_3d[3-0.6-2.3-3-weight_variances2-1] PASSED [  5%]
../publishablew/GPflow/GPflow/tests/gpflow/kernels/test_kernels.py::test_arccosine_1d_and_3d[3-0.6-2.3-3-weight_variances2-2] PASSED [  6%]
../publishablew/GPflow/GPflow/tests/gpflow/kernels/test_kernels.py::test_arccosine_non_implemented_order[42] PASSED [  6%]
../publishablew/GPflow/GPflow/tests/gpflow/kernels/test_kernels.py::test_arccosine_nan_gradient[1-4] PASSED [  7%]
../publishablew/GPflow/GPflow/tests/gpflow/kernels/test_kernels.py::test_periodic[3-2.3-1-2.0-3.0-SquaredExponential] PASSED [  7%]
../publishablew/GPflow/GPflow/tests/gpflow/kernels/test_kernels.py::test_periodic[3-2.3-1-2.0-3.0-Matern12] PASSED [  8%]
../publishablew/GPflow/GPflow/tests/gpflow/kernels/test_kernels.py::test_periodic[3-2.3-1-2.0-3.0-Matern32] PASSED [  9%]
../publishablew/GPflow/GPflow/tests/gpflow/kernels/test_kernels.py::test_periodic[3-2.3-1-2.0-3.0-Matern52] PASSED [  9%]
../publishablew/GPflow/GPflow/tests/gpflow/kernels/test_kernels.py::test_periodic[3-2.3-2-11.5-3.0-SquaredExponential] PASSED [ 10%]
../publishablew/GPflow/GPflow/tests/gpflow/kernels/test_kernels.py::test_periodic[3-2.3-2-11.5-3.0-Matern12] PASSED [ 10%]
../publishablew/GPflow/GPflow/tests/gpflow/kernels/test_kernels.py::test_periodic[3-2.3-2-11.5-3.0-Matern32] PASSED [ 11%]
../publishablew/GPflow/GPflow/tests/gpflow/kernels/test_kernels.py::test_periodic[3-2.3-2-11.5-3.0-Matern52] PASSED [ 11%]
../publishablew/GPflow/GPflow/tests/gpflow/kernels/test_kernels.py::test_periodic[3-2.3-2-11.5-period2-SquaredExponential] PASSED [ 12%]
../publishablew/GPflow/GPflow/tests/gpflow/kernels/test_kernels.py::test_periodic[3-2.3-2-11.5-period2-Matern12] PASSED [ 12%]
../publishablew/GPflow/GPflow/tests/gpflow/kernels/test_kernels.py::test_periodic[3-2.3-2-11.5-period2-Matern32] PASSED [ 13%]
../publishablew/GPflow/GPflow/tests/gpflow/kernels/test_kernels.py::test_periodic[3-2.3-2-11.5-period2-Matern52] PASSED [ 14%]
../publishablew/GPflow/GPflow/tests/gpflow/kernels/test_kernels.py::test_periodic[3-2.3-2-lengthscales3-3.0-SquaredExponential] PASSED [ 14%]
../publishablew/GPflow/GPflow/tests/gpflow/kernels/test_kernels.py::test_periodic[3-2.3-2-lengthscales3-3.0-Matern12] PASSED [ 15%]
../publishablew/GPflow/GPflow/tests/gpflow/kernels/test_kernels.py::test_periodic[3-2.3-2-lengthscales3-3.0-Matern32] PASSED [ 15%]
../publishablew/GPflow/GPflow/tests/gpflow/kernels/test_kernels.py::test_periodic[3-2.3-2-lengthscales3-3.0-Matern52] PASSED [ 16%]
../publishablew/GPflow/GPflow/tests/gpflow/kernels/test_kernels.py::test_periodic[3-2.3-2-lengthscales4-period4-SquaredExponential] PASSED [ 16%]
../publishablew/GPflow/GPflow/tests/gpflow/kernels/test_kernels.py::test_periodic[3-2.3-2-lengthscales4-period4-Matern12] PASSED [ 17%]
../publishablew/GPflow/GPflow/tests/gpflow/kernels/test_kernels.py::test_periodic[3-2.3-2-lengthscales4-period4-Matern32] PASSED [ 18%]
../publishablew/GPflow/GPflow/tests/gpflow/kernels/test_kernels.py::test_periodic[3-2.3-2-lengthscales4-period4-Matern52] PASSED [ 18%]
../publishablew/GPflow/GPflow/tests/gpflow/kernels/test_kernels.py::test_periodic[5-1.3-1-2.0-3.0-SquaredExponential] PASSED [ 19%]
../publishablew/GPflow/GPflow/tests/gpflow/kernels/test_kernels.py::test_periodic[5-1.3-1-2.0-3.0-Matern12] PASSED [ 19%]
../publishablew/GPflow/GPflow/tests/gpflow/kernels/test_kernels.py::test_periodic[5-1.3-1-2.0-3.0-Matern32] PASSED [ 20%]
../publishablew/GPflow/GPflow/tests/gpflow/kernels/test_kernels.py::test_periodic[5-1.3-1-2.0-3.0-Matern52] PASSED [ 20%]
../publishablew/GPflow/GPflow/tests/gpflow/kernels/test_kernels.py::test_periodic[5-1.3-2-11.5-3.0-SquaredExponential] PASSED [ 21%]
../publishablew/GPflow/GPflow/tests/gpflow/kernels/test_kernels.py::test_periodic[5-1.3-2-11.5-3.0-Matern12] PASSED [ 22%]
../publishablew/GPflow/GPflow/tests/gpflow/kernels/test_kernels.py::test_periodic[5-1.3-2-11.5-3.0-Matern32] PASSED [ 22%]
../publishablew/GPflow/GPflow/tests/gpflow/kernels/test_kernels.py::test_periodic[5-1.3-2-11.5-3.0-Matern52] PASSED [ 23%]
../publishablew/GPflow/GPflow/tests/gpflow/kernels/test_kernels.py::test_periodic[5-1.3-2-11.5-period2-SquaredExponential] PASSED [ 23%]
../publishablew/GPflow/GPflow/tests/gpflow/kernels/test_kernels.py::test_periodic[5-1.3-2-11.5-period2-Matern12] PASSED [ 24%]
../publishablew/GPflow/GPflow/tests/gpflow/kernels/test_kernels.py::test_periodic[5-1.3-2-11.5-period2-Matern32] PASSED [ 24%]
../publishablew/GPflow/GPflow/tests/gpflow/kernels/test_kernels.py::test_periodic[5-1.3-2-11.5-period2-Matern52] PASSED [ 25%]
../publishablew/GPflow/GPflow/tests/gpflow/kernels/test_kernels.py::test_periodic[5-1.3-2-lengthscales3-3.0-SquaredExponential] PASSED [ 25%]
../publishablew/GPflow/GPflow/tests/gpflow/kernels/test_kernels.py::test_periodic[5-1.3-2-lengthscales3-3.0-Matern12] PASSED [ 26%]
../publishablew/GPflow/GPflow/tests/gpflow/kernels/test_kernels.py::test_periodic[5-1.3-2-lengthscales3-3.0-Matern32] PASSED [ 27%]
../publishablew/GPflow/GPflow/tests/gpflow/kernels/test_kernels.py::test_periodic[5-1.3-2-lengthscales3-3.0-Matern52] PASSED [ 27%]
../publishablew/GPflow/GPflow/tests/gpflow/kernels/test_kernels.py::test_periodic[5-1.3-2-lengthscales4-period4-SquaredExponential] PASSED [ 28%]
../publishablew/GPflow/GPflow/tests/gpflow/kernels/test_kernels.py::test_periodic[5-1.3-2-lengthscales4-period4-Matern12] PASSED [ 28%]
../publishablew/GPflow/GPflow/tests/gpflow/kernels/test_kernels.py::test_periodic[5-1.3-2-lengthscales4-period4-Matern32] PASSED [ 29%]
../publishablew/GPflow/GPflow/tests/gpflow/kernels/test_kernels.py::test_periodic[5-1.3-2-lengthscales4-period4-Matern52] PASSED [ 29%]
../publishablew/GPflow/GPflow/tests/gpflow/kernels/test_kernels.py::test_periodic_diag[SquaredExponential] PASSED [ 30%]
../publishablew/GPflow/GPflow/tests/gpflow/kernels/test_kernels.py::test_periodic_diag[Matern12] PASSED [ 31%]
../publishablew/GPflow/GPflow/tests/gpflow/kernels/test_kernels.py::test_periodic_non_stationary_base_kernel PASSED [ 31%]
../publishablew/GPflow/GPflow/tests/gpflow/kernels/test_kernels.py::test_periodic_bad_ard_period PASSED [ 32%]
../publishablew/GPflow/GPflow/tests/gpflow/kernels/test_kernels.py::test_kernel_symmetry_1d_and_5d[10-kernel0-1] PASSED [ 32%]
../publishablew/GPflow/GPflow/tests/gpflow/kernels/test_kernels.py::test_kernel_symmetry_1d_and_5d[10-kernel0-5] PASSED [ 33%]
../publishablew/GPflow/GPflow/tests/gpflow/kernels/test_kernels.py::test_kernel_symmetry_1d_and_5d[10-kernel1-1] PASSED [ 33%]
../publishablew/GPflow/GPflow/tests/gpflow/kernels/test_kernels.py::test_kernel_symmetry_1d_and_5d[10-kernel1-5] PASSED [ 34%]
../publishablew/GPflow/GPflow/tests/gpflow/kernels/test_kernels.py::test_kernel_symmetry_1d_and_5d[10-kernel2-1] PASSED [ 35%]
../publishablew/GPflow/GPflow/tests/gpflow/kernels/test_kernels.py::test_kernel_symmetry_1d_and_5d[10-kernel2-5] PASSED [ 35%]
../publishablew/GPflow/GPflow/tests/gpflow/kernels/test_kernels.py::test_kernel_symmetry_1d_and_5d[10-kernel3-1] PASSED [ 36%]
../publishablew/GPflow/GPflow/tests/gpflow/kernels/test_kernels.py::test_kernel_symmetry_1d_and_5d[10-kernel3-5] PASSED [ 36%]
../publishablew/GPflow/GPflow/tests/gpflow/kernels/test_kernels.py::test_kernel_symmetry_1d_and_5d[10-kernel4-1] PASSED [ 37%]
../publishablew/GPflow/GPflow/tests/gpflow/kernels/test_kernels.py::test_kernel_symmetry_1d_and_5d[10-kernel4-5] PASSED [ 37%]
../publishablew/GPflow/GPflow/tests/gpflow/kernels/test_kernels.py::test_kernel_symmetry_1d_and_5d[10-kernel5-1] PASSED [ 38%]
../publishablew/GPflow/GPflow/tests/gpflow/kernels/test_kernels.py::test_kernel_symmetry_1d_and_5d[10-kernel5-5] PASSED [ 38%]
../publishablew/GPflow/GPflow/tests/gpflow/kernels/test_kernels.py::test_kernel_symmetry_1d_and_5d[10-kernel6-1] PASSED [ 39%]
../publishablew/GPflow/GPflow/tests/gpflow/kernels/test_kernels.py::test_kernel_symmetry_1d_and_5d[10-kernel6-5] PASSED [ 40%]
../publishablew/GPflow/GPflow/tests/gpflow/kernels/test_kernels.py::test_kernel_symmetry_1d_and_5d[10-kernel7-1] PASSED [ 40%]
../publishablew/GPflow/GPflow/tests/gpflow/kernels/test_kernels.py::test_kernel_symmetry_1d_and_5d[10-kernel7-5] PASSED [ 41%]
../publishablew/GPflow/GPflow/tests/gpflow/kernels/test_kernels.py::test_kernel_symmetry_1d_and_5d[10-kernel8-1] PASSED [ 41%]
../publishablew/GPflow/GPflow/tests/gpflow/kernels/test_kernels.py::test_kernel_symmetry_1d_and_5d[10-kernel8-5] PASSED [ 42%]
../publishablew/GPflow/GPflow/tests/gpflow/kernels/test_kernels.py::test_kernel_symmetry_1d_and_5d[10-kernel9-1] PASSED [ 42%]
../publishablew/GPflow/GPflow/tests/gpflow/kernels/test_kernels.py::test_kernel_symmetry_1d_and_5d[10-kernel9-5] PASSED [ 43%]
../publishablew/GPflow/GPflow/tests/gpflow/kernels/test_kernels.py::test_kernel_symmetry_1d_and_5d[10-kernel10-1] PASSED [ 44%]
../publishablew/GPflow/GPflow/tests/gpflow/kernels/test_kernels.py::test_kernel_symmetry_1d_and_5d[10-kernel10-5] PASSED [ 44%]
../publishablew/GPflow/GPflow/tests/gpflow/kernels/test_kernels.py::test_coregion_shape[10-12-1-3-2] PASSED [ 45%]
../publishablew/GPflow/GPflow/tests/gpflow/kernels/test_kernels.py::test_coregion_diag[10-1-3-2] PASSED [ 45%]
../publishablew/GPflow/GPflow/tests/gpflow/kernels/test_kernels.py::test_coregion_slice[10-1-3-2] PASSED [ 46%]
../publishablew/GPflow/GPflow/tests/gpflow/kernels/test_kernels.py::test_diags[30-3-kernel0] PASSED [ 46%]
../publishablew/GPflow/GPflow/tests/gpflow/kernels/test_kernels.py::test_diags[30-3-kernel1] PASSED [ 47%]
../publishablew/GPflow/GPflow/tests/gpflow/kernels/test_kernels.py::test_diags[30-3-kernel2] PASSED [ 48%]
../publishablew/GPflow/GPflow/tests/gpflow/kernels/test_kernels.py::test_diags[30-3-kernel3] PASSED [ 48%]
../publishablew/GPflow/GPflow/tests/gpflow/kernels/test_kernels.py::test_diags[30-3-kernel4] PASSED [ 49%]
../publishablew/GPflow/GPflow/tests/gpflow/kernels/test_kernels.py::test_diags[30-3-kernel5] PASSED [ 49%]
../publishablew/GPflow/GPflow/tests/gpflow/kernels/test_kernels.py::test_diags[30-3-kernel6] PASSED [ 50%]
../publishablew/GPflow/GPflow/tests/gpflow/kernels/test_kernels.py::test_diags[30-3-kernel7] PASSED [ 50%]
../publishablew/GPflow/GPflow/tests/gpflow/kernels/test_kernels.py::test_diags[30-3-kernel8] PASSED [ 51%]
../publishablew/GPflow/GPflow/tests/gpflow/kernels/test_kernels.py::test_diags[30-3-kernel9] PASSED [ 51%]
../publishablew/GPflow/GPflow/tests/gpflow/kernels/test_kernels.py::test_diags[30-3-kernel10] PASSED [ 52%]
../publishablew/GPflow/GPflow/tests/gpflow/kernels/test_kernels.py::test_diags[30-3-kernel11] PASSED [ 53%]
../publishablew/GPflow/GPflow/tests/gpflow/kernels/test_kernels.py::test_diags[30-3-kernel12] PASSED [ 53%]
../publishablew/GPflow/GPflow/tests/gpflow/kernels/test_kernels.py::test_diags[30-3-kernel13] PASSED [ 54%]
../publishablew/GPflow/GPflow/tests/gpflow/kernels/test_kernels.py::test_diags[30-3-kernel14] PASSED [ 54%]
../publishablew/GPflow/GPflow/tests/gpflow/kernels/test_kernels.py::test_diags[30-3-kernel15] PASSED [ 55%]
../publishablew/GPflow/GPflow/tests/gpflow/kernels/test_kernels.py::test_diags[30-3-kernel16] PASSED [ 55%]
../publishablew/GPflow/GPflow/tests/gpflow/kernels/test_kernels.py::test_conv_diag PASSED [ 56%]
../publishablew/GPflow/GPflow/tests/gpflow/kernels/test_kernels.py::test_add_symmetric[10-1] PASSED [ 57%]
../publishablew/GPflow/GPflow/tests/gpflow/kernels/test_kernels.py::test_add_asymmetric[10-12-1] PASSED [ 57%]
../publishablew/GPflow/GPflow/tests/gpflow/kernels/test_kernels.py::test_white[10-1] PASSED [ 58%]
../publishablew/GPflow/GPflow/tests/gpflow/kernels/test_kernels.py::test_slice_symmetric[20-2-kernel_triple0] PASSED [ 58%]
../publishablew/GPflow/GPflow/tests/gpflow/kernels/test_kernels.py::test_slice_symmetric[20-2-kernel_triple1] PASSED [ 59%]
../publishablew/GPflow/GPflow/tests/gpflow/kernels/test_kernels.py::test_slice_symmetric[20-2-kernel_triple2] PASSED [ 59%]
../publishablew/GPflow/GPflow/tests/gpflow/kernels/test_kernels.py::test_slice_symmetric[20-2-kernel_triple3] PASSED [ 60%]
../publishablew/GPflow/GPflow/tests/gpflow/kernels/test_kernels.py::test_slice_symmetric[20-2-kernel_triple4] PASSED [ 61%]
../publishablew/GPflow/GPflow/tests/gpflow/kernels/test_kernels.py::test_slice_symmetric[20-2-kernel_triple5] PASSED [ 61%]
../publishablew/GPflow/GPflow/tests/gpflow/kernels/test_kernels.py::test_slice_symmetric[20-2-kernel_triple6] PASSED [ 62%]
../publishablew/GPflow/GPflow/tests/gpflow/kernels/test_kernels.py::test_slice_symmetric[20-2-kernel_triple7] PASSED [ 62%]
../publishablew/GPflow/GPflow/tests/gpflow/kernels/test_kernels.py::test_slice_symmetric[20-2-kernel_triple8] PASSED [ 63%]
../publishablew/GPflow/GPflow/tests/gpflow/kernels/test_kernels.py::test_slice_symmetric[20-2-kernel_triple9] PASSED [ 63%]
../publishablew/GPflow/GPflow/tests/gpflow/kernels/test_kernels.py::test_slice_asymmetric[10-12-2-kernel_triple0] PASSED [ 64%]
../publishablew/GPflow/GPflow/tests/gpflow/kernels/test_kernels.py::test_slice_asymmetric[10-12-2-kernel_triple1] PASSED [ 64%]
../publishablew/GPflow/GPflow/tests/gpflow/kernels/test_kernels.py::test_slice_asymmetric[10-12-2-kernel_triple2] PASSED [ 65%]
../publishablew/GPflow/GPflow/tests/gpflow/kernels/test_kernels.py::test_slice_asymmetric[10-12-2-kernel_triple3] PASSED [ 66%]
../publishablew/GPflow/GPflow/tests/gpflow/kernels/test_kernels.py::test_slice_asymmetric[10-12-2-kernel_triple4] PASSED [ 66%]
../publishablew/GPflow/GPflow/tests/gpflow/kernels/test_kernels.py::test_slice_asymmetric[10-12-2-kernel_triple5] PASSED [ 67%]
../publishablew/GPflow/GPflow/tests/gpflow/kernels/test_kernels.py::test_slice_asymmetric[10-12-2-kernel_triple6] PASSED [ 67%]
../publishablew/GPflow/GPflow/tests/gpflow/kernels/test_kernels.py::test_slice_asymmetric[10-12-2-kernel_triple7] PASSED [ 68%]
../publishablew/GPflow/GPflow/tests/gpflow/kernels/test_kernels.py::test_slice_asymmetric[10-12-2-kernel_triple8] PASSED [ 68%]
../publishablew/GPflow/GPflow/tests/gpflow/kernels/test_kernels.py::test_slice_asymmetric[10-12-2-kernel_triple9] PASSED [ 69%]
../publishablew/GPflow/GPflow/tests/gpflow/kernels/test_kernels.py::test_product[30-2] PASSED [ 70%]
../publishablew/GPflow/GPflow/tests/gpflow/kernels/test_kernels.py::test_active_product[30-4] PASSED [ 70%]
../publishablew/GPflow/GPflow/tests/gpflow/kernels/test_kernels.py::test_active_product[10-7] PASSED [ 71%]
../publishablew/GPflow/GPflow/tests/gpflow/kernels/test_kernels.py::test_ard_init_scalar[4] PASSED [ 71%]
../publishablew/GPflow/GPflow/tests/gpflow/kernels/test_kernels.py::test_ard_init_scalar[7] PASSED [ 72%]
../publishablew/GPflow/GPflow/tests/gpflow/kernels/test_kernels.py::test_ard_invalid_active_dims PASSED [ 72%]
../publishablew/GPflow/GPflow/tests/gpflow/kernels/test_kernels.py::test_ard_property[1.0-False-SquaredExponential-lengthscales] PASSED [ 73%]
../publishablew/GPflow/GPflow/tests/gpflow/kernels/test_kernels.py::test_ard_property[1.0-False-Linear-variance] PASSED [ 74%]
../publishablew/GPflow/GPflow/tests/gpflow/kernels/test_kernels.py::test_ard_property[1.0-False-ArcCosine-weight_variances] PASSED [ 74%]
../publishablew/GPflow/GPflow/tests/gpflow/kernels/test_kernels.py::test_ard_property[1.0-False-Cosine-lengthscales] PASSED [ 75%]
../publishablew/GPflow/GPflow/tests/gpflow/kernels/test_kernels.py::test_ard_property[param_value1-True-SquaredExponential-lengthscales] PASSED [ 75%]
../publishablew/GPflow/GPflow/tests/gpflow/kernels/test_kernels.py::test_ard_property[param_value1-True-Linear-variance] PASSED [ 76%]
../publishablew/GPflow/GPflow/tests/gpflow/kernels/test_kernels.py::test_ard_property[param_value1-True-ArcCosine-weight_variances] PASSED [ 76%]
../publishablew/GPflow/GPflow/tests/gpflow/kernels/test_kernels.py::test_ard_property[param_value1-True-Cosine-lengthscales] PASSED [ 77%]
../publishablew/GPflow/GPflow/tests/gpflow/kernels/test_kernels.py::test_ard_property[param_value2-True-SquaredExponential-lengthscales] PASSED [ 77%]
../publishablew/GPflow/GPflow/tests/gpflow/kernels/test_kernels.py::test_ard_property[param_value2-True-Linear-variance] PASSED [ 78%]
../publishablew/GPflow/GPflow/tests/gpflow/kernels/test_kernels.py::test_ard_property[param_value2-True-ArcCosine-weight_variances] PASSED [ 79%]
../publishablew/GPflow/GPflow/tests/gpflow/kernels/test_kernels.py::test_ard_property[param_value2-True-Cosine-lengthscales] PASSED [ 79%]
../publishablew/GPflow/GPflow/tests/gpflow/kernels/test_kernels.py::test_changepoints_init_fail[locations0-1.0-Number of kernels \\(3\\) must be one more than the number of changepoint locations \\(1\\)] PASSED [ 80%]
../publishablew/GPflow/GPflow/tests/gpflow/kernels/test_kernels.py::test_changepoints_init_fail[locations1-steepness1-Dimension of steepness \\(1\\) does not match number of changepoint locations \\(2\\)] PASSED [ 80%]
../publishablew/GPflow/GPflow/tests/gpflow/kernels/test_kernels.py::test_changepoints[kernels0-locations0-5.0-2] PASSED [ 81%]
../publishablew/GPflow/GPflow/tests/gpflow/kernels/test_kernels.py::test_changepoints[kernels0-locations0-5.0-10] PASSED [ 81%]
../publishablew/GPflow/GPflow/tests/gpflow/kernels/test_kernels.py::test_changepoints[kernels1-locations1-5.0-2] PASSED [ 82%]
../publishablew/GPflow/GPflow/tests/gpflow/kernels/test_kernels.py::test_changepoints[kernels1-locations1-5.0-10] PASSED [ 83%]
../publishablew/GPflow/GPflow/tests/gpflow/kernels/test_kernels.py::test_changepoints[kernels2-locations2-steepness2-2] PASSED [ 83%]
../publishablew/GPflow/GPflow/tests/gpflow/kernels/test_kernels.py::test_changepoints[kernels2-locations2-steepness2-10] PASSED [ 84%]
../publishablew/GPflow/GPflow/tests/gpflow/kernels/test_kernels.py::test_changepoints[kernels3-locations3-5.0-2] PASSED [ 84%]
../publishablew/GPflow/GPflow/tests/gpflow/kernels/test_kernels.py::test_changepoints[kernels3-locations3-5.0-10] PASSED [ 85%]
../publishablew/GPflow/GPflow/tests/gpflow/kernels/test_kernels.py::test_on_separate_dims[active_dims_10-None-False] PASSED [ 85%]
../publishablew/GPflow/GPflow/tests/gpflow/kernels/test_kernels.py::test_on_separate_dims[None-active_dims_21-False] PASSED [ 86%]
../publishablew/GPflow/GPflow/tests/gpflow/kernels/test_kernels.py::test_on_separate_dims[None-None-False] PASSED [ 87%]
../publishablew/GPflow/GPflow/tests/gpflow/kernels/test_kernels.py::test_on_separate_dims[active_dims_13-active_dims_23-False] PASSED [ 87%]
../publishablew/GPflow/GPflow/tests/gpflow/kernels/test_kernels.py::test_on_separate_dims[active_dims_14-active_dims_24-True] PASSED [ 88%]
../publishablew/GPflow/GPflow/tests/gpflow/kernels/test_kernels.py::test_kernel_call_diag_and_X2_errors[kernel0] PASSED [ 88%]
../publishablew/GPflow/GPflow/tests/gpflow/kernels/test_kernels.py::test_kernel_call_diag_and_X2_errors[kernel1] PASSED [ 89%]
../publishablew/GPflow/GPflow/tests/gpflow/kernels/test_kernels.py::test_kernel_call_diag_and_X2_errors[kernel2] PASSED [ 89%]
../publishablew/GPflow/GPflow/tests/gpflow/kernels/test_kernels.py::test_kernel_call_diag_and_X2_errors[kernel3] PASSED [ 90%]
../publishablew/GPflow/GPflow/tests/gpflow/kernels/test_kernels.py::test_kernel_call_diag_and_X2_errors[kernel4] PASSED [ 90%]
../publishablew/GPflow/GPflow/tests/gpflow/kernels/test_kernels.py::test_kernel_call_diag_and_X2_errors[kernel5] PASSED [ 91%]
../publishablew/GPflow/GPflow/tests/gpflow/kernels/test_kernels.py::test_kernel_call_diag_and_X2_errors[kernel6] PASSED [ 92%]
../publishablew/GPflow/GPflow/tests/gpflow/kernels/test_kernels.py::test_kernel_call_diag_and_X2_errors[kernel7] PASSED [ 92%]
../publishablew/GPflow/GPflow/tests/gpflow/kernels/test_kernels.py::test_kernel_call_diag_and_X2_errors[kernel8] PASSED [ 93%]
../publishablew/GPflow/GPflow/tests/gpflow/kernels/test_kernels.py::test_kernel_call_diag_and_X2_errors[kernel9] PASSED [ 93%]
../publishablew/GPflow/GPflow/tests/gpflow/kernels/test_kernels.py::test_kernel_call_diag_and_X2_errors[kernel10] PASSED [ 94%]
../publishablew/GPflow/GPflow/tests/gpflow/kernels/test_kernels.py::test_kernel_call_diag_and_X2_errors[kernel11] PASSED [ 94%]
../publishablew/GPflow/GPflow/tests/gpflow/kernels/test_kernels.py::test_kernel_call_diag_and_X2_errors[kernel12] PASSED [ 95%]
../publishablew/GPflow/GPflow/tests/gpflow/kernels/test_kernels.py::test_kernel_call_diag_and_X2_errors[kernel13] PASSED [ 96%]
../publishablew/GPflow/GPflow/tests/gpflow/kernels/test_kernels.py::test_kernel_call_diag_and_X2_errors[kernel14] PASSED [ 96%]
../publishablew/GPflow/GPflow/tests/gpflow/kernels/test_kernels.py::test_kernel_call_diag_and_X2_errors[kernel15] PASSED [ 97%]
../publishablew/GPflow/GPflow/tests/gpflow/kernels/test_kernels.py::test_kernel_call_diag_and_X2_errors[kernel16] PASSED [ 97%]
../publishablew/GPflow/GPflow/tests/gpflow/kernels/test_kernels.py::test_periodic_active_dims_matches PASSED [ 98%]
../publishablew/GPflow/GPflow/tests/gpflow/kernels/test_kernels.py::test_latent_kernels PASSED [ 98%]
../publishablew/GPflow/GPflow/tests/gpflow/kernels/test_kernels.py::test_combination_LMC_kernels PASSED [ 99%]
../publishablew/GPflow/GPflow/tests/gpflow/kernels/test_kernels.py::test_concat_inputs_with_latents PASSED [100%]

=============================== warnings summary ===============================
../publishablew/GPflow/GPflow/venv/lib/python3.11/site-packages/tensorflow_probability/python/__init__.py:57
  /local/data0/moved_data/publishablew/GPflow/GPflow/venv/lib/python3.11/site-packages/tensorflow_probability/python/__init__.py:57: DeprecationWarning: distutils Version classes are deprecated. Use packaging.version instead.
    if (distutils.version.LooseVersion(tf.__version__) <

../publishablew/GPflow/GPflow/venv/lib/python3.11/site-packages/tensorflow_probability/python/__init__.py:58
  /local/data0/moved_data/publishablew/GPflow/GPflow/venv/lib/python3.11/site-packages/tensorflow_probability/python/__init__.py:58: DeprecationWarning: distutils Version classes are deprecated. Use packaging.version instead.
    distutils.version.LooseVersion(required_tensorflow_version)):

-- Docs: https://docs.pytest.org/en/stable/how-to/capture-warnings.html
======================= 177 passed, 2 warnings in 5.47s ========================


Initial Result:
============================= test session starts ==============================
platform linux -- Python 3.11.10, pytest-8.3.4, pluggy-1.5.0 -- /local/data0/moved_data/publishablew/GPflow/GPflow/venv/bin/python3
cachedir: .pytest_cache
rootdir: /local/data0/moved_data/publishablew/GPflow/GPflow
collecting ... collected 177 items

../publishablew/GPflow/GPflow/tests/gpflow/kernels/test_kernels.py::test_rbf_1d[2.3-1.4] PASSED [  0%]
../publishablew/GPflow/GPflow/tests/gpflow/kernels/test_kernels.py::test_rq_1d[2.3-1.4] PASSED [  1%]
../publishablew/GPflow/GPflow/tests/gpflow/kernels/test_kernels.py::test_arccosine_1d_and_3d[3-0.6-2.3-1-1.7-0] PASSED [  1%]
../publishablew/GPflow/GPflow/tests/gpflow/kernels/test_kernels.py::test_arccosine_1d_and_3d[3-0.6-2.3-1-1.7-1] PASSED [  2%]
../publishablew/GPflow/GPflow/tests/gpflow/kernels/test_kernels.py::test_arccosine_1d_and_3d[3-0.6-2.3-1-1.7-2] PASSED [  2%]
../publishablew/GPflow/GPflow/tests/gpflow/kernels/test_kernels.py::test_arccosine_1d_and_3d[3-0.6-2.3-3-1.7-0] PASSED [  3%]
../publishablew/GPflow/GPflow/tests/gpflow/kernels/test_kernels.py::test_arccosine_1d_and_3d[3-0.6-2.3-3-1.7-1] PASSED [  3%]
../publishablew/GPflow/GPflow/tests/gpflow/kernels/test_kernels.py::test_arccosine_1d_and_3d[3-0.6-2.3-3-1.7-2] PASSED [  4%]
../publishablew/GPflow/GPflow/tests/gpflow/kernels/test_kernels.py::test_arccosine_1d_and_3d[3-0.6-2.3-3-weight_variances2-0] PASSED [  5%]
../publishablew/GPflow/GPflow/tests/gpflow/kernels/test_kernels.py::test_arccosine_1d_and_3d[3-0.6-2.3-3-weight_variances2-1] PASSED [  5%]
../publishablew/GPflow/GPflow/tests/gpflow/kernels/test_kernels.py::test_arccosine_1d_and_3d[3-0.6-2.3-3-weight_variances2-2] PASSED [  6%]
../publishablew/GPflow/GPflow/tests/gpflow/kernels/test_kernels.py::test_arccosine_non_implemented_order[42] PASSED [  6%]
../publishablew/GPflow/GPflow/tests/gpflow/kernels/test_kernels.py::test_arccosine_nan_gradient[1-4] PASSED [  7%]
../publishablew/GPflow/GPflow/tests/gpflow/kernels/test_kernels.py::test_periodic[3-2.3-1-2.0-3.0-SquaredExponential] PASSED [  7%]
../publishablew/GPflow/GPflow/tests/gpflow/kernels/test_kernels.py::test_periodic[3-2.3-1-2.0-3.0-Matern12] PASSED [  8%]
../publishablew/GPflow/GPflow/tests/gpflow/kernels/test_kernels.py::test_periodic[3-2.3-1-2.0-3.0-Matern32] PASSED [  9%]
../publishablew/GPflow/GPflow/tests/gpflow/kernels/test_kernels.py::test_periodic[3-2.3-1-2.0-3.0-Matern52] PASSED [  9%]
../publishablew/GPflow/GPflow/tests/gpflow/kernels/test_kernels.py::test_periodic[3-2.3-2-11.5-3.0-SquaredExponential] PASSED [ 10%]
../publishablew/GPflow/GPflow/tests/gpflow/kernels/test_kernels.py::test_periodic[3-2.3-2-11.5-3.0-Matern12] PASSED [ 10%]
../publishablew/GPflow/GPflow/tests/gpflow/kernels/test_kernels.py::test_periodic[3-2.3-2-11.5-3.0-Matern32] PASSED [ 11%]
../publishablew/GPflow/GPflow/tests/gpflow/kernels/test_kernels.py::test_periodic[3-2.3-2-11.5-3.0-Matern52] PASSED [ 11%]
../publishablew/GPflow/GPflow/tests/gpflow/kernels/test_kernels.py::test_periodic[3-2.3-2-11.5-period2-SquaredExponential] PASSED [ 12%]
../publishablew/GPflow/GPflow/tests/gpflow/kernels/test_kernels.py::test_periodic[3-2.3-2-11.5-period2-Matern12] PASSED [ 12%]
../publishablew/GPflow/GPflow/tests/gpflow/kernels/test_kernels.py::test_periodic[3-2.3-2-11.5-period2-Matern32] PASSED [ 13%]
../publishablew/GPflow/GPflow/tests/gpflow/kernels/test_kernels.py::test_periodic[3-2.3-2-11.5-period2-Matern52] PASSED [ 14%]
../publishablew/GPflow/GPflow/tests/gpflow/kernels/test_kernels.py::test_periodic[3-2.3-2-lengthscales3-3.0-SquaredExponential] PASSED [ 14%]
../publishablew/GPflow/GPflow/tests/gpflow/kernels/test_kernels.py::test_periodic[3-2.3-2-lengthscales3-3.0-Matern12] PASSED [ 15%]
../publishablew/GPflow/GPflow/tests/gpflow/kernels/test_kernels.py::test_periodic[3-2.3-2-lengthscales3-3.0-Matern32] PASSED [ 15%]
../publishablew/GPflow/GPflow/tests/gpflow/kernels/test_kernels.py::test_periodic[3-2.3-2-lengthscales3-3.0-Matern52] PASSED [ 16%]
../publishablew/GPflow/GPflow/tests/gpflow/kernels/test_kernels.py::test_periodic[3-2.3-2-lengthscales4-period4-SquaredExponential] PASSED [ 16%]
../publishablew/GPflow/GPflow/tests/gpflow/kernels/test_kernels.py::test_periodic[3-2.3-2-lengthscales4-period4-Matern12] PASSED [ 17%]
../publishablew/GPflow/GPflow/tests/gpflow/kernels/test_kernels.py::test_periodic[3-2.3-2-lengthscales4-period4-Matern32] PASSED [ 18%]
../publishablew/GPflow/GPflow/tests/gpflow/kernels/test_kernels.py::test_periodic[3-2.3-2-lengthscales4-period4-Matern52] PASSED [ 18%]
../publishablew/GPflow/GPflow/tests/gpflow/kernels/test_kernels.py::test_periodic[5-1.3-1-2.0-3.0-SquaredExponential] PASSED [ 19%]
../publishablew/GPflow/GPflow/tests/gpflow/kernels/test_kernels.py::test_periodic[5-1.3-1-2.0-3.0-Matern12] PASSED [ 19%]
../publishablew/GPflow/GPflow/tests/gpflow/kernels/test_kernels.py::test_periodic[5-1.3-1-2.0-3.0-Matern32] PASSED [ 20%]
../publishablew/GPflow/GPflow/tests/gpflow/kernels/test_kernels.py::test_periodic[5-1.3-1-2.0-3.0-Matern52] PASSED [ 20%]
../publishablew/GPflow/GPflow/tests/gpflow/kernels/test_kernels.py::test_periodic[5-1.3-2-11.5-3.0-SquaredExponential] PASSED [ 21%]
../publishablew/GPflow/GPflow/tests/gpflow/kernels/test_kernels.py::test_periodic[5-1.3-2-11.5-3.0-Matern12] PASSED [ 22%]
../publishablew/GPflow/GPflow/tests/gpflow/kernels/test_kernels.py::test_periodic[5-1.3-2-11.5-3.0-Matern32] PASSED [ 22%]
../publishablew/GPflow/GPflow/tests/gpflow/kernels/test_kernels.py::test_periodic[5-1.3-2-11.5-3.0-Matern52] PASSED [ 23%]
../publishablew/GPflow/GPflow/tests/gpflow/kernels/test_kernels.py::test_periodic[5-1.3-2-11.5-period2-SquaredExponential] PASSED [ 23%]
../publishablew/GPflow/GPflow/tests/gpflow/kernels/test_kernels.py::test_periodic[5-1.3-2-11.5-period2-Matern12] PASSED [ 24%]
../publishablew/GPflow/GPflow/tests/gpflow/kernels/test_kernels.py::test_periodic[5-1.3-2-11.5-period2-Matern32] PASSED [ 24%]
../publishablew/GPflow/GPflow/tests/gpflow/kernels/test_kernels.py::test_periodic[5-1.3-2-11.5-period2-Matern52] PASSED [ 25%]
../publishablew/GPflow/GPflow/tests/gpflow/kernels/test_kernels.py::test_periodic[5-1.3-2-lengthscales3-3.0-SquaredExponential] PASSED [ 25%]
../publishablew/GPflow/GPflow/tests/gpflow/kernels/test_kernels.py::test_periodic[5-1.3-2-lengthscales3-3.0-Matern12] PASSED [ 26%]
../publishablew/GPflow/GPflow/tests/gpflow/kernels/test_kernels.py::test_periodic[5-1.3-2-lengthscales3-3.0-Matern32] PASSED [ 27%]
../publishablew/GPflow/GPflow/tests/gpflow/kernels/test_kernels.py::test_periodic[5-1.3-2-lengthscales3-3.0-Matern52] PASSED [ 27%]
../publishablew/GPflow/GPflow/tests/gpflow/kernels/test_kernels.py::test_periodic[5-1.3-2-lengthscales4-period4-SquaredExponential] PASSED [ 28%]
../publishablew/GPflow/GPflow/tests/gpflow/kernels/test_kernels.py::test_periodic[5-1.3-2-lengthscales4-period4-Matern12] PASSED [ 28%]
../publishablew/GPflow/GPflow/tests/gpflow/kernels/test_kernels.py::test_periodic[5-1.3-2-lengthscales4-period4-Matern32] PASSED [ 29%]
../publishablew/GPflow/GPflow/tests/gpflow/kernels/test_kernels.py::test_periodic[5-1.3-2-lengthscales4-period4-Matern52] PASSED [ 29%]
../publishablew/GPflow/GPflow/tests/gpflow/kernels/test_kernels.py::test_periodic_diag[SquaredExponential] PASSED [ 30%]
../publishablew/GPflow/GPflow/tests/gpflow/kernels/test_kernels.py::test_periodic_diag[Matern12] PASSED [ 31%]
../publishablew/GPflow/GPflow/tests/gpflow/kernels/test_kernels.py::test_periodic_non_stationary_base_kernel PASSED [ 31%]
../publishablew/GPflow/GPflow/tests/gpflow/kernels/test_kernels.py::test_periodic_bad_ard_period PASSED [ 32%]
../publishablew/GPflow/GPflow/tests/gpflow/kernels/test_kernels.py::test_kernel_symmetry_1d_and_5d[10-kernel0-1] PASSED [ 32%]
../publishablew/GPflow/GPflow/tests/gpflow/kernels/test_kernels.py::test_kernel_symmetry_1d_and_5d[10-kernel0-5] PASSED [ 33%]
../publishablew/GPflow/GPflow/tests/gpflow/kernels/test_kernels.py::test_kernel_symmetry_1d_and_5d[10-kernel1-1] PASSED [ 33%]
../publishablew/GPflow/GPflow/tests/gpflow/kernels/test_kernels.py::test_kernel_symmetry_1d_and_5d[10-kernel1-5] PASSED [ 34%]
../publishablew/GPflow/GPflow/tests/gpflow/kernels/test_kernels.py::test_kernel_symmetry_1d_and_5d[10-kernel2-1] PASSED [ 35%]
../publishablew/GPflow/GPflow/tests/gpflow/kernels/test_kernels.py::test_kernel_symmetry_1d_and_5d[10-kernel2-5] PASSED [ 35%]
../publishablew/GPflow/GPflow/tests/gpflow/kernels/test_kernels.py::test_kernel_symmetry_1d_and_5d[10-kernel3-1] PASSED [ 36%]
../publishablew/GPflow/GPflow/tests/gpflow/kernels/test_kernels.py::test_kernel_symmetry_1d_and_5d[10-kernel3-5] PASSED [ 36%]
../publishablew/GPflow/GPflow/tests/gpflow/kernels/test_kernels.py::test_kernel_symmetry_1d_and_5d[10-kernel4-1] PASSED [ 37%]
../publishablew/GPflow/GPflow/tests/gpflow/kernels/test_kernels.py::test_kernel_symmetry_1d_and_5d[10-kernel4-5] PASSED [ 37%]
../publishablew/GPflow/GPflow/tests/gpflow/kernels/test_kernels.py::test_kernel_symmetry_1d_and_5d[10-kernel5-1] PASSED [ 38%]
../publishablew/GPflow/GPflow/tests/gpflow/kernels/test_kernels.py::test_kernel_symmetry_1d_and_5d[10-kernel5-5] PASSED [ 38%]
../publishablew/GPflow/GPflow/tests/gpflow/kernels/test_kernels.py::test_kernel_symmetry_1d_and_5d[10-kernel6-1] PASSED [ 39%]
../publishablew/GPflow/GPflow/tests/gpflow/kernels/test_kernels.py::test_kernel_symmetry_1d_and_5d[10-kernel6-5] PASSED [ 40%]
../publishablew/GPflow/GPflow/tests/gpflow/kernels/test_kernels.py::test_kernel_symmetry_1d_and_5d[10-kernel7-1] PASSED [ 40%]
../publishablew/GPflow/GPflow/tests/gpflow/kernels/test_kernels.py::test_kernel_symmetry_1d_and_5d[10-kernel7-5] PASSED [ 41%]
../publishablew/GPflow/GPflow/tests/gpflow/kernels/test_kernels.py::test_kernel_symmetry_1d_and_5d[10-kernel8-1] PASSED [ 41%]
../publishablew/GPflow/GPflow/tests/gpflow/kernels/test_kernels.py::test_kernel_symmetry_1d_and_5d[10-kernel8-5] PASSED [ 42%]
../publishablew/GPflow/GPflow/tests/gpflow/kernels/test_kernels.py::test_kernel_symmetry_1d_and_5d[10-kernel9-1] PASSED [ 42%]
../publishablew/GPflow/GPflow/tests/gpflow/kernels/test_kernels.py::test_kernel_symmetry_1d_and_5d[10-kernel9-5] PASSED [ 43%]
../publishablew/GPflow/GPflow/tests/gpflow/kernels/test_kernels.py::test_kernel_symmetry_1d_and_5d[10-kernel10-1] PASSED [ 44%]
../publishablew/GPflow/GPflow/tests/gpflow/kernels/test_kernels.py::test_kernel_symmetry_1d_and_5d[10-kernel10-5] PASSED [ 44%]
../publishablew/GPflow/GPflow/tests/gpflow/kernels/test_kernels.py::test_coregion_shape[10-12-1-3-2] PASSED [ 45%]
../publishablew/GPflow/GPflow/tests/gpflow/kernels/test_kernels.py::test_coregion_diag[10-1-3-2] PASSED [ 45%]
../publishablew/GPflow/GPflow/tests/gpflow/kernels/test_kernels.py::test_coregion_slice[10-1-3-2] PASSED [ 46%]
../publishablew/GPflow/GPflow/tests/gpflow/kernels/test_kernels.py::test_diags[30-3-kernel0] PASSED [ 46%]
../publishablew/GPflow/GPflow/tests/gpflow/kernels/test_kernels.py::test_diags[30-3-kernel1] PASSED [ 47%]
../publishablew/GPflow/GPflow/tests/gpflow/kernels/test_kernels.py::test_diags[30-3-kernel2] PASSED [ 48%]
../publishablew/GPflow/GPflow/tests/gpflow/kernels/test_kernels.py::test_diags[30-3-kernel3] PASSED [ 48%]
../publishablew/GPflow/GPflow/tests/gpflow/kernels/test_kernels.py::test_diags[30-3-kernel4] PASSED [ 49%]
../publishablew/GPflow/GPflow/tests/gpflow/kernels/test_kernels.py::test_diags[30-3-kernel5] PASSED [ 49%]
../publishablew/GPflow/GPflow/tests/gpflow/kernels/test_kernels.py::test_diags[30-3-kernel6] PASSED [ 50%]
../publishablew/GPflow/GPflow/tests/gpflow/kernels/test_kernels.py::test_diags[30-3-kernel7] PASSED [ 50%]
../publishablew/GPflow/GPflow/tests/gpflow/kernels/test_kernels.py::test_diags[30-3-kernel8] PASSED [ 51%]
../publishablew/GPflow/GPflow/tests/gpflow/kernels/test_kernels.py::test_diags[30-3-kernel9] PASSED [ 51%]
../publishablew/GPflow/GPflow/tests/gpflow/kernels/test_kernels.py::test_diags[30-3-kernel10] PASSED [ 52%]
../publishablew/GPflow/GPflow/tests/gpflow/kernels/test_kernels.py::test_diags[30-3-kernel11] PASSED [ 53%]
../publishablew/GPflow/GPflow/tests/gpflow/kernels/test_kernels.py::test_diags[30-3-kernel12] PASSED [ 53%]
../publishablew/GPflow/GPflow/tests/gpflow/kernels/test_kernels.py::test_diags[30-3-kernel13] PASSED [ 54%]
../publishablew/GPflow/GPflow/tests/gpflow/kernels/test_kernels.py::test_diags[30-3-kernel14] PASSED [ 54%]
../publishablew/GPflow/GPflow/tests/gpflow/kernels/test_kernels.py::test_diags[30-3-kernel15] PASSED [ 55%]
../publishablew/GPflow/GPflow/tests/gpflow/kernels/test_kernels.py::test_diags[30-3-kernel16] PASSED [ 55%]
../publishablew/GPflow/GPflow/tests/gpflow/kernels/test_kernels.py::test_conv_diag PASSED [ 56%]
../publishablew/GPflow/GPflow/tests/gpflow/kernels/test_kernels.py::test_add_symmetric[10-1] PASSED [ 57%]
../publishablew/GPflow/GPflow/tests/gpflow/kernels/test_kernels.py::test_add_asymmetric[10-12-1] PASSED [ 57%]
../publishablew/GPflow/GPflow/tests/gpflow/kernels/test_kernels.py::test_white[10-1] PASSED [ 58%]
../publishablew/GPflow/GPflow/tests/gpflow/kernels/test_kernels.py::test_slice_symmetric[20-2-kernel_triple0] PASSED [ 58%]
../publishablew/GPflow/GPflow/tests/gpflow/kernels/test_kernels.py::test_slice_symmetric[20-2-kernel_triple1] PASSED [ 59%]
../publishablew/GPflow/GPflow/tests/gpflow/kernels/test_kernels.py::test_slice_symmetric[20-2-kernel_triple2] PASSED [ 59%]
../publishablew/GPflow/GPflow/tests/gpflow/kernels/test_kernels.py::test_slice_symmetric[20-2-kernel_triple3] PASSED [ 60%]
../publishablew/GPflow/GPflow/tests/gpflow/kernels/test_kernels.py::test_slice_symmetric[20-2-kernel_triple4] PASSED [ 61%]
../publishablew/GPflow/GPflow/tests/gpflow/kernels/test_kernels.py::test_slice_symmetric[20-2-kernel_triple5] PASSED [ 61%]
../publishablew/GPflow/GPflow/tests/gpflow/kernels/test_kernels.py::test_slice_symmetric[20-2-kernel_triple6] PASSED [ 62%]
../publishablew/GPflow/GPflow/tests/gpflow/kernels/test_kernels.py::test_slice_symmetric[20-2-kernel_triple7] PASSED [ 62%]
../publishablew/GPflow/GPflow/tests/gpflow/kernels/test_kernels.py::test_slice_symmetric[20-2-kernel_triple8] PASSED [ 63%]
../publishablew/GPflow/GPflow/tests/gpflow/kernels/test_kernels.py::test_slice_symmetric[20-2-kernel_triple9] PASSED [ 63%]
../publishablew/GPflow/GPflow/tests/gpflow/kernels/test_kernels.py::test_slice_asymmetric[10-12-2-kernel_triple0] PASSED [ 64%]
../publishablew/GPflow/GPflow/tests/gpflow/kernels/test_kernels.py::test_slice_asymmetric[10-12-2-kernel_triple1] PASSED [ 64%]
../publishablew/GPflow/GPflow/tests/gpflow/kernels/test_kernels.py::test_slice_asymmetric[10-12-2-kernel_triple2] PASSED [ 65%]
../publishablew/GPflow/GPflow/tests/gpflow/kernels/test_kernels.py::test_slice_asymmetric[10-12-2-kernel_triple3] PASSED [ 66%]
../publishablew/GPflow/GPflow/tests/gpflow/kernels/test_kernels.py::test_slice_asymmetric[10-12-2-kernel_triple4] PASSED [ 66%]
../publishablew/GPflow/GPflow/tests/gpflow/kernels/test_kernels.py::test_slice_asymmetric[10-12-2-kernel_triple5] PASSED [ 67%]
../publishablew/GPflow/GPflow/tests/gpflow/kernels/test_kernels.py::test_slice_asymmetric[10-12-2-kernel_triple6] PASSED [ 67%]
../publishablew/GPflow/GPflow/tests/gpflow/kernels/test_kernels.py::test_slice_asymmetric[10-12-2-kernel_triple7] PASSED [ 68%]
../publishablew/GPflow/GPflow/tests/gpflow/kernels/test_kernels.py::test_slice_asymmetric[10-12-2-kernel_triple8] PASSED [ 68%]
../publishablew/GPflow/GPflow/tests/gpflow/kernels/test_kernels.py::test_slice_asymmetric[10-12-2-kernel_triple9] PASSED [ 69%]
../publishablew/GPflow/GPflow/tests/gpflow/kernels/test_kernels.py::test_product[30-2] PASSED [ 70%]
../publishablew/GPflow/GPflow/tests/gpflow/kernels/test_kernels.py::test_active_product[30-4] PASSED [ 70%]
../publishablew/GPflow/GPflow/tests/gpflow/kernels/test_kernels.py::test_active_product[10-7] PASSED [ 71%]
../publishablew/GPflow/GPflow/tests/gpflow/kernels/test_kernels.py::test_ard_init_scalar[4] PASSED [ 71%]
../publishablew/GPflow/GPflow/tests/gpflow/kernels/test_kernels.py::test_ard_init_scalar[7] PASSED [ 72%]
../publishablew/GPflow/GPflow/tests/gpflow/kernels/test_kernels.py::test_ard_invalid_active_dims PASSED [ 72%]
../publishablew/GPflow/GPflow/tests/gpflow/kernels/test_kernels.py::test_ard_property[1.0-False-SquaredExponential-lengthscales] PASSED [ 73%]
../publishablew/GPflow/GPflow/tests/gpflow/kernels/test_kernels.py::test_ard_property[1.0-False-Linear-variance] PASSED [ 74%]
../publishablew/GPflow/GPflow/tests/gpflow/kernels/test_kernels.py::test_ard_property[1.0-False-ArcCosine-weight_variances] PASSED [ 74%]
../publishablew/GPflow/GPflow/tests/gpflow/kernels/test_kernels.py::test_ard_property[1.0-False-Cosine-lengthscales] PASSED [ 75%]
../publishablew/GPflow/GPflow/tests/gpflow/kernels/test_kernels.py::test_ard_property[param_value1-True-SquaredExponential-lengthscales] PASSED [ 75%]
../publishablew/GPflow/GPflow/tests/gpflow/kernels/test_kernels.py::test_ard_property[param_value1-True-Linear-variance] PASSED [ 76%]
../publishablew/GPflow/GPflow/tests/gpflow/kernels/test_kernels.py::test_ard_property[param_value1-True-ArcCosine-weight_variances] PASSED [ 76%]
../publishablew/GPflow/GPflow/tests/gpflow/kernels/test_kernels.py::test_ard_property[param_value1-True-Cosine-lengthscales] PASSED [ 77%]
../publishablew/GPflow/GPflow/tests/gpflow/kernels/test_kernels.py::test_ard_property[param_value2-True-SquaredExponential-lengthscales] PASSED [ 77%]
../publishablew/GPflow/GPflow/tests/gpflow/kernels/test_kernels.py::test_ard_property[param_value2-True-Linear-variance] PASSED [ 78%]
../publishablew/GPflow/GPflow/tests/gpflow/kernels/test_kernels.py::test_ard_property[param_value2-True-ArcCosine-weight_variances] PASSED [ 79%]
../publishablew/GPflow/GPflow/tests/gpflow/kernels/test_kernels.py::test_ard_property[param_value2-True-Cosine-lengthscales] PASSED [ 79%]
../publishablew/GPflow/GPflow/tests/gpflow/kernels/test_kernels.py::test_changepoints_init_fail[locations0-1.0-Number of kernels \\(3\\) must be one more than the number of changepoint locations \\(1\\)] PASSED [ 80%]
../publishablew/GPflow/GPflow/tests/gpflow/kernels/test_kernels.py::test_changepoints_init_fail[locations1-steepness1-Dimension of steepness \\(1\\) does not match number of changepoint locations \\(2\\)] PASSED [ 80%]
../publishablew/GPflow/GPflow/tests/gpflow/kernels/test_kernels.py::test_changepoints[kernels0-locations0-5.0-2] PASSED [ 81%]
../publishablew/GPflow/GPflow/tests/gpflow/kernels/test_kernels.py::test_changepoints[kernels0-locations0-5.0-10] PASSED [ 81%]
../publishablew/GPflow/GPflow/tests/gpflow/kernels/test_kernels.py::test_changepoints[kernels1-locations1-5.0-2] PASSED [ 82%]
../publishablew/GPflow/GPflow/tests/gpflow/kernels/test_kernels.py::test_changepoints[kernels1-locations1-5.0-10] PASSED [ 83%]
../publishablew/GPflow/GPflow/tests/gpflow/kernels/test_kernels.py::test_changepoints[kernels2-locations2-steepness2-2] PASSED [ 83%]
../publishablew/GPflow/GPflow/tests/gpflow/kernels/test_kernels.py::test_changepoints[kernels2-locations2-steepness2-10] PASSED [ 84%]
../publishablew/GPflow/GPflow/tests/gpflow/kernels/test_kernels.py::test_changepoints[kernels3-locations3-5.0-2] PASSED [ 84%]
../publishablew/GPflow/GPflow/tests/gpflow/kernels/test_kernels.py::test_changepoints[kernels3-locations3-5.0-10] PASSED [ 85%]
../publishablew/GPflow/GPflow/tests/gpflow/kernels/test_kernels.py::test_on_separate_dims[active_dims_10-None-False] PASSED [ 85%]
../publishablew/GPflow/GPflow/tests/gpflow/kernels/test_kernels.py::test_on_separate_dims[None-active_dims_21-False] PASSED [ 86%]
../publishablew/GPflow/GPflow/tests/gpflow/kernels/test_kernels.py::test_on_separate_dims[None-None-False] PASSED [ 87%]
../publishablew/GPflow/GPflow/tests/gpflow/kernels/test_kernels.py::test_on_separate_dims[active_dims_13-active_dims_23-False] PASSED [ 87%]
../publishablew/GPflow/GPflow/tests/gpflow/kernels/test_kernels.py::test_on_separate_dims[active_dims_14-active_dims_24-True] PASSED [ 88%]
../publishablew/GPflow/GPflow/tests/gpflow/kernels/test_kernels.py::test_kernel_call_diag_and_X2_errors[kernel0] PASSED [ 88%]
../publishablew/GPflow/GPflow/tests/gpflow/kernels/test_kernels.py::test_kernel_call_diag_and_X2_errors[kernel1] PASSED [ 89%]
../publishablew/GPflow/GPflow/tests/gpflow/kernels/test_kernels.py::test_kernel_call_diag_and_X2_errors[kernel2] PASSED [ 89%]
../publishablew/GPflow/GPflow/tests/gpflow/kernels/test_kernels.py::test_kernel_call_diag_and_X2_errors[kernel3] PASSED [ 90%]
../publishablew/GPflow/GPflow/tests/gpflow/kernels/test_kernels.py::test_kernel_call_diag_and_X2_errors[kernel4] PASSED [ 90%]
../publishablew/GPflow/GPflow/tests/gpflow/kernels/test_kernels.py::test_kernel_call_diag_and_X2_errors[kernel5] PASSED [ 91%]
../publishablew/GPflow/GPflow/tests/gpflow/kernels/test_kernels.py::test_kernel_call_diag_and_X2_errors[kernel6] PASSED [ 92%]
../publishablew/GPflow/GPflow/tests/gpflow/kernels/test_kernels.py::test_kernel_call_diag_and_X2_errors[kernel7] PASSED [ 92%]
../publishablew/GPflow/GPflow/tests/gpflow/kernels/test_kernels.py::test_kernel_call_diag_and_X2_errors[kernel8] PASSED [ 93%]
../publishablew/GPflow/GPflow/tests/gpflow/kernels/test_kernels.py::test_kernel_call_diag_and_X2_errors[kernel9] PASSED [ 93%]
../publishablew/GPflow/GPflow/tests/gpflow/kernels/test_kernels.py::test_kernel_call_diag_and_X2_errors[kernel10] PASSED [ 94%]
../publishablew/GPflow/GPflow/tests/gpflow/kernels/test_kernels.py::test_kernel_call_diag_and_X2_errors[kernel11] PASSED [ 94%]
../publishablew/GPflow/GPflow/tests/gpflow/kernels/test_kernels.py::test_kernel_call_diag_and_X2_errors[kernel12] PASSED [ 95%]
../publishablew/GPflow/GPflow/tests/gpflow/kernels/test_kernels.py::test_kernel_call_diag_and_X2_errors[kernel13] PASSED [ 96%]
../publishablew/GPflow/GPflow/tests/gpflow/kernels/test_kernels.py::test_kernel_call_diag_and_X2_errors[kernel14] PASSED [ 96%]
../publishablew/GPflow/GPflow/tests/gpflow/kernels/test_kernels.py::test_kernel_call_diag_and_X2_errors[kernel15] PASSED [ 97%]
../publishablew/GPflow/GPflow/tests/gpflow/kernels/test_kernels.py::test_kernel_call_diag_and_X2_errors[kernel16] PASSED [ 97%]
../publishablew/GPflow/GPflow/tests/gpflow/kernels/test_kernels.py::test_periodic_active_dims_matches PASSED [ 98%]
../publishablew/GPflow/GPflow/tests/gpflow/kernels/test_kernels.py::test_latent_kernels PASSED [ 98%]
../publishablew/GPflow/GPflow/tests/gpflow/kernels/test_kernels.py::test_combination_LMC_kernels PASSED [ 99%]
../publishablew/GPflow/GPflow/tests/gpflow/kernels/test_kernels.py::test_concat_inputs_with_latents PASSED [100%]

=============================== warnings summary ===============================
../publishablew/GPflow/GPflow/venv/lib/python3.11/site-packages/tensorflow_probability/python/__init__.py:57
  /local/data0/moved_data/publishablew/GPflow/GPflow/venv/lib/python3.11/site-packages/tensorflow_probability/python/__init__.py:57: DeprecationWarning: distutils Version classes are deprecated. Use packaging.version instead.
    if (distutils.version.LooseVersion(tf.__version__) <

../publishablew/GPflow/GPflow/venv/lib/python3.11/site-packages/tensorflow_probability/python/__init__.py:58
  /local/data0/moved_data/publishablew/GPflow/GPflow/venv/lib/python3.11/site-packages/tensorflow_probability/python/__init__.py:58: DeprecationWarning: distutils Version classes are deprecated. Use packaging.version instead.
    distutils.version.LooseVersion(required_tensorflow_version)):

-- Docs: https://docs.pytest.org/en/stable/how-to/capture-warnings.html
======================= 177 passed, 2 warnings in 11.05s =======================
