output file:
processed_small-textrandom_initialization_stratified82.json
function:
random_initialization_stratified
Error Cases:

Pass or Failed: 0

Related Failed Test Cases:
{'../publishablew/small-text/small-text/tests/unit/small_text/initialization/test_strategies.py::RandomInitializationStratifiedTest::test_random_initialization_stratified_multilabel FAILED', 'FAILED ../publishablew/small-text/small-text/tests/unit/small_text/initialization/test_strategies.py::RandomInitializationStratifiedTest::test_random_initialization_stratified', '../publishablew/small-text/small-text/tests/unit/small_text/initialization/test_strategies.py::RandomInitializationStratifiedTest::test_random_initialization_stratified FAILED', 'FAILED ../publishablew/small-text/small-text/tests/unit/small_text/initialization/test_strategies.py::RandomInitializationStratifiedTest::test_random_initialization_stratified_num_samples_too_large', 'FAILED ../publishablew/small-text/small-text/tests/unit/small_text/initialization/test_strategies.py::RandomInitializationStratifiedTest::test_random_initialization_stratified_multilabel', '../publishablew/small-text/small-text/tests/unit/small_text/initialization/test_strategies.py::RandomInitializationStratifiedTest::test_random_initialization_stratified_num_samples_too_large FAILED'}

All Test Cases On Generated code:
============================= test session starts ==============================
platform linux -- Python 3.11.10, pytest-8.3.4, pluggy-1.5.0 -- /local/data0/moved_data/publishablew/small-text/small-text/venv/bin/python
cachedir: .pytest_cache
rootdir: /local/data0/moved_data/publishablew/small-text/small-text
configfile: pytest.ini
plugins: srcpaths-1.2.1, cov-6.0.0, approvaltests-14.2.0, approvaltests-0.2.4
collecting ... collected 4 items

../publishablew/small-text/small-text/tests/unit/small_text/initialization/test_strategies.py::RandomInitializationStratifiedTest::test_random_initialization_stratified FAILED
../publishablew/small-text/small-text/tests/unit/small_text/initialization/test_strategies.py::RandomInitializationStratifiedTest::test_random_initialization_stratified_multilabel FAILED
../publishablew/small-text/small-text/tests/unit/small_text/initialization/test_strategies.py::RandomInitializationStratifiedTest::test_random_initialization_stratified_multilabel_illegal_strategy PASSED
../publishablew/small-text/small-text/tests/unit/small_text/initialization/test_strategies.py::RandomInitializationStratifiedTest::test_random_initialization_stratified_num_samples_too_large FAILED

=================================== FAILURES ===================================
___ RandomInitializationStratifiedTest.test_random_initialization_stratified ___

self = <tests.unit.small_text.initialization.test_strategies.RandomInitializationStratifiedTest testMethod=test_random_initialization_stratified>
stratified_sampling_mock = <MagicMock name='stratified_sampling' id='134604298092752'>

    @patch('small_text.initialization.strategies.stratified_sampling',
           wraps=stratified_sampling)
    def test_random_initialization_stratified(self, stratified_sampling_mock):
        n_samples = 10
        y = np.array([0]*10 + [1]*10 + [2]*10 + [3]*70)
        indices = random_initialization_stratified(y, n_samples=n_samples)
        stratified_labels = [y[i] for i in indices]
    
>       stratified_sampling_mock.assert_called_with(y, n_samples=n_samples)

../publishablew/small-text/small-text/tests/unit/small_text/initialization/test_strategies.py:42: 
_ _ _ _ _ _ _ _ _ _ _ _ _ _ _ _ _ _ _ _ _ _ _ _ _ _ _ _ _ _ _ _ _ _ _ _ _ _ _ _ 

self = <MagicMock name='stratified_sampling' id='134604298092752'>
args = (array([0, 0, 0, 0, 0, 0, 0, 0, 0, 0, 1, 1, 1, 1, 1, 1, 1, 1, 1, 1, 2, 2,
       2, 2, 2, 2, 2, 2, 2, 2, 3, 3, 3, 3, 3...
       3, 3, 3, 3, 3, 3, 3, 3, 3, 3, 3, 3, 3, 3, 3, 3, 3, 3, 3, 3, 3, 3,
       3, 3, 3, 3, 3, 3, 3, 3, 3, 3, 3, 3]),)
kwargs = {'n_samples': 10}
expected = 'stratified_sampling(array([0, 0, 0, 0, 0, 0, 0, 0, 0, 0, 1, 1, 1, 1, 1, 1, 1, 1, 1, 1, 2, 2,\n       2, 2, 2, 2, 2, 2..., 3, 3, 3, 3, 3, 3, 3, 3, 3, 3, 3, 3, 3, 3, 3, 3, 3, 3, 3,\n       3, 3, 3, 3, 3, 3, 3, 3, 3, 3, 3, 3]), n_samples=10)'
actual = 'not called.'
error_message = 'expected call not found.\nExpected: stratified_sampling(array([0, 0, 0, 0, 0, 0, 0, 0, 0, 0, 1, 1, 1, 1, 1, 1, 1, 1, ...3, 3, 3, 3, 3, 3, 3, 3, 3, 3, 3, 3,\n       3, 3, 3, 3, 3, 3, 3, 3, 3, 3, 3, 3]), n_samples=10)\n  Actual: not called.'

    def assert_called_with(self, /, *args, **kwargs):
        """assert that the last call was made with the specified arguments.
    
        Raises an AssertionError if the args and keyword args passed in are
        different to the last call to the mock."""
        if self.call_args is None:
            expected = self._format_mock_call_signature(args, kwargs)
            actual = 'not called.'
            error_message = ('expected call not found.\nExpected: %s\n  Actual: %s'
                    % (expected, actual))
>           raise AssertionError(error_message)
E           AssertionError: expected call not found.
E           Expected: stratified_sampling(array([0, 0, 0, 0, 0, 0, 0, 0, 0, 0, 1, 1, 1, 1, 1, 1, 1, 1, 1, 1, 2, 2,
E                  2, 2, 2, 2, 2, 2, 2, 2, 3, 3, 3, 3, 3, 3, 3, 3, 3, 3, 3, 3, 3, 3,
E                  3, 3, 3, 3, 3, 3, 3, 3, 3, 3, 3, 3, 3, 3, 3, 3, 3, 3, 3, 3, 3, 3,
E                  3, 3, 3, 3, 3, 3, 3, 3, 3, 3, 3, 3, 3, 3, 3, 3, 3, 3, 3, 3, 3, 3,
E                  3, 3, 3, 3, 3, 3, 3, 3, 3, 3, 3, 3]), n_samples=10)
E             Actual: not called.

/usr/lib/python3.11/unittest/mock.py:930: AssertionError
_ RandomInitializationStratifiedTest.test_random_initialization_stratified_multilabel _

self = <tests.unit.small_text.initialization.test_strategies.RandomInitializationStratifiedTest testMethod=test_random_initialization_stratified_multilabel>

    def test_random_initialization_stratified_multilabel(self):
        y = np.array([[0, 0, 0, 0]]*10
                     + [[0, 0, 0, 1]]*10
                     + [[0, 0, 1, 0]]*10
                     + [[0, 1, 0, 0]]*10
                     + [[0, 1, 0, 1]]*10
                     + [[1, 0, 0, 0]]*50)
        y = csr_matrix(y)
    
>       indices = random_initialization_stratified(y)

../publishablew/small-text/small-text/tests/unit/small_text/initialization/test_strategies.py:62: 
_ _ _ _ _ _ _ _ _ _ _ _ _ _ _ _ _ _ _ _ _ _ _ _ _ _ _ _ _ _ _ _ _ _ _ _ _ _ _ _ 
../publishablew/small-text/small-text/small_text/initialization/strategies.py:27: in random_initialization_stratified
    return random_initialization_stratified(y, n_samples, multilabel_strategy)
../publishablew/small-text/small-text/small_text/initialization/temp.py:35: in random_initialization_stratified
    return multilabel_stratified_subsets_sampling(y, n_samples)
../publishablew/small-text/small-text/small_text/initialization/temp.py:23: in multilabel_stratified_subsets_sampling
    labelset_ratios = labelset_counts / len(y)
_ _ _ _ _ _ _ _ _ _ _ _ _ _ _ _ _ _ _ _ _ _ _ _ _ _ _ _ _ _ _ _ _ _ _ _ _ _ _ _ 

self = <100x4 sparse matrix of type '<class 'numpy.int64'>'
	with 100 stored elements in Compressed Sparse Row format>

    def __len__(self):
>       raise TypeError("sparse array length is ambiguous; use getnnz()"
                        " or shape[0]")
E       TypeError: sparse array length is ambiguous; use getnnz() or shape[0]

../publishablew/small-text/small-text/venv/lib/python3.11/site-packages/scipy/sparse/_base.py:404: TypeError
_ RandomInitializationStratifiedTest.test_random_initialization_stratified_num_samples_too_large _

self = <tests.unit.small_text.initialization.test_strategies.RandomInitializationStratifiedTest testMethod=test_random_initialization_stratified_num_samples_too_large>

    def test_random_initialization_stratified_num_samples_too_large(self):
        y = np.array([0]*25 + [1]*25 + [2]*25 + [3]*25)
    
>       with self.assertRaises(ValueError):
E       AssertionError: ValueError not raised

../publishablew/small-text/small-text/tests/unit/small_text/initialization/test_strategies.py:50: AssertionError
=========================== short test summary info ============================
FAILED ../publishablew/small-text/small-text/tests/unit/small_text/initialization/test_strategies.py::RandomInitializationStratifiedTest::test_random_initialization_stratified
FAILED ../publishablew/small-text/small-text/tests/unit/small_text/initialization/test_strategies.py::RandomInitializationStratifiedTest::test_random_initialization_stratified_multilabel
FAILED ../publishablew/small-text/small-text/tests/unit/small_text/initialization/test_strategies.py::RandomInitializationStratifiedTest::test_random_initialization_stratified_num_samples_too_large
========================= 3 failed, 1 passed in 1.60s ==========================


Final Test Result:
============================= test session starts ==============================
platform linux -- Python 3.11.10, pytest-8.3.4, pluggy-1.5.0 -- /local/data0/moved_data/publishablew/small-text/small-text/venv/bin/python
cachedir: .pytest_cache
rootdir: /local/data0/moved_data/publishablew/small-text/small-text
configfile: pytest.ini
plugins: srcpaths-1.2.1, cov-6.0.0, approvaltests-14.2.0, approvaltests-0.2.4
collecting ... collected 4 items

../publishablew/small-text/small-text/tests/unit/small_text/initialization/test_strategies.py::RandomInitializationStratifiedTest::test_random_initialization_stratified PASSED
../publishablew/small-text/small-text/tests/unit/small_text/initialization/test_strategies.py::RandomInitializationStratifiedTest::test_random_initialization_stratified_multilabel PASSED
../publishablew/small-text/small-text/tests/unit/small_text/initialization/test_strategies.py::RandomInitializationStratifiedTest::test_random_initialization_stratified_multilabel_illegal_strategy PASSED
../publishablew/small-text/small-text/tests/unit/small_text/initialization/test_strategies.py::RandomInitializationStratifiedTest::test_random_initialization_stratified_num_samples_too_large PASSED

============================== 4 passed in 1.48s ===============================


Initial Result:
============================= test session starts ==============================
platform linux -- Python 3.11.10, pytest-8.3.4, pluggy-1.5.0 -- /local/data0/moved_data/publishablew/small-text/small-text/venv/bin/python
cachedir: .pytest_cache
rootdir: /local/data0/moved_data/publishablew/small-text/small-text
configfile: pytest.ini
plugins: srcpaths-1.2.1, cov-6.0.0, approvaltests-14.2.0, approvaltests-0.2.4
collecting ... collected 4 items

../publishablew/small-text/small-text/tests/unit/small_text/initialization/test_strategies.py::RandomInitializationStratifiedTest::test_random_initialization_stratified PASSED
../publishablew/small-text/small-text/tests/unit/small_text/initialization/test_strategies.py::RandomInitializationStratifiedTest::test_random_initialization_stratified_multilabel PASSED
../publishablew/small-text/small-text/tests/unit/small_text/initialization/test_strategies.py::RandomInitializationStratifiedTest::test_random_initialization_stratified_multilabel_illegal_strategy PASSED
../publishablew/small-text/small-text/tests/unit/small_text/initialization/test_strategies.py::RandomInitializationStratifiedTest::test_random_initialization_stratified_num_samples_too_large PASSED

============================== 4 passed in 1.60s ===============================
