output file:
processed_small-textempty_result83.json
function:
empty_result
Error Cases:

Pass or Failed: 0

Related Failed Test Cases:
{'FAILED ../publishablew/small-text/small-text/tests/unit/small_text/utils/test_classification.py::ClassificationUtilsTest::test_empty_result_single_label_prediction', '../publishablew/small-text/small-text/tests/unit/small_text/utils/test_classification.py::ClassificationUtilsTest::test_empty_result_single_label_both FAILED', '../publishablew/small-text/small-text/tests/unit/small_text/utils/test_classification.py::ClassificationUtilsTest::test_empty_result_single_label_prediction FAILED', 'FAILED ../publishablew/small-text/small-text/tests/unit/small_text/utils/test_classification.py::ClassificationUtilsTest::test_empty_result_single_label_both'}

All Test Cases On Generated code:
============================= test session starts ==============================
platform linux -- Python 3.11.10, pytest-8.3.4, pluggy-1.5.0 -- /local/data0/moved_data/publishablew/small-text/small-text/venv/bin/python
cachedir: .pytest_cache
rootdir: /local/data0/moved_data/publishablew/small-text/small-text
configfile: pytest.ini
plugins: srcpaths-1.2.1, cov-6.0.0, approvaltests-14.2.0, approvaltests-0.2.4
collecting ... collected 8 items

../publishablew/small-text/small-text/tests/unit/small_text/utils/test_classification.py::ClassificationUtilsTest::test_empty_result_invalid_call PASSED
../publishablew/small-text/small-text/tests/unit/small_text/utils/test_classification.py::ClassificationUtilsTest::test_empty_result_single_label_both FAILED
../publishablew/small-text/small-text/tests/unit/small_text/utils/test_classification.py::ClassificationUtilsTest::test_empty_result_single_label_prediction FAILED
../publishablew/small-text/small-text/tests/unit/small_text/utils/test_classification.py::ClassificationUtilsTest::test_empty_result_single_label_proba PASSED
../publishablew/small-text/small-text/tests/unit/small_text/utils/test_classification.py::ClassificationUtilsTest::test_prediction_result PASSED
../publishablew/small-text/small-text/tests/unit/small_text/utils/test_classification.py::ClassificationUtilsTest::test_prediction_result_multilabel PASSED
../publishablew/small-text/small-text/tests/unit/small_text/utils/test_classification.py::ClassificationUtilsTest::test_prediction_result_multilabel_with_proba PASSED
../publishablew/small-text/small-text/tests/unit/small_text/utils/test_classification.py::ClassificationUtilsTest::test_prediction_result_with_proba PASSED

=================================== FAILURES ===================================
_________ ClassificationUtilsTest.test_empty_result_single_label_both __________

self = <tests.unit.small_text.utils.test_classification.ClassificationUtilsTest testMethod=test_empty_result_single_label_both>

    def test_empty_result_single_label_both(self):
        num_labels = 3
        prediction, proba = empty_result(False, num_labels)
    
        self.assertTrue(isinstance(prediction, np.ndarray))
        self.assertEqual(np.int64, prediction.dtype)
>       self.assertEqual((0, 3), prediction.shape)
E       AssertionError: Tuples differ: (0, 3) != (0,)
E       
E       First tuple contains 1 additional elements.
E       First extra element 1:
E       3
E       
E       - (0, 3)
E       ?    --
E       
E       + (0,)

../publishablew/small-text/small-text/tests/unit/small_text/utils/test_classification.py:99: AssertionError
______ ClassificationUtilsTest.test_empty_result_single_label_prediction _______

self = <tests.unit.small_text.utils.test_classification.ClassificationUtilsTest testMethod=test_empty_result_single_label_prediction>

    def test_empty_result_single_label_prediction(self):
        num_labels = 3
        prediction = empty_result(False, num_labels, return_proba=False)
    
        self.assertTrue(isinstance(prediction, np.ndarray))
        self.assertEqual(np.int64, prediction.dtype)
>       self.assertEqual((0, 3), prediction.shape)
E       AssertionError: Tuples differ: (0, 3) != (0,)
E       
E       First tuple contains 1 additional elements.
E       First extra element 1:
E       3
E       
E       - (0, 3)
E       ?    --
E       
E       + (0,)

../publishablew/small-text/small-text/tests/unit/small_text/utils/test_classification.py:83: AssertionError
=========================== short test summary info ============================
FAILED ../publishablew/small-text/small-text/tests/unit/small_text/utils/test_classification.py::ClassificationUtilsTest::test_empty_result_single_label_both
FAILED ../publishablew/small-text/small-text/tests/unit/small_text/utils/test_classification.py::ClassificationUtilsTest::test_empty_result_single_label_prediction
========================= 2 failed, 6 passed in 1.68s ==========================


Final Test Result:
============================= test session starts ==============================
platform linux -- Python 3.11.10, pytest-8.3.4, pluggy-1.5.0 -- /local/data0/moved_data/publishablew/small-text/small-text/venv/bin/python
cachedir: .pytest_cache
rootdir: /local/data0/moved_data/publishablew/small-text/small-text
configfile: pytest.ini
plugins: srcpaths-1.2.1, cov-6.0.0, approvaltests-14.2.0, approvaltests-0.2.4
collecting ... collected 8 items

../publishablew/small-text/small-text/tests/unit/small_text/utils/test_classification.py::ClassificationUtilsTest::test_empty_result_invalid_call PASSED
../publishablew/small-text/small-text/tests/unit/small_text/utils/test_classification.py::ClassificationUtilsTest::test_empty_result_single_label_both PASSED
../publishablew/small-text/small-text/tests/unit/small_text/utils/test_classification.py::ClassificationUtilsTest::test_empty_result_single_label_prediction PASSED
../publishablew/small-text/small-text/tests/unit/small_text/utils/test_classification.py::ClassificationUtilsTest::test_empty_result_single_label_proba PASSED
../publishablew/small-text/small-text/tests/unit/small_text/utils/test_classification.py::ClassificationUtilsTest::test_prediction_result PASSED
../publishablew/small-text/small-text/tests/unit/small_text/utils/test_classification.py::ClassificationUtilsTest::test_prediction_result_multilabel PASSED
../publishablew/small-text/small-text/tests/unit/small_text/utils/test_classification.py::ClassificationUtilsTest::test_prediction_result_multilabel_with_proba PASSED
../publishablew/small-text/small-text/tests/unit/small_text/utils/test_classification.py::ClassificationUtilsTest::test_prediction_result_with_proba PASSED

============================== 8 passed in 1.66s ===============================


Initial Result:
============================= test session starts ==============================
platform linux -- Python 3.11.10, pytest-8.3.4, pluggy-1.5.0 -- /local/data0/moved_data/publishablew/small-text/small-text/venv/bin/python
cachedir: .pytest_cache
rootdir: /local/data0/moved_data/publishablew/small-text/small-text
configfile: pytest.ini
plugins: srcpaths-1.2.1, cov-6.0.0, approvaltests-14.2.0, approvaltests-0.2.4
collecting ... collected 8 items

../publishablew/small-text/small-text/tests/unit/small_text/utils/test_classification.py::ClassificationUtilsTest::test_empty_result_invalid_call PASSED
../publishablew/small-text/small-text/tests/unit/small_text/utils/test_classification.py::ClassificationUtilsTest::test_empty_result_single_label_both PASSED
../publishablew/small-text/small-text/tests/unit/small_text/utils/test_classification.py::ClassificationUtilsTest::test_empty_result_single_label_prediction PASSED
../publishablew/small-text/small-text/tests/unit/small_text/utils/test_classification.py::ClassificationUtilsTest::test_empty_result_single_label_proba PASSED
../publishablew/small-text/small-text/tests/unit/small_text/utils/test_classification.py::ClassificationUtilsTest::test_prediction_result PASSED
../publishablew/small-text/small-text/tests/unit/small_text/utils/test_classification.py::ClassificationUtilsTest::test_prediction_result_multilabel PASSED
../publishablew/small-text/small-text/tests/unit/small_text/utils/test_classification.py::ClassificationUtilsTest::test_prediction_result_multilabel_with_proba PASSED
../publishablew/small-text/small-text/tests/unit/small_text/utils/test_classification.py::ClassificationUtilsTest::test_prediction_result_with_proba PASSED

============================== 8 passed in 1.63s ===============================
