output file:
processed_visionsolarize274.json
function:
solarize
Error Cases:

Pass or Failed: 0

Related Failed Test Cases:
{'../publishablew/vision/vision/test/test_functional_tensor.py::test_solarize2[3-config4-dtype0-cuda] FAILED', '../publishablew/vision/vision/test/test_functional_tensor.py::test_solarize2[1-config4-dtype1-cuda] FAILED', 'FAILED ../publishablew/vision/vision/test/test_functional_tensor.py::test_solarize2[1-config4-dtype1-cuda]', 'FAILED ../publishablew/vision/vision/test/test_functional_tensor.py::test_solarize2[1-config3-dtype1-cuda]', 'FAILED ../publishablew/vision/vision/test/test_functional_tensor.py::test_solarize2[3-config3-dtype0-cpu]', 'FAILED ../publishablew/vision/vision/test/test_functional_tensor.py::test_solarize2[3-config4-dtype0-cpu]', '../publishablew/vision/vision/test/test_functional_tensor.py::test_solarize2[1-config2-dtype1-cuda] FAILED', 'FAILED ../publishablew/vision/vision/test/test_functional_tensor.py::test_solarize2[1-config4-dtype0-cpu]', '../publishablew/vision/vision/test/test_functional_tensor.py::test_solarize2[1-config1-dtype0-cuda] FAILED', '../publishablew/vision/vision/test/test_functional_tensor.py::test_solarize2[1-config4-dtype0-cuda] FAILED', 'FAILED ../publishablew/vision/vision/test/test_functional_tensor.py::test_solarize2[1-config4-dtype1-cpu]', '../publishablew/vision/vision/test/test_functional_tensor.py::test_solarize2[1-config3-dtype0-cpu] FAILED', 'FAILED ../publishablew/vision/vision/test/test_functional_tensor.py::test_solarize2[3-config2-dtype0-cpu]', 'FAILED ../publishablew/vision/vision/test/test_functional_tensor.py::test_solarize2[3-config0-dtype0-cuda]', '../publishablew/vision/vision/test/test_functional_tensor.py::test_solarize2[3-config4-dtype0-cpu] FAILED', 'FAILED ../publishablew/vision/vision/test/test_functional_tensor.py::test_solarize2[3-config1-dtype1-cuda]', 'FAILED ../publishablew/vision/vision/test/test_functional_tensor.py::test_solarize2[3-config0-dtype1-cuda]', 'FAILED ../publishablew/vision/vision/test/test_functional_tensor.py::test_solarize2[1-config0-dtype1-cpu]', '../publishablew/vision/vision/test/test_functional_tensor.py::test_solarize2[1-config1-dtype0-cpu] FAILED', '../publishablew/vision/vision/test/test_functional_tensor.py::test_solarize2[3-config3-dtype1-cuda] FAILED', 'FAILED ../publishablew/vision/vision/test/test_functional_tensor.py::test_solarize2[3-config4-dtype0-cuda]', 'FAILED ../publishablew/vision/vision/test/test_functional_tensor.py::test_solarize2[3-config0-dtype1-cpu]', '../publishablew/vision/vision/test/test_functional_tensor.py::test_solarize2[1-config2-dtype1-cpu] FAILED', 'FAILED ../publishablew/vision/vision/test/test_functional_tensor.py::test_solarize2[1-config2-dtype1-cuda]', '../publishablew/vision/vision/test/test_functional_tensor.py::test_solarize2[1-config0-dtype0-cuda] FAILED', '../publishablew/vision/vision/test/test_functional_tensor.py::test_solarize2[3-config0-dtype1-cpu] FAILED', '../publishablew/vision/vision/test/test_functional_tensor.py::test_solarize2[3-config0-dtype0-cuda] FAILED', '../publishablew/vision/vision/test/test_functional_tensor.py::test_solarize2[1-config0-dtype0-cpu] FAILED', '../publishablew/vision/vision/test/test_functional_tensor.py::test_solarize2[3-config2-dtype1-cuda] FAILED', 'FAILED ../publishablew/vision/vision/test/test_functional_tensor.py::test_solarize2[3-config3-dtype0-cuda]', 'FAILED ../publishablew/vision/vision/test/test_functional_tensor.py::test_solarize2[1-config3-dtype0-cuda]', 'FAILED ../publishablew/vision/vision/test/test_functional_tensor.py::test_solarize2[1-config2-dtype0-cuda]', '../publishablew/vision/vision/test/test_functional_tensor.py::test_solarize2[3-config1-dtype0-cuda] FAILED', 'FAILED ../publishablew/vision/vision/test/test_functional_tensor.py::test_solarize2[1-config3-dtype0-cpu]', 'FAILED ../publishablew/vision/vision/test/test_functional_tensor.py::test_solarize2[3-config4-dtype1-cpu]', '../publishablew/vision/vision/test/test_functional_tensor.py::test_solarize2[1-config1-dtype1-cuda] FAILED', '../publishablew/vision/vision/test/test_functional_tensor.py::test_solarize2[1-config3-dtype1-cpu] FAILED', '../publishablew/vision/vision/test/test_functional_tensor.py::test_solarize2[3-config1-dtype1-cuda] FAILED', 'FAILED ../publishablew/vision/vision/test/test_functional_tensor.py::test_solarize2[1-config1-dtype0-cpu]', 'FAILED ../publishablew/vision/vision/test/test_functional_tensor.py::test_solarize2[1-config1-dtype1-cpu]', 'FAILED ../publishablew/vision/vision/test/test_functional_tensor.py::test_solarize2[1-config1-dtype1-cuda]', '../publishablew/vision/vision/test/test_functional_tensor.py::test_solarize2[1-config2-dtype0-cpu] FAILED', '../publishablew/vision/vision/test/test_functional_tensor.py::test_solarize2[3-config0-dtype0-cpu] FAILED', '../publishablew/vision/vision/test/test_functional_tensor.py::test_solarize2[3-config3-dtype0-cpu] FAILED', '../publishablew/vision/vision/test/test_functional_tensor.py::test_solarize2[3-config1-dtype0-cpu] FAILED', 'FAILED ../publishablew/vision/vision/test/test_functional_tensor.py::test_solarize2[1-config4-dtype0-cuda]', 'FAILED ../publishablew/vision/vision/test/test_functional_tensor.py::test_solarize2[3-config1-dtype0-cpu]', 'FAILED ../publishablew/vision/vision/test/test_functional_tensor.py::test_solarize2[1-config2-dtype1-cpu]', 'FAILED ../publishablew/vision/vision/test/test_functional_tensor.py::test_solarize2[3-config1-dtype1-cpu]', '../publishablew/vision/vision/test/test_functional_tensor.py::test_solarize2[3-config3-dtype1-cpu] FAILED', '../publishablew/vision/vision/test/test_functional_tensor.py::test_solarize2[1-config2-dtype0-cuda] FAILED', '../publishablew/vision/vision/test/test_functional_tensor.py::test_solarize2[1-config0-dtype1-cpu] FAILED', 'FAILED ../publishablew/vision/vision/test/test_functional_tensor.py::test_solarize2[3-config3-dtype1-cuda]', '../publishablew/vision/vision/test/test_functional_tensor.py::test_solarize2[1-config4-dtype1-cpu] FAILED', 'FAILED ../publishablew/vision/vision/test/test_functional_tensor.py::test_solarize2[3-config1-dtype0-cuda]', 'FAILED ../publishablew/vision/vision/test/test_functional_tensor.py::test_solarize2[1-config2-dtype0-cpu]', '../publishablew/vision/vision/test/test_functional_tensor.py::test_solarize2[3-config4-dtype1-cpu] FAILED', 'FAILED ../publishablew/vision/vision/test/test_functional_tensor.py::test_solarize2[3-config2-dtype1-cuda]', '../publishablew/vision/vision/test/test_functional_tensor.py::test_solarize2[3-config2-dtype0-cuda] FAILED', 'FAILED ../publishablew/vision/vision/test/test_functional_tensor.py::test_solarize2[3-config2-dtype1-cpu]', '../publishablew/vision/vision/test/test_functional_tensor.py::test_solarize2[1-config1-dtype1-cpu] FAILED', 'FAILED ../publishablew/vision/vision/test/test_functional_tensor.py::test_solarize2[1-config0-dtype1-cuda]', 'FAILED ../publishablew/vision/vision/test/test_functional_tensor.py::test_solarize2[1-config1-dtype0-cuda]', 'FAILED ../publishablew/vision/vision/test/test_functional_tensor.py::test_solarize2[3-config3-dtype1-cpu]', '../publishablew/vision/vision/test/test_functional_tensor.py::test_solarize2[1-config4-dtype0-cpu] FAILED', '../publishablew/vision/vision/test/test_functional_tensor.py::test_solarize2[3-config4-dtype1-cuda] FAILED', '../publishablew/vision/vision/test/test_functional_tensor.py::test_solarize2[3-config3-dtype0-cuda] FAILED', '../publishablew/vision/vision/test/test_functional_tensor.py::test_solarize2[1-config0-dtype1-cuda] FAILED', 'FAILED ../publishablew/vision/vision/test/test_functional_tensor.py::test_solarize2[3-config2-dtype0-cuda]', 'FAILED ../publishablew/vision/vision/test/test_functional_tensor.py::test_solarize2[3-config0-dtype0-cpu]', '../publishablew/vision/vision/test/test_functional_tensor.py::test_solarize2[3-config1-dtype1-cpu] FAILED', '../publishablew/vision/vision/test/test_functional_tensor.py::test_solarize2[3-config2-dtype1-cpu] FAILED', 'FAILED ../publishablew/vision/vision/test/test_functional_tensor.py::test_solarize2[1-config0-dtype0-cpu]', 'FAILED ../publishablew/vision/vision/test/test_functional_tensor.py::test_solarize2[3-config4-dtype1-cuda]', '../publishablew/vision/vision/test/test_functional_tensor.py::test_solarize2[3-config0-dtype1-cuda] FAILED', '../publishablew/vision/vision/test/test_functional_tensor.py::test_solarize2[1-config3-dtype0-cuda] FAILED', 'FAILED ../publishablew/vision/vision/test/test_functional_tensor.py::test_solarize2[1-config0-dtype0-cuda]', '../publishablew/vision/vision/test/test_functional_tensor.py::test_solarize2[3-config2-dtype0-cpu] FAILED', 'FAILED ../publishablew/vision/vision/test/test_functional_tensor.py::test_solarize2[1-config3-dtype1-cpu]', '../publishablew/vision/vision/test/test_functional_tensor.py::test_solarize2[1-config3-dtype1-cuda] FAILED'}

All Test Cases On Generated code:
============================= test session starts ==============================
platform linux -- Python 3.11.10, pytest-8.3.4, pluggy-1.5.0 -- /local/data0/moved_data/publishablew/vision/vision/venv/bin/python
cachedir: .pytest_cache
rootdir: /local/data0/moved_data/publishablew/vision/vision
configfile: pytest.ini
plugins: mock-3.14.0
collecting ... collected 40 items

../publishablew/vision/vision/test/test_functional_tensor.py::test_solarize2[1-config0-dtype0-cpu] FAILED
../publishablew/vision/vision/test/test_functional_tensor.py::test_solarize2[1-config0-dtype0-cuda] FAILED
../publishablew/vision/vision/test/test_functional_tensor.py::test_solarize2[1-config0-dtype1-cpu] FAILED
../publishablew/vision/vision/test/test_functional_tensor.py::test_solarize2[1-config0-dtype1-cuda] FAILED
../publishablew/vision/vision/test/test_functional_tensor.py::test_solarize2[1-config1-dtype0-cpu] FAILED
../publishablew/vision/vision/test/test_functional_tensor.py::test_solarize2[1-config1-dtype0-cuda] FAILED
../publishablew/vision/vision/test/test_functional_tensor.py::test_solarize2[1-config1-dtype1-cpu] FAILED
../publishablew/vision/vision/test/test_functional_tensor.py::test_solarize2[1-config1-dtype1-cuda] FAILED
../publishablew/vision/vision/test/test_functional_tensor.py::test_solarize2[1-config2-dtype0-cpu] FAILED
../publishablew/vision/vision/test/test_functional_tensor.py::test_solarize2[1-config2-dtype0-cuda] FAILED
../publishablew/vision/vision/test/test_functional_tensor.py::test_solarize2[1-config2-dtype1-cpu] FAILED
../publishablew/vision/vision/test/test_functional_tensor.py::test_solarize2[1-config2-dtype1-cuda] FAILED
../publishablew/vision/vision/test/test_functional_tensor.py::test_solarize2[1-config3-dtype0-cpu] FAILED
../publishablew/vision/vision/test/test_functional_tensor.py::test_solarize2[1-config3-dtype0-cuda] FAILED
../publishablew/vision/vision/test/test_functional_tensor.py::test_solarize2[1-config3-dtype1-cpu] FAILED
../publishablew/vision/vision/test/test_functional_tensor.py::test_solarize2[1-config3-dtype1-cuda] FAILED
../publishablew/vision/vision/test/test_functional_tensor.py::test_solarize2[1-config4-dtype0-cpu] FAILED
../publishablew/vision/vision/test/test_functional_tensor.py::test_solarize2[1-config4-dtype0-cuda] FAILED
../publishablew/vision/vision/test/test_functional_tensor.py::test_solarize2[1-config4-dtype1-cpu] FAILED
../publishablew/vision/vision/test/test_functional_tensor.py::test_solarize2[1-config4-dtype1-cuda] FAILED
../publishablew/vision/vision/test/test_functional_tensor.py::test_solarize2[3-config0-dtype0-cpu] FAILED
../publishablew/vision/vision/test/test_functional_tensor.py::test_solarize2[3-config0-dtype0-cuda] FAILED
../publishablew/vision/vision/test/test_functional_tensor.py::test_solarize2[3-config0-dtype1-cpu] FAILED
../publishablew/vision/vision/test/test_functional_tensor.py::test_solarize2[3-config0-dtype1-cuda] FAILED
../publishablew/vision/vision/test/test_functional_tensor.py::test_solarize2[3-config1-dtype0-cpu] FAILED
../publishablew/vision/vision/test/test_functional_tensor.py::test_solarize2[3-config1-dtype0-cuda] FAILED
../publishablew/vision/vision/test/test_functional_tensor.py::test_solarize2[3-config1-dtype1-cpu] FAILED
../publishablew/vision/vision/test/test_functional_tensor.py::test_solarize2[3-config1-dtype1-cuda] FAILED
../publishablew/vision/vision/test/test_functional_tensor.py::test_solarize2[3-config2-dtype0-cpu] FAILED
../publishablew/vision/vision/test/test_functional_tensor.py::test_solarize2[3-config2-dtype0-cuda] FAILED
../publishablew/vision/vision/test/test_functional_tensor.py::test_solarize2[3-config2-dtype1-cpu] FAILED
../publishablew/vision/vision/test/test_functional_tensor.py::test_solarize2[3-config2-dtype1-cuda] FAILED
../publishablew/vision/vision/test/test_functional_tensor.py::test_solarize2[3-config3-dtype0-cpu] FAILED
../publishablew/vision/vision/test/test_functional_tensor.py::test_solarize2[3-config3-dtype0-cuda] FAILED
../publishablew/vision/vision/test/test_functional_tensor.py::test_solarize2[3-config3-dtype1-cpu] FAILED
../publishablew/vision/vision/test/test_functional_tensor.py::test_solarize2[3-config3-dtype1-cuda] FAILED
../publishablew/vision/vision/test/test_functional_tensor.py::test_solarize2[3-config4-dtype0-cpu] FAILED
../publishablew/vision/vision/test/test_functional_tensor.py::test_solarize2[3-config4-dtype0-cuda] FAILED
../publishablew/vision/vision/test/test_functional_tensor.py::test_solarize2[3-config4-dtype1-cpu] FAILED
../publishablew/vision/vision/test/test_functional_tensor.py::test_solarize2[3-config4-dtype1-cuda] FAILED

=================================== FAILURES ===================================
_____________________ test_solarize2[1-config0-dtype0-cpu] _____________________
../publishablew/vision/vision/test/test_functional_tensor.py:672: in test_solarize2
    check_functional_vs_PIL_vs_scripted(
../publishablew/vision/vision/test/test_functional_tensor.py:575: in check_functional_vs_PIL_vs_scripted
    script_fn = torch.jit.script(fn)
../publishablew/vision/vision/venv/lib/python3.11/site-packages/torch/jit/_script.py:1429: in script
    ret = _script_impl(
../publishablew/vision/vision/venv/lib/python3.11/site-packages/torch/jit/_script.py:1205: in _script_impl
    fn = torch._C._jit_script_compile(
../publishablew/vision/vision/venv/lib/python3.11/site-packages/torch/jit/_recursive.py:1002: in try_compile_fn
    return torch.jit.script(fn, _rcb=rcb)
../publishablew/vision/vision/venv/lib/python3.11/site-packages/torch/jit/_script.py:1429: in script
    ret = _script_impl(
../publishablew/vision/vision/venv/lib/python3.11/site-packages/torch/jit/_script.py:1202: in _script_impl
    ast = get_jit_def(obj, obj.__name__)
../publishablew/vision/vision/venv/lib/python3.11/site-packages/torch/jit/frontend.py:383: in get_jit_def
    return build_def(
../publishablew/vision/vision/venv/lib/python3.11/site-packages/torch/jit/frontend.py:444: in build_def
    return Def(Ident(r, def_name), decl, build_stmts(ctx, body))
../publishablew/vision/vision/venv/lib/python3.11/site-packages/torch/jit/frontend.py:197: in build_stmts
    stmts = [build_stmt(ctx, s) for s in stmts]
../publishablew/vision/vision/venv/lib/python3.11/site-packages/torch/jit/frontend.py:197: in <listcomp>
    stmts = [build_stmt(ctx, s) for s in stmts]
../publishablew/vision/vision/venv/lib/python3.11/site-packages/torch/jit/frontend.py:416: in __call__
    raise UnsupportedNodeError(ctx, node)
E   torch.jit.frontend.UnsupportedNodeError: import statements aren't supported:
E     File "/local/data0/moved_data/publishablew/vision/vision/torchvision/transforms/_functional_tensor.py", line 490
E   def solarize(img: Tensor, threshold: float) -> Tensor:
E       from .temp import solarize
E       ~~~~ <--- HERE
E       return solarize(img, threshold)
____________________ test_solarize2[1-config0-dtype0-cuda] _____________________
../publishablew/vision/vision/test/test_functional_tensor.py:672: in test_solarize2
    check_functional_vs_PIL_vs_scripted(
../publishablew/vision/vision/test/test_functional_tensor.py:575: in check_functional_vs_PIL_vs_scripted
    script_fn = torch.jit.script(fn)
../publishablew/vision/vision/venv/lib/python3.11/site-packages/torch/jit/_script.py:1429: in script
    ret = _script_impl(
../publishablew/vision/vision/venv/lib/python3.11/site-packages/torch/jit/_script.py:1205: in _script_impl
    fn = torch._C._jit_script_compile(
../publishablew/vision/vision/venv/lib/python3.11/site-packages/torch/jit/_recursive.py:1002: in try_compile_fn
    return torch.jit.script(fn, _rcb=rcb)
../publishablew/vision/vision/venv/lib/python3.11/site-packages/torch/jit/_script.py:1429: in script
    ret = _script_impl(
../publishablew/vision/vision/venv/lib/python3.11/site-packages/torch/jit/_script.py:1202: in _script_impl
    ast = get_jit_def(obj, obj.__name__)
../publishablew/vision/vision/venv/lib/python3.11/site-packages/torch/jit/frontend.py:383: in get_jit_def
    return build_def(
../publishablew/vision/vision/venv/lib/python3.11/site-packages/torch/jit/frontend.py:444: in build_def
    return Def(Ident(r, def_name), decl, build_stmts(ctx, body))
../publishablew/vision/vision/venv/lib/python3.11/site-packages/torch/jit/frontend.py:197: in build_stmts
    stmts = [build_stmt(ctx, s) for s in stmts]
../publishablew/vision/vision/venv/lib/python3.11/site-packages/torch/jit/frontend.py:197: in <listcomp>
    stmts = [build_stmt(ctx, s) for s in stmts]
../publishablew/vision/vision/venv/lib/python3.11/site-packages/torch/jit/frontend.py:416: in __call__
    raise UnsupportedNodeError(ctx, node)
E   torch.jit.frontend.UnsupportedNodeError: import statements aren't supported:
E     File "/local/data0/moved_data/publishablew/vision/vision/torchvision/transforms/_functional_tensor.py", line 490
E   def solarize(img: Tensor, threshold: float) -> Tensor:
E       from .temp import solarize
E       ~~~~ <--- HERE
E       return solarize(img, threshold)
_____________________ test_solarize2[1-config0-dtype1-cpu] _____________________
../publishablew/vision/vision/test/test_functional_tensor.py:672: in test_solarize2
    check_functional_vs_PIL_vs_scripted(
../publishablew/vision/vision/test/test_functional_tensor.py:575: in check_functional_vs_PIL_vs_scripted
    script_fn = torch.jit.script(fn)
../publishablew/vision/vision/venv/lib/python3.11/site-packages/torch/jit/_script.py:1429: in script
    ret = _script_impl(
../publishablew/vision/vision/venv/lib/python3.11/site-packages/torch/jit/_script.py:1205: in _script_impl
    fn = torch._C._jit_script_compile(
../publishablew/vision/vision/venv/lib/python3.11/site-packages/torch/jit/_recursive.py:1002: in try_compile_fn
    return torch.jit.script(fn, _rcb=rcb)
../publishablew/vision/vision/venv/lib/python3.11/site-packages/torch/jit/_script.py:1429: in script
    ret = _script_impl(
../publishablew/vision/vision/venv/lib/python3.11/site-packages/torch/jit/_script.py:1202: in _script_impl
    ast = get_jit_def(obj, obj.__name__)
../publishablew/vision/vision/venv/lib/python3.11/site-packages/torch/jit/frontend.py:383: in get_jit_def
    return build_def(
../publishablew/vision/vision/venv/lib/python3.11/site-packages/torch/jit/frontend.py:444: in build_def
    return Def(Ident(r, def_name), decl, build_stmts(ctx, body))
../publishablew/vision/vision/venv/lib/python3.11/site-packages/torch/jit/frontend.py:197: in build_stmts
    stmts = [build_stmt(ctx, s) for s in stmts]
../publishablew/vision/vision/venv/lib/python3.11/site-packages/torch/jit/frontend.py:197: in <listcomp>
    stmts = [build_stmt(ctx, s) for s in stmts]
../publishablew/vision/vision/venv/lib/python3.11/site-packages/torch/jit/frontend.py:416: in __call__
    raise UnsupportedNodeError(ctx, node)
E   torch.jit.frontend.UnsupportedNodeError: import statements aren't supported:
E     File "/local/data0/moved_data/publishablew/vision/vision/torchvision/transforms/_functional_tensor.py", line 490
E   def solarize(img: Tensor, threshold: float) -> Tensor:
E       from .temp import solarize
E       ~~~~ <--- HERE
E       return solarize(img, threshold)
____________________ test_solarize2[1-config0-dtype1-cuda] _____________________
../publishablew/vision/vision/test/test_functional_tensor.py:672: in test_solarize2
    check_functional_vs_PIL_vs_scripted(
../publishablew/vision/vision/test/test_functional_tensor.py:575: in check_functional_vs_PIL_vs_scripted
    script_fn = torch.jit.script(fn)
../publishablew/vision/vision/venv/lib/python3.11/site-packages/torch/jit/_script.py:1429: in script
    ret = _script_impl(
../publishablew/vision/vision/venv/lib/python3.11/site-packages/torch/jit/_script.py:1205: in _script_impl
    fn = torch._C._jit_script_compile(
../publishablew/vision/vision/venv/lib/python3.11/site-packages/torch/jit/_recursive.py:1002: in try_compile_fn
    return torch.jit.script(fn, _rcb=rcb)
../publishablew/vision/vision/venv/lib/python3.11/site-packages/torch/jit/_script.py:1429: in script
    ret = _script_impl(
../publishablew/vision/vision/venv/lib/python3.11/site-packages/torch/jit/_script.py:1202: in _script_impl
    ast = get_jit_def(obj, obj.__name__)
../publishablew/vision/vision/venv/lib/python3.11/site-packages/torch/jit/frontend.py:383: in get_jit_def
    return build_def(
../publishablew/vision/vision/venv/lib/python3.11/site-packages/torch/jit/frontend.py:444: in build_def
    return Def(Ident(r, def_name), decl, build_stmts(ctx, body))
../publishablew/vision/vision/venv/lib/python3.11/site-packages/torch/jit/frontend.py:197: in build_stmts
    stmts = [build_stmt(ctx, s) for s in stmts]
../publishablew/vision/vision/venv/lib/python3.11/site-packages/torch/jit/frontend.py:197: in <listcomp>
    stmts = [build_stmt(ctx, s) for s in stmts]
../publishablew/vision/vision/venv/lib/python3.11/site-packages/torch/jit/frontend.py:416: in __call__
    raise UnsupportedNodeError(ctx, node)
E   torch.jit.frontend.UnsupportedNodeError: import statements aren't supported:
E     File "/local/data0/moved_data/publishablew/vision/vision/torchvision/transforms/_functional_tensor.py", line 490
E   def solarize(img: Tensor, threshold: float) -> Tensor:
E       from .temp import solarize
E       ~~~~ <--- HERE
E       return solarize(img, threshold)
_____________________ test_solarize2[1-config1-dtype0-cpu] _____________________
../publishablew/vision/vision/test/test_functional_tensor.py:672: in test_solarize2
    check_functional_vs_PIL_vs_scripted(
../publishablew/vision/vision/test/test_functional_tensor.py:575: in check_functional_vs_PIL_vs_scripted
    script_fn = torch.jit.script(fn)
../publishablew/vision/vision/venv/lib/python3.11/site-packages/torch/jit/_script.py:1429: in script
    ret = _script_impl(
../publishablew/vision/vision/venv/lib/python3.11/site-packages/torch/jit/_script.py:1205: in _script_impl
    fn = torch._C._jit_script_compile(
../publishablew/vision/vision/venv/lib/python3.11/site-packages/torch/jit/_recursive.py:1002: in try_compile_fn
    return torch.jit.script(fn, _rcb=rcb)
../publishablew/vision/vision/venv/lib/python3.11/site-packages/torch/jit/_script.py:1429: in script
    ret = _script_impl(
../publishablew/vision/vision/venv/lib/python3.11/site-packages/torch/jit/_script.py:1202: in _script_impl
    ast = get_jit_def(obj, obj.__name__)
../publishablew/vision/vision/venv/lib/python3.11/site-packages/torch/jit/frontend.py:383: in get_jit_def
    return build_def(
../publishablew/vision/vision/venv/lib/python3.11/site-packages/torch/jit/frontend.py:444: in build_def
    return Def(Ident(r, def_name), decl, build_stmts(ctx, body))
../publishablew/vision/vision/venv/lib/python3.11/site-packages/torch/jit/frontend.py:197: in build_stmts
    stmts = [build_stmt(ctx, s) for s in stmts]
../publishablew/vision/vision/venv/lib/python3.11/site-packages/torch/jit/frontend.py:197: in <listcomp>
    stmts = [build_stmt(ctx, s) for s in stmts]
../publishablew/vision/vision/venv/lib/python3.11/site-packages/torch/jit/frontend.py:416: in __call__
    raise UnsupportedNodeError(ctx, node)
E   torch.jit.frontend.UnsupportedNodeError: import statements aren't supported:
E     File "/local/data0/moved_data/publishablew/vision/vision/torchvision/transforms/_functional_tensor.py", line 490
E   def solarize(img: Tensor, threshold: float) -> Tensor:
E       from .temp import solarize
E       ~~~~ <--- HERE
E       return solarize(img, threshold)
____________________ test_solarize2[1-config1-dtype0-cuda] _____________________
../publishablew/vision/vision/test/test_functional_tensor.py:672: in test_solarize2
    check_functional_vs_PIL_vs_scripted(
../publishablew/vision/vision/test/test_functional_tensor.py:575: in check_functional_vs_PIL_vs_scripted
    script_fn = torch.jit.script(fn)
../publishablew/vision/vision/venv/lib/python3.11/site-packages/torch/jit/_script.py:1429: in script
    ret = _script_impl(
../publishablew/vision/vision/venv/lib/python3.11/site-packages/torch/jit/_script.py:1205: in _script_impl
    fn = torch._C._jit_script_compile(
../publishablew/vision/vision/venv/lib/python3.11/site-packages/torch/jit/_recursive.py:1002: in try_compile_fn
    return torch.jit.script(fn, _rcb=rcb)
../publishablew/vision/vision/venv/lib/python3.11/site-packages/torch/jit/_script.py:1429: in script
    ret = _script_impl(
../publishablew/vision/vision/venv/lib/python3.11/site-packages/torch/jit/_script.py:1202: in _script_impl
    ast = get_jit_def(obj, obj.__name__)
../publishablew/vision/vision/venv/lib/python3.11/site-packages/torch/jit/frontend.py:383: in get_jit_def
    return build_def(
../publishablew/vision/vision/venv/lib/python3.11/site-packages/torch/jit/frontend.py:444: in build_def
    return Def(Ident(r, def_name), decl, build_stmts(ctx, body))
../publishablew/vision/vision/venv/lib/python3.11/site-packages/torch/jit/frontend.py:197: in build_stmts
    stmts = [build_stmt(ctx, s) for s in stmts]
../publishablew/vision/vision/venv/lib/python3.11/site-packages/torch/jit/frontend.py:197: in <listcomp>
    stmts = [build_stmt(ctx, s) for s in stmts]
../publishablew/vision/vision/venv/lib/python3.11/site-packages/torch/jit/frontend.py:416: in __call__
    raise UnsupportedNodeError(ctx, node)
E   torch.jit.frontend.UnsupportedNodeError: import statements aren't supported:
E     File "/local/data0/moved_data/publishablew/vision/vision/torchvision/transforms/_functional_tensor.py", line 490
E   def solarize(img: Tensor, threshold: float) -> Tensor:
E       from .temp import solarize
E       ~~~~ <--- HERE
E       return solarize(img, threshold)
_____________________ test_solarize2[1-config1-dtype1-cpu] _____________________
../publishablew/vision/vision/test/test_functional_tensor.py:672: in test_solarize2
    check_functional_vs_PIL_vs_scripted(
../publishablew/vision/vision/test/test_functional_tensor.py:575: in check_functional_vs_PIL_vs_scripted
    script_fn = torch.jit.script(fn)
../publishablew/vision/vision/venv/lib/python3.11/site-packages/torch/jit/_script.py:1429: in script
    ret = _script_impl(
../publishablew/vision/vision/venv/lib/python3.11/site-packages/torch/jit/_script.py:1205: in _script_impl
    fn = torch._C._jit_script_compile(
../publishablew/vision/vision/venv/lib/python3.11/site-packages/torch/jit/_recursive.py:1002: in try_compile_fn
    return torch.jit.script(fn, _rcb=rcb)
../publishablew/vision/vision/venv/lib/python3.11/site-packages/torch/jit/_script.py:1429: in script
    ret = _script_impl(
../publishablew/vision/vision/venv/lib/python3.11/site-packages/torch/jit/_script.py:1202: in _script_impl
    ast = get_jit_def(obj, obj.__name__)
../publishablew/vision/vision/venv/lib/python3.11/site-packages/torch/jit/frontend.py:383: in get_jit_def
    return build_def(
../publishablew/vision/vision/venv/lib/python3.11/site-packages/torch/jit/frontend.py:444: in build_def
    return Def(Ident(r, def_name), decl, build_stmts(ctx, body))
../publishablew/vision/vision/venv/lib/python3.11/site-packages/torch/jit/frontend.py:197: in build_stmts
    stmts = [build_stmt(ctx, s) for s in stmts]
../publishablew/vision/vision/venv/lib/python3.11/site-packages/torch/jit/frontend.py:197: in <listcomp>
    stmts = [build_stmt(ctx, s) for s in stmts]
../publishablew/vision/vision/venv/lib/python3.11/site-packages/torch/jit/frontend.py:416: in __call__
    raise UnsupportedNodeError(ctx, node)
E   torch.jit.frontend.UnsupportedNodeError: import statements aren't supported:
E     File "/local/data0/moved_data/publishablew/vision/vision/torchvision/transforms/_functional_tensor.py", line 490
E   def solarize(img: Tensor, threshold: float) -> Tensor:
E       from .temp import solarize
E       ~~~~ <--- HERE
E       return solarize(img, threshold)
____________________ test_solarize2[1-config1-dtype1-cuda] _____________________
../publishablew/vision/vision/test/test_functional_tensor.py:672: in test_solarize2
    check_functional_vs_PIL_vs_scripted(
../publishablew/vision/vision/test/test_functional_tensor.py:575: in check_functional_vs_PIL_vs_scripted
    script_fn = torch.jit.script(fn)
../publishablew/vision/vision/venv/lib/python3.11/site-packages/torch/jit/_script.py:1429: in script
    ret = _script_impl(
../publishablew/vision/vision/venv/lib/python3.11/site-packages/torch/jit/_script.py:1205: in _script_impl
    fn = torch._C._jit_script_compile(
../publishablew/vision/vision/venv/lib/python3.11/site-packages/torch/jit/_recursive.py:1002: in try_compile_fn
    return torch.jit.script(fn, _rcb=rcb)
../publishablew/vision/vision/venv/lib/python3.11/site-packages/torch/jit/_script.py:1429: in script
    ret = _script_impl(
../publishablew/vision/vision/venv/lib/python3.11/site-packages/torch/jit/_script.py:1202: in _script_impl
    ast = get_jit_def(obj, obj.__name__)
../publishablew/vision/vision/venv/lib/python3.11/site-packages/torch/jit/frontend.py:383: in get_jit_def
    return build_def(
../publishablew/vision/vision/venv/lib/python3.11/site-packages/torch/jit/frontend.py:444: in build_def
    return Def(Ident(r, def_name), decl, build_stmts(ctx, body))
../publishablew/vision/vision/venv/lib/python3.11/site-packages/torch/jit/frontend.py:197: in build_stmts
    stmts = [build_stmt(ctx, s) for s in stmts]
../publishablew/vision/vision/venv/lib/python3.11/site-packages/torch/jit/frontend.py:197: in <listcomp>
    stmts = [build_stmt(ctx, s) for s in stmts]
../publishablew/vision/vision/venv/lib/python3.11/site-packages/torch/jit/frontend.py:416: in __call__
    raise UnsupportedNodeError(ctx, node)
E   torch.jit.frontend.UnsupportedNodeError: import statements aren't supported:
E     File "/local/data0/moved_data/publishablew/vision/vision/torchvision/transforms/_functional_tensor.py", line 490
E   def solarize(img: Tensor, threshold: float) -> Tensor:
E       from .temp import solarize
E       ~~~~ <--- HERE
E       return solarize(img, threshold)
_____________________ test_solarize2[1-config2-dtype0-cpu] _____________________
../publishablew/vision/vision/test/test_functional_tensor.py:672: in test_solarize2
    check_functional_vs_PIL_vs_scripted(
../publishablew/vision/vision/test/test_functional_tensor.py:575: in check_functional_vs_PIL_vs_scripted
    script_fn = torch.jit.script(fn)
../publishablew/vision/vision/venv/lib/python3.11/site-packages/torch/jit/_script.py:1429: in script
    ret = _script_impl(
../publishablew/vision/vision/venv/lib/python3.11/site-packages/torch/jit/_script.py:1205: in _script_impl
    fn = torch._C._jit_script_compile(
../publishablew/vision/vision/venv/lib/python3.11/site-packages/torch/jit/_recursive.py:1002: in try_compile_fn
    return torch.jit.script(fn, _rcb=rcb)
../publishablew/vision/vision/venv/lib/python3.11/site-packages/torch/jit/_script.py:1429: in script
    ret = _script_impl(
../publishablew/vision/vision/venv/lib/python3.11/site-packages/torch/jit/_script.py:1202: in _script_impl
    ast = get_jit_def(obj, obj.__name__)
../publishablew/vision/vision/venv/lib/python3.11/site-packages/torch/jit/frontend.py:383: in get_jit_def
    return build_def(
../publishablew/vision/vision/venv/lib/python3.11/site-packages/torch/jit/frontend.py:444: in build_def
    return Def(Ident(r, def_name), decl, build_stmts(ctx, body))
../publishablew/vision/vision/venv/lib/python3.11/site-packages/torch/jit/frontend.py:197: in build_stmts
    stmts = [build_stmt(ctx, s) for s in stmts]
../publishablew/vision/vision/venv/lib/python3.11/site-packages/torch/jit/frontend.py:197: in <listcomp>
    stmts = [build_stmt(ctx, s) for s in stmts]
../publishablew/vision/vision/venv/lib/python3.11/site-packages/torch/jit/frontend.py:416: in __call__
    raise UnsupportedNodeError(ctx, node)
E   torch.jit.frontend.UnsupportedNodeError: import statements aren't supported:
E     File "/local/data0/moved_data/publishablew/vision/vision/torchvision/transforms/_functional_tensor.py", line 490
E   def solarize(img: Tensor, threshold: float) -> Tensor:
E       from .temp import solarize
E       ~~~~ <--- HERE
E       return solarize(img, threshold)
____________________ test_solarize2[1-config2-dtype0-cuda] _____________________
../publishablew/vision/vision/test/test_functional_tensor.py:672: in test_solarize2
    check_functional_vs_PIL_vs_scripted(
../publishablew/vision/vision/test/test_functional_tensor.py:575: in check_functional_vs_PIL_vs_scripted
    script_fn = torch.jit.script(fn)
../publishablew/vision/vision/venv/lib/python3.11/site-packages/torch/jit/_script.py:1429: in script
    ret = _script_impl(
../publishablew/vision/vision/venv/lib/python3.11/site-packages/torch/jit/_script.py:1205: in _script_impl
    fn = torch._C._jit_script_compile(
../publishablew/vision/vision/venv/lib/python3.11/site-packages/torch/jit/_recursive.py:1002: in try_compile_fn
    return torch.jit.script(fn, _rcb=rcb)
../publishablew/vision/vision/venv/lib/python3.11/site-packages/torch/jit/_script.py:1429: in script
    ret = _script_impl(
../publishablew/vision/vision/venv/lib/python3.11/site-packages/torch/jit/_script.py:1202: in _script_impl
    ast = get_jit_def(obj, obj.__name__)
../publishablew/vision/vision/venv/lib/python3.11/site-packages/torch/jit/frontend.py:383: in get_jit_def
    return build_def(
../publishablew/vision/vision/venv/lib/python3.11/site-packages/torch/jit/frontend.py:444: in build_def
    return Def(Ident(r, def_name), decl, build_stmts(ctx, body))
../publishablew/vision/vision/venv/lib/python3.11/site-packages/torch/jit/frontend.py:197: in build_stmts
    stmts = [build_stmt(ctx, s) for s in stmts]
../publishablew/vision/vision/venv/lib/python3.11/site-packages/torch/jit/frontend.py:197: in <listcomp>
    stmts = [build_stmt(ctx, s) for s in stmts]
../publishablew/vision/vision/venv/lib/python3.11/site-packages/torch/jit/frontend.py:416: in __call__
    raise UnsupportedNodeError(ctx, node)
E   torch.jit.frontend.UnsupportedNodeError: import statements aren't supported:
E     File "/local/data0/moved_data/publishablew/vision/vision/torchvision/transforms/_functional_tensor.py", line 490
E   def solarize(img: Tensor, threshold: float) -> Tensor:
E       from .temp import solarize
E       ~~~~ <--- HERE
E       return solarize(img, threshold)
_____________________ test_solarize2[1-config2-dtype1-cpu] _____________________
../publishablew/vision/vision/test/test_functional_tensor.py:672: in test_solarize2
    check_functional_vs_PIL_vs_scripted(
../publishablew/vision/vision/test/test_functional_tensor.py:575: in check_functional_vs_PIL_vs_scripted
    script_fn = torch.jit.script(fn)
../publishablew/vision/vision/venv/lib/python3.11/site-packages/torch/jit/_script.py:1429: in script
    ret = _script_impl(
../publishablew/vision/vision/venv/lib/python3.11/site-packages/torch/jit/_script.py:1205: in _script_impl
    fn = torch._C._jit_script_compile(
../publishablew/vision/vision/venv/lib/python3.11/site-packages/torch/jit/_recursive.py:1002: in try_compile_fn
    return torch.jit.script(fn, _rcb=rcb)
../publishablew/vision/vision/venv/lib/python3.11/site-packages/torch/jit/_script.py:1429: in script
    ret = _script_impl(
../publishablew/vision/vision/venv/lib/python3.11/site-packages/torch/jit/_script.py:1202: in _script_impl
    ast = get_jit_def(obj, obj.__name__)
../publishablew/vision/vision/venv/lib/python3.11/site-packages/torch/jit/frontend.py:383: in get_jit_def
    return build_def(
../publishablew/vision/vision/venv/lib/python3.11/site-packages/torch/jit/frontend.py:444: in build_def
    return Def(Ident(r, def_name), decl, build_stmts(ctx, body))
../publishablew/vision/vision/venv/lib/python3.11/site-packages/torch/jit/frontend.py:197: in build_stmts
    stmts = [build_stmt(ctx, s) for s in stmts]
../publishablew/vision/vision/venv/lib/python3.11/site-packages/torch/jit/frontend.py:197: in <listcomp>
    stmts = [build_stmt(ctx, s) for s in stmts]
../publishablew/vision/vision/venv/lib/python3.11/site-packages/torch/jit/frontend.py:416: in __call__
    raise UnsupportedNodeError(ctx, node)
E   torch.jit.frontend.UnsupportedNodeError: import statements aren't supported:
E     File "/local/data0/moved_data/publishablew/vision/vision/torchvision/transforms/_functional_tensor.py", line 490
E   def solarize(img: Tensor, threshold: float) -> Tensor:
E       from .temp import solarize
E       ~~~~ <--- HERE
E       return solarize(img, threshold)
____________________ test_solarize2[1-config2-dtype1-cuda] _____________________
../publishablew/vision/vision/test/test_functional_tensor.py:672: in test_solarize2
    check_functional_vs_PIL_vs_scripted(
../publishablew/vision/vision/test/test_functional_tensor.py:575: in check_functional_vs_PIL_vs_scripted
    script_fn = torch.jit.script(fn)
../publishablew/vision/vision/venv/lib/python3.11/site-packages/torch/jit/_script.py:1429: in script
    ret = _script_impl(
../publishablew/vision/vision/venv/lib/python3.11/site-packages/torch/jit/_script.py:1205: in _script_impl
    fn = torch._C._jit_script_compile(
../publishablew/vision/vision/venv/lib/python3.11/site-packages/torch/jit/_recursive.py:1002: in try_compile_fn
    return torch.jit.script(fn, _rcb=rcb)
../publishablew/vision/vision/venv/lib/python3.11/site-packages/torch/jit/_script.py:1429: in script
    ret = _script_impl(
../publishablew/vision/vision/venv/lib/python3.11/site-packages/torch/jit/_script.py:1202: in _script_impl
    ast = get_jit_def(obj, obj.__name__)
../publishablew/vision/vision/venv/lib/python3.11/site-packages/torch/jit/frontend.py:383: in get_jit_def
    return build_def(
../publishablew/vision/vision/venv/lib/python3.11/site-packages/torch/jit/frontend.py:444: in build_def
    return Def(Ident(r, def_name), decl, build_stmts(ctx, body))
../publishablew/vision/vision/venv/lib/python3.11/site-packages/torch/jit/frontend.py:197: in build_stmts
    stmts = [build_stmt(ctx, s) for s in stmts]
../publishablew/vision/vision/venv/lib/python3.11/site-packages/torch/jit/frontend.py:197: in <listcomp>
    stmts = [build_stmt(ctx, s) for s in stmts]
../publishablew/vision/vision/venv/lib/python3.11/site-packages/torch/jit/frontend.py:416: in __call__
    raise UnsupportedNodeError(ctx, node)
E   torch.jit.frontend.UnsupportedNodeError: import statements aren't supported:
E     File "/local/data0/moved_data/publishablew/vision/vision/torchvision/transforms/_functional_tensor.py", line 490
E   def solarize(img: Tensor, threshold: float) -> Tensor:
E       from .temp import solarize
E       ~~~~ <--- HERE
E       return solarize(img, threshold)
_____________________ test_solarize2[1-config3-dtype0-cpu] _____________________
../publishablew/vision/vision/test/test_functional_tensor.py:672: in test_solarize2
    check_functional_vs_PIL_vs_scripted(
../publishablew/vision/vision/test/test_functional_tensor.py:575: in check_functional_vs_PIL_vs_scripted
    script_fn = torch.jit.script(fn)
../publishablew/vision/vision/venv/lib/python3.11/site-packages/torch/jit/_script.py:1429: in script
    ret = _script_impl(
../publishablew/vision/vision/venv/lib/python3.11/site-packages/torch/jit/_script.py:1205: in _script_impl
    fn = torch._C._jit_script_compile(
../publishablew/vision/vision/venv/lib/python3.11/site-packages/torch/jit/_recursive.py:1002: in try_compile_fn
    return torch.jit.script(fn, _rcb=rcb)
../publishablew/vision/vision/venv/lib/python3.11/site-packages/torch/jit/_script.py:1429: in script
    ret = _script_impl(
../publishablew/vision/vision/venv/lib/python3.11/site-packages/torch/jit/_script.py:1202: in _script_impl
    ast = get_jit_def(obj, obj.__name__)
../publishablew/vision/vision/venv/lib/python3.11/site-packages/torch/jit/frontend.py:383: in get_jit_def
    return build_def(
../publishablew/vision/vision/venv/lib/python3.11/site-packages/torch/jit/frontend.py:444: in build_def
    return Def(Ident(r, def_name), decl, build_stmts(ctx, body))
../publishablew/vision/vision/venv/lib/python3.11/site-packages/torch/jit/frontend.py:197: in build_stmts
    stmts = [build_stmt(ctx, s) for s in stmts]
../publishablew/vision/vision/venv/lib/python3.11/site-packages/torch/jit/frontend.py:197: in <listcomp>
    stmts = [build_stmt(ctx, s) for s in stmts]
../publishablew/vision/vision/venv/lib/python3.11/site-packages/torch/jit/frontend.py:416: in __call__
    raise UnsupportedNodeError(ctx, node)
E   torch.jit.frontend.UnsupportedNodeError: import statements aren't supported:
E     File "/local/data0/moved_data/publishablew/vision/vision/torchvision/transforms/_functional_tensor.py", line 490
E   def solarize(img: Tensor, threshold: float) -> Tensor:
E       from .temp import solarize
E       ~~~~ <--- HERE
E       return solarize(img, threshold)
____________________ test_solarize2[1-config3-dtype0-cuda] _____________________
../publishablew/vision/vision/test/test_functional_tensor.py:672: in test_solarize2
    check_functional_vs_PIL_vs_scripted(
../publishablew/vision/vision/test/test_functional_tensor.py:575: in check_functional_vs_PIL_vs_scripted
    script_fn = torch.jit.script(fn)
../publishablew/vision/vision/venv/lib/python3.11/site-packages/torch/jit/_script.py:1429: in script
    ret = _script_impl(
../publishablew/vision/vision/venv/lib/python3.11/site-packages/torch/jit/_script.py:1205: in _script_impl
    fn = torch._C._jit_script_compile(
../publishablew/vision/vision/venv/lib/python3.11/site-packages/torch/jit/_recursive.py:1002: in try_compile_fn
    return torch.jit.script(fn, _rcb=rcb)
../publishablew/vision/vision/venv/lib/python3.11/site-packages/torch/jit/_script.py:1429: in script
    ret = _script_impl(
../publishablew/vision/vision/venv/lib/python3.11/site-packages/torch/jit/_script.py:1202: in _script_impl
    ast = get_jit_def(obj, obj.__name__)
../publishablew/vision/vision/venv/lib/python3.11/site-packages/torch/jit/frontend.py:383: in get_jit_def
    return build_def(
../publishablew/vision/vision/venv/lib/python3.11/site-packages/torch/jit/frontend.py:444: in build_def
    return Def(Ident(r, def_name), decl, build_stmts(ctx, body))
../publishablew/vision/vision/venv/lib/python3.11/site-packages/torch/jit/frontend.py:197: in build_stmts
    stmts = [build_stmt(ctx, s) for s in stmts]
../publishablew/vision/vision/venv/lib/python3.11/site-packages/torch/jit/frontend.py:197: in <listcomp>
    stmts = [build_stmt(ctx, s) for s in stmts]
../publishablew/vision/vision/venv/lib/python3.11/site-packages/torch/jit/frontend.py:416: in __call__
    raise UnsupportedNodeError(ctx, node)
E   torch.jit.frontend.UnsupportedNodeError: import statements aren't supported:
E     File "/local/data0/moved_data/publishablew/vision/vision/torchvision/transforms/_functional_tensor.py", line 490
E   def solarize(img: Tensor, threshold: float) -> Tensor:
E       from .temp import solarize
E       ~~~~ <--- HERE
E       return solarize(img, threshold)
_____________________ test_solarize2[1-config3-dtype1-cpu] _____________________
../publishablew/vision/vision/test/test_functional_tensor.py:672: in test_solarize2
    check_functional_vs_PIL_vs_scripted(
../publishablew/vision/vision/test/test_functional_tensor.py:575: in check_functional_vs_PIL_vs_scripted
    script_fn = torch.jit.script(fn)
../publishablew/vision/vision/venv/lib/python3.11/site-packages/torch/jit/_script.py:1429: in script
    ret = _script_impl(
../publishablew/vision/vision/venv/lib/python3.11/site-packages/torch/jit/_script.py:1205: in _script_impl
    fn = torch._C._jit_script_compile(
../publishablew/vision/vision/venv/lib/python3.11/site-packages/torch/jit/_recursive.py:1002: in try_compile_fn
    return torch.jit.script(fn, _rcb=rcb)
../publishablew/vision/vision/venv/lib/python3.11/site-packages/torch/jit/_script.py:1429: in script
    ret = _script_impl(
../publishablew/vision/vision/venv/lib/python3.11/site-packages/torch/jit/_script.py:1202: in _script_impl
    ast = get_jit_def(obj, obj.__name__)
../publishablew/vision/vision/venv/lib/python3.11/site-packages/torch/jit/frontend.py:383: in get_jit_def
    return build_def(
../publishablew/vision/vision/venv/lib/python3.11/site-packages/torch/jit/frontend.py:444: in build_def
    return Def(Ident(r, def_name), decl, build_stmts(ctx, body))
../publishablew/vision/vision/venv/lib/python3.11/site-packages/torch/jit/frontend.py:197: in build_stmts
    stmts = [build_stmt(ctx, s) for s in stmts]
../publishablew/vision/vision/venv/lib/python3.11/site-packages/torch/jit/frontend.py:197: in <listcomp>
    stmts = [build_stmt(ctx, s) for s in stmts]
../publishablew/vision/vision/venv/lib/python3.11/site-packages/torch/jit/frontend.py:416: in __call__
    raise UnsupportedNodeError(ctx, node)
E   torch.jit.frontend.UnsupportedNodeError: import statements aren't supported:
E     File "/local/data0/moved_data/publishablew/vision/vision/torchvision/transforms/_functional_tensor.py", line 490
E   def solarize(img: Tensor, threshold: float) -> Tensor:
E       from .temp import solarize
E       ~~~~ <--- HERE
E       return solarize(img, threshold)
____________________ test_solarize2[1-config3-dtype1-cuda] _____________________
../publishablew/vision/vision/test/test_functional_tensor.py:672: in test_solarize2
    check_functional_vs_PIL_vs_scripted(
../publishablew/vision/vision/test/test_functional_tensor.py:575: in check_functional_vs_PIL_vs_scripted
    script_fn = torch.jit.script(fn)
../publishablew/vision/vision/venv/lib/python3.11/site-packages/torch/jit/_script.py:1429: in script
    ret = _script_impl(
../publishablew/vision/vision/venv/lib/python3.11/site-packages/torch/jit/_script.py:1205: in _script_impl
    fn = torch._C._jit_script_compile(
../publishablew/vision/vision/venv/lib/python3.11/site-packages/torch/jit/_recursive.py:1002: in try_compile_fn
    return torch.jit.script(fn, _rcb=rcb)
../publishablew/vision/vision/venv/lib/python3.11/site-packages/torch/jit/_script.py:1429: in script
    ret = _script_impl(
../publishablew/vision/vision/venv/lib/python3.11/site-packages/torch/jit/_script.py:1202: in _script_impl
    ast = get_jit_def(obj, obj.__name__)
../publishablew/vision/vision/venv/lib/python3.11/site-packages/torch/jit/frontend.py:383: in get_jit_def
    return build_def(
../publishablew/vision/vision/venv/lib/python3.11/site-packages/torch/jit/frontend.py:444: in build_def
    return Def(Ident(r, def_name), decl, build_stmts(ctx, body))
../publishablew/vision/vision/venv/lib/python3.11/site-packages/torch/jit/frontend.py:197: in build_stmts
    stmts = [build_stmt(ctx, s) for s in stmts]
../publishablew/vision/vision/venv/lib/python3.11/site-packages/torch/jit/frontend.py:197: in <listcomp>
    stmts = [build_stmt(ctx, s) for s in stmts]
../publishablew/vision/vision/venv/lib/python3.11/site-packages/torch/jit/frontend.py:416: in __call__
    raise UnsupportedNodeError(ctx, node)
E   torch.jit.frontend.UnsupportedNodeError: import statements aren't supported:
E     File "/local/data0/moved_data/publishablew/vision/vision/torchvision/transforms/_functional_tensor.py", line 490
E   def solarize(img: Tensor, threshold: float) -> Tensor:
E       from .temp import solarize
E       ~~~~ <--- HERE
E       return solarize(img, threshold)
_____________________ test_solarize2[1-config4-dtype0-cpu] _____________________
../publishablew/vision/vision/test/test_functional_tensor.py:672: in test_solarize2
    check_functional_vs_PIL_vs_scripted(
../publishablew/vision/vision/test/test_functional_tensor.py:575: in check_functional_vs_PIL_vs_scripted
    script_fn = torch.jit.script(fn)
../publishablew/vision/vision/venv/lib/python3.11/site-packages/torch/jit/_script.py:1429: in script
    ret = _script_impl(
../publishablew/vision/vision/venv/lib/python3.11/site-packages/torch/jit/_script.py:1205: in _script_impl
    fn = torch._C._jit_script_compile(
../publishablew/vision/vision/venv/lib/python3.11/site-packages/torch/jit/_recursive.py:1002: in try_compile_fn
    return torch.jit.script(fn, _rcb=rcb)
../publishablew/vision/vision/venv/lib/python3.11/site-packages/torch/jit/_script.py:1429: in script
    ret = _script_impl(
../publishablew/vision/vision/venv/lib/python3.11/site-packages/torch/jit/_script.py:1202: in _script_impl
    ast = get_jit_def(obj, obj.__name__)
../publishablew/vision/vision/venv/lib/python3.11/site-packages/torch/jit/frontend.py:383: in get_jit_def
    return build_def(
../publishablew/vision/vision/venv/lib/python3.11/site-packages/torch/jit/frontend.py:444: in build_def
    return Def(Ident(r, def_name), decl, build_stmts(ctx, body))
../publishablew/vision/vision/venv/lib/python3.11/site-packages/torch/jit/frontend.py:197: in build_stmts
    stmts = [build_stmt(ctx, s) for s in stmts]
../publishablew/vision/vision/venv/lib/python3.11/site-packages/torch/jit/frontend.py:197: in <listcomp>
    stmts = [build_stmt(ctx, s) for s in stmts]
../publishablew/vision/vision/venv/lib/python3.11/site-packages/torch/jit/frontend.py:416: in __call__
    raise UnsupportedNodeError(ctx, node)
E   torch.jit.frontend.UnsupportedNodeError: import statements aren't supported:
E     File "/local/data0/moved_data/publishablew/vision/vision/torchvision/transforms/_functional_tensor.py", line 490
E   def solarize(img: Tensor, threshold: float) -> Tensor:
E       from .temp import solarize
E       ~~~~ <--- HERE
E       return solarize(img, threshold)
____________________ test_solarize2[1-config4-dtype0-cuda] _____________________
../publishablew/vision/vision/test/test_functional_tensor.py:672: in test_solarize2
    check_functional_vs_PIL_vs_scripted(
../publishablew/vision/vision/test/test_functional_tensor.py:575: in check_functional_vs_PIL_vs_scripted
    script_fn = torch.jit.script(fn)
../publishablew/vision/vision/venv/lib/python3.11/site-packages/torch/jit/_script.py:1429: in script
    ret = _script_impl(
../publishablew/vision/vision/venv/lib/python3.11/site-packages/torch/jit/_script.py:1205: in _script_impl
    fn = torch._C._jit_script_compile(
../publishablew/vision/vision/venv/lib/python3.11/site-packages/torch/jit/_recursive.py:1002: in try_compile_fn
    return torch.jit.script(fn, _rcb=rcb)
../publishablew/vision/vision/venv/lib/python3.11/site-packages/torch/jit/_script.py:1429: in script
    ret = _script_impl(
../publishablew/vision/vision/venv/lib/python3.11/site-packages/torch/jit/_script.py:1202: in _script_impl
    ast = get_jit_def(obj, obj.__name__)
../publishablew/vision/vision/venv/lib/python3.11/site-packages/torch/jit/frontend.py:383: in get_jit_def
    return build_def(
../publishablew/vision/vision/venv/lib/python3.11/site-packages/torch/jit/frontend.py:444: in build_def
    return Def(Ident(r, def_name), decl, build_stmts(ctx, body))
../publishablew/vision/vision/venv/lib/python3.11/site-packages/torch/jit/frontend.py:197: in build_stmts
    stmts = [build_stmt(ctx, s) for s in stmts]
../publishablew/vision/vision/venv/lib/python3.11/site-packages/torch/jit/frontend.py:197: in <listcomp>
    stmts = [build_stmt(ctx, s) for s in stmts]
../publishablew/vision/vision/venv/lib/python3.11/site-packages/torch/jit/frontend.py:416: in __call__
    raise UnsupportedNodeError(ctx, node)
E   torch.jit.frontend.UnsupportedNodeError: import statements aren't supported:
E     File "/local/data0/moved_data/publishablew/vision/vision/torchvision/transforms/_functional_tensor.py", line 490
E   def solarize(img: Tensor, threshold: float) -> Tensor:
E       from .temp import solarize
E       ~~~~ <--- HERE
E       return solarize(img, threshold)
_____________________ test_solarize2[1-config4-dtype1-cpu] _____________________
../publishablew/vision/vision/test/test_functional_tensor.py:672: in test_solarize2
    check_functional_vs_PIL_vs_scripted(
../publishablew/vision/vision/test/test_functional_tensor.py:575: in check_functional_vs_PIL_vs_scripted
    script_fn = torch.jit.script(fn)
../publishablew/vision/vision/venv/lib/python3.11/site-packages/torch/jit/_script.py:1429: in script
    ret = _script_impl(
../publishablew/vision/vision/venv/lib/python3.11/site-packages/torch/jit/_script.py:1205: in _script_impl
    fn = torch._C._jit_script_compile(
../publishablew/vision/vision/venv/lib/python3.11/site-packages/torch/jit/_recursive.py:1002: in try_compile_fn
    return torch.jit.script(fn, _rcb=rcb)
../publishablew/vision/vision/venv/lib/python3.11/site-packages/torch/jit/_script.py:1429: in script
    ret = _script_impl(
../publishablew/vision/vision/venv/lib/python3.11/site-packages/torch/jit/_script.py:1202: in _script_impl
    ast = get_jit_def(obj, obj.__name__)
../publishablew/vision/vision/venv/lib/python3.11/site-packages/torch/jit/frontend.py:383: in get_jit_def
    return build_def(
../publishablew/vision/vision/venv/lib/python3.11/site-packages/torch/jit/frontend.py:444: in build_def
    return Def(Ident(r, def_name), decl, build_stmts(ctx, body))
../publishablew/vision/vision/venv/lib/python3.11/site-packages/torch/jit/frontend.py:197: in build_stmts
    stmts = [build_stmt(ctx, s) for s in stmts]
../publishablew/vision/vision/venv/lib/python3.11/site-packages/torch/jit/frontend.py:197: in <listcomp>
    stmts = [build_stmt(ctx, s) for s in stmts]
../publishablew/vision/vision/venv/lib/python3.11/site-packages/torch/jit/frontend.py:416: in __call__
    raise UnsupportedNodeError(ctx, node)
E   torch.jit.frontend.UnsupportedNodeError: import statements aren't supported:
E     File "/local/data0/moved_data/publishablew/vision/vision/torchvision/transforms/_functional_tensor.py", line 490
E   def solarize(img: Tensor, threshold: float) -> Tensor:
E       from .temp import solarize
E       ~~~~ <--- HERE
E       return solarize(img, threshold)
____________________ test_solarize2[1-config4-dtype1-cuda] _____________________
../publishablew/vision/vision/test/test_functional_tensor.py:672: in test_solarize2
    check_functional_vs_PIL_vs_scripted(
../publishablew/vision/vision/test/test_functional_tensor.py:575: in check_functional_vs_PIL_vs_scripted
    script_fn = torch.jit.script(fn)
../publishablew/vision/vision/venv/lib/python3.11/site-packages/torch/jit/_script.py:1429: in script
    ret = _script_impl(
../publishablew/vision/vision/venv/lib/python3.11/site-packages/torch/jit/_script.py:1205: in _script_impl
    fn = torch._C._jit_script_compile(
../publishablew/vision/vision/venv/lib/python3.11/site-packages/torch/jit/_recursive.py:1002: in try_compile_fn
    return torch.jit.script(fn, _rcb=rcb)
../publishablew/vision/vision/venv/lib/python3.11/site-packages/torch/jit/_script.py:1429: in script
    ret = _script_impl(
../publishablew/vision/vision/venv/lib/python3.11/site-packages/torch/jit/_script.py:1202: in _script_impl
    ast = get_jit_def(obj, obj.__name__)
../publishablew/vision/vision/venv/lib/python3.11/site-packages/torch/jit/frontend.py:383: in get_jit_def
    return build_def(
../publishablew/vision/vision/venv/lib/python3.11/site-packages/torch/jit/frontend.py:444: in build_def
    return Def(Ident(r, def_name), decl, build_stmts(ctx, body))
../publishablew/vision/vision/venv/lib/python3.11/site-packages/torch/jit/frontend.py:197: in build_stmts
    stmts = [build_stmt(ctx, s) for s in stmts]
../publishablew/vision/vision/venv/lib/python3.11/site-packages/torch/jit/frontend.py:197: in <listcomp>
    stmts = [build_stmt(ctx, s) for s in stmts]
../publishablew/vision/vision/venv/lib/python3.11/site-packages/torch/jit/frontend.py:416: in __call__
    raise UnsupportedNodeError(ctx, node)
E   torch.jit.frontend.UnsupportedNodeError: import statements aren't supported:
E     File "/local/data0/moved_data/publishablew/vision/vision/torchvision/transforms/_functional_tensor.py", line 490
E   def solarize(img: Tensor, threshold: float) -> Tensor:
E       from .temp import solarize
E       ~~~~ <--- HERE
E       return solarize(img, threshold)
_____________________ test_solarize2[3-config0-dtype0-cpu] _____________________
../publishablew/vision/vision/test/test_functional_tensor.py:672: in test_solarize2
    check_functional_vs_PIL_vs_scripted(
../publishablew/vision/vision/test/test_functional_tensor.py:575: in check_functional_vs_PIL_vs_scripted
    script_fn = torch.jit.script(fn)
../publishablew/vision/vision/venv/lib/python3.11/site-packages/torch/jit/_script.py:1429: in script
    ret = _script_impl(
../publishablew/vision/vision/venv/lib/python3.11/site-packages/torch/jit/_script.py:1205: in _script_impl
    fn = torch._C._jit_script_compile(
../publishablew/vision/vision/venv/lib/python3.11/site-packages/torch/jit/_recursive.py:1002: in try_compile_fn
    return torch.jit.script(fn, _rcb=rcb)
../publishablew/vision/vision/venv/lib/python3.11/site-packages/torch/jit/_script.py:1429: in script
    ret = _script_impl(
../publishablew/vision/vision/venv/lib/python3.11/site-packages/torch/jit/_script.py:1202: in _script_impl
    ast = get_jit_def(obj, obj.__name__)
../publishablew/vision/vision/venv/lib/python3.11/site-packages/torch/jit/frontend.py:383: in get_jit_def
    return build_def(
../publishablew/vision/vision/venv/lib/python3.11/site-packages/torch/jit/frontend.py:444: in build_def
    return Def(Ident(r, def_name), decl, build_stmts(ctx, body))
../publishablew/vision/vision/venv/lib/python3.11/site-packages/torch/jit/frontend.py:197: in build_stmts
    stmts = [build_stmt(ctx, s) for s in stmts]
../publishablew/vision/vision/venv/lib/python3.11/site-packages/torch/jit/frontend.py:197: in <listcomp>
    stmts = [build_stmt(ctx, s) for s in stmts]
../publishablew/vision/vision/venv/lib/python3.11/site-packages/torch/jit/frontend.py:416: in __call__
    raise UnsupportedNodeError(ctx, node)
E   torch.jit.frontend.UnsupportedNodeError: import statements aren't supported:
E     File "/local/data0/moved_data/publishablew/vision/vision/torchvision/transforms/_functional_tensor.py", line 490
E   def solarize(img: Tensor, threshold: float) -> Tensor:
E       from .temp import solarize
E       ~~~~ <--- HERE
E       return solarize(img, threshold)
____________________ test_solarize2[3-config0-dtype0-cuda] _____________________
../publishablew/vision/vision/test/test_functional_tensor.py:672: in test_solarize2
    check_functional_vs_PIL_vs_scripted(
../publishablew/vision/vision/test/test_functional_tensor.py:575: in check_functional_vs_PIL_vs_scripted
    script_fn = torch.jit.script(fn)
../publishablew/vision/vision/venv/lib/python3.11/site-packages/torch/jit/_script.py:1429: in script
    ret = _script_impl(
../publishablew/vision/vision/venv/lib/python3.11/site-packages/torch/jit/_script.py:1205: in _script_impl
    fn = torch._C._jit_script_compile(
../publishablew/vision/vision/venv/lib/python3.11/site-packages/torch/jit/_recursive.py:1002: in try_compile_fn
    return torch.jit.script(fn, _rcb=rcb)
../publishablew/vision/vision/venv/lib/python3.11/site-packages/torch/jit/_script.py:1429: in script
    ret = _script_impl(
../publishablew/vision/vision/venv/lib/python3.11/site-packages/torch/jit/_script.py:1202: in _script_impl
    ast = get_jit_def(obj, obj.__name__)
../publishablew/vision/vision/venv/lib/python3.11/site-packages/torch/jit/frontend.py:383: in get_jit_def
    return build_def(
../publishablew/vision/vision/venv/lib/python3.11/site-packages/torch/jit/frontend.py:444: in build_def
    return Def(Ident(r, def_name), decl, build_stmts(ctx, body))
../publishablew/vision/vision/venv/lib/python3.11/site-packages/torch/jit/frontend.py:197: in build_stmts
    stmts = [build_stmt(ctx, s) for s in stmts]
../publishablew/vision/vision/venv/lib/python3.11/site-packages/torch/jit/frontend.py:197: in <listcomp>
    stmts = [build_stmt(ctx, s) for s in stmts]
../publishablew/vision/vision/venv/lib/python3.11/site-packages/torch/jit/frontend.py:416: in __call__
    raise UnsupportedNodeError(ctx, node)
E   torch.jit.frontend.UnsupportedNodeError: import statements aren't supported:
E     File "/local/data0/moved_data/publishablew/vision/vision/torchvision/transforms/_functional_tensor.py", line 490
E   def solarize(img: Tensor, threshold: float) -> Tensor:
E       from .temp import solarize
E       ~~~~ <--- HERE
E       return solarize(img, threshold)
_____________________ test_solarize2[3-config0-dtype1-cpu] _____________________
../publishablew/vision/vision/test/test_functional_tensor.py:672: in test_solarize2
    check_functional_vs_PIL_vs_scripted(
../publishablew/vision/vision/test/test_functional_tensor.py:575: in check_functional_vs_PIL_vs_scripted
    script_fn = torch.jit.script(fn)
../publishablew/vision/vision/venv/lib/python3.11/site-packages/torch/jit/_script.py:1429: in script
    ret = _script_impl(
../publishablew/vision/vision/venv/lib/python3.11/site-packages/torch/jit/_script.py:1205: in _script_impl
    fn = torch._C._jit_script_compile(
../publishablew/vision/vision/venv/lib/python3.11/site-packages/torch/jit/_recursive.py:1002: in try_compile_fn
    return torch.jit.script(fn, _rcb=rcb)
../publishablew/vision/vision/venv/lib/python3.11/site-packages/torch/jit/_script.py:1429: in script
    ret = _script_impl(
../publishablew/vision/vision/venv/lib/python3.11/site-packages/torch/jit/_script.py:1202: in _script_impl
    ast = get_jit_def(obj, obj.__name__)
../publishablew/vision/vision/venv/lib/python3.11/site-packages/torch/jit/frontend.py:383: in get_jit_def
    return build_def(
../publishablew/vision/vision/venv/lib/python3.11/site-packages/torch/jit/frontend.py:444: in build_def
    return Def(Ident(r, def_name), decl, build_stmts(ctx, body))
../publishablew/vision/vision/venv/lib/python3.11/site-packages/torch/jit/frontend.py:197: in build_stmts
    stmts = [build_stmt(ctx, s) for s in stmts]
../publishablew/vision/vision/venv/lib/python3.11/site-packages/torch/jit/frontend.py:197: in <listcomp>
    stmts = [build_stmt(ctx, s) for s in stmts]
../publishablew/vision/vision/venv/lib/python3.11/site-packages/torch/jit/frontend.py:416: in __call__
    raise UnsupportedNodeError(ctx, node)
E   torch.jit.frontend.UnsupportedNodeError: import statements aren't supported:
E     File "/local/data0/moved_data/publishablew/vision/vision/torchvision/transforms/_functional_tensor.py", line 490
E   def solarize(img: Tensor, threshold: float) -> Tensor:
E       from .temp import solarize
E       ~~~~ <--- HERE
E       return solarize(img, threshold)
____________________ test_solarize2[3-config0-dtype1-cuda] _____________________
../publishablew/vision/vision/test/test_functional_tensor.py:672: in test_solarize2
    check_functional_vs_PIL_vs_scripted(
../publishablew/vision/vision/test/test_functional_tensor.py:575: in check_functional_vs_PIL_vs_scripted
    script_fn = torch.jit.script(fn)
../publishablew/vision/vision/venv/lib/python3.11/site-packages/torch/jit/_script.py:1429: in script
    ret = _script_impl(
../publishablew/vision/vision/venv/lib/python3.11/site-packages/torch/jit/_script.py:1205: in _script_impl
    fn = torch._C._jit_script_compile(
../publishablew/vision/vision/venv/lib/python3.11/site-packages/torch/jit/_recursive.py:1002: in try_compile_fn
    return torch.jit.script(fn, _rcb=rcb)
../publishablew/vision/vision/venv/lib/python3.11/site-packages/torch/jit/_script.py:1429: in script
    ret = _script_impl(
../publishablew/vision/vision/venv/lib/python3.11/site-packages/torch/jit/_script.py:1202: in _script_impl
    ast = get_jit_def(obj, obj.__name__)
../publishablew/vision/vision/venv/lib/python3.11/site-packages/torch/jit/frontend.py:383: in get_jit_def
    return build_def(
../publishablew/vision/vision/venv/lib/python3.11/site-packages/torch/jit/frontend.py:444: in build_def
    return Def(Ident(r, def_name), decl, build_stmts(ctx, body))
../publishablew/vision/vision/venv/lib/python3.11/site-packages/torch/jit/frontend.py:197: in build_stmts
    stmts = [build_stmt(ctx, s) for s in stmts]
../publishablew/vision/vision/venv/lib/python3.11/site-packages/torch/jit/frontend.py:197: in <listcomp>
    stmts = [build_stmt(ctx, s) for s in stmts]
../publishablew/vision/vision/venv/lib/python3.11/site-packages/torch/jit/frontend.py:416: in __call__
    raise UnsupportedNodeError(ctx, node)
E   torch.jit.frontend.UnsupportedNodeError: import statements aren't supported:
E     File "/local/data0/moved_data/publishablew/vision/vision/torchvision/transforms/_functional_tensor.py", line 490
E   def solarize(img: Tensor, threshold: float) -> Tensor:
E       from .temp import solarize
E       ~~~~ <--- HERE
E       return solarize(img, threshold)
_____________________ test_solarize2[3-config1-dtype0-cpu] _____________________
../publishablew/vision/vision/test/test_functional_tensor.py:672: in test_solarize2
    check_functional_vs_PIL_vs_scripted(
../publishablew/vision/vision/test/test_functional_tensor.py:575: in check_functional_vs_PIL_vs_scripted
    script_fn = torch.jit.script(fn)
../publishablew/vision/vision/venv/lib/python3.11/site-packages/torch/jit/_script.py:1429: in script
    ret = _script_impl(
../publishablew/vision/vision/venv/lib/python3.11/site-packages/torch/jit/_script.py:1205: in _script_impl
    fn = torch._C._jit_script_compile(
../publishablew/vision/vision/venv/lib/python3.11/site-packages/torch/jit/_recursive.py:1002: in try_compile_fn
    return torch.jit.script(fn, _rcb=rcb)
../publishablew/vision/vision/venv/lib/python3.11/site-packages/torch/jit/_script.py:1429: in script
    ret = _script_impl(
../publishablew/vision/vision/venv/lib/python3.11/site-packages/torch/jit/_script.py:1202: in _script_impl
    ast = get_jit_def(obj, obj.__name__)
../publishablew/vision/vision/venv/lib/python3.11/site-packages/torch/jit/frontend.py:383: in get_jit_def
    return build_def(
../publishablew/vision/vision/venv/lib/python3.11/site-packages/torch/jit/frontend.py:444: in build_def
    return Def(Ident(r, def_name), decl, build_stmts(ctx, body))
../publishablew/vision/vision/venv/lib/python3.11/site-packages/torch/jit/frontend.py:197: in build_stmts
    stmts = [build_stmt(ctx, s) for s in stmts]
../publishablew/vision/vision/venv/lib/python3.11/site-packages/torch/jit/frontend.py:197: in <listcomp>
    stmts = [build_stmt(ctx, s) for s in stmts]
../publishablew/vision/vision/venv/lib/python3.11/site-packages/torch/jit/frontend.py:416: in __call__
    raise UnsupportedNodeError(ctx, node)
E   torch.jit.frontend.UnsupportedNodeError: import statements aren't supported:
E     File "/local/data0/moved_data/publishablew/vision/vision/torchvision/transforms/_functional_tensor.py", line 490
E   def solarize(img: Tensor, threshold: float) -> Tensor:
E       from .temp import solarize
E       ~~~~ <--- HERE
E       return solarize(img, threshold)
____________________ test_solarize2[3-config1-dtype0-cuda] _____________________
../publishablew/vision/vision/test/test_functional_tensor.py:672: in test_solarize2
    check_functional_vs_PIL_vs_scripted(
../publishablew/vision/vision/test/test_functional_tensor.py:575: in check_functional_vs_PIL_vs_scripted
    script_fn = torch.jit.script(fn)
../publishablew/vision/vision/venv/lib/python3.11/site-packages/torch/jit/_script.py:1429: in script
    ret = _script_impl(
../publishablew/vision/vision/venv/lib/python3.11/site-packages/torch/jit/_script.py:1205: in _script_impl
    fn = torch._C._jit_script_compile(
../publishablew/vision/vision/venv/lib/python3.11/site-packages/torch/jit/_recursive.py:1002: in try_compile_fn
    return torch.jit.script(fn, _rcb=rcb)
../publishablew/vision/vision/venv/lib/python3.11/site-packages/torch/jit/_script.py:1429: in script
    ret = _script_impl(
../publishablew/vision/vision/venv/lib/python3.11/site-packages/torch/jit/_script.py:1202: in _script_impl
    ast = get_jit_def(obj, obj.__name__)
../publishablew/vision/vision/venv/lib/python3.11/site-packages/torch/jit/frontend.py:383: in get_jit_def
    return build_def(
../publishablew/vision/vision/venv/lib/python3.11/site-packages/torch/jit/frontend.py:444: in build_def
    return Def(Ident(r, def_name), decl, build_stmts(ctx, body))
../publishablew/vision/vision/venv/lib/python3.11/site-packages/torch/jit/frontend.py:197: in build_stmts
    stmts = [build_stmt(ctx, s) for s in stmts]
../publishablew/vision/vision/venv/lib/python3.11/site-packages/torch/jit/frontend.py:197: in <listcomp>
    stmts = [build_stmt(ctx, s) for s in stmts]
../publishablew/vision/vision/venv/lib/python3.11/site-packages/torch/jit/frontend.py:416: in __call__
    raise UnsupportedNodeError(ctx, node)
E   torch.jit.frontend.UnsupportedNodeError: import statements aren't supported:
E     File "/local/data0/moved_data/publishablew/vision/vision/torchvision/transforms/_functional_tensor.py", line 490
E   def solarize(img: Tensor, threshold: float) -> Tensor:
E       from .temp import solarize
E       ~~~~ <--- HERE
E       return solarize(img, threshold)
_____________________ test_solarize2[3-config1-dtype1-cpu] _____________________
../publishablew/vision/vision/test/test_functional_tensor.py:672: in test_solarize2
    check_functional_vs_PIL_vs_scripted(
../publishablew/vision/vision/test/test_functional_tensor.py:575: in check_functional_vs_PIL_vs_scripted
    script_fn = torch.jit.script(fn)
../publishablew/vision/vision/venv/lib/python3.11/site-packages/torch/jit/_script.py:1429: in script
    ret = _script_impl(
../publishablew/vision/vision/venv/lib/python3.11/site-packages/torch/jit/_script.py:1205: in _script_impl
    fn = torch._C._jit_script_compile(
../publishablew/vision/vision/venv/lib/python3.11/site-packages/torch/jit/_recursive.py:1002: in try_compile_fn
    return torch.jit.script(fn, _rcb=rcb)
../publishablew/vision/vision/venv/lib/python3.11/site-packages/torch/jit/_script.py:1429: in script
    ret = _script_impl(
../publishablew/vision/vision/venv/lib/python3.11/site-packages/torch/jit/_script.py:1202: in _script_impl
    ast = get_jit_def(obj, obj.__name__)
../publishablew/vision/vision/venv/lib/python3.11/site-packages/torch/jit/frontend.py:383: in get_jit_def
    return build_def(
../publishablew/vision/vision/venv/lib/python3.11/site-packages/torch/jit/frontend.py:444: in build_def
    return Def(Ident(r, def_name), decl, build_stmts(ctx, body))
../publishablew/vision/vision/venv/lib/python3.11/site-packages/torch/jit/frontend.py:197: in build_stmts
    stmts = [build_stmt(ctx, s) for s in stmts]
../publishablew/vision/vision/venv/lib/python3.11/site-packages/torch/jit/frontend.py:197: in <listcomp>
    stmts = [build_stmt(ctx, s) for s in stmts]
../publishablew/vision/vision/venv/lib/python3.11/site-packages/torch/jit/frontend.py:416: in __call__
    raise UnsupportedNodeError(ctx, node)
E   torch.jit.frontend.UnsupportedNodeError: import statements aren't supported:
E     File "/local/data0/moved_data/publishablew/vision/vision/torchvision/transforms/_functional_tensor.py", line 490
E   def solarize(img: Tensor, threshold: float) -> Tensor:
E       from .temp import solarize
E       ~~~~ <--- HERE
E       return solarize(img, threshold)
____________________ test_solarize2[3-config1-dtype1-cuda] _____________________
../publishablew/vision/vision/test/test_functional_tensor.py:672: in test_solarize2
    check_functional_vs_PIL_vs_scripted(
../publishablew/vision/vision/test/test_functional_tensor.py:575: in check_functional_vs_PIL_vs_scripted
    script_fn = torch.jit.script(fn)
../publishablew/vision/vision/venv/lib/python3.11/site-packages/torch/jit/_script.py:1429: in script
    ret = _script_impl(
../publishablew/vision/vision/venv/lib/python3.11/site-packages/torch/jit/_script.py:1205: in _script_impl
    fn = torch._C._jit_script_compile(
../publishablew/vision/vision/venv/lib/python3.11/site-packages/torch/jit/_recursive.py:1002: in try_compile_fn
    return torch.jit.script(fn, _rcb=rcb)
../publishablew/vision/vision/venv/lib/python3.11/site-packages/torch/jit/_script.py:1429: in script
    ret = _script_impl(
../publishablew/vision/vision/venv/lib/python3.11/site-packages/torch/jit/_script.py:1202: in _script_impl
    ast = get_jit_def(obj, obj.__name__)
../publishablew/vision/vision/venv/lib/python3.11/site-packages/torch/jit/frontend.py:383: in get_jit_def
    return build_def(
../publishablew/vision/vision/venv/lib/python3.11/site-packages/torch/jit/frontend.py:444: in build_def
    return Def(Ident(r, def_name), decl, build_stmts(ctx, body))
../publishablew/vision/vision/venv/lib/python3.11/site-packages/torch/jit/frontend.py:197: in build_stmts
    stmts = [build_stmt(ctx, s) for s in stmts]
../publishablew/vision/vision/venv/lib/python3.11/site-packages/torch/jit/frontend.py:197: in <listcomp>
    stmts = [build_stmt(ctx, s) for s in stmts]
../publishablew/vision/vision/venv/lib/python3.11/site-packages/torch/jit/frontend.py:416: in __call__
    raise UnsupportedNodeError(ctx, node)
E   torch.jit.frontend.UnsupportedNodeError: import statements aren't supported:
E     File "/local/data0/moved_data/publishablew/vision/vision/torchvision/transforms/_functional_tensor.py", line 490
E   def solarize(img: Tensor, threshold: float) -> Tensor:
E       from .temp import solarize
E       ~~~~ <--- HERE
E       return solarize(img, threshold)
_____________________ test_solarize2[3-config2-dtype0-cpu] _____________________
../publishablew/vision/vision/test/test_functional_tensor.py:672: in test_solarize2
    check_functional_vs_PIL_vs_scripted(
../publishablew/vision/vision/test/test_functional_tensor.py:575: in check_functional_vs_PIL_vs_scripted
    script_fn = torch.jit.script(fn)
../publishablew/vision/vision/venv/lib/python3.11/site-packages/torch/jit/_script.py:1429: in script
    ret = _script_impl(
../publishablew/vision/vision/venv/lib/python3.11/site-packages/torch/jit/_script.py:1205: in _script_impl
    fn = torch._C._jit_script_compile(
../publishablew/vision/vision/venv/lib/python3.11/site-packages/torch/jit/_recursive.py:1002: in try_compile_fn
    return torch.jit.script(fn, _rcb=rcb)
../publishablew/vision/vision/venv/lib/python3.11/site-packages/torch/jit/_script.py:1429: in script
    ret = _script_impl(
../publishablew/vision/vision/venv/lib/python3.11/site-packages/torch/jit/_script.py:1202: in _script_impl
    ast = get_jit_def(obj, obj.__name__)
../publishablew/vision/vision/venv/lib/python3.11/site-packages/torch/jit/frontend.py:383: in get_jit_def
    return build_def(
../publishablew/vision/vision/venv/lib/python3.11/site-packages/torch/jit/frontend.py:444: in build_def
    return Def(Ident(r, def_name), decl, build_stmts(ctx, body))
../publishablew/vision/vision/venv/lib/python3.11/site-packages/torch/jit/frontend.py:197: in build_stmts
    stmts = [build_stmt(ctx, s) for s in stmts]
../publishablew/vision/vision/venv/lib/python3.11/site-packages/torch/jit/frontend.py:197: in <listcomp>
    stmts = [build_stmt(ctx, s) for s in stmts]
../publishablew/vision/vision/venv/lib/python3.11/site-packages/torch/jit/frontend.py:416: in __call__
    raise UnsupportedNodeError(ctx, node)
E   torch.jit.frontend.UnsupportedNodeError: import statements aren't supported:
E     File "/local/data0/moved_data/publishablew/vision/vision/torchvision/transforms/_functional_tensor.py", line 490
E   def solarize(img: Tensor, threshold: float) -> Tensor:
E       from .temp import solarize
E       ~~~~ <--- HERE
E       return solarize(img, threshold)
____________________ test_solarize2[3-config2-dtype0-cuda] _____________________
../publishablew/vision/vision/test/test_functional_tensor.py:672: in test_solarize2
    check_functional_vs_PIL_vs_scripted(
../publishablew/vision/vision/test/test_functional_tensor.py:575: in check_functional_vs_PIL_vs_scripted
    script_fn = torch.jit.script(fn)
../publishablew/vision/vision/venv/lib/python3.11/site-packages/torch/jit/_script.py:1429: in script
    ret = _script_impl(
../publishablew/vision/vision/venv/lib/python3.11/site-packages/torch/jit/_script.py:1205: in _script_impl
    fn = torch._C._jit_script_compile(
../publishablew/vision/vision/venv/lib/python3.11/site-packages/torch/jit/_recursive.py:1002: in try_compile_fn
    return torch.jit.script(fn, _rcb=rcb)
../publishablew/vision/vision/venv/lib/python3.11/site-packages/torch/jit/_script.py:1429: in script
    ret = _script_impl(
../publishablew/vision/vision/venv/lib/python3.11/site-packages/torch/jit/_script.py:1202: in _script_impl
    ast = get_jit_def(obj, obj.__name__)
../publishablew/vision/vision/venv/lib/python3.11/site-packages/torch/jit/frontend.py:383: in get_jit_def
    return build_def(
../publishablew/vision/vision/venv/lib/python3.11/site-packages/torch/jit/frontend.py:444: in build_def
    return Def(Ident(r, def_name), decl, build_stmts(ctx, body))
../publishablew/vision/vision/venv/lib/python3.11/site-packages/torch/jit/frontend.py:197: in build_stmts
    stmts = [build_stmt(ctx, s) for s in stmts]
../publishablew/vision/vision/venv/lib/python3.11/site-packages/torch/jit/frontend.py:197: in <listcomp>
    stmts = [build_stmt(ctx, s) for s in stmts]
../publishablew/vision/vision/venv/lib/python3.11/site-packages/torch/jit/frontend.py:416: in __call__
    raise UnsupportedNodeError(ctx, node)
E   torch.jit.frontend.UnsupportedNodeError: import statements aren't supported:
E     File "/local/data0/moved_data/publishablew/vision/vision/torchvision/transforms/_functional_tensor.py", line 490
E   def solarize(img: Tensor, threshold: float) -> Tensor:
E       from .temp import solarize
E       ~~~~ <--- HERE
E       return solarize(img, threshold)
_____________________ test_solarize2[3-config2-dtype1-cpu] _____________________
../publishablew/vision/vision/test/test_functional_tensor.py:672: in test_solarize2
    check_functional_vs_PIL_vs_scripted(
../publishablew/vision/vision/test/test_functional_tensor.py:575: in check_functional_vs_PIL_vs_scripted
    script_fn = torch.jit.script(fn)
../publishablew/vision/vision/venv/lib/python3.11/site-packages/torch/jit/_script.py:1429: in script
    ret = _script_impl(
../publishablew/vision/vision/venv/lib/python3.11/site-packages/torch/jit/_script.py:1205: in _script_impl
    fn = torch._C._jit_script_compile(
../publishablew/vision/vision/venv/lib/python3.11/site-packages/torch/jit/_recursive.py:1002: in try_compile_fn
    return torch.jit.script(fn, _rcb=rcb)
../publishablew/vision/vision/venv/lib/python3.11/site-packages/torch/jit/_script.py:1429: in script
    ret = _script_impl(
../publishablew/vision/vision/venv/lib/python3.11/site-packages/torch/jit/_script.py:1202: in _script_impl
    ast = get_jit_def(obj, obj.__name__)
../publishablew/vision/vision/venv/lib/python3.11/site-packages/torch/jit/frontend.py:383: in get_jit_def
    return build_def(
../publishablew/vision/vision/venv/lib/python3.11/site-packages/torch/jit/frontend.py:444: in build_def
    return Def(Ident(r, def_name), decl, build_stmts(ctx, body))
../publishablew/vision/vision/venv/lib/python3.11/site-packages/torch/jit/frontend.py:197: in build_stmts
    stmts = [build_stmt(ctx, s) for s in stmts]
../publishablew/vision/vision/venv/lib/python3.11/site-packages/torch/jit/frontend.py:197: in <listcomp>
    stmts = [build_stmt(ctx, s) for s in stmts]
../publishablew/vision/vision/venv/lib/python3.11/site-packages/torch/jit/frontend.py:416: in __call__
    raise UnsupportedNodeError(ctx, node)
E   torch.jit.frontend.UnsupportedNodeError: import statements aren't supported:
E     File "/local/data0/moved_data/publishablew/vision/vision/torchvision/transforms/_functional_tensor.py", line 490
E   def solarize(img: Tensor, threshold: float) -> Tensor:
E       from .temp import solarize
E       ~~~~ <--- HERE
E       return solarize(img, threshold)
____________________ test_solarize2[3-config2-dtype1-cuda] _____________________
../publishablew/vision/vision/test/test_functional_tensor.py:672: in test_solarize2
    check_functional_vs_PIL_vs_scripted(
../publishablew/vision/vision/test/test_functional_tensor.py:575: in check_functional_vs_PIL_vs_scripted
    script_fn = torch.jit.script(fn)
../publishablew/vision/vision/venv/lib/python3.11/site-packages/torch/jit/_script.py:1429: in script
    ret = _script_impl(
../publishablew/vision/vision/venv/lib/python3.11/site-packages/torch/jit/_script.py:1205: in _script_impl
    fn = torch._C._jit_script_compile(
../publishablew/vision/vision/venv/lib/python3.11/site-packages/torch/jit/_recursive.py:1002: in try_compile_fn
    return torch.jit.script(fn, _rcb=rcb)
../publishablew/vision/vision/venv/lib/python3.11/site-packages/torch/jit/_script.py:1429: in script
    ret = _script_impl(
../publishablew/vision/vision/venv/lib/python3.11/site-packages/torch/jit/_script.py:1202: in _script_impl
    ast = get_jit_def(obj, obj.__name__)
../publishablew/vision/vision/venv/lib/python3.11/site-packages/torch/jit/frontend.py:383: in get_jit_def
    return build_def(
../publishablew/vision/vision/venv/lib/python3.11/site-packages/torch/jit/frontend.py:444: in build_def
    return Def(Ident(r, def_name), decl, build_stmts(ctx, body))
../publishablew/vision/vision/venv/lib/python3.11/site-packages/torch/jit/frontend.py:197: in build_stmts
    stmts = [build_stmt(ctx, s) for s in stmts]
../publishablew/vision/vision/venv/lib/python3.11/site-packages/torch/jit/frontend.py:197: in <listcomp>
    stmts = [build_stmt(ctx, s) for s in stmts]
../publishablew/vision/vision/venv/lib/python3.11/site-packages/torch/jit/frontend.py:416: in __call__
    raise UnsupportedNodeError(ctx, node)
E   torch.jit.frontend.UnsupportedNodeError: import statements aren't supported:
E     File "/local/data0/moved_data/publishablew/vision/vision/torchvision/transforms/_functional_tensor.py", line 490
E   def solarize(img: Tensor, threshold: float) -> Tensor:
E       from .temp import solarize
E       ~~~~ <--- HERE
E       return solarize(img, threshold)
_____________________ test_solarize2[3-config3-dtype0-cpu] _____________________
../publishablew/vision/vision/test/test_functional_tensor.py:672: in test_solarize2
    check_functional_vs_PIL_vs_scripted(
../publishablew/vision/vision/test/test_functional_tensor.py:575: in check_functional_vs_PIL_vs_scripted
    script_fn = torch.jit.script(fn)
../publishablew/vision/vision/venv/lib/python3.11/site-packages/torch/jit/_script.py:1429: in script
    ret = _script_impl(
../publishablew/vision/vision/venv/lib/python3.11/site-packages/torch/jit/_script.py:1205: in _script_impl
    fn = torch._C._jit_script_compile(
../publishablew/vision/vision/venv/lib/python3.11/site-packages/torch/jit/_recursive.py:1002: in try_compile_fn
    return torch.jit.script(fn, _rcb=rcb)
../publishablew/vision/vision/venv/lib/python3.11/site-packages/torch/jit/_script.py:1429: in script
    ret = _script_impl(
../publishablew/vision/vision/venv/lib/python3.11/site-packages/torch/jit/_script.py:1202: in _script_impl
    ast = get_jit_def(obj, obj.__name__)
../publishablew/vision/vision/venv/lib/python3.11/site-packages/torch/jit/frontend.py:383: in get_jit_def
    return build_def(
../publishablew/vision/vision/venv/lib/python3.11/site-packages/torch/jit/frontend.py:444: in build_def
    return Def(Ident(r, def_name), decl, build_stmts(ctx, body))
../publishablew/vision/vision/venv/lib/python3.11/site-packages/torch/jit/frontend.py:197: in build_stmts
    stmts = [build_stmt(ctx, s) for s in stmts]
../publishablew/vision/vision/venv/lib/python3.11/site-packages/torch/jit/frontend.py:197: in <listcomp>
    stmts = [build_stmt(ctx, s) for s in stmts]
../publishablew/vision/vision/venv/lib/python3.11/site-packages/torch/jit/frontend.py:416: in __call__
    raise UnsupportedNodeError(ctx, node)
E   torch.jit.frontend.UnsupportedNodeError: import statements aren't supported:
E     File "/local/data0/moved_data/publishablew/vision/vision/torchvision/transforms/_functional_tensor.py", line 490
E   def solarize(img: Tensor, threshold: float) -> Tensor:
E       from .temp import solarize
E       ~~~~ <--- HERE
E       return solarize(img, threshold)
____________________ test_solarize2[3-config3-dtype0-cuda] _____________________
../publishablew/vision/vision/test/test_functional_tensor.py:672: in test_solarize2
    check_functional_vs_PIL_vs_scripted(
../publishablew/vision/vision/test/test_functional_tensor.py:575: in check_functional_vs_PIL_vs_scripted
    script_fn = torch.jit.script(fn)
../publishablew/vision/vision/venv/lib/python3.11/site-packages/torch/jit/_script.py:1429: in script
    ret = _script_impl(
../publishablew/vision/vision/venv/lib/python3.11/site-packages/torch/jit/_script.py:1205: in _script_impl
    fn = torch._C._jit_script_compile(
../publishablew/vision/vision/venv/lib/python3.11/site-packages/torch/jit/_recursive.py:1002: in try_compile_fn
    return torch.jit.script(fn, _rcb=rcb)
../publishablew/vision/vision/venv/lib/python3.11/site-packages/torch/jit/_script.py:1429: in script
    ret = _script_impl(
../publishablew/vision/vision/venv/lib/python3.11/site-packages/torch/jit/_script.py:1202: in _script_impl
    ast = get_jit_def(obj, obj.__name__)
../publishablew/vision/vision/venv/lib/python3.11/site-packages/torch/jit/frontend.py:383: in get_jit_def
    return build_def(
../publishablew/vision/vision/venv/lib/python3.11/site-packages/torch/jit/frontend.py:444: in build_def
    return Def(Ident(r, def_name), decl, build_stmts(ctx, body))
../publishablew/vision/vision/venv/lib/python3.11/site-packages/torch/jit/frontend.py:197: in build_stmts
    stmts = [build_stmt(ctx, s) for s in stmts]
../publishablew/vision/vision/venv/lib/python3.11/site-packages/torch/jit/frontend.py:197: in <listcomp>
    stmts = [build_stmt(ctx, s) for s in stmts]
../publishablew/vision/vision/venv/lib/python3.11/site-packages/torch/jit/frontend.py:416: in __call__
    raise UnsupportedNodeError(ctx, node)
E   torch.jit.frontend.UnsupportedNodeError: import statements aren't supported:
E     File "/local/data0/moved_data/publishablew/vision/vision/torchvision/transforms/_functional_tensor.py", line 490
E   def solarize(img: Tensor, threshold: float) -> Tensor:
E       from .temp import solarize
E       ~~~~ <--- HERE
E       return solarize(img, threshold)
_____________________ test_solarize2[3-config3-dtype1-cpu] _____________________
../publishablew/vision/vision/test/test_functional_tensor.py:672: in test_solarize2
    check_functional_vs_PIL_vs_scripted(
../publishablew/vision/vision/test/test_functional_tensor.py:575: in check_functional_vs_PIL_vs_scripted
    script_fn = torch.jit.script(fn)
../publishablew/vision/vision/venv/lib/python3.11/site-packages/torch/jit/_script.py:1429: in script
    ret = _script_impl(
../publishablew/vision/vision/venv/lib/python3.11/site-packages/torch/jit/_script.py:1205: in _script_impl
    fn = torch._C._jit_script_compile(
../publishablew/vision/vision/venv/lib/python3.11/site-packages/torch/jit/_recursive.py:1002: in try_compile_fn
    return torch.jit.script(fn, _rcb=rcb)
../publishablew/vision/vision/venv/lib/python3.11/site-packages/torch/jit/_script.py:1429: in script
    ret = _script_impl(
../publishablew/vision/vision/venv/lib/python3.11/site-packages/torch/jit/_script.py:1202: in _script_impl
    ast = get_jit_def(obj, obj.__name__)
../publishablew/vision/vision/venv/lib/python3.11/site-packages/torch/jit/frontend.py:383: in get_jit_def
    return build_def(
../publishablew/vision/vision/venv/lib/python3.11/site-packages/torch/jit/frontend.py:444: in build_def
    return Def(Ident(r, def_name), decl, build_stmts(ctx, body))
../publishablew/vision/vision/venv/lib/python3.11/site-packages/torch/jit/frontend.py:197: in build_stmts
    stmts = [build_stmt(ctx, s) for s in stmts]
../publishablew/vision/vision/venv/lib/python3.11/site-packages/torch/jit/frontend.py:197: in <listcomp>
    stmts = [build_stmt(ctx, s) for s in stmts]
../publishablew/vision/vision/venv/lib/python3.11/site-packages/torch/jit/frontend.py:416: in __call__
    raise UnsupportedNodeError(ctx, node)
E   torch.jit.frontend.UnsupportedNodeError: import statements aren't supported:
E     File "/local/data0/moved_data/publishablew/vision/vision/torchvision/transforms/_functional_tensor.py", line 490
E   def solarize(img: Tensor, threshold: float) -> Tensor:
E       from .temp import solarize
E       ~~~~ <--- HERE
E       return solarize(img, threshold)
____________________ test_solarize2[3-config3-dtype1-cuda] _____________________
../publishablew/vision/vision/test/test_functional_tensor.py:672: in test_solarize2
    check_functional_vs_PIL_vs_scripted(
../publishablew/vision/vision/test/test_functional_tensor.py:575: in check_functional_vs_PIL_vs_scripted
    script_fn = torch.jit.script(fn)
../publishablew/vision/vision/venv/lib/python3.11/site-packages/torch/jit/_script.py:1429: in script
    ret = _script_impl(
../publishablew/vision/vision/venv/lib/python3.11/site-packages/torch/jit/_script.py:1205: in _script_impl
    fn = torch._C._jit_script_compile(
../publishablew/vision/vision/venv/lib/python3.11/site-packages/torch/jit/_recursive.py:1002: in try_compile_fn
    return torch.jit.script(fn, _rcb=rcb)
../publishablew/vision/vision/venv/lib/python3.11/site-packages/torch/jit/_script.py:1429: in script
    ret = _script_impl(
../publishablew/vision/vision/venv/lib/python3.11/site-packages/torch/jit/_script.py:1202: in _script_impl
    ast = get_jit_def(obj, obj.__name__)
../publishablew/vision/vision/venv/lib/python3.11/site-packages/torch/jit/frontend.py:383: in get_jit_def
    return build_def(
../publishablew/vision/vision/venv/lib/python3.11/site-packages/torch/jit/frontend.py:444: in build_def
    return Def(Ident(r, def_name), decl, build_stmts(ctx, body))
../publishablew/vision/vision/venv/lib/python3.11/site-packages/torch/jit/frontend.py:197: in build_stmts
    stmts = [build_stmt(ctx, s) for s in stmts]
../publishablew/vision/vision/venv/lib/python3.11/site-packages/torch/jit/frontend.py:197: in <listcomp>
    stmts = [build_stmt(ctx, s) for s in stmts]
../publishablew/vision/vision/venv/lib/python3.11/site-packages/torch/jit/frontend.py:416: in __call__
    raise UnsupportedNodeError(ctx, node)
E   torch.jit.frontend.UnsupportedNodeError: import statements aren't supported:
E     File "/local/data0/moved_data/publishablew/vision/vision/torchvision/transforms/_functional_tensor.py", line 490
E   def solarize(img: Tensor, threshold: float) -> Tensor:
E       from .temp import solarize
E       ~~~~ <--- HERE
E       return solarize(img, threshold)
_____________________ test_solarize2[3-config4-dtype0-cpu] _____________________
../publishablew/vision/vision/test/test_functional_tensor.py:672: in test_solarize2
    check_functional_vs_PIL_vs_scripted(
../publishablew/vision/vision/test/test_functional_tensor.py:575: in check_functional_vs_PIL_vs_scripted
    script_fn = torch.jit.script(fn)
../publishablew/vision/vision/venv/lib/python3.11/site-packages/torch/jit/_script.py:1429: in script
    ret = _script_impl(
../publishablew/vision/vision/venv/lib/python3.11/site-packages/torch/jit/_script.py:1205: in _script_impl
    fn = torch._C._jit_script_compile(
../publishablew/vision/vision/venv/lib/python3.11/site-packages/torch/jit/_recursive.py:1002: in try_compile_fn
    return torch.jit.script(fn, _rcb=rcb)
../publishablew/vision/vision/venv/lib/python3.11/site-packages/torch/jit/_script.py:1429: in script
    ret = _script_impl(
../publishablew/vision/vision/venv/lib/python3.11/site-packages/torch/jit/_script.py:1202: in _script_impl
    ast = get_jit_def(obj, obj.__name__)
../publishablew/vision/vision/venv/lib/python3.11/site-packages/torch/jit/frontend.py:383: in get_jit_def
    return build_def(
../publishablew/vision/vision/venv/lib/python3.11/site-packages/torch/jit/frontend.py:444: in build_def
    return Def(Ident(r, def_name), decl, build_stmts(ctx, body))
../publishablew/vision/vision/venv/lib/python3.11/site-packages/torch/jit/frontend.py:197: in build_stmts
    stmts = [build_stmt(ctx, s) for s in stmts]
../publishablew/vision/vision/venv/lib/python3.11/site-packages/torch/jit/frontend.py:197: in <listcomp>
    stmts = [build_stmt(ctx, s) for s in stmts]
../publishablew/vision/vision/venv/lib/python3.11/site-packages/torch/jit/frontend.py:416: in __call__
    raise UnsupportedNodeError(ctx, node)
E   torch.jit.frontend.UnsupportedNodeError: import statements aren't supported:
E     File "/local/data0/moved_data/publishablew/vision/vision/torchvision/transforms/_functional_tensor.py", line 490
E   def solarize(img: Tensor, threshold: float) -> Tensor:
E       from .temp import solarize
E       ~~~~ <--- HERE
E       return solarize(img, threshold)
____________________ test_solarize2[3-config4-dtype0-cuda] _____________________
../publishablew/vision/vision/test/test_functional_tensor.py:672: in test_solarize2
    check_functional_vs_PIL_vs_scripted(
../publishablew/vision/vision/test/test_functional_tensor.py:575: in check_functional_vs_PIL_vs_scripted
    script_fn = torch.jit.script(fn)
../publishablew/vision/vision/venv/lib/python3.11/site-packages/torch/jit/_script.py:1429: in script
    ret = _script_impl(
../publishablew/vision/vision/venv/lib/python3.11/site-packages/torch/jit/_script.py:1205: in _script_impl
    fn = torch._C._jit_script_compile(
../publishablew/vision/vision/venv/lib/python3.11/site-packages/torch/jit/_recursive.py:1002: in try_compile_fn
    return torch.jit.script(fn, _rcb=rcb)
../publishablew/vision/vision/venv/lib/python3.11/site-packages/torch/jit/_script.py:1429: in script
    ret = _script_impl(
../publishablew/vision/vision/venv/lib/python3.11/site-packages/torch/jit/_script.py:1202: in _script_impl
    ast = get_jit_def(obj, obj.__name__)
../publishablew/vision/vision/venv/lib/python3.11/site-packages/torch/jit/frontend.py:383: in get_jit_def
    return build_def(
../publishablew/vision/vision/venv/lib/python3.11/site-packages/torch/jit/frontend.py:444: in build_def
    return Def(Ident(r, def_name), decl, build_stmts(ctx, body))
../publishablew/vision/vision/venv/lib/python3.11/site-packages/torch/jit/frontend.py:197: in build_stmts
    stmts = [build_stmt(ctx, s) for s in stmts]
../publishablew/vision/vision/venv/lib/python3.11/site-packages/torch/jit/frontend.py:197: in <listcomp>
    stmts = [build_stmt(ctx, s) for s in stmts]
../publishablew/vision/vision/venv/lib/python3.11/site-packages/torch/jit/frontend.py:416: in __call__
    raise UnsupportedNodeError(ctx, node)
E   torch.jit.frontend.UnsupportedNodeError: import statements aren't supported:
E     File "/local/data0/moved_data/publishablew/vision/vision/torchvision/transforms/_functional_tensor.py", line 490
E   def solarize(img: Tensor, threshold: float) -> Tensor:
E       from .temp import solarize
E       ~~~~ <--- HERE
E       return solarize(img, threshold)
_____________________ test_solarize2[3-config4-dtype1-cpu] _____________________
../publishablew/vision/vision/test/test_functional_tensor.py:672: in test_solarize2
    check_functional_vs_PIL_vs_scripted(
../publishablew/vision/vision/test/test_functional_tensor.py:575: in check_functional_vs_PIL_vs_scripted
    script_fn = torch.jit.script(fn)
../publishablew/vision/vision/venv/lib/python3.11/site-packages/torch/jit/_script.py:1429: in script
    ret = _script_impl(
../publishablew/vision/vision/venv/lib/python3.11/site-packages/torch/jit/_script.py:1205: in _script_impl
    fn = torch._C._jit_script_compile(
../publishablew/vision/vision/venv/lib/python3.11/site-packages/torch/jit/_recursive.py:1002: in try_compile_fn
    return torch.jit.script(fn, _rcb=rcb)
../publishablew/vision/vision/venv/lib/python3.11/site-packages/torch/jit/_script.py:1429: in script
    ret = _script_impl(
../publishablew/vision/vision/venv/lib/python3.11/site-packages/torch/jit/_script.py:1202: in _script_impl
    ast = get_jit_def(obj, obj.__name__)
../publishablew/vision/vision/venv/lib/python3.11/site-packages/torch/jit/frontend.py:383: in get_jit_def
    return build_def(
../publishablew/vision/vision/venv/lib/python3.11/site-packages/torch/jit/frontend.py:444: in build_def
    return Def(Ident(r, def_name), decl, build_stmts(ctx, body))
../publishablew/vision/vision/venv/lib/python3.11/site-packages/torch/jit/frontend.py:197: in build_stmts
    stmts = [build_stmt(ctx, s) for s in stmts]
../publishablew/vision/vision/venv/lib/python3.11/site-packages/torch/jit/frontend.py:197: in <listcomp>
    stmts = [build_stmt(ctx, s) for s in stmts]
../publishablew/vision/vision/venv/lib/python3.11/site-packages/torch/jit/frontend.py:416: in __call__
    raise UnsupportedNodeError(ctx, node)
E   torch.jit.frontend.UnsupportedNodeError: import statements aren't supported:
E     File "/local/data0/moved_data/publishablew/vision/vision/torchvision/transforms/_functional_tensor.py", line 490
E   def solarize(img: Tensor, threshold: float) -> Tensor:
E       from .temp import solarize
E       ~~~~ <--- HERE
E       return solarize(img, threshold)
____________________ test_solarize2[3-config4-dtype1-cuda] _____________________
../publishablew/vision/vision/test/test_functional_tensor.py:672: in test_solarize2
    check_functional_vs_PIL_vs_scripted(
../publishablew/vision/vision/test/test_functional_tensor.py:575: in check_functional_vs_PIL_vs_scripted
    script_fn = torch.jit.script(fn)
../publishablew/vision/vision/venv/lib/python3.11/site-packages/torch/jit/_script.py:1429: in script
    ret = _script_impl(
../publishablew/vision/vision/venv/lib/python3.11/site-packages/torch/jit/_script.py:1205: in _script_impl
    fn = torch._C._jit_script_compile(
../publishablew/vision/vision/venv/lib/python3.11/site-packages/torch/jit/_recursive.py:1002: in try_compile_fn
    return torch.jit.script(fn, _rcb=rcb)
../publishablew/vision/vision/venv/lib/python3.11/site-packages/torch/jit/_script.py:1429: in script
    ret = _script_impl(
../publishablew/vision/vision/venv/lib/python3.11/site-packages/torch/jit/_script.py:1202: in _script_impl
    ast = get_jit_def(obj, obj.__name__)
../publishablew/vision/vision/venv/lib/python3.11/site-packages/torch/jit/frontend.py:383: in get_jit_def
    return build_def(
../publishablew/vision/vision/venv/lib/python3.11/site-packages/torch/jit/frontend.py:444: in build_def
    return Def(Ident(r, def_name), decl, build_stmts(ctx, body))
../publishablew/vision/vision/venv/lib/python3.11/site-packages/torch/jit/frontend.py:197: in build_stmts
    stmts = [build_stmt(ctx, s) for s in stmts]
../publishablew/vision/vision/venv/lib/python3.11/site-packages/torch/jit/frontend.py:197: in <listcomp>
    stmts = [build_stmt(ctx, s) for s in stmts]
../publishablew/vision/vision/venv/lib/python3.11/site-packages/torch/jit/frontend.py:416: in __call__
    raise UnsupportedNodeError(ctx, node)
E   torch.jit.frontend.UnsupportedNodeError: import statements aren't supported:
E     File "/local/data0/moved_data/publishablew/vision/vision/torchvision/transforms/_functional_tensor.py", line 490
E   def solarize(img: Tensor, threshold: float) -> Tensor:
E       from .temp import solarize
E       ~~~~ <--- HERE
E       return solarize(img, threshold)
=========================== short test summary info ============================
FAILED ../publishablew/vision/vision/test/test_functional_tensor.py::test_solarize2[1-config0-dtype0-cpu]
FAILED ../publishablew/vision/vision/test/test_functional_tensor.py::test_solarize2[1-config0-dtype0-cuda]
FAILED ../publishablew/vision/vision/test/test_functional_tensor.py::test_solarize2[1-config0-dtype1-cpu]
FAILED ../publishablew/vision/vision/test/test_functional_tensor.py::test_solarize2[1-config0-dtype1-cuda]
FAILED ../publishablew/vision/vision/test/test_functional_tensor.py::test_solarize2[1-config1-dtype0-cpu]
FAILED ../publishablew/vision/vision/test/test_functional_tensor.py::test_solarize2[1-config1-dtype0-cuda]
FAILED ../publishablew/vision/vision/test/test_functional_tensor.py::test_solarize2[1-config1-dtype1-cpu]
FAILED ../publishablew/vision/vision/test/test_functional_tensor.py::test_solarize2[1-config1-dtype1-cuda]
FAILED ../publishablew/vision/vision/test/test_functional_tensor.py::test_solarize2[1-config2-dtype0-cpu]
FAILED ../publishablew/vision/vision/test/test_functional_tensor.py::test_solarize2[1-config2-dtype0-cuda]
FAILED ../publishablew/vision/vision/test/test_functional_tensor.py::test_solarize2[1-config2-dtype1-cpu]
FAILED ../publishablew/vision/vision/test/test_functional_tensor.py::test_solarize2[1-config2-dtype1-cuda]
FAILED ../publishablew/vision/vision/test/test_functional_tensor.py::test_solarize2[1-config3-dtype0-cpu]
FAILED ../publishablew/vision/vision/test/test_functional_tensor.py::test_solarize2[1-config3-dtype0-cuda]
FAILED ../publishablew/vision/vision/test/test_functional_tensor.py::test_solarize2[1-config3-dtype1-cpu]
FAILED ../publishablew/vision/vision/test/test_functional_tensor.py::test_solarize2[1-config3-dtype1-cuda]
FAILED ../publishablew/vision/vision/test/test_functional_tensor.py::test_solarize2[1-config4-dtype0-cpu]
FAILED ../publishablew/vision/vision/test/test_functional_tensor.py::test_solarize2[1-config4-dtype0-cuda]
FAILED ../publishablew/vision/vision/test/test_functional_tensor.py::test_solarize2[1-config4-dtype1-cpu]
FAILED ../publishablew/vision/vision/test/test_functional_tensor.py::test_solarize2[1-config4-dtype1-cuda]
FAILED ../publishablew/vision/vision/test/test_functional_tensor.py::test_solarize2[3-config0-dtype0-cpu]
FAILED ../publishablew/vision/vision/test/test_functional_tensor.py::test_solarize2[3-config0-dtype0-cuda]
FAILED ../publishablew/vision/vision/test/test_functional_tensor.py::test_solarize2[3-config0-dtype1-cpu]
FAILED ../publishablew/vision/vision/test/test_functional_tensor.py::test_solarize2[3-config0-dtype1-cuda]
FAILED ../publishablew/vision/vision/test/test_functional_tensor.py::test_solarize2[3-config1-dtype0-cpu]
FAILED ../publishablew/vision/vision/test/test_functional_tensor.py::test_solarize2[3-config1-dtype0-cuda]
FAILED ../publishablew/vision/vision/test/test_functional_tensor.py::test_solarize2[3-config1-dtype1-cpu]
FAILED ../publishablew/vision/vision/test/test_functional_tensor.py::test_solarize2[3-config1-dtype1-cuda]
FAILED ../publishablew/vision/vision/test/test_functional_tensor.py::test_solarize2[3-config2-dtype0-cpu]
FAILED ../publishablew/vision/vision/test/test_functional_tensor.py::test_solarize2[3-config2-dtype0-cuda]
FAILED ../publishablew/vision/vision/test/test_functional_tensor.py::test_solarize2[3-config2-dtype1-cpu]
FAILED ../publishablew/vision/vision/test/test_functional_tensor.py::test_solarize2[3-config2-dtype1-cuda]
FAILED ../publishablew/vision/vision/test/test_functional_tensor.py::test_solarize2[3-config3-dtype0-cpu]
FAILED ../publishablew/vision/vision/test/test_functional_tensor.py::test_solarize2[3-config3-dtype0-cuda]
FAILED ../publishablew/vision/vision/test/test_functional_tensor.py::test_solarize2[3-config3-dtype1-cpu]
FAILED ../publishablew/vision/vision/test/test_functional_tensor.py::test_solarize2[3-config3-dtype1-cuda]
FAILED ../publishablew/vision/vision/test/test_functional_tensor.py::test_solarize2[3-config4-dtype0-cpu]
FAILED ../publishablew/vision/vision/test/test_functional_tensor.py::test_solarize2[3-config4-dtype0-cuda]
FAILED ../publishablew/vision/vision/test/test_functional_tensor.py::test_solarize2[3-config4-dtype1-cpu]
FAILED ../publishablew/vision/vision/test/test_functional_tensor.py::test_solarize2[3-config4-dtype1-cuda]
============================== 40 failed in 4.26s ==============================


Final Test Result:
============================= test session starts ==============================
platform linux -- Python 3.11.10, pytest-8.3.4, pluggy-1.5.0 -- /local/data0/moved_data/publishablew/vision/vision/venv/bin/python
cachedir: .pytest_cache
rootdir: /local/data0/moved_data/publishablew/vision/vision
configfile: pytest.ini
plugins: mock-3.14.0
collecting ... collected 40 items

../publishablew/vision/vision/test/test_functional_tensor.py::test_solarize2[1-config0-dtype0-cpu] PASSED
../publishablew/vision/vision/test/test_functional_tensor.py::test_solarize2[1-config0-dtype0-cuda] PASSED
../publishablew/vision/vision/test/test_functional_tensor.py::test_solarize2[1-config0-dtype1-cpu] PASSED
../publishablew/vision/vision/test/test_functional_tensor.py::test_solarize2[1-config0-dtype1-cuda] PASSED
../publishablew/vision/vision/test/test_functional_tensor.py::test_solarize2[1-config1-dtype0-cpu] PASSED
../publishablew/vision/vision/test/test_functional_tensor.py::test_solarize2[1-config1-dtype0-cuda] PASSED
../publishablew/vision/vision/test/test_functional_tensor.py::test_solarize2[1-config1-dtype1-cpu] PASSED
../publishablew/vision/vision/test/test_functional_tensor.py::test_solarize2[1-config1-dtype1-cuda] PASSED
../publishablew/vision/vision/test/test_functional_tensor.py::test_solarize2[1-config2-dtype0-cpu] PASSED
../publishablew/vision/vision/test/test_functional_tensor.py::test_solarize2[1-config2-dtype0-cuda] PASSED
../publishablew/vision/vision/test/test_functional_tensor.py::test_solarize2[1-config2-dtype1-cpu] PASSED
../publishablew/vision/vision/test/test_functional_tensor.py::test_solarize2[1-config2-dtype1-cuda] PASSED
../publishablew/vision/vision/test/test_functional_tensor.py::test_solarize2[1-config3-dtype0-cpu] PASSED
../publishablew/vision/vision/test/test_functional_tensor.py::test_solarize2[1-config3-dtype0-cuda] PASSED
../publishablew/vision/vision/test/test_functional_tensor.py::test_solarize2[1-config3-dtype1-cpu] PASSED
../publishablew/vision/vision/test/test_functional_tensor.py::test_solarize2[1-config3-dtype1-cuda] PASSED
../publishablew/vision/vision/test/test_functional_tensor.py::test_solarize2[1-config4-dtype0-cpu] PASSED
../publishablew/vision/vision/test/test_functional_tensor.py::test_solarize2[1-config4-dtype0-cuda] PASSED
../publishablew/vision/vision/test/test_functional_tensor.py::test_solarize2[1-config4-dtype1-cpu] PASSED
../publishablew/vision/vision/test/test_functional_tensor.py::test_solarize2[1-config4-dtype1-cuda] PASSED
../publishablew/vision/vision/test/test_functional_tensor.py::test_solarize2[3-config0-dtype0-cpu] PASSED
../publishablew/vision/vision/test/test_functional_tensor.py::test_solarize2[3-config0-dtype0-cuda] PASSED
../publishablew/vision/vision/test/test_functional_tensor.py::test_solarize2[3-config0-dtype1-cpu] PASSED
../publishablew/vision/vision/test/test_functional_tensor.py::test_solarize2[3-config0-dtype1-cuda] PASSED
../publishablew/vision/vision/test/test_functional_tensor.py::test_solarize2[3-config1-dtype0-cpu] PASSED
../publishablew/vision/vision/test/test_functional_tensor.py::test_solarize2[3-config1-dtype0-cuda] PASSED
../publishablew/vision/vision/test/test_functional_tensor.py::test_solarize2[3-config1-dtype1-cpu] PASSED
../publishablew/vision/vision/test/test_functional_tensor.py::test_solarize2[3-config1-dtype1-cuda] PASSED
../publishablew/vision/vision/test/test_functional_tensor.py::test_solarize2[3-config2-dtype0-cpu] PASSED
../publishablew/vision/vision/test/test_functional_tensor.py::test_solarize2[3-config2-dtype0-cuda] PASSED
../publishablew/vision/vision/test/test_functional_tensor.py::test_solarize2[3-config2-dtype1-cpu] PASSED
../publishablew/vision/vision/test/test_functional_tensor.py::test_solarize2[3-config2-dtype1-cuda] PASSED
../publishablew/vision/vision/test/test_functional_tensor.py::test_solarize2[3-config3-dtype0-cpu] PASSED
../publishablew/vision/vision/test/test_functional_tensor.py::test_solarize2[3-config3-dtype0-cuda] PASSED
../publishablew/vision/vision/test/test_functional_tensor.py::test_solarize2[3-config3-dtype1-cpu] PASSED
../publishablew/vision/vision/test/test_functional_tensor.py::test_solarize2[3-config3-dtype1-cuda] PASSED
../publishablew/vision/vision/test/test_functional_tensor.py::test_solarize2[3-config4-dtype0-cpu] PASSED
../publishablew/vision/vision/test/test_functional_tensor.py::test_solarize2[3-config4-dtype0-cuda] PASSED
../publishablew/vision/vision/test/test_functional_tensor.py::test_solarize2[3-config4-dtype1-cpu] PASSED
../publishablew/vision/vision/test/test_functional_tensor.py::test_solarize2[3-config4-dtype1-cuda] PASSED

============================== 40 passed in 0.51s ==============================


Initial Result:
============================= test session starts ==============================
platform linux -- Python 3.11.10, pytest-8.3.4, pluggy-1.5.0 -- /local/data0/moved_data/publishablew/vision/vision/venv/bin/python
cachedir: .pytest_cache
rootdir: /local/data0/moved_data/publishablew/vision/vision
configfile: pytest.ini
plugins: mock-3.14.0
collecting ... collected 40 items

../publishablew/vision/vision/test/test_functional_tensor.py::test_solarize2[1-config0-dtype0-cpu] PASSED
../publishablew/vision/vision/test/test_functional_tensor.py::test_solarize2[1-config0-dtype0-cuda] PASSED
../publishablew/vision/vision/test/test_functional_tensor.py::test_solarize2[1-config0-dtype1-cpu] PASSED
../publishablew/vision/vision/test/test_functional_tensor.py::test_solarize2[1-config0-dtype1-cuda] PASSED
../publishablew/vision/vision/test/test_functional_tensor.py::test_solarize2[1-config1-dtype0-cpu] PASSED
../publishablew/vision/vision/test/test_functional_tensor.py::test_solarize2[1-config1-dtype0-cuda] PASSED
../publishablew/vision/vision/test/test_functional_tensor.py::test_solarize2[1-config1-dtype1-cpu] PASSED
../publishablew/vision/vision/test/test_functional_tensor.py::test_solarize2[1-config1-dtype1-cuda] PASSED
../publishablew/vision/vision/test/test_functional_tensor.py::test_solarize2[1-config2-dtype0-cpu] PASSED
../publishablew/vision/vision/test/test_functional_tensor.py::test_solarize2[1-config2-dtype0-cuda] PASSED
../publishablew/vision/vision/test/test_functional_tensor.py::test_solarize2[1-config2-dtype1-cpu] PASSED
../publishablew/vision/vision/test/test_functional_tensor.py::test_solarize2[1-config2-dtype1-cuda] PASSED
../publishablew/vision/vision/test/test_functional_tensor.py::test_solarize2[1-config3-dtype0-cpu] PASSED
../publishablew/vision/vision/test/test_functional_tensor.py::test_solarize2[1-config3-dtype0-cuda] PASSED
../publishablew/vision/vision/test/test_functional_tensor.py::test_solarize2[1-config3-dtype1-cpu] PASSED
../publishablew/vision/vision/test/test_functional_tensor.py::test_solarize2[1-config3-dtype1-cuda] PASSED
../publishablew/vision/vision/test/test_functional_tensor.py::test_solarize2[1-config4-dtype0-cpu] PASSED
../publishablew/vision/vision/test/test_functional_tensor.py::test_solarize2[1-config4-dtype0-cuda] PASSED
../publishablew/vision/vision/test/test_functional_tensor.py::test_solarize2[1-config4-dtype1-cpu] PASSED
../publishablew/vision/vision/test/test_functional_tensor.py::test_solarize2[1-config4-dtype1-cuda] PASSED
../publishablew/vision/vision/test/test_functional_tensor.py::test_solarize2[3-config0-dtype0-cpu] PASSED
../publishablew/vision/vision/test/test_functional_tensor.py::test_solarize2[3-config0-dtype0-cuda] PASSED
../publishablew/vision/vision/test/test_functional_tensor.py::test_solarize2[3-config0-dtype1-cpu] PASSED
../publishablew/vision/vision/test/test_functional_tensor.py::test_solarize2[3-config0-dtype1-cuda] PASSED
../publishablew/vision/vision/test/test_functional_tensor.py::test_solarize2[3-config1-dtype0-cpu] PASSED
../publishablew/vision/vision/test/test_functional_tensor.py::test_solarize2[3-config1-dtype0-cuda] PASSED
../publishablew/vision/vision/test/test_functional_tensor.py::test_solarize2[3-config1-dtype1-cpu] PASSED
../publishablew/vision/vision/test/test_functional_tensor.py::test_solarize2[3-config1-dtype1-cuda] PASSED
../publishablew/vision/vision/test/test_functional_tensor.py::test_solarize2[3-config2-dtype0-cpu] PASSED
../publishablew/vision/vision/test/test_functional_tensor.py::test_solarize2[3-config2-dtype0-cuda] PASSED
../publishablew/vision/vision/test/test_functional_tensor.py::test_solarize2[3-config2-dtype1-cpu] PASSED
../publishablew/vision/vision/test/test_functional_tensor.py::test_solarize2[3-config2-dtype1-cuda] PASSED
../publishablew/vision/vision/test/test_functional_tensor.py::test_solarize2[3-config3-dtype0-cpu] PASSED
../publishablew/vision/vision/test/test_functional_tensor.py::test_solarize2[3-config3-dtype0-cuda] PASSED
../publishablew/vision/vision/test/test_functional_tensor.py::test_solarize2[3-config3-dtype1-cpu] PASSED
../publishablew/vision/vision/test/test_functional_tensor.py::test_solarize2[3-config3-dtype1-cuda] PASSED
../publishablew/vision/vision/test/test_functional_tensor.py::test_solarize2[3-config4-dtype0-cpu] PASSED
../publishablew/vision/vision/test/test_functional_tensor.py::test_solarize2[3-config4-dtype0-cuda] PASSED
../publishablew/vision/vision/test/test_functional_tensor.py::test_solarize2[3-config4-dtype1-cpu] PASSED
../publishablew/vision/vision/test/test_functional_tensor.py::test_solarize2[3-config4-dtype1-cuda] PASSED

============================== 40 passed in 0.53s ==============================
