output file:
processed_neurodiffeqsafe_diff45.json
function:
safe_diff
Error Cases:

Pass or Failed: 0

Related Failed Test Cases:
{'../publishablew/neurodiffeq/neurodiffeq/tests/test_neurodiffeq.py::test_higher_order_derivatives FAILED', 'FAILED ../publishablew/neurodiffeq/neurodiffeq/tests/test_neurodiffeq.py::test_higher_order_derivatives'}

All Test Cases On Generated code:
============================= test session starts ==============================
platform linux -- Python 3.11.10, pytest-8.3.4, pluggy-1.5.0 -- /local/data0/moved_data/publishablew/neurodiffeq/neurodiffeq/venv/bin/python
cachedir: .pytest_cache
rootdir: /local/data0/moved_data/publishablew/neurodiffeq/neurodiffeq
collecting ... collected 5 items

../publishablew/neurodiffeq/neurodiffeq/tests/test_neurodiffeq.py::test_safe_diff PASSED
../publishablew/neurodiffeq/neurodiffeq/tests/test_neurodiffeq.py::test_unsafe_diff PASSED
../publishablew/neurodiffeq/neurodiffeq/tests/test_neurodiffeq.py::test_diff PASSED
../publishablew/neurodiffeq/neurodiffeq/tests/test_neurodiffeq.py::test_higher_order_derivatives FAILED
../publishablew/neurodiffeq/neurodiffeq/tests/test_neurodiffeq.py::test_legacy_signature PASSED

=================================== FAILURES ===================================
________________________ test_higher_order_derivatives _________________________

    def test_higher_order_derivatives():
        u, t = get_data(flatten_u=False, flatten_t=False, f=lambda x: x ** 2)
        assert torch.isclose(diff(u, t), t * 2).all()
        assert torch.isclose(diff(u, t, order=2), 2 * torch.ones_like(t)).all()
        for order in range(3, 10):
>           assert torch.isclose(diff(u, t, order=order), torch.zeros_like(t)).all()

../publishablew/neurodiffeq/neurodiffeq/tests/test_neurodiffeq.py:92: 
_ _ _ _ _ _ _ _ _ _ _ _ _ _ _ _ _ _ _ _ _ _ _ _ _ _ _ _ _ _ _ _ _ _ _ _ _ _ _ _ 
../publishablew/neurodiffeq/neurodiffeq/neurodiffeq/_version_utils.py:35: in wrapper
    return f(*args, **kwargs)
../publishablew/neurodiffeq/neurodiffeq/neurodiffeq/neurodiffeq.py:77: in diff
    return safe_diff(u, t, order=order)
../publishablew/neurodiffeq/neurodiffeq/neurodiffeq/_version_utils.py:35: in wrapper
    return f(*args, **kwargs)
../publishablew/neurodiffeq/neurodiffeq/neurodiffeq/neurodiffeq.py:38: in safe_diff
    return safe_diff(u, t, order)
../publishablew/neurodiffeq/neurodiffeq/neurodiffeq/temp.py:17: in safe_diff
    derivative, = torch.autograd.grad(derivative, t, grad_outputs=grad_outputs, create_graph=True)
../publishablew/neurodiffeq/neurodiffeq/venv/lib/python3.11/site-packages/torch/autograd/__init__.py:445: in grad
    return handle_torch_function(
../publishablew/neurodiffeq/neurodiffeq/venv/lib/python3.11/site-packages/torch/overrides.py:1717: in handle_torch_function
    result = mode.__torch_function__(public_api, types, args, kwargs)
../publishablew/neurodiffeq/neurodiffeq/venv/lib/python3.11/site-packages/torch/utils/_device.py:106: in __torch_function__
    return func(*args, **kwargs)
../publishablew/neurodiffeq/neurodiffeq/venv/lib/python3.11/site-packages/torch/autograd/__init__.py:496: in grad
    result = _engine_run_backward(
_ _ _ _ _ _ _ _ _ _ _ _ _ _ _ _ _ _ _ _ _ _ _ _ _ _ _ _ _ _ _ _ _ _ _ _ _ _ _ _ 

t_outputs = (tensor([[0.],
        [0.],
        [0.],
        [0.],
        [0.],
        [0.],
        [0.],
        [0.],
        [0.],
        [0.]], device='cuda:0'),)
args = ((tensor([[1.],
        [1.],
        [1.],
        [1.],
        [1.],
        [1.],
        [1.],
        [1.],
    ...        [0.1003],
        [0.8540],
        [0.4568],
        [0.8185]], device='cuda:0', requires_grad=True),), False)
kwargs = {'accumulate_grad': False}, attach_logging_hooks = False

    def _engine_run_backward(
        t_outputs: Sequence[Union[torch.Tensor, GradientEdge]],
        *args: Any,
        **kwargs: Any,
    ) -> Tuple[torch.Tensor, ...]:
        attach_logging_hooks = log.getEffectiveLevel() <= logging.DEBUG
        if attach_logging_hooks:
            unregister_hooks = _register_logging_hooks_on_whole_graph(t_outputs)
        try:
>           return Variable._execution_engine.run_backward(  # Calls into the C++ engine to run the backward pass
                t_outputs, *args, **kwargs
            )  # Calls into the C++ engine to run the backward pass
E           RuntimeError: element 0 of tensors does not require grad and does not have a grad_fn

../publishablew/neurodiffeq/neurodiffeq/venv/lib/python3.11/site-packages/torch/autograd/graph.py:825: RuntimeError
=========================== short test summary info ============================
FAILED ../publishablew/neurodiffeq/neurodiffeq/tests/test_neurodiffeq.py::test_higher_order_derivatives
========================= 1 failed, 4 passed in 2.21s ==========================


Final Test Result:
============================= test session starts ==============================
platform linux -- Python 3.11.10, pytest-8.3.4, pluggy-1.5.0 -- /local/data0/moved_data/publishablew/neurodiffeq/neurodiffeq/venv/bin/python
cachedir: .pytest_cache
rootdir: /local/data0/moved_data/publishablew/neurodiffeq/neurodiffeq
collecting ... collected 5 items

../publishablew/neurodiffeq/neurodiffeq/tests/test_neurodiffeq.py::test_safe_diff PASSED
../publishablew/neurodiffeq/neurodiffeq/tests/test_neurodiffeq.py::test_unsafe_diff PASSED
../publishablew/neurodiffeq/neurodiffeq/tests/test_neurodiffeq.py::test_diff PASSED
../publishablew/neurodiffeq/neurodiffeq/tests/test_neurodiffeq.py::test_higher_order_derivatives PASSED
../publishablew/neurodiffeq/neurodiffeq/tests/test_neurodiffeq.py::test_legacy_signature PASSED

============================== 5 passed in 2.02s ===============================


Initial Result:
============================= test session starts ==============================
platform linux -- Python 3.11.10, pytest-8.3.4, pluggy-1.5.0 -- /local/data0/moved_data/publishablew/neurodiffeq/neurodiffeq/venv/bin/python
cachedir: .pytest_cache
rootdir: /local/data0/moved_data/publishablew/neurodiffeq/neurodiffeq
collecting ... collected 5 items

../publishablew/neurodiffeq/neurodiffeq/tests/test_neurodiffeq.py::test_safe_diff PASSED
../publishablew/neurodiffeq/neurodiffeq/tests/test_neurodiffeq.py::test_unsafe_diff PASSED
../publishablew/neurodiffeq/neurodiffeq/tests/test_neurodiffeq.py::test_diff PASSED
../publishablew/neurodiffeq/neurodiffeq/tests/test_neurodiffeq.py::test_higher_order_derivatives PASSED
../publishablew/neurodiffeq/neurodiffeq/tests/test_neurodiffeq.py::test_legacy_signature PASSED

============================== 5 passed in 2.05s ===============================
