output file:
processed_classes-korniatranslation_vector12.json
function:
translation_vector
Error Cases:

Pass or Failed: 0

Related Failed Test Cases:
{'../publishablew/kornia/kornia/tests/geometry/camera/test_pinhole.py::TestPinholeCamera::test_pinhole_camera_attributes[cpu-float32] FAILED [ 70%]', '../publishablew/kornia/kornia/tests/geometry/camera/test_pinhole.py::TestPinholeCamera::test_pinhole_camera_attributes_batch2[cpu-float32] FAILED [ 80%]', 'FAILED ../publishablew/kornia/kornia/tests/geometry/camera/test_pinhole.py::TestPinholeCamera::test_pinhole_camera_attributes[cpu-float32]', 'FAILED ../publishablew/kornia/kornia/tests/geometry/camera/test_pinhole.py::TestPinholeCamera::test_pinhole_camera_attributes_batch2[cpu-float32]'}

All Test Cases On Generated code:
Setting up torch compile...
============================= test session starts ==============================
platform linux -- Python 3.10.12, pytest-8.3.3, pluggy-1.5.0 -- /local/data0/moved_data/publishablew/kornia/kornia/venv/bin/python3
cachedir: .pytest_cache

cpu info:
	- Model name: AMD Ryzen 7 PRO 5845 8-Core Processor
	- Architecture: x86_64
	- CPU(s): 16
	- Thread(s) per core: 2
	- CPU max MHz: 4661.7178
	- CPU min MHz: 2200.0000
gpu info: {'GPU 0': 'NVIDIA GeForce RTX 3060'}
main deps:
    - kornia-0.7.4
    - torch-2.5.1+cu124
        - commit: a8d6afb511a69687bbb2b7e88a3cf67917e1697e
        - cuda: 12.4
        - nvidia-driver: 555.42.02
x deps:
    - accelerate-1.1.1
dev deps:
    - kornia_rs-0.1.7
    - onnx-1.17.0
gcc info: (Ubuntu 10.5.0-1ubuntu1~22.04) 10.5.0
available optimizers: {'', 'inductor', 'onnxrt', 'jit', 'cudagraphs', 'tvm', 'openxla', None}
model weights cached: ['checkpoints']

rootdir: /local/data0/moved_data/publishablew/kornia/kornia
configfile: pyproject.toml
plugins: timeout-2.3.1
collecting ... collected 20 items

../publishablew/kornia/kornia/tests/geometry/camera/test_pinhole.py::TestCam2Pixel::test_smoke[cpu-float32-1] PASSED [  5%]
../publishablew/kornia/kornia/tests/geometry/camera/test_pinhole.py::TestCam2Pixel::test_consistency[cpu-float32-1] PASSED [ 10%]
../publishablew/kornia/kornia/tests/geometry/camera/test_pinhole.py::TestCam2Pixel::test_consistency[cpu-float32-2] PASSED [ 15%]
../publishablew/kornia/kornia/tests/geometry/camera/test_pinhole.py::TestCam2Pixel::test_consistency[cpu-float32-5] PASSED [ 20%]
../publishablew/kornia/kornia/tests/geometry/camera/test_pinhole.py::TestCam2Pixel::test_gradcheck[cpu-1] PASSED [ 25%]
../publishablew/kornia/kornia/tests/geometry/camera/test_pinhole.py::TestPixel2Cam::test_smoke[cpu-float32-1] PASSED [ 30%]
../publishablew/kornia/kornia/tests/geometry/camera/test_pinhole.py::TestPixel2Cam::test_smoke[cpu-float32-2] PASSED [ 35%]
../publishablew/kornia/kornia/tests/geometry/camera/test_pinhole.py::TestPixel2Cam::test_smoke[cpu-float32-5] PASSED [ 40%]
../publishablew/kornia/kornia/tests/geometry/camera/test_pinhole.py::TestPixel2Cam::test_consistency[cpu-float32-1] PASSED [ 45%]
../publishablew/kornia/kornia/tests/geometry/camera/test_pinhole.py::TestPixel2Cam::test_consistency[cpu-float32-2] PASSED [ 50%]
../publishablew/kornia/kornia/tests/geometry/camera/test_pinhole.py::TestPixel2Cam::test_consistency[cpu-float32-5] PASSED [ 55%]
../publishablew/kornia/kornia/tests/geometry/camera/test_pinhole.py::TestPixel2Cam::test_gradcheck[cpu-1] SKIPPED [ 60%]
../publishablew/kornia/kornia/tests/geometry/camera/test_pinhole.py::TestPinholeCamera::test_smoke[cpu-float32] PASSED [ 65%]
../publishablew/kornia/kornia/tests/geometry/camera/test_pinhole.py::TestPinholeCamera::test_pinhole_camera_attributes[cpu-float32] FAILED [ 70%]
../publishablew/kornia/kornia/tests/geometry/camera/test_pinhole.py::TestPinholeCamera::test_pinhole_camera_translation_setters[cpu-float32] PASSED [ 75%]
../publishablew/kornia/kornia/tests/geometry/camera/test_pinhole.py::TestPinholeCamera::test_pinhole_camera_attributes_batch2[cpu-float32] FAILED [ 80%]
../publishablew/kornia/kornia/tests/geometry/camera/test_pinhole.py::TestPinholeCamera::test_pinhole_camera_scale[cpu-float32] PASSED [ 85%]
../publishablew/kornia/kornia/tests/geometry/camera/test_pinhole.py::TestPinholeCamera::test_pinhole_camera_scale_inplace[cpu-float32] PASSED [ 90%]
../publishablew/kornia/kornia/tests/geometry/camera/test_pinhole.py::TestPinholeCamera::test_pinhole_camera_project_and_unproject[cpu-float32] PASSED [ 95%]
../publishablew/kornia/kornia/tests/geometry/camera/test_pinhole.py::TestPinholeCamera::test_pinhole_camera_device[cpu-float32] PASSED [100%]

=================================== FAILURES ===================================
________ TestPinholeCamera.test_pinhole_camera_attributes[cpu-float32] _________

self = <test_pinhole.TestPinholeCamera object at 0x7c27748ebe80>
device = device(type='cpu'), dtype = torch.float32

    def test_pinhole_camera_attributes(self, device, dtype):
        batch_size = 1
        height, width = 4, 6
        fx, fy, cx, cy = 1, 2, width / 2, height / 2
        tx, ty, tz = 1, 2, 3
    
        intrinsics = self._create_intrinsics(batch_size, fx, fy, cx, cy, device=device, dtype=dtype)
        extrinsics = self._create_extrinsics(batch_size, tx, ty, tz, device=device, dtype=dtype)
        height = torch.ones(batch_size, device=device, dtype=dtype) * height
        width = torch.ones(batch_size, device=device, dtype=dtype) * width
    
        pinhole = kornia.geometry.camera.PinholeCamera(intrinsics, extrinsics, height, width)
    
        assert pinhole.batch_size == batch_size
        assert pinhole.fx.item() == fx
        assert pinhole.fy.item() == fy
        assert pinhole.cx.item() == cx
        assert pinhole.cy.item() == cy
        assert pinhole.tx.item() == tx
        assert pinhole.ty.item() == ty
        assert pinhole.tz.item() == tz
        assert pinhole.height.item() == height
        assert pinhole.width.item() == width
        assert pinhole.rt_matrix.shape == (batch_size, 3, 4)
        assert pinhole.camera_matrix.shape == (batch_size, 3, 3)
        assert pinhole.rotation_matrix.shape == (batch_size, 3, 3)
>       assert pinhole.translation_vector.shape == (batch_size, 3, 1)
E       AttributeError: 'function' object has no attribute 'shape'

../publishablew/kornia/kornia/tests/geometry/camera/test_pinhole.py:297: AttributeError
_____ TestPinholeCamera.test_pinhole_camera_attributes_batch2[cpu-float32] _____

self = <test_pinhole.TestPinholeCamera object at 0x7c2774714520>
device = device(type='cpu'), dtype = torch.float32

    def test_pinhole_camera_attributes_batch2(self, device, dtype):
        batch_size = 2
        height, width = 4, 6
        fx, fy, cx, cy = 1, 2, width / 2, height / 2
        tx, ty, tz = 1, 2, 3
    
        intrinsics = self._create_intrinsics(batch_size, fx, fy, cx, cy, device=device, dtype=dtype)
        extrinsics = self._create_extrinsics(batch_size, tx, ty, tz, device=device, dtype=dtype)
        height = torch.ones(batch_size, device=device, dtype=dtype) * height
        width = torch.ones(batch_size, device=device, dtype=dtype) * width
    
        pinhole = kornia.geometry.camera.PinholeCamera(intrinsics, extrinsics, height, width)
    
        assert pinhole.batch_size == batch_size
        assert pinhole.fx.shape[0] == batch_size
        assert pinhole.fy.shape[0] == batch_size
        assert pinhole.cx.shape[0] == batch_size
        assert pinhole.cy.shape[0] == batch_size
        assert pinhole.tx.shape[0] == batch_size
        assert pinhole.ty.shape[0] == batch_size
        assert pinhole.tz.shape[0] == batch_size
        assert pinhole.height.shape[0] == batch_size
        assert pinhole.width.shape[0] == batch_size
        assert pinhole.rt_matrix.shape == (batch_size, 3, 4)
        assert pinhole.camera_matrix.shape == (batch_size, 3, 3)
        assert pinhole.rotation_matrix.shape == (batch_size, 3, 3)
>       assert pinhole.translation_vector.shape == (batch_size, 3, 1)
E       AttributeError: 'function' object has no attribute 'shape'

../publishablew/kornia/kornia/tests/geometry/camera/test_pinhole.py:360: AttributeError
=========================== short test summary info ============================
FAILED ../publishablew/kornia/kornia/tests/geometry/camera/test_pinhole.py::TestPinholeCamera::test_pinhole_camera_attributes[cpu-float32]
FAILED ../publishablew/kornia/kornia/tests/geometry/camera/test_pinhole.py::TestPinholeCamera::test_pinhole_camera_attributes_batch2[cpu-float32]
=================== 2 failed, 17 passed, 1 skipped in 0.46s ====================


Final Test Result:
Setting up torch compile...
============================= test session starts ==============================
platform linux -- Python 3.10.12, pytest-8.3.3, pluggy-1.5.0 -- /local/data0/moved_data/publishablew/kornia/kornia/venv/bin/python3
cachedir: .pytest_cache

cpu info:
	- Model name: AMD Ryzen 7 PRO 5845 8-Core Processor
	- Architecture: x86_64
	- CPU(s): 16
	- Thread(s) per core: 2
	- CPU max MHz: 4661.7178
	- CPU min MHz: 2200.0000
gpu info: {'GPU 0': 'NVIDIA GeForce RTX 3060'}
main deps:
    - kornia-0.7.4
    - torch-2.5.1+cu124
        - commit: a8d6afb511a69687bbb2b7e88a3cf67917e1697e
        - cuda: 12.4
        - nvidia-driver: 555.42.02
x deps:
    - accelerate-1.1.1
dev deps:
    - kornia_rs-0.1.7
    - onnx-1.17.0
gcc info: (Ubuntu 10.5.0-1ubuntu1~22.04) 10.5.0
available optimizers: {'', 'openxla', 'jit', 'tvm', 'inductor', 'onnxrt', 'cudagraphs', None}
model weights cached: ['checkpoints']

rootdir: /local/data0/moved_data/publishablew/kornia/kornia
configfile: pyproject.toml
plugins: timeout-2.3.1
collecting ... collected 20 items

../publishablew/kornia/kornia/tests/geometry/camera/test_pinhole.py::TestCam2Pixel::test_smoke[cpu-float32-1] PASSED [  5%]
../publishablew/kornia/kornia/tests/geometry/camera/test_pinhole.py::TestCam2Pixel::test_consistency[cpu-float32-1] PASSED [ 10%]
../publishablew/kornia/kornia/tests/geometry/camera/test_pinhole.py::TestCam2Pixel::test_consistency[cpu-float32-2] PASSED [ 15%]
../publishablew/kornia/kornia/tests/geometry/camera/test_pinhole.py::TestCam2Pixel::test_consistency[cpu-float32-5] PASSED [ 20%]
../publishablew/kornia/kornia/tests/geometry/camera/test_pinhole.py::TestCam2Pixel::test_gradcheck[cpu-1] PASSED [ 25%]
../publishablew/kornia/kornia/tests/geometry/camera/test_pinhole.py::TestPixel2Cam::test_smoke[cpu-float32-1] PASSED [ 30%]
../publishablew/kornia/kornia/tests/geometry/camera/test_pinhole.py::TestPixel2Cam::test_smoke[cpu-float32-2] PASSED [ 35%]
../publishablew/kornia/kornia/tests/geometry/camera/test_pinhole.py::TestPixel2Cam::test_smoke[cpu-float32-5] PASSED [ 40%]
../publishablew/kornia/kornia/tests/geometry/camera/test_pinhole.py::TestPixel2Cam::test_consistency[cpu-float32-1] PASSED [ 45%]
../publishablew/kornia/kornia/tests/geometry/camera/test_pinhole.py::TestPixel2Cam::test_consistency[cpu-float32-2] PASSED [ 50%]
../publishablew/kornia/kornia/tests/geometry/camera/test_pinhole.py::TestPixel2Cam::test_consistency[cpu-float32-5] PASSED [ 55%]
../publishablew/kornia/kornia/tests/geometry/camera/test_pinhole.py::TestPixel2Cam::test_gradcheck[cpu-1] SKIPPED [ 60%]
../publishablew/kornia/kornia/tests/geometry/camera/test_pinhole.py::TestPinholeCamera::test_smoke[cpu-float32] PASSED [ 65%]
../publishablew/kornia/kornia/tests/geometry/camera/test_pinhole.py::TestPinholeCamera::test_pinhole_camera_attributes[cpu-float32] PASSED [ 70%]
../publishablew/kornia/kornia/tests/geometry/camera/test_pinhole.py::TestPinholeCamera::test_pinhole_camera_translation_setters[cpu-float32] PASSED [ 75%]
../publishablew/kornia/kornia/tests/geometry/camera/test_pinhole.py::TestPinholeCamera::test_pinhole_camera_attributes_batch2[cpu-float32] PASSED [ 80%]
../publishablew/kornia/kornia/tests/geometry/camera/test_pinhole.py::TestPinholeCamera::test_pinhole_camera_scale[cpu-float32] PASSED [ 85%]
../publishablew/kornia/kornia/tests/geometry/camera/test_pinhole.py::TestPinholeCamera::test_pinhole_camera_scale_inplace[cpu-float32] PASSED [ 90%]
../publishablew/kornia/kornia/tests/geometry/camera/test_pinhole.py::TestPinholeCamera::test_pinhole_camera_project_and_unproject[cpu-float32] PASSED [ 95%]
../publishablew/kornia/kornia/tests/geometry/camera/test_pinhole.py::TestPinholeCamera::test_pinhole_camera_device[cpu-float32] PASSED [100%]

======================== 19 passed, 1 skipped in 0.32s =========================


Initial Result:
Setting up torch compile...
============================= test session starts ==============================
platform linux -- Python 3.10.12, pytest-8.3.3, pluggy-1.5.0 -- /local/data0/moved_data/publishablew/kornia/kornia/venv/bin/python3
cachedir: .pytest_cache

cpu info:
	- Model name: AMD Ryzen 7 PRO 5845 8-Core Processor
	- Architecture: x86_64
	- CPU(s): 16
	- Thread(s) per core: 2
	- CPU max MHz: 4661.7178
	- CPU min MHz: 2200.0000
gpu info: {'GPU 0': 'NVIDIA GeForce RTX 3060'}
main deps:
    - kornia-0.7.4
    - torch-2.5.1+cu124
        - commit: a8d6afb511a69687bbb2b7e88a3cf67917e1697e
        - cuda: 12.4
        - nvidia-driver: 555.42.02
x deps:
    - accelerate-1.1.1
dev deps:
    - kornia_rs-0.1.7
    - onnx-1.17.0
gcc info: (Ubuntu 10.5.0-1ubuntu1~22.04) 10.5.0
available optimizers: {'', 'onnxrt', 'tvm', 'inductor', 'jit', 'cudagraphs', 'openxla', None}
model weights cached: ['checkpoints']

rootdir: /local/data0/moved_data/publishablew/kornia/kornia
configfile: pyproject.toml
plugins: timeout-2.3.1
collecting ... collected 20 items

../publishablew/kornia/kornia/tests/geometry/camera/test_pinhole.py::TestCam2Pixel::test_smoke[cpu-float32-1] PASSED [  5%]
../publishablew/kornia/kornia/tests/geometry/camera/test_pinhole.py::TestCam2Pixel::test_consistency[cpu-float32-1] PASSED [ 10%]
../publishablew/kornia/kornia/tests/geometry/camera/test_pinhole.py::TestCam2Pixel::test_consistency[cpu-float32-2] PASSED [ 15%]
../publishablew/kornia/kornia/tests/geometry/camera/test_pinhole.py::TestCam2Pixel::test_consistency[cpu-float32-5] PASSED [ 20%]
../publishablew/kornia/kornia/tests/geometry/camera/test_pinhole.py::TestCam2Pixel::test_gradcheck[cpu-1] PASSED [ 25%]
../publishablew/kornia/kornia/tests/geometry/camera/test_pinhole.py::TestPixel2Cam::test_smoke[cpu-float32-1] PASSED [ 30%]
../publishablew/kornia/kornia/tests/geometry/camera/test_pinhole.py::TestPixel2Cam::test_smoke[cpu-float32-2] PASSED [ 35%]
../publishablew/kornia/kornia/tests/geometry/camera/test_pinhole.py::TestPixel2Cam::test_smoke[cpu-float32-5] PASSED [ 40%]
../publishablew/kornia/kornia/tests/geometry/camera/test_pinhole.py::TestPixel2Cam::test_consistency[cpu-float32-1] PASSED [ 45%]
../publishablew/kornia/kornia/tests/geometry/camera/test_pinhole.py::TestPixel2Cam::test_consistency[cpu-float32-2] PASSED [ 50%]
../publishablew/kornia/kornia/tests/geometry/camera/test_pinhole.py::TestPixel2Cam::test_consistency[cpu-float32-5] PASSED [ 55%]
../publishablew/kornia/kornia/tests/geometry/camera/test_pinhole.py::TestPixel2Cam::test_gradcheck[cpu-1] SKIPPED [ 60%]
../publishablew/kornia/kornia/tests/geometry/camera/test_pinhole.py::TestPinholeCamera::test_smoke[cpu-float32] PASSED [ 65%]
../publishablew/kornia/kornia/tests/geometry/camera/test_pinhole.py::TestPinholeCamera::test_pinhole_camera_attributes[cpu-float32] PASSED [ 70%]
../publishablew/kornia/kornia/tests/geometry/camera/test_pinhole.py::TestPinholeCamera::test_pinhole_camera_translation_setters[cpu-float32] PASSED [ 75%]
../publishablew/kornia/kornia/tests/geometry/camera/test_pinhole.py::TestPinholeCamera::test_pinhole_camera_attributes_batch2[cpu-float32] PASSED [ 80%]
../publishablew/kornia/kornia/tests/geometry/camera/test_pinhole.py::TestPinholeCamera::test_pinhole_camera_scale[cpu-float32] PASSED [ 85%]
../publishablew/kornia/kornia/tests/geometry/camera/test_pinhole.py::TestPinholeCamera::test_pinhole_camera_scale_inplace[cpu-float32] PASSED [ 90%]
../publishablew/kornia/kornia/tests/geometry/camera/test_pinhole.py::TestPinholeCamera::test_pinhole_camera_project_and_unproject[cpu-float32] PASSED [ 95%]
../publishablew/kornia/kornia/tests/geometry/camera/test_pinhole.py::TestPinholeCamera::test_pinhole_camera_device[cpu-float32] PASSED [100%]

======================== 19 passed, 1 skipped in 0.38s =========================
