output file:
processed_visionresize192.json
function:
resize
Error Cases:

Pass or Failed: 0

Related Failed Test Cases:
{'FAILED ../publishablew/vision/vision/test/test_transforms.py::test_resize[1000-osize5-29-35]', 'FAILED ../publishablew/vision/vision/test/test_transforms.py::test_resize[37-36-28-34]', '../publishablew/vision/vision/test/test_transforms.py::test_resize[1000-osize5-35-29] FAILED', '../publishablew/vision/vision/test/test_transforms.py::test_resize[37-osize4-28-28] FAILED', 'FAILED ../publishablew/vision/vision/test/test_transforms.py::test_resize[None-osize5-27-27]', 'FAILED ../publishablew/vision/vision/test/test_transforms.py::test_resize[None-osize5-35-29]', 'FAILED ../publishablew/vision/vision/test/test_transforms.py::test_resize[None-27-27-27]', 'FAILED ../publishablew/vision/vision/test/test_transforms.py::test_resize[1000-osize5-34-28]', 'FAILED ../publishablew/vision/vision/test/test_transforms.py::test_resize[37-28-28-34]', 'FAILED ../publishablew/vision/vision/test/test_transforms.py::test_resize[37-27-34-28]', 'FAILED ../publishablew/vision/vision/test/test_transforms.py::test_resize[37-osize4-28-28]', '../publishablew/vision/vision/test/test_transforms.py::test_resize[37-27-28-34] FAILED', '../publishablew/vision/vision/test/test_transforms.py::test_resize[37-27-27-27] FAILED', '../publishablew/vision/vision/test/test_transforms.py::test_resize[1000-osize4-28-28] FAILED', 'FAILED ../publishablew/vision/vision/test/test_transforms.py::test_resize[1000-osize4-35-29]', '../publishablew/vision/vision/test/test_transforms.py::test_resize[None-27-27-27] FAILED', 'FAILED ../publishablew/vision/vision/test/test_transforms.py::test_resize[None-27-34-28]', '../publishablew/vision/vision/test/test_transforms.py::test_resize[None-osize5-35-29] FAILED', 'FAILED ../publishablew/vision/vision/test/test_transforms.py::test_resize[1000-28-28-34]', 'FAILED ../publishablew/vision/vision/test/test_transforms.py::test_resize[1000-27-35-29]', 'FAILED ../publishablew/vision/vision/test/test_transforms.py::test_resize[1000-27-27-27]', 'FAILED ../publishablew/vision/vision/test/test_transforms.py::test_resize[None-osize4-27-27]', 'FAILED ../publishablew/vision/vision/test/test_transforms.py::test_resize[37-osize5-29-35]', '../publishablew/vision/vision/test/test_transforms.py::test_resize[37-22-35-29] FAILED', '../publishablew/vision/vision/test/test_transforms.py::test_resize[1000-22-29-35] FAILED', '../publishablew/vision/vision/test/test_transforms.py::test_resize[None-36-34-28] FAILED', 'FAILED ../publishablew/vision/vision/test/test_transforms.py::test_resize[None-27-35-29]', '../publishablew/vision/vision/test/test_transforms.py::test_resize[37-osize5-28-28] FAILED', '../publishablew/vision/vision/test/test_transforms.py::test_resize[37-27-29-35] FAILED', '../publishablew/vision/vision/test/test_transforms.py::test_resize[None-28-28-28] FAILED', 'FAILED ../publishablew/vision/vision/test/test_transforms.py::test_resize[37-22-28-28]', 'FAILED ../publishablew/vision/vision/test/test_transforms.py::test_resize[37-22-27-27]', 'FAILED ../publishablew/vision/vision/test/test_transforms.py::test_resize[None-osize4-28-28]', '../publishablew/vision/vision/test/test_transforms.py::test_resize[1000-36-34-28] FAILED', 'FAILED ../publishablew/vision/vision/test/test_transforms.py::test_resize[1000-36-28-34]', 'FAILED ../publishablew/vision/vision/test/test_transforms.py::test_resize[1000-osize5-35-29]', '../publishablew/vision/vision/test/test_transforms.py::test_resize[None-22-34-28] FAILED', '../publishablew/vision/vision/test/test_transforms.py::test_resize[37-28-34-28] FAILED', '../publishablew/vision/vision/test/test_transforms.py::test_resize[None-22-28-34] FAILED', '../publishablew/vision/vision/test/test_transforms.py::test_resize[None-osize4-28-28] FAILED', '../publishablew/vision/vision/test/test_transforms.py::test_resize[1000-22-35-29] FAILED', '../publishablew/vision/vision/test/test_transforms.py::test_resize[None-36-35-29] FAILED', '../publishablew/vision/vision/test/test_transforms.py::test_resize[37-osize5-28-34] FAILED', '../publishablew/vision/vision/test/test_transforms.py::test_resize[37-36-29-35] FAILED', '../publishablew/vision/vision/test/test_transforms.py::test_resize[1000-osize4-29-35] FAILED', 'FAILED ../publishablew/vision/vision/test/test_transforms.py::test_resize[1000-28-28-28]', '../publishablew/vision/vision/test/test_transforms.py::test_resize[1000-osize4-27-27] FAILED', '../publishablew/vision/vision/test/test_transforms.py::test_resize[1000-osize5-29-35] FAILED', 'FAILED ../publishablew/vision/vision/test/test_transforms.py::test_resize[1000-osize4-28-28]', 'FAILED ../publishablew/vision/vision/test/test_transforms.py::test_resize[1000-osize5-28-34]', 'FAILED ../publishablew/vision/vision/test/test_transforms.py::test_resize[37-osize4-34-28]', 'FAILED ../publishablew/vision/vision/test/test_transforms.py::test_resize[1000-36-28-28]', '../publishablew/vision/vision/test/test_transforms.py::test_resize[1000-36-28-28] FAILED', 'FAILED ../publishablew/vision/vision/test/test_transforms.py::test_resize[1000-osize4-34-28]', '../publishablew/vision/vision/test/test_transforms.py::test_resize[None-osize5-29-35] FAILED', '../publishablew/vision/vision/test/test_transforms.py::test_resize[37-osize4-29-35] FAILED', 'FAILED ../publishablew/vision/vision/test/test_transforms.py::test_resize[37-27-28-28]', 'FAILED ../publishablew/vision/vision/test/test_transforms.py::test_resize[1000-36-35-29]', '../publishablew/vision/vision/test/test_transforms.py::test_resize[None-osize4-34-28] FAILED', '../publishablew/vision/vision/test/test_transforms.py::test_resize[1000-osize5-28-34] FAILED', '../publishablew/vision/vision/test/test_transforms.py::test_resize[None-28-29-35] FAILED', '../publishablew/vision/vision/test/test_transforms.py::test_resize[None-28-35-29] FAILED', '../publishablew/vision/vision/test/test_transforms.py::test_resize[None-27-28-34] FAILED', '../publishablew/vision/vision/test/test_transforms.py::test_resize[37-osize5-34-28] FAILED', 'FAILED ../publishablew/vision/vision/test/test_transforms.py::test_resize[1000-28-29-35]', '../publishablew/vision/vision/test/test_transforms.py::test_resize[37-28-27-27] FAILED', 'FAILED ../publishablew/vision/vision/test/test_transforms.py::test_resize[None-36-28-34]', '../publishablew/vision/vision/test/test_transforms.py::test_resize[37-osize4-27-27] FAILED', 'FAILED ../publishablew/vision/vision/test/test_transforms.py::test_resize[37-osize4-28-34]', 'FAILED ../publishablew/vision/vision/test/test_transforms.py::test_resize[None-osize5-28-34]', '../publishablew/vision/vision/test/test_transforms.py::test_resize[37-28-28-34] FAILED', 'FAILED ../publishablew/vision/vision/test/test_transforms.py::test_resize[None-osize4-28-34]', 'FAILED ../publishablew/vision/vision/test/test_transforms.py::test_resize[1000-36-34-28]', 'FAILED ../publishablew/vision/vision/test/test_transforms.py::test_resize[1000-28-27-27]', '../publishablew/vision/vision/test/test_transforms.py::test_resize[None-osize5-28-34] FAILED', '../publishablew/vision/vision/test/test_transforms.py::test_resize[37-22-34-28] FAILED', '../publishablew/vision/vision/test/test_transforms.py::test_resize[None-22-29-35] FAILED', '../publishablew/vision/vision/test/test_transforms.py::test_resize[1000-28-27-27] FAILED', 'FAILED ../publishablew/vision/vision/test/test_transforms.py::test_resize[37-36-29-35]', '../publishablew/vision/vision/test/test_transforms.py::test_resize[1000-22-27-27] FAILED', 'FAILED ../publishablew/vision/vision/test/test_transforms.py::test_resize[1000-22-35-29]', 'FAILED ../publishablew/vision/vision/test/test_transforms.py::test_resize[37-28-35-29]', '../publishablew/vision/vision/test/test_transforms.py::test_resize[None-28-27-27] FAILED', 'FAILED ../publishablew/vision/vision/test/test_transforms.py::test_resize[37-osize4-35-29]', '../publishablew/vision/vision/test/test_transforms.py::test_resize[1000-28-28-28] FAILED', 'FAILED ../publishablew/vision/vision/test/test_transforms.py::test_resize[37-36-35-29]', 'FAILED ../publishablew/vision/vision/test/test_transforms.py::test_resize[1000-27-28-34]', '../publishablew/vision/vision/test/test_transforms.py::test_resize[1000-22-28-28] FAILED', '../publishablew/vision/vision/test/test_transforms.py::test_resize[1000-36-29-35] FAILED', 'FAILED ../publishablew/vision/vision/test/test_transforms.py::test_resize[1000-osize4-28-34]', '../publishablew/vision/vision/test/test_transforms.py::test_resize[37-27-35-29] FAILED', '../publishablew/vision/vision/test/test_transforms.py::test_resize[1000-27-34-28] FAILED', '../publishablew/vision/vision/test/test_transforms.py::test_resize[37-36-28-28] FAILED', 'FAILED ../publishablew/vision/vision/test/test_transforms.py::test_resize[37-28-28-28]', 'FAILED ../publishablew/vision/vision/test/test_transforms.py::test_resize[37-28-34-28]', 'FAILED ../publishablew/vision/vision/test/test_transforms.py::test_resize[1000-osize5-28-28]', '../publishablew/vision/vision/test/test_transforms.py::test_resize[1000-28-28-34] FAILED', '../publishablew/vision/vision/test/test_transforms.py::test_resize[None-36-28-34] FAILED', '../publishablew/vision/vision/test/test_transforms.py::test_resize[1000-36-28-34] FAILED', '../publishablew/vision/vision/test/test_transforms.py::test_resize[1000-27-35-29] FAILED', 'FAILED ../publishablew/vision/vision/test/test_transforms.py::test_resize[37-22-34-28]', '../publishablew/vision/vision/test/test_transforms.py::test_resize[None-osize5-34-28] FAILED', 'FAILED ../publishablew/vision/vision/test/test_transforms.py::test_resize[None-osize4-29-35]', 'FAILED ../publishablew/vision/vision/test/test_transforms.py::test_resize[None-28-34-28]', '../publishablew/vision/vision/test/test_transforms.py::test_resize[None-22-28-28] FAILED', '../publishablew/vision/vision/test/test_transforms.py::test_resize[1000-22-28-34] FAILED', '../publishablew/vision/vision/test/test_transforms.py::test_resize[1000-36-35-29] FAILED', 'FAILED ../publishablew/vision/vision/test/test_transforms.py::test_resize[37-22-29-35]', 'FAILED ../publishablew/vision/vision/test/test_transforms.py::test_resize[37-27-29-35]', '../publishablew/vision/vision/test/test_transforms.py::test_resize[1000-osize4-34-28] FAILED', '../publishablew/vision/vision/test/test_transforms.py::test_resize[1000-28-34-28] FAILED', 'FAILED ../publishablew/vision/vision/test/test_transforms.py::test_resize[1000-22-27-27]', 'FAILED ../publishablew/vision/vision/test/test_transforms.py::test_resize[1000-22-28-34]', 'FAILED ../publishablew/vision/vision/test/test_transforms.py::test_resize[None-36-35-29]', 'FAILED ../publishablew/vision/vision/test/test_transforms.py::test_resize[37-27-28-34]', 'FAILED ../publishablew/vision/vision/test/test_transforms.py::test_resize[1000-22-29-35]', 'FAILED ../publishablew/vision/vision/test/test_transforms.py::test_resize[None-osize5-28-28]', 'FAILED ../publishablew/vision/vision/test/test_transforms.py::test_resize[1000-28-34-28]', '../publishablew/vision/vision/test/test_transforms.py::test_resize[37-osize4-35-29] FAILED', '../publishablew/vision/vision/test/test_transforms.py::test_resize[1000-27-28-34] FAILED', 'FAILED ../publishablew/vision/vision/test/test_transforms.py::test_resize[None-osize4-35-29]', 'FAILED ../publishablew/vision/vision/test/test_transforms.py::test_resize[None-22-34-28]', 'FAILED ../publishablew/vision/vision/test/test_transforms.py::test_resize[37-osize5-27-27]', '../publishablew/vision/vision/test/test_transforms.py::test_resize[37-osize4-28-34] FAILED', '../publishablew/vision/vision/test/test_transforms.py::test_resize[None-osize5-27-27] FAILED', '../publishablew/vision/vision/test/test_transforms.py::test_resize[1000-osize4-35-29] FAILED', 'FAILED ../publishablew/vision/vision/test/test_transforms.py::test_resize[None-36-28-28]', '../publishablew/vision/vision/test/test_transforms.py::test_resize[None-27-29-35] FAILED', 'FAILED ../publishablew/vision/vision/test/test_transforms.py::test_resize[37-36-28-28]', 'FAILED ../publishablew/vision/vision/test/test_transforms.py::test_resize[None-27-28-28]', '../publishablew/vision/vision/test/test_transforms.py::test_resize[None-28-34-28] FAILED', '../publishablew/vision/vision/test/test_transforms.py::test_resize[37-36-27-27] FAILED', 'FAILED ../publishablew/vision/vision/test/test_transforms.py::test_resize[37-osize4-27-27]', 'FAILED ../publishablew/vision/vision/test/test_transforms.py::test_resize[37-22-28-34]', 'FAILED ../publishablew/vision/vision/test/test_transforms.py::test_resize[37-osize5-28-28]', 'FAILED ../publishablew/vision/vision/test/test_transforms.py::test_resize[None-36-29-35]', '../publishablew/vision/vision/test/test_transforms.py::test_resize[37-27-34-28] FAILED', '../publishablew/vision/vision/test/test_transforms.py::test_resize[37-osize5-29-35] FAILED', 'FAILED ../publishablew/vision/vision/test/test_transforms.py::test_resize[1000-osize5-27-27]', 'FAILED ../publishablew/vision/vision/test/test_transforms.py::test_resize[37-28-27-27]', '../publishablew/vision/vision/test/test_transforms.py::test_resize[1000-28-35-29] FAILED', '../publishablew/vision/vision/test/test_transforms.py::test_resize[37-22-29-35] FAILED', '../publishablew/vision/vision/test/test_transforms.py::test_resize[1000-osize5-27-27] FAILED', '../publishablew/vision/vision/test/test_transforms.py::test_resize[37-36-28-34] FAILED', '../publishablew/vision/vision/test/test_transforms.py::test_resize[None-osize5-28-28] FAILED', 'FAILED ../publishablew/vision/vision/test/test_transforms.py::test_resize[None-36-34-28]', 'FAILED ../publishablew/vision/vision/test/test_transforms.py::test_resize[37-osize4-29-35]', '../publishablew/vision/vision/test/test_transforms.py::test_resize[None-osize4-27-27] FAILED', 'FAILED ../publishablew/vision/vision/test/test_transforms.py::test_resize[None-osize5-34-28]', 'FAILED ../publishablew/vision/vision/test/test_transforms.py::test_resize[37-osize5-35-29]', 'FAILED ../publishablew/vision/vision/test/test_transforms.py::test_resize[1000-27-28-28]', 'FAILED ../publishablew/vision/vision/test/test_transforms.py::test_resize[None-28-28-28]', 'FAILED ../publishablew/vision/vision/test/test_transforms.py::test_resize[None-osize5-29-35]', 'FAILED ../publishablew/vision/vision/test/test_transforms.py::test_resize[1000-36-29-35]', '../publishablew/vision/vision/test/test_transforms.py::test_resize[None-36-29-35] FAILED', '../publishablew/vision/vision/test/test_transforms.py::test_resize[1000-osize4-28-34] FAILED', '../publishablew/vision/vision/test/test_transforms.py::test_resize[37-22-28-28] FAILED', 'FAILED ../publishablew/vision/vision/test/test_transforms.py::test_resize[1000-22-34-28]', 'FAILED ../publishablew/vision/vision/test/test_transforms.py::test_resize[None-osize4-34-28]', '../publishablew/vision/vision/test/test_transforms.py::test_resize[None-osize4-28-34] FAILED', 'FAILED ../publishablew/vision/vision/test/test_transforms.py::test_resize[37-36-27-27]', 'FAILED ../publishablew/vision/vision/test/test_transforms.py::test_resize[37-osize5-28-34]', 'FAILED ../publishablew/vision/vision/test/test_transforms.py::test_resize[None-27-28-34]', '../publishablew/vision/vision/test/test_transforms.py::test_resize[None-22-27-27] FAILED', 'FAILED ../publishablew/vision/vision/test/test_transforms.py::test_resize[1000-22-28-28]', 'FAILED ../publishablew/vision/vision/test/test_transforms.py::test_resize[1000-osize4-27-27]', '../publishablew/vision/vision/test/test_transforms.py::test_resize[37-osize5-27-27] FAILED', 'FAILED ../publishablew/vision/vision/test/test_transforms.py::test_resize[1000-osize4-29-35]', '../publishablew/vision/vision/test/test_transforms.py::test_resize[None-36-27-27] FAILED', '../publishablew/vision/vision/test/test_transforms.py::test_resize[None-27-34-28] FAILED', 'FAILED ../publishablew/vision/vision/test/test_transforms.py::test_resize[None-22-35-29]', '../publishablew/vision/vision/test/test_transforms.py::test_resize[None-36-28-28] FAILED', '../publishablew/vision/vision/test/test_transforms.py::test_resize[1000-22-34-28] FAILED', '../publishablew/vision/vision/test/test_transforms.py::test_resize[1000-osize5-34-28] FAILED', '../publishablew/vision/vision/test/test_transforms.py::test_resize[37-28-35-29] FAILED', 'FAILED ../publishablew/vision/vision/test/test_transforms.py::test_resize[None-36-27-27]', '../publishablew/vision/vision/test/test_transforms.py::test_resize[37-28-29-35] FAILED', 'FAILED ../publishablew/vision/vision/test/test_transforms.py::test_resize[1000-27-34-28]', 'FAILED ../publishablew/vision/vision/test/test_transforms.py::test_resize[None-22-28-28]', '../publishablew/vision/vision/test/test_transforms.py::test_resize[1000-27-29-35] FAILED', 'FAILED ../publishablew/vision/vision/test/test_transforms.py::test_resize[37-osize5-34-28]', '../publishablew/vision/vision/test/test_transforms.py::test_resize[None-osize4-29-35] FAILED', 'FAILED ../publishablew/vision/vision/test/test_transforms.py::test_resize[None-28-27-27]', '../publishablew/vision/vision/test/test_transforms.py::test_resize[1000-36-27-27] FAILED', '../publishablew/vision/vision/test/test_transforms.py::test_resize[1000-28-29-35] FAILED', '../publishablew/vision/vision/test/test_transforms.py::test_resize[37-36-34-28] FAILED', '../publishablew/vision/vision/test/test_transforms.py::test_resize[37-22-27-27] FAILED', 'FAILED ../publishablew/vision/vision/test/test_transforms.py::test_resize[None-28-28-34]', '../publishablew/vision/vision/test/test_transforms.py::test_resize[1000-osize5-28-28] FAILED', '../publishablew/vision/vision/test/test_transforms.py::test_resize[37-osize5-35-29] FAILED', '../publishablew/vision/vision/test/test_transforms.py::test_resize[37-22-28-34] FAILED', '../publishablew/vision/vision/test/test_transforms.py::test_resize[37-27-28-28] FAILED', 'FAILED ../publishablew/vision/vision/test/test_transforms.py::test_resize[1000-36-27-27]', '../publishablew/vision/vision/test/test_transforms.py::test_resize[37-osize4-34-28] FAILED', 'FAILED ../publishablew/vision/vision/test/test_transforms.py::test_resize[None-28-35-29]', 'FAILED ../publishablew/vision/vision/test/test_transforms.py::test_resize[1000-28-35-29]', 'FAILED ../publishablew/vision/vision/test/test_transforms.py::test_resize[None-22-27-27]', 'FAILED ../publishablew/vision/vision/test/test_transforms.py::test_resize[None-28-29-35]', '../publishablew/vision/vision/test/test_transforms.py::test_resize[None-osize4-35-29] FAILED', 'FAILED ../publishablew/vision/vision/test/test_transforms.py::test_resize[37-27-35-29]', 'FAILED ../publishablew/vision/vision/test/test_transforms.py::test_resize[None-22-29-35]', '../publishablew/vision/vision/test/test_transforms.py::test_resize[1000-27-27-27] FAILED', '../publishablew/vision/vision/test/test_transforms.py::test_resize[37-28-28-28] FAILED', '../publishablew/vision/vision/test/test_transforms.py::test_resize[None-22-35-29] FAILED', 'FAILED ../publishablew/vision/vision/test/test_transforms.py::test_resize[None-22-28-34]', 'FAILED ../publishablew/vision/vision/test/test_transforms.py::test_resize[1000-27-29-35]', '../publishablew/vision/vision/test/test_transforms.py::test_resize[1000-27-28-28] FAILED', '../publishablew/vision/vision/test/test_transforms.py::test_resize[None-27-28-28] FAILED', '../publishablew/vision/vision/test/test_transforms.py::test_resize[None-28-28-34] FAILED', 'FAILED ../publishablew/vision/vision/test/test_transforms.py::test_resize[37-22-35-29]', '../publishablew/vision/vision/test/test_transforms.py::test_resize[None-27-35-29] FAILED', 'FAILED ../publishablew/vision/vision/test/test_transforms.py::test_resize[37-28-29-35]', 'FAILED ../publishablew/vision/vision/test/test_transforms.py::test_resize[37-36-34-28]', 'FAILED ../publishablew/vision/vision/test/test_transforms.py::test_resize[37-27-27-27]', '../publishablew/vision/vision/test/test_transforms.py::test_resize[37-36-35-29] FAILED', 'FAILED ../publishablew/vision/vision/test/test_transforms.py::test_resize[None-27-29-35]'}

All Test Cases On Generated code:
============================= test session starts ==============================
platform linux -- Python 3.11.10, pytest-8.3.4, pluggy-1.5.0 -- /local/data0/moved_data/publishablew/vision/vision/venv/bin/python
cachedir: .pytest_cache
rootdir: /local/data0/moved_data/publishablew/vision/vision
configfile: pytest.ini
plugins: mock-3.14.0
collecting ... collected 108 items

../publishablew/vision/vision/test/test_transforms.py::test_resize[None-22-28-28] FAILED
../publishablew/vision/vision/test/test_transforms.py::test_resize[None-22-27-27] FAILED
../publishablew/vision/vision/test/test_transforms.py::test_resize[None-22-28-34] FAILED
../publishablew/vision/vision/test/test_transforms.py::test_resize[None-22-29-35] FAILED
../publishablew/vision/vision/test/test_transforms.py::test_resize[None-22-34-28] FAILED
../publishablew/vision/vision/test/test_transforms.py::test_resize[None-22-35-29] FAILED
../publishablew/vision/vision/test/test_transforms.py::test_resize[None-27-28-28] FAILED
../publishablew/vision/vision/test/test_transforms.py::test_resize[None-27-27-27] FAILED
../publishablew/vision/vision/test/test_transforms.py::test_resize[None-27-28-34] FAILED
../publishablew/vision/vision/test/test_transforms.py::test_resize[None-27-29-35] FAILED
../publishablew/vision/vision/test/test_transforms.py::test_resize[None-27-34-28] FAILED
../publishablew/vision/vision/test/test_transforms.py::test_resize[None-27-35-29] FAILED
../publishablew/vision/vision/test/test_transforms.py::test_resize[None-28-28-28] FAILED
../publishablew/vision/vision/test/test_transforms.py::test_resize[None-28-27-27] FAILED
../publishablew/vision/vision/test/test_transforms.py::test_resize[None-28-28-34] FAILED
../publishablew/vision/vision/test/test_transforms.py::test_resize[None-28-29-35] FAILED
../publishablew/vision/vision/test/test_transforms.py::test_resize[None-28-34-28] FAILED
../publishablew/vision/vision/test/test_transforms.py::test_resize[None-28-35-29] FAILED
../publishablew/vision/vision/test/test_transforms.py::test_resize[None-36-28-28] FAILED
../publishablew/vision/vision/test/test_transforms.py::test_resize[None-36-27-27] FAILED
../publishablew/vision/vision/test/test_transforms.py::test_resize[None-36-28-34] FAILED
../publishablew/vision/vision/test/test_transforms.py::test_resize[None-36-29-35] FAILED
../publishablew/vision/vision/test/test_transforms.py::test_resize[None-36-34-28] FAILED
../publishablew/vision/vision/test/test_transforms.py::test_resize[None-36-35-29] FAILED
../publishablew/vision/vision/test/test_transforms.py::test_resize[None-osize4-28-28] FAILED
../publishablew/vision/vision/test/test_transforms.py::test_resize[None-osize4-27-27] FAILED
../publishablew/vision/vision/test/test_transforms.py::test_resize[None-osize4-28-34] FAILED
../publishablew/vision/vision/test/test_transforms.py::test_resize[None-osize4-29-35] FAILED
../publishablew/vision/vision/test/test_transforms.py::test_resize[None-osize4-34-28] FAILED
../publishablew/vision/vision/test/test_transforms.py::test_resize[None-osize4-35-29] FAILED
../publishablew/vision/vision/test/test_transforms.py::test_resize[None-osize5-28-28] FAILED
../publishablew/vision/vision/test/test_transforms.py::test_resize[None-osize5-27-27] FAILED
../publishablew/vision/vision/test/test_transforms.py::test_resize[None-osize5-28-34] FAILED
../publishablew/vision/vision/test/test_transforms.py::test_resize[None-osize5-29-35] FAILED
../publishablew/vision/vision/test/test_transforms.py::test_resize[None-osize5-34-28] FAILED
../publishablew/vision/vision/test/test_transforms.py::test_resize[None-osize5-35-29] FAILED
../publishablew/vision/vision/test/test_transforms.py::test_resize[37-22-28-28] FAILED
../publishablew/vision/vision/test/test_transforms.py::test_resize[37-22-27-27] FAILED
../publishablew/vision/vision/test/test_transforms.py::test_resize[37-22-28-34] FAILED
../publishablew/vision/vision/test/test_transforms.py::test_resize[37-22-29-35] FAILED
../publishablew/vision/vision/test/test_transforms.py::test_resize[37-22-34-28] FAILED
../publishablew/vision/vision/test/test_transforms.py::test_resize[37-22-35-29] FAILED
../publishablew/vision/vision/test/test_transforms.py::test_resize[37-27-28-28] FAILED
../publishablew/vision/vision/test/test_transforms.py::test_resize[37-27-27-27] FAILED
../publishablew/vision/vision/test/test_transforms.py::test_resize[37-27-28-34] FAILED
../publishablew/vision/vision/test/test_transforms.py::test_resize[37-27-29-35] FAILED
../publishablew/vision/vision/test/test_transforms.py::test_resize[37-27-34-28] FAILED
../publishablew/vision/vision/test/test_transforms.py::test_resize[37-27-35-29] FAILED
../publishablew/vision/vision/test/test_transforms.py::test_resize[37-28-28-28] FAILED
../publishablew/vision/vision/test/test_transforms.py::test_resize[37-28-27-27] FAILED
../publishablew/vision/vision/test/test_transforms.py::test_resize[37-28-28-34] FAILED
../publishablew/vision/vision/test/test_transforms.py::test_resize[37-28-29-35] FAILED
../publishablew/vision/vision/test/test_transforms.py::test_resize[37-28-34-28] FAILED
../publishablew/vision/vision/test/test_transforms.py::test_resize[37-28-35-29] FAILED
../publishablew/vision/vision/test/test_transforms.py::test_resize[37-36-28-28] FAILED
../publishablew/vision/vision/test/test_transforms.py::test_resize[37-36-27-27] FAILED
../publishablew/vision/vision/test/test_transforms.py::test_resize[37-36-28-34] FAILED
../publishablew/vision/vision/test/test_transforms.py::test_resize[37-36-29-35] FAILED
../publishablew/vision/vision/test/test_transforms.py::test_resize[37-36-34-28] FAILED
../publishablew/vision/vision/test/test_transforms.py::test_resize[37-36-35-29] FAILED
../publishablew/vision/vision/test/test_transforms.py::test_resize[37-osize4-28-28] FAILED
../publishablew/vision/vision/test/test_transforms.py::test_resize[37-osize4-27-27] FAILED
../publishablew/vision/vision/test/test_transforms.py::test_resize[37-osize4-28-34] FAILED
../publishablew/vision/vision/test/test_transforms.py::test_resize[37-osize4-29-35] FAILED
../publishablew/vision/vision/test/test_transforms.py::test_resize[37-osize4-34-28] FAILED
../publishablew/vision/vision/test/test_transforms.py::test_resize[37-osize4-35-29] FAILED
../publishablew/vision/vision/test/test_transforms.py::test_resize[37-osize5-28-28] FAILED
../publishablew/vision/vision/test/test_transforms.py::test_resize[37-osize5-27-27] FAILED
../publishablew/vision/vision/test/test_transforms.py::test_resize[37-osize5-28-34] FAILED
../publishablew/vision/vision/test/test_transforms.py::test_resize[37-osize5-29-35] FAILED
../publishablew/vision/vision/test/test_transforms.py::test_resize[37-osize5-34-28] FAILED
../publishablew/vision/vision/test/test_transforms.py::test_resize[37-osize5-35-29] FAILED
../publishablew/vision/vision/test/test_transforms.py::test_resize[1000-22-28-28] FAILED
../publishablew/vision/vision/test/test_transforms.py::test_resize[1000-22-27-27] FAILED
../publishablew/vision/vision/test/test_transforms.py::test_resize[1000-22-28-34] FAILED
../publishablew/vision/vision/test/test_transforms.py::test_resize[1000-22-29-35] FAILED
../publishablew/vision/vision/test/test_transforms.py::test_resize[1000-22-34-28] FAILED
../publishablew/vision/vision/test/test_transforms.py::test_resize[1000-22-35-29] FAILED
../publishablew/vision/vision/test/test_transforms.py::test_resize[1000-27-28-28] FAILED
../publishablew/vision/vision/test/test_transforms.py::test_resize[1000-27-27-27] FAILED
../publishablew/vision/vision/test/test_transforms.py::test_resize[1000-27-28-34] FAILED
../publishablew/vision/vision/test/test_transforms.py::test_resize[1000-27-29-35] FAILED
../publishablew/vision/vision/test/test_transforms.py::test_resize[1000-27-34-28] FAILED
../publishablew/vision/vision/test/test_transforms.py::test_resize[1000-27-35-29] FAILED
../publishablew/vision/vision/test/test_transforms.py::test_resize[1000-28-28-28] FAILED
../publishablew/vision/vision/test/test_transforms.py::test_resize[1000-28-27-27] FAILED
../publishablew/vision/vision/test/test_transforms.py::test_resize[1000-28-28-34] FAILED
../publishablew/vision/vision/test/test_transforms.py::test_resize[1000-28-29-35] FAILED
../publishablew/vision/vision/test/test_transforms.py::test_resize[1000-28-34-28] FAILED
../publishablew/vision/vision/test/test_transforms.py::test_resize[1000-28-35-29] FAILED
../publishablew/vision/vision/test/test_transforms.py::test_resize[1000-36-28-28] FAILED
../publishablew/vision/vision/test/test_transforms.py::test_resize[1000-36-27-27] FAILED
../publishablew/vision/vision/test/test_transforms.py::test_resize[1000-36-28-34] FAILED
../publishablew/vision/vision/test/test_transforms.py::test_resize[1000-36-29-35] FAILED
../publishablew/vision/vision/test/test_transforms.py::test_resize[1000-36-34-28] FAILED
../publishablew/vision/vision/test/test_transforms.py::test_resize[1000-36-35-29] FAILED
../publishablew/vision/vision/test/test_transforms.py::test_resize[1000-osize4-28-28] FAILED
../publishablew/vision/vision/test/test_transforms.py::test_resize[1000-osize4-27-27] FAILED
../publishablew/vision/vision/test/test_transforms.py::test_resize[1000-osize4-28-34] FAILED
../publishablew/vision/vision/test/test_transforms.py::test_resize[1000-osize4-29-35] FAILED
../publishablew/vision/vision/test/test_transforms.py::test_resize[1000-osize4-34-28] FAILED
../publishablew/vision/vision/test/test_transforms.py::test_resize[1000-osize4-35-29] FAILED
../publishablew/vision/vision/test/test_transforms.py::test_resize[1000-osize5-28-28] FAILED
../publishablew/vision/vision/test/test_transforms.py::test_resize[1000-osize5-27-27] FAILED
../publishablew/vision/vision/test/test_transforms.py::test_resize[1000-osize5-28-34] FAILED
../publishablew/vision/vision/test/test_transforms.py::test_resize[1000-osize5-29-35] FAILED
../publishablew/vision/vision/test/test_transforms.py::test_resize[1000-osize5-34-28] FAILED
../publishablew/vision/vision/test/test_transforms.py::test_resize[1000-osize5-35-29] FAILED

=================================== FAILURES ===================================
__________________________ test_resize[None-22-28-28] __________________________
../publishablew/vision/vision/test/test_transforms.py:370: in test_resize
    result = t(img)
../publishablew/vision/vision/venv/lib/python3.11/site-packages/torch/nn/modules/module.py:1736: in _wrapped_call_impl
    return self._call_impl(*args, **kwargs)
../publishablew/vision/vision/venv/lib/python3.11/site-packages/torch/nn/modules/module.py:1747: in _call_impl
    return forward_call(*args, **kwargs)
../publishablew/vision/vision/torchvision/transforms/transforms.py:354: in forward
    return F.resize(img, self.size, self.interpolation, self.max_size, self.antialias)
../publishablew/vision/vision/torchvision/transforms/functional.py:306: in resize
    return resize(img, size, interpolation, max_size, antialias)
../publishablew/vision/vision/torchvision/transforms/temp.py:36: in resize
    return img.resize1(size, resample=interpolation)
E   AttributeError: 'Image' object has no attribute 'resize1'
__________________________ test_resize[None-22-27-27] __________________________
../publishablew/vision/vision/test/test_transforms.py:370: in test_resize
    result = t(img)
../publishablew/vision/vision/venv/lib/python3.11/site-packages/torch/nn/modules/module.py:1736: in _wrapped_call_impl
    return self._call_impl(*args, **kwargs)
../publishablew/vision/vision/venv/lib/python3.11/site-packages/torch/nn/modules/module.py:1747: in _call_impl
    return forward_call(*args, **kwargs)
../publishablew/vision/vision/torchvision/transforms/transforms.py:354: in forward
    return F.resize(img, self.size, self.interpolation, self.max_size, self.antialias)
../publishablew/vision/vision/torchvision/transforms/functional.py:306: in resize
    return resize(img, size, interpolation, max_size, antialias)
../publishablew/vision/vision/torchvision/transforms/temp.py:36: in resize
    return img.resize1(size, resample=interpolation)
E   AttributeError: 'Image' object has no attribute 'resize1'
__________________________ test_resize[None-22-28-34] __________________________
../publishablew/vision/vision/test/test_transforms.py:370: in test_resize
    result = t(img)
../publishablew/vision/vision/venv/lib/python3.11/site-packages/torch/nn/modules/module.py:1736: in _wrapped_call_impl
    return self._call_impl(*args, **kwargs)
../publishablew/vision/vision/venv/lib/python3.11/site-packages/torch/nn/modules/module.py:1747: in _call_impl
    return forward_call(*args, **kwargs)
../publishablew/vision/vision/torchvision/transforms/transforms.py:354: in forward
    return F.resize(img, self.size, self.interpolation, self.max_size, self.antialias)
../publishablew/vision/vision/torchvision/transforms/functional.py:306: in resize
    return resize(img, size, interpolation, max_size, antialias)
../publishablew/vision/vision/torchvision/transforms/temp.py:36: in resize
    return img.resize1(size, resample=interpolation)
E   AttributeError: 'Image' object has no attribute 'resize1'
__________________________ test_resize[None-22-29-35] __________________________
../publishablew/vision/vision/test/test_transforms.py:370: in test_resize
    result = t(img)
../publishablew/vision/vision/venv/lib/python3.11/site-packages/torch/nn/modules/module.py:1736: in _wrapped_call_impl
    return self._call_impl(*args, **kwargs)
../publishablew/vision/vision/venv/lib/python3.11/site-packages/torch/nn/modules/module.py:1747: in _call_impl
    return forward_call(*args, **kwargs)
../publishablew/vision/vision/torchvision/transforms/transforms.py:354: in forward
    return F.resize(img, self.size, self.interpolation, self.max_size, self.antialias)
../publishablew/vision/vision/torchvision/transforms/functional.py:306: in resize
    return resize(img, size, interpolation, max_size, antialias)
../publishablew/vision/vision/torchvision/transforms/temp.py:36: in resize
    return img.resize1(size, resample=interpolation)
E   AttributeError: 'Image' object has no attribute 'resize1'
__________________________ test_resize[None-22-34-28] __________________________
../publishablew/vision/vision/test/test_transforms.py:370: in test_resize
    result = t(img)
../publishablew/vision/vision/venv/lib/python3.11/site-packages/torch/nn/modules/module.py:1736: in _wrapped_call_impl
    return self._call_impl(*args, **kwargs)
../publishablew/vision/vision/venv/lib/python3.11/site-packages/torch/nn/modules/module.py:1747: in _call_impl
    return forward_call(*args, **kwargs)
../publishablew/vision/vision/torchvision/transforms/transforms.py:354: in forward
    return F.resize(img, self.size, self.interpolation, self.max_size, self.antialias)
../publishablew/vision/vision/torchvision/transforms/functional.py:306: in resize
    return resize(img, size, interpolation, max_size, antialias)
../publishablew/vision/vision/torchvision/transforms/temp.py:36: in resize
    return img.resize1(size, resample=interpolation)
E   AttributeError: 'Image' object has no attribute 'resize1'
__________________________ test_resize[None-22-35-29] __________________________
../publishablew/vision/vision/test/test_transforms.py:370: in test_resize
    result = t(img)
../publishablew/vision/vision/venv/lib/python3.11/site-packages/torch/nn/modules/module.py:1736: in _wrapped_call_impl
    return self._call_impl(*args, **kwargs)
../publishablew/vision/vision/venv/lib/python3.11/site-packages/torch/nn/modules/module.py:1747: in _call_impl
    return forward_call(*args, **kwargs)
../publishablew/vision/vision/torchvision/transforms/transforms.py:354: in forward
    return F.resize(img, self.size, self.interpolation, self.max_size, self.antialias)
../publishablew/vision/vision/torchvision/transforms/functional.py:306: in resize
    return resize(img, size, interpolation, max_size, antialias)
../publishablew/vision/vision/torchvision/transforms/temp.py:36: in resize
    return img.resize1(size, resample=interpolation)
E   AttributeError: 'Image' object has no attribute 'resize1'
__________________________ test_resize[None-27-28-28] __________________________
../publishablew/vision/vision/test/test_transforms.py:370: in test_resize
    result = t(img)
../publishablew/vision/vision/venv/lib/python3.11/site-packages/torch/nn/modules/module.py:1736: in _wrapped_call_impl
    return self._call_impl(*args, **kwargs)
../publishablew/vision/vision/venv/lib/python3.11/site-packages/torch/nn/modules/module.py:1747: in _call_impl
    return forward_call(*args, **kwargs)
../publishablew/vision/vision/torchvision/transforms/transforms.py:354: in forward
    return F.resize(img, self.size, self.interpolation, self.max_size, self.antialias)
../publishablew/vision/vision/torchvision/transforms/functional.py:306: in resize
    return resize(img, size, interpolation, max_size, antialias)
../publishablew/vision/vision/torchvision/transforms/temp.py:36: in resize
    return img.resize1(size, resample=interpolation)
E   AttributeError: 'Image' object has no attribute 'resize1'
__________________________ test_resize[None-27-27-27] __________________________
../publishablew/vision/vision/test/test_transforms.py:370: in test_resize
    result = t(img)
../publishablew/vision/vision/venv/lib/python3.11/site-packages/torch/nn/modules/module.py:1736: in _wrapped_call_impl
    return self._call_impl(*args, **kwargs)
../publishablew/vision/vision/venv/lib/python3.11/site-packages/torch/nn/modules/module.py:1747: in _call_impl
    return forward_call(*args, **kwargs)
../publishablew/vision/vision/torchvision/transforms/transforms.py:354: in forward
    return F.resize(img, self.size, self.interpolation, self.max_size, self.antialias)
../publishablew/vision/vision/torchvision/transforms/functional.py:306: in resize
    return resize(img, size, interpolation, max_size, antialias)
../publishablew/vision/vision/torchvision/transforms/temp.py:36: in resize
    return img.resize1(size, resample=interpolation)
E   AttributeError: 'Image' object has no attribute 'resize1'
__________________________ test_resize[None-27-28-34] __________________________
../publishablew/vision/vision/test/test_transforms.py:370: in test_resize
    result = t(img)
../publishablew/vision/vision/venv/lib/python3.11/site-packages/torch/nn/modules/module.py:1736: in _wrapped_call_impl
    return self._call_impl(*args, **kwargs)
../publishablew/vision/vision/venv/lib/python3.11/site-packages/torch/nn/modules/module.py:1747: in _call_impl
    return forward_call(*args, **kwargs)
../publishablew/vision/vision/torchvision/transforms/transforms.py:354: in forward
    return F.resize(img, self.size, self.interpolation, self.max_size, self.antialias)
../publishablew/vision/vision/torchvision/transforms/functional.py:306: in resize
    return resize(img, size, interpolation, max_size, antialias)
../publishablew/vision/vision/torchvision/transforms/temp.py:36: in resize
    return img.resize1(size, resample=interpolation)
E   AttributeError: 'Image' object has no attribute 'resize1'
__________________________ test_resize[None-27-29-35] __________________________
../publishablew/vision/vision/test/test_transforms.py:370: in test_resize
    result = t(img)
../publishablew/vision/vision/venv/lib/python3.11/site-packages/torch/nn/modules/module.py:1736: in _wrapped_call_impl
    return self._call_impl(*args, **kwargs)
../publishablew/vision/vision/venv/lib/python3.11/site-packages/torch/nn/modules/module.py:1747: in _call_impl
    return forward_call(*args, **kwargs)
../publishablew/vision/vision/torchvision/transforms/transforms.py:354: in forward
    return F.resize(img, self.size, self.interpolation, self.max_size, self.antialias)
../publishablew/vision/vision/torchvision/transforms/functional.py:306: in resize
    return resize(img, size, interpolation, max_size, antialias)
../publishablew/vision/vision/torchvision/transforms/temp.py:36: in resize
    return img.resize1(size, resample=interpolation)
E   AttributeError: 'Image' object has no attribute 'resize1'
__________________________ test_resize[None-27-34-28] __________________________
../publishablew/vision/vision/test/test_transforms.py:370: in test_resize
    result = t(img)
../publishablew/vision/vision/venv/lib/python3.11/site-packages/torch/nn/modules/module.py:1736: in _wrapped_call_impl
    return self._call_impl(*args, **kwargs)
../publishablew/vision/vision/venv/lib/python3.11/site-packages/torch/nn/modules/module.py:1747: in _call_impl
    return forward_call(*args, **kwargs)
../publishablew/vision/vision/torchvision/transforms/transforms.py:354: in forward
    return F.resize(img, self.size, self.interpolation, self.max_size, self.antialias)
../publishablew/vision/vision/torchvision/transforms/functional.py:306: in resize
    return resize(img, size, interpolation, max_size, antialias)
../publishablew/vision/vision/torchvision/transforms/temp.py:36: in resize
    return img.resize1(size, resample=interpolation)
E   AttributeError: 'Image' object has no attribute 'resize1'
__________________________ test_resize[None-27-35-29] __________________________
../publishablew/vision/vision/test/test_transforms.py:370: in test_resize
    result = t(img)
../publishablew/vision/vision/venv/lib/python3.11/site-packages/torch/nn/modules/module.py:1736: in _wrapped_call_impl
    return self._call_impl(*args, **kwargs)
../publishablew/vision/vision/venv/lib/python3.11/site-packages/torch/nn/modules/module.py:1747: in _call_impl
    return forward_call(*args, **kwargs)
../publishablew/vision/vision/torchvision/transforms/transforms.py:354: in forward
    return F.resize(img, self.size, self.interpolation, self.max_size, self.antialias)
../publishablew/vision/vision/torchvision/transforms/functional.py:306: in resize
    return resize(img, size, interpolation, max_size, antialias)
../publishablew/vision/vision/torchvision/transforms/temp.py:36: in resize
    return img.resize1(size, resample=interpolation)
E   AttributeError: 'Image' object has no attribute 'resize1'
__________________________ test_resize[None-28-28-28] __________________________
../publishablew/vision/vision/test/test_transforms.py:370: in test_resize
    result = t(img)
../publishablew/vision/vision/venv/lib/python3.11/site-packages/torch/nn/modules/module.py:1736: in _wrapped_call_impl
    return self._call_impl(*args, **kwargs)
../publishablew/vision/vision/venv/lib/python3.11/site-packages/torch/nn/modules/module.py:1747: in _call_impl
    return forward_call(*args, **kwargs)
../publishablew/vision/vision/torchvision/transforms/transforms.py:354: in forward
    return F.resize(img, self.size, self.interpolation, self.max_size, self.antialias)
../publishablew/vision/vision/torchvision/transforms/functional.py:306: in resize
    return resize(img, size, interpolation, max_size, antialias)
../publishablew/vision/vision/torchvision/transforms/temp.py:36: in resize
    return img.resize1(size, resample=interpolation)
E   AttributeError: 'Image' object has no attribute 'resize1'
__________________________ test_resize[None-28-27-27] __________________________
../publishablew/vision/vision/test/test_transforms.py:370: in test_resize
    result = t(img)
../publishablew/vision/vision/venv/lib/python3.11/site-packages/torch/nn/modules/module.py:1736: in _wrapped_call_impl
    return self._call_impl(*args, **kwargs)
../publishablew/vision/vision/venv/lib/python3.11/site-packages/torch/nn/modules/module.py:1747: in _call_impl
    return forward_call(*args, **kwargs)
../publishablew/vision/vision/torchvision/transforms/transforms.py:354: in forward
    return F.resize(img, self.size, self.interpolation, self.max_size, self.antialias)
../publishablew/vision/vision/torchvision/transforms/functional.py:306: in resize
    return resize(img, size, interpolation, max_size, antialias)
../publishablew/vision/vision/torchvision/transforms/temp.py:36: in resize
    return img.resize1(size, resample=interpolation)
E   AttributeError: 'Image' object has no attribute 'resize1'
__________________________ test_resize[None-28-28-34] __________________________
../publishablew/vision/vision/test/test_transforms.py:370: in test_resize
    result = t(img)
../publishablew/vision/vision/venv/lib/python3.11/site-packages/torch/nn/modules/module.py:1736: in _wrapped_call_impl
    return self._call_impl(*args, **kwargs)
../publishablew/vision/vision/venv/lib/python3.11/site-packages/torch/nn/modules/module.py:1747: in _call_impl
    return forward_call(*args, **kwargs)
../publishablew/vision/vision/torchvision/transforms/transforms.py:354: in forward
    return F.resize(img, self.size, self.interpolation, self.max_size, self.antialias)
../publishablew/vision/vision/torchvision/transforms/functional.py:306: in resize
    return resize(img, size, interpolation, max_size, antialias)
../publishablew/vision/vision/torchvision/transforms/temp.py:36: in resize
    return img.resize1(size, resample=interpolation)
E   AttributeError: 'Image' object has no attribute 'resize1'
__________________________ test_resize[None-28-29-35] __________________________
../publishablew/vision/vision/test/test_transforms.py:370: in test_resize
    result = t(img)
../publishablew/vision/vision/venv/lib/python3.11/site-packages/torch/nn/modules/module.py:1736: in _wrapped_call_impl
    return self._call_impl(*args, **kwargs)
../publishablew/vision/vision/venv/lib/python3.11/site-packages/torch/nn/modules/module.py:1747: in _call_impl
    return forward_call(*args, **kwargs)
../publishablew/vision/vision/torchvision/transforms/transforms.py:354: in forward
    return F.resize(img, self.size, self.interpolation, self.max_size, self.antialias)
../publishablew/vision/vision/torchvision/transforms/functional.py:306: in resize
    return resize(img, size, interpolation, max_size, antialias)
../publishablew/vision/vision/torchvision/transforms/temp.py:36: in resize
    return img.resize1(size, resample=interpolation)
E   AttributeError: 'Image' object has no attribute 'resize1'
__________________________ test_resize[None-28-34-28] __________________________
../publishablew/vision/vision/test/test_transforms.py:370: in test_resize
    result = t(img)
../publishablew/vision/vision/venv/lib/python3.11/site-packages/torch/nn/modules/module.py:1736: in _wrapped_call_impl
    return self._call_impl(*args, **kwargs)
../publishablew/vision/vision/venv/lib/python3.11/site-packages/torch/nn/modules/module.py:1747: in _call_impl
    return forward_call(*args, **kwargs)
../publishablew/vision/vision/torchvision/transforms/transforms.py:354: in forward
    return F.resize(img, self.size, self.interpolation, self.max_size, self.antialias)
../publishablew/vision/vision/torchvision/transforms/functional.py:306: in resize
    return resize(img, size, interpolation, max_size, antialias)
../publishablew/vision/vision/torchvision/transforms/temp.py:36: in resize
    return img.resize1(size, resample=interpolation)
E   AttributeError: 'Image' object has no attribute 'resize1'
__________________________ test_resize[None-28-35-29] __________________________
../publishablew/vision/vision/test/test_transforms.py:370: in test_resize
    result = t(img)
../publishablew/vision/vision/venv/lib/python3.11/site-packages/torch/nn/modules/module.py:1736: in _wrapped_call_impl
    return self._call_impl(*args, **kwargs)
../publishablew/vision/vision/venv/lib/python3.11/site-packages/torch/nn/modules/module.py:1747: in _call_impl
    return forward_call(*args, **kwargs)
../publishablew/vision/vision/torchvision/transforms/transforms.py:354: in forward
    return F.resize(img, self.size, self.interpolation, self.max_size, self.antialias)
../publishablew/vision/vision/torchvision/transforms/functional.py:306: in resize
    return resize(img, size, interpolation, max_size, antialias)
../publishablew/vision/vision/torchvision/transforms/temp.py:36: in resize
    return img.resize1(size, resample=interpolation)
E   AttributeError: 'Image' object has no attribute 'resize1'
__________________________ test_resize[None-36-28-28] __________________________
../publishablew/vision/vision/test/test_transforms.py:370: in test_resize
    result = t(img)
../publishablew/vision/vision/venv/lib/python3.11/site-packages/torch/nn/modules/module.py:1736: in _wrapped_call_impl
    return self._call_impl(*args, **kwargs)
../publishablew/vision/vision/venv/lib/python3.11/site-packages/torch/nn/modules/module.py:1747: in _call_impl
    return forward_call(*args, **kwargs)
../publishablew/vision/vision/torchvision/transforms/transforms.py:354: in forward
    return F.resize(img, self.size, self.interpolation, self.max_size, self.antialias)
../publishablew/vision/vision/torchvision/transforms/functional.py:306: in resize
    return resize(img, size, interpolation, max_size, antialias)
../publishablew/vision/vision/torchvision/transforms/temp.py:36: in resize
    return img.resize1(size, resample=interpolation)
E   AttributeError: 'Image' object has no attribute 'resize1'
__________________________ test_resize[None-36-27-27] __________________________
../publishablew/vision/vision/test/test_transforms.py:370: in test_resize
    result = t(img)
../publishablew/vision/vision/venv/lib/python3.11/site-packages/torch/nn/modules/module.py:1736: in _wrapped_call_impl
    return self._call_impl(*args, **kwargs)
../publishablew/vision/vision/venv/lib/python3.11/site-packages/torch/nn/modules/module.py:1747: in _call_impl
    return forward_call(*args, **kwargs)
../publishablew/vision/vision/torchvision/transforms/transforms.py:354: in forward
    return F.resize(img, self.size, self.interpolation, self.max_size, self.antialias)
../publishablew/vision/vision/torchvision/transforms/functional.py:306: in resize
    return resize(img, size, interpolation, max_size, antialias)
../publishablew/vision/vision/torchvision/transforms/temp.py:36: in resize
    return img.resize1(size, resample=interpolation)
E   AttributeError: 'Image' object has no attribute 'resize1'
__________________________ test_resize[None-36-28-34] __________________________
../publishablew/vision/vision/test/test_transforms.py:370: in test_resize
    result = t(img)
../publishablew/vision/vision/venv/lib/python3.11/site-packages/torch/nn/modules/module.py:1736: in _wrapped_call_impl
    return self._call_impl(*args, **kwargs)
../publishablew/vision/vision/venv/lib/python3.11/site-packages/torch/nn/modules/module.py:1747: in _call_impl
    return forward_call(*args, **kwargs)
../publishablew/vision/vision/torchvision/transforms/transforms.py:354: in forward
    return F.resize(img, self.size, self.interpolation, self.max_size, self.antialias)
../publishablew/vision/vision/torchvision/transforms/functional.py:306: in resize
    return resize(img, size, interpolation, max_size, antialias)
../publishablew/vision/vision/torchvision/transforms/temp.py:36: in resize
    return img.resize1(size, resample=interpolation)
E   AttributeError: 'Image' object has no attribute 'resize1'
__________________________ test_resize[None-36-29-35] __________________________
../publishablew/vision/vision/test/test_transforms.py:370: in test_resize
    result = t(img)
../publishablew/vision/vision/venv/lib/python3.11/site-packages/torch/nn/modules/module.py:1736: in _wrapped_call_impl
    return self._call_impl(*args, **kwargs)
../publishablew/vision/vision/venv/lib/python3.11/site-packages/torch/nn/modules/module.py:1747: in _call_impl
    return forward_call(*args, **kwargs)
../publishablew/vision/vision/torchvision/transforms/transforms.py:354: in forward
    return F.resize(img, self.size, self.interpolation, self.max_size, self.antialias)
../publishablew/vision/vision/torchvision/transforms/functional.py:306: in resize
    return resize(img, size, interpolation, max_size, antialias)
../publishablew/vision/vision/torchvision/transforms/temp.py:36: in resize
    return img.resize1(size, resample=interpolation)
E   AttributeError: 'Image' object has no attribute 'resize1'
__________________________ test_resize[None-36-34-28] __________________________
../publishablew/vision/vision/test/test_transforms.py:370: in test_resize
    result = t(img)
../publishablew/vision/vision/venv/lib/python3.11/site-packages/torch/nn/modules/module.py:1736: in _wrapped_call_impl
    return self._call_impl(*args, **kwargs)
../publishablew/vision/vision/venv/lib/python3.11/site-packages/torch/nn/modules/module.py:1747: in _call_impl
    return forward_call(*args, **kwargs)
../publishablew/vision/vision/torchvision/transforms/transforms.py:354: in forward
    return F.resize(img, self.size, self.interpolation, self.max_size, self.antialias)
../publishablew/vision/vision/torchvision/transforms/functional.py:306: in resize
    return resize(img, size, interpolation, max_size, antialias)
../publishablew/vision/vision/torchvision/transforms/temp.py:36: in resize
    return img.resize1(size, resample=interpolation)
E   AttributeError: 'Image' object has no attribute 'resize1'
__________________________ test_resize[None-36-35-29] __________________________
../publishablew/vision/vision/test/test_transforms.py:370: in test_resize
    result = t(img)
../publishablew/vision/vision/venv/lib/python3.11/site-packages/torch/nn/modules/module.py:1736: in _wrapped_call_impl
    return self._call_impl(*args, **kwargs)
../publishablew/vision/vision/venv/lib/python3.11/site-packages/torch/nn/modules/module.py:1747: in _call_impl
    return forward_call(*args, **kwargs)
../publishablew/vision/vision/torchvision/transforms/transforms.py:354: in forward
    return F.resize(img, self.size, self.interpolation, self.max_size, self.antialias)
../publishablew/vision/vision/torchvision/transforms/functional.py:306: in resize
    return resize(img, size, interpolation, max_size, antialias)
../publishablew/vision/vision/torchvision/transforms/temp.py:36: in resize
    return img.resize1(size, resample=interpolation)
E   AttributeError: 'Image' object has no attribute 'resize1'
________________________ test_resize[None-osize4-28-28] ________________________
../publishablew/vision/vision/test/test_transforms.py:370: in test_resize
    result = t(img)
../publishablew/vision/vision/venv/lib/python3.11/site-packages/torch/nn/modules/module.py:1736: in _wrapped_call_impl
    return self._call_impl(*args, **kwargs)
../publishablew/vision/vision/venv/lib/python3.11/site-packages/torch/nn/modules/module.py:1747: in _call_impl
    return forward_call(*args, **kwargs)
../publishablew/vision/vision/torchvision/transforms/transforms.py:354: in forward
    return F.resize(img, self.size, self.interpolation, self.max_size, self.antialias)
../publishablew/vision/vision/torchvision/transforms/functional.py:306: in resize
    return resize(img, size, interpolation, max_size, antialias)
../publishablew/vision/vision/torchvision/transforms/temp.py:36: in resize
    return img.resize1(size, resample=interpolation)
E   AttributeError: 'Image' object has no attribute 'resize1'
________________________ test_resize[None-osize4-27-27] ________________________
../publishablew/vision/vision/test/test_transforms.py:370: in test_resize
    result = t(img)
../publishablew/vision/vision/venv/lib/python3.11/site-packages/torch/nn/modules/module.py:1736: in _wrapped_call_impl
    return self._call_impl(*args, **kwargs)
../publishablew/vision/vision/venv/lib/python3.11/site-packages/torch/nn/modules/module.py:1747: in _call_impl
    return forward_call(*args, **kwargs)
../publishablew/vision/vision/torchvision/transforms/transforms.py:354: in forward
    return F.resize(img, self.size, self.interpolation, self.max_size, self.antialias)
../publishablew/vision/vision/torchvision/transforms/functional.py:306: in resize
    return resize(img, size, interpolation, max_size, antialias)
../publishablew/vision/vision/torchvision/transforms/temp.py:36: in resize
    return img.resize1(size, resample=interpolation)
E   AttributeError: 'Image' object has no attribute 'resize1'
________________________ test_resize[None-osize4-28-34] ________________________
../publishablew/vision/vision/test/test_transforms.py:370: in test_resize
    result = t(img)
../publishablew/vision/vision/venv/lib/python3.11/site-packages/torch/nn/modules/module.py:1736: in _wrapped_call_impl
    return self._call_impl(*args, **kwargs)
../publishablew/vision/vision/venv/lib/python3.11/site-packages/torch/nn/modules/module.py:1747: in _call_impl
    return forward_call(*args, **kwargs)
../publishablew/vision/vision/torchvision/transforms/transforms.py:354: in forward
    return F.resize(img, self.size, self.interpolation, self.max_size, self.antialias)
../publishablew/vision/vision/torchvision/transforms/functional.py:306: in resize
    return resize(img, size, interpolation, max_size, antialias)
../publishablew/vision/vision/torchvision/transforms/temp.py:36: in resize
    return img.resize1(size, resample=interpolation)
E   AttributeError: 'Image' object has no attribute 'resize1'
________________________ test_resize[None-osize4-29-35] ________________________
../publishablew/vision/vision/test/test_transforms.py:370: in test_resize
    result = t(img)
../publishablew/vision/vision/venv/lib/python3.11/site-packages/torch/nn/modules/module.py:1736: in _wrapped_call_impl
    return self._call_impl(*args, **kwargs)
../publishablew/vision/vision/venv/lib/python3.11/site-packages/torch/nn/modules/module.py:1747: in _call_impl
    return forward_call(*args, **kwargs)
../publishablew/vision/vision/torchvision/transforms/transforms.py:354: in forward
    return F.resize(img, self.size, self.interpolation, self.max_size, self.antialias)
../publishablew/vision/vision/torchvision/transforms/functional.py:306: in resize
    return resize(img, size, interpolation, max_size, antialias)
../publishablew/vision/vision/torchvision/transforms/temp.py:36: in resize
    return img.resize1(size, resample=interpolation)
E   AttributeError: 'Image' object has no attribute 'resize1'
________________________ test_resize[None-osize4-34-28] ________________________
../publishablew/vision/vision/test/test_transforms.py:370: in test_resize
    result = t(img)
../publishablew/vision/vision/venv/lib/python3.11/site-packages/torch/nn/modules/module.py:1736: in _wrapped_call_impl
    return self._call_impl(*args, **kwargs)
../publishablew/vision/vision/venv/lib/python3.11/site-packages/torch/nn/modules/module.py:1747: in _call_impl
    return forward_call(*args, **kwargs)
../publishablew/vision/vision/torchvision/transforms/transforms.py:354: in forward
    return F.resize(img, self.size, self.interpolation, self.max_size, self.antialias)
../publishablew/vision/vision/torchvision/transforms/functional.py:306: in resize
    return resize(img, size, interpolation, max_size, antialias)
../publishablew/vision/vision/torchvision/transforms/temp.py:36: in resize
    return img.resize1(size, resample=interpolation)
E   AttributeError: 'Image' object has no attribute 'resize1'
________________________ test_resize[None-osize4-35-29] ________________________
../publishablew/vision/vision/test/test_transforms.py:370: in test_resize
    result = t(img)
../publishablew/vision/vision/venv/lib/python3.11/site-packages/torch/nn/modules/module.py:1736: in _wrapped_call_impl
    return self._call_impl(*args, **kwargs)
../publishablew/vision/vision/venv/lib/python3.11/site-packages/torch/nn/modules/module.py:1747: in _call_impl
    return forward_call(*args, **kwargs)
../publishablew/vision/vision/torchvision/transforms/transforms.py:354: in forward
    return F.resize(img, self.size, self.interpolation, self.max_size, self.antialias)
../publishablew/vision/vision/torchvision/transforms/functional.py:306: in resize
    return resize(img, size, interpolation, max_size, antialias)
../publishablew/vision/vision/torchvision/transforms/temp.py:36: in resize
    return img.resize1(size, resample=interpolation)
E   AttributeError: 'Image' object has no attribute 'resize1'
________________________ test_resize[None-osize5-28-28] ________________________
../publishablew/vision/vision/test/test_transforms.py:370: in test_resize
    result = t(img)
../publishablew/vision/vision/venv/lib/python3.11/site-packages/torch/nn/modules/module.py:1736: in _wrapped_call_impl
    return self._call_impl(*args, **kwargs)
../publishablew/vision/vision/venv/lib/python3.11/site-packages/torch/nn/modules/module.py:1747: in _call_impl
    return forward_call(*args, **kwargs)
../publishablew/vision/vision/torchvision/transforms/transforms.py:354: in forward
    return F.resize(img, self.size, self.interpolation, self.max_size, self.antialias)
../publishablew/vision/vision/torchvision/transforms/functional.py:306: in resize
    return resize(img, size, interpolation, max_size, antialias)
../publishablew/vision/vision/torchvision/transforms/temp.py:36: in resize
    return img.resize1(size, resample=interpolation)
E   AttributeError: 'Image' object has no attribute 'resize1'
________________________ test_resize[None-osize5-27-27] ________________________
../publishablew/vision/vision/test/test_transforms.py:370: in test_resize
    result = t(img)
../publishablew/vision/vision/venv/lib/python3.11/site-packages/torch/nn/modules/module.py:1736: in _wrapped_call_impl
    return self._call_impl(*args, **kwargs)
../publishablew/vision/vision/venv/lib/python3.11/site-packages/torch/nn/modules/module.py:1747: in _call_impl
    return forward_call(*args, **kwargs)
../publishablew/vision/vision/torchvision/transforms/transforms.py:354: in forward
    return F.resize(img, self.size, self.interpolation, self.max_size, self.antialias)
../publishablew/vision/vision/torchvision/transforms/functional.py:306: in resize
    return resize(img, size, interpolation, max_size, antialias)
../publishablew/vision/vision/torchvision/transforms/temp.py:36: in resize
    return img.resize1(size, resample=interpolation)
E   AttributeError: 'Image' object has no attribute 'resize1'
________________________ test_resize[None-osize5-28-34] ________________________
../publishablew/vision/vision/test/test_transforms.py:370: in test_resize
    result = t(img)
../publishablew/vision/vision/venv/lib/python3.11/site-packages/torch/nn/modules/module.py:1736: in _wrapped_call_impl
    return self._call_impl(*args, **kwargs)
../publishablew/vision/vision/venv/lib/python3.11/site-packages/torch/nn/modules/module.py:1747: in _call_impl
    return forward_call(*args, **kwargs)
../publishablew/vision/vision/torchvision/transforms/transforms.py:354: in forward
    return F.resize(img, self.size, self.interpolation, self.max_size, self.antialias)
../publishablew/vision/vision/torchvision/transforms/functional.py:306: in resize
    return resize(img, size, interpolation, max_size, antialias)
../publishablew/vision/vision/torchvision/transforms/temp.py:36: in resize
    return img.resize1(size, resample=interpolation)
E   AttributeError: 'Image' object has no attribute 'resize1'
________________________ test_resize[None-osize5-29-35] ________________________
../publishablew/vision/vision/test/test_transforms.py:370: in test_resize
    result = t(img)
../publishablew/vision/vision/venv/lib/python3.11/site-packages/torch/nn/modules/module.py:1736: in _wrapped_call_impl
    return self._call_impl(*args, **kwargs)
../publishablew/vision/vision/venv/lib/python3.11/site-packages/torch/nn/modules/module.py:1747: in _call_impl
    return forward_call(*args, **kwargs)
../publishablew/vision/vision/torchvision/transforms/transforms.py:354: in forward
    return F.resize(img, self.size, self.interpolation, self.max_size, self.antialias)
../publishablew/vision/vision/torchvision/transforms/functional.py:306: in resize
    return resize(img, size, interpolation, max_size, antialias)
../publishablew/vision/vision/torchvision/transforms/temp.py:36: in resize
    return img.resize1(size, resample=interpolation)
E   AttributeError: 'Image' object has no attribute 'resize1'
________________________ test_resize[None-osize5-34-28] ________________________
../publishablew/vision/vision/test/test_transforms.py:370: in test_resize
    result = t(img)
../publishablew/vision/vision/venv/lib/python3.11/site-packages/torch/nn/modules/module.py:1736: in _wrapped_call_impl
    return self._call_impl(*args, **kwargs)
../publishablew/vision/vision/venv/lib/python3.11/site-packages/torch/nn/modules/module.py:1747: in _call_impl
    return forward_call(*args, **kwargs)
../publishablew/vision/vision/torchvision/transforms/transforms.py:354: in forward
    return F.resize(img, self.size, self.interpolation, self.max_size, self.antialias)
../publishablew/vision/vision/torchvision/transforms/functional.py:306: in resize
    return resize(img, size, interpolation, max_size, antialias)
../publishablew/vision/vision/torchvision/transforms/temp.py:36: in resize
    return img.resize1(size, resample=interpolation)
E   AttributeError: 'Image' object has no attribute 'resize1'
________________________ test_resize[None-osize5-35-29] ________________________
../publishablew/vision/vision/test/test_transforms.py:370: in test_resize
    result = t(img)
../publishablew/vision/vision/venv/lib/python3.11/site-packages/torch/nn/modules/module.py:1736: in _wrapped_call_impl
    return self._call_impl(*args, **kwargs)
../publishablew/vision/vision/venv/lib/python3.11/site-packages/torch/nn/modules/module.py:1747: in _call_impl
    return forward_call(*args, **kwargs)
../publishablew/vision/vision/torchvision/transforms/transforms.py:354: in forward
    return F.resize(img, self.size, self.interpolation, self.max_size, self.antialias)
../publishablew/vision/vision/torchvision/transforms/functional.py:306: in resize
    return resize(img, size, interpolation, max_size, antialias)
../publishablew/vision/vision/torchvision/transforms/temp.py:36: in resize
    return img.resize1(size, resample=interpolation)
E   AttributeError: 'Image' object has no attribute 'resize1'
___________________________ test_resize[37-22-28-28] ___________________________
../publishablew/vision/vision/test/test_transforms.py:370: in test_resize
    result = t(img)
../publishablew/vision/vision/venv/lib/python3.11/site-packages/torch/nn/modules/module.py:1736: in _wrapped_call_impl
    return self._call_impl(*args, **kwargs)
../publishablew/vision/vision/venv/lib/python3.11/site-packages/torch/nn/modules/module.py:1747: in _call_impl
    return forward_call(*args, **kwargs)
../publishablew/vision/vision/torchvision/transforms/transforms.py:354: in forward
    return F.resize(img, self.size, self.interpolation, self.max_size, self.antialias)
../publishablew/vision/vision/torchvision/transforms/functional.py:306: in resize
    return resize(img, size, interpolation, max_size, antialias)
../publishablew/vision/vision/torchvision/transforms/temp.py:36: in resize
    return img.resize1(size, resample=interpolation)
E   AttributeError: 'Image' object has no attribute 'resize1'
___________________________ test_resize[37-22-27-27] ___________________________
../publishablew/vision/vision/test/test_transforms.py:370: in test_resize
    result = t(img)
../publishablew/vision/vision/venv/lib/python3.11/site-packages/torch/nn/modules/module.py:1736: in _wrapped_call_impl
    return self._call_impl(*args, **kwargs)
../publishablew/vision/vision/venv/lib/python3.11/site-packages/torch/nn/modules/module.py:1747: in _call_impl
    return forward_call(*args, **kwargs)
../publishablew/vision/vision/torchvision/transforms/transforms.py:354: in forward
    return F.resize(img, self.size, self.interpolation, self.max_size, self.antialias)
../publishablew/vision/vision/torchvision/transforms/functional.py:306: in resize
    return resize(img, size, interpolation, max_size, antialias)
../publishablew/vision/vision/torchvision/transforms/temp.py:36: in resize
    return img.resize1(size, resample=interpolation)
E   AttributeError: 'Image' object has no attribute 'resize1'
___________________________ test_resize[37-22-28-34] ___________________________
../publishablew/vision/vision/test/test_transforms.py:370: in test_resize
    result = t(img)
../publishablew/vision/vision/venv/lib/python3.11/site-packages/torch/nn/modules/module.py:1736: in _wrapped_call_impl
    return self._call_impl(*args, **kwargs)
../publishablew/vision/vision/venv/lib/python3.11/site-packages/torch/nn/modules/module.py:1747: in _call_impl
    return forward_call(*args, **kwargs)
../publishablew/vision/vision/torchvision/transforms/transforms.py:354: in forward
    return F.resize(img, self.size, self.interpolation, self.max_size, self.antialias)
../publishablew/vision/vision/torchvision/transforms/functional.py:306: in resize
    return resize(img, size, interpolation, max_size, antialias)
../publishablew/vision/vision/torchvision/transforms/temp.py:36: in resize
    return img.resize1(size, resample=interpolation)
E   AttributeError: 'Image' object has no attribute 'resize1'
___________________________ test_resize[37-22-29-35] ___________________________
../publishablew/vision/vision/test/test_transforms.py:370: in test_resize
    result = t(img)
../publishablew/vision/vision/venv/lib/python3.11/site-packages/torch/nn/modules/module.py:1736: in _wrapped_call_impl
    return self._call_impl(*args, **kwargs)
../publishablew/vision/vision/venv/lib/python3.11/site-packages/torch/nn/modules/module.py:1747: in _call_impl
    return forward_call(*args, **kwargs)
../publishablew/vision/vision/torchvision/transforms/transforms.py:354: in forward
    return F.resize(img, self.size, self.interpolation, self.max_size, self.antialias)
../publishablew/vision/vision/torchvision/transforms/functional.py:306: in resize
    return resize(img, size, interpolation, max_size, antialias)
../publishablew/vision/vision/torchvision/transforms/temp.py:36: in resize
    return img.resize1(size, resample=interpolation)
E   AttributeError: 'Image' object has no attribute 'resize1'
___________________________ test_resize[37-22-34-28] ___________________________
../publishablew/vision/vision/test/test_transforms.py:370: in test_resize
    result = t(img)
../publishablew/vision/vision/venv/lib/python3.11/site-packages/torch/nn/modules/module.py:1736: in _wrapped_call_impl
    return self._call_impl(*args, **kwargs)
../publishablew/vision/vision/venv/lib/python3.11/site-packages/torch/nn/modules/module.py:1747: in _call_impl
    return forward_call(*args, **kwargs)
../publishablew/vision/vision/torchvision/transforms/transforms.py:354: in forward
    return F.resize(img, self.size, self.interpolation, self.max_size, self.antialias)
../publishablew/vision/vision/torchvision/transforms/functional.py:306: in resize
    return resize(img, size, interpolation, max_size, antialias)
../publishablew/vision/vision/torchvision/transforms/temp.py:36: in resize
    return img.resize1(size, resample=interpolation)
E   AttributeError: 'Image' object has no attribute 'resize1'
___________________________ test_resize[37-22-35-29] ___________________________
../publishablew/vision/vision/test/test_transforms.py:370: in test_resize
    result = t(img)
../publishablew/vision/vision/venv/lib/python3.11/site-packages/torch/nn/modules/module.py:1736: in _wrapped_call_impl
    return self._call_impl(*args, **kwargs)
../publishablew/vision/vision/venv/lib/python3.11/site-packages/torch/nn/modules/module.py:1747: in _call_impl
    return forward_call(*args, **kwargs)
../publishablew/vision/vision/torchvision/transforms/transforms.py:354: in forward
    return F.resize(img, self.size, self.interpolation, self.max_size, self.antialias)
../publishablew/vision/vision/torchvision/transforms/functional.py:306: in resize
    return resize(img, size, interpolation, max_size, antialias)
../publishablew/vision/vision/torchvision/transforms/temp.py:36: in resize
    return img.resize1(size, resample=interpolation)
E   AttributeError: 'Image' object has no attribute 'resize1'
___________________________ test_resize[37-27-28-28] ___________________________
../publishablew/vision/vision/test/test_transforms.py:370: in test_resize
    result = t(img)
../publishablew/vision/vision/venv/lib/python3.11/site-packages/torch/nn/modules/module.py:1736: in _wrapped_call_impl
    return self._call_impl(*args, **kwargs)
../publishablew/vision/vision/venv/lib/python3.11/site-packages/torch/nn/modules/module.py:1747: in _call_impl
    return forward_call(*args, **kwargs)
../publishablew/vision/vision/torchvision/transforms/transforms.py:354: in forward
    return F.resize(img, self.size, self.interpolation, self.max_size, self.antialias)
../publishablew/vision/vision/torchvision/transforms/functional.py:306: in resize
    return resize(img, size, interpolation, max_size, antialias)
../publishablew/vision/vision/torchvision/transforms/temp.py:36: in resize
    return img.resize1(size, resample=interpolation)
E   AttributeError: 'Image' object has no attribute 'resize1'
___________________________ test_resize[37-27-27-27] ___________________________
../publishablew/vision/vision/test/test_transforms.py:370: in test_resize
    result = t(img)
../publishablew/vision/vision/venv/lib/python3.11/site-packages/torch/nn/modules/module.py:1736: in _wrapped_call_impl
    return self._call_impl(*args, **kwargs)
../publishablew/vision/vision/venv/lib/python3.11/site-packages/torch/nn/modules/module.py:1747: in _call_impl
    return forward_call(*args, **kwargs)
../publishablew/vision/vision/torchvision/transforms/transforms.py:354: in forward
    return F.resize(img, self.size, self.interpolation, self.max_size, self.antialias)
../publishablew/vision/vision/torchvision/transforms/functional.py:306: in resize
    return resize(img, size, interpolation, max_size, antialias)
../publishablew/vision/vision/torchvision/transforms/temp.py:36: in resize
    return img.resize1(size, resample=interpolation)
E   AttributeError: 'Image' object has no attribute 'resize1'
___________________________ test_resize[37-27-28-34] ___________________________
../publishablew/vision/vision/test/test_transforms.py:370: in test_resize
    result = t(img)
../publishablew/vision/vision/venv/lib/python3.11/site-packages/torch/nn/modules/module.py:1736: in _wrapped_call_impl
    return self._call_impl(*args, **kwargs)
../publishablew/vision/vision/venv/lib/python3.11/site-packages/torch/nn/modules/module.py:1747: in _call_impl
    return forward_call(*args, **kwargs)
../publishablew/vision/vision/torchvision/transforms/transforms.py:354: in forward
    return F.resize(img, self.size, self.interpolation, self.max_size, self.antialias)
../publishablew/vision/vision/torchvision/transforms/functional.py:306: in resize
    return resize(img, size, interpolation, max_size, antialias)
../publishablew/vision/vision/torchvision/transforms/temp.py:36: in resize
    return img.resize1(size, resample=interpolation)
E   AttributeError: 'Image' object has no attribute 'resize1'
___________________________ test_resize[37-27-29-35] ___________________________
../publishablew/vision/vision/test/test_transforms.py:370: in test_resize
    result = t(img)
../publishablew/vision/vision/venv/lib/python3.11/site-packages/torch/nn/modules/module.py:1736: in _wrapped_call_impl
    return self._call_impl(*args, **kwargs)
../publishablew/vision/vision/venv/lib/python3.11/site-packages/torch/nn/modules/module.py:1747: in _call_impl
    return forward_call(*args, **kwargs)
../publishablew/vision/vision/torchvision/transforms/transforms.py:354: in forward
    return F.resize(img, self.size, self.interpolation, self.max_size, self.antialias)
../publishablew/vision/vision/torchvision/transforms/functional.py:306: in resize
    return resize(img, size, interpolation, max_size, antialias)
../publishablew/vision/vision/torchvision/transforms/temp.py:36: in resize
    return img.resize1(size, resample=interpolation)
E   AttributeError: 'Image' object has no attribute 'resize1'
___________________________ test_resize[37-27-34-28] ___________________________
../publishablew/vision/vision/test/test_transforms.py:370: in test_resize
    result = t(img)
../publishablew/vision/vision/venv/lib/python3.11/site-packages/torch/nn/modules/module.py:1736: in _wrapped_call_impl
    return self._call_impl(*args, **kwargs)
../publishablew/vision/vision/venv/lib/python3.11/site-packages/torch/nn/modules/module.py:1747: in _call_impl
    return forward_call(*args, **kwargs)
../publishablew/vision/vision/torchvision/transforms/transforms.py:354: in forward
    return F.resize(img, self.size, self.interpolation, self.max_size, self.antialias)
../publishablew/vision/vision/torchvision/transforms/functional.py:306: in resize
    return resize(img, size, interpolation, max_size, antialias)
../publishablew/vision/vision/torchvision/transforms/temp.py:36: in resize
    return img.resize1(size, resample=interpolation)
E   AttributeError: 'Image' object has no attribute 'resize1'
___________________________ test_resize[37-27-35-29] ___________________________
../publishablew/vision/vision/test/test_transforms.py:370: in test_resize
    result = t(img)
../publishablew/vision/vision/venv/lib/python3.11/site-packages/torch/nn/modules/module.py:1736: in _wrapped_call_impl
    return self._call_impl(*args, **kwargs)
../publishablew/vision/vision/venv/lib/python3.11/site-packages/torch/nn/modules/module.py:1747: in _call_impl
    return forward_call(*args, **kwargs)
../publishablew/vision/vision/torchvision/transforms/transforms.py:354: in forward
    return F.resize(img, self.size, self.interpolation, self.max_size, self.antialias)
../publishablew/vision/vision/torchvision/transforms/functional.py:306: in resize
    return resize(img, size, interpolation, max_size, antialias)
../publishablew/vision/vision/torchvision/transforms/temp.py:36: in resize
    return img.resize1(size, resample=interpolation)
E   AttributeError: 'Image' object has no attribute 'resize1'
___________________________ test_resize[37-28-28-28] ___________________________
../publishablew/vision/vision/test/test_transforms.py:370: in test_resize
    result = t(img)
../publishablew/vision/vision/venv/lib/python3.11/site-packages/torch/nn/modules/module.py:1736: in _wrapped_call_impl
    return self._call_impl(*args, **kwargs)
../publishablew/vision/vision/venv/lib/python3.11/site-packages/torch/nn/modules/module.py:1747: in _call_impl
    return forward_call(*args, **kwargs)
../publishablew/vision/vision/torchvision/transforms/transforms.py:354: in forward
    return F.resize(img, self.size, self.interpolation, self.max_size, self.antialias)
../publishablew/vision/vision/torchvision/transforms/functional.py:306: in resize
    return resize(img, size, interpolation, max_size, antialias)
../publishablew/vision/vision/torchvision/transforms/temp.py:36: in resize
    return img.resize1(size, resample=interpolation)
E   AttributeError: 'Image' object has no attribute 'resize1'
___________________________ test_resize[37-28-27-27] ___________________________
../publishablew/vision/vision/test/test_transforms.py:370: in test_resize
    result = t(img)
../publishablew/vision/vision/venv/lib/python3.11/site-packages/torch/nn/modules/module.py:1736: in _wrapped_call_impl
    return self._call_impl(*args, **kwargs)
../publishablew/vision/vision/venv/lib/python3.11/site-packages/torch/nn/modules/module.py:1747: in _call_impl
    return forward_call(*args, **kwargs)
../publishablew/vision/vision/torchvision/transforms/transforms.py:354: in forward
    return F.resize(img, self.size, self.interpolation, self.max_size, self.antialias)
../publishablew/vision/vision/torchvision/transforms/functional.py:306: in resize
    return resize(img, size, interpolation, max_size, antialias)
../publishablew/vision/vision/torchvision/transforms/temp.py:36: in resize
    return img.resize1(size, resample=interpolation)
E   AttributeError: 'Image' object has no attribute 'resize1'
___________________________ test_resize[37-28-28-34] ___________________________
../publishablew/vision/vision/test/test_transforms.py:370: in test_resize
    result = t(img)
../publishablew/vision/vision/venv/lib/python3.11/site-packages/torch/nn/modules/module.py:1736: in _wrapped_call_impl
    return self._call_impl(*args, **kwargs)
../publishablew/vision/vision/venv/lib/python3.11/site-packages/torch/nn/modules/module.py:1747: in _call_impl
    return forward_call(*args, **kwargs)
../publishablew/vision/vision/torchvision/transforms/transforms.py:354: in forward
    return F.resize(img, self.size, self.interpolation, self.max_size, self.antialias)
../publishablew/vision/vision/torchvision/transforms/functional.py:306: in resize
    return resize(img, size, interpolation, max_size, antialias)
../publishablew/vision/vision/torchvision/transforms/temp.py:36: in resize
    return img.resize1(size, resample=interpolation)
E   AttributeError: 'Image' object has no attribute 'resize1'
___________________________ test_resize[37-28-29-35] ___________________________
../publishablew/vision/vision/test/test_transforms.py:370: in test_resize
    result = t(img)
../publishablew/vision/vision/venv/lib/python3.11/site-packages/torch/nn/modules/module.py:1736: in _wrapped_call_impl
    return self._call_impl(*args, **kwargs)
../publishablew/vision/vision/venv/lib/python3.11/site-packages/torch/nn/modules/module.py:1747: in _call_impl
    return forward_call(*args, **kwargs)
../publishablew/vision/vision/torchvision/transforms/transforms.py:354: in forward
    return F.resize(img, self.size, self.interpolation, self.max_size, self.antialias)
../publishablew/vision/vision/torchvision/transforms/functional.py:306: in resize
    return resize(img, size, interpolation, max_size, antialias)
../publishablew/vision/vision/torchvision/transforms/temp.py:36: in resize
    return img.resize1(size, resample=interpolation)
E   AttributeError: 'Image' object has no attribute 'resize1'
___________________________ test_resize[37-28-34-28] ___________________________
../publishablew/vision/vision/test/test_transforms.py:370: in test_resize
    result = t(img)
../publishablew/vision/vision/venv/lib/python3.11/site-packages/torch/nn/modules/module.py:1736: in _wrapped_call_impl
    return self._call_impl(*args, **kwargs)
../publishablew/vision/vision/venv/lib/python3.11/site-packages/torch/nn/modules/module.py:1747: in _call_impl
    return forward_call(*args, **kwargs)
../publishablew/vision/vision/torchvision/transforms/transforms.py:354: in forward
    return F.resize(img, self.size, self.interpolation, self.max_size, self.antialias)
../publishablew/vision/vision/torchvision/transforms/functional.py:306: in resize
    return resize(img, size, interpolation, max_size, antialias)
../publishablew/vision/vision/torchvision/transforms/temp.py:36: in resize
    return img.resize1(size, resample=interpolation)
E   AttributeError: 'Image' object has no attribute 'resize1'
___________________________ test_resize[37-28-35-29] ___________________________
../publishablew/vision/vision/test/test_transforms.py:370: in test_resize
    result = t(img)
../publishablew/vision/vision/venv/lib/python3.11/site-packages/torch/nn/modules/module.py:1736: in _wrapped_call_impl
    return self._call_impl(*args, **kwargs)
../publishablew/vision/vision/venv/lib/python3.11/site-packages/torch/nn/modules/module.py:1747: in _call_impl
    return forward_call(*args, **kwargs)
../publishablew/vision/vision/torchvision/transforms/transforms.py:354: in forward
    return F.resize(img, self.size, self.interpolation, self.max_size, self.antialias)
../publishablew/vision/vision/torchvision/transforms/functional.py:306: in resize
    return resize(img, size, interpolation, max_size, antialias)
../publishablew/vision/vision/torchvision/transforms/temp.py:36: in resize
    return img.resize1(size, resample=interpolation)
E   AttributeError: 'Image' object has no attribute 'resize1'
___________________________ test_resize[37-36-28-28] ___________________________
../publishablew/vision/vision/test/test_transforms.py:370: in test_resize
    result = t(img)
../publishablew/vision/vision/venv/lib/python3.11/site-packages/torch/nn/modules/module.py:1736: in _wrapped_call_impl
    return self._call_impl(*args, **kwargs)
../publishablew/vision/vision/venv/lib/python3.11/site-packages/torch/nn/modules/module.py:1747: in _call_impl
    return forward_call(*args, **kwargs)
../publishablew/vision/vision/torchvision/transforms/transforms.py:354: in forward
    return F.resize(img, self.size, self.interpolation, self.max_size, self.antialias)
../publishablew/vision/vision/torchvision/transforms/functional.py:306: in resize
    return resize(img, size, interpolation, max_size, antialias)
../publishablew/vision/vision/torchvision/transforms/temp.py:36: in resize
    return img.resize1(size, resample=interpolation)
E   AttributeError: 'Image' object has no attribute 'resize1'
___________________________ test_resize[37-36-27-27] ___________________________
../publishablew/vision/vision/test/test_transforms.py:370: in test_resize
    result = t(img)
../publishablew/vision/vision/venv/lib/python3.11/site-packages/torch/nn/modules/module.py:1736: in _wrapped_call_impl
    return self._call_impl(*args, **kwargs)
../publishablew/vision/vision/venv/lib/python3.11/site-packages/torch/nn/modules/module.py:1747: in _call_impl
    return forward_call(*args, **kwargs)
../publishablew/vision/vision/torchvision/transforms/transforms.py:354: in forward
    return F.resize(img, self.size, self.interpolation, self.max_size, self.antialias)
../publishablew/vision/vision/torchvision/transforms/functional.py:306: in resize
    return resize(img, size, interpolation, max_size, antialias)
../publishablew/vision/vision/torchvision/transforms/temp.py:36: in resize
    return img.resize1(size, resample=interpolation)
E   AttributeError: 'Image' object has no attribute 'resize1'
___________________________ test_resize[37-36-28-34] ___________________________
../publishablew/vision/vision/test/test_transforms.py:370: in test_resize
    result = t(img)
../publishablew/vision/vision/venv/lib/python3.11/site-packages/torch/nn/modules/module.py:1736: in _wrapped_call_impl
    return self._call_impl(*args, **kwargs)
../publishablew/vision/vision/venv/lib/python3.11/site-packages/torch/nn/modules/module.py:1747: in _call_impl
    return forward_call(*args, **kwargs)
../publishablew/vision/vision/torchvision/transforms/transforms.py:354: in forward
    return F.resize(img, self.size, self.interpolation, self.max_size, self.antialias)
../publishablew/vision/vision/torchvision/transforms/functional.py:306: in resize
    return resize(img, size, interpolation, max_size, antialias)
../publishablew/vision/vision/torchvision/transforms/temp.py:36: in resize
    return img.resize1(size, resample=interpolation)
E   AttributeError: 'Image' object has no attribute 'resize1'
___________________________ test_resize[37-36-29-35] ___________________________
../publishablew/vision/vision/test/test_transforms.py:370: in test_resize
    result = t(img)
../publishablew/vision/vision/venv/lib/python3.11/site-packages/torch/nn/modules/module.py:1736: in _wrapped_call_impl
    return self._call_impl(*args, **kwargs)
../publishablew/vision/vision/venv/lib/python3.11/site-packages/torch/nn/modules/module.py:1747: in _call_impl
    return forward_call(*args, **kwargs)
../publishablew/vision/vision/torchvision/transforms/transforms.py:354: in forward
    return F.resize(img, self.size, self.interpolation, self.max_size, self.antialias)
../publishablew/vision/vision/torchvision/transforms/functional.py:306: in resize
    return resize(img, size, interpolation, max_size, antialias)
../publishablew/vision/vision/torchvision/transforms/temp.py:36: in resize
    return img.resize1(size, resample=interpolation)
E   AttributeError: 'Image' object has no attribute 'resize1'
___________________________ test_resize[37-36-34-28] ___________________________
../publishablew/vision/vision/test/test_transforms.py:370: in test_resize
    result = t(img)
../publishablew/vision/vision/venv/lib/python3.11/site-packages/torch/nn/modules/module.py:1736: in _wrapped_call_impl
    return self._call_impl(*args, **kwargs)
../publishablew/vision/vision/venv/lib/python3.11/site-packages/torch/nn/modules/module.py:1747: in _call_impl
    return forward_call(*args, **kwargs)
../publishablew/vision/vision/torchvision/transforms/transforms.py:354: in forward
    return F.resize(img, self.size, self.interpolation, self.max_size, self.antialias)
../publishablew/vision/vision/torchvision/transforms/functional.py:306: in resize
    return resize(img, size, interpolation, max_size, antialias)
../publishablew/vision/vision/torchvision/transforms/temp.py:36: in resize
    return img.resize1(size, resample=interpolation)
E   AttributeError: 'Image' object has no attribute 'resize1'
___________________________ test_resize[37-36-35-29] ___________________________
../publishablew/vision/vision/test/test_transforms.py:370: in test_resize
    result = t(img)
../publishablew/vision/vision/venv/lib/python3.11/site-packages/torch/nn/modules/module.py:1736: in _wrapped_call_impl
    return self._call_impl(*args, **kwargs)
../publishablew/vision/vision/venv/lib/python3.11/site-packages/torch/nn/modules/module.py:1747: in _call_impl
    return forward_call(*args, **kwargs)
../publishablew/vision/vision/torchvision/transforms/transforms.py:354: in forward
    return F.resize(img, self.size, self.interpolation, self.max_size, self.antialias)
../publishablew/vision/vision/torchvision/transforms/functional.py:306: in resize
    return resize(img, size, interpolation, max_size, antialias)
../publishablew/vision/vision/torchvision/transforms/temp.py:36: in resize
    return img.resize1(size, resample=interpolation)
E   AttributeError: 'Image' object has no attribute 'resize1'
_________________________ test_resize[37-osize4-28-28] _________________________
../publishablew/vision/vision/test/test_transforms.py:370: in test_resize
    result = t(img)
../publishablew/vision/vision/venv/lib/python3.11/site-packages/torch/nn/modules/module.py:1736: in _wrapped_call_impl
    return self._call_impl(*args, **kwargs)
../publishablew/vision/vision/venv/lib/python3.11/site-packages/torch/nn/modules/module.py:1747: in _call_impl
    return forward_call(*args, **kwargs)
../publishablew/vision/vision/torchvision/transforms/transforms.py:354: in forward
    return F.resize(img, self.size, self.interpolation, self.max_size, self.antialias)
../publishablew/vision/vision/torchvision/transforms/functional.py:306: in resize
    return resize(img, size, interpolation, max_size, antialias)
../publishablew/vision/vision/torchvision/transforms/temp.py:26: in resize
    raise ValueError('max_size can only be used if size is a single integer.')
E   ValueError: max_size can only be used if size is a single integer.
_________________________ test_resize[37-osize4-27-27] _________________________
../publishablew/vision/vision/test/test_transforms.py:370: in test_resize
    result = t(img)
../publishablew/vision/vision/venv/lib/python3.11/site-packages/torch/nn/modules/module.py:1736: in _wrapped_call_impl
    return self._call_impl(*args, **kwargs)
../publishablew/vision/vision/venv/lib/python3.11/site-packages/torch/nn/modules/module.py:1747: in _call_impl
    return forward_call(*args, **kwargs)
../publishablew/vision/vision/torchvision/transforms/transforms.py:354: in forward
    return F.resize(img, self.size, self.interpolation, self.max_size, self.antialias)
../publishablew/vision/vision/torchvision/transforms/functional.py:306: in resize
    return resize(img, size, interpolation, max_size, antialias)
../publishablew/vision/vision/torchvision/transforms/temp.py:26: in resize
    raise ValueError('max_size can only be used if size is a single integer.')
E   ValueError: max_size can only be used if size is a single integer.
_________________________ test_resize[37-osize4-28-34] _________________________
../publishablew/vision/vision/test/test_transforms.py:370: in test_resize
    result = t(img)
../publishablew/vision/vision/venv/lib/python3.11/site-packages/torch/nn/modules/module.py:1736: in _wrapped_call_impl
    return self._call_impl(*args, **kwargs)
../publishablew/vision/vision/venv/lib/python3.11/site-packages/torch/nn/modules/module.py:1747: in _call_impl
    return forward_call(*args, **kwargs)
../publishablew/vision/vision/torchvision/transforms/transforms.py:354: in forward
    return F.resize(img, self.size, self.interpolation, self.max_size, self.antialias)
../publishablew/vision/vision/torchvision/transforms/functional.py:306: in resize
    return resize(img, size, interpolation, max_size, antialias)
../publishablew/vision/vision/torchvision/transforms/temp.py:26: in resize
    raise ValueError('max_size can only be used if size is a single integer.')
E   ValueError: max_size can only be used if size is a single integer.
_________________________ test_resize[37-osize4-29-35] _________________________
../publishablew/vision/vision/test/test_transforms.py:370: in test_resize
    result = t(img)
../publishablew/vision/vision/venv/lib/python3.11/site-packages/torch/nn/modules/module.py:1736: in _wrapped_call_impl
    return self._call_impl(*args, **kwargs)
../publishablew/vision/vision/venv/lib/python3.11/site-packages/torch/nn/modules/module.py:1747: in _call_impl
    return forward_call(*args, **kwargs)
../publishablew/vision/vision/torchvision/transforms/transforms.py:354: in forward
    return F.resize(img, self.size, self.interpolation, self.max_size, self.antialias)
../publishablew/vision/vision/torchvision/transforms/functional.py:306: in resize
    return resize(img, size, interpolation, max_size, antialias)
../publishablew/vision/vision/torchvision/transforms/temp.py:26: in resize
    raise ValueError('max_size can only be used if size is a single integer.')
E   ValueError: max_size can only be used if size is a single integer.
_________________________ test_resize[37-osize4-34-28] _________________________
../publishablew/vision/vision/test/test_transforms.py:370: in test_resize
    result = t(img)
../publishablew/vision/vision/venv/lib/python3.11/site-packages/torch/nn/modules/module.py:1736: in _wrapped_call_impl
    return self._call_impl(*args, **kwargs)
../publishablew/vision/vision/venv/lib/python3.11/site-packages/torch/nn/modules/module.py:1747: in _call_impl
    return forward_call(*args, **kwargs)
../publishablew/vision/vision/torchvision/transforms/transforms.py:354: in forward
    return F.resize(img, self.size, self.interpolation, self.max_size, self.antialias)
../publishablew/vision/vision/torchvision/transforms/functional.py:306: in resize
    return resize(img, size, interpolation, max_size, antialias)
../publishablew/vision/vision/torchvision/transforms/temp.py:26: in resize
    raise ValueError('max_size can only be used if size is a single integer.')
E   ValueError: max_size can only be used if size is a single integer.
_________________________ test_resize[37-osize4-35-29] _________________________
../publishablew/vision/vision/test/test_transforms.py:370: in test_resize
    result = t(img)
../publishablew/vision/vision/venv/lib/python3.11/site-packages/torch/nn/modules/module.py:1736: in _wrapped_call_impl
    return self._call_impl(*args, **kwargs)
../publishablew/vision/vision/venv/lib/python3.11/site-packages/torch/nn/modules/module.py:1747: in _call_impl
    return forward_call(*args, **kwargs)
../publishablew/vision/vision/torchvision/transforms/transforms.py:354: in forward
    return F.resize(img, self.size, self.interpolation, self.max_size, self.antialias)
../publishablew/vision/vision/torchvision/transforms/functional.py:306: in resize
    return resize(img, size, interpolation, max_size, antialias)
../publishablew/vision/vision/torchvision/transforms/temp.py:26: in resize
    raise ValueError('max_size can only be used if size is a single integer.')
E   ValueError: max_size can only be used if size is a single integer.
_________________________ test_resize[37-osize5-28-28] _________________________
../publishablew/vision/vision/test/test_transforms.py:370: in test_resize
    result = t(img)
../publishablew/vision/vision/venv/lib/python3.11/site-packages/torch/nn/modules/module.py:1736: in _wrapped_call_impl
    return self._call_impl(*args, **kwargs)
../publishablew/vision/vision/venv/lib/python3.11/site-packages/torch/nn/modules/module.py:1747: in _call_impl
    return forward_call(*args, **kwargs)
../publishablew/vision/vision/torchvision/transforms/transforms.py:354: in forward
    return F.resize(img, self.size, self.interpolation, self.max_size, self.antialias)
../publishablew/vision/vision/torchvision/transforms/functional.py:306: in resize
    return resize(img, size, interpolation, max_size, antialias)
../publishablew/vision/vision/torchvision/transforms/temp.py:26: in resize
    raise ValueError('max_size can only be used if size is a single integer.')
E   ValueError: max_size can only be used if size is a single integer.
_________________________ test_resize[37-osize5-27-27] _________________________
../publishablew/vision/vision/test/test_transforms.py:370: in test_resize
    result = t(img)
../publishablew/vision/vision/venv/lib/python3.11/site-packages/torch/nn/modules/module.py:1736: in _wrapped_call_impl
    return self._call_impl(*args, **kwargs)
../publishablew/vision/vision/venv/lib/python3.11/site-packages/torch/nn/modules/module.py:1747: in _call_impl
    return forward_call(*args, **kwargs)
../publishablew/vision/vision/torchvision/transforms/transforms.py:354: in forward
    return F.resize(img, self.size, self.interpolation, self.max_size, self.antialias)
../publishablew/vision/vision/torchvision/transforms/functional.py:306: in resize
    return resize(img, size, interpolation, max_size, antialias)
../publishablew/vision/vision/torchvision/transforms/temp.py:26: in resize
    raise ValueError('max_size can only be used if size is a single integer.')
E   ValueError: max_size can only be used if size is a single integer.
_________________________ test_resize[37-osize5-28-34] _________________________
../publishablew/vision/vision/test/test_transforms.py:370: in test_resize
    result = t(img)
../publishablew/vision/vision/venv/lib/python3.11/site-packages/torch/nn/modules/module.py:1736: in _wrapped_call_impl
    return self._call_impl(*args, **kwargs)
../publishablew/vision/vision/venv/lib/python3.11/site-packages/torch/nn/modules/module.py:1747: in _call_impl
    return forward_call(*args, **kwargs)
../publishablew/vision/vision/torchvision/transforms/transforms.py:354: in forward
    return F.resize(img, self.size, self.interpolation, self.max_size, self.antialias)
../publishablew/vision/vision/torchvision/transforms/functional.py:306: in resize
    return resize(img, size, interpolation, max_size, antialias)
../publishablew/vision/vision/torchvision/transforms/temp.py:26: in resize
    raise ValueError('max_size can only be used if size is a single integer.')
E   ValueError: max_size can only be used if size is a single integer.
_________________________ test_resize[37-osize5-29-35] _________________________
../publishablew/vision/vision/test/test_transforms.py:370: in test_resize
    result = t(img)
../publishablew/vision/vision/venv/lib/python3.11/site-packages/torch/nn/modules/module.py:1736: in _wrapped_call_impl
    return self._call_impl(*args, **kwargs)
../publishablew/vision/vision/venv/lib/python3.11/site-packages/torch/nn/modules/module.py:1747: in _call_impl
    return forward_call(*args, **kwargs)
../publishablew/vision/vision/torchvision/transforms/transforms.py:354: in forward
    return F.resize(img, self.size, self.interpolation, self.max_size, self.antialias)
../publishablew/vision/vision/torchvision/transforms/functional.py:306: in resize
    return resize(img, size, interpolation, max_size, antialias)
../publishablew/vision/vision/torchvision/transforms/temp.py:26: in resize
    raise ValueError('max_size can only be used if size is a single integer.')
E   ValueError: max_size can only be used if size is a single integer.
_________________________ test_resize[37-osize5-34-28] _________________________
../publishablew/vision/vision/test/test_transforms.py:370: in test_resize
    result = t(img)
../publishablew/vision/vision/venv/lib/python3.11/site-packages/torch/nn/modules/module.py:1736: in _wrapped_call_impl
    return self._call_impl(*args, **kwargs)
../publishablew/vision/vision/venv/lib/python3.11/site-packages/torch/nn/modules/module.py:1747: in _call_impl
    return forward_call(*args, **kwargs)
../publishablew/vision/vision/torchvision/transforms/transforms.py:354: in forward
    return F.resize(img, self.size, self.interpolation, self.max_size, self.antialias)
../publishablew/vision/vision/torchvision/transforms/functional.py:306: in resize
    return resize(img, size, interpolation, max_size, antialias)
../publishablew/vision/vision/torchvision/transforms/temp.py:26: in resize
    raise ValueError('max_size can only be used if size is a single integer.')
E   ValueError: max_size can only be used if size is a single integer.
_________________________ test_resize[37-osize5-35-29] _________________________
../publishablew/vision/vision/test/test_transforms.py:370: in test_resize
    result = t(img)
../publishablew/vision/vision/venv/lib/python3.11/site-packages/torch/nn/modules/module.py:1736: in _wrapped_call_impl
    return self._call_impl(*args, **kwargs)
../publishablew/vision/vision/venv/lib/python3.11/site-packages/torch/nn/modules/module.py:1747: in _call_impl
    return forward_call(*args, **kwargs)
../publishablew/vision/vision/torchvision/transforms/transforms.py:354: in forward
    return F.resize(img, self.size, self.interpolation, self.max_size, self.antialias)
../publishablew/vision/vision/torchvision/transforms/functional.py:306: in resize
    return resize(img, size, interpolation, max_size, antialias)
../publishablew/vision/vision/torchvision/transforms/temp.py:26: in resize
    raise ValueError('max_size can only be used if size is a single integer.')
E   ValueError: max_size can only be used if size is a single integer.
__________________________ test_resize[1000-22-28-28] __________________________
../publishablew/vision/vision/test/test_transforms.py:370: in test_resize
    result = t(img)
../publishablew/vision/vision/venv/lib/python3.11/site-packages/torch/nn/modules/module.py:1736: in _wrapped_call_impl
    return self._call_impl(*args, **kwargs)
../publishablew/vision/vision/venv/lib/python3.11/site-packages/torch/nn/modules/module.py:1747: in _call_impl
    return forward_call(*args, **kwargs)
../publishablew/vision/vision/torchvision/transforms/transforms.py:354: in forward
    return F.resize(img, self.size, self.interpolation, self.max_size, self.antialias)
../publishablew/vision/vision/torchvision/transforms/functional.py:306: in resize
    return resize(img, size, interpolation, max_size, antialias)
../publishablew/vision/vision/torchvision/transforms/temp.py:36: in resize
    return img.resize1(size, resample=interpolation)
E   AttributeError: 'Image' object has no attribute 'resize1'
__________________________ test_resize[1000-22-27-27] __________________________
../publishablew/vision/vision/test/test_transforms.py:370: in test_resize
    result = t(img)
../publishablew/vision/vision/venv/lib/python3.11/site-packages/torch/nn/modules/module.py:1736: in _wrapped_call_impl
    return self._call_impl(*args, **kwargs)
../publishablew/vision/vision/venv/lib/python3.11/site-packages/torch/nn/modules/module.py:1747: in _call_impl
    return forward_call(*args, **kwargs)
../publishablew/vision/vision/torchvision/transforms/transforms.py:354: in forward
    return F.resize(img, self.size, self.interpolation, self.max_size, self.antialias)
../publishablew/vision/vision/torchvision/transforms/functional.py:306: in resize
    return resize(img, size, interpolation, max_size, antialias)
../publishablew/vision/vision/torchvision/transforms/temp.py:36: in resize
    return img.resize1(size, resample=interpolation)
E   AttributeError: 'Image' object has no attribute 'resize1'
__________________________ test_resize[1000-22-28-34] __________________________
../publishablew/vision/vision/test/test_transforms.py:370: in test_resize
    result = t(img)
../publishablew/vision/vision/venv/lib/python3.11/site-packages/torch/nn/modules/module.py:1736: in _wrapped_call_impl
    return self._call_impl(*args, **kwargs)
../publishablew/vision/vision/venv/lib/python3.11/site-packages/torch/nn/modules/module.py:1747: in _call_impl
    return forward_call(*args, **kwargs)
../publishablew/vision/vision/torchvision/transforms/transforms.py:354: in forward
    return F.resize(img, self.size, self.interpolation, self.max_size, self.antialias)
../publishablew/vision/vision/torchvision/transforms/functional.py:306: in resize
    return resize(img, size, interpolation, max_size, antialias)
../publishablew/vision/vision/torchvision/transforms/temp.py:36: in resize
    return img.resize1(size, resample=interpolation)
E   AttributeError: 'Image' object has no attribute 'resize1'
__________________________ test_resize[1000-22-29-35] __________________________
../publishablew/vision/vision/test/test_transforms.py:370: in test_resize
    result = t(img)
../publishablew/vision/vision/venv/lib/python3.11/site-packages/torch/nn/modules/module.py:1736: in _wrapped_call_impl
    return self._call_impl(*args, **kwargs)
../publishablew/vision/vision/venv/lib/python3.11/site-packages/torch/nn/modules/module.py:1747: in _call_impl
    return forward_call(*args, **kwargs)
../publishablew/vision/vision/torchvision/transforms/transforms.py:354: in forward
    return F.resize(img, self.size, self.interpolation, self.max_size, self.antialias)
../publishablew/vision/vision/torchvision/transforms/functional.py:306: in resize
    return resize(img, size, interpolation, max_size, antialias)
../publishablew/vision/vision/torchvision/transforms/temp.py:36: in resize
    return img.resize1(size, resample=interpolation)
E   AttributeError: 'Image' object has no attribute 'resize1'
__________________________ test_resize[1000-22-34-28] __________________________
../publishablew/vision/vision/test/test_transforms.py:370: in test_resize
    result = t(img)
../publishablew/vision/vision/venv/lib/python3.11/site-packages/torch/nn/modules/module.py:1736: in _wrapped_call_impl
    return self._call_impl(*args, **kwargs)
../publishablew/vision/vision/venv/lib/python3.11/site-packages/torch/nn/modules/module.py:1747: in _call_impl
    return forward_call(*args, **kwargs)
../publishablew/vision/vision/torchvision/transforms/transforms.py:354: in forward
    return F.resize(img, self.size, self.interpolation, self.max_size, self.antialias)
../publishablew/vision/vision/torchvision/transforms/functional.py:306: in resize
    return resize(img, size, interpolation, max_size, antialias)
../publishablew/vision/vision/torchvision/transforms/temp.py:36: in resize
    return img.resize1(size, resample=interpolation)
E   AttributeError: 'Image' object has no attribute 'resize1'
__________________________ test_resize[1000-22-35-29] __________________________
../publishablew/vision/vision/test/test_transforms.py:370: in test_resize
    result = t(img)
../publishablew/vision/vision/venv/lib/python3.11/site-packages/torch/nn/modules/module.py:1736: in _wrapped_call_impl
    return self._call_impl(*args, **kwargs)
../publishablew/vision/vision/venv/lib/python3.11/site-packages/torch/nn/modules/module.py:1747: in _call_impl
    return forward_call(*args, **kwargs)
../publishablew/vision/vision/torchvision/transforms/transforms.py:354: in forward
    return F.resize(img, self.size, self.interpolation, self.max_size, self.antialias)
../publishablew/vision/vision/torchvision/transforms/functional.py:306: in resize
    return resize(img, size, interpolation, max_size, antialias)
../publishablew/vision/vision/torchvision/transforms/temp.py:36: in resize
    return img.resize1(size, resample=interpolation)
E   AttributeError: 'Image' object has no attribute 'resize1'
__________________________ test_resize[1000-27-28-28] __________________________
../publishablew/vision/vision/test/test_transforms.py:370: in test_resize
    result = t(img)
../publishablew/vision/vision/venv/lib/python3.11/site-packages/torch/nn/modules/module.py:1736: in _wrapped_call_impl
    return self._call_impl(*args, **kwargs)
../publishablew/vision/vision/venv/lib/python3.11/site-packages/torch/nn/modules/module.py:1747: in _call_impl
    return forward_call(*args, **kwargs)
../publishablew/vision/vision/torchvision/transforms/transforms.py:354: in forward
    return F.resize(img, self.size, self.interpolation, self.max_size, self.antialias)
../publishablew/vision/vision/torchvision/transforms/functional.py:306: in resize
    return resize(img, size, interpolation, max_size, antialias)
../publishablew/vision/vision/torchvision/transforms/temp.py:36: in resize
    return img.resize1(size, resample=interpolation)
E   AttributeError: 'Image' object has no attribute 'resize1'
__________________________ test_resize[1000-27-27-27] __________________________
../publishablew/vision/vision/test/test_transforms.py:370: in test_resize
    result = t(img)
../publishablew/vision/vision/venv/lib/python3.11/site-packages/torch/nn/modules/module.py:1736: in _wrapped_call_impl
    return self._call_impl(*args, **kwargs)
../publishablew/vision/vision/venv/lib/python3.11/site-packages/torch/nn/modules/module.py:1747: in _call_impl
    return forward_call(*args, **kwargs)
../publishablew/vision/vision/torchvision/transforms/transforms.py:354: in forward
    return F.resize(img, self.size, self.interpolation, self.max_size, self.antialias)
../publishablew/vision/vision/torchvision/transforms/functional.py:306: in resize
    return resize(img, size, interpolation, max_size, antialias)
../publishablew/vision/vision/torchvision/transforms/temp.py:36: in resize
    return img.resize1(size, resample=interpolation)
E   AttributeError: 'Image' object has no attribute 'resize1'
__________________________ test_resize[1000-27-28-34] __________________________
../publishablew/vision/vision/test/test_transforms.py:370: in test_resize
    result = t(img)
../publishablew/vision/vision/venv/lib/python3.11/site-packages/torch/nn/modules/module.py:1736: in _wrapped_call_impl
    return self._call_impl(*args, **kwargs)
../publishablew/vision/vision/venv/lib/python3.11/site-packages/torch/nn/modules/module.py:1747: in _call_impl
    return forward_call(*args, **kwargs)
../publishablew/vision/vision/torchvision/transforms/transforms.py:354: in forward
    return F.resize(img, self.size, self.interpolation, self.max_size, self.antialias)
../publishablew/vision/vision/torchvision/transforms/functional.py:306: in resize
    return resize(img, size, interpolation, max_size, antialias)
../publishablew/vision/vision/torchvision/transforms/temp.py:36: in resize
    return img.resize1(size, resample=interpolation)
E   AttributeError: 'Image' object has no attribute 'resize1'
__________________________ test_resize[1000-27-29-35] __________________________
../publishablew/vision/vision/test/test_transforms.py:370: in test_resize
    result = t(img)
../publishablew/vision/vision/venv/lib/python3.11/site-packages/torch/nn/modules/module.py:1736: in _wrapped_call_impl
    return self._call_impl(*args, **kwargs)
../publishablew/vision/vision/venv/lib/python3.11/site-packages/torch/nn/modules/module.py:1747: in _call_impl
    return forward_call(*args, **kwargs)
../publishablew/vision/vision/torchvision/transforms/transforms.py:354: in forward
    return F.resize(img, self.size, self.interpolation, self.max_size, self.antialias)
../publishablew/vision/vision/torchvision/transforms/functional.py:306: in resize
    return resize(img, size, interpolation, max_size, antialias)
../publishablew/vision/vision/torchvision/transforms/temp.py:36: in resize
    return img.resize1(size, resample=interpolation)
E   AttributeError: 'Image' object has no attribute 'resize1'
__________________________ test_resize[1000-27-34-28] __________________________
../publishablew/vision/vision/test/test_transforms.py:370: in test_resize
    result = t(img)
../publishablew/vision/vision/venv/lib/python3.11/site-packages/torch/nn/modules/module.py:1736: in _wrapped_call_impl
    return self._call_impl(*args, **kwargs)
../publishablew/vision/vision/venv/lib/python3.11/site-packages/torch/nn/modules/module.py:1747: in _call_impl
    return forward_call(*args, **kwargs)
../publishablew/vision/vision/torchvision/transforms/transforms.py:354: in forward
    return F.resize(img, self.size, self.interpolation, self.max_size, self.antialias)
../publishablew/vision/vision/torchvision/transforms/functional.py:306: in resize
    return resize(img, size, interpolation, max_size, antialias)
../publishablew/vision/vision/torchvision/transforms/temp.py:36: in resize
    return img.resize1(size, resample=interpolation)
E   AttributeError: 'Image' object has no attribute 'resize1'
__________________________ test_resize[1000-27-35-29] __________________________
../publishablew/vision/vision/test/test_transforms.py:370: in test_resize
    result = t(img)
../publishablew/vision/vision/venv/lib/python3.11/site-packages/torch/nn/modules/module.py:1736: in _wrapped_call_impl
    return self._call_impl(*args, **kwargs)
../publishablew/vision/vision/venv/lib/python3.11/site-packages/torch/nn/modules/module.py:1747: in _call_impl
    return forward_call(*args, **kwargs)
../publishablew/vision/vision/torchvision/transforms/transforms.py:354: in forward
    return F.resize(img, self.size, self.interpolation, self.max_size, self.antialias)
../publishablew/vision/vision/torchvision/transforms/functional.py:306: in resize
    return resize(img, size, interpolation, max_size, antialias)
../publishablew/vision/vision/torchvision/transforms/temp.py:36: in resize
    return img.resize1(size, resample=interpolation)
E   AttributeError: 'Image' object has no attribute 'resize1'
__________________________ test_resize[1000-28-28-28] __________________________
../publishablew/vision/vision/test/test_transforms.py:370: in test_resize
    result = t(img)
../publishablew/vision/vision/venv/lib/python3.11/site-packages/torch/nn/modules/module.py:1736: in _wrapped_call_impl
    return self._call_impl(*args, **kwargs)
../publishablew/vision/vision/venv/lib/python3.11/site-packages/torch/nn/modules/module.py:1747: in _call_impl
    return forward_call(*args, **kwargs)
../publishablew/vision/vision/torchvision/transforms/transforms.py:354: in forward
    return F.resize(img, self.size, self.interpolation, self.max_size, self.antialias)
../publishablew/vision/vision/torchvision/transforms/functional.py:306: in resize
    return resize(img, size, interpolation, max_size, antialias)
../publishablew/vision/vision/torchvision/transforms/temp.py:36: in resize
    return img.resize1(size, resample=interpolation)
E   AttributeError: 'Image' object has no attribute 'resize1'
__________________________ test_resize[1000-28-27-27] __________________________
../publishablew/vision/vision/test/test_transforms.py:370: in test_resize
    result = t(img)
../publishablew/vision/vision/venv/lib/python3.11/site-packages/torch/nn/modules/module.py:1736: in _wrapped_call_impl
    return self._call_impl(*args, **kwargs)
../publishablew/vision/vision/venv/lib/python3.11/site-packages/torch/nn/modules/module.py:1747: in _call_impl
    return forward_call(*args, **kwargs)
../publishablew/vision/vision/torchvision/transforms/transforms.py:354: in forward
    return F.resize(img, self.size, self.interpolation, self.max_size, self.antialias)
../publishablew/vision/vision/torchvision/transforms/functional.py:306: in resize
    return resize(img, size, interpolation, max_size, antialias)
../publishablew/vision/vision/torchvision/transforms/temp.py:36: in resize
    return img.resize1(size, resample=interpolation)
E   AttributeError: 'Image' object has no attribute 'resize1'
__________________________ test_resize[1000-28-28-34] __________________________
../publishablew/vision/vision/test/test_transforms.py:370: in test_resize
    result = t(img)
../publishablew/vision/vision/venv/lib/python3.11/site-packages/torch/nn/modules/module.py:1736: in _wrapped_call_impl
    return self._call_impl(*args, **kwargs)
../publishablew/vision/vision/venv/lib/python3.11/site-packages/torch/nn/modules/module.py:1747: in _call_impl
    return forward_call(*args, **kwargs)
../publishablew/vision/vision/torchvision/transforms/transforms.py:354: in forward
    return F.resize(img, self.size, self.interpolation, self.max_size, self.antialias)
../publishablew/vision/vision/torchvision/transforms/functional.py:306: in resize
    return resize(img, size, interpolation, max_size, antialias)
../publishablew/vision/vision/torchvision/transforms/temp.py:36: in resize
    return img.resize1(size, resample=interpolation)
E   AttributeError: 'Image' object has no attribute 'resize1'
__________________________ test_resize[1000-28-29-35] __________________________
../publishablew/vision/vision/test/test_transforms.py:370: in test_resize
    result = t(img)
../publishablew/vision/vision/venv/lib/python3.11/site-packages/torch/nn/modules/module.py:1736: in _wrapped_call_impl
    return self._call_impl(*args, **kwargs)
../publishablew/vision/vision/venv/lib/python3.11/site-packages/torch/nn/modules/module.py:1747: in _call_impl
    return forward_call(*args, **kwargs)
../publishablew/vision/vision/torchvision/transforms/transforms.py:354: in forward
    return F.resize(img, self.size, self.interpolation, self.max_size, self.antialias)
../publishablew/vision/vision/torchvision/transforms/functional.py:306: in resize
    return resize(img, size, interpolation, max_size, antialias)
../publishablew/vision/vision/torchvision/transforms/temp.py:36: in resize
    return img.resize1(size, resample=interpolation)
E   AttributeError: 'Image' object has no attribute 'resize1'
__________________________ test_resize[1000-28-34-28] __________________________
../publishablew/vision/vision/test/test_transforms.py:370: in test_resize
    result = t(img)
../publishablew/vision/vision/venv/lib/python3.11/site-packages/torch/nn/modules/module.py:1736: in _wrapped_call_impl
    return self._call_impl(*args, **kwargs)
../publishablew/vision/vision/venv/lib/python3.11/site-packages/torch/nn/modules/module.py:1747: in _call_impl
    return forward_call(*args, **kwargs)
../publishablew/vision/vision/torchvision/transforms/transforms.py:354: in forward
    return F.resize(img, self.size, self.interpolation, self.max_size, self.antialias)
../publishablew/vision/vision/torchvision/transforms/functional.py:306: in resize
    return resize(img, size, interpolation, max_size, antialias)
../publishablew/vision/vision/torchvision/transforms/temp.py:36: in resize
    return img.resize1(size, resample=interpolation)
E   AttributeError: 'Image' object has no attribute 'resize1'
__________________________ test_resize[1000-28-35-29] __________________________
../publishablew/vision/vision/test/test_transforms.py:370: in test_resize
    result = t(img)
../publishablew/vision/vision/venv/lib/python3.11/site-packages/torch/nn/modules/module.py:1736: in _wrapped_call_impl
    return self._call_impl(*args, **kwargs)
../publishablew/vision/vision/venv/lib/python3.11/site-packages/torch/nn/modules/module.py:1747: in _call_impl
    return forward_call(*args, **kwargs)
../publishablew/vision/vision/torchvision/transforms/transforms.py:354: in forward
    return F.resize(img, self.size, self.interpolation, self.max_size, self.antialias)
../publishablew/vision/vision/torchvision/transforms/functional.py:306: in resize
    return resize(img, size, interpolation, max_size, antialias)
../publishablew/vision/vision/torchvision/transforms/temp.py:36: in resize
    return img.resize1(size, resample=interpolation)
E   AttributeError: 'Image' object has no attribute 'resize1'
__________________________ test_resize[1000-36-28-28] __________________________
../publishablew/vision/vision/test/test_transforms.py:370: in test_resize
    result = t(img)
../publishablew/vision/vision/venv/lib/python3.11/site-packages/torch/nn/modules/module.py:1736: in _wrapped_call_impl
    return self._call_impl(*args, **kwargs)
../publishablew/vision/vision/venv/lib/python3.11/site-packages/torch/nn/modules/module.py:1747: in _call_impl
    return forward_call(*args, **kwargs)
../publishablew/vision/vision/torchvision/transforms/transforms.py:354: in forward
    return F.resize(img, self.size, self.interpolation, self.max_size, self.antialias)
../publishablew/vision/vision/torchvision/transforms/functional.py:306: in resize
    return resize(img, size, interpolation, max_size, antialias)
../publishablew/vision/vision/torchvision/transforms/temp.py:36: in resize
    return img.resize1(size, resample=interpolation)
E   AttributeError: 'Image' object has no attribute 'resize1'
__________________________ test_resize[1000-36-27-27] __________________________
../publishablew/vision/vision/test/test_transforms.py:370: in test_resize
    result = t(img)
../publishablew/vision/vision/venv/lib/python3.11/site-packages/torch/nn/modules/module.py:1736: in _wrapped_call_impl
    return self._call_impl(*args, **kwargs)
../publishablew/vision/vision/venv/lib/python3.11/site-packages/torch/nn/modules/module.py:1747: in _call_impl
    return forward_call(*args, **kwargs)
../publishablew/vision/vision/torchvision/transforms/transforms.py:354: in forward
    return F.resize(img, self.size, self.interpolation, self.max_size, self.antialias)
../publishablew/vision/vision/torchvision/transforms/functional.py:306: in resize
    return resize(img, size, interpolation, max_size, antialias)
../publishablew/vision/vision/torchvision/transforms/temp.py:36: in resize
    return img.resize1(size, resample=interpolation)
E   AttributeError: 'Image' object has no attribute 'resize1'
__________________________ test_resize[1000-36-28-34] __________________________
../publishablew/vision/vision/test/test_transforms.py:370: in test_resize
    result = t(img)
../publishablew/vision/vision/venv/lib/python3.11/site-packages/torch/nn/modules/module.py:1736: in _wrapped_call_impl
    return self._call_impl(*args, **kwargs)
../publishablew/vision/vision/venv/lib/python3.11/site-packages/torch/nn/modules/module.py:1747: in _call_impl
    return forward_call(*args, **kwargs)
../publishablew/vision/vision/torchvision/transforms/transforms.py:354: in forward
    return F.resize(img, self.size, self.interpolation, self.max_size, self.antialias)
../publishablew/vision/vision/torchvision/transforms/functional.py:306: in resize
    return resize(img, size, interpolation, max_size, antialias)
../publishablew/vision/vision/torchvision/transforms/temp.py:36: in resize
    return img.resize1(size, resample=interpolation)
E   AttributeError: 'Image' object has no attribute 'resize1'
__________________________ test_resize[1000-36-29-35] __________________________
../publishablew/vision/vision/test/test_transforms.py:370: in test_resize
    result = t(img)
../publishablew/vision/vision/venv/lib/python3.11/site-packages/torch/nn/modules/module.py:1736: in _wrapped_call_impl
    return self._call_impl(*args, **kwargs)
../publishablew/vision/vision/venv/lib/python3.11/site-packages/torch/nn/modules/module.py:1747: in _call_impl
    return forward_call(*args, **kwargs)
../publishablew/vision/vision/torchvision/transforms/transforms.py:354: in forward
    return F.resize(img, self.size, self.interpolation, self.max_size, self.antialias)
../publishablew/vision/vision/torchvision/transforms/functional.py:306: in resize
    return resize(img, size, interpolation, max_size, antialias)
../publishablew/vision/vision/torchvision/transforms/temp.py:36: in resize
    return img.resize1(size, resample=interpolation)
E   AttributeError: 'Image' object has no attribute 'resize1'
__________________________ test_resize[1000-36-34-28] __________________________
../publishablew/vision/vision/test/test_transforms.py:370: in test_resize
    result = t(img)
../publishablew/vision/vision/venv/lib/python3.11/site-packages/torch/nn/modules/module.py:1736: in _wrapped_call_impl
    return self._call_impl(*args, **kwargs)
../publishablew/vision/vision/venv/lib/python3.11/site-packages/torch/nn/modules/module.py:1747: in _call_impl
    return forward_call(*args, **kwargs)
../publishablew/vision/vision/torchvision/transforms/transforms.py:354: in forward
    return F.resize(img, self.size, self.interpolation, self.max_size, self.antialias)
../publishablew/vision/vision/torchvision/transforms/functional.py:306: in resize
    return resize(img, size, interpolation, max_size, antialias)
../publishablew/vision/vision/torchvision/transforms/temp.py:36: in resize
    return img.resize1(size, resample=interpolation)
E   AttributeError: 'Image' object has no attribute 'resize1'
__________________________ test_resize[1000-36-35-29] __________________________
../publishablew/vision/vision/test/test_transforms.py:370: in test_resize
    result = t(img)
../publishablew/vision/vision/venv/lib/python3.11/site-packages/torch/nn/modules/module.py:1736: in _wrapped_call_impl
    return self._call_impl(*args, **kwargs)
../publishablew/vision/vision/venv/lib/python3.11/site-packages/torch/nn/modules/module.py:1747: in _call_impl
    return forward_call(*args, **kwargs)
../publishablew/vision/vision/torchvision/transforms/transforms.py:354: in forward
    return F.resize(img, self.size, self.interpolation, self.max_size, self.antialias)
../publishablew/vision/vision/torchvision/transforms/functional.py:306: in resize
    return resize(img, size, interpolation, max_size, antialias)
../publishablew/vision/vision/torchvision/transforms/temp.py:36: in resize
    return img.resize1(size, resample=interpolation)
E   AttributeError: 'Image' object has no attribute 'resize1'
________________________ test_resize[1000-osize4-28-28] ________________________
../publishablew/vision/vision/test/test_transforms.py:370: in test_resize
    result = t(img)
../publishablew/vision/vision/venv/lib/python3.11/site-packages/torch/nn/modules/module.py:1736: in _wrapped_call_impl
    return self._call_impl(*args, **kwargs)
../publishablew/vision/vision/venv/lib/python3.11/site-packages/torch/nn/modules/module.py:1747: in _call_impl
    return forward_call(*args, **kwargs)
../publishablew/vision/vision/torchvision/transforms/transforms.py:354: in forward
    return F.resize(img, self.size, self.interpolation, self.max_size, self.antialias)
../publishablew/vision/vision/torchvision/transforms/functional.py:306: in resize
    return resize(img, size, interpolation, max_size, antialias)
../publishablew/vision/vision/torchvision/transforms/temp.py:26: in resize
    raise ValueError('max_size can only be used if size is a single integer.')
E   ValueError: max_size can only be used if size is a single integer.
________________________ test_resize[1000-osize4-27-27] ________________________
../publishablew/vision/vision/test/test_transforms.py:370: in test_resize
    result = t(img)
../publishablew/vision/vision/venv/lib/python3.11/site-packages/torch/nn/modules/module.py:1736: in _wrapped_call_impl
    return self._call_impl(*args, **kwargs)
../publishablew/vision/vision/venv/lib/python3.11/site-packages/torch/nn/modules/module.py:1747: in _call_impl
    return forward_call(*args, **kwargs)
../publishablew/vision/vision/torchvision/transforms/transforms.py:354: in forward
    return F.resize(img, self.size, self.interpolation, self.max_size, self.antialias)
../publishablew/vision/vision/torchvision/transforms/functional.py:306: in resize
    return resize(img, size, interpolation, max_size, antialias)
../publishablew/vision/vision/torchvision/transforms/temp.py:26: in resize
    raise ValueError('max_size can only be used if size is a single integer.')
E   ValueError: max_size can only be used if size is a single integer.
________________________ test_resize[1000-osize4-28-34] ________________________
../publishablew/vision/vision/test/test_transforms.py:370: in test_resize
    result = t(img)
../publishablew/vision/vision/venv/lib/python3.11/site-packages/torch/nn/modules/module.py:1736: in _wrapped_call_impl
    return self._call_impl(*args, **kwargs)
../publishablew/vision/vision/venv/lib/python3.11/site-packages/torch/nn/modules/module.py:1747: in _call_impl
    return forward_call(*args, **kwargs)
../publishablew/vision/vision/torchvision/transforms/transforms.py:354: in forward
    return F.resize(img, self.size, self.interpolation, self.max_size, self.antialias)
../publishablew/vision/vision/torchvision/transforms/functional.py:306: in resize
    return resize(img, size, interpolation, max_size, antialias)
../publishablew/vision/vision/torchvision/transforms/temp.py:26: in resize
    raise ValueError('max_size can only be used if size is a single integer.')
E   ValueError: max_size can only be used if size is a single integer.
________________________ test_resize[1000-osize4-29-35] ________________________
../publishablew/vision/vision/test/test_transforms.py:370: in test_resize
    result = t(img)
../publishablew/vision/vision/venv/lib/python3.11/site-packages/torch/nn/modules/module.py:1736: in _wrapped_call_impl
    return self._call_impl(*args, **kwargs)
../publishablew/vision/vision/venv/lib/python3.11/site-packages/torch/nn/modules/module.py:1747: in _call_impl
    return forward_call(*args, **kwargs)
../publishablew/vision/vision/torchvision/transforms/transforms.py:354: in forward
    return F.resize(img, self.size, self.interpolation, self.max_size, self.antialias)
../publishablew/vision/vision/torchvision/transforms/functional.py:306: in resize
    return resize(img, size, interpolation, max_size, antialias)
../publishablew/vision/vision/torchvision/transforms/temp.py:26: in resize
    raise ValueError('max_size can only be used if size is a single integer.')
E   ValueError: max_size can only be used if size is a single integer.
________________________ test_resize[1000-osize4-34-28] ________________________
../publishablew/vision/vision/test/test_transforms.py:370: in test_resize
    result = t(img)
../publishablew/vision/vision/venv/lib/python3.11/site-packages/torch/nn/modules/module.py:1736: in _wrapped_call_impl
    return self._call_impl(*args, **kwargs)
../publishablew/vision/vision/venv/lib/python3.11/site-packages/torch/nn/modules/module.py:1747: in _call_impl
    return forward_call(*args, **kwargs)
../publishablew/vision/vision/torchvision/transforms/transforms.py:354: in forward
    return F.resize(img, self.size, self.interpolation, self.max_size, self.antialias)
../publishablew/vision/vision/torchvision/transforms/functional.py:306: in resize
    return resize(img, size, interpolation, max_size, antialias)
../publishablew/vision/vision/torchvision/transforms/temp.py:26: in resize
    raise ValueError('max_size can only be used if size is a single integer.')
E   ValueError: max_size can only be used if size is a single integer.
________________________ test_resize[1000-osize4-35-29] ________________________
../publishablew/vision/vision/test/test_transforms.py:370: in test_resize
    result = t(img)
../publishablew/vision/vision/venv/lib/python3.11/site-packages/torch/nn/modules/module.py:1736: in _wrapped_call_impl
    return self._call_impl(*args, **kwargs)
../publishablew/vision/vision/venv/lib/python3.11/site-packages/torch/nn/modules/module.py:1747: in _call_impl
    return forward_call(*args, **kwargs)
../publishablew/vision/vision/torchvision/transforms/transforms.py:354: in forward
    return F.resize(img, self.size, self.interpolation, self.max_size, self.antialias)
../publishablew/vision/vision/torchvision/transforms/functional.py:306: in resize
    return resize(img, size, interpolation, max_size, antialias)
../publishablew/vision/vision/torchvision/transforms/temp.py:26: in resize
    raise ValueError('max_size can only be used if size is a single integer.')
E   ValueError: max_size can only be used if size is a single integer.
________________________ test_resize[1000-osize5-28-28] ________________________
../publishablew/vision/vision/test/test_transforms.py:370: in test_resize
    result = t(img)
../publishablew/vision/vision/venv/lib/python3.11/site-packages/torch/nn/modules/module.py:1736: in _wrapped_call_impl
    return self._call_impl(*args, **kwargs)
../publishablew/vision/vision/venv/lib/python3.11/site-packages/torch/nn/modules/module.py:1747: in _call_impl
    return forward_call(*args, **kwargs)
../publishablew/vision/vision/torchvision/transforms/transforms.py:354: in forward
    return F.resize(img, self.size, self.interpolation, self.max_size, self.antialias)
../publishablew/vision/vision/torchvision/transforms/functional.py:306: in resize
    return resize(img, size, interpolation, max_size, antialias)
../publishablew/vision/vision/torchvision/transforms/temp.py:26: in resize
    raise ValueError('max_size can only be used if size is a single integer.')
E   ValueError: max_size can only be used if size is a single integer.
________________________ test_resize[1000-osize5-27-27] ________________________
../publishablew/vision/vision/test/test_transforms.py:370: in test_resize
    result = t(img)
../publishablew/vision/vision/venv/lib/python3.11/site-packages/torch/nn/modules/module.py:1736: in _wrapped_call_impl
    return self._call_impl(*args, **kwargs)
../publishablew/vision/vision/venv/lib/python3.11/site-packages/torch/nn/modules/module.py:1747: in _call_impl
    return forward_call(*args, **kwargs)
../publishablew/vision/vision/torchvision/transforms/transforms.py:354: in forward
    return F.resize(img, self.size, self.interpolation, self.max_size, self.antialias)
../publishablew/vision/vision/torchvision/transforms/functional.py:306: in resize
    return resize(img, size, interpolation, max_size, antialias)
../publishablew/vision/vision/torchvision/transforms/temp.py:26: in resize
    raise ValueError('max_size can only be used if size is a single integer.')
E   ValueError: max_size can only be used if size is a single integer.
________________________ test_resize[1000-osize5-28-34] ________________________
../publishablew/vision/vision/test/test_transforms.py:370: in test_resize
    result = t(img)
../publishablew/vision/vision/venv/lib/python3.11/site-packages/torch/nn/modules/module.py:1736: in _wrapped_call_impl
    return self._call_impl(*args, **kwargs)
../publishablew/vision/vision/venv/lib/python3.11/site-packages/torch/nn/modules/module.py:1747: in _call_impl
    return forward_call(*args, **kwargs)
../publishablew/vision/vision/torchvision/transforms/transforms.py:354: in forward
    return F.resize(img, self.size, self.interpolation, self.max_size, self.antialias)
../publishablew/vision/vision/torchvision/transforms/functional.py:306: in resize
    return resize(img, size, interpolation, max_size, antialias)
../publishablew/vision/vision/torchvision/transforms/temp.py:26: in resize
    raise ValueError('max_size can only be used if size is a single integer.')
E   ValueError: max_size can only be used if size is a single integer.
________________________ test_resize[1000-osize5-29-35] ________________________
../publishablew/vision/vision/test/test_transforms.py:370: in test_resize
    result = t(img)
../publishablew/vision/vision/venv/lib/python3.11/site-packages/torch/nn/modules/module.py:1736: in _wrapped_call_impl
    return self._call_impl(*args, **kwargs)
../publishablew/vision/vision/venv/lib/python3.11/site-packages/torch/nn/modules/module.py:1747: in _call_impl
    return forward_call(*args, **kwargs)
../publishablew/vision/vision/torchvision/transforms/transforms.py:354: in forward
    return F.resize(img, self.size, self.interpolation, self.max_size, self.antialias)
../publishablew/vision/vision/torchvision/transforms/functional.py:306: in resize
    return resize(img, size, interpolation, max_size, antialias)
../publishablew/vision/vision/torchvision/transforms/temp.py:26: in resize
    raise ValueError('max_size can only be used if size is a single integer.')
E   ValueError: max_size can only be used if size is a single integer.
________________________ test_resize[1000-osize5-34-28] ________________________
../publishablew/vision/vision/test/test_transforms.py:370: in test_resize
    result = t(img)
../publishablew/vision/vision/venv/lib/python3.11/site-packages/torch/nn/modules/module.py:1736: in _wrapped_call_impl
    return self._call_impl(*args, **kwargs)
../publishablew/vision/vision/venv/lib/python3.11/site-packages/torch/nn/modules/module.py:1747: in _call_impl
    return forward_call(*args, **kwargs)
../publishablew/vision/vision/torchvision/transforms/transforms.py:354: in forward
    return F.resize(img, self.size, self.interpolation, self.max_size, self.antialias)
../publishablew/vision/vision/torchvision/transforms/functional.py:306: in resize
    return resize(img, size, interpolation, max_size, antialias)
../publishablew/vision/vision/torchvision/transforms/temp.py:26: in resize
    raise ValueError('max_size can only be used if size is a single integer.')
E   ValueError: max_size can only be used if size is a single integer.
________________________ test_resize[1000-osize5-35-29] ________________________
../publishablew/vision/vision/test/test_transforms.py:370: in test_resize
    result = t(img)
../publishablew/vision/vision/venv/lib/python3.11/site-packages/torch/nn/modules/module.py:1736: in _wrapped_call_impl
    return self._call_impl(*args, **kwargs)
../publishablew/vision/vision/venv/lib/python3.11/site-packages/torch/nn/modules/module.py:1747: in _call_impl
    return forward_call(*args, **kwargs)
../publishablew/vision/vision/torchvision/transforms/transforms.py:354: in forward
    return F.resize(img, self.size, self.interpolation, self.max_size, self.antialias)
../publishablew/vision/vision/torchvision/transforms/functional.py:306: in resize
    return resize(img, size, interpolation, max_size, antialias)
../publishablew/vision/vision/torchvision/transforms/temp.py:26: in resize
    raise ValueError('max_size can only be used if size is a single integer.')
E   ValueError: max_size can only be used if size is a single integer.
=========================== short test summary info ============================
FAILED ../publishablew/vision/vision/test/test_transforms.py::test_resize[None-22-28-28]
FAILED ../publishablew/vision/vision/test/test_transforms.py::test_resize[None-22-27-27]
FAILED ../publishablew/vision/vision/test/test_transforms.py::test_resize[None-22-28-34]
FAILED ../publishablew/vision/vision/test/test_transforms.py::test_resize[None-22-29-35]
FAILED ../publishablew/vision/vision/test/test_transforms.py::test_resize[None-22-34-28]
FAILED ../publishablew/vision/vision/test/test_transforms.py::test_resize[None-22-35-29]
FAILED ../publishablew/vision/vision/test/test_transforms.py::test_resize[None-27-28-28]
FAILED ../publishablew/vision/vision/test/test_transforms.py::test_resize[None-27-27-27]
FAILED ../publishablew/vision/vision/test/test_transforms.py::test_resize[None-27-28-34]
FAILED ../publishablew/vision/vision/test/test_transforms.py::test_resize[None-27-29-35]
FAILED ../publishablew/vision/vision/test/test_transforms.py::test_resize[None-27-34-28]
FAILED ../publishablew/vision/vision/test/test_transforms.py::test_resize[None-27-35-29]
FAILED ../publishablew/vision/vision/test/test_transforms.py::test_resize[None-28-28-28]
FAILED ../publishablew/vision/vision/test/test_transforms.py::test_resize[None-28-27-27]
FAILED ../publishablew/vision/vision/test/test_transforms.py::test_resize[None-28-28-34]
FAILED ../publishablew/vision/vision/test/test_transforms.py::test_resize[None-28-29-35]
FAILED ../publishablew/vision/vision/test/test_transforms.py::test_resize[None-28-34-28]
FAILED ../publishablew/vision/vision/test/test_transforms.py::test_resize[None-28-35-29]
FAILED ../publishablew/vision/vision/test/test_transforms.py::test_resize[None-36-28-28]
FAILED ../publishablew/vision/vision/test/test_transforms.py::test_resize[None-36-27-27]
FAILED ../publishablew/vision/vision/test/test_transforms.py::test_resize[None-36-28-34]
FAILED ../publishablew/vision/vision/test/test_transforms.py::test_resize[None-36-29-35]
FAILED ../publishablew/vision/vision/test/test_transforms.py::test_resize[None-36-34-28]
FAILED ../publishablew/vision/vision/test/test_transforms.py::test_resize[None-36-35-29]
FAILED ../publishablew/vision/vision/test/test_transforms.py::test_resize[None-osize4-28-28]
FAILED ../publishablew/vision/vision/test/test_transforms.py::test_resize[None-osize4-27-27]
FAILED ../publishablew/vision/vision/test/test_transforms.py::test_resize[None-osize4-28-34]
FAILED ../publishablew/vision/vision/test/test_transforms.py::test_resize[None-osize4-29-35]
FAILED ../publishablew/vision/vision/test/test_transforms.py::test_resize[None-osize4-34-28]
FAILED ../publishablew/vision/vision/test/test_transforms.py::test_resize[None-osize4-35-29]
FAILED ../publishablew/vision/vision/test/test_transforms.py::test_resize[None-osize5-28-28]
FAILED ../publishablew/vision/vision/test/test_transforms.py::test_resize[None-osize5-27-27]
FAILED ../publishablew/vision/vision/test/test_transforms.py::test_resize[None-osize5-28-34]
FAILED ../publishablew/vision/vision/test/test_transforms.py::test_resize[None-osize5-29-35]
FAILED ../publishablew/vision/vision/test/test_transforms.py::test_resize[None-osize5-34-28]
FAILED ../publishablew/vision/vision/test/test_transforms.py::test_resize[None-osize5-35-29]
FAILED ../publishablew/vision/vision/test/test_transforms.py::test_resize[37-22-28-28]
FAILED ../publishablew/vision/vision/test/test_transforms.py::test_resize[37-22-27-27]
FAILED ../publishablew/vision/vision/test/test_transforms.py::test_resize[37-22-28-34]
FAILED ../publishablew/vision/vision/test/test_transforms.py::test_resize[37-22-29-35]
FAILED ../publishablew/vision/vision/test/test_transforms.py::test_resize[37-22-34-28]
FAILED ../publishablew/vision/vision/test/test_transforms.py::test_resize[37-22-35-29]
FAILED ../publishablew/vision/vision/test/test_transforms.py::test_resize[37-27-28-28]
FAILED ../publishablew/vision/vision/test/test_transforms.py::test_resize[37-27-27-27]
FAILED ../publishablew/vision/vision/test/test_transforms.py::test_resize[37-27-28-34]
FAILED ../publishablew/vision/vision/test/test_transforms.py::test_resize[37-27-29-35]
FAILED ../publishablew/vision/vision/test/test_transforms.py::test_resize[37-27-34-28]
FAILED ../publishablew/vision/vision/test/test_transforms.py::test_resize[37-27-35-29]
FAILED ../publishablew/vision/vision/test/test_transforms.py::test_resize[37-28-28-28]
FAILED ../publishablew/vision/vision/test/test_transforms.py::test_resize[37-28-27-27]
FAILED ../publishablew/vision/vision/test/test_transforms.py::test_resize[37-28-28-34]
FAILED ../publishablew/vision/vision/test/test_transforms.py::test_resize[37-28-29-35]
FAILED ../publishablew/vision/vision/test/test_transforms.py::test_resize[37-28-34-28]
FAILED ../publishablew/vision/vision/test/test_transforms.py::test_resize[37-28-35-29]
FAILED ../publishablew/vision/vision/test/test_transforms.py::test_resize[37-36-28-28]
FAILED ../publishablew/vision/vision/test/test_transforms.py::test_resize[37-36-27-27]
FAILED ../publishablew/vision/vision/test/test_transforms.py::test_resize[37-36-28-34]
FAILED ../publishablew/vision/vision/test/test_transforms.py::test_resize[37-36-29-35]
FAILED ../publishablew/vision/vision/test/test_transforms.py::test_resize[37-36-34-28]
FAILED ../publishablew/vision/vision/test/test_transforms.py::test_resize[37-36-35-29]
FAILED ../publishablew/vision/vision/test/test_transforms.py::test_resize[37-osize4-28-28]
FAILED ../publishablew/vision/vision/test/test_transforms.py::test_resize[37-osize4-27-27]
FAILED ../publishablew/vision/vision/test/test_transforms.py::test_resize[37-osize4-28-34]
FAILED ../publishablew/vision/vision/test/test_transforms.py::test_resize[37-osize4-29-35]
FAILED ../publishablew/vision/vision/test/test_transforms.py::test_resize[37-osize4-34-28]
FAILED ../publishablew/vision/vision/test/test_transforms.py::test_resize[37-osize4-35-29]
FAILED ../publishablew/vision/vision/test/test_transforms.py::test_resize[37-osize5-28-28]
FAILED ../publishablew/vision/vision/test/test_transforms.py::test_resize[37-osize5-27-27]
FAILED ../publishablew/vision/vision/test/test_transforms.py::test_resize[37-osize5-28-34]
FAILED ../publishablew/vision/vision/test/test_transforms.py::test_resize[37-osize5-29-35]
FAILED ../publishablew/vision/vision/test/test_transforms.py::test_resize[37-osize5-34-28]
FAILED ../publishablew/vision/vision/test/test_transforms.py::test_resize[37-osize5-35-29]
FAILED ../publishablew/vision/vision/test/test_transforms.py::test_resize[1000-22-28-28]
FAILED ../publishablew/vision/vision/test/test_transforms.py::test_resize[1000-22-27-27]
FAILED ../publishablew/vision/vision/test/test_transforms.py::test_resize[1000-22-28-34]
FAILED ../publishablew/vision/vision/test/test_transforms.py::test_resize[1000-22-29-35]
FAILED ../publishablew/vision/vision/test/test_transforms.py::test_resize[1000-22-34-28]
FAILED ../publishablew/vision/vision/test/test_transforms.py::test_resize[1000-22-35-29]
FAILED ../publishablew/vision/vision/test/test_transforms.py::test_resize[1000-27-28-28]
FAILED ../publishablew/vision/vision/test/test_transforms.py::test_resize[1000-27-27-27]
FAILED ../publishablew/vision/vision/test/test_transforms.py::test_resize[1000-27-28-34]
FAILED ../publishablew/vision/vision/test/test_transforms.py::test_resize[1000-27-29-35]
FAILED ../publishablew/vision/vision/test/test_transforms.py::test_resize[1000-27-34-28]
FAILED ../publishablew/vision/vision/test/test_transforms.py::test_resize[1000-27-35-29]
FAILED ../publishablew/vision/vision/test/test_transforms.py::test_resize[1000-28-28-28]
FAILED ../publishablew/vision/vision/test/test_transforms.py::test_resize[1000-28-27-27]
FAILED ../publishablew/vision/vision/test/test_transforms.py::test_resize[1000-28-28-34]
FAILED ../publishablew/vision/vision/test/test_transforms.py::test_resize[1000-28-29-35]
FAILED ../publishablew/vision/vision/test/test_transforms.py::test_resize[1000-28-34-28]
FAILED ../publishablew/vision/vision/test/test_transforms.py::test_resize[1000-28-35-29]
FAILED ../publishablew/vision/vision/test/test_transforms.py::test_resize[1000-36-28-28]
FAILED ../publishablew/vision/vision/test/test_transforms.py::test_resize[1000-36-27-27]
FAILED ../publishablew/vision/vision/test/test_transforms.py::test_resize[1000-36-28-34]
FAILED ../publishablew/vision/vision/test/test_transforms.py::test_resize[1000-36-29-35]
FAILED ../publishablew/vision/vision/test/test_transforms.py::test_resize[1000-36-34-28]
FAILED ../publishablew/vision/vision/test/test_transforms.py::test_resize[1000-36-35-29]
FAILED ../publishablew/vision/vision/test/test_transforms.py::test_resize[1000-osize4-28-28]
FAILED ../publishablew/vision/vision/test/test_transforms.py::test_resize[1000-osize4-27-27]
FAILED ../publishablew/vision/vision/test/test_transforms.py::test_resize[1000-osize4-28-34]
FAILED ../publishablew/vision/vision/test/test_transforms.py::test_resize[1000-osize4-29-35]
FAILED ../publishablew/vision/vision/test/test_transforms.py::test_resize[1000-osize4-34-28]
FAILED ../publishablew/vision/vision/test/test_transforms.py::test_resize[1000-osize4-35-29]
FAILED ../publishablew/vision/vision/test/test_transforms.py::test_resize[1000-osize5-28-28]
FAILED ../publishablew/vision/vision/test/test_transforms.py::test_resize[1000-osize5-27-27]
FAILED ../publishablew/vision/vision/test/test_transforms.py::test_resize[1000-osize5-28-34]
FAILED ../publishablew/vision/vision/test/test_transforms.py::test_resize[1000-osize5-29-35]
FAILED ../publishablew/vision/vision/test/test_transforms.py::test_resize[1000-osize5-34-28]
FAILED ../publishablew/vision/vision/test/test_transforms.py::test_resize[1000-osize5-35-29]
============================= 108 failed in 13.34s =============================


Final Test Result:
============================= test session starts ==============================
platform linux -- Python 3.11.10, pytest-8.3.4, pluggy-1.5.0 -- /local/data0/moved_data/publishablew/vision/vision/venv/bin/python
cachedir: .pytest_cache
rootdir: /local/data0/moved_data/publishablew/vision/vision
configfile: pytest.ini
plugins: mock-3.14.0
collecting ... collected 108 items

../publishablew/vision/vision/test/test_transforms.py::test_resize[None-22-28-28] PASSED
../publishablew/vision/vision/test/test_transforms.py::test_resize[None-22-27-27] PASSED
../publishablew/vision/vision/test/test_transforms.py::test_resize[None-22-28-34] PASSED
../publishablew/vision/vision/test/test_transforms.py::test_resize[None-22-29-35] PASSED
../publishablew/vision/vision/test/test_transforms.py::test_resize[None-22-34-28] PASSED
../publishablew/vision/vision/test/test_transforms.py::test_resize[None-22-35-29] PASSED
../publishablew/vision/vision/test/test_transforms.py::test_resize[None-27-28-28] PASSED
../publishablew/vision/vision/test/test_transforms.py::test_resize[None-27-27-27] PASSED
../publishablew/vision/vision/test/test_transforms.py::test_resize[None-27-28-34] PASSED
../publishablew/vision/vision/test/test_transforms.py::test_resize[None-27-29-35] PASSED
../publishablew/vision/vision/test/test_transforms.py::test_resize[None-27-34-28] PASSED
../publishablew/vision/vision/test/test_transforms.py::test_resize[None-27-35-29] PASSED
../publishablew/vision/vision/test/test_transforms.py::test_resize[None-28-28-28] PASSED
../publishablew/vision/vision/test/test_transforms.py::test_resize[None-28-27-27] PASSED
../publishablew/vision/vision/test/test_transforms.py::test_resize[None-28-28-34] PASSED
../publishablew/vision/vision/test/test_transforms.py::test_resize[None-28-29-35] PASSED
../publishablew/vision/vision/test/test_transforms.py::test_resize[None-28-34-28] PASSED
../publishablew/vision/vision/test/test_transforms.py::test_resize[None-28-35-29] PASSED
../publishablew/vision/vision/test/test_transforms.py::test_resize[None-36-28-28] PASSED
../publishablew/vision/vision/test/test_transforms.py::test_resize[None-36-27-27] PASSED
../publishablew/vision/vision/test/test_transforms.py::test_resize[None-36-28-34] PASSED
../publishablew/vision/vision/test/test_transforms.py::test_resize[None-36-29-35] PASSED
../publishablew/vision/vision/test/test_transforms.py::test_resize[None-36-34-28] PASSED
../publishablew/vision/vision/test/test_transforms.py::test_resize[None-36-35-29] PASSED
../publishablew/vision/vision/test/test_transforms.py::test_resize[None-osize4-28-28] PASSED
../publishablew/vision/vision/test/test_transforms.py::test_resize[None-osize4-27-27] PASSED
../publishablew/vision/vision/test/test_transforms.py::test_resize[None-osize4-28-34] PASSED
../publishablew/vision/vision/test/test_transforms.py::test_resize[None-osize4-29-35] PASSED
../publishablew/vision/vision/test/test_transforms.py::test_resize[None-osize4-34-28] PASSED
../publishablew/vision/vision/test/test_transforms.py::test_resize[None-osize4-35-29] PASSED
../publishablew/vision/vision/test/test_transforms.py::test_resize[None-osize5-28-28] PASSED
../publishablew/vision/vision/test/test_transforms.py::test_resize[None-osize5-27-27] PASSED
../publishablew/vision/vision/test/test_transforms.py::test_resize[None-osize5-28-34] PASSED
../publishablew/vision/vision/test/test_transforms.py::test_resize[None-osize5-29-35] PASSED
../publishablew/vision/vision/test/test_transforms.py::test_resize[None-osize5-34-28] PASSED
../publishablew/vision/vision/test/test_transforms.py::test_resize[None-osize5-35-29] PASSED
../publishablew/vision/vision/test/test_transforms.py::test_resize[37-22-28-28] PASSED
../publishablew/vision/vision/test/test_transforms.py::test_resize[37-22-27-27] PASSED
../publishablew/vision/vision/test/test_transforms.py::test_resize[37-22-28-34] PASSED
../publishablew/vision/vision/test/test_transforms.py::test_resize[37-22-29-35] PASSED
../publishablew/vision/vision/test/test_transforms.py::test_resize[37-22-34-28] PASSED
../publishablew/vision/vision/test/test_transforms.py::test_resize[37-22-35-29] PASSED
../publishablew/vision/vision/test/test_transforms.py::test_resize[37-27-28-28] PASSED
../publishablew/vision/vision/test/test_transforms.py::test_resize[37-27-27-27] PASSED
../publishablew/vision/vision/test/test_transforms.py::test_resize[37-27-28-34] PASSED
../publishablew/vision/vision/test/test_transforms.py::test_resize[37-27-29-35] PASSED
../publishablew/vision/vision/test/test_transforms.py::test_resize[37-27-34-28] PASSED
../publishablew/vision/vision/test/test_transforms.py::test_resize[37-27-35-29] PASSED
../publishablew/vision/vision/test/test_transforms.py::test_resize[37-28-28-28] PASSED
../publishablew/vision/vision/test/test_transforms.py::test_resize[37-28-27-27] PASSED
../publishablew/vision/vision/test/test_transforms.py::test_resize[37-28-28-34] PASSED
../publishablew/vision/vision/test/test_transforms.py::test_resize[37-28-29-35] PASSED
../publishablew/vision/vision/test/test_transforms.py::test_resize[37-28-34-28] PASSED
../publishablew/vision/vision/test/test_transforms.py::test_resize[37-28-35-29] PASSED
../publishablew/vision/vision/test/test_transforms.py::test_resize[37-36-28-28] PASSED
../publishablew/vision/vision/test/test_transforms.py::test_resize[37-36-27-27] PASSED
../publishablew/vision/vision/test/test_transforms.py::test_resize[37-36-28-34] PASSED
../publishablew/vision/vision/test/test_transforms.py::test_resize[37-36-29-35] PASSED
../publishablew/vision/vision/test/test_transforms.py::test_resize[37-36-34-28] PASSED
../publishablew/vision/vision/test/test_transforms.py::test_resize[37-36-35-29] PASSED
../publishablew/vision/vision/test/test_transforms.py::test_resize[37-osize4-28-28] PASSED
../publishablew/vision/vision/test/test_transforms.py::test_resize[37-osize4-27-27] PASSED
../publishablew/vision/vision/test/test_transforms.py::test_resize[37-osize4-28-34] PASSED
../publishablew/vision/vision/test/test_transforms.py::test_resize[37-osize4-29-35] PASSED
../publishablew/vision/vision/test/test_transforms.py::test_resize[37-osize4-34-28] PASSED
../publishablew/vision/vision/test/test_transforms.py::test_resize[37-osize4-35-29] PASSED
../publishablew/vision/vision/test/test_transforms.py::test_resize[37-osize5-28-28] PASSED
../publishablew/vision/vision/test/test_transforms.py::test_resize[37-osize5-27-27] PASSED
../publishablew/vision/vision/test/test_transforms.py::test_resize[37-osize5-28-34] PASSED
../publishablew/vision/vision/test/test_transforms.py::test_resize[37-osize5-29-35] PASSED
../publishablew/vision/vision/test/test_transforms.py::test_resize[37-osize5-34-28] PASSED
../publishablew/vision/vision/test/test_transforms.py::test_resize[37-osize5-35-29] PASSED
../publishablew/vision/vision/test/test_transforms.py::test_resize[1000-22-28-28] PASSED
../publishablew/vision/vision/test/test_transforms.py::test_resize[1000-22-27-27] PASSED
../publishablew/vision/vision/test/test_transforms.py::test_resize[1000-22-28-34] PASSED
../publishablew/vision/vision/test/test_transforms.py::test_resize[1000-22-29-35] PASSED
../publishablew/vision/vision/test/test_transforms.py::test_resize[1000-22-34-28] PASSED
../publishablew/vision/vision/test/test_transforms.py::test_resize[1000-22-35-29] PASSED
../publishablew/vision/vision/test/test_transforms.py::test_resize[1000-27-28-28] PASSED
../publishablew/vision/vision/test/test_transforms.py::test_resize[1000-27-27-27] PASSED
../publishablew/vision/vision/test/test_transforms.py::test_resize[1000-27-28-34] PASSED
../publishablew/vision/vision/test/test_transforms.py::test_resize[1000-27-29-35] PASSED
../publishablew/vision/vision/test/test_transforms.py::test_resize[1000-27-34-28] PASSED
../publishablew/vision/vision/test/test_transforms.py::test_resize[1000-27-35-29] PASSED
../publishablew/vision/vision/test/test_transforms.py::test_resize[1000-28-28-28] PASSED
../publishablew/vision/vision/test/test_transforms.py::test_resize[1000-28-27-27] PASSED
../publishablew/vision/vision/test/test_transforms.py::test_resize[1000-28-28-34] PASSED
../publishablew/vision/vision/test/test_transforms.py::test_resize[1000-28-29-35] PASSED
../publishablew/vision/vision/test/test_transforms.py::test_resize[1000-28-34-28] PASSED
../publishablew/vision/vision/test/test_transforms.py::test_resize[1000-28-35-29] PASSED
../publishablew/vision/vision/test/test_transforms.py::test_resize[1000-36-28-28] PASSED
../publishablew/vision/vision/test/test_transforms.py::test_resize[1000-36-27-27] PASSED
../publishablew/vision/vision/test/test_transforms.py::test_resize[1000-36-28-34] PASSED
../publishablew/vision/vision/test/test_transforms.py::test_resize[1000-36-29-35] PASSED
../publishablew/vision/vision/test/test_transforms.py::test_resize[1000-36-34-28] PASSED
../publishablew/vision/vision/test/test_transforms.py::test_resize[1000-36-35-29] PASSED
../publishablew/vision/vision/test/test_transforms.py::test_resize[1000-osize4-28-28] PASSED
../publishablew/vision/vision/test/test_transforms.py::test_resize[1000-osize4-27-27] PASSED
../publishablew/vision/vision/test/test_transforms.py::test_resize[1000-osize4-28-34] PASSED
../publishablew/vision/vision/test/test_transforms.py::test_resize[1000-osize4-29-35] PASSED
../publishablew/vision/vision/test/test_transforms.py::test_resize[1000-osize4-34-28] PASSED
../publishablew/vision/vision/test/test_transforms.py::test_resize[1000-osize4-35-29] PASSED
../publishablew/vision/vision/test/test_transforms.py::test_resize[1000-osize5-28-28] PASSED
../publishablew/vision/vision/test/test_transforms.py::test_resize[1000-osize5-27-27] PASSED
../publishablew/vision/vision/test/test_transforms.py::test_resize[1000-osize5-28-34] PASSED
../publishablew/vision/vision/test/test_transforms.py::test_resize[1000-osize5-29-35] PASSED
../publishablew/vision/vision/test/test_transforms.py::test_resize[1000-osize5-34-28] PASSED
../publishablew/vision/vision/test/test_transforms.py::test_resize[1000-osize5-35-29] PASSED

============================= 108 passed in 0.67s ==============================


Initial Result:
============================= test session starts ==============================
platform linux -- Python 3.11.10, pytest-8.3.4, pluggy-1.5.0 -- /local/data0/moved_data/publishablew/vision/vision/venv/bin/python
cachedir: .pytest_cache
rootdir: /local/data0/moved_data/publishablew/vision/vision
configfile: pytest.ini
plugins: mock-3.14.0
collecting ... collected 108 items

../publishablew/vision/vision/test/test_transforms.py::test_resize[None-22-28-28] PASSED
../publishablew/vision/vision/test/test_transforms.py::test_resize[None-22-27-27] PASSED
../publishablew/vision/vision/test/test_transforms.py::test_resize[None-22-28-34] PASSED
../publishablew/vision/vision/test/test_transforms.py::test_resize[None-22-29-35] PASSED
../publishablew/vision/vision/test/test_transforms.py::test_resize[None-22-34-28] PASSED
../publishablew/vision/vision/test/test_transforms.py::test_resize[None-22-35-29] PASSED
../publishablew/vision/vision/test/test_transforms.py::test_resize[None-27-28-28] PASSED
../publishablew/vision/vision/test/test_transforms.py::test_resize[None-27-27-27] PASSED
../publishablew/vision/vision/test/test_transforms.py::test_resize[None-27-28-34] PASSED
../publishablew/vision/vision/test/test_transforms.py::test_resize[None-27-29-35] PASSED
../publishablew/vision/vision/test/test_transforms.py::test_resize[None-27-34-28] PASSED
../publishablew/vision/vision/test/test_transforms.py::test_resize[None-27-35-29] PASSED
../publishablew/vision/vision/test/test_transforms.py::test_resize[None-28-28-28] PASSED
../publishablew/vision/vision/test/test_transforms.py::test_resize[None-28-27-27] PASSED
../publishablew/vision/vision/test/test_transforms.py::test_resize[None-28-28-34] PASSED
../publishablew/vision/vision/test/test_transforms.py::test_resize[None-28-29-35] PASSED
../publishablew/vision/vision/test/test_transforms.py::test_resize[None-28-34-28] PASSED
../publishablew/vision/vision/test/test_transforms.py::test_resize[None-28-35-29] PASSED
../publishablew/vision/vision/test/test_transforms.py::test_resize[None-36-28-28] PASSED
../publishablew/vision/vision/test/test_transforms.py::test_resize[None-36-27-27] PASSED
../publishablew/vision/vision/test/test_transforms.py::test_resize[None-36-28-34] PASSED
../publishablew/vision/vision/test/test_transforms.py::test_resize[None-36-29-35] PASSED
../publishablew/vision/vision/test/test_transforms.py::test_resize[None-36-34-28] PASSED
../publishablew/vision/vision/test/test_transforms.py::test_resize[None-36-35-29] PASSED
../publishablew/vision/vision/test/test_transforms.py::test_resize[None-osize4-28-28] PASSED
../publishablew/vision/vision/test/test_transforms.py::test_resize[None-osize4-27-27] PASSED
../publishablew/vision/vision/test/test_transforms.py::test_resize[None-osize4-28-34] PASSED
../publishablew/vision/vision/test/test_transforms.py::test_resize[None-osize4-29-35] PASSED
../publishablew/vision/vision/test/test_transforms.py::test_resize[None-osize4-34-28] PASSED
../publishablew/vision/vision/test/test_transforms.py::test_resize[None-osize4-35-29] PASSED
../publishablew/vision/vision/test/test_transforms.py::test_resize[None-osize5-28-28] PASSED
../publishablew/vision/vision/test/test_transforms.py::test_resize[None-osize5-27-27] PASSED
../publishablew/vision/vision/test/test_transforms.py::test_resize[None-osize5-28-34] PASSED
../publishablew/vision/vision/test/test_transforms.py::test_resize[None-osize5-29-35] PASSED
../publishablew/vision/vision/test/test_transforms.py::test_resize[None-osize5-34-28] PASSED
../publishablew/vision/vision/test/test_transforms.py::test_resize[None-osize5-35-29] PASSED
../publishablew/vision/vision/test/test_transforms.py::test_resize[37-22-28-28] PASSED
../publishablew/vision/vision/test/test_transforms.py::test_resize[37-22-27-27] PASSED
../publishablew/vision/vision/test/test_transforms.py::test_resize[37-22-28-34] PASSED
../publishablew/vision/vision/test/test_transforms.py::test_resize[37-22-29-35] PASSED
../publishablew/vision/vision/test/test_transforms.py::test_resize[37-22-34-28] PASSED
../publishablew/vision/vision/test/test_transforms.py::test_resize[37-22-35-29] PASSED
../publishablew/vision/vision/test/test_transforms.py::test_resize[37-27-28-28] PASSED
../publishablew/vision/vision/test/test_transforms.py::test_resize[37-27-27-27] PASSED
../publishablew/vision/vision/test/test_transforms.py::test_resize[37-27-28-34] PASSED
../publishablew/vision/vision/test/test_transforms.py::test_resize[37-27-29-35] PASSED
../publishablew/vision/vision/test/test_transforms.py::test_resize[37-27-34-28] PASSED
../publishablew/vision/vision/test/test_transforms.py::test_resize[37-27-35-29] PASSED
../publishablew/vision/vision/test/test_transforms.py::test_resize[37-28-28-28] PASSED
../publishablew/vision/vision/test/test_transforms.py::test_resize[37-28-27-27] PASSED
../publishablew/vision/vision/test/test_transforms.py::test_resize[37-28-28-34] PASSED
../publishablew/vision/vision/test/test_transforms.py::test_resize[37-28-29-35] PASSED
../publishablew/vision/vision/test/test_transforms.py::test_resize[37-28-34-28] PASSED
../publishablew/vision/vision/test/test_transforms.py::test_resize[37-28-35-29] PASSED
../publishablew/vision/vision/test/test_transforms.py::test_resize[37-36-28-28] PASSED
../publishablew/vision/vision/test/test_transforms.py::test_resize[37-36-27-27] PASSED
../publishablew/vision/vision/test/test_transforms.py::test_resize[37-36-28-34] PASSED
../publishablew/vision/vision/test/test_transforms.py::test_resize[37-36-29-35] PASSED
../publishablew/vision/vision/test/test_transforms.py::test_resize[37-36-34-28] PASSED
../publishablew/vision/vision/test/test_transforms.py::test_resize[37-36-35-29] PASSED
../publishablew/vision/vision/test/test_transforms.py::test_resize[37-osize4-28-28] PASSED
../publishablew/vision/vision/test/test_transforms.py::test_resize[37-osize4-27-27] PASSED
../publishablew/vision/vision/test/test_transforms.py::test_resize[37-osize4-28-34] PASSED
../publishablew/vision/vision/test/test_transforms.py::test_resize[37-osize4-29-35] PASSED
../publishablew/vision/vision/test/test_transforms.py::test_resize[37-osize4-34-28] PASSED
../publishablew/vision/vision/test/test_transforms.py::test_resize[37-osize4-35-29] PASSED
../publishablew/vision/vision/test/test_transforms.py::test_resize[37-osize5-28-28] PASSED
../publishablew/vision/vision/test/test_transforms.py::test_resize[37-osize5-27-27] PASSED
../publishablew/vision/vision/test/test_transforms.py::test_resize[37-osize5-28-34] PASSED
../publishablew/vision/vision/test/test_transforms.py::test_resize[37-osize5-29-35] PASSED
../publishablew/vision/vision/test/test_transforms.py::test_resize[37-osize5-34-28] PASSED
../publishablew/vision/vision/test/test_transforms.py::test_resize[37-osize5-35-29] PASSED
../publishablew/vision/vision/test/test_transforms.py::test_resize[1000-22-28-28] PASSED
../publishablew/vision/vision/test/test_transforms.py::test_resize[1000-22-27-27] PASSED
../publishablew/vision/vision/test/test_transforms.py::test_resize[1000-22-28-34] PASSED
../publishablew/vision/vision/test/test_transforms.py::test_resize[1000-22-29-35] PASSED
../publishablew/vision/vision/test/test_transforms.py::test_resize[1000-22-34-28] PASSED
../publishablew/vision/vision/test/test_transforms.py::test_resize[1000-22-35-29] PASSED
../publishablew/vision/vision/test/test_transforms.py::test_resize[1000-27-28-28] PASSED
../publishablew/vision/vision/test/test_transforms.py::test_resize[1000-27-27-27] PASSED
../publishablew/vision/vision/test/test_transforms.py::test_resize[1000-27-28-34] PASSED
../publishablew/vision/vision/test/test_transforms.py::test_resize[1000-27-29-35] PASSED
../publishablew/vision/vision/test/test_transforms.py::test_resize[1000-27-34-28] PASSED
../publishablew/vision/vision/test/test_transforms.py::test_resize[1000-27-35-29] PASSED
../publishablew/vision/vision/test/test_transforms.py::test_resize[1000-28-28-28] PASSED
../publishablew/vision/vision/test/test_transforms.py::test_resize[1000-28-27-27] PASSED
../publishablew/vision/vision/test/test_transforms.py::test_resize[1000-28-28-34] PASSED
../publishablew/vision/vision/test/test_transforms.py::test_resize[1000-28-29-35] PASSED
../publishablew/vision/vision/test/test_transforms.py::test_resize[1000-28-34-28] PASSED
../publishablew/vision/vision/test/test_transforms.py::test_resize[1000-28-35-29] PASSED
../publishablew/vision/vision/test/test_transforms.py::test_resize[1000-36-28-28] PASSED
../publishablew/vision/vision/test/test_transforms.py::test_resize[1000-36-27-27] PASSED
../publishablew/vision/vision/test/test_transforms.py::test_resize[1000-36-28-34] PASSED
../publishablew/vision/vision/test/test_transforms.py::test_resize[1000-36-29-35] PASSED
../publishablew/vision/vision/test/test_transforms.py::test_resize[1000-36-34-28] PASSED
../publishablew/vision/vision/test/test_transforms.py::test_resize[1000-36-35-29] PASSED
../publishablew/vision/vision/test/test_transforms.py::test_resize[1000-osize4-28-28] PASSED
../publishablew/vision/vision/test/test_transforms.py::test_resize[1000-osize4-27-27] PASSED
../publishablew/vision/vision/test/test_transforms.py::test_resize[1000-osize4-28-34] PASSED
../publishablew/vision/vision/test/test_transforms.py::test_resize[1000-osize4-29-35] PASSED
../publishablew/vision/vision/test/test_transforms.py::test_resize[1000-osize4-34-28] PASSED
../publishablew/vision/vision/test/test_transforms.py::test_resize[1000-osize4-35-29] PASSED
../publishablew/vision/vision/test/test_transforms.py::test_resize[1000-osize5-28-28] PASSED
../publishablew/vision/vision/test/test_transforms.py::test_resize[1000-osize5-27-27] PASSED
../publishablew/vision/vision/test/test_transforms.py::test_resize[1000-osize5-28-34] PASSED
../publishablew/vision/vision/test/test_transforms.py::test_resize[1000-osize5-29-35] PASSED
../publishablew/vision/vision/test/test_transforms.py::test_resize[1000-osize5-34-28] PASSED
../publishablew/vision/vision/test/test_transforms.py::test_resize[1000-osize5-35-29] PASSED

============================= 108 passed in 0.40s ==============================
