output file:
processed_cleanlabcompute_pyx227.json
function:
compute_pyx
Error Cases:

Pass or Failed: 0

Related Failed Test Cases:
{'../publishablew/cleanlab/cleanlab/tests/test_latent_algebra.py::test_pyx FAILED', 'FAILED ../publishablew/cleanlab/cleanlab/tests/test_latent_algebra.py::test_pyx'}

All Test Cases On Generated code:
============================= test session starts ==============================
platform linux -- Python 3.11.10, pytest-8.3.4, pluggy-1.5.0 -- /local/data0/moved_data/publishablew/cleanlab/cleanlab/venv/bin/python
cachedir: .pytest_cache
rootdir: /local/data0/moved_data/publishablew/cleanlab/cleanlab
configfile: pyproject.toml
collecting ... collected 10 items

../publishablew/cleanlab/cleanlab/tests/test_latent_algebra.py::test_latent_py_ps_inv PASSED
../publishablew/cleanlab/cleanlab/tests/test_latent_algebra.py::test_latent_inv PASSED
../publishablew/cleanlab/cleanlab/tests/test_latent_algebra.py::test_latent_nm PASSED
../publishablew/cleanlab/cleanlab/tests/test_latent_algebra.py::test_latent_py PASSED
../publishablew/cleanlab/cleanlab/tests/test_latent_algebra.py::test_latent_py_warning PASSED
../publishablew/cleanlab/cleanlab/tests/test_latent_algebra.py::test_compute_py_err PASSED
../publishablew/cleanlab/cleanlab/tests/test_latent_algebra.py::test_compute_py_marginal_ps PASSED
../publishablew/cleanlab/cleanlab/tests/test_latent_algebra.py::test_pyx FAILED
../publishablew/cleanlab/cleanlab/tests/test_latent_algebra.py::test_pyx_error PASSED
../publishablew/cleanlab/cleanlab/tests/test_latent_algebra.py::test_compute_py_method_marginal_true_labels_class_counts_none_error PASSED

=================================== FAILURES ===================================
___________________________________ test_pyx ___________________________________

    def test_pyx():
        pred_probs = np.array(
            [
                [0.1, 0.3, 0.6],
                [0.1, 0.0, 0.9],
                [0.1, 0.0, 0.9],
                [1.0, 0.0, 0.0],
                [0.1, 0.8, 0.1],
            ]
        )
        ps, py, inv = get_latent_py_ps_inv()
        pyx = latent_algebra.compute_pyx(pred_probs, nm, inv)
>       assert np.all(np.sum(pyx, axis=1) - 1 < 1e-4)
E       assert False
E        +  where False = <function all at 0x720c9be0b4b0>((array([1.54999856, 2.29999568, 2.29999568, 0.5       , 0.30000336]) - 1) < 0.0001)
E        +    where <function all at 0x720c9be0b4b0> = np.all
E        +    and   array([1.54999856, 2.29999568, 2.29999568, 0.5       , 0.30000336]) = <function sum at 0x720c9be0b130>(array([[0.35      , 0.59999874, 0.59999982],\n       [0.5       , 0.89999622, 0.89999946],\n       [0.5       , 0.89999622, 0.89999946],\n       [0.5       , 0.        , 0.        ],\n       [0.1       , 0.10000294, 0.10000042]]), axis=1)
E        +      where <function sum at 0x720c9be0b130> = np.sum

../publishablew/cleanlab/cleanlab/tests/test_latent_algebra.py:118: AssertionError
=========================== short test summary info ============================
FAILED ../publishablew/cleanlab/cleanlab/tests/test_latent_algebra.py::test_pyx
========================= 1 failed, 9 passed in 0.71s ==========================


Final Test Result:
============================= test session starts ==============================
platform linux -- Python 3.11.10, pytest-8.3.4, pluggy-1.5.0 -- /local/data0/moved_data/publishablew/cleanlab/cleanlab/venv/bin/python
cachedir: .pytest_cache
rootdir: /local/data0/moved_data/publishablew/cleanlab/cleanlab
configfile: pyproject.toml
collecting ... collected 10 items

../publishablew/cleanlab/cleanlab/tests/test_latent_algebra.py::test_latent_py_ps_inv PASSED
../publishablew/cleanlab/cleanlab/tests/test_latent_algebra.py::test_latent_inv PASSED
../publishablew/cleanlab/cleanlab/tests/test_latent_algebra.py::test_latent_nm PASSED
../publishablew/cleanlab/cleanlab/tests/test_latent_algebra.py::test_latent_py PASSED
../publishablew/cleanlab/cleanlab/tests/test_latent_algebra.py::test_latent_py_warning PASSED
../publishablew/cleanlab/cleanlab/tests/test_latent_algebra.py::test_compute_py_err PASSED
../publishablew/cleanlab/cleanlab/tests/test_latent_algebra.py::test_compute_py_marginal_ps PASSED
../publishablew/cleanlab/cleanlab/tests/test_latent_algebra.py::test_pyx PASSED
../publishablew/cleanlab/cleanlab/tests/test_latent_algebra.py::test_pyx_error PASSED
../publishablew/cleanlab/cleanlab/tests/test_latent_algebra.py::test_compute_py_method_marginal_true_labels_class_counts_none_error PASSED

============================== 10 passed in 0.56s ==============================


Initial Result:
============================= test session starts ==============================
platform linux -- Python 3.11.10, pytest-8.3.4, pluggy-1.5.0 -- /local/data0/moved_data/publishablew/cleanlab/cleanlab/venv/bin/python
cachedir: .pytest_cache
rootdir: /local/data0/moved_data/publishablew/cleanlab/cleanlab
configfile: pyproject.toml
collecting ... collected 10 items

../publishablew/cleanlab/cleanlab/tests/test_latent_algebra.py::test_latent_py_ps_inv PASSED
../publishablew/cleanlab/cleanlab/tests/test_latent_algebra.py::test_latent_inv PASSED
../publishablew/cleanlab/cleanlab/tests/test_latent_algebra.py::test_latent_nm PASSED
../publishablew/cleanlab/cleanlab/tests/test_latent_algebra.py::test_latent_py PASSED
../publishablew/cleanlab/cleanlab/tests/test_latent_algebra.py::test_latent_py_warning PASSED
../publishablew/cleanlab/cleanlab/tests/test_latent_algebra.py::test_compute_py_err PASSED
../publishablew/cleanlab/cleanlab/tests/test_latent_algebra.py::test_compute_py_marginal_ps PASSED
../publishablew/cleanlab/cleanlab/tests/test_latent_algebra.py::test_pyx PASSED
../publishablew/cleanlab/cleanlab/tests/test_latent_algebra.py::test_pyx_error PASSED
../publishablew/cleanlab/cleanlab/tests/test_latent_algebra.py::test_compute_py_method_marginal_true_labels_class_counts_none_error PASSED

============================== 10 passed in 0.55s ==============================
