output file:
processed_classes-vision__call__3.json
function:
__call__
Error Cases:

Pass or Failed: 0

Related Failed Test Cases:
{'FAILED ../publishablew/vision/vision/test/test_transforms.py::TestToPil::test_1_channel_tensor_to_pil_image[img_data3-expected_output3-I-False]', 'FAILED ../publishablew/vision/vision/test/test_transforms.py::TestToPil::test_1_channel_ndarray_to_pil_image[img_data2-I;16-True]', '../publishablew/vision/vision/test/test_transforms.py::TestToPil::test_3_channel_ndarray_to_pil_image[YCbCr] FAILED [ 78%]', '../publishablew/vision/vision/test/test_transforms.py::TestToPil::test_4_channel_ndarray_to_pil_image_error FAILED [ 96%]', 'FAILED ../publishablew/vision/vision/test/test_transforms.py::TestToPil::test_1_channel_float_tensor_to_pil_image', 'FAILED ../publishablew/vision/vision/test/test_transforms.py::TestToPil::test_1_channel_ndarray_to_pil_image[img_data0-L-False]', 'FAILED ../publishablew/vision/vision/test/test_transforms.py::TestToPil::test_3_channel_tensor_to_pil_image[RGB]', '../publishablew/vision/vision/test/test_transforms.py::TestToPil::test_2d_ndarray_to_pil_image[img_data0-L-False] FAILED [ 52%]', '../publishablew/vision/vision/test/test_transforms.py::TestToPil::test_2d_tensor_to_pil_image[img_data2-expected_output2-I;16-True] FAILED [ 47%]', 'FAILED ../publishablew/vision/vision/test/test_transforms.py::TestToPil::test_1_channel_ndarray_to_pil_image[img_data3-I-True]', 'FAILED ../publishablew/vision/vision/test/test_transforms.py::TestToPil::test_2d_ndarray_to_pil_image[img_data2-I;16-False]', 'FAILED ../publishablew/vision/vision/test/test_transforms.py::TestToPil::test_1_channel_ndarray_to_pil_image[img_data1-L-False]', 'FAILED ../publishablew/vision/vision/test/test_transforms.py::TestToPil::test_4_channel_tensor_to_pil_image_error', '../publishablew/vision/vision/test/test_transforms.py::TestToPil::test_1_channel_ndarray_to_pil_image[img_data2-I;16-False] FAILED [ 22%]', '../publishablew/vision/vision/test/test_transforms.py::TestToPil::test_3_channel_tensor_to_pil_image_error FAILED [ 72%]', '../publishablew/vision/vision/test/test_transforms.py::TestToPil::test_3_channel_tensor_to_pil_image[HSV] FAILED [ 68%]', 'FAILED ../publishablew/vision/vision/test/test_transforms.py::TestToPil::test_2d_tensor_to_pil_image[img_data1-expected_output1-L-False]', 'FAILED ../publishablew/vision/vision/test/test_transforms.py::TestToPil::test_2d_ndarray_to_pil_image[img_data0-L-True]', '../publishablew/vision/vision/test/test_transforms.py::TestToPil::test_1_channel_ndarray_to_pil_image[img_data3-I-True] FAILED [ 27%]', 'FAILED ../publishablew/vision/vision/test/test_transforms.py::TestToPil::test_2_channel_ndarray_to_pil_image[LA]', 'FAILED ../publishablew/vision/vision/test/test_transforms.py::TestToPil::test_2d_ndarray_to_pil_image[img_data1-L-True]', 'FAILED ../publishablew/vision/vision/test/test_transforms.py::TestToPil::test_3_channel_ndarray_to_pil_image[YCbCr]', 'FAILED ../publishablew/vision/vision/test/test_transforms.py::TestToPil::test_1_channel_tensor_to_pil_image[img_data2-expected_output2-I;16-False]', '../publishablew/vision/vision/test/test_transforms.py::TestToPil::test_4_channel_ndarray_to_pil_image[RGBA] FAILED [ 91%]', '../publishablew/vision/vision/test/test_transforms.py::TestToPil::test_2d_ndarray_to_pil_image[img_data0-L-True] FAILED [ 54%]', 'FAILED ../publishablew/vision/vision/test/test_transforms.py::TestToPil::test_2d_tensor_to_pil_image[img_data3-expected_output3-I-False]', '../publishablew/vision/vision/test/test_transforms.py::TestToPil::test_1_channel_tensor_to_pil_image[img_data2-expected_output2-I;16-False] FAILED [  8%]', '../publishablew/vision/vision/test/test_transforms.py::TestToPil::test_2d_tensor_to_pil_image[img_data1-expected_output1-L-True] FAILED [ 44%]', '../publishablew/vision/vision/test/test_transforms.py::TestToPil::test_2d_ndarray_to_pil_image[img_data1-L-True] FAILED [ 57%]', 'FAILED ../publishablew/vision/vision/test/test_transforms.py::TestToPil::test_3_channel_tensor_to_pil_image[HSV]', 'FAILED ../publishablew/vision/vision/test/test_transforms.py::TestToPil::test_3_channel_ndarray_to_pil_image[RGB]', '../publishablew/vision/vision/test/test_transforms.py::TestToPil::test_2d_tensor_to_pil_image[img_data3-expected_output3-I-True] FAILED [ 50%]', '../publishablew/vision/vision/test/test_transforms.py::TestToPil::test_3_channel_ndarray_to_pil_image[RGB] FAILED [ 75%]', '../publishablew/vision/vision/test/test_transforms.py::TestToPil::test_1_channel_ndarray_to_pil_image[img_data1-L-True] FAILED [ 21%]', 'FAILED ../publishablew/vision/vision/test/test_transforms.py::TestToPil::test_3_channel_tensor_to_pil_image[None]', 'FAILED ../publishablew/vision/vision/test/test_transforms.py::TestToPil::test_ndarray_bad_types_to_pil_image', '../publishablew/vision/vision/test/test_transforms.py::TestToPil::test_ndarray_bad_types_to_pil_image FAILED [ 98%]', 'FAILED ../publishablew/vision/vision/test/test_transforms.py::TestToPil::test_2d_tensor_to_pil_image[img_data2-expected_output2-I;16-False]', '../publishablew/vision/vision/test/test_transforms.py::TestToPil::test_3_channel_tensor_to_pil_image[RGB] FAILED [ 67%]', 'FAILED ../publishablew/vision/vision/test/test_transforms.py::TestToPil::test_2d_ndarray_to_pil_image[img_data3-I-False]', 'FAILED ../publishablew/vision/vision/test/test_transforms.py::TestToPil::test_3_channel_ndarray_to_pil_image[None]', 'FAILED ../publishablew/vision/vision/test/test_transforms.py::TestToPil::test_4_channel_tensor_to_pil_image[RGBX]', '../publishablew/vision/vision/test/test_transforms.py::TestToPil::test_2_channel_ndarray_to_pil_image_error FAILED [ 32%]', '../publishablew/vision/vision/test/test_transforms.py::TestToPil::test_3_channel_tensor_to_pil_image[YCbCr] FAILED [ 70%]', '../publishablew/vision/vision/test/test_transforms.py::TestToPil::test_1_channel_ndarray_to_pil_image[img_data0-L-True] FAILED [ 18%]', 'FAILED ../publishablew/vision/vision/test/test_transforms.py::TestToPil::test_4_channel_tensor_to_pil_image[None]', '../publishablew/vision/vision/test/test_transforms.py::TestToPil::test_2d_ndarray_to_pil_image[img_data3-I-True] FAILED [ 63%]', '../publishablew/vision/vision/test/test_transforms.py::TestToPil::test_1_channel_ndarray_to_pil_image[img_data0-L-False] FAILED [ 16%]', '../publishablew/vision/vision/test/test_transforms.py::TestToPil::test_2d_tensor_to_pil_image[img_data0-expected_output0-L-False] FAILED [ 39%]', '../publishablew/vision/vision/test/test_transforms.py::TestToPil::test_1_channel_tensor_to_pil_image[img_data0-expected_output0-L-False] FAILED [  1%]', '../publishablew/vision/vision/test/test_transforms.py::TestToPil::test_1_channel_tensor_to_pil_image[img_data3-expected_output3-I-False] FAILED [ 11%]', 'FAILED ../publishablew/vision/vision/test/test_transforms.py::TestToPil::test_2_channel_ndarray_to_pil_image_error', '../publishablew/vision/vision/test/test_transforms.py::TestToPil::test_1_channel_tensor_to_pil_image[img_data0-expected_output0-L-True] FAILED [  3%]', '../publishablew/vision/vision/test/test_transforms.py::TestToPil::test_1_channel_tensor_to_pil_image[img_data1-expected_output1-L-True] FAILED [  6%]', 'FAILED ../publishablew/vision/vision/test/test_transforms.py::TestToPil::test_1_channel_tensor_to_pil_image[img_data2-expected_output2-I;16-True]', 'FAILED ../publishablew/vision/vision/test/test_transforms.py::TestToPil::test_2d_tensor_to_pil_image[img_data0-expected_output0-L-True]', 'FAILED ../publishablew/vision/vision/test/test_transforms.py::TestToPil::test_4_channel_ndarray_to_pil_image[RGBA]', '../publishablew/vision/vision/test/test_transforms.py::TestToPil::test_1_channel_float_tensor_to_pil_image FAILED [ 14%]', 'FAILED ../publishablew/vision/vision/test/test_transforms.py::TestToPil::test_2d_tensor_to_pil_image[img_data0-expected_output0-L-False]', 'FAILED ../publishablew/vision/vision/test/test_transforms.py::TestToPil::test_2d_tensor_to_pil_image[img_data2-expected_output2-I;16-True]', '../publishablew/vision/vision/test/test_transforms.py::TestToPil::test_1_channel_tensor_to_pil_image[img_data1-expected_output1-L-False] FAILED [  4%]', 'FAILED ../publishablew/vision/vision/test/test_transforms.py::TestToPil::test_4_channel_tensor_to_pil_image[CMYK]', '../publishablew/vision/vision/test/test_transforms.py::TestToPil::test_2d_ndarray_to_pil_image[img_data2-I;16-False] FAILED [ 59%]', 'FAILED ../publishablew/vision/vision/test/test_transforms.py::TestToPil::test_3_channel_tensor_to_pil_image[YCbCr]', 'FAILED ../publishablew/vision/vision/test/test_transforms.py::TestToPil::test_3_channel_ndarray_to_pil_image[HSV]', 'FAILED ../publishablew/vision/vision/test/test_transforms.py::TestToPil::test_1_channel_ndarray_to_pil_image[img_data0-L-True]', 'FAILED ../publishablew/vision/vision/test/test_transforms.py::TestToPil::test_2d_ndarray_to_pil_image[img_data2-I;16-True]', '../publishablew/vision/vision/test/test_transforms.py::TestToPil::test_tensor_bad_types_to_pil_image FAILED [100%]', '../publishablew/vision/vision/test/test_transforms.py::TestToPil::test_4_channel_tensor_to_pil_image[RGBA] FAILED [ 83%]', '../publishablew/vision/vision/test/test_transforms.py::TestToPil::test_2_channel_tensor_to_pil_image_error FAILED [ 37%]', 'FAILED ../publishablew/vision/vision/test/test_transforms.py::TestToPil::test_3_channel_ndarray_to_pil_image_error', '../publishablew/vision/vision/test/test_transforms.py::TestToPil::test_4_channel_tensor_to_pil_image_error FAILED [ 88%]', '../publishablew/vision/vision/test/test_transforms.py::TestToPil::test_4_channel_tensor_to_pil_image[RGBX] FAILED [ 86%]', '../publishablew/vision/vision/test/test_transforms.py::TestToPil::test_2_channel_tensor_to_pil_image[None] FAILED [ 34%]', '../publishablew/vision/vision/test/test_transforms.py::TestToPil::test_2d_tensor_to_pil_image[img_data2-expected_output2-I;16-False] FAILED [ 45%]', '../publishablew/vision/vision/test/test_transforms.py::TestToPil::test_2_channel_ndarray_to_pil_image[LA] FAILED [ 31%]', 'FAILED ../publishablew/vision/vision/test/test_transforms.py::TestToPil::test_4_channel_ndarray_to_pil_image[RGBX]', 'FAILED ../publishablew/vision/vision/test/test_transforms.py::TestToPil::test_2d_ndarray_to_pil_image[img_data1-L-False]', '../publishablew/vision/vision/test/test_transforms.py::TestToPil::test_2d_tensor_to_pil_image[img_data3-expected_output3-I-False] FAILED [ 49%]', 'FAILED ../publishablew/vision/vision/test/test_transforms.py::TestToPil::test_4_channel_ndarray_to_pil_image[CMYK]', '../publishablew/vision/vision/test/test_transforms.py::TestToPil::test_4_channel_ndarray_to_pil_image[None] FAILED [ 90%]', 'FAILED ../publishablew/vision/vision/test/test_transforms.py::TestToPil::test_4_channel_ndarray_to_pil_image[None]', '../publishablew/vision/vision/test/test_transforms.py::TestToPil::test_1_channel_ndarray_to_pil_image[img_data3-I-False] FAILED [ 26%]', '../publishablew/vision/vision/test/test_transforms.py::TestToPil::test_3_channel_ndarray_to_pil_image_error FAILED [ 80%]', '../publishablew/vision/vision/test/test_transforms.py::TestToPil::test_4_channel_tensor_to_pil_image[CMYK] FAILED [ 85%]', '../publishablew/vision/vision/test/test_transforms.py::TestToPil::test_1_channel_tensor_to_pil_image[img_data3-expected_output3-I-True] FAILED [ 13%]', '../publishablew/vision/vision/test/test_transforms.py::TestToPil::test_3_channel_ndarray_to_pil_image[HSV] FAILED [ 77%]', '../publishablew/vision/vision/test/test_transforms.py::TestToPil::test_4_channel_tensor_to_pil_image[None] FAILED [ 81%]', 'FAILED ../publishablew/vision/vision/test/test_transforms.py::TestToPil::test_2d_tensor_to_pil_image[img_data1-expected_output1-L-True]', 'FAILED ../publishablew/vision/vision/test/test_transforms.py::TestToPil::test_1_channel_tensor_to_pil_image[img_data3-expected_output3-I-True]', 'FAILED ../publishablew/vision/vision/test/test_transforms.py::TestToPil::test_3_channel_tensor_to_pil_image_error', '../publishablew/vision/vision/test/test_transforms.py::TestToPil::test_2_channel_tensor_to_pil_image[LA] FAILED [ 36%]', 'FAILED ../publishablew/vision/vision/test/test_transforms.py::TestToPil::test_4_channel_tensor_to_pil_image[RGBA]', '../publishablew/vision/vision/test/test_transforms.py::TestToPil::test_3_channel_tensor_to_pil_image[None] FAILED [ 65%]', 'FAILED ../publishablew/vision/vision/test/test_transforms.py::TestToPil::test_1_channel_ndarray_to_pil_image[img_data2-I;16-False]', '../publishablew/vision/vision/test/test_transforms.py::TestToPil::test_2d_ndarray_to_pil_image[img_data2-I;16-True] FAILED [ 60%]', '../publishablew/vision/vision/test/test_transforms.py::TestToPil::test_4_channel_ndarray_to_pil_image[RGBX] FAILED [ 95%]', 'FAILED ../publishablew/vision/vision/test/test_transforms.py::TestToPil::test_1_channel_tensor_to_pil_image[img_data1-expected_output1-L-False]', '../publishablew/vision/vision/test/test_transforms.py::TestToPil::test_4_channel_ndarray_to_pil_image[CMYK] FAILED [ 93%]', 'FAILED ../publishablew/vision/vision/test/test_transforms.py::TestToPil::test_2d_tensor_to_pil_image[img_data3-expected_output3-I-True]', 'FAILED ../publishablew/vision/vision/test/test_transforms.py::TestToPil::test_1_channel_tensor_to_pil_image[img_data1-expected_output1-L-True]', '../publishablew/vision/vision/test/test_transforms.py::TestToPil::test_3_channel_ndarray_to_pil_image[None] FAILED [ 73%]', 'FAILED ../publishablew/vision/vision/test/test_transforms.py::TestToPil::test_2_channel_tensor_to_pil_image_error', '../publishablew/vision/vision/test/test_transforms.py::TestToPil::test_2d_tensor_to_pil_image[img_data1-expected_output1-L-False] FAILED [ 42%]', 'FAILED ../publishablew/vision/vision/test/test_transforms.py::TestToPil::test_1_channel_ndarray_to_pil_image[img_data3-I-False]', '../publishablew/vision/vision/test/test_transforms.py::TestToPil::test_2d_ndarray_to_pil_image[img_data3-I-False] FAILED [ 62%]', 'FAILED ../publishablew/vision/vision/test/test_transforms.py::TestToPil::test_2_channel_ndarray_to_pil_image[None]', '../publishablew/vision/vision/test/test_transforms.py::TestToPil::test_2_channel_ndarray_to_pil_image[None] FAILED [ 29%]', 'FAILED ../publishablew/vision/vision/test/test_transforms.py::TestToPil::test_2d_ndarray_to_pil_image[img_data3-I-True]', 'FAILED ../publishablew/vision/vision/test/test_transforms.py::TestToPil::test_tensor_bad_types_to_pil_image', '../publishablew/vision/vision/test/test_transforms.py::TestToPil::test_1_channel_ndarray_to_pil_image[img_data1-L-False] FAILED [ 19%]', '../publishablew/vision/vision/test/test_transforms.py::TestToPil::test_1_channel_ndarray_to_pil_image[img_data2-I;16-True] FAILED [ 24%]', 'FAILED ../publishablew/vision/vision/test/test_transforms.py::TestToPil::test_1_channel_ndarray_to_pil_image[img_data1-L-True]', 'FAILED ../publishablew/vision/vision/test/test_transforms.py::TestToPil::test_4_channel_ndarray_to_pil_image_error', '../publishablew/vision/vision/test/test_transforms.py::TestToPil::test_1_channel_tensor_to_pil_image[img_data2-expected_output2-I;16-True] FAILED [  9%]', 'FAILED ../publishablew/vision/vision/test/test_transforms.py::TestToPil::test_2_channel_tensor_to_pil_image[None]', 'FAILED ../publishablew/vision/vision/test/test_transforms.py::TestToPil::test_1_channel_tensor_to_pil_image[img_data0-expected_output0-L-True]', 'FAILED ../publishablew/vision/vision/test/test_transforms.py::TestToPil::test_2_channel_tensor_to_pil_image[LA]', 'FAILED ../publishablew/vision/vision/test/test_transforms.py::TestToPil::test_1_channel_tensor_to_pil_image[img_data0-expected_output0-L-False]', '../publishablew/vision/vision/test/test_transforms.py::TestToPil::test_2d_ndarray_to_pil_image[img_data1-L-False] FAILED [ 55%]', 'FAILED ../publishablew/vision/vision/test/test_transforms.py::TestToPil::test_2d_ndarray_to_pil_image[img_data0-L-False]', '../publishablew/vision/vision/test/test_transforms.py::TestToPil::test_2d_tensor_to_pil_image[img_data0-expected_output0-L-True] FAILED [ 40%]'}

All Test Cases On Generated code:
============================= test session starts ==============================
platform linux -- Python 3.11.10, pytest-8.3.4, pluggy-1.5.0 -- /local/data0/moved_data/publishablew/vision/vision/venv/bin/python3
cachedir: .pytest_cache
rootdir: /local/data0/moved_data/publishablew/vision/vision
configfile: pytest.ini
plugins: mock-3.14.0
collecting ... collected 61 items

../publishablew/vision/vision/test/test_transforms.py::TestToPil::test_1_channel_tensor_to_pil_image[img_data0-expected_output0-L-False] FAILED [  1%]
../publishablew/vision/vision/test/test_transforms.py::TestToPil::test_1_channel_tensor_to_pil_image[img_data0-expected_output0-L-True] FAILED [  3%]
../publishablew/vision/vision/test/test_transforms.py::TestToPil::test_1_channel_tensor_to_pil_image[img_data1-expected_output1-L-False] FAILED [  4%]
../publishablew/vision/vision/test/test_transforms.py::TestToPil::test_1_channel_tensor_to_pil_image[img_data1-expected_output1-L-True] FAILED [  6%]
../publishablew/vision/vision/test/test_transforms.py::TestToPil::test_1_channel_tensor_to_pil_image[img_data2-expected_output2-I;16-False] FAILED [  8%]
../publishablew/vision/vision/test/test_transforms.py::TestToPil::test_1_channel_tensor_to_pil_image[img_data2-expected_output2-I;16-True] FAILED [  9%]
../publishablew/vision/vision/test/test_transforms.py::TestToPil::test_1_channel_tensor_to_pil_image[img_data3-expected_output3-I-False] FAILED [ 11%]
../publishablew/vision/vision/test/test_transforms.py::TestToPil::test_1_channel_tensor_to_pil_image[img_data3-expected_output3-I-True] FAILED [ 13%]
../publishablew/vision/vision/test/test_transforms.py::TestToPil::test_1_channel_float_tensor_to_pil_image FAILED [ 14%]
../publishablew/vision/vision/test/test_transforms.py::TestToPil::test_1_channel_ndarray_to_pil_image[img_data0-L-False] FAILED [ 16%]
../publishablew/vision/vision/test/test_transforms.py::TestToPil::test_1_channel_ndarray_to_pil_image[img_data0-L-True] FAILED [ 18%]
../publishablew/vision/vision/test/test_transforms.py::TestToPil::test_1_channel_ndarray_to_pil_image[img_data1-L-False] FAILED [ 19%]
../publishablew/vision/vision/test/test_transforms.py::TestToPil::test_1_channel_ndarray_to_pil_image[img_data1-L-True] FAILED [ 21%]
../publishablew/vision/vision/test/test_transforms.py::TestToPil::test_1_channel_ndarray_to_pil_image[img_data2-I;16-False] FAILED [ 22%]
../publishablew/vision/vision/test/test_transforms.py::TestToPil::test_1_channel_ndarray_to_pil_image[img_data2-I;16-True] FAILED [ 24%]
../publishablew/vision/vision/test/test_transforms.py::TestToPil::test_1_channel_ndarray_to_pil_image[img_data3-I-False] FAILED [ 26%]
../publishablew/vision/vision/test/test_transforms.py::TestToPil::test_1_channel_ndarray_to_pil_image[img_data3-I-True] FAILED [ 27%]
../publishablew/vision/vision/test/test_transforms.py::TestToPil::test_2_channel_ndarray_to_pil_image[None] FAILED [ 29%]
../publishablew/vision/vision/test/test_transforms.py::TestToPil::test_2_channel_ndarray_to_pil_image[LA] FAILED [ 31%]
../publishablew/vision/vision/test/test_transforms.py::TestToPil::test_2_channel_ndarray_to_pil_image_error FAILED [ 32%]
../publishablew/vision/vision/test/test_transforms.py::TestToPil::test_2_channel_tensor_to_pil_image[None] FAILED [ 34%]
../publishablew/vision/vision/test/test_transforms.py::TestToPil::test_2_channel_tensor_to_pil_image[LA] FAILED [ 36%]
../publishablew/vision/vision/test/test_transforms.py::TestToPil::test_2_channel_tensor_to_pil_image_error FAILED [ 37%]
../publishablew/vision/vision/test/test_transforms.py::TestToPil::test_2d_tensor_to_pil_image[img_data0-expected_output0-L-False] FAILED [ 39%]
../publishablew/vision/vision/test/test_transforms.py::TestToPil::test_2d_tensor_to_pil_image[img_data0-expected_output0-L-True] FAILED [ 40%]
../publishablew/vision/vision/test/test_transforms.py::TestToPil::test_2d_tensor_to_pil_image[img_data1-expected_output1-L-False] FAILED [ 42%]
../publishablew/vision/vision/test/test_transforms.py::TestToPil::test_2d_tensor_to_pil_image[img_data1-expected_output1-L-True] FAILED [ 44%]
../publishablew/vision/vision/test/test_transforms.py::TestToPil::test_2d_tensor_to_pil_image[img_data2-expected_output2-I;16-False] FAILED [ 45%]
../publishablew/vision/vision/test/test_transforms.py::TestToPil::test_2d_tensor_to_pil_image[img_data2-expected_output2-I;16-True] FAILED [ 47%]
../publishablew/vision/vision/test/test_transforms.py::TestToPil::test_2d_tensor_to_pil_image[img_data3-expected_output3-I-False] FAILED [ 49%]
../publishablew/vision/vision/test/test_transforms.py::TestToPil::test_2d_tensor_to_pil_image[img_data3-expected_output3-I-True] FAILED [ 50%]
../publishablew/vision/vision/test/test_transforms.py::TestToPil::test_2d_ndarray_to_pil_image[img_data0-L-False] FAILED [ 52%]
../publishablew/vision/vision/test/test_transforms.py::TestToPil::test_2d_ndarray_to_pil_image[img_data0-L-True] FAILED [ 54%]
../publishablew/vision/vision/test/test_transforms.py::TestToPil::test_2d_ndarray_to_pil_image[img_data1-L-False] FAILED [ 55%]
../publishablew/vision/vision/test/test_transforms.py::TestToPil::test_2d_ndarray_to_pil_image[img_data1-L-True] FAILED [ 57%]
../publishablew/vision/vision/test/test_transforms.py::TestToPil::test_2d_ndarray_to_pil_image[img_data2-I;16-False] FAILED [ 59%]
../publishablew/vision/vision/test/test_transforms.py::TestToPil::test_2d_ndarray_to_pil_image[img_data2-I;16-True] FAILED [ 60%]
../publishablew/vision/vision/test/test_transforms.py::TestToPil::test_2d_ndarray_to_pil_image[img_data3-I-False] FAILED [ 62%]
../publishablew/vision/vision/test/test_transforms.py::TestToPil::test_2d_ndarray_to_pil_image[img_data3-I-True] FAILED [ 63%]
../publishablew/vision/vision/test/test_transforms.py::TestToPil::test_3_channel_tensor_to_pil_image[None] FAILED [ 65%]
../publishablew/vision/vision/test/test_transforms.py::TestToPil::test_3_channel_tensor_to_pil_image[RGB] FAILED [ 67%]
../publishablew/vision/vision/test/test_transforms.py::TestToPil::test_3_channel_tensor_to_pil_image[HSV] FAILED [ 68%]
../publishablew/vision/vision/test/test_transforms.py::TestToPil::test_3_channel_tensor_to_pil_image[YCbCr] FAILED [ 70%]
../publishablew/vision/vision/test/test_transforms.py::TestToPil::test_3_channel_tensor_to_pil_image_error FAILED [ 72%]
../publishablew/vision/vision/test/test_transforms.py::TestToPil::test_3_channel_ndarray_to_pil_image[None] FAILED [ 73%]
../publishablew/vision/vision/test/test_transforms.py::TestToPil::test_3_channel_ndarray_to_pil_image[RGB] FAILED [ 75%]
../publishablew/vision/vision/test/test_transforms.py::TestToPil::test_3_channel_ndarray_to_pil_image[HSV] FAILED [ 77%]
../publishablew/vision/vision/test/test_transforms.py::TestToPil::test_3_channel_ndarray_to_pil_image[YCbCr] FAILED [ 78%]
../publishablew/vision/vision/test/test_transforms.py::TestToPil::test_3_channel_ndarray_to_pil_image_error FAILED [ 80%]
../publishablew/vision/vision/test/test_transforms.py::TestToPil::test_4_channel_tensor_to_pil_image[None] FAILED [ 81%]
../publishablew/vision/vision/test/test_transforms.py::TestToPil::test_4_channel_tensor_to_pil_image[RGBA] FAILED [ 83%]
../publishablew/vision/vision/test/test_transforms.py::TestToPil::test_4_channel_tensor_to_pil_image[CMYK] FAILED [ 85%]
../publishablew/vision/vision/test/test_transforms.py::TestToPil::test_4_channel_tensor_to_pil_image[RGBX] FAILED [ 86%]
../publishablew/vision/vision/test/test_transforms.py::TestToPil::test_4_channel_tensor_to_pil_image_error FAILED [ 88%]
../publishablew/vision/vision/test/test_transforms.py::TestToPil::test_4_channel_ndarray_to_pil_image[None] FAILED [ 90%]
../publishablew/vision/vision/test/test_transforms.py::TestToPil::test_4_channel_ndarray_to_pil_image[RGBA] FAILED [ 91%]
../publishablew/vision/vision/test/test_transforms.py::TestToPil::test_4_channel_ndarray_to_pil_image[CMYK] FAILED [ 93%]
../publishablew/vision/vision/test/test_transforms.py::TestToPil::test_4_channel_ndarray_to_pil_image[RGBX] FAILED [ 95%]
../publishablew/vision/vision/test/test_transforms.py::TestToPil::test_4_channel_ndarray_to_pil_image_error FAILED [ 96%]
../publishablew/vision/vision/test/test_transforms.py::TestToPil::test_ndarray_bad_types_to_pil_image FAILED [ 98%]
../publishablew/vision/vision/test/test_transforms.py::TestToPil::test_tensor_bad_types_to_pil_image FAILED [100%]

=================================== FAILURES ===================================
_ TestToPil.test_1_channel_tensor_to_pil_image[img_data0-expected_output0-L-False] _
../publishablew/vision/vision/test/test_transforms.py:647: in test_1_channel_tensor_to_pil_image
    img = transform(img_data)
../publishablew/vision/vision/torchvision/transforms/transforms.py:190: in __call__
    pic = np.transpose(pic, (1, 2, 0))
E   NameError: name 'np' is not defined
_ TestToPil.test_1_channel_tensor_to_pil_image[img_data0-expected_output0-L-True] _
../publishablew/vision/vision/test/test_transforms.py:647: in test_1_channel_tensor_to_pil_image
    img = transform(img_data)
../publishablew/vision/vision/torchvision/transforms/transforms.py:190: in __call__
    pic = np.transpose(pic, (1, 2, 0))
E   NameError: name 'np' is not defined
_ TestToPil.test_1_channel_tensor_to_pil_image[img_data1-expected_output1-L-False] _
../publishablew/vision/vision/test/test_transforms.py:647: in test_1_channel_tensor_to_pil_image
    img = transform(img_data)
../publishablew/vision/vision/torchvision/transforms/transforms.py:190: in __call__
    pic = np.transpose(pic, (1, 2, 0))
E   NameError: name 'np' is not defined
_ TestToPil.test_1_channel_tensor_to_pil_image[img_data1-expected_output1-L-True] _
../publishablew/vision/vision/test/test_transforms.py:647: in test_1_channel_tensor_to_pil_image
    img = transform(img_data)
../publishablew/vision/vision/torchvision/transforms/transforms.py:190: in __call__
    pic = np.transpose(pic, (1, 2, 0))
E   NameError: name 'np' is not defined
_ TestToPil.test_1_channel_tensor_to_pil_image[img_data2-expected_output2-I;16-False] _
../publishablew/vision/vision/test/test_transforms.py:647: in test_1_channel_tensor_to_pil_image
    img = transform(img_data)
../publishablew/vision/vision/torchvision/transforms/transforms.py:190: in __call__
    pic = np.transpose(pic, (1, 2, 0))
E   NameError: name 'np' is not defined
_ TestToPil.test_1_channel_tensor_to_pil_image[img_data2-expected_output2-I;16-True] _
../publishablew/vision/vision/test/test_transforms.py:647: in test_1_channel_tensor_to_pil_image
    img = transform(img_data)
../publishablew/vision/vision/torchvision/transforms/transforms.py:190: in __call__
    pic = np.transpose(pic, (1, 2, 0))
E   NameError: name 'np' is not defined
_ TestToPil.test_1_channel_tensor_to_pil_image[img_data3-expected_output3-I-False] _
../publishablew/vision/vision/test/test_transforms.py:647: in test_1_channel_tensor_to_pil_image
    img = transform(img_data)
../publishablew/vision/vision/torchvision/transforms/transforms.py:190: in __call__
    pic = np.transpose(pic, (1, 2, 0))
E   NameError: name 'np' is not defined
_ TestToPil.test_1_channel_tensor_to_pil_image[img_data3-expected_output3-I-True] _
../publishablew/vision/vision/test/test_transforms.py:647: in test_1_channel_tensor_to_pil_image
    img = transform(img_data)
../publishablew/vision/vision/torchvision/transforms/transforms.py:190: in __call__
    pic = np.transpose(pic, (1, 2, 0))
E   NameError: name 'np' is not defined
______________ TestToPil.test_1_channel_float_tensor_to_pil_image ______________
../publishablew/vision/vision/test/test_transforms.py:654: in test_1_channel_float_tensor_to_pil_image
    img_F_mode = transforms.ToPILImage(mode="F")(img_data)
../publishablew/vision/vision/torchvision/transforms/transforms.py:190: in __call__
    pic = np.transpose(pic, (1, 2, 0))
E   NameError: name 'np' is not defined
_______ TestToPil.test_1_channel_ndarray_to_pil_image[img_data0-L-False] _______
../publishablew/vision/vision/test/test_transforms.py:672: in test_1_channel_ndarray_to_pil_image
    img = transform(img_data)
../publishablew/vision/vision/torchvision/transforms/transforms.py:193: in __call__
    elif not isinstance(pic, np.ndarray):
E   NameError: name 'np' is not defined
_______ TestToPil.test_1_channel_ndarray_to_pil_image[img_data0-L-True] ________
../publishablew/vision/vision/test/test_transforms.py:672: in test_1_channel_ndarray_to_pil_image
    img = transform(img_data)
../publishablew/vision/vision/torchvision/transforms/transforms.py:193: in __call__
    elif not isinstance(pic, np.ndarray):
E   NameError: name 'np' is not defined
_______ TestToPil.test_1_channel_ndarray_to_pil_image[img_data1-L-False] _______
../publishablew/vision/vision/test/test_transforms.py:672: in test_1_channel_ndarray_to_pil_image
    img = transform(img_data)
../publishablew/vision/vision/torchvision/transforms/transforms.py:193: in __call__
    elif not isinstance(pic, np.ndarray):
E   NameError: name 'np' is not defined
_______ TestToPil.test_1_channel_ndarray_to_pil_image[img_data1-L-True] ________
../publishablew/vision/vision/test/test_transforms.py:672: in test_1_channel_ndarray_to_pil_image
    img = transform(img_data)
../publishablew/vision/vision/torchvision/transforms/transforms.py:193: in __call__
    elif not isinstance(pic, np.ndarray):
E   NameError: name 'np' is not defined
_____ TestToPil.test_1_channel_ndarray_to_pil_image[img_data2-I;16-False] ______
../publishablew/vision/vision/test/test_transforms.py:672: in test_1_channel_ndarray_to_pil_image
    img = transform(img_data)
../publishablew/vision/vision/torchvision/transforms/transforms.py:193: in __call__
    elif not isinstance(pic, np.ndarray):
E   NameError: name 'np' is not defined
______ TestToPil.test_1_channel_ndarray_to_pil_image[img_data2-I;16-True] ______
../publishablew/vision/vision/test/test_transforms.py:672: in test_1_channel_ndarray_to_pil_image
    img = transform(img_data)
../publishablew/vision/vision/torchvision/transforms/transforms.py:193: in __call__
    elif not isinstance(pic, np.ndarray):
E   NameError: name 'np' is not defined
_______ TestToPil.test_1_channel_ndarray_to_pil_image[img_data3-I-False] _______
../publishablew/vision/vision/test/test_transforms.py:672: in test_1_channel_ndarray_to_pil_image
    img = transform(img_data)
../publishablew/vision/vision/torchvision/transforms/transforms.py:193: in __call__
    elif not isinstance(pic, np.ndarray):
E   NameError: name 'np' is not defined
_______ TestToPil.test_1_channel_ndarray_to_pil_image[img_data3-I-True] ________
../publishablew/vision/vision/test/test_transforms.py:672: in test_1_channel_ndarray_to_pil_image
    img = transform(img_data)
../publishablew/vision/vision/torchvision/transforms/transforms.py:193: in __call__
    elif not isinstance(pic, np.ndarray):
E   NameError: name 'np' is not defined
_____________ TestToPil.test_2_channel_ndarray_to_pil_image[None] ______________
../publishablew/vision/vision/test/test_transforms.py:685: in test_2_channel_ndarray_to_pil_image
    img = transforms.ToPILImage()(img_data)
../publishablew/vision/vision/torchvision/transforms/transforms.py:193: in __call__
    elif not isinstance(pic, np.ndarray):
E   NameError: name 'np' is not defined
______________ TestToPil.test_2_channel_ndarray_to_pil_image[LA] _______________
../publishablew/vision/vision/test/test_transforms.py:688: in test_2_channel_ndarray_to_pil_image
    img = transforms.ToPILImage(mode=expected_mode)(img_data)
../publishablew/vision/vision/torchvision/transforms/transforms.py:193: in __call__
    elif not isinstance(pic, np.ndarray):
E   NameError: name 'np' is not defined
_____________ TestToPil.test_2_channel_ndarray_to_pil_image_error ______________
../publishablew/vision/vision/test/test_transforms.py:700: in test_2_channel_ndarray_to_pil_image_error
    transforms.ToPILImage(mode="RGBA")(img_data)
../publishablew/vision/vision/torchvision/transforms/transforms.py:193: in __call__
    elif not isinstance(pic, np.ndarray):
E   NameError: name 'np' is not defined
______________ TestToPil.test_2_channel_tensor_to_pil_image[None] ______________
../publishablew/vision/vision/test/test_transforms.py:711: in test_2_channel_tensor_to_pil_image
    img = transforms.ToPILImage()(img_data)
../publishablew/vision/vision/torchvision/transforms/transforms.py:190: in __call__
    pic = np.transpose(pic, (1, 2, 0))
E   NameError: name 'np' is not defined
_______________ TestToPil.test_2_channel_tensor_to_pil_image[LA] _______________
../publishablew/vision/vision/test/test_transforms.py:714: in test_2_channel_tensor_to_pil_image
    img = transforms.ToPILImage(mode=expected_mode)(img_data)
../publishablew/vision/vision/torchvision/transforms/transforms.py:190: in __call__
    pic = np.transpose(pic, (1, 2, 0))
E   NameError: name 'np' is not defined
______________ TestToPil.test_2_channel_tensor_to_pil_image_error ______________
../publishablew/vision/vision/test/test_transforms.py:726: in test_2_channel_tensor_to_pil_image_error
    transforms.ToPILImage(mode="RGBA")(img_data)
../publishablew/vision/vision/torchvision/transforms/transforms.py:190: in __call__
    pic = np.transpose(pic, (1, 2, 0))
E   NameError: name 'np' is not defined
__ TestToPil.test_2d_tensor_to_pil_image[img_data0-expected_output0-L-False] ___
../publishablew/vision/vision/test/test_transforms.py:738: in test_2d_tensor_to_pil_image
    img = transform(img_data)
../publishablew/vision/vision/torchvision/transforms/transforms.py:195: in __call__
    if isinstance(pic, np.ndarray):
E   NameError: name 'np' is not defined
___ TestToPil.test_2d_tensor_to_pil_image[img_data0-expected_output0-L-True] ___
../publishablew/vision/vision/test/test_transforms.py:738: in test_2d_tensor_to_pil_image
    img = transform(img_data)
../publishablew/vision/vision/torchvision/transforms/transforms.py:195: in __call__
    if isinstance(pic, np.ndarray):
E   NameError: name 'np' is not defined
__ TestToPil.test_2d_tensor_to_pil_image[img_data1-expected_output1-L-False] ___
../publishablew/vision/vision/test/test_transforms.py:738: in test_2d_tensor_to_pil_image
    img = transform(img_data)
../publishablew/vision/vision/torchvision/transforms/transforms.py:195: in __call__
    if isinstance(pic, np.ndarray):
E   NameError: name 'np' is not defined
___ TestToPil.test_2d_tensor_to_pil_image[img_data1-expected_output1-L-True] ___
../publishablew/vision/vision/test/test_transforms.py:738: in test_2d_tensor_to_pil_image
    img = transform(img_data)
../publishablew/vision/vision/torchvision/transforms/transforms.py:195: in __call__
    if isinstance(pic, np.ndarray):
E   NameError: name 'np' is not defined
_ TestToPil.test_2d_tensor_to_pil_image[img_data2-expected_output2-I;16-False] _
../publishablew/vision/vision/test/test_transforms.py:738: in test_2d_tensor_to_pil_image
    img = transform(img_data)
../publishablew/vision/vision/torchvision/transforms/transforms.py:195: in __call__
    if isinstance(pic, np.ndarray):
E   NameError: name 'np' is not defined
_ TestToPil.test_2d_tensor_to_pil_image[img_data2-expected_output2-I;16-True] __
../publishablew/vision/vision/test/test_transforms.py:738: in test_2d_tensor_to_pil_image
    img = transform(img_data)
../publishablew/vision/vision/torchvision/transforms/transforms.py:195: in __call__
    if isinstance(pic, np.ndarray):
E   NameError: name 'np' is not defined
__ TestToPil.test_2d_tensor_to_pil_image[img_data3-expected_output3-I-False] ___
../publishablew/vision/vision/test/test_transforms.py:738: in test_2d_tensor_to_pil_image
    img = transform(img_data)
../publishablew/vision/vision/torchvision/transforms/transforms.py:195: in __call__
    if isinstance(pic, np.ndarray):
E   NameError: name 'np' is not defined
___ TestToPil.test_2d_tensor_to_pil_image[img_data3-expected_output3-I-True] ___
../publishablew/vision/vision/test/test_transforms.py:738: in test_2d_tensor_to_pil_image
    img = transform(img_data)
../publishablew/vision/vision/torchvision/transforms/transforms.py:195: in __call__
    if isinstance(pic, np.ndarray):
E   NameError: name 'np' is not defined
__________ TestToPil.test_2d_ndarray_to_pil_image[img_data0-L-False] ___________
../publishablew/vision/vision/test/test_transforms.py:754: in test_2d_ndarray_to_pil_image
    img = transform(img_data)
../publishablew/vision/vision/torchvision/transforms/transforms.py:193: in __call__
    elif not isinstance(pic, np.ndarray):
E   NameError: name 'np' is not defined
___________ TestToPil.test_2d_ndarray_to_pil_image[img_data0-L-True] ___________
../publishablew/vision/vision/test/test_transforms.py:754: in test_2d_ndarray_to_pil_image
    img = transform(img_data)
../publishablew/vision/vision/torchvision/transforms/transforms.py:193: in __call__
    elif not isinstance(pic, np.ndarray):
E   NameError: name 'np' is not defined
__________ TestToPil.test_2d_ndarray_to_pil_image[img_data1-L-False] ___________
../publishablew/vision/vision/test/test_transforms.py:754: in test_2d_ndarray_to_pil_image
    img = transform(img_data)
../publishablew/vision/vision/torchvision/transforms/transforms.py:193: in __call__
    elif not isinstance(pic, np.ndarray):
E   NameError: name 'np' is not defined
___________ TestToPil.test_2d_ndarray_to_pil_image[img_data1-L-True] ___________
../publishablew/vision/vision/test/test_transforms.py:754: in test_2d_ndarray_to_pil_image
    img = transform(img_data)
../publishablew/vision/vision/torchvision/transforms/transforms.py:193: in __call__
    elif not isinstance(pic, np.ndarray):
E   NameError: name 'np' is not defined
_________ TestToPil.test_2d_ndarray_to_pil_image[img_data2-I;16-False] _________
../publishablew/vision/vision/test/test_transforms.py:754: in test_2d_ndarray_to_pil_image
    img = transform(img_data)
../publishablew/vision/vision/torchvision/transforms/transforms.py:193: in __call__
    elif not isinstance(pic, np.ndarray):
E   NameError: name 'np' is not defined
_________ TestToPil.test_2d_ndarray_to_pil_image[img_data2-I;16-True] __________
../publishablew/vision/vision/test/test_transforms.py:754: in test_2d_ndarray_to_pil_image
    img = transform(img_data)
../publishablew/vision/vision/torchvision/transforms/transforms.py:193: in __call__
    elif not isinstance(pic, np.ndarray):
E   NameError: name 'np' is not defined
__________ TestToPil.test_2d_ndarray_to_pil_image[img_data3-I-False] ___________
../publishablew/vision/vision/test/test_transforms.py:754: in test_2d_ndarray_to_pil_image
    img = transform(img_data)
../publishablew/vision/vision/torchvision/transforms/transforms.py:193: in __call__
    elif not isinstance(pic, np.ndarray):
E   NameError: name 'np' is not defined
___________ TestToPil.test_2d_ndarray_to_pil_image[img_data3-I-True] ___________
../publishablew/vision/vision/test/test_transforms.py:754: in test_2d_ndarray_to_pil_image
    img = transform(img_data)
../publishablew/vision/vision/torchvision/transforms/transforms.py:193: in __call__
    elif not isinstance(pic, np.ndarray):
E   NameError: name 'np' is not defined
______________ TestToPil.test_3_channel_tensor_to_pil_image[None] ______________
../publishablew/vision/vision/test/test_transforms.py:766: in test_3_channel_tensor_to_pil_image
    img = transforms.ToPILImage()(img_data)
../publishablew/vision/vision/torchvision/transforms/transforms.py:190: in __call__
    pic = np.transpose(pic, (1, 2, 0))
E   NameError: name 'np' is not defined
______________ TestToPil.test_3_channel_tensor_to_pil_image[RGB] _______________
../publishablew/vision/vision/test/test_transforms.py:769: in test_3_channel_tensor_to_pil_image
    img = transforms.ToPILImage(mode=expected_mode)(img_data)
../publishablew/vision/vision/torchvision/transforms/transforms.py:190: in __call__
    pic = np.transpose(pic, (1, 2, 0))
E   NameError: name 'np' is not defined
______________ TestToPil.test_3_channel_tensor_to_pil_image[HSV] _______________
../publishablew/vision/vision/test/test_transforms.py:769: in test_3_channel_tensor_to_pil_image
    img = transforms.ToPILImage(mode=expected_mode)(img_data)
../publishablew/vision/vision/torchvision/transforms/transforms.py:190: in __call__
    pic = np.transpose(pic, (1, 2, 0))
E   NameError: name 'np' is not defined
_____________ TestToPil.test_3_channel_tensor_to_pil_image[YCbCr] ______________
../publishablew/vision/vision/test/test_transforms.py:769: in test_3_channel_tensor_to_pil_image
    img = transforms.ToPILImage(mode=expected_mode)(img_data)
../publishablew/vision/vision/torchvision/transforms/transforms.py:190: in __call__
    pic = np.transpose(pic, (1, 2, 0))
E   NameError: name 'np' is not defined
______________ TestToPil.test_3_channel_tensor_to_pil_image_error ______________
../publishablew/vision/vision/test/test_transforms.py:780: in test_3_channel_tensor_to_pil_image_error
    transforms.ToPILImage(mode="RGBA")(img_data)
../publishablew/vision/vision/torchvision/transforms/transforms.py:190: in __call__
    pic = np.transpose(pic, (1, 2, 0))
E   NameError: name 'np' is not defined
_____________ TestToPil.test_3_channel_ndarray_to_pil_image[None] ______________
../publishablew/vision/vision/test/test_transforms.py:794: in test_3_channel_ndarray_to_pil_image
    img = transforms.ToPILImage()(img_data)
../publishablew/vision/vision/torchvision/transforms/transforms.py:193: in __call__
    elif not isinstance(pic, np.ndarray):
E   NameError: name 'np' is not defined
______________ TestToPil.test_3_channel_ndarray_to_pil_image[RGB] ______________
../publishablew/vision/vision/test/test_transforms.py:797: in test_3_channel_ndarray_to_pil_image
    img = transforms.ToPILImage(mode=expected_mode)(img_data)
../publishablew/vision/vision/torchvision/transforms/transforms.py:193: in __call__
    elif not isinstance(pic, np.ndarray):
E   NameError: name 'np' is not defined
______________ TestToPil.test_3_channel_ndarray_to_pil_image[HSV] ______________
../publishablew/vision/vision/test/test_transforms.py:797: in test_3_channel_ndarray_to_pil_image
    img = transforms.ToPILImage(mode=expected_mode)(img_data)
../publishablew/vision/vision/torchvision/transforms/transforms.py:193: in __call__
    elif not isinstance(pic, np.ndarray):
E   NameError: name 'np' is not defined
_____________ TestToPil.test_3_channel_ndarray_to_pil_image[YCbCr] _____________
../publishablew/vision/vision/test/test_transforms.py:797: in test_3_channel_ndarray_to_pil_image
    img = transforms.ToPILImage(mode=expected_mode)(img_data)
../publishablew/vision/vision/torchvision/transforms/transforms.py:193: in __call__
    elif not isinstance(pic, np.ndarray):
E   NameError: name 'np' is not defined
_____________ TestToPil.test_3_channel_ndarray_to_pil_image_error ______________
../publishablew/vision/vision/test/test_transforms.py:812: in test_3_channel_ndarray_to_pil_image_error
    transforms.ToPILImage(mode="RGBA")(img_data)
../publishablew/vision/vision/torchvision/transforms/transforms.py:193: in __call__
    elif not isinstance(pic, np.ndarray):
E   NameError: name 'np' is not defined
______________ TestToPil.test_4_channel_tensor_to_pil_image[None] ______________
../publishablew/vision/vision/test/test_transforms.py:824: in test_4_channel_tensor_to_pil_image
    img = transforms.ToPILImage()(img_data)
../publishablew/vision/vision/torchvision/transforms/transforms.py:190: in __call__
    pic = np.transpose(pic, (1, 2, 0))
E   NameError: name 'np' is not defined
______________ TestToPil.test_4_channel_tensor_to_pil_image[RGBA] ______________
../publishablew/vision/vision/test/test_transforms.py:827: in test_4_channel_tensor_to_pil_image
    img = transforms.ToPILImage(mode=expected_mode)(img_data)
../publishablew/vision/vision/torchvision/transforms/transforms.py:190: in __call__
    pic = np.transpose(pic, (1, 2, 0))
E   NameError: name 'np' is not defined
______________ TestToPil.test_4_channel_tensor_to_pil_image[CMYK] ______________
../publishablew/vision/vision/test/test_transforms.py:827: in test_4_channel_tensor_to_pil_image
    img = transforms.ToPILImage(mode=expected_mode)(img_data)
../publishablew/vision/vision/torchvision/transforms/transforms.py:190: in __call__
    pic = np.transpose(pic, (1, 2, 0))
E   NameError: name 'np' is not defined
______________ TestToPil.test_4_channel_tensor_to_pil_image[RGBX] ______________
../publishablew/vision/vision/test/test_transforms.py:827: in test_4_channel_tensor_to_pil_image
    img = transforms.ToPILImage(mode=expected_mode)(img_data)
../publishablew/vision/vision/torchvision/transforms/transforms.py:190: in __call__
    pic = np.transpose(pic, (1, 2, 0))
E   NameError: name 'np' is not defined
______________ TestToPil.test_4_channel_tensor_to_pil_image_error ______________
../publishablew/vision/vision/test/test_transforms.py:840: in test_4_channel_tensor_to_pil_image_error
    transforms.ToPILImage(mode="RGB")(img_data)
../publishablew/vision/vision/torchvision/transforms/transforms.py:190: in __call__
    pic = np.transpose(pic, (1, 2, 0))
E   NameError: name 'np' is not defined
_____________ TestToPil.test_4_channel_ndarray_to_pil_image[None] ______________
../publishablew/vision/vision/test/test_transforms.py:851: in test_4_channel_ndarray_to_pil_image
    img = transforms.ToPILImage()(img_data)
../publishablew/vision/vision/torchvision/transforms/transforms.py:193: in __call__
    elif not isinstance(pic, np.ndarray):
E   NameError: name 'np' is not defined
_____________ TestToPil.test_4_channel_ndarray_to_pil_image[RGBA] ______________
../publishablew/vision/vision/test/test_transforms.py:854: in test_4_channel_ndarray_to_pil_image
    img = transforms.ToPILImage(mode=expected_mode)(img_data)
../publishablew/vision/vision/torchvision/transforms/transforms.py:193: in __call__
    elif not isinstance(pic, np.ndarray):
E   NameError: name 'np' is not defined
_____________ TestToPil.test_4_channel_ndarray_to_pil_image[CMYK] ______________
../publishablew/vision/vision/test/test_transforms.py:854: in test_4_channel_ndarray_to_pil_image
    img = transforms.ToPILImage(mode=expected_mode)(img_data)
../publishablew/vision/vision/torchvision/transforms/transforms.py:193: in __call__
    elif not isinstance(pic, np.ndarray):
E   NameError: name 'np' is not defined
_____________ TestToPil.test_4_channel_ndarray_to_pil_image[RGBX] ______________
../publishablew/vision/vision/test/test_transforms.py:854: in test_4_channel_ndarray_to_pil_image
    img = transforms.ToPILImage(mode=expected_mode)(img_data)
../publishablew/vision/vision/torchvision/transforms/transforms.py:193: in __call__
    elif not isinstance(pic, np.ndarray):
E   NameError: name 'np' is not defined
_____________ TestToPil.test_4_channel_ndarray_to_pil_image_error ______________
../publishablew/vision/vision/test/test_transforms.py:866: in test_4_channel_ndarray_to_pil_image_error
    transforms.ToPILImage(mode="RGB")(img_data)
../publishablew/vision/vision/torchvision/transforms/transforms.py:193: in __call__
    elif not isinstance(pic, np.ndarray):
E   NameError: name 'np' is not defined
________________ TestToPil.test_ndarray_bad_types_to_pil_image _________________
../publishablew/vision/vision/test/test_transforms.py:876: in test_ndarray_bad_types_to_pil_image
    trans(np.ones([4, 4, 1], np.int64))
../publishablew/vision/vision/torchvision/transforms/transforms.py:193: in __call__
    elif not isinstance(pic, np.ndarray):
E   NameError: name 'np' is not defined
_________________ TestToPil.test_tensor_bad_types_to_pil_image _________________
../publishablew/vision/vision/test/test_transforms.py:889: in test_tensor_bad_types_to_pil_image
    transforms.ToPILImage()(torch.ones(1, 3, 4, 4))
../publishablew/vision/vision/torchvision/transforms/transforms.py:192: in __call__
    pic = np.transpose(pic, (0, 2, 3, 1))
E   NameError: name 'np' is not defined
=========================== short test summary info ============================
FAILED ../publishablew/vision/vision/test/test_transforms.py::TestToPil::test_1_channel_tensor_to_pil_image[img_data0-expected_output0-L-False]
FAILED ../publishablew/vision/vision/test/test_transforms.py::TestToPil::test_1_channel_tensor_to_pil_image[img_data0-expected_output0-L-True]
FAILED ../publishablew/vision/vision/test/test_transforms.py::TestToPil::test_1_channel_tensor_to_pil_image[img_data1-expected_output1-L-False]
FAILED ../publishablew/vision/vision/test/test_transforms.py::TestToPil::test_1_channel_tensor_to_pil_image[img_data1-expected_output1-L-True]
FAILED ../publishablew/vision/vision/test/test_transforms.py::TestToPil::test_1_channel_tensor_to_pil_image[img_data2-expected_output2-I;16-False]
FAILED ../publishablew/vision/vision/test/test_transforms.py::TestToPil::test_1_channel_tensor_to_pil_image[img_data2-expected_output2-I;16-True]
FAILED ../publishablew/vision/vision/test/test_transforms.py::TestToPil::test_1_channel_tensor_to_pil_image[img_data3-expected_output3-I-False]
FAILED ../publishablew/vision/vision/test/test_transforms.py::TestToPil::test_1_channel_tensor_to_pil_image[img_data3-expected_output3-I-True]
FAILED ../publishablew/vision/vision/test/test_transforms.py::TestToPil::test_1_channel_float_tensor_to_pil_image
FAILED ../publishablew/vision/vision/test/test_transforms.py::TestToPil::test_1_channel_ndarray_to_pil_image[img_data0-L-False]
FAILED ../publishablew/vision/vision/test/test_transforms.py::TestToPil::test_1_channel_ndarray_to_pil_image[img_data0-L-True]
FAILED ../publishablew/vision/vision/test/test_transforms.py::TestToPil::test_1_channel_ndarray_to_pil_image[img_data1-L-False]
FAILED ../publishablew/vision/vision/test/test_transforms.py::TestToPil::test_1_channel_ndarray_to_pil_image[img_data1-L-True]
FAILED ../publishablew/vision/vision/test/test_transforms.py::TestToPil::test_1_channel_ndarray_to_pil_image[img_data2-I;16-False]
FAILED ../publishablew/vision/vision/test/test_transforms.py::TestToPil::test_1_channel_ndarray_to_pil_image[img_data2-I;16-True]
FAILED ../publishablew/vision/vision/test/test_transforms.py::TestToPil::test_1_channel_ndarray_to_pil_image[img_data3-I-False]
FAILED ../publishablew/vision/vision/test/test_transforms.py::TestToPil::test_1_channel_ndarray_to_pil_image[img_data3-I-True]
FAILED ../publishablew/vision/vision/test/test_transforms.py::TestToPil::test_2_channel_ndarray_to_pil_image[None]
FAILED ../publishablew/vision/vision/test/test_transforms.py::TestToPil::test_2_channel_ndarray_to_pil_image[LA]
FAILED ../publishablew/vision/vision/test/test_transforms.py::TestToPil::test_2_channel_ndarray_to_pil_image_error
FAILED ../publishablew/vision/vision/test/test_transforms.py::TestToPil::test_2_channel_tensor_to_pil_image[None]
FAILED ../publishablew/vision/vision/test/test_transforms.py::TestToPil::test_2_channel_tensor_to_pil_image[LA]
FAILED ../publishablew/vision/vision/test/test_transforms.py::TestToPil::test_2_channel_tensor_to_pil_image_error
FAILED ../publishablew/vision/vision/test/test_transforms.py::TestToPil::test_2d_tensor_to_pil_image[img_data0-expected_output0-L-False]
FAILED ../publishablew/vision/vision/test/test_transforms.py::TestToPil::test_2d_tensor_to_pil_image[img_data0-expected_output0-L-True]
FAILED ../publishablew/vision/vision/test/test_transforms.py::TestToPil::test_2d_tensor_to_pil_image[img_data1-expected_output1-L-False]
FAILED ../publishablew/vision/vision/test/test_transforms.py::TestToPil::test_2d_tensor_to_pil_image[img_data1-expected_output1-L-True]
FAILED ../publishablew/vision/vision/test/test_transforms.py::TestToPil::test_2d_tensor_to_pil_image[img_data2-expected_output2-I;16-False]
FAILED ../publishablew/vision/vision/test/test_transforms.py::TestToPil::test_2d_tensor_to_pil_image[img_data2-expected_output2-I;16-True]
FAILED ../publishablew/vision/vision/test/test_transforms.py::TestToPil::test_2d_tensor_to_pil_image[img_data3-expected_output3-I-False]
FAILED ../publishablew/vision/vision/test/test_transforms.py::TestToPil::test_2d_tensor_to_pil_image[img_data3-expected_output3-I-True]
FAILED ../publishablew/vision/vision/test/test_transforms.py::TestToPil::test_2d_ndarray_to_pil_image[img_data0-L-False]
FAILED ../publishablew/vision/vision/test/test_transforms.py::TestToPil::test_2d_ndarray_to_pil_image[img_data0-L-True]
FAILED ../publishablew/vision/vision/test/test_transforms.py::TestToPil::test_2d_ndarray_to_pil_image[img_data1-L-False]
FAILED ../publishablew/vision/vision/test/test_transforms.py::TestToPil::test_2d_ndarray_to_pil_image[img_data1-L-True]
FAILED ../publishablew/vision/vision/test/test_transforms.py::TestToPil::test_2d_ndarray_to_pil_image[img_data2-I;16-False]
FAILED ../publishablew/vision/vision/test/test_transforms.py::TestToPil::test_2d_ndarray_to_pil_image[img_data2-I;16-True]
FAILED ../publishablew/vision/vision/test/test_transforms.py::TestToPil::test_2d_ndarray_to_pil_image[img_data3-I-False]
FAILED ../publishablew/vision/vision/test/test_transforms.py::TestToPil::test_2d_ndarray_to_pil_image[img_data3-I-True]
FAILED ../publishablew/vision/vision/test/test_transforms.py::TestToPil::test_3_channel_tensor_to_pil_image[None]
FAILED ../publishablew/vision/vision/test/test_transforms.py::TestToPil::test_3_channel_tensor_to_pil_image[RGB]
FAILED ../publishablew/vision/vision/test/test_transforms.py::TestToPil::test_3_channel_tensor_to_pil_image[HSV]
FAILED ../publishablew/vision/vision/test/test_transforms.py::TestToPil::test_3_channel_tensor_to_pil_image[YCbCr]
FAILED ../publishablew/vision/vision/test/test_transforms.py::TestToPil::test_3_channel_tensor_to_pil_image_error
FAILED ../publishablew/vision/vision/test/test_transforms.py::TestToPil::test_3_channel_ndarray_to_pil_image[None]
FAILED ../publishablew/vision/vision/test/test_transforms.py::TestToPil::test_3_channel_ndarray_to_pil_image[RGB]
FAILED ../publishablew/vision/vision/test/test_transforms.py::TestToPil::test_3_channel_ndarray_to_pil_image[HSV]
FAILED ../publishablew/vision/vision/test/test_transforms.py::TestToPil::test_3_channel_ndarray_to_pil_image[YCbCr]
FAILED ../publishablew/vision/vision/test/test_transforms.py::TestToPil::test_3_channel_ndarray_to_pil_image_error
FAILED ../publishablew/vision/vision/test/test_transforms.py::TestToPil::test_4_channel_tensor_to_pil_image[None]
FAILED ../publishablew/vision/vision/test/test_transforms.py::TestToPil::test_4_channel_tensor_to_pil_image[RGBA]
FAILED ../publishablew/vision/vision/test/test_transforms.py::TestToPil::test_4_channel_tensor_to_pil_image[CMYK]
FAILED ../publishablew/vision/vision/test/test_transforms.py::TestToPil::test_4_channel_tensor_to_pil_image[RGBX]
FAILED ../publishablew/vision/vision/test/test_transforms.py::TestToPil::test_4_channel_tensor_to_pil_image_error
FAILED ../publishablew/vision/vision/test/test_transforms.py::TestToPil::test_4_channel_ndarray_to_pil_image[None]
FAILED ../publishablew/vision/vision/test/test_transforms.py::TestToPil::test_4_channel_ndarray_to_pil_image[RGBA]
FAILED ../publishablew/vision/vision/test/test_transforms.py::TestToPil::test_4_channel_ndarray_to_pil_image[CMYK]
FAILED ../publishablew/vision/vision/test/test_transforms.py::TestToPil::test_4_channel_ndarray_to_pil_image[RGBX]
FAILED ../publishablew/vision/vision/test/test_transforms.py::TestToPil::test_4_channel_ndarray_to_pil_image_error
FAILED ../publishablew/vision/vision/test/test_transforms.py::TestToPil::test_ndarray_bad_types_to_pil_image
FAILED ../publishablew/vision/vision/test/test_transforms.py::TestToPil::test_tensor_bad_types_to_pil_image
============================== 61 failed in 4.22s ==============================


Final Test Result:
============================= test session starts ==============================
platform linux -- Python 3.11.10, pytest-8.3.4, pluggy-1.5.0 -- /local/data0/moved_data/publishablew/vision/vision/venv/bin/python3
cachedir: .pytest_cache
rootdir: /local/data0/moved_data/publishablew/vision/vision
configfile: pytest.ini
plugins: mock-3.14.0
collecting ... collected 61 items

../publishablew/vision/vision/test/test_transforms.py::TestToPil::test_1_channel_tensor_to_pil_image[img_data0-expected_output0-L-False] PASSED [  1%]
../publishablew/vision/vision/test/test_transforms.py::TestToPil::test_1_channel_tensor_to_pil_image[img_data0-expected_output0-L-True] PASSED [  3%]
../publishablew/vision/vision/test/test_transforms.py::TestToPil::test_1_channel_tensor_to_pil_image[img_data1-expected_output1-L-False] PASSED [  4%]
../publishablew/vision/vision/test/test_transforms.py::TestToPil::test_1_channel_tensor_to_pil_image[img_data1-expected_output1-L-True] PASSED [  6%]
../publishablew/vision/vision/test/test_transforms.py::TestToPil::test_1_channel_tensor_to_pil_image[img_data2-expected_output2-I;16-False] PASSED [  8%]
../publishablew/vision/vision/test/test_transforms.py::TestToPil::test_1_channel_tensor_to_pil_image[img_data2-expected_output2-I;16-True] PASSED [  9%]
../publishablew/vision/vision/test/test_transforms.py::TestToPil::test_1_channel_tensor_to_pil_image[img_data3-expected_output3-I-False] PASSED [ 11%]
../publishablew/vision/vision/test/test_transforms.py::TestToPil::test_1_channel_tensor_to_pil_image[img_data3-expected_output3-I-True] PASSED [ 13%]
../publishablew/vision/vision/test/test_transforms.py::TestToPil::test_1_channel_float_tensor_to_pil_image PASSED [ 14%]
../publishablew/vision/vision/test/test_transforms.py::TestToPil::test_1_channel_ndarray_to_pil_image[img_data0-L-False] PASSED [ 16%]
../publishablew/vision/vision/test/test_transforms.py::TestToPil::test_1_channel_ndarray_to_pil_image[img_data0-L-True] PASSED [ 18%]
../publishablew/vision/vision/test/test_transforms.py::TestToPil::test_1_channel_ndarray_to_pil_image[img_data1-L-False] PASSED [ 19%]
../publishablew/vision/vision/test/test_transforms.py::TestToPil::test_1_channel_ndarray_to_pil_image[img_data1-L-True] PASSED [ 21%]
../publishablew/vision/vision/test/test_transforms.py::TestToPil::test_1_channel_ndarray_to_pil_image[img_data2-I;16-False] PASSED [ 22%]
../publishablew/vision/vision/test/test_transforms.py::TestToPil::test_1_channel_ndarray_to_pil_image[img_data2-I;16-True] PASSED [ 24%]
../publishablew/vision/vision/test/test_transforms.py::TestToPil::test_1_channel_ndarray_to_pil_image[img_data3-I-False] PASSED [ 26%]
../publishablew/vision/vision/test/test_transforms.py::TestToPil::test_1_channel_ndarray_to_pil_image[img_data3-I-True] PASSED [ 27%]
../publishablew/vision/vision/test/test_transforms.py::TestToPil::test_2_channel_ndarray_to_pil_image[None] PASSED [ 29%]
../publishablew/vision/vision/test/test_transforms.py::TestToPil::test_2_channel_ndarray_to_pil_image[LA] PASSED [ 31%]
../publishablew/vision/vision/test/test_transforms.py::TestToPil::test_2_channel_ndarray_to_pil_image_error PASSED [ 32%]
../publishablew/vision/vision/test/test_transforms.py::TestToPil::test_2_channel_tensor_to_pil_image[None] PASSED [ 34%]
../publishablew/vision/vision/test/test_transforms.py::TestToPil::test_2_channel_tensor_to_pil_image[LA] PASSED [ 36%]
../publishablew/vision/vision/test/test_transforms.py::TestToPil::test_2_channel_tensor_to_pil_image_error PASSED [ 37%]
../publishablew/vision/vision/test/test_transforms.py::TestToPil::test_2d_tensor_to_pil_image[img_data0-expected_output0-L-False] PASSED [ 39%]
../publishablew/vision/vision/test/test_transforms.py::TestToPil::test_2d_tensor_to_pil_image[img_data0-expected_output0-L-True] PASSED [ 40%]
../publishablew/vision/vision/test/test_transforms.py::TestToPil::test_2d_tensor_to_pil_image[img_data1-expected_output1-L-False] PASSED [ 42%]
../publishablew/vision/vision/test/test_transforms.py::TestToPil::test_2d_tensor_to_pil_image[img_data1-expected_output1-L-True] PASSED [ 44%]
../publishablew/vision/vision/test/test_transforms.py::TestToPil::test_2d_tensor_to_pil_image[img_data2-expected_output2-I;16-False] PASSED [ 45%]
../publishablew/vision/vision/test/test_transforms.py::TestToPil::test_2d_tensor_to_pil_image[img_data2-expected_output2-I;16-True] PASSED [ 47%]
../publishablew/vision/vision/test/test_transforms.py::TestToPil::test_2d_tensor_to_pil_image[img_data3-expected_output3-I-False] PASSED [ 49%]
../publishablew/vision/vision/test/test_transforms.py::TestToPil::test_2d_tensor_to_pil_image[img_data3-expected_output3-I-True] PASSED [ 50%]
../publishablew/vision/vision/test/test_transforms.py::TestToPil::test_2d_ndarray_to_pil_image[img_data0-L-False] PASSED [ 52%]
../publishablew/vision/vision/test/test_transforms.py::TestToPil::test_2d_ndarray_to_pil_image[img_data0-L-True] PASSED [ 54%]
../publishablew/vision/vision/test/test_transforms.py::TestToPil::test_2d_ndarray_to_pil_image[img_data1-L-False] PASSED [ 55%]
../publishablew/vision/vision/test/test_transforms.py::TestToPil::test_2d_ndarray_to_pil_image[img_data1-L-True] PASSED [ 57%]
../publishablew/vision/vision/test/test_transforms.py::TestToPil::test_2d_ndarray_to_pil_image[img_data2-I;16-False] PASSED [ 59%]
../publishablew/vision/vision/test/test_transforms.py::TestToPil::test_2d_ndarray_to_pil_image[img_data2-I;16-True] PASSED [ 60%]
../publishablew/vision/vision/test/test_transforms.py::TestToPil::test_2d_ndarray_to_pil_image[img_data3-I-False] PASSED [ 62%]
../publishablew/vision/vision/test/test_transforms.py::TestToPil::test_2d_ndarray_to_pil_image[img_data3-I-True] PASSED [ 63%]
../publishablew/vision/vision/test/test_transforms.py::TestToPil::test_3_channel_tensor_to_pil_image[None] PASSED [ 65%]
../publishablew/vision/vision/test/test_transforms.py::TestToPil::test_3_channel_tensor_to_pil_image[RGB] PASSED [ 67%]
../publishablew/vision/vision/test/test_transforms.py::TestToPil::test_3_channel_tensor_to_pil_image[HSV] PASSED [ 68%]
../publishablew/vision/vision/test/test_transforms.py::TestToPil::test_3_channel_tensor_to_pil_image[YCbCr] PASSED [ 70%]
../publishablew/vision/vision/test/test_transforms.py::TestToPil::test_3_channel_tensor_to_pil_image_error PASSED [ 72%]
../publishablew/vision/vision/test/test_transforms.py::TestToPil::test_3_channel_ndarray_to_pil_image[None] PASSED [ 73%]
../publishablew/vision/vision/test/test_transforms.py::TestToPil::test_3_channel_ndarray_to_pil_image[RGB] PASSED [ 75%]
../publishablew/vision/vision/test/test_transforms.py::TestToPil::test_3_channel_ndarray_to_pil_image[HSV] PASSED [ 77%]
../publishablew/vision/vision/test/test_transforms.py::TestToPil::test_3_channel_ndarray_to_pil_image[YCbCr] PASSED [ 78%]
../publishablew/vision/vision/test/test_transforms.py::TestToPil::test_3_channel_ndarray_to_pil_image_error PASSED [ 80%]
../publishablew/vision/vision/test/test_transforms.py::TestToPil::test_4_channel_tensor_to_pil_image[None] PASSED [ 81%]
../publishablew/vision/vision/test/test_transforms.py::TestToPil::test_4_channel_tensor_to_pil_image[RGBA] PASSED [ 83%]
../publishablew/vision/vision/test/test_transforms.py::TestToPil::test_4_channel_tensor_to_pil_image[CMYK] PASSED [ 85%]
../publishablew/vision/vision/test/test_transforms.py::TestToPil::test_4_channel_tensor_to_pil_image[RGBX] PASSED [ 86%]
../publishablew/vision/vision/test/test_transforms.py::TestToPil::test_4_channel_tensor_to_pil_image_error PASSED [ 88%]
../publishablew/vision/vision/test/test_transforms.py::TestToPil::test_4_channel_ndarray_to_pil_image[None] PASSED [ 90%]
../publishablew/vision/vision/test/test_transforms.py::TestToPil::test_4_channel_ndarray_to_pil_image[RGBA] PASSED [ 91%]
../publishablew/vision/vision/test/test_transforms.py::TestToPil::test_4_channel_ndarray_to_pil_image[CMYK] PASSED [ 93%]
../publishablew/vision/vision/test/test_transforms.py::TestToPil::test_4_channel_ndarray_to_pil_image[RGBX] PASSED [ 95%]
../publishablew/vision/vision/test/test_transforms.py::TestToPil::test_4_channel_ndarray_to_pil_image_error PASSED [ 96%]
../publishablew/vision/vision/test/test_transforms.py::TestToPil::test_ndarray_bad_types_to_pil_image PASSED [ 98%]
../publishablew/vision/vision/test/test_transforms.py::TestToPil::test_tensor_bad_types_to_pil_image PASSED [100%]

=============================== warnings summary ===============================
test/test_transforms.py::TestToPil::test_2_channel_ndarray_to_pil_image[None]
  /local/data0/moved_data/publishablew/vision/vision/venv/lib/python3.11/site-packages/torch/testing/_comparison.py:685: UserWarning: The given NumPy array is not writable, and PyTorch does not support non-writable tensors. This means writing to this tensor will result in undefined behavior. You may want to copy the array to protect its data or make it writable before converting it to a tensor. This type of warning will be suppressed for the rest of this program. (Triggered internally at ../torch/csrc/utils/tensor_numpy.cpp:206.)
    return torch.as_tensor(tensor_like)

-- Docs: https://docs.pytest.org/en/stable/how-to/capture-warnings.html
======================== 61 passed, 1 warning in 0.35s =========================


Initial Result:
============================= test session starts ==============================
platform linux -- Python 3.11.10, pytest-8.3.4, pluggy-1.5.0 -- /local/data0/moved_data/publishablew/vision/vision/venv/bin/python3
cachedir: .pytest_cache
rootdir: /local/data0/moved_data/publishablew/vision/vision
configfile: pytest.ini
plugins: mock-3.14.0
collecting ... collected 61 items

../publishablew/vision/vision/test/test_transforms.py::TestToPil::test_1_channel_tensor_to_pil_image[img_data0-expected_output0-L-False] PASSED [  1%]
../publishablew/vision/vision/test/test_transforms.py::TestToPil::test_1_channel_tensor_to_pil_image[img_data0-expected_output0-L-True] PASSED [  3%]
../publishablew/vision/vision/test/test_transforms.py::TestToPil::test_1_channel_tensor_to_pil_image[img_data1-expected_output1-L-False] PASSED [  4%]
../publishablew/vision/vision/test/test_transforms.py::TestToPil::test_1_channel_tensor_to_pil_image[img_data1-expected_output1-L-True] PASSED [  6%]
../publishablew/vision/vision/test/test_transforms.py::TestToPil::test_1_channel_tensor_to_pil_image[img_data2-expected_output2-I;16-False] PASSED [  8%]
../publishablew/vision/vision/test/test_transforms.py::TestToPil::test_1_channel_tensor_to_pil_image[img_data2-expected_output2-I;16-True] PASSED [  9%]
../publishablew/vision/vision/test/test_transforms.py::TestToPil::test_1_channel_tensor_to_pil_image[img_data3-expected_output3-I-False] PASSED [ 11%]
../publishablew/vision/vision/test/test_transforms.py::TestToPil::test_1_channel_tensor_to_pil_image[img_data3-expected_output3-I-True] PASSED [ 13%]
../publishablew/vision/vision/test/test_transforms.py::TestToPil::test_1_channel_float_tensor_to_pil_image PASSED [ 14%]
../publishablew/vision/vision/test/test_transforms.py::TestToPil::test_1_channel_ndarray_to_pil_image[img_data0-L-False] PASSED [ 16%]
../publishablew/vision/vision/test/test_transforms.py::TestToPil::test_1_channel_ndarray_to_pil_image[img_data0-L-True] PASSED [ 18%]
../publishablew/vision/vision/test/test_transforms.py::TestToPil::test_1_channel_ndarray_to_pil_image[img_data1-L-False] PASSED [ 19%]
../publishablew/vision/vision/test/test_transforms.py::TestToPil::test_1_channel_ndarray_to_pil_image[img_data1-L-True] PASSED [ 21%]
../publishablew/vision/vision/test/test_transforms.py::TestToPil::test_1_channel_ndarray_to_pil_image[img_data2-I;16-False] PASSED [ 22%]
../publishablew/vision/vision/test/test_transforms.py::TestToPil::test_1_channel_ndarray_to_pil_image[img_data2-I;16-True] PASSED [ 24%]
../publishablew/vision/vision/test/test_transforms.py::TestToPil::test_1_channel_ndarray_to_pil_image[img_data3-I-False] PASSED [ 26%]
../publishablew/vision/vision/test/test_transforms.py::TestToPil::test_1_channel_ndarray_to_pil_image[img_data3-I-True] PASSED [ 27%]
../publishablew/vision/vision/test/test_transforms.py::TestToPil::test_2_channel_ndarray_to_pil_image[None] PASSED [ 29%]
../publishablew/vision/vision/test/test_transforms.py::TestToPil::test_2_channel_ndarray_to_pil_image[LA] PASSED [ 31%]
../publishablew/vision/vision/test/test_transforms.py::TestToPil::test_2_channel_ndarray_to_pil_image_error PASSED [ 32%]
../publishablew/vision/vision/test/test_transforms.py::TestToPil::test_2_channel_tensor_to_pil_image[None] PASSED [ 34%]
../publishablew/vision/vision/test/test_transforms.py::TestToPil::test_2_channel_tensor_to_pil_image[LA] PASSED [ 36%]
../publishablew/vision/vision/test/test_transforms.py::TestToPil::test_2_channel_tensor_to_pil_image_error PASSED [ 37%]
../publishablew/vision/vision/test/test_transforms.py::TestToPil::test_2d_tensor_to_pil_image[img_data0-expected_output0-L-False] PASSED [ 39%]
../publishablew/vision/vision/test/test_transforms.py::TestToPil::test_2d_tensor_to_pil_image[img_data0-expected_output0-L-True] PASSED [ 40%]
../publishablew/vision/vision/test/test_transforms.py::TestToPil::test_2d_tensor_to_pil_image[img_data1-expected_output1-L-False] PASSED [ 42%]
../publishablew/vision/vision/test/test_transforms.py::TestToPil::test_2d_tensor_to_pil_image[img_data1-expected_output1-L-True] PASSED [ 44%]
../publishablew/vision/vision/test/test_transforms.py::TestToPil::test_2d_tensor_to_pil_image[img_data2-expected_output2-I;16-False] PASSED [ 45%]
../publishablew/vision/vision/test/test_transforms.py::TestToPil::test_2d_tensor_to_pil_image[img_data2-expected_output2-I;16-True] PASSED [ 47%]
../publishablew/vision/vision/test/test_transforms.py::TestToPil::test_2d_tensor_to_pil_image[img_data3-expected_output3-I-False] PASSED [ 49%]
../publishablew/vision/vision/test/test_transforms.py::TestToPil::test_2d_tensor_to_pil_image[img_data3-expected_output3-I-True] PASSED [ 50%]
../publishablew/vision/vision/test/test_transforms.py::TestToPil::test_2d_ndarray_to_pil_image[img_data0-L-False] PASSED [ 52%]
../publishablew/vision/vision/test/test_transforms.py::TestToPil::test_2d_ndarray_to_pil_image[img_data0-L-True] PASSED [ 54%]
../publishablew/vision/vision/test/test_transforms.py::TestToPil::test_2d_ndarray_to_pil_image[img_data1-L-False] PASSED [ 55%]
../publishablew/vision/vision/test/test_transforms.py::TestToPil::test_2d_ndarray_to_pil_image[img_data1-L-True] PASSED [ 57%]
../publishablew/vision/vision/test/test_transforms.py::TestToPil::test_2d_ndarray_to_pil_image[img_data2-I;16-False] PASSED [ 59%]
../publishablew/vision/vision/test/test_transforms.py::TestToPil::test_2d_ndarray_to_pil_image[img_data2-I;16-True] PASSED [ 60%]
../publishablew/vision/vision/test/test_transforms.py::TestToPil::test_2d_ndarray_to_pil_image[img_data3-I-False] PASSED [ 62%]
../publishablew/vision/vision/test/test_transforms.py::TestToPil::test_2d_ndarray_to_pil_image[img_data3-I-True] PASSED [ 63%]
../publishablew/vision/vision/test/test_transforms.py::TestToPil::test_3_channel_tensor_to_pil_image[None] PASSED [ 65%]
../publishablew/vision/vision/test/test_transforms.py::TestToPil::test_3_channel_tensor_to_pil_image[RGB] PASSED [ 67%]
../publishablew/vision/vision/test/test_transforms.py::TestToPil::test_3_channel_tensor_to_pil_image[HSV] PASSED [ 68%]
../publishablew/vision/vision/test/test_transforms.py::TestToPil::test_3_channel_tensor_to_pil_image[YCbCr] PASSED [ 70%]
../publishablew/vision/vision/test/test_transforms.py::TestToPil::test_3_channel_tensor_to_pil_image_error PASSED [ 72%]
../publishablew/vision/vision/test/test_transforms.py::TestToPil::test_3_channel_ndarray_to_pil_image[None] PASSED [ 73%]
../publishablew/vision/vision/test/test_transforms.py::TestToPil::test_3_channel_ndarray_to_pil_image[RGB] PASSED [ 75%]
../publishablew/vision/vision/test/test_transforms.py::TestToPil::test_3_channel_ndarray_to_pil_image[HSV] PASSED [ 77%]
../publishablew/vision/vision/test/test_transforms.py::TestToPil::test_3_channel_ndarray_to_pil_image[YCbCr] PASSED [ 78%]
../publishablew/vision/vision/test/test_transforms.py::TestToPil::test_3_channel_ndarray_to_pil_image_error PASSED [ 80%]
../publishablew/vision/vision/test/test_transforms.py::TestToPil::test_4_channel_tensor_to_pil_image[None] PASSED [ 81%]
../publishablew/vision/vision/test/test_transforms.py::TestToPil::test_4_channel_tensor_to_pil_image[RGBA] PASSED [ 83%]
../publishablew/vision/vision/test/test_transforms.py::TestToPil::test_4_channel_tensor_to_pil_image[CMYK] PASSED [ 85%]
../publishablew/vision/vision/test/test_transforms.py::TestToPil::test_4_channel_tensor_to_pil_image[RGBX] PASSED [ 86%]
../publishablew/vision/vision/test/test_transforms.py::TestToPil::test_4_channel_tensor_to_pil_image_error PASSED [ 88%]
../publishablew/vision/vision/test/test_transforms.py::TestToPil::test_4_channel_ndarray_to_pil_image[None] PASSED [ 90%]
../publishablew/vision/vision/test/test_transforms.py::TestToPil::test_4_channel_ndarray_to_pil_image[RGBA] PASSED [ 91%]
../publishablew/vision/vision/test/test_transforms.py::TestToPil::test_4_channel_ndarray_to_pil_image[CMYK] PASSED [ 93%]
../publishablew/vision/vision/test/test_transforms.py::TestToPil::test_4_channel_ndarray_to_pil_image[RGBX] PASSED [ 95%]
../publishablew/vision/vision/test/test_transforms.py::TestToPil::test_4_channel_ndarray_to_pil_image_error PASSED [ 96%]
../publishablew/vision/vision/test/test_transforms.py::TestToPil::test_ndarray_bad_types_to_pil_image PASSED [ 98%]
../publishablew/vision/vision/test/test_transforms.py::TestToPil::test_tensor_bad_types_to_pil_image PASSED [100%]

=============================== warnings summary ===============================
test/test_transforms.py::TestToPil::test_2_channel_ndarray_to_pil_image[None]
  /local/data0/moved_data/publishablew/vision/vision/venv/lib/python3.11/site-packages/torch/testing/_comparison.py:685: UserWarning: The given NumPy array is not writable, and PyTorch does not support non-writable tensors. This means writing to this tensor will result in undefined behavior. You may want to copy the array to protect its data or make it writable before converting it to a tensor. This type of warning will be suppressed for the rest of this program. (Triggered internally at ../torch/csrc/utils/tensor_numpy.cpp:206.)
    return torch.as_tensor(tensor_like)

-- Docs: https://docs.pytest.org/en/stable/how-to/capture-warnings.html
======================== 61 passed, 1 warning in 2.46s =========================
